Beginning of the game
,------------------------,    ,------------------------,
|    b     b     b     b |    |     0     1     2     3|
| b     b     b     b    |    |  4     5     6     7   |
|    b     b     b     b |    |     8     9    10    11|
| .     .     .     .    |    | 12    13    14    15   |
|    .     .     .     . |    |    16    17    18    19|
| w     w     w     w    |    | 20    21    22    23   |
|    w     w     w     w |    |    24    25    26    27|
| w     w     w     w    |    | 28    29    30    31   |
'------------------------'    '------------------------'

White's turn to play.
Possible moves :
23-18
22-17
21-16
23-19
22-18
21-17
20-16

Chosen move : 
23-18
,------------------------,    ,------------------------,
|    b     b     b     b |    |     0     1     2     3|
| b     b     b     b    |    |  4     5     6     7   |
|    b     b     b     b |    |     8     9    10    11|
| .     .     .     .    |    | 12    13    14    15   |
|    .     .     w     . |    |    16    17    18    19|
| w     w     w     .    |    | 20    21    22    23   |
|    w     w     w     w |    |    24    25    26    27|
| w     w     w     w    |    | 28    29    30    31   |
'------------------------'    '------------------------'

Black's turn to play.
Possible moves :
8-12
8-13
9-14
10-15
11-15
10-14
9-13

Chosen move : 
9-14
,------------------------,    ,------------------------,
|    b     b     b     b |    |     0     1     2     3|
| b     b     b     b    |    |  4     5     6     7   |
|    b     .     b     b |    |     8     9    10    11|
| .     .     b     .    |    | 12    13    14    15   |
|    .     .     w     . |    |    16    17    18    19|
| w     w     w     .    |    | 20    21    22    23   |
|    w     w     w     w |    |    24    25    26    27|
| w     w     w     w    |    | 28    29    30    31   |
'------------------------'    '------------------------'

White's turn to play.
Possible moves :
18x9

Chosen move : 
18x9
,------------------------,    ,------------------------,
|    b     b     b     b |    |     0     1     2     3|
| b     b     b     b    |    |  4     5     6     7   |
|    b     w     b     b |    |     8     9    10    11|
| .     .     .     .    |    | 12    13    14    15   |
|    .     .     .     . |    |    16    17    18    19|
| w     w     w     .    |    | 20    21    22    23   |
|    w     w     w     w |    |    24    25    26    27|
| w     w     w     w    |    | 28    29    30    31   |
'------------------------'    '------------------------'

Black's turn to play.
Possible moves :
6x13
5x14

Chosen move : 
6x13
,------------------------,    ,------------------------,
|    b     b     b     b |    |     0     1     2     3|
| b     b     .     b    |    |  4     5     6     7   |
|    b     .     b     b |    |     8     9    10    11|
| .     b     .     .    |    | 12    13    14    15   |
|    .     .     .     . |    |    16    17    18    19|
| w     w     w     .    |    | 20    21    22    23   |
|    w     w     w     w |    |    24    25    26    27|
| w     w     w     w    |    | 28    29    30    31   |
'------------------------'    '------------------------'

White's turn to play.
Possible moves :
20-16
26-23
22-18
21-17
22-17
21-16
27-23

Chosen move : 
26-23
,------------------------,    ,------------------------,
|    b     b     b     b |    |     0     1     2     3|
| b     b     .     b    |    |  4     5     6     7   |
|    b     .     b     b |    |     8     9    10    11|
| .     b     .     .    |    | 12    13    14    15   |
|    .     .     .     . |    |    16    17    18    19|
| w     w     w     w    |    | 20    21    22    23   |
|    w     w     .     w |    |    24    25    26    27|
| w     w     w     w    |    | 28    29    30    31   |
'------------------------'    '------------------------'

Black's turn to play.
Possible moves :
1-6
5-9
2-6
10-15
11-15
8-12
13-16
13-17
10-14

Chosen move : 
10-15
,------------------------,    ,------------------------,
|    b     b     b     b |    |     0     1     2     3|
| b     b     .     b    |    |  4     5     6     7   |
|    b     .     .     b |    |     8     9    10    11|
| .     b     .     b    |    | 12    13    14    15   |
|    .     .     .     . |    |    16    17    18    19|
| w     w     w     w    |    | 20    21    22    23   |
|    w     w     .     w |    |    24    25    26    27|
| w     w     w     w    |    | 28    29    30    31   |
'------------------------'    '------------------------'

White's turn to play.
Possible moves :
22-17
21-17
23-19
22-18
31-26
30-26
21-16
23-18
20-16

Chosen move : 
22-17
,------------------------,    ,------------------------,
|    b     b     b     b |    |     0     1     2     3|
| b     b     .     b    |    |  4     5     6     7   |
|    b     .     .     b |    |     8     9    10    11|
| .     b     .     b    |    | 12    13    14    15   |
|    .     w     .     . |    |    16    17    18    19|
| w     w     .     w    |    | 20    21    22    23   |
|    w     w     .     w |    |    24    25    26    27|
| w     w     w     w    |    | 28    29    30    31   |
'------------------------'    '------------------------'

Black's turn to play.
Possible moves :
13x22

Chosen move : 
13x22
,------------------------,    ,------------------------,
|    b     b     b     b |    |     0     1     2     3|
| b     b     .     b    |    |  4     5     6     7   |
|    b     .     .     b |    |     8     9    10    11|
| .     .     .     b    |    | 12    13    14    15   |
|    .     .     .     . |    |    16    17    18    19|
| w     w     b     w    |    | 20    21    22    23   |
|    w     w     .     w |    |    24    25    26    27|
| w     w     w     w    |    | 28    29    30    31   |
'------------------------'    '------------------------'

White's turn to play.
Possible moves :
25x18

Chosen move : 
25x18
,------------------------,    ,------------------------,
|    b     b     b     b |    |     0     1     2     3|
| b     b     .     b    |    |  4     5     6     7   |
|    b     .     .     b |    |     8     9    10    11|
| .     .     .     b    |    | 12    13    14    15   |
|    .     .     w     . |    |    16    17    18    19|
| w     w     .     w    |    | 20    21    22    23   |
|    w     .     .     w |    |    24    25    26    27|
| w     w     w     w    |    | 28    29    30    31   |
'------------------------'    '------------------------'

Black's turn to play.
Possible moves :
15x22

Chosen move : 
15x22
,------------------------,    ,------------------------,
|    b     b     b     b |    |     0     1     2     3|
| b     b     .     b    |    |  4     5     6     7   |
|    b     .     .     b |    |     8     9    10    11|
| .     .     .     .    |    | 12    13    14    15   |
|    .     .     .     . |    |    16    17    18    19|
| w     w     b     w    |    | 20    21    22    23   |
|    w     .     .     w |    |    24    25    26    27|
| w     w     w     w    |    | 28    29    30    31   |
'------------------------'    '------------------------'

White's turn to play.
Possible moves :
30-25
30-26
29-25
31-26
21-16
23-18
21-17
23-19
20-16

Chosen move : 
30-25
,------------------------,    ,------------------------,
|    b     b     b     b |    |     0     1     2     3|
| b     b     .     b    |    |  4     5     6     7   |
|    b     .     .     b |    |     8     9    10    11|
| .     .     .     .    |    | 12    13    14    15   |
|    .     .     .     . |    |    16    17    18    19|
| w     w     b     w    |    | 20    21    22    23   |
|    w     w     .     w |    |    24    25    26    27|
| w     w     .     w    |    | 28    29    30    31   |
'------------------------'    '------------------------'

Black's turn to play.
Possible moves :
8-12
22-26
5-9
2-6
7-10
1-6
8-13
11-15

Chosen move : 
2-6
,------------------------,    ,------------------------,
|    b     b     .     b |    |     0     1     2     3|
| b     b     b     b    |    |  4     5     6     7   |
|    b     .     .     b |    |     8     9    10    11|
| .     .     .     .    |    | 12    13    14    15   |
|    .     .     .     . |    |    16    17    18    19|
| w     w     b     w    |    | 20    21    22    23   |
|    w     w     .     w |    |    24    25    26    27|
| w     w     .     w    |    | 28    29    30    31   |
'------------------------'    '------------------------'

White's turn to play.
Possible moves :
25x18

Chosen move : 
25x18
,------------------------,    ,------------------------,
|    b     b     .     b |    |     0     1     2     3|
| b     b     b     b    |    |  4     5     6     7   |
|    b     .     .     b |    |     8     9    10    11|
| .     .     .     .    |    | 12    13    14    15   |
|    .     .     w     . |    |    16    17    18    19|
| w     w     .     w    |    | 20    21    22    23   |
|    w     .     .     w |    |    24    25    26    27|
| w     w     .     w    |    | 28    29    30    31   |
'------------------------'    '------------------------'

Black's turn to play.
Possible moves :
6-10
6-9
8-13
5-9
8-12
11-15
7-10

Chosen move : 
5-9
,------------------------,    ,------------------------,
|    b     b     .     b |    |     0     1     2     3|
| b     .     b     b    |    |  4     5     6     7   |
|    b     b     .     b |    |     8     9    10    11|
| .     .     .     .    |    | 12    13    14    15   |
|    .     .     w     . |    |    16    17    18    19|
| w     w     .     w    |    | 20    21    22    23   |
|    w     .     .     w |    |    24    25    26    27|
| w     w     .     w    |    | 28    29    30    31   |
'------------------------'    '------------------------'

White's turn to play.
Possible moves :
18-14
21-17
23-19
29-25
20-16
21-16
18-15
31-26

Chosen move : 
18-15
,------------------------,    ,------------------------,
|    b     b     .     b |    |     0     1     2     3|
| b     .     b     b    |    |  4     5     6     7   |
|    b     b     .     b |    |     8     9    10    11|
| .     .     .     w    |    | 12    13    14    15   |
|    .     .     .     . |    |    16    17    18    19|
| w     w     .     w    |    | 20    21    22    23   |
|    w     .     .     w |    |    24    25    26    27|
| w     w     .     w    |    | 28    29    30    31   |
'------------------------'    '------------------------'

Black's turn to play.
Possible moves :
11x18

Chosen move : 
11x18
,------------------------,    ,------------------------,
|    b     b     .     b |    |     0     1     2     3|
| b     .     b     b    |    |  4     5     6     7   |
|    b     b     .     . |    |     8     9    10    11|
| .     .     .     .    |    | 12    13    14    15   |
|    .     .     b     . |    |    16    17    18    19|
| w     w     .     w    |    | 20    21    22    23   |
|    w     .     .     w |    |    24    25    26    27|
| w     w     .     w    |    | 28    29    30    31   |
'------------------------'    '------------------------'

White's turn to play.
Possible moves :
23x14x5x12

Chosen move : 
23x14x5x12
,------------------------,    ,------------------------,
|    b     b     .     b |    |     0     1     2     3|
| b     .     b     b    |    |  4     5     6     7   |
|    .     .     .     . |    |     8     9    10    11|
| w     .     .     .    |    | 12    13    14    15   |
|    .     .     .     . |    |    16    17    18    19|
| w     w     .     .    |    | 20    21    22    23   |
|    w     .     .     w |    |    24    25    26    27|
| w     w     .     w    |    | 28    29    30    31   |
'------------------------'    '------------------------'

Black's turn to play.
Possible moves :
7-11
7-10
4-8
0-5
1-5
6-10
6-9

Chosen move : 
4-8
,------------------------,    ,------------------------,
|    b     b     .     b |    |     0     1     2     3|
| .     .     b     b    |    |  4     5     6     7   |
|    b     .     .     . |    |     8     9    10    11|
| w     .     .     .    |    | 12    13    14    15   |
|    .     .     .     . |    |    16    17    18    19|
| w     w     .     .    |    | 20    21    22    23   |
|    w     .     .     w |    |    24    25    26    27|
| w     w     .     w    |    | 28    29    30    31   |
'------------------------'    '------------------------'

White's turn to play.
Possible moves :
12x5

Chosen move : 
12x5
,------------------------,    ,------------------------,
|    b     b     .     b |    |     0     1     2     3|
| .     w     b     b    |    |  4     5     6     7   |
|    .     .     .     . |    |     8     9    10    11|
| .     .     .     .    |    | 12    13    14    15   |
|    .     .     .     . |    |    16    17    18    19|
| w     w     .     .    |    | 20    21    22    23   |
|    w     .     .     w |    |    24    25    26    27|
| w     w     .     w    |    | 28    29    30    31   |
'------------------------'    '------------------------'

Black's turn to play.
Possible moves :
0x9
1x8

Chosen move : 
1x8
,------------------------,    ,------------------------,
|    b     .     .     b |    |     0     1     2     3|
| .     .     b     b    |    |  4     5     6     7   |
|    b     .     .     . |    |     8     9    10    11|
| .     .     .     .    |    | 12    13    14    15   |
|    .     .     .     . |    |    16    17    18    19|
| w     w     .     .    |    | 20    21    22    23   |
|    w     .     .     w |    |    24    25    26    27|
| w     w     .     w    |    | 28    29    30    31   |
'------------------------'    '------------------------'

White's turn to play.
Possible moves :
21-17
31-26
20-16
27-23
29-25
21-16

Chosen move : 
21-17
,------------------------,    ,------------------------,
|    b     .     .     b |    |     0     1     2     3|
| .     .     b     b    |    |  4     5     6     7   |
|    b     .     .     . |    |     8     9    10    11|
| .     .     .     .    |    | 12    13    14    15   |
|    .     w     .     . |    |    16    17    18    19|
| w     .     .     .    |    | 20    21    22    23   |
|    w     .     .     w |    |    24    25    26    27|
| w     w     .     w    |    | 28    29    30    31   |
'------------------------'    '------------------------'

Black's turn to play.
Possible moves :
7-11
8-12
7-10
0-5
0-4
6-9
8-13
6-10

Chosen move : 
6-10
,------------------------,    ,------------------------,
|    b     .     .     b |    |     0     1     2     3|
| .     .     .     b    |    |  4     5     6     7   |
|    b     .     b     . |    |     8     9    10    11|
| .     .     .     .    |    | 12    13    14    15   |
|    .     w     .     . |    |    16    17    18    19|
| w     .     .     .    |    | 20    21    22    23   |
|    w     .     .     w |    |    24    25    26    27|
| w     w     .     w    |    | 28    29    30    31   |
'------------------------'    '------------------------'

White's turn to play.
Possible moves :
17-13
17-14
27-23
31-26
29-25
20-16
24-21

Chosen move : 
27-23
,------------------------,    ,------------------------,
|    b     .     .     b |    |     0     1     2     3|
| .     .     .     b    |    |  4     5     6     7   |
|    b     .     b     . |    |     8     9    10    11|
| .     .     .     .    |    | 12    13    14    15   |
|    .     w     .     . |    |    16    17    18    19|
| w     .     .     w    |    | 20    21    22    23   |
|    w     .     .     . |    |    24    25    26    27|
| w     w     .     w    |    | 28    29    30    31   |
'------------------------'    '------------------------'

Black's turn to play.
Possible moves :
8-12
8-13
10-14
10-15
0-4
0-5
7-11

Chosen move : 
7-11
,------------------------,    ,------------------------,
|    b     .     .     b |    |     0     1     2     3|
| .     .     .     .    |    |  4     5     6     7   |
|    b     .     b     b |    |     8     9    10    11|
| .     .     .     .    |    | 12    13    14    15   |
|    .     w     .     . |    |    16    17    18    19|
| w     .     .     w    |    | 20    21    22    23   |
|    w     .     .     . |    |    24    25    26    27|
| w     w     .     w    |    | 28    29    30    31   |
'------------------------'    '------------------------'

White's turn to play.
Possible moves :
17-14
17-13
31-27
23-18
29-25
24-21
23-19
20-16
31-26

Chosen move : 
31-27
,------------------------,    ,------------------------,
|    b     .     .     b |    |     0     1     2     3|
| .     .     .     .    |    |  4     5     6     7   |
|    b     .     b     b |    |     8     9    10    11|
| .     .     .     .    |    | 12    13    14    15   |
|    .     w     .     . |    |    16    17    18    19|
| w     .     .     w    |    | 20    21    22    23   |
|    w     .     .     w |    |    24    25    26    27|
| w     w     .     .    |    | 28    29    30    31   |
'------------------------'    '------------------------'

Black's turn to play.
Possible moves :
0-4
8-12
10-14
11-15
8-13
10-15
0-5
3-7

Chosen move : 
0-5
,------------------------,    ,------------------------,
|    .     .     .     b |    |     0     1     2     3|
| .     b     .     .    |    |  4     5     6     7   |
|    b     .     b     b |    |     8     9    10    11|
| .     .     .     .    |    | 12    13    14    15   |
|    .     w     .     . |    |    16    17    18    19|
| w     .     .     w    |    | 20    21    22    23   |
|    w     .     .     w |    |    24    25    26    27|
| w     w     .     .    |    | 28    29    30    31   |
'------------------------'    '------------------------'

White's turn to play.
Possible moves :
23-19
29-25
24-21
20-16
23-18
17-13
17-14

Chosen move : 
23-19
,------------------------,    ,------------------------,
|    .     .     .     b |    |     0     1     2     3|
| .     b     .     .    |    |  4     5     6     7   |
|    b     .     b     b |    |     8     9    10    11|
| .     .     .     .    |    | 12    13    14    15   |
|    .     w     .     w |    |    16    17    18    19|
| w     .     .     .    |    | 20    21    22    23   |
|    w     .     .     w |    |    24    25    26    27|
| w     w     .     .    |    | 28    29    30    31   |
'------------------------'    '------------------------'

Black's turn to play.
Possible moves :
10-14
5-9
3-7
8-12
11-15
8-13
10-15

Chosen move : 
5-9
,------------------------,    ,------------------------,
|    .     .     .     b |    |     0     1     2     3|
| .     .     .     .    |    |  4     5     6     7   |
|    b     b     b     b |    |     8     9    10    11|
| .     .     .     .    |    | 12    13    14    15   |
|    .     w     .     w |    |    16    17    18    19|
| w     .     .     .    |    | 20    21    22    23   |
|    w     .     .     w |    |    24    25    26    27|
| w     w     .     .    |    | 28    29    30    31   |
'------------------------'    '------------------------'

White's turn to play.
Possible moves :
24-21
20-16
17-13
29-25
19-15
17-14
27-23

Chosen move : 
24-21
,------------------------,    ,------------------------,
|    .     .     .     b |    |     0     1     2     3|
| .     .     .     .    |    |  4     5     6     7   |
|    b     b     b     b |    |     8     9    10    11|
| .     .     .     .    |    | 12    13    14    15   |
|    .     w     .     w |    |    16    17    18    19|
| w     w     .     .    |    | 20    21    22    23   |
|    .     .     .     w |    |    24    25    26    27|
| w     w     .     .    |    | 28    29    30    31   |
'------------------------'    '------------------------'

Black's turn to play.
Possible moves :
8-12
9-14
11-15
10-14
3-7
8-13
9-13
10-15

Chosen move : 
11-15
,------------------------,    ,------------------------,
|    .     .     .     b |    |     0     1     2     3|
| .     .     .     .    |    |  4     5     6     7   |
|    b     b     b     . |    |     8     9    10    11|
| .     .     .     b    |    | 12    13    14    15   |
|    .     w     .     w |    |    16    17    18    19|
| w     w     .     .    |    | 20    21    22    23   |
|    .     .     .     w |    |    24    25    26    27|
| w     w     .     .    |    | 28    29    30    31   |
'------------------------'    '------------------------'

White's turn to play.
Possible moves :
29-24
29-25
20-16
27-23
28-24
21-16
17-13
17-14

Chosen move : 
29-24
,------------------------,    ,------------------------,
|    .     .     .     b |    |     0     1     2     3|
| .     .     .     .    |    |  4     5     6     7   |
|    b     b     b     . |    |     8     9    10    11|
| .     .     .     b    |    | 12    13    14    15   |
|    .     w     .     w |    |    16    17    18    19|
| w     w     .     .    |    | 20    21    22    23   |
|    w     .     .     w |    |    24    25    26    27|
| w     .     .     .    |    | 28    29    30    31   |
'------------------------'    '------------------------'

Black's turn to play.
Possible moves :
8-13
9-13
10-14
8-12
3-7
15-18
9-14

Chosen move : 
3-7
,------------------------,    ,------------------------,
|    .     .     .     . |    |     0     1     2     3|
| .     .     .     b    |    |  4     5     6     7   |
|    b     b     b     . |    |     8     9    10    11|
| .     .     .     b    |    | 12    13    14    15   |
|    .     w     .     w |    |    16    17    18    19|
| w     w     .     .    |    | 20    21    22    23   |
|    w     .     .     w |    |    24    25    26    27|
| w     .     .     .    |    | 28    29    30    31   |
'------------------------'    '------------------------'

White's turn to play.
Possible moves :
21-16
20-16
17-14
17-13
27-23

Chosen move : 
21-16
,------------------------,    ,------------------------,
|    .     .     .     . |    |     0     1     2     3|
| .     .     .     b    |    |  4     5     6     7   |
|    b     b     b     . |    |     8     9    10    11|
| .     .     .     b    |    | 12    13    14    15   |
|    w     w     .     w |    |    16    17    18    19|
| w     .     .     .    |    | 20    21    22    23   |
|    w     .     .     w |    |    24    25    26    27|
| w     .     .     .    |    | 28    29    30    31   |
'------------------------'    '------------------------'

Black's turn to play.
Possible moves :
8-13
7-11
10-14
9-14
15-18
8-12
9-13

Chosen move : 
15-18
,------------------------,    ,------------------------,
|    .     .     .     . |    |     0     1     2     3|
| .     .     .     b    |    |  4     5     6     7   |
|    b     b     b     . |    |     8     9    10    11|
| .     .     .     .    |    | 12    13    14    15   |
|    w     w     b     w |    |    16    17    18    19|
| w     .     .     .    |    | 20    21    22    23   |
|    w     .     .     w |    |    24    25    26    27|
| w     .     .     .    |    | 28    29    30    31   |
'------------------------'    '------------------------'

White's turn to play.
Possible moves :
17-13
24-21
27-23
16-12
17-14
16-13
19-15

Chosen move : 
16-12
,------------------------,    ,------------------------,
|    .     .     .     . |    |     0     1     2     3|
| .     .     .     b    |    |  4     5     6     7   |
|    b     b     b     . |    |     8     9    10    11|
| w     .     .     .    |    | 12    13    14    15   |
|    .     w     b     w |    |    16    17    18    19|
| w     .     .     .    |    | 20    21    22    23   |
|    w     .     .     w |    |    24    25    26    27|
| w     .     .     .    |    | 28    29    30    31   |
'------------------------'    '------------------------'

Black's turn to play.
Possible moves :
10-14
18-23
8-13
9-14
10-15
7-11
18-22
9-13

Chosen move : 
9-13
,------------------------,    ,------------------------,
|    .     .     .     . |    |     0     1     2     3|
| .     .     .     b    |    |  4     5     6     7   |
|    b     .     b     . |    |     8     9    10    11|
| w     b     .     .    |    | 12    13    14    15   |
|    .     w     b     w |    |    16    17    18    19|
| w     .     .     .    |    | 20    21    22    23   |
|    w     .     .     w |    |    24    25    26    27|
| w     .     .     .    |    | 28    29    30    31   |
'------------------------'    '------------------------'

White's turn to play.
Possible moves :
12x5

Chosen move : 
12x5
,------------------------,    ,------------------------,
|    .     .     .     . |    |     0     1     2     3|
| .     w     .     b    |    |  4     5     6     7   |
|    .     .     b     . |    |     8     9    10    11|
| .     b     .     .    |    | 12    13    14    15   |
|    .     w     b     w |    |    16    17    18    19|
| w     .     .     .    |    | 20    21    22    23   |
|    w     .     .     w |    |    24    25    26    27|
| w     .     .     .    |    | 28    29    30    31   |
'------------------------'    '------------------------'

Black's turn to play.
Possible moves :
13x22

Chosen move : 
13x22
,------------------------,    ,------------------------,
|    .     .     .     . |    |     0     1     2     3|
| .     w     .     b    |    |  4     5     6     7   |
|    .     .     b     . |    |     8     9    10    11|
| .     .     .     .    |    | 12    13    14    15   |
|    .     .     b     w |    |    16    17    18    19|
| w     .     b     .    |    | 20    21    22    23   |
|    w     .     .     w |    |    24    25    26    27|
| w     .     .     .    |    | 28    29    30    31   |
'------------------------'    '------------------------'

White's turn to play.
Possible moves :
5-0
27-23
20-16
19-15
24-21
5-1

Chosen move : 
5-0
,------------------------,    ,------------------------,
|    W     .     .     . |    |     0     1     2     3|
| .     .     .     b    |    |  4     5     6     7   |
|    .     .     b     . |    |     8     9    10    11|
| .     .     .     .    |    | 12    13    14    15   |
|    .     .     b     w |    |    16    17    18    19|
| w     .     b     .    |    | 20    21    22    23   |
|    w     .     .     w |    |    24    25    26    27|
| w     .     .     .    |    | 28    29    30    31   |
'------------------------'    '------------------------'

Black's turn to play.
Possible moves :
22-25
10-14
18-23
7-11
10-15
22-26

Chosen move : 
22-25
,------------------------,    ,------------------------,
|    W     .     .     . |    |     0     1     2     3|
| .     .     .     b    |    |  4     5     6     7   |
|    .     .     b     . |    |     8     9    10    11|
| .     .     .     .    |    | 12    13    14    15   |
|    .     .     b     w |    |    16    17    18    19|
| w     .     .     .    |    | 20    21    22    23   |
|    w     b     .     w |    |    24    25    26    27|
| w     .     .     .    |    | 28    29    30    31   |
'------------------------'    '------------------------'

White's turn to play.
Possible moves :
20-16
24-21
19-15
0-4
27-23
0-5

Chosen move : 
20-16
,------------------------,    ,------------------------,
|    W     .     .     . |    |     0     1     2     3|
| .     .     .     b    |    |  4     5     6     7   |
|    .     .     b     . |    |     8     9    10    11|
| .     .     .     .    |    | 12    13    14    15   |
|    w     .     b     w |    |    16    17    18    19|
| .     .     .     .    |    | 20    21    22    23   |
|    w     b     .     w |    |    24    25    26    27|
| w     .     .     .    |    | 28    29    30    31   |
'------------------------'    '------------------------'

Black's turn to play.
Possible moves :
25-29
25-30
10-14
7-11
18-22
10-15
18-23

Chosen move : 
25-29
,------------------------,    ,------------------------,
|    W     .     .     . |    |     0     1     2     3|
| .     .     .     b    |    |  4     5     6     7   |
|    .     .     b     . |    |     8     9    10    11|
| .     .     .     .    |    | 12    13    14    15   |
|    w     .     b     w |    |    16    17    18    19|
| .     .     .     .    |    | 20    21    22    23   |
|    w     .     .     w |    |    24    25    26    27|
| w     B     .     .    |    | 28    29    30    31   |
'------------------------'    '------------------------'

White's turn to play.
Possible moves :
16-13
19-15
27-23
24-20
24-21
0-5
0-4
16-12

Chosen move : 
24-20
,------------------------,    ,------------------------,
|    W     .     .     . |    |     0     1     2     3|
| .     .     .     b    |    |  4     5     6     7   |
|    .     .     b     . |    |     8     9    10    11|
| .     .     .     .    |    | 12    13    14    15   |
|    w     .     b     w |    |    16    17    18    19|
| w     .     .     .    |    | 20    21    22    23   |
|    .     .     .     w |    |    24    25    26    27|
| w     B     .     .    |    | 28    29    30    31   |
'------------------------'    '------------------------'

Black's turn to play.
Possible moves :
18-22
29-24
10-14
18-23
7-11
29-25
10-15

Chosen move : 
18-22
,------------------------,    ,------------------------,
|    W     .     .     . |    |     0     1     2     3|
| .     .     .     b    |    |  4     5     6     7   |
|    .     .     b     . |    |     8     9    10    11|
| .     .     .     .    |    | 12    13    14    15   |
|    w     .     .     w |    |    16    17    18    19|
| w     .     b     .    |    | 20    21    22    23   |
|    .     .     .     w |    |    24    25    26    27|
| w     B     .     .    |    | 28    29    30    31   |
'------------------------'    '------------------------'

White's turn to play.
Possible moves :
0-5
28-24
0-4
19-15
16-12
16-13
27-23

Chosen move : 
0-5
,------------------------,    ,------------------------,
|    .     .     .     . |    |     0     1     2     3|
| .     W     .     b    |    |  4     5     6     7   |
|    .     .     b     . |    |     8     9    10    11|
| .     .     .     .    |    | 12    13    14    15   |
|    w     .     .     w |    |    16    17    18    19|
| w     .     b     .    |    | 20    21    22    23   |
|    .     .     .     w |    |    24    25    26    27|
| w     B     .     .    |    | 28    29    30    31   |
'------------------------'    '------------------------'

Black's turn to play.
Possible moves :
22-25
22-26
29-25
10-15
29-24
10-14
7-11

Chosen move : 
29-25
,------------------------,    ,------------------------,
|    .     .     .     . |    |     0     1     2     3|
| .     W     .     b    |    |  4     5     6     7   |
|    .     .     b     . |    |     8     9    10    11|
| .     .     .     .    |    | 12    13    14    15   |
|    w     .     .     w |    |    16    17    18    19|
| w     .     b     .    |    | 20    21    22    23   |
|    .     B     .     w |    |    24    25    26    27|
| w     .     .     .    |    | 28    29    30    31   |
'------------------------'    '------------------------'

White's turn to play.
Possible moves :
19-15
16-12
28-24
16-13
5-9
27-23
5-0
5-8
5-1

Chosen move : 
16-12
,------------------------,    ,------------------------,
|    .     .     .     . |    |     0     1     2     3|
| .     W     .     b    |    |  4     5     6     7   |
|    .     .     b     . |    |     8     9    10    11|
| w     .     .     .    |    | 12    13    14    15   |
|    .     .     .     w |    |    16    17    18    19|
| w     .     b     .    |    | 20    21    22    23   |
|    .     B     .     w |    |    24    25    26    27|
| w     .     .     .    |    | 28    29    30    31   |
'------------------------'    '------------------------'

Black's turn to play.
Possible moves :
10-15
25-30
22-26
7-11
25-29
25-21
10-14

Chosen move : 
10-15
,------------------------,    ,------------------------,
|    .     .     .     . |    |     0     1     2     3|
| .     W     .     b    |    |  4     5     6     7   |
|    .     .     .     . |    |     8     9    10    11|
| w     .     .     b    |    | 12    13    14    15   |
|    .     .     .     w |    |    16    17    18    19|
| w     .     b     .    |    | 20    21    22    23   |
|    .     B     .     w |    |    24    25    26    27|
| w     .     .     .    |    | 28    29    30    31   |
'------------------------'    '------------------------'

White's turn to play.
Possible moves :
19x10x3

Chosen move : 
19x10x3
,------------------------,    ,------------------------,
|    .     .     .     W |    |     0     1     2     3|
| .     W     .     .    |    |  4     5     6     7   |
|    .     .     .     . |    |     8     9    10    11|
| w     .     .     .    |    | 12    13    14    15   |
|    .     .     .     . |    |    16    17    18    19|
| w     .     b     .    |    | 20    21    22    23   |
|    .     B     .     w |    |    24    25    26    27|
| w     .     .     .    |    | 28    29    30    31   |
'------------------------'    '------------------------'

Black's turn to play.
Possible moves :
25-30
22-26
25-21
25-29

Chosen move : 
22-26
,------------------------,    ,------------------------,
|    .     .     .     W |    |     0     1     2     3|
| .     W     .     .    |    |  4     5     6     7   |
|    .     .     .     . |    |     8     9    10    11|
| w     .     .     .    |    | 12    13    14    15   |
|    .     .     .     . |    |    16    17    18    19|
| w     .     .     .    |    | 20    21    22    23   |
|    .     B     b     w |    |    24    25    26    27|
| w     .     .     .    |    | 28    29    30    31   |
'------------------------'    '------------------------'

White's turn to play.
Possible moves :
5-8
12-8
27-23
3-7
20-16
5-0
28-24
5-9
5-1

Chosen move : 
5-8
,------------------------,    ,------------------------,
|    .     .     .     W |    |     0     1     2     3|
| .     .     .     .    |    |  4     5     6     7   |
|    W     .     .     . |    |     8     9    10    11|
| w     .     .     .    |    | 12    13    14    15   |
|    .     .     .     . |    |    16    17    18    19|
| w     .     .     .    |    | 20    21    22    23   |
|    .     B     b     w |    |    24    25    26    27|
| w     .     .     .    |    | 28    29    30    31   |
'------------------------'    '------------------------'

Black's turn to play.
Possible moves :
25-30
26-31
26-30
25-29
25-21
25-22

Chosen move : 
25-30
,------------------------,    ,------------------------,
|    .     .     .     W |    |     0     1     2     3|
| .     .     .     .    |    |  4     5     6     7   |
|    W     .     .     . |    |     8     9    10    11|
| w     .     .     .    |    | 12    13    14    15   |
|    .     .     .     . |    |    16    17    18    19|
| w     .     .     .    |    | 20    21    22    23   |
|    .     .     b     w |    |    24    25    26    27|
| w     .     B     .    |    | 28    29    30    31   |
'------------------------'    '------------------------'

White's turn to play.
Possible moves :
27-23
8-4
8-13
20-16
8-5
3-7
28-24

Chosen move : 
8-4
,------------------------,    ,------------------------,
|    .     .     .     W |    |     0     1     2     3|
| W     .     .     .    |    |  4     5     6     7   |
|    .     .     .     . |    |     8     9    10    11|
| w     .     .     .    |    | 12    13    14    15   |
|    .     .     .     . |    |    16    17    18    19|
| w     .     .     .    |    | 20    21    22    23   |
|    .     .     b     w |    |    24    25    26    27|
| w     .     B     .    |    | 28    29    30    31   |
'------------------------'    '------------------------'

Black's turn to play.
Possible moves :
26-31
30-25

Chosen move : 
26-31
,------------------------,    ,------------------------,
|    .     .     .     W |    |     0     1     2     3|
| W     .     .     .    |    |  4     5     6     7   |
|    .     .     .     . |    |     8     9    10    11|
| w     .     .     .    |    | 12    13    14    15   |
|    .     .     .     . |    |    16    17    18    19|
| w     .     .     .    |    | 20    21    22    23   |
|    .     .     .     w |    |    24    25    26    27|
| w     .     B     B    |    | 28    29    30    31   |
'------------------------'    '------------------------'

White's turn to play.
Possible moves :
4-0
27-23
12-8
4-8
20-16
3-7
28-24

Chosen move : 
4-0
,------------------------,    ,------------------------,
|    W     .     .     W |    |     0     1     2     3|
| .     .     .     .    |    |  4     5     6     7   |
|    .     .     .     . |    |     8     9    10    11|
| w     .     .     .    |    | 12    13    14    15   |
|    .     .     .     . |    |    16    17    18    19|
| w     .     .     .    |    | 20    21    22    23   |
|    .     .     .     w |    |    24    25    26    27|
| w     .     B     B    |    | 28    29    30    31   |
'------------------------'    '------------------------'

Black's turn to play.
Possible moves :
30-25
31-26
30-26

Chosen move : 
30-25
,------------------------,    ,------------------------,
|    W     .     .     W |    |     0     1     2     3|
| .     .     .     .    |    |  4     5     6     7   |
|    .     .     .     . |    |     8     9    10    11|
| w     .     .     .    |    | 12    13    14    15   |
|    .     .     .     . |    |    16    17    18    19|
| w     .     .     .    |    | 20    21    22    23   |
|    .     B     .     w |    |    24    25    26    27|
| w     .     .     B    |    | 28    29    30    31   |
'------------------------'    '------------------------'

White's turn to play.
Possible moves :
28-24
3-7
0-4
20-16
0-5
27-23
12-8

Chosen move : 
28-24
,------------------------,    ,------------------------,
|    W     .     .     W |    |     0     1     2     3|
| .     .     .     .    |    |  4     5     6     7   |
|    .     .     .     . |    |     8     9    10    11|
| w     .     .     .    |    | 12    13    14    15   |
|    .     .     .     . |    |    16    17    18    19|
| w     .     .     .    |    | 20    21    22    23   |
|    w     B     .     w |    |    24    25    26    27|
| .     .     .     B    |    | 28    29    30    31   |
'------------------------'    '------------------------'

Black's turn to play.
Possible moves :
25-22
25-30
25-29
31-26
25-21

Chosen move : 
25-22
,------------------------,    ,------------------------,
|    W     .     .     W |    |     0     1     2     3|
| .     .     .     .    |    |  4     5     6     7   |
|    .     .     .     . |    |     8     9    10    11|
| w     .     .     .    |    | 12    13    14    15   |
|    .     .     .     . |    |    16    17    18    19|
| w     .     B     .    |    | 20    21    22    23   |
|    w     .     .     w |    |    24    25    26    27|
| .     .     .     B    |    | 28    29    30    31   |
'------------------------'    '------------------------'

White's turn to play.
Possible moves :
27-23
12-8
20-16
0-4
0-5
24-21
3-7

Chosen move : 
27-23
,------------------------,    ,------------------------,
|    W     .     .     W |    |     0     1     2     3|
| .     .     .     .    |    |  4     5     6     7   |
|    .     .     .     . |    |     8     9    10    11|
| w     .     .     .    |    | 12    13    14    15   |
|    .     .     .     . |    |    16    17    18    19|
| w     .     B     w    |    | 20    21    22    23   |
|    w     .     .     . |    |    24    25    26    27|
| .     .     .     B    |    | 28    29    30    31   |
'------------------------'    '------------------------'

Black's turn to play.
Possible moves :
31-26
22-18
22-25
22-17
31-27
22-26

Chosen move : 
22-17
,------------------------,    ,------------------------,
|    W     .     .     W |    |     0     1     2     3|
| .     .     .     .    |    |  4     5     6     7   |
|    .     .     .     . |    |     8     9    10    11|
| w     .     .     .    |    | 12    13    14    15   |
|    .     B     .     . |    |    16    17    18    19|
| w     .     .     w    |    | 20    21    22    23   |
|    w     .     .     . |    |    24    25    26    27|
| .     .     .     B    |    | 28    29    30    31   |
'------------------------'    '------------------------'

White's turn to play.
Possible moves :
0-5
20-16
3-7
0-4
23-19
12-8
24-21
23-18

Chosen move : 
0-5
,------------------------,    ,------------------------,
|    .     .     .     W |    |     0     1     2     3|
| .     W     .     .    |    |  4     5     6     7   |
|    .     .     .     . |    |     8     9    10    11|
| w     .     .     .    |    | 12    13    14    15   |
|    .     B     .     . |    |    16    17    18    19|
| w     .     .     w    |    | 20    21    22    23   |
|    w     .     .     . |    |    24    25    26    27|
| .     .     .     B    |    | 28    29    30    31   |
'------------------------'    '------------------------'

Black's turn to play.
Possible moves :
17-13
31-27
31-26
17-21
17-22
17-14

Chosen move : 
17-22
,------------------------,    ,------------------------,
|    .     .     .     W |    |     0     1     2     3|
| .     W     .     .    |    |  4     5     6     7   |
|    .     .     .     . |    |     8     9    10    11|
| w     .     .     .    |    | 12    13    14    15   |
|    .     .     .     . |    |    16    17    18    19|
| w     .     B     w    |    | 20    21    22    23   |
|    w     .     .     . |    |    24    25    26    27|
| .     .     .     B    |    | 28    29    30    31   |
'------------------------'    '------------------------'

White's turn to play.
Possible moves :
5-1
3-7
12-8
5-8
24-21
20-16
23-18
5-0
5-9
23-19

Chosen move : 
5-1
,------------------------,    ,------------------------,
|    .     W     .     W |    |     0     1     2     3|
| .     .     .     .    |    |  4     5     6     7   |
|    .     .     .     . |    |     8     9    10    11|
| w     .     .     .    |    | 12    13    14    15   |
|    .     .     .     . |    |    16    17    18    19|
| w     .     B     w    |    | 20    21    22    23   |
|    w     .     .     . |    |    24    25    26    27|
| .     .     .     B    |    | 28    29    30    31   |
'------------------------'    '------------------------'

Black's turn to play.
Possible moves :
22-26
22-25
22-18
31-27
22-17
31-26

Chosen move : 
31-27
,------------------------,    ,------------------------,
|    .     W     .     W |    |     0     1     2     3|
| .     .     .     .    |    |  4     5     6     7   |
|    .     .     .     . |    |     8     9    10    11|
| w     .     .     .    |    | 12    13    14    15   |
|    .     .     .     . |    |    16    17    18    19|
| w     .     B     w    |    | 20    21    22    23   |
|    w     .     .     B |    |    24    25    26    27|
| .     .     .     .    |    | 28    29    30    31   |
'------------------------'    '------------------------'

White's turn to play.
Possible moves :
1-5
1-6
3-7
24-21
12-8
23-18
20-16
23-19

Chosen move : 
1-5
,------------------------,    ,------------------------,
|    .     .     .     W |    |     0     1     2     3|
| .     W     .     .    |    |  4     5     6     7   |
|    .     .     .     . |    |     8     9    10    11|
| w     .     .     .    |    | 12    13    14    15   |
|    .     .     .     . |    |    16    17    18    19|
| w     .     B     w    |    | 20    21    22    23   |
|    w     .     .     B |    |    24    25    26    27|
| .     .     .     .    |    | 28    29    30    31   |
'------------------------'    '------------------------'

Black's turn to play.
Possible moves :
27x18

Chosen move : 
27x18
,------------------------,    ,------------------------,
|    .     .     .     W |    |     0     1     2     3|
| .     W     .     .    |    |  4     5     6     7   |
|    .     .     .     . |    |     8     9    10    11|
| w     .     .     .    |    | 12    13    14    15   |
|    .     .     B     . |    |    16    17    18    19|
| w     .     B     .    |    | 20    21    22    23   |
|    w     .     .     . |    |    24    25    26    27|
| .     .     .     .    |    | 28    29    30    31   |
'------------------------'    '------------------------'

White's turn to play.
Possible moves :
5-1
24-21
12-8
5-9
5-0
20-16
3-7
5-8

Chosen move : 
5-1
,------------------------,    ,------------------------,
|    .     W     .     W |    |     0     1     2     3|
| .     .     .     .    |    |  4     5     6     7   |
|    .     .     .     . |    |     8     9    10    11|
| w     .     .     .    |    | 12    13    14    15   |
|    .     .     B     . |    |    16    17    18    19|
| w     .     B     .    |    | 20    21    22    23   |
|    w     .     .     . |    |    24    25    26    27|
| .     .     .     .    |    | 28    29    30    31   |
'------------------------'    '------------------------'

Black's turn to play.
Possible moves :
22-26
22-25
18-15
18-14
22-17
18-23

Chosen move : 
22-25
,------------------------,    ,------------------------,
|    .     W     .     W |    |     0     1     2     3|
| .     .     .     .    |    |  4     5     6     7   |
|    .     .     .     . |    |     8     9    10    11|
| w     .     .     .    |    | 12    13    14    15   |
|    .     .     B     . |    |    16    17    18    19|
| w     .     .     .    |    | 20    21    22    23   |
|    w     B     .     . |    |    24    25    26    27|
| .     .     .     .    |    | 28    29    30    31   |
'------------------------'    '------------------------'

White's turn to play.
Possible moves :
20-16
12-8
1-5
1-6
24-21
3-7

Chosen move : 
20-16
,------------------------,    ,------------------------,
|    .     W     .     W |    |     0     1     2     3|
| .     .     .     .    |    |  4     5     6     7   |
|    .     .     .     . |    |     8     9    10    11|
| w     .     .     .    |    | 12    13    14    15   |
|    w     .     B     . |    |    16    17    18    19|
| .     .     .     .    |    | 20    21    22    23   |
|    w     B     .     . |    |    24    25    26    27|
| .     .     .     .    |    | 28    29    30    31   |
'------------------------'    '------------------------'

Black's turn to play.
Possible moves :
25-22
18-23
18-22
18-15
18-14
25-21
25-30
25-29

Chosen move : 
18-22
,------------------------,    ,------------------------,
|    .     W     .     W |    |     0     1     2     3|
| .     .     .     .    |    |  4     5     6     7   |
|    .     .     .     . |    |     8     9    10    11|
| w     .     .     .    |    | 12    13    14    15   |
|    w     .     .     . |    |    16    17    18    19|
| .     .     B     .    |    | 20    21    22    23   |
|    w     B     .     . |    |    24    25    26    27|
| .     .     .     .    |    | 28    29    30    31   |
'------------------------'    '------------------------'

White's turn to play.
Possible moves :
1-6
3-7
1-5
16-13
24-21
24-20
12-8

Chosen move : 
24-21
,------------------------,    ,------------------------,
|    .     W     .     W |    |     0     1     2     3|
| .     .     .     .    |    |  4     5     6     7   |
|    .     .     .     . |    |     8     9    10    11|
| w     .     .     .    |    | 12    13    14    15   |
|    w     .     .     . |    |    16    17    18    19|
| .     w     B     .    |    | 20    21    22    23   |
|    .     B     .     . |    |    24    25    26    27|
| .     .     .     .    |    | 28    29    30    31   |
'------------------------'    '------------------------'

Black's turn to play.
Possible moves :
22-26
22-17
25-29
25-30
22-18

Chosen move : 
25-29
,------------------------,    ,------------------------,
|    .     W     .     W |    |     0     1     2     3|
| .     .     .     .    |    |  4     5     6     7   |
|    .     .     .     . |    |     8     9    10    11|
| w     .     .     .    |    | 12    13    14    15   |
|    w     .     .     . |    |    16    17    18    19|
| .     w     B     .    |    | 20    21    22    23   |
|    .     .     .     . |    |    24    25    26    27|
| .     B     .     .    |    | 28    29    30    31   |
'------------------------'    '------------------------'

White's turn to play.
Possible moves :
21-17
3-7
1-5
1-6
16-13
12-8

Chosen move : 
3-7
,------------------------,    ,------------------------,
|    .     W     .     . |    |     0     1     2     3|
| .     .     .     W    |    |  4     5     6     7   |
|    .     .     .     . |    |     8     9    10    11|
| w     .     .     .    |    | 12    13    14    15   |
|    w     .     .     . |    |    16    17    18    19|
| .     w     B     .    |    | 20    21    22    23   |
|    .     .     .     . |    |    24    25    26    27|
| .     B     .     .    |    | 28    29    30    31   |
'------------------------'    '------------------------'

Black's turn to play.
Possible moves :
22-18
29-24
22-25
22-26
22-17
29-25

Chosen move : 
22-18
,------------------------,    ,------------------------,
|    .     W     .     . |    |     0     1     2     3|
| .     .     .     W    |    |  4     5     6     7   |
|    .     .     .     . |    |     8     9    10    11|
| w     .     .     .    |    | 12    13    14    15   |
|    w     .     B     . |    |    16    17    18    19|
| .     w     .     .    |    | 20    21    22    23   |
|    .     .     .     . |    |    24    25    26    27|
| .     B     .     .    |    | 28    29    30    31   |
'------------------------'    '------------------------'

White's turn to play.
Possible moves :
7-11
16-13
7-3
12-8
7-2
1-6
7-10
1-5
21-17

Chosen move : 
7-11
,------------------------,    ,------------------------,
|    .     W     .     . |    |     0     1     2     3|
| .     .     .     .    |    |  4     5     6     7   |
|    .     .     .     W |    |     8     9    10    11|
| w     .     .     .    |    | 12    13    14    15   |
|    w     .     B     . |    |    16    17    18    19|
| .     w     .     .    |    | 20    21    22    23   |
|    .     .     .     . |    |    24    25    26    27|
| .     B     .     .    |    | 28    29    30    31   |
'------------------------'    '------------------------'

Black's turn to play.
Possible moves :
29-25
18-15
29-24
18-14
18-23
18-22

Chosen move : 
18-14
,------------------------,    ,------------------------,
|    .     W     .     . |    |     0     1     2     3|
| .     .     .     .    |    |  4     5     6     7   |
|    .     .     .     W |    |     8     9    10    11|
| w     .     B     .    |    | 12    13    14    15   |
|    w     .     .     . |    |    16    17    18    19|
| .     w     .     .    |    | 20    21    22    23   |
|    .     .     .     . |    |    24    25    26    27|
| .     B     .     .    |    | 28    29    30    31   |
'------------------------'    '------------------------'

White's turn to play.
Possible moves :
11-15
1-6
12-8
11-7
1-5
21-17
16-13

Chosen move : 
11-15
,------------------------,    ,------------------------,
|    .     W     .     . |    |     0     1     2     3|
| .     .     .     .    |    |  4     5     6     7   |
|    .     .     .     . |    |     8     9    10    11|
| w     .     B     W    |    | 12    13    14    15   |
|    w     .     .     . |    |    16    17    18    19|
| .     w     .     .    |    | 20    21    22    23   |
|    .     .     .     . |    |    24    25    26    27|
| .     B     .     .    |    | 28    29    30    31   |
'------------------------'    '------------------------'

Black's turn to play.
Possible moves :
14-9
29-25
29-24
14-17
14-18
14-10

Chosen move : 
29-24
,------------------------,    ,------------------------,
|    .     W     .     . |    |     0     1     2     3|
| .     .     .     .    |    |  4     5     6     7   |
|    .     .     .     . |    |     8     9    10    11|
| w     .     B     W    |    | 12    13    14    15   |
|    w     .     .     . |    |    16    17    18    19|
| .     w     .     .    |    | 20    21    22    23   |
|    B     .     .     . |    |    24    25    26    27|
| .     .     .     .    |    | 28    29    30    31   |
'------------------------'    '------------------------'

White's turn to play.
Possible moves :
21x28

Chosen move : 
21x28
,------------------------,    ,------------------------,
|    .     W     .     . |    |     0     1     2     3|
| .     .     .     .    |    |  4     5     6     7   |
|    .     .     .     . |    |     8     9    10    11|
| w     .     B     W    |    | 12    13    14    15   |
|    w     .     .     . |    |    16    17    18    19|
| .     .     .     .    |    | 20    21    22    23   |
|    .     .     .     . |    |    24    25    26    27|
| w     .     .     .    |    | 28    29    30    31   |
'------------------------'    '------------------------'

Black's turn to play.
Possible moves :
14-9
14-17
14-10
14-18

Chosen move : 
14-17
,------------------------,    ,------------------------,
|    .     W     .     . |    |     0     1     2     3|
| .     .     .     .    |    |  4     5     6     7   |
|    .     .     .     . |    |     8     9    10    11|
| w     .     .     W    |    | 12    13    14    15   |
|    w     B     .     . |    |    16    17    18    19|
| .     .     .     .    |    | 20    21    22    23   |
|    .     .     .     . |    |    24    25    26    27|
| w     .     .     .    |    | 28    29    30    31   |
'------------------------'    '------------------------'

White's turn to play.
Possible moves :
15-11
15-10
12-8
16-13
15-18
1-6
28-24
15-19
1-5

Chosen move : 
15-11
,------------------------,    ,------------------------,
|    .     W     .     . |    |     0     1     2     3|
| .     .     .     .    |    |  4     5     6     7   |
|    .     .     .     W |    |     8     9    10    11|
| w     .     .     .    |    | 12    13    14    15   |
|    w     B     .     . |    |    16    17    18    19|
| .     .     .     .    |    | 20    21    22    23   |
|    .     .     .     . |    |    24    25    26    27|
| w     .     .     .    |    | 28    29    30    31   |
'------------------------'    '------------------------'

Black's turn to play.
Possible moves :
17-21
17-13
17-22
17-14

Chosen move : 
17-22
,------------------------,    ,------------------------,
|    .     W     .     . |    |     0     1     2     3|
| .     .     .     .    |    |  4     5     6     7   |
|    .     .     .     W |    |     8     9    10    11|
| w     .     .     .    |    | 12    13    14    15   |
|    w     .     .     . |    |    16    17    18    19|
| .     .     B     .    |    | 20    21    22    23   |
|    .     .     .     . |    |    24    25    26    27|
| w     .     .     .    |    | 28    29    30    31   |
'------------------------'    '------------------------'

White's turn to play.
Possible moves :
11-7
16-13
11-15
12-8
1-6
1-5
28-24

Chosen move : 
11-7
,------------------------,    ,------------------------,
|    .     W     .     . |    |     0     1     2     3|
| .     .     .     W    |    |  4     5     6     7   |
|    .     .     .     . |    |     8     9    10    11|
| w     .     .     .    |    | 12    13    14    15   |
|    w     .     .     . |    |    16    17    18    19|
| .     .     B     .    |    | 20    21    22    23   |
|    .     .     .     . |    |    24    25    26    27|
| w     .     .     .    |    | 28    29    30    31   |
'------------------------'    '------------------------'

Black's turn to play.
Possible moves :
22-18
22-26
22-17
22-25

Chosen move : 
22-26
,------------------------,    ,------------------------,
|    .     W     .     . |    |     0     1     2     3|
| .     .     .     W    |    |  4     5     6     7   |
|    .     .     .     . |    |     8     9    10    11|
| w     .     .     .    |    | 12    13    14    15   |
|    w     .     .     . |    |    16    17    18    19|
| .     .     .     .    |    | 20    21    22    23   |
|    .     .     B     . |    |    24    25    26    27|
| w     .     .     .    |    | 28    29    30    31   |
'------------------------'    '------------------------'

White's turn to play.
Possible moves :
28-24
7-10
1-6
16-13
7-2
1-5
12-8
7-3
7-11

Chosen move : 
28-24
,------------------------,    ,------------------------,
|    .     W     .     . |    |     0     1     2     3|
| .     .     .     W    |    |  4     5     6     7   |
|    .     .     .     . |    |     8     9    10    11|
| w     .     .     .    |    | 12    13    14    15   |
|    w     .     .     . |    |    16    17    18    19|
| .     .     .     .    |    | 20    21    22    23   |
|    w     .     B     . |    |    24    25    26    27|
| .     .     .     .    |    | 28    29    30    31   |
'------------------------'    '------------------------'

Black's turn to play.
Possible moves :
26-31
26-22
26-23
26-30

Chosen move : 
26-31
,------------------------,    ,------------------------,
|    .     W     .     . |    |     0     1     2     3|
| .     .     .     W    |    |  4     5     6     7   |
|    .     .     .     . |    |     8     9    10    11|
| w     .     .     .    |    | 12    13    14    15   |
|    w     .     .     . |    |    16    17    18    19|
| .     .     .     .    |    | 20    21    22    23   |
|    w     .     .     . |    |    24    25    26    27|
| .     .     .     B    |    | 28    29    30    31   |
'------------------------'    '------------------------'

White's turn to play.
Possible moves :
16-13
7-3
7-11
24-20
24-21
12-8
7-2
1-6
1-5
7-10

Chosen move : 
16-13
,------------------------,    ,------------------------,
|    .     W     .     . |    |     0     1     2     3|
| .     .     .     W    |    |  4     5     6     7   |
|    .     .     .     . |    |     8     9    10    11|
| w     w     .     .    |    | 12    13    14    15   |
|    .     .     .     . |    |    16    17    18    19|
| .     .     .     .    |    | 20    21    22    23   |
|    w     .     .     . |    |    24    25    26    27|
| .     .     .     B    |    | 28    29    30    31   |
'------------------------'    '------------------------'

Black's turn to play.
Possible moves :
31-26
31-27

Chosen move : 
31-26
,------------------------,    ,------------------------,
|    .     W     .     . |    |     0     1     2     3|
| .     .     .     W    |    |  4     5     6     7   |
|    .     .     .     . |    |     8     9    10    11|
| w     w     .     .    |    | 12    13    14    15   |
|    .     .     .     . |    |    16    17    18    19|
| .     .     .     .    |    | 20    21    22    23   |
|    w     .     B     . |    |    24    25    26    27|
| .     .     .     .    |    | 28    29    30    31   |
'------------------------'    '------------------------'

White's turn to play.
Possible moves :
1-5
12-8
7-3
24-21
24-20
7-11
7-2
13-9
13-8
1-6
7-10

Chosen move : 
1-5
,------------------------,    ,------------------------,
|    .     .     .     . |    |     0     1     2     3|
| .     W     .     W    |    |  4     5     6     7   |
|    .     .     .     . |    |     8     9    10    11|
| w     w     .     .    |    | 12    13    14    15   |
|    .     .     .     . |    |    16    17    18    19|
| .     .     .     .    |    | 20    21    22    23   |
|    w     .     B     . |    |    24    25    26    27|
| .     .     .     .    |    | 28    29    30    31   |
'------------------------'    '------------------------'

Black's turn to play.
Possible moves :
26-22
26-23
26-31
26-30

Chosen move : 
26-31
,------------------------,    ,------------------------,
|    .     .     .     . |    |     0     1     2     3|
| .     W     .     W    |    |  4     5     6     7   |
|    .     .     .     . |    |     8     9    10    11|
| w     w     .     .    |    | 12    13    14    15   |
|    .     .     .     . |    |    16    17    18    19|
| .     .     .     .    |    | 20    21    22    23   |
|    w     .     .     . |    |    24    25    26    27|
| .     .     .     B    |    | 28    29    30    31   |
'------------------------'    '------------------------'

White's turn to play.
Possible moves :
24-20
7-2
24-21
5-8
5-9
7-3
7-10
7-11
5-1
13-8
13-9
5-0
12-8

Chosen move : 
24-20
,------------------------,    ,------------------------,
|    .     .     .     . |    |     0     1     2     3|
| .     W     .     W    |    |  4     5     6     7   |
|    .     .     .     . |    |     8     9    10    11|
| w     w     .     .    |    | 12    13    14    15   |
|    .     .     .     . |    |    16    17    18    19|
| w     .     .     .    |    | 20    21    22    23   |
|    .     .     .     . |    |    24    25    26    27|
| .     .     .     B    |    | 28    29    30    31   |
'------------------------'    '------------------------'

Black's turn to play.
Possible moves :
31-26
31-27

Chosen move : 
31-26
,------------------------,    ,------------------------,
|    .     .     .     . |    |     0     1     2     3|
| .     W     .     W    |    |  4     5     6     7   |
|    .     .     .     . |    |     8     9    10    11|
| w     w     .     .    |    | 12    13    14    15   |
|    .     .     .     . |    |    16    17    18    19|
| w     .     .     .    |    | 20    21    22    23   |
|    .     .     B     . |    |    24    25    26    27|
| .     .     .     .    |    | 28    29    30    31   |
'------------------------'    '------------------------'

White's turn to play.
Possible moves :
7-3
5-9
20-16
13-8
5-8
7-2
7-10
12-8
5-1
7-11
13-9
5-0

Chosen move : 
7-3
,------------------------,    ,------------------------,
|    .     .     .     W |    |     0     1     2     3|
| .     W     .     .    |    |  4     5     6     7   |
|    .     .     .     . |    |     8     9    10    11|
| w     w     .     .    |    | 12    13    14    15   |
|    .     .     .     . |    |    16    17    18    19|
| w     .     .     .    |    | 20    21    22    23   |
|    .     .     B     . |    |    24    25    26    27|
| .     .     .     .    |    | 28    29    30    31   |
'------------------------'    '------------------------'

Black's turn to play.
Possible moves :
26-31
26-22
26-23
26-30

Chosen move : 
26-23
,------------------------,    ,------------------------,
|    .     .     .     W |    |     0     1     2     3|
| .     W     .     .    |    |  4     5     6     7   |
|    .     .     .     . |    |     8     9    10    11|
| w     w     .     .    |    | 12    13    14    15   |
|    .     .     .     . |    |    16    17    18    19|
| w     .     .     B    |    | 20    21    22    23   |
|    .     .     .     . |    |    24    25    26    27|
| .     .     .     .    |    | 28    29    30    31   |
'------------------------'    '------------------------'

White's turn to play.
Possible moves :
20-16
5-0
13-9
5-9
3-7
12-8
5-8
13-8
5-1

Chosen move : 
20-16
,------------------------,    ,------------------------,
|    .     .     .     W |    |     0     1     2     3|
| .     W     .     .    |    |  4     5     6     7   |
|    .     .     .     . |    |     8     9    10    11|
| w     w     .     .    |    | 12    13    14    15   |
|    w     .     .     . |    |    16    17    18    19|
| .     .     .     B    |    | 20    21    22    23   |
|    .     .     .     . |    |    24    25    26    27|
| .     .     .     .    |    | 28    29    30    31   |
'------------------------'    '------------------------'

Black's turn to play.
Possible moves :
23-18
23-27
23-26
23-19

Chosen move : 
23-27
,------------------------,    ,------------------------,
|    .     .     .     W |    |     0     1     2     3|
| .     W     .     .    |    |  4     5     6     7   |
|    .     .     .     . |    |     8     9    10    11|
| w     w     .     .    |    | 12    13    14    15   |
|    w     .     .     . |    |    16    17    18    19|
| .     .     .     .    |    | 20    21    22    23   |
|    .     .     .     B |    |    24    25    26    27|
| .     .     .     .    |    | 28    29    30    31   |
'------------------------'    '------------------------'

White's turn to play.
Possible moves :
5-9
5-0
5-1
13-8
13-9
3-7
12-8
5-8

Chosen move : 
5-9
,------------------------,    ,------------------------,
|    .     .     .     W |    |     0     1     2     3|
| .     .     .     .    |    |  4     5     6     7   |
|    .     W     .     . |    |     8     9    10    11|
| w     w     .     .    |    | 12    13    14    15   |
|    w     .     .     . |    |    16    17    18    19|
| .     .     .     .    |    | 20    21    22    23   |
|    .     .     .     B |    |    24    25    26    27|
| .     .     .     .    |    | 28    29    30    31   |
'------------------------'    '------------------------'

Black's turn to play.
Possible moves :
27-23
27-31

Chosen move : 
27-31
,------------------------,    ,------------------------,
|    .     .     .     W |    |     0     1     2     3|
| .     .     .     .    |    |  4     5     6     7   |
|    .     W     .     . |    |     8     9    10    11|
| w     w     .     .    |    | 12    13    14    15   |
|    w     .     .     . |    |    16    17    18    19|
| .     .     .     .    |    | 20    21    22    23   |
|    .     .     .     . |    |    24    25    26    27|
| .     .     .     B    |    | 28    29    30    31   |
'------------------------'    '------------------------'

White's turn to play.
Possible moves :
12-8
9-14
9-5
3-7
13-8
9-6

Chosen move : 
12-8
,------------------------,    ,------------------------,
|    .     .     .     W |    |     0     1     2     3|
| .     .     .     .    |    |  4     5     6     7   |
|    w     W     .     . |    |     8     9    10    11|
| .     w     .     .    |    | 12    13    14    15   |
|    w     .     .     . |    |    16    17    18    19|
| .     .     .     .    |    | 20    21    22    23   |
|    .     .     .     . |    |    24    25    26    27|
| .     .     .     B    |    | 28    29    30    31   |
'------------------------'    '------------------------'

Black's turn to play.
Possible moves :
31-27
31-26

Chosen move : 
31-26
,------------------------,    ,------------------------,
|    .     .     .     W |    |     0     1     2     3|
| .     .     .     .    |    |  4     5     6     7   |
|    w     W     .     . |    |     8     9    10    11|
| .     w     .     .    |    | 12    13    14    15   |
|    w     .     .     . |    |    16    17    18    19|
| .     .     .     .    |    | 20    21    22    23   |
|    .     .     B     . |    |    24    25    26    27|
| .     .     .     .    |    | 28    29    30    31   |
'------------------------'    '------------------------'

White's turn to play.
Possible moves :
8-4
9-14
8-5
9-5
16-12
3-7
9-6

Chosen move : 
8-4
,------------------------,    ,------------------------,
|    .     .     .     W |    |     0     1     2     3|
| w     .     .     .    |    |  4     5     6     7   |
|    .     W     .     . |    |     8     9    10    11|
| .     w     .     .    |    | 12    13    14    15   |
|    w     .     .     . |    |    16    17    18    19|
| .     .     .     .    |    | 20    21    22    23   |
|    .     .     B     . |    |    24    25    26    27|
| .     .     .     .    |    | 28    29    30    31   |
'------------------------'    '------------------------'

Black's turn to play.
Possible moves :
26-31
26-23
26-30
26-22

Chosen move : 
26-30
,------------------------,    ,------------------------,
|    .     .     .     W |    |     0     1     2     3|
| w     .     .     .    |    |  4     5     6     7   |
|    .     W     .     . |    |     8     9    10    11|
| .     w     .     .    |    | 12    13    14    15   |
|    w     .     .     . |    |    16    17    18    19|
| .     .     .     .    |    | 20    21    22    23   |
|    .     .     .     . |    |    24    25    26    27|
| .     .     B     .    |    | 28    29    30    31   |
'------------------------'    '------------------------'

White's turn to play.
Possible moves :
16-12
9-14
4-0
9-5
13-8
3-7
9-6

Chosen move : 
16-12
,------------------------,    ,------------------------,
|    .     .     .     W |    |     0     1     2     3|
| w     .     .     .    |    |  4     5     6     7   |
|    .     W     .     . |    |     8     9    10    11|
| w     w     .     .    |    | 12    13    14    15   |
|    .     .     .     . |    |    16    17    18    19|
| .     .     .     .    |    | 20    21    22    23   |
|    .     .     .     . |    |    24    25    26    27|
| .     .     B     .    |    | 28    29    30    31   |
'------------------------'    '------------------------'

Black's turn to play.
Possible moves :
30-25
30-26

Chosen move : 
30-26
,------------------------,    ,------------------------,
|    .     .     .     W |    |     0     1     2     3|
| w     .     .     .    |    |  4     5     6     7   |
|    .     W     .     . |    |     8     9    10    11|
| w     w     .     .    |    | 12    13    14    15   |
|    .     .     .     . |    |    16    17    18    19|
| .     .     .     .    |    | 20    21    22    23   |
|    .     .     B     . |    |    24    25    26    27|
| .     .     .     .    |    | 28    29    30    31   |
'------------------------'    '------------------------'

White's turn to play.
Draw

#PDN#
[Event "IN104 CS Project"]
[Site "ENSTA ParisTech, Palaiseau, FRA"]
[GameType 21,W,8,8,N2,0] {Whites begin}
[Date "Tue Mar 22 20:18:07 2016"]
[Round "?"]
[White "Master minmax"]
[WhiteType "Program"]
[Black "Random Guesser"]
[BlackType "Program"]
[Result "1/2-1/2"]
[WhiteTime "8.896439790725708"]
[BlackTime "0.027727365493774414"]

1.23-18 9-14 2.18x9 6x13 3.26-23 10-15 4.22-17 13x22 5.25x18 15x22 6.30-25 2-6 7.25x18 5-9 8.18-15 11x18 9.23x14x5x12 4-8 10.12x5 1x8 11.21-17 6-10 12.27-23 7-11 13.31-27 0-5 14.23-19 5-9 15.24-21 11-15 16.29-24 3-7 17.21-16 15-18 18.16-12 9-13 19.12x5 13x22 20.5-0 22-25 21.20-16 25-29 22.24-20 18-22 23.0-5 29-25 24.16-12 10-15 25.19x10x3 22-26 26.5-8 25-30 27.8-4 26-31 28.4-0 30-25 29.28-24 25-22 30.27-23 22-17 31.0-5 17-22 32.5-1 31-27 33.1-5 27x18 34.5-1 22-25 35.20-16 18-22 36.24-21 25-29 37.3-7 22-18 38.7-11 18-14 39.11-15 29-24 40.21x28 14-17 41.15-11 17-22 42.11-7 22-26 43.28-24 26-31 44.16-13 31-26 45.1-5 26-31 46.24-20 31-26 47.7-3 26-23 48.20-16 23-27 49.5-9 27-31 50.12-8 31-26 51.8-4 26-30 52.16-12 30-26  1/2-1/2 *
