Beginning of the game
,------------------------,    ,------------------------,
|    b     b     b     b |    |     0     1     2     3|
| b     b     b     b    |    |  4     5     6     7   |
|    b     b     b     b |    |     8     9    10    11|
| .     .     .     .    |    | 12    13    14    15   |
|    .     .     .     . |    |    16    17    18    19|
| w     w     w     w    |    | 20    21    22    23   |
|    w     w     w     w |    |    24    25    26    27|
| w     w     w     w    |    | 28    29    30    31   |
'------------------------'    '------------------------'

White's turn to play.
Possible moves :
22-17
23-18
21-17
21-16
23-19
22-18
20-16

Chosen move : 
22-17
,------------------------,    ,------------------------,
|    b     b     b     b |    |     0     1     2     3|
| b     b     b     b    |    |  4     5     6     7   |
|    b     b     b     b |    |     8     9    10    11|
| .     .     .     .    |    | 12    13    14    15   |
|    .     w     .     . |    |    16    17    18    19|
| w     w     .     w    |    | 20    21    22    23   |
|    w     w     w     w |    |    24    25    26    27|
| w     w     w     w    |    | 28    29    30    31   |
'------------------------'    '------------------------'

Black's turn to play.
Possible moves :
9-13
10-15
10-14
8-12
8-13
11-15
9-14

Chosen move : 
10-15
,------------------------,    ,------------------------,
|    b     b     b     b |    |     0     1     2     3|
| b     b     b     b    |    |  4     5     6     7   |
|    b     b     .     b |    |     8     9    10    11|
| .     .     .     b    |    | 12    13    14    15   |
|    .     w     .     . |    |    16    17    18    19|
| w     w     .     w    |    | 20    21    22    23   |
|    w     w     w     w |    |    24    25    26    27|
| w     w     w     w    |    | 28    29    30    31   |
'------------------------'    '------------------------'

White's turn to play.
Possible moves :
17-13
26-22
23-19
17-14
20-16
23-18
21-16
25-22

Chosen move : 
26-22
,------------------------,    ,------------------------,
|    b     b     b     b |    |     0     1     2     3|
| b     b     b     b    |    |  4     5     6     7   |
|    b     b     .     b |    |     8     9    10    11|
| .     .     .     b    |    | 12    13    14    15   |
|    .     w     .     . |    |    16    17    18    19|
| w     w     w     w    |    | 20    21    22    23   |
|    w     w     .     w |    |    24    25    26    27|
| w     w     w     w    |    | 28    29    30    31   |
'------------------------'    '------------------------'

Black's turn to play.
Possible moves :
9-13
9-14
8-12
7-10
15-19
15-18
8-13
6-10

Chosen move : 
9-14
,------------------------,    ,------------------------,
|    b     b     b     b |    |     0     1     2     3|
| b     b     b     b    |    |  4     5     6     7   |
|    b     .     .     b |    |     8     9    10    11|
| .     .     b     b    |    | 12    13    14    15   |
|    .     w     .     . |    |    16    17    18    19|
| w     w     w     w    |    | 20    21    22    23   |
|    w     w     .     w |    |    24    25    26    27|
| w     w     w     w    |    | 28    29    30    31   |
'------------------------'    '------------------------'

White's turn to play.
Possible moves :
17x10x19

Chosen move : 
17x10x19
,------------------------,    ,------------------------,
|    b     b     b     b |    |     0     1     2     3|
| b     b     b     b    |    |  4     5     6     7   |
|    b     .     .     b |    |     8     9    10    11|
| .     .     .     .    |    | 12    13    14    15   |
|    .     .     .     w |    |    16    17    18    19|
| w     w     w     w    |    | 20    21    22    23   |
|    w     w     .     w |    |    24    25    26    27|
| w     w     w     w    |    | 28    29    30    31   |
'------------------------'    '------------------------'

Black's turn to play.
Possible moves :
8-12
5-9
11-15
6-10
6-9
8-13
7-10

Chosen move : 
8-13
,------------------------,    ,------------------------,
|    b     b     b     b |    |     0     1     2     3|
| b     b     b     b    |    |  4     5     6     7   |
|    .     .     .     b |    |     8     9    10    11|
| .     b     .     .    |    | 12    13    14    15   |
|    .     .     .     w |    |    16    17    18    19|
| w     w     w     w    |    | 20    21    22    23   |
|    w     w     .     w |    |    24    25    26    27|
| w     w     w     w    |    | 28    29    30    31   |
'------------------------'    '------------------------'

White's turn to play.
Possible moves :
30-26
22-17
31-26
21-16
22-18
21-17
19-15
20-16
23-18

Chosen move : 
30-26
,------------------------,    ,------------------------,
|    b     b     b     b |    |     0     1     2     3|
| b     b     b     b    |    |  4     5     6     7   |
|    .     .     .     b |    |     8     9    10    11|
| .     b     .     .    |    | 12    13    14    15   |
|    .     .     .     w |    |    16    17    18    19|
| w     w     w     w    |    | 20    21    22    23   |
|    w     w     w     w |    |    24    25    26    27|
| w     w     .     w    |    | 28    29    30    31   |
'------------------------'    '------------------------'

Black's turn to play.
Possible moves :
6-9
6-10
13-16
7-10
5-9
5-8
13-17
11-15
4-8

Chosen move : 
5-9
,------------------------,    ,------------------------,
|    b     b     b     b |    |     0     1     2     3|
| b     .     b     b    |    |  4     5     6     7   |
|    .     b     .     b |    |     8     9    10    11|
| .     b     .     .    |    | 12    13    14    15   |
|    .     .     .     w |    |    16    17    18    19|
| w     w     w     w    |    | 20    21    22    23   |
|    w     w     w     w |    |    24    25    26    27|
| w     w     .     w    |    | 28    29    30    31   |
'------------------------'    '------------------------'

White's turn to play.
Possible moves :
20-16
21-17
19-15
23-18
21-16
22-17
22-18

Chosen move : 
21-17
,------------------------,    ,------------------------,
|    b     b     b     b |    |     0     1     2     3|
| b     .     b     b    |    |  4     5     6     7   |
|    .     b     .     b |    |     8     9    10    11|
| .     b     .     .    |    | 12    13    14    15   |
|    .     w     .     w |    |    16    17    18    19|
| w     .     w     w    |    | 20    21    22    23   |
|    w     w     w     w |    |    24    25    26    27|
| w     w     .     w    |    | 28    29    30    31   |
'------------------------'    '------------------------'

Black's turn to play.
Possible moves :
7-10
11-15
6-10
0-5
4-8
13-16
1-5
9-14

Chosen move : 
9-14
,------------------------,    ,------------------------,
|    b     b     b     b |    |     0     1     2     3|
| b     .     b     b    |    |  4     5     6     7   |
|    .     .     .     b |    |     8     9    10    11|
| .     b     b     .    |    | 12    13    14    15   |
|    .     w     .     w |    |    16    17    18    19|
| w     .     w     w    |    | 20    21    22    23   |
|    w     w     w     w |    |    24    25    26    27|
| w     w     .     w    |    | 28    29    30    31   |
'------------------------'    '------------------------'

White's turn to play.
Possible moves :
17x10
17x8

Chosen move : 
17x10
,------------------------,    ,------------------------,
|    b     b     b     b |    |     0     1     2     3|
| b     .     b     b    |    |  4     5     6     7   |
|    .     .     w     b |    |     8     9    10    11|
| .     b     .     .    |    | 12    13    14    15   |
|    .     .     .     w |    |    16    17    18    19|
| w     .     w     w    |    | 20    21    22    23   |
|    w     w     w     w |    |    24    25    26    27|
| w     w     .     w    |    | 28    29    30    31   |
'------------------------'    '------------------------'

Black's turn to play.
Possible moves :
6x15
7x14

Chosen move : 
6x15
,------------------------,    ,------------------------,
|    b     b     b     b |    |     0     1     2     3|
| b     .     .     b    |    |  4     5     6     7   |
|    .     .     .     b |    |     8     9    10    11|
| .     b     .     b    |    | 12    13    14    15   |
|    .     .     .     w |    |    16    17    18    19|
| w     .     w     w    |    | 20    21    22    23   |
|    w     w     w     w |    |    24    25    26    27|
| w     w     .     w    |    | 28    29    30    31   |
'------------------------'    '------------------------'

White's turn to play.
Possible moves :
19x10

Chosen move : 
19x10
,------------------------,    ,------------------------,
|    b     b     b     b |    |     0     1     2     3|
| b     .     .     b    |    |  4     5     6     7   |
|    .     .     w     b |    |     8     9    10    11|
| .     b     .     .    |    | 12    13    14    15   |
|    .     .     .     . |    |    16    17    18    19|
| w     .     w     w    |    | 20    21    22    23   |
|    w     w     w     w |    |    24    25    26    27|
| w     w     .     w    |    | 28    29    30    31   |
'------------------------'    '------------------------'

Black's turn to play.
Possible moves :
7x14

Chosen move : 
7x14
,------------------------,    ,------------------------,
|    b     b     b     b |    |     0     1     2     3|
| b     .     .     .    |    |  4     5     6     7   |
|    .     .     .     b |    |     8     9    10    11|
| .     b     b     .    |    | 12    13    14    15   |
|    .     .     .     . |    |    16    17    18    19|
| w     .     w     w    |    | 20    21    22    23   |
|    w     w     w     w |    |    24    25    26    27|
| w     w     .     w    |    | 28    29    30    31   |
'------------------------'    '------------------------'

White's turn to play.
Possible moves :
20-16
23-18
22-18
25-21
22-17
23-19
24-21

Chosen move : 
22-18
,------------------------,    ,------------------------,
|    b     b     b     b |    |     0     1     2     3|
| b     .     .     .    |    |  4     5     6     7   |
|    .     .     .     b |    |     8     9    10    11|
| .     b     b     .    |    | 12    13    14    15   |
|    .     .     w     . |    |    16    17    18    19|
| w     .     .     w    |    | 20    21    22    23   |
|    w     w     w     w |    |    24    25    26    27|
| w     w     .     w    |    | 28    29    30    31   |
'------------------------'    '------------------------'

Black's turn to play.
Possible moves :
13-16
1-5
3-7
2-6
14-17
2-7
13-17
11-15
4-8
0-5
1-6

Chosen move : 
4-8
,------------------------,    ,------------------------,
|    b     b     b     b |    |     0     1     2     3|
| .     .     .     .    |    |  4     5     6     7   |
|    b     .     .     b |    |     8     9    10    11|
| .     b     b     .    |    | 12    13    14    15   |
|    .     .     w     . |    |    16    17    18    19|
| w     .     .     w    |    | 20    21    22    23   |
|    w     w     w     w |    |    24    25    26    27|
| w     w     .     w    |    | 28    29    30    31   |
'------------------------'    '------------------------'

White's turn to play.
Possible moves :
18x9x16

Chosen move : 
18x9x16
,------------------------,    ,------------------------,
|    b     b     b     b |    |     0     1     2     3|
| .     .     .     .    |    |  4     5     6     7   |
|    b     .     .     b |    |     8     9    10    11|
| .     .     .     .    |    | 12    13    14    15   |
|    w     .     .     . |    |    16    17    18    19|
| w     .     .     w    |    | 20    21    22    23   |
|    w     w     w     w |    |    24    25    26    27|
| w     w     .     w    |    | 28    29    30    31   |
'------------------------'    '------------------------'

Black's turn to play.
Possible moves :
0-5
3-7
11-15
2-6
1-5
0-4
2-7
8-12
8-13
1-6

Chosen move : 
0-5
,------------------------,    ,------------------------,
|    .     b     b     b |    |     0     1     2     3|
| .     b     .     .    |    |  4     5     6     7   |
|    b     .     .     b |    |     8     9    10    11|
| .     .     .     .    |    | 12    13    14    15   |
|    w     .     .     . |    |    16    17    18    19|
| w     .     .     w    |    | 20    21    22    23   |
|    w     w     w     w |    |    24    25    26    27|
| w     w     .     w    |    | 28    29    30    31   |
'------------------------'    '------------------------'

White's turn to play.
Possible moves :
24-21
23-18
16-13
23-19
25-21
16-12
26-22
25-22

Chosen move : 
24-21
,------------------------,    ,------------------------,
|    .     b     b     b |    |     0     1     2     3|
| .     b     .     .    |    |  4     5     6     7   |
|    b     .     .     b |    |     8     9    10    11|
| .     .     .     .    |    | 12    13    14    15   |
|    w     .     .     . |    |    16    17    18    19|
| w     w     .     w    |    | 20    21    22    23   |
|    .     w     w     w |    |    24    25    26    27|
| w     w     .     w    |    | 28    29    30    31   |
'------------------------'    '------------------------'

Black's turn to play.
Possible moves :
2-7
5-9
8-13
8-12
11-15
1-6
2-6
3-7

Chosen move : 
1-6
,------------------------,    ,------------------------,
|    .     .     b     b |    |     0     1     2     3|
| .     b     b     .    |    |  4     5     6     7   |
|    b     .     .     b |    |     8     9    10    11|
| .     .     .     .    |    | 12    13    14    15   |
|    w     .     .     . |    |    16    17    18    19|
| w     w     .     w    |    | 20    21    22    23   |
|    .     w     w     w |    |    24    25    26    27|
| w     w     .     w    |    | 28    29    30    31   |
'------------------------'    '------------------------'

White's turn to play.
Possible moves :
16-12
16-13
26-22
23-18
23-19
28-24
25-22
29-24
21-17

Chosen move : 
16-12
,------------------------,    ,------------------------,
|    .     .     b     b |    |     0     1     2     3|
| .     b     b     .    |    |  4     5     6     7   |
|    b     .     .     b |    |     8     9    10    11|
| w     .     .     .    |    | 12    13    14    15   |
|    .     .     .     . |    |    16    17    18    19|
| w     w     .     w    |    | 20    21    22    23   |
|    .     w     w     w |    |    24    25    26    27|
| w     w     .     w    |    | 28    29    30    31   |
'------------------------'    '------------------------'

Black's turn to play.
Possible moves :
5-9
6-9
6-10
11-15
2-7
3-7
8-13

Chosen move : 
6-9
,------------------------,    ,------------------------,
|    .     .     b     b |    |     0     1     2     3|
| .     b     .     .    |    |  4     5     6     7   |
|    b     b     .     b |    |     8     9    10    11|
| w     .     .     .    |    | 12    13    14    15   |
|    .     .     .     . |    |    16    17    18    19|
| w     w     .     w    |    | 20    21    22    23   |
|    .     w     w     w |    |    24    25    26    27|
| w     w     .     w    |    | 28    29    30    31   |
'------------------------'    '------------------------'

White's turn to play.
Possible moves :
28-24
23-19
23-18
21-17
20-16
25-22
26-22
29-24
21-16

Chosen move : 
28-24
,------------------------,    ,------------------------,
|    .     .     b     b |    |     0     1     2     3|
| .     b     .     .    |    |  4     5     6     7   |
|    b     b     .     b |    |     8     9    10    11|
| w     .     .     .    |    | 12    13    14    15   |
|    .     .     .     . |    |    16    17    18    19|
| w     w     .     w    |    | 20    21    22    23   |
|    w     w     w     w |    |    24    25    26    27|
| .     w     .     w    |    | 28    29    30    31   |
'------------------------'    '------------------------'

Black's turn to play.
Possible moves :
11-15
9-13
8-13
3-7
9-14
2-6
2-7

Chosen move : 
3-7
,------------------------,    ,------------------------,
|    .     .     b     . |    |     0     1     2     3|
| .     b     .     b    |    |  4     5     6     7   |
|    b     b     .     b |    |     8     9    10    11|
| w     .     .     .    |    | 12    13    14    15   |
|    .     .     .     . |    |    16    17    18    19|
| w     w     .     w    |    | 20    21    22    23   |
|    w     w     w     w |    |    24    25    26    27|
| .     w     .     w    |    | 28    29    30    31   |
'------------------------'    '------------------------'

White's turn to play.
Possible moves :
26-22
21-16
23-19
25-22
20-16
21-17
23-18

Chosen move : 
26-22
,------------------------,    ,------------------------,
|    .     .     b     . |    |     0     1     2     3|
| .     b     .     b    |    |  4     5     6     7   |
|    b     b     .     b |    |     8     9    10    11|
| w     .     .     .    |    | 12    13    14    15   |
|    .     .     .     . |    |    16    17    18    19|
| w     w     w     w    |    | 20    21    22    23   |
|    w     w     .     w |    |    24    25    26    27|
| .     w     .     w    |    | 28    29    30    31   |
'------------------------'    '------------------------'

Black's turn to play.
Possible moves :
9-14
11-15
2-6
9-13
8-13
7-10

Chosen move : 
9-14
,------------------------,    ,------------------------,
|    .     .     b     . |    |     0     1     2     3|
| .     b     .     b    |    |  4     5     6     7   |
|    b     .     .     b |    |     8     9    10    11|
| w     .     b     .    |    | 12    13    14    15   |
|    .     .     .     . |    |    16    17    18    19|
| w     w     w     w    |    | 20    21    22    23   |
|    w     w     .     w |    |    24    25    26    27|
| .     w     .     w    |    | 28    29    30    31   |
'------------------------'    '------------------------'

White's turn to play.
Possible moves :
23-19
31-26
23-18
21-16
22-17
20-16
22-18
21-17

Chosen move : 
23-19
,------------------------,    ,------------------------,
|    .     .     b     . |    |     0     1     2     3|
| .     b     .     b    |    |  4     5     6     7   |
|    b     .     .     b |    |     8     9    10    11|
| w     .     b     .    |    | 12    13    14    15   |
|    .     .     .     w |    |    16    17    18    19|
| w     w     w     .    |    | 20    21    22    23   |
|    w     w     .     w |    |    24    25    26    27|
| .     w     .     w    |    | 28    29    30    31   |
'------------------------'    '------------------------'

Black's turn to play.
Possible moves :
14-17
8-13
7-10
14-18
5-9
11-15
2-6

Chosen move : 
11-15
,------------------------,    ,------------------------,
|    .     .     b     . |    |     0     1     2     3|
| .     b     .     b    |    |  4     5     6     7   |
|    b     .     .     . |    |     8     9    10    11|
| w     .     b     b    |    | 12    13    14    15   |
|    .     .     .     w |    |    16    17    18    19|
| w     w     w     .    |    | 20    21    22    23   |
|    w     w     .     w |    |    24    25    26    27|
| .     w     .     w    |    | 28    29    30    31   |
'------------------------'    '------------------------'

White's turn to play.
Possible moves :
19x10x3
19x10x17

Chosen move : 
19x10x3
,------------------------,    ,------------------------,
|    .     .     b     W |    |     0     1     2     3|
| .     b     .     .    |    |  4     5     6     7   |
|    b     .     .     . |    |     8     9    10    11|
| w     .     b     .    |    | 12    13    14    15   |
|    .     .     .     . |    |    16    17    18    19|
| w     w     w     .    |    | 20    21    22    23   |
|    w     w     .     w |    |    24    25    26    27|
| .     w     .     w    |    | 28    29    30    31   |
'------------------------'    '------------------------'

Black's turn to play.
Possible moves :
8-13
14-17
2-6
5-9
2-7
14-18

Chosen move : 
8-13
,------------------------,    ,------------------------,
|    .     .     b     W |    |     0     1     2     3|
| .     b     .     .    |    |  4     5     6     7   |
|    .     .     .     . |    |     8     9    10    11|
| w     b     b     .    |    | 12    13    14    15   |
|    .     .     .     . |    |    16    17    18    19|
| w     w     w     .    |    | 20    21    22    23   |
|    w     w     .     w |    |    24    25    26    27|
| .     w     .     w    |    | 28    29    30    31   |
'------------------------'    '------------------------'

White's turn to play.
Possible moves :
31-26
22-18
21-17
27-23
21-16
3-7
12-8
22-17
20-16

Chosen move : 
22-17
,------------------------,    ,------------------------,
|    .     .     b     W |    |     0     1     2     3|
| .     b     .     .    |    |  4     5     6     7   |
|    .     .     .     . |    |     8     9    10    11|
| w     b     b     .    |    | 12    13    14    15   |
|    .     w     .     . |    |    16    17    18    19|
| w     w     .     .    |    | 20    21    22    23   |
|    w     w     .     w |    |    24    25    26    27|
| .     w     .     w    |    | 28    29    30    31   |
'------------------------'    '------------------------'

Black's turn to play.
Possible moves :
13x22

Chosen move : 
13x22
,------------------------,    ,------------------------,
|    .     .     b     W |    |     0     1     2     3|
| .     b     .     .    |    |  4     5     6     7   |
|    .     .     .     . |    |     8     9    10    11|
| w     .     b     .    |    | 12    13    14    15   |
|    .     .     .     . |    |    16    17    18    19|
| w     w     b     .    |    | 20    21    22    23   |
|    w     w     .     w |    |    24    25    26    27|
| .     w     .     w    |    | 28    29    30    31   |
'------------------------'    '------------------------'

White's turn to play.
Possible moves :
25x18x9x0

Chosen move : 
25x18x9x0
,------------------------,    ,------------------------,
|    W     .     b     W |    |     0     1     2     3|
| .     .     .     .    |    |  4     5     6     7   |
|    .     .     .     . |    |     8     9    10    11|
| w     .     .     .    |    | 12    13    14    15   |
|    .     .     .     . |    |    16    17    18    19|
| w     w     .     .    |    | 20    21    22    23   |
|    w     .     .     w |    |    24    25    26    27|
| .     w     .     w    |    | 28    29    30    31   |
'------------------------'    '------------------------'

Black's turn to play.
Possible moves :
2-6
2-7

Chosen move : 
2-6
,------------------------,    ,------------------------,
|    W     .     .     W |    |     0     1     2     3|
| .     .     b     .    |    |  4     5     6     7   |
|    .     .     .     . |    |     8     9    10    11|
| w     .     .     .    |    | 12    13    14    15   |
|    .     .     .     . |    |    16    17    18    19|
| w     w     .     .    |    | 20    21    22    23   |
|    w     .     .     w |    |    24    25    26    27|
| .     w     .     w    |    | 28    29    30    31   |
'------------------------'    '------------------------'

White's turn to play.
Possible moves :
12-8
0-5
29-25
21-17
21-16
0-4
20-16
31-26
27-23
3-7

Chosen move : 
12-8
,------------------------,    ,------------------------,
|    W     .     .     W |    |     0     1     2     3|
| .     .     b     .    |    |  4     5     6     7   |
|    w     .     .     . |    |     8     9    10    11|
| .     .     .     .    |    | 12    13    14    15   |
|    .     .     .     . |    |    16    17    18    19|
| w     w     .     .    |    | 20    21    22    23   |
|    w     .     .     w |    |    24    25    26    27|
| .     w     .     w    |    | 28    29    30    31   |
'------------------------'    '------------------------'

Black's turn to play.
Possible moves :
6-9
6-10

Chosen move : 
6-9
,------------------------,    ,------------------------,
|    W     .     .     W |    |     0     1     2     3|
| .     .     .     .    |    |  4     5     6     7   |
|    w     b     .     . |    |     8     9    10    11|
| .     .     .     .    |    | 12    13    14    15   |
|    .     .     .     . |    |    16    17    18    19|
| w     w     .     .    |    | 20    21    22    23   |
|    w     .     .     w |    |    24    25    26    27|
| .     w     .     w    |    | 28    29    30    31   |
'------------------------'    '------------------------'

White's turn to play.
Possible moves :
31-26
3-7
29-25
8-5
27-23
21-16
0-5
20-16
21-17
0-4
8-4

Chosen move : 
8-5
,------------------------,    ,------------------------,
|    W     .     .     W |    |     0     1     2     3|
| .     w     .     .    |    |  4     5     6     7   |
|    .     b     .     . |    |     8     9    10    11|
| .     .     .     .    |    | 12    13    14    15   |
|    .     .     .     . |    |    16    17    18    19|
| w     w     .     .    |    | 20    21    22    23   |
|    w     .     .     w |    |    24    25    26    27|
| .     w     .     w    |    | 28    29    30    31   |
'------------------------'    '------------------------'

Black's turn to play.
Possible moves :
9-14
9-13

Chosen move : 
9-13
,------------------------,    ,------------------------,
|    W     .     .     W |    |     0     1     2     3|
| .     w     .     .    |    |  4     5     6     7   |
|    .     .     .     . |    |     8     9    10    11|
| .     b     .     .    |    | 12    13    14    15   |
|    .     .     .     . |    |    16    17    18    19|
| w     w     .     .    |    | 20    21    22    23   |
|    w     .     .     w |    |    24    25    26    27|
| .     w     .     w    |    | 28    29    30    31   |
'------------------------'    '------------------------'

White's turn to play.
Possible moves :
20-16
21-16
27-23
29-25
3-7
21-17
0-4
5-1
31-26

Chosen move : 
21-16
,------------------------,    ,------------------------,
|    W     .     .     W |    |     0     1     2     3|
| .     w     .     .    |    |  4     5     6     7   |
|    .     .     .     . |    |     8     9    10    11|
| .     b     .     .    |    | 12    13    14    15   |
|    w     .     .     . |    |    16    17    18    19|
| w     .     .     .    |    | 20    21    22    23   |
|    w     .     .     w |    |    24    25    26    27|
| .     w     .     w    |    | 28    29    30    31   |
'------------------------'    '------------------------'

Black's turn to play.
Possible moves :
13-17

Chosen move : 
13-17
,------------------------,    ,------------------------,
|    W     .     .     W |    |     0     1     2     3|
| .     w     .     .    |    |  4     5     6     7   |
|    .     .     .     . |    |     8     9    10    11|
| .     .     .     .    |    | 12    13    14    15   |
|    w     b     .     . |    |    16    17    18    19|
| w     .     .     .    |    | 20    21    22    23   |
|    w     .     .     w |    |    24    25    26    27|
| .     w     .     w    |    | 28    29    30    31   |
'------------------------'    '------------------------'

White's turn to play.
Possible moves :
3-7
16-13
0-4
16-12
5-1
27-23
29-25
31-26
24-21

Chosen move : 
24-21
,------------------------,    ,------------------------,
|    W     .     .     W |    |     0     1     2     3|
| .     w     .     .    |    |  4     5     6     7   |
|    .     .     .     . |    |     8     9    10    11|
| .     .     .     .    |    | 12    13    14    15   |
|    w     b     .     . |    |    16    17    18    19|
| w     w     .     .    |    | 20    21    22    23   |
|    .     .     .     w |    |    24    25    26    27|
| .     w     .     w    |    | 28    29    30    31   |
'------------------------'    '------------------------'

Black's turn to play.
Possible moves :
17x24

Chosen move : 
17x24
,------------------------,    ,------------------------,
|    W     .     .     W |    |     0     1     2     3|
| .     w     .     .    |    |  4     5     6     7   |
|    .     .     .     . |    |     8     9    10    11|
| .     .     .     .    |    | 12    13    14    15   |
|    w     .     .     . |    |    16    17    18    19|
| w     .     .     .    |    | 20    21    22    23   |
|    b     .     .     w |    |    24    25    26    27|
| .     w     .     w    |    | 28    29    30    31   |
'------------------------'    '------------------------'

White's turn to play.
Possible moves :
29-25
0-4
5-1
16-13
16-12
27-23
3-7
31-26

Chosen move : 
29-25
,------------------------,    ,------------------------,
|    W     .     .     W |    |     0     1     2     3|
| .     w     .     .    |    |  4     5     6     7   |
|    .     .     .     . |    |     8     9    10    11|
| .     .     .     .    |    | 12    13    14    15   |
|    w     .     .     . |    |    16    17    18    19|
| w     .     .     .    |    | 20    21    22    23   |
|    b     w     .     w |    |    24    25    26    27|
| .     .     .     w    |    | 28    29    30    31   |
'------------------------'    '------------------------'

Black's turn to play.
Possible moves :
24-29
24-28

Chosen move : 
24-29
,------------------------,    ,------------------------,
|    W     .     .     W |    |     0     1     2     3|
| .     w     .     .    |    |  4     5     6     7   |
|    .     .     .     . |    |     8     9    10    11|
| .     .     .     .    |    | 12    13    14    15   |
|    w     .     .     . |    |    16    17    18    19|
| w     .     .     .    |    | 20    21    22    23   |
|    .     w     .     w |    |    24    25    26    27|
| .     B     .     w    |    | 28    29    30    31   |
'------------------------'    '------------------------'

White's turn to play.
Possible moves :
0-4
5-1
31-26
3-7
27-23
25-22
25-21
16-12
16-13

Chosen move : 
0-4
,------------------------,    ,------------------------,
|    .     .     .     W |    |     0     1     2     3|
| W     w     .     .    |    |  4     5     6     7   |
|    .     .     .     . |    |     8     9    10    11|
| .     .     .     .    |    | 12    13    14    15   |
|    w     .     .     . |    |    16    17    18    19|
| w     .     .     .    |    | 20    21    22    23   |
|    .     w     .     w |    |    24    25    26    27|
| .     B     .     w    |    | 28    29    30    31   |
'------------------------'    '------------------------'

Black's turn to play.
Possible moves :
29x22

Chosen move : 
29x22
,------------------------,    ,------------------------,
|    .     .     .     W |    |     0     1     2     3|
| W     w     .     .    |    |  4     5     6     7   |
|    .     .     .     . |    |     8     9    10    11|
| .     .     .     .    |    | 12    13    14    15   |
|    w     .     .     . |    |    16    17    18    19|
| w     .     B     .    |    | 20    21    22    23   |
|    .     .     .     w |    |    24    25    26    27|
| .     .     .     w    |    | 28    29    30    31   |
'------------------------'    '------------------------'

White's turn to play.
Possible moves :
4-8
16-13
5-1
4-0
5-0
27-23
16-12
3-7
31-26

Chosen move : 
31-26
,------------------------,    ,------------------------,
|    .     .     .     W |    |     0     1     2     3|
| W     w     .     .    |    |  4     5     6     7   |
|    .     .     .     . |    |     8     9    10    11|
| .     .     .     .    |    | 12    13    14    15   |
|    w     .     .     . |    |    16    17    18    19|
| w     .     B     .    |    | 20    21    22    23   |
|    .     .     w     w |    |    24    25    26    27|
| .     .     .     .    |    | 28    29    30    31   |
'------------------------'    '------------------------'

Black's turn to play.
Possible moves :
22x31

Chosen move : 
22x31
,------------------------,    ,------------------------,
|    .     .     .     W |    |     0     1     2     3|
| W     w     .     .    |    |  4     5     6     7   |
|    .     .     .     . |    |     8     9    10    11|
| .     .     .     .    |    | 12    13    14    15   |
|    w     .     .     . |    |    16    17    18    19|
| w     .     .     .    |    | 20    21    22    23   |
|    .     .     .     w |    |    24    25    26    27|
| .     .     .     B    |    | 28    29    30    31   |
'------------------------'    '------------------------'

White's turn to play.
Possible moves :
4-0
16-13
4-8
16-12
3-7
5-0
5-1
27-23

Chosen move : 
4-0
,------------------------,    ,------------------------,
|    W     .     .     W |    |     0     1     2     3|
| .     w     .     .    |    |  4     5     6     7   |
|    .     .     .     . |    |     8     9    10    11|
| .     .     .     .    |    | 12    13    14    15   |
|    w     .     .     . |    |    16    17    18    19|
| w     .     .     .    |    | 20    21    22    23   |
|    .     .     .     w |    |    24    25    26    27|
| .     .     .     B    |    | 28    29    30    31   |
'------------------------'    '------------------------'

Black's turn to play.
Possible moves :
31-26

Chosen move : 
31-26
,------------------------,    ,------------------------,
|    W     .     .     W |    |     0     1     2     3|
| .     w     .     .    |    |  4     5     6     7   |
|    .     .     .     . |    |     8     9    10    11|
| .     .     .     .    |    | 12    13    14    15   |
|    w     .     .     . |    |    16    17    18    19|
| w     .     .     .    |    | 20    21    22    23   |
|    .     .     B     w |    |    24    25    26    27|
| .     .     .     .    |    | 28    29    30    31   |
'------------------------'    '------------------------'

White's turn to play.
Possible moves :
16-12
3-7
5-1
27-23
16-13
0-4

Chosen move : 
27-23
,------------------------,    ,------------------------,
|    W     .     .     W |    |     0     1     2     3|
| .     w     .     .    |    |  4     5     6     7   |
|    .     .     .     . |    |     8     9    10    11|
| .     .     .     .    |    | 12    13    14    15   |
|    w     .     .     . |    |    16    17    18    19|
| w     .     .     w    |    | 20    21    22    23   |
|    .     .     B     . |    |    24    25    26    27|
| .     .     .     .    |    | 28    29    30    31   |
'------------------------'    '------------------------'

Black's turn to play.
Possible moves :
26x19

Chosen move : 
26x19
,------------------------,    ,------------------------,
|    W     .     .     W |    |     0     1     2     3|
| .     w     .     .    |    |  4     5     6     7   |
|    .     .     .     . |    |     8     9    10    11|
| .     .     .     .    |    | 12    13    14    15   |
|    w     .     .     B |    |    16    17    18    19|
| w     .     .     .    |    | 20    21    22    23   |
|    .     .     .     . |    |    24    25    26    27|
| .     .     .     .    |    | 28    29    30    31   |
'------------------------'    '------------------------'

White's turn to play.
Possible moves :
16-13
5-1
3-7
0-4
16-12

Chosen move : 
16-13
,------------------------,    ,------------------------,
|    W     .     .     W |    |     0     1     2     3|
| .     w     .     .    |    |  4     5     6     7   |
|    .     .     .     . |    |     8     9    10    11|
| .     w     .     .    |    | 12    13    14    15   |
|    .     .     .     B |    |    16    17    18    19|
| w     .     .     .    |    | 20    21    22    23   |
|    .     .     .     . |    |    24    25    26    27|
| .     .     .     .    |    | 28    29    30    31   |
'------------------------'    '------------------------'

Black's turn to play.
Possible moves :
19-15
19-23

Chosen move : 
19-23
,------------------------,    ,------------------------,
|    W     .     .     W |    |     0     1     2     3|
| .     w     .     .    |    |  4     5     6     7   |
|    .     .     .     . |    |     8     9    10    11|
| .     w     .     .    |    | 12    13    14    15   |
|    .     .     .     . |    |    16    17    18    19|
| w     .     .     B    |    | 20    21    22    23   |
|    .     .     .     . |    |    24    25    26    27|
| .     .     .     .    |    | 28    29    30    31   |
'------------------------'    '------------------------'

White's turn to play.
Possible moves :
20-16
13-8
13-9
3-7
0-4
5-1

Chosen move : 
20-16
,------------------------,    ,------------------------,
|    W     .     .     W |    |     0     1     2     3|
| .     w     .     .    |    |  4     5     6     7   |
|    .     .     .     . |    |     8     9    10    11|
| .     w     .     .    |    | 12    13    14    15   |
|    w     .     .     . |    |    16    17    18    19|
| .     .     .     B    |    | 20    21    22    23   |
|    .     .     .     . |    |    24    25    26    27|
| .     .     .     .    |    | 28    29    30    31   |
'------------------------'    '------------------------'

Black's turn to play.
Possible moves :
23-19
23-18
23-27
23-26

Chosen move : 
23-27
,------------------------,    ,------------------------,
|    W     .     .     W |    |     0     1     2     3|
| .     w     .     .    |    |  4     5     6     7   |
|    .     .     .     . |    |     8     9    10    11|
| .     w     .     .    |    | 12    13    14    15   |
|    w     .     .     . |    |    16    17    18    19|
| .     .     .     .    |    | 20    21    22    23   |
|    .     .     .     B |    |    24    25    26    27|
| .     .     .     .    |    | 28    29    30    31   |
'------------------------'    '------------------------'

White's turn to play.
Possible moves :
0-4
16-12
13-9
5-1
3-7
13-8

Chosen move : 
0-4
,------------------------,    ,------------------------,
|    .     .     .     W |    |     0     1     2     3|
| W     w     .     .    |    |  4     5     6     7   |
|    .     .     .     . |    |     8     9    10    11|
| .     w     .     .    |    | 12    13    14    15   |
|    w     .     .     . |    |    16    17    18    19|
| .     .     .     .    |    | 20    21    22    23   |
|    .     .     .     B |    |    24    25    26    27|
| .     .     .     .    |    | 28    29    30    31   |
'------------------------'    '------------------------'

Black's turn to play.
Possible moves :
27-23
27-31

Chosen move : 
27-23
,------------------------,    ,------------------------,
|    .     .     .     W |    |     0     1     2     3|
| W     w     .     .    |    |  4     5     6     7   |
|    .     .     .     . |    |     8     9    10    11|
| .     w     .     .    |    | 12    13    14    15   |
|    w     .     .     . |    |    16    17    18    19|
| .     .     .     B    |    | 20    21    22    23   |
|    .     .     .     . |    |    24    25    26    27|
| .     .     .     .    |    | 28    29    30    31   |
'------------------------'    '------------------------'

White's turn to play.
Possible moves :
4-8
16-12
3-7
13-9
13-8
4-0
5-0
5-1

Chosen move : 
4-8
,------------------------,    ,------------------------,
|    .     .     .     W |    |     0     1     2     3|
| .     w     .     .    |    |  4     5     6     7   |
|    W     .     .     . |    |     8     9    10    11|
| .     w     .     .    |    | 12    13    14    15   |
|    w     .     .     . |    |    16    17    18    19|
| .     .     .     B    |    | 20    21    22    23   |
|    .     .     .     . |    |    24    25    26    27|
| .     .     .     .    |    | 28    29    30    31   |
'------------------------'    '------------------------'

Black's turn to play.
Possible moves :
23-26
23-19
23-27
23-18

Chosen move : 
23-19
,------------------------,    ,------------------------,
|    .     .     .     W |    |     0     1     2     3|
| .     w     .     .    |    |  4     5     6     7   |
|    W     .     .     . |    |     8     9    10    11|
| .     w     .     .    |    | 12    13    14    15   |
|    w     .     .     B |    |    16    17    18    19|
| .     .     .     .    |    | 20    21    22    23   |
|    .     .     .     . |    |    24    25    26    27|
| .     .     .     .    |    | 28    29    30    31   |
'------------------------'    '------------------------'

White's turn to play.
Possible moves :
5-1
5-0
8-4
13-9
3-7
8-12
16-12

Chosen move : 
5-1
,------------------------,    ,------------------------,
|    .     W     .     W |    |     0     1     2     3|
| .     .     .     .    |    |  4     5     6     7   |
|    W     .     .     . |    |     8     9    10    11|
| .     w     .     .    |    | 12    13    14    15   |
|    w     .     .     B |    |    16    17    18    19|
| .     .     .     .    |    | 20    21    22    23   |
|    .     .     .     . |    |    24    25    26    27|
| .     .     .     .    |    | 28    29    30    31   |
'------------------------'    '------------------------'

Black's turn to play.
Possible moves :
19-23
19-15

Chosen move : 
19-15
,------------------------,    ,------------------------,
|    .     W     .     W |    |     0     1     2     3|
| .     .     .     .    |    |  4     5     6     7   |
|    W     .     .     . |    |     8     9    10    11|
| .     w     .     B    |    | 12    13    14    15   |
|    w     .     .     . |    |    16    17    18    19|
| .     .     .     .    |    | 20    21    22    23   |
|    .     .     .     . |    |    24    25    26    27|
| .     .     .     .    |    | 28    29    30    31   |
'------------------------'    '------------------------'

White's turn to play.
Possible moves :
1-6
8-12
8-5
3-7
13-9
8-4
1-5
16-12

Chosen move : 
8-12
,------------------------,    ,------------------------,
|    .     W     .     W |    |     0     1     2     3|
| .     .     .     .    |    |  4     5     6     7   |
|    .     .     .     . |    |     8     9    10    11|
| W     w     .     B    |    | 12    13    14    15   |
|    w     .     .     . |    |    16    17    18    19|
| .     .     .     .    |    | 20    21    22    23   |
|    .     .     .     . |    |    24    25    26    27|
| .     .     .     .    |    | 28    29    30    31   |
'------------------------'    '------------------------'

Black's turn to play.
Possible moves :
15-11
15-10
15-19
15-18

Chosen move : 
15-10
,------------------------,    ,------------------------,
|    .     W     .     W |    |     0     1     2     3|
| .     .     .     .    |    |  4     5     6     7   |
|    .     .     B     . |    |     8     9    10    11|
| W     w     .     .    |    | 12    13    14    15   |
|    w     .     .     . |    |    16    17    18    19|
| .     .     .     .    |    | 20    21    22    23   |
|    .     .     .     . |    |    24    25    26    27|
| .     .     .     .    |    | 28    29    30    31   |
'------------------------'    '------------------------'

White's turn to play.
Possible moves :
12-8
1-6
1-5
13-9
13-8
3-7

Chosen move : 
1-6
,------------------------,    ,------------------------,
|    .     .     .     W |    |     0     1     2     3|
| .     .     W     .    |    |  4     5     6     7   |
|    .     .     B     . |    |     8     9    10    11|
| W     w     .     .    |    | 12    13    14    15   |
|    w     .     .     . |    |    16    17    18    19|
| .     .     .     .    |    | 20    21    22    23   |
|    .     .     .     . |    |    24    25    26    27|
| .     .     .     .    |    | 28    29    30    31   |
'------------------------'    '------------------------'

Black's turn to play.
Possible moves :
10x1

Chosen move : 
10x1
,------------------------,    ,------------------------,
|    .     B     .     W |    |     0     1     2     3|
| .     .     .     .    |    |  4     5     6     7   |
|    .     .     .     . |    |     8     9    10    11|
| W     w     .     .    |    | 12    13    14    15   |
|    w     .     .     . |    |    16    17    18    19|
| .     .     .     .    |    | 20    21    22    23   |
|    .     .     .     . |    |    24    25    26    27|
| .     .     .     .    |    | 28    29    30    31   |
'------------------------'    '------------------------'

White's turn to play.
Possible moves :
13-8
12-8
3-7
13-9

Chosen move : 
3-7
,------------------------,    ,------------------------,
|    .     B     .     . |    |     0     1     2     3|
| .     .     .     W    |    |  4     5     6     7   |
|    .     .     .     . |    |     8     9    10    11|
| W     w     .     .    |    | 12    13    14    15   |
|    w     .     .     . |    |    16    17    18    19|
| .     .     .     .    |    | 20    21    22    23   |
|    .     .     .     . |    |    24    25    26    27|
| .     .     .     .    |    | 28    29    30    31   |
'------------------------'    '------------------------'

Black's turn to play.
Possible moves :
1-6
1-5

Chosen move : 
1-5
,------------------------,    ,------------------------,
|    .     .     .     . |    |     0     1     2     3|
| .     B     .     W    |    |  4     5     6     7   |
|    .     .     .     . |    |     8     9    10    11|
| W     w     .     .    |    | 12    13    14    15   |
|    w     .     .     . |    |    16    17    18    19|
| .     .     .     .    |    | 20    21    22    23   |
|    .     .     .     . |    |    24    25    26    27|
| .     .     .     .    |    | 28    29    30    31   |
'------------------------'    '------------------------'

White's turn to play.
Possible moves :
7-2
7-11
13-9
7-3
7-10
13-8
12-8

Chosen move : 
13-8
,------------------------,    ,------------------------,
|    .     .     .     . |    |     0     1     2     3|
| .     B     .     W    |    |  4     5     6     7   |
|    w     .     .     . |    |     8     9    10    11|
| W     .     .     .    |    | 12    13    14    15   |
|    w     .     .     . |    |    16    17    18    19|
| .     .     .     .    |    | 20    21    22    23   |
|    .     .     .     . |    |    24    25    26    27|
| .     .     .     .    |    | 28    29    30    31   |
'------------------------'    '------------------------'

Black's turn to play.
Possible moves :
5-0
5-9
5-1

Chosen move : 
5-9
,------------------------,    ,------------------------,
|    .     .     .     . |    |     0     1     2     3|
| .     .     .     W    |    |  4     5     6     7   |
|    w     B     .     . |    |     8     9    10    11|
| W     .     .     .    |    | 12    13    14    15   |
|    w     .     .     . |    |    16    17    18    19|
| .     .     .     .    |    | 20    21    22    23   |
|    .     .     .     . |    |    24    25    26    27|
| .     .     .     .    |    | 28    29    30    31   |
'------------------------'    '------------------------'

White's turn to play.
Possible moves :
7-3
16-13
7-10
7-11
8-4
7-2
8-5

Chosen move : 
8-5
,------------------------,    ,------------------------,
|    .     .     .     . |    |     0     1     2     3|
| .     w     .     W    |    |  4     5     6     7   |
|    .     B     .     . |    |     8     9    10    11|
| W     .     .     .    |    | 12    13    14    15   |
|    w     .     .     . |    |    16    17    18    19|
| .     .     .     .    |    | 20    21    22    23   |
|    .     .     .     . |    |    24    25    26    27|
| .     .     .     .    |    | 28    29    30    31   |
'------------------------'    '------------------------'

Black's turn to play.
Possible moves :
9x0

Chosen move : 
9x0
,------------------------,    ,------------------------,
|    B     .     .     . |    |     0     1     2     3|
| .     .     .     W    |    |  4     5     6     7   |
|    .     .     .     . |    |     8     9    10    11|
| W     .     .     .    |    | 12    13    14    15   |
|    w     .     .     . |    |    16    17    18    19|
| .     .     .     .    |    | 20    21    22    23   |
|    .     .     .     . |    |    24    25    26    27|
| .     .     .     .    |    | 28    29    30    31   |
'------------------------'    '------------------------'

White's turn to play.
Possible moves :
7-2
16-13
7-10
12-8
7-3
7-11

Chosen move : 
7-2
,------------------------,    ,------------------------,
|    B     .     W     . |    |     0     1     2     3|
| .     .     .     .    |    |  4     5     6     7   |
|    .     .     .     . |    |     8     9    10    11|
| W     .     .     .    |    | 12    13    14    15   |
|    w     .     .     . |    |    16    17    18    19|
| .     .     .     .    |    | 20    21    22    23   |
|    .     .     .     . |    |    24    25    26    27|
| .     .     .     .    |    | 28    29    30    31   |
'------------------------'    '------------------------'

Black's turn to play.
Possible moves :
0-5
0-4

Chosen move : 
0-4
,------------------------,    ,------------------------,
|    .     .     W     . |    |     0     1     2     3|
| B     .     .     .    |    |  4     5     6     7   |
|    .     .     .     . |    |     8     9    10    11|
| W     .     .     .    |    | 12    13    14    15   |
|    w     .     .     . |    |    16    17    18    19|
| .     .     .     .    |    | 20    21    22    23   |
|    .     .     .     . |    |    24    25    26    27|
| .     .     .     .    |    | 28    29    30    31   |
'------------------------'    '------------------------'

White's turn to play.
Possible moves :
2-7
12-8
2-6
16-13

Chosen move : 
12-8
,------------------------,    ,------------------------,
|    .     .     W     . |    |     0     1     2     3|
| B     .     .     .    |    |  4     5     6     7   |
|    W     .     .     . |    |     8     9    10    11|
| .     .     .     .    |    | 12    13    14    15   |
|    w     .     .     . |    |    16    17    18    19|
| .     .     .     .    |    | 20    21    22    23   |
|    .     .     .     . |    |    24    25    26    27|
| .     .     .     .    |    | 28    29    30    31   |
'------------------------'    '------------------------'

Black's turn to play.
Possible moves :
4x13x20

Chosen move : 
4x13x20
,------------------------,    ,------------------------,
|    .     .     W     . |    |     0     1     2     3|
| .     .     .     .    |    |  4     5     6     7   |
|    .     .     .     . |    |     8     9    10    11|
| .     .     .     .    |    | 12    13    14    15   |
|    .     .     .     . |    |    16    17    18    19|
| B     .     .     .    |    | 20    21    22    23   |
|    .     .     .     . |    |    24    25    26    27|
| .     .     .     .    |    | 28    29    30    31   |
'------------------------'    '------------------------'

White's turn to play.
Possible moves :
2-7
2-6

Chosen move : 
2-7
,------------------------,    ,------------------------,
|    .     .     .     . |    |     0     1     2     3|
| .     .     .     W    |    |  4     5     6     7   |
|    .     .     .     . |    |     8     9    10    11|
| .     .     .     .    |    | 12    13    14    15   |
|    .     .     .     . |    |    16    17    18    19|
| B     .     .     .    |    | 20    21    22    23   |
|    .     .     .     . |    |    24    25    26    27|
| .     .     .     .    |    | 28    29    30    31   |
'------------------------'    '------------------------'

Black's turn to play.
Possible moves :
20-16
20-24

Chosen move : 
20-24
,------------------------,    ,------------------------,
|    .     .     .     . |    |     0     1     2     3|
| .     .     .     W    |    |  4     5     6     7   |
|    .     .     .     . |    |     8     9    10    11|
| .     .     .     .    |    | 12    13    14    15   |
|    .     .     .     . |    |    16    17    18    19|
| .     .     .     .    |    | 20    21    22    23   |
|    B     .     .     . |    |    24    25    26    27|
| .     .     .     .    |    | 28    29    30    31   |
'------------------------'    '------------------------'

White's turn to play.
Possible moves :
7-3
7-11
7-2
7-10

Chosen move : 
7-3
,------------------------,    ,------------------------,
|    .     .     .     W |    |     0     1     2     3|
| .     .     .     .    |    |  4     5     6     7   |
|    .     .     .     . |    |     8     9    10    11|
| .     .     .     .    |    | 12    13    14    15   |
|    .     .     .     . |    |    16    17    18    19|
| .     .     .     .    |    | 20    21    22    23   |
|    B     .     .     . |    |    24    25    26    27|
| .     .     .     .    |    | 28    29    30    31   |
'------------------------'    '------------------------'

Black's turn to play.
Possible moves :
24-28
24-20
24-21
24-29

Chosen move : 
24-20
,------------------------,    ,------------------------,
|    .     .     .     W |    |     0     1     2     3|
| .     .     .     .    |    |  4     5     6     7   |
|    .     .     .     . |    |     8     9    10    11|
| .     .     .     .    |    | 12    13    14    15   |
|    .     .     .     . |    |    16    17    18    19|
| B     .     .     .    |    | 20    21    22    23   |
|    .     .     .     . |    |    24    25    26    27|
| .     .     .     .    |    | 28    29    30    31   |
'------------------------'    '------------------------'

White's turn to play.
Possible moves :
3-7

Chosen move : 
3-7
,------------------------,    ,------------------------,
|    .     .     .     . |    |     0     1     2     3|
| .     .     .     W    |    |  4     5     6     7   |
|    .     .     .     . |    |     8     9    10    11|
| .     .     .     .    |    | 12    13    14    15   |
|    .     .     .     . |    |    16    17    18    19|
| B     .     .     .    |    | 20    21    22    23   |
|    .     .     .     . |    |    24    25    26    27|
| .     .     .     .    |    | 28    29    30    31   |
'------------------------'    '------------------------'

Black's turn to play.
Possible moves :
20-24
20-16

Chosen move : 
20-24
,------------------------,    ,------------------------,
|    .     .     .     . |    |     0     1     2     3|
| .     .     .     W    |    |  4     5     6     7   |
|    .     .     .     . |    |     8     9    10    11|
| .     .     .     .    |    | 12    13    14    15   |
|    .     .     .     . |    |    16    17    18    19|
| .     .     .     .    |    | 20    21    22    23   |
|    B     .     .     . |    |    24    25    26    27|
| .     .     .     .    |    | 28    29    30    31   |
'------------------------'    '------------------------'

White's turn to play.
Possible moves :
7-2
7-11
7-3
7-10

Chosen move : 
7-2
,------------------------,    ,------------------------,
|    .     .     W     . |    |     0     1     2     3|
| .     .     .     .    |    |  4     5     6     7   |
|    .     .     .     . |    |     8     9    10    11|
| .     .     .     .    |    | 12    13    14    15   |
|    .     .     .     . |    |    16    17    18    19|
| .     .     .     .    |    | 20    21    22    23   |
|    B     .     .     . |    |    24    25    26    27|
| .     .     .     .    |    | 28    29    30    31   |
'------------------------'    '------------------------'

Black's turn to play.
Possible moves :
24-21
24-28
24-29
24-20

Chosen move : 
24-21
,------------------------,    ,------------------------,
|    .     .     W     . |    |     0     1     2     3|
| .     .     .     .    |    |  4     5     6     7   |
|    .     .     .     . |    |     8     9    10    11|
| .     .     .     .    |    | 12    13    14    15   |
|    .     .     .     . |    |    16    17    18    19|
| .     B     .     .    |    | 20    21    22    23   |
|    .     .     .     . |    |    24    25    26    27|
| .     .     .     .    |    | 28    29    30    31   |
'------------------------'    '------------------------'

White's turn to play.
Possible moves :
2-6
2-7

Chosen move : 
2-6
,------------------------,    ,------------------------,
|    .     .     .     . |    |     0     1     2     3|
| .     .     W     .    |    |  4     5     6     7   |
|    .     .     .     . |    |     8     9    10    11|
| .     .     .     .    |    | 12    13    14    15   |
|    .     .     .     . |    |    16    17    18    19|
| .     B     .     .    |    | 20    21    22    23   |
|    .     .     .     . |    |    24    25    26    27|
| .     .     .     .    |    | 28    29    30    31   |
'------------------------'    '------------------------'

Black's turn to play.
Possible moves :
21-25
21-17
21-24
21-16

Chosen move : 
21-24
,------------------------,    ,------------------------,
|    .     .     .     . |    |     0     1     2     3|
| .     .     W     .    |    |  4     5     6     7   |
|    .     .     .     . |    |     8     9    10    11|
| .     .     .     .    |    | 12    13    14    15   |
|    .     .     .     . |    |    16    17    18    19|
| .     .     .     .    |    | 20    21    22    23   |
|    B     .     .     . |    |    24    25    26    27|
| .     .     .     .    |    | 28    29    30    31   |
'------------------------'    '------------------------'

White's turn to play.
Possible moves :
6-9
6-10
6-1
6-2

Chosen move : 
6-9
,------------------------,    ,------------------------,
|    .     .     .     . |    |     0     1     2     3|
| .     .     .     .    |    |  4     5     6     7   |
|    .     W     .     . |    |     8     9    10    11|
| .     .     .     .    |    | 12    13    14    15   |
|    .     .     .     . |    |    16    17    18    19|
| .     .     .     .    |    | 20    21    22    23   |
|    B     .     .     . |    |    24    25    26    27|
| .     .     .     .    |    | 28    29    30    31   |
'------------------------'    '------------------------'

Black's turn to play.
Possible moves :
24-20
24-21
24-28
24-29

Chosen move : 
24-20
,------------------------,    ,------------------------,
|    .     .     .     . |    |     0     1     2     3|
| .     .     .     .    |    |  4     5     6     7   |
|    .     W     .     . |    |     8     9    10    11|
| .     .     .     .    |    | 12    13    14    15   |
|    .     .     .     . |    |    16    17    18    19|
| B     .     .     .    |    | 20    21    22    23   |
|    .     .     .     . |    |    24    25    26    27|
| .     .     .     .    |    | 28    29    30    31   |
'------------------------'    '------------------------'

White's turn to play.
Possible moves :
9-6
9-13
9-5
9-14

Chosen move : 
9-6
,------------------------,    ,------------------------,
|    .     .     .     . |    |     0     1     2     3|
| .     .     W     .    |    |  4     5     6     7   |
|    .     .     .     . |    |     8     9    10    11|
| .     .     .     .    |    | 12    13    14    15   |
|    .     .     .     . |    |    16    17    18    19|
| B     .     .     .    |    | 20    21    22    23   |
|    .     .     .     . |    |    24    25    26    27|
| .     .     .     .    |    | 28    29    30    31   |
'------------------------'    '------------------------'

Black's turn to play.
Possible moves :
20-24
20-16

Chosen move : 
20-24
,------------------------,    ,------------------------,
|    .     .     .     . |    |     0     1     2     3|
| .     .     W     .    |    |  4     5     6     7   |
|    .     .     .     . |    |     8     9    10    11|
| .     .     .     .    |    | 12    13    14    15   |
|    .     .     .     . |    |    16    17    18    19|
| .     .     .     .    |    | 20    21    22    23   |
|    B     .     .     . |    |    24    25    26    27|
| .     .     .     .    |    | 28    29    30    31   |
'------------------------'    '------------------------'

White's turn to play.
Possible moves :
6-2
6-1
6-10
6-9

Chosen move : 
6-2
,------------------------,    ,------------------------,
|    .     .     W     . |    |     0     1     2     3|
| .     .     .     .    |    |  4     5     6     7   |
|    .     .     .     . |    |     8     9    10    11|
| .     .     .     .    |    | 12    13    14    15   |
|    .     .     .     . |    |    16    17    18    19|
| .     .     .     .    |    | 20    21    22    23   |
|    B     .     .     . |    |    24    25    26    27|
| .     .     .     .    |    | 28    29    30    31   |
'------------------------'    '------------------------'

Black's turn to play.
Possible moves :
24-29
24-21
24-28
24-20

Chosen move : 
24-28
,------------------------,    ,------------------------,
|    .     .     W     . |    |     0     1     2     3|
| .     .     .     .    |    |  4     5     6     7   |
|    .     .     .     . |    |     8     9    10    11|
| .     .     .     .    |    | 12    13    14    15   |
|    .     .     .     . |    |    16    17    18    19|
| .     .     .     .    |    | 20    21    22    23   |
|    .     .     .     . |    |    24    25    26    27|
| B     .     .     .    |    | 28    29    30    31   |
'------------------------'    '------------------------'

White's turn to play.
Possible moves :
2-7
2-6

Chosen move : 
2-7
,------------------------,    ,------------------------,
|    .     .     .     . |    |     0     1     2     3|
| .     .     .     W    |    |  4     5     6     7   |
|    .     .     .     . |    |     8     9    10    11|
| .     .     .     .    |    | 12    13    14    15   |
|    .     .     .     . |    |    16    17    18    19|
| .     .     .     .    |    | 20    21    22    23   |
|    .     .     .     . |    |    24    25    26    27|
| B     .     .     .    |    | 28    29    30    31   |
'------------------------'    '------------------------'

Black's turn to play.
Possible moves :
28-24

Chosen move : 
28-24
,------------------------,    ,------------------------,
|    .     .     .     . |    |     0     1     2     3|
| .     .     .     W    |    |  4     5     6     7   |
|    .     .     .     . |    |     8     9    10    11|
| .     .     .     .    |    | 12    13    14    15   |
|    .     .     .     . |    |    16    17    18    19|
| .     .     .     .    |    | 20    21    22    23   |
|    B     .     .     . |    |    24    25    26    27|
| .     .     .     .    |    | 28    29    30    31   |
'------------------------'    '------------------------'

White's turn to play.
Possible moves :
7-11
7-2
7-10
7-3

Chosen move : 
7-11
,------------------------,    ,------------------------,
|    .     .     .     . |    |     0     1     2     3|
| .     .     .     .    |    |  4     5     6     7   |
|    .     .     .     W |    |     8     9    10    11|
| .     .     .     .    |    | 12    13    14    15   |
|    .     .     .     . |    |    16    17    18    19|
| .     .     .     .    |    | 20    21    22    23   |
|    B     .     .     . |    |    24    25    26    27|
| .     .     .     .    |    | 28    29    30    31   |
'------------------------'    '------------------------'

Black's turn to play.
Possible moves :
24-21
24-28
24-20
24-29

Chosen move : 
24-20
,------------------------,    ,------------------------,
|    .     .     .     . |    |     0     1     2     3|
| .     .     .     .    |    |  4     5     6     7   |
|    .     .     .     W |    |     8     9    10    11|
| .     .     .     .    |    | 12    13    14    15   |
|    .     .     .     . |    |    16    17    18    19|
| B     .     .     .    |    | 20    21    22    23   |
|    .     .     .     . |    |    24    25    26    27|
| .     .     .     .    |    | 28    29    30    31   |
'------------------------'    '------------------------'

White's turn to play.
Possible moves :
11-7
11-15

Chosen move : 
11-7
,------------------------,    ,------------------------,
|    .     .     .     . |    |     0     1     2     3|
| .     .     .     W    |    |  4     5     6     7   |
|    .     .     .     . |    |     8     9    10    11|
| .     .     .     .    |    | 12    13    14    15   |
|    .     .     .     . |    |    16    17    18    19|
| B     .     .     .    |    | 20    21    22    23   |
|    .     .     .     . |    |    24    25    26    27|
| .     .     .     .    |    | 28    29    30    31   |
'------------------------'    '------------------------'

Black's turn to play.
Possible moves :
20-24
20-16

Chosen move : 
20-16
,------------------------,    ,------------------------,
|    .     .     .     . |    |     0     1     2     3|
| .     .     .     W    |    |  4     5     6     7   |
|    .     .     .     . |    |     8     9    10    11|
| .     .     .     .    |    | 12    13    14    15   |
|    B     .     .     . |    |    16    17    18    19|
| .     .     .     .    |    | 20    21    22    23   |
|    .     .     .     . |    |    24    25    26    27|
| .     .     .     .    |    | 28    29    30    31   |
'------------------------'    '------------------------'

White's turn to play.
Possible moves :
7-3
7-10
7-11
7-2

Chosen move : 
7-3
,------------------------,    ,------------------------,
|    .     .     .     W |    |     0     1     2     3|
| .     .     .     .    |    |  4     5     6     7   |
|    .     .     .     . |    |     8     9    10    11|
| .     .     .     .    |    | 12    13    14    15   |
|    B     .     .     . |    |    16    17    18    19|
| .     .     .     .    |    | 20    21    22    23   |
|    .     .     .     . |    |    24    25    26    27|
| .     .     .     .    |    | 28    29    30    31   |
'------------------------'    '------------------------'

Black's turn to play.
Possible moves :
16-12
16-20
16-21
16-13

Chosen move : 
16-21
,------------------------,    ,------------------------,
|    .     .     .     W |    |     0     1     2     3|
| .     .     .     .    |    |  4     5     6     7   |
|    .     .     .     . |    |     8     9    10    11|
| .     .     .     .    |    | 12    13    14    15   |
|    .     .     .     . |    |    16    17    18    19|
| .     B     .     .    |    | 20    21    22    23   |
|    .     .     .     . |    |    24    25    26    27|
| .     .     .     .    |    | 28    29    30    31   |
'------------------------'    '------------------------'

White's turn to play.
Possible moves :
3-7

Chosen move : 
3-7
,------------------------,    ,------------------------,
|    .     .     .     . |    |     0     1     2     3|
| .     .     .     W    |    |  4     5     6     7   |
|    .     .     .     . |    |     8     9    10    11|
| .     .     .     .    |    | 12    13    14    15   |
|    .     .     .     . |    |    16    17    18    19|
| .     B     .     .    |    | 20    21    22    23   |
|    .     .     .     . |    |    24    25    26    27|
| .     .     .     .    |    | 28    29    30    31   |
'------------------------'    '------------------------'

Black's turn to play.
Draw

#PDN#
[Event "IN104 CS Project"]
[Site "ENSTA ParisTech, Palaiseau, FRA"]
[GameType 21,W,8,8,N2,0] {Whites begin}
[Date "Tue Mar 22 20:19:29 2016"]
[Round "?"]
[White "Master minmax"]
[WhiteType "Program"]
[Black "Random Guesser"]
[BlackType "Program"]
[Result "1/2-1/2"]
[WhiteTime "32.440595388412476"]
[BlackTime "0.022884607315063477"]

1.22-17 10-15 2.26-22 9-14 3.17x10x19 8-13 4.30-26 5-9 5.21-17 9-14 6.17x10 6x15 7.19x10 7x14 8.22-18 4-8 9.18x9x16 0-5 10.24-21 1-6 11.16-12 6-9 12.28-24 3-7 13.26-22 9-14 14.23-19 11-15 15.19x10x3 8-13 16.22-17 13x22 17.25x18x9x0 2-6 18.12-8 6-9 19.8-5 9-13 20.21-16 13-17 21.24-21 17x24 22.29-25 24-29 23.0-4 29x22 24.31-26 22x31 25.4-0 31-26 26.27-23 26x19 27.16-13 19-23 28.20-16 23-27 29.0-4 27-23 30.4-8 23-19 31.5-1 19-15 32.8-12 15-10 33.1-6 10x1 34.3-7 1-5 35.13-8 5-9 36.8-5 9x0 37.7-2 0-4 38.12-8 4x13x20 39.2-7 20-24 40.7-3 24-20 41.3-7 20-24 42.7-2 24-21 43.2-6 21-24 44.6-9 24-20 45.9-6 20-24 46.6-2 24-28 47.2-7 28-24 48.7-11 24-20 49.11-7 20-16 50.7-3 16-21 51.3-7  1/2-1/2 *
