Beginning of the game
,------------------------,    ,------------------------,
|    b     b     b     b |    |     0     1     2     3|
| b     b     b     b    |    |  4     5     6     7   |
|    b     b     b     b |    |     8     9    10    11|
| .     .     .     .    |    | 12    13    14    15   |
|    .     .     .     . |    |    16    17    18    19|
| w     w     w     w    |    | 20    21    22    23   |
|    w     w     w     w |    |    24    25    26    27|
| w     w     w     w    |    | 28    29    30    31   |
'------------------------'    '------------------------'

White's turn to play.
Possible moves :
21-16
22-18
22-17
23-18
23-19
20-16
21-17

Chosen move : 
21-16
,------------------------,    ,------------------------,
|    b     b     b     b |    |     0     1     2     3|
| b     b     b     b    |    |  4     5     6     7   |
|    b     b     b     b |    |     8     9    10    11|
| .     .     .     .    |    | 12    13    14    15   |
|    w     .     .     . |    |    16    17    18    19|
| w     .     w     w    |    | 20    21    22    23   |
|    w     w     w     w |    |    24    25    26    27|
| w     w     w     w    |    | 28    29    30    31   |
'------------------------'    '------------------------'

Black's turn to play.
Possible moves :
11-15
9-14
8-13
10-15
8-12
10-14
9-13

Chosen move : 
9-13
,------------------------,    ,------------------------,
|    b     b     b     b |    |     0     1     2     3|
| b     b     b     b    |    |  4     5     6     7   |
|    b     .     b     b |    |     8     9    10    11|
| .     b     .     .    |    | 12    13    14    15   |
|    w     .     .     . |    |    16    17    18    19|
| w     .     w     w    |    | 20    21    22    23   |
|    w     w     w     w |    |    24    25    26    27|
| w     w     w     w    |    | 28    29    30    31   |
'------------------------'    '------------------------'

White's turn to play.
Possible moves :
16x9

Chosen move : 
16x9
,------------------------,    ,------------------------,
|    b     b     b     b |    |     0     1     2     3|
| b     b     b     b    |    |  4     5     6     7   |
|    b     w     b     b |    |     8     9    10    11|
| .     .     .     .    |    | 12    13    14    15   |
|    .     .     .     . |    |    16    17    18    19|
| w     .     w     w    |    | 20    21    22    23   |
|    w     w     w     w |    |    24    25    26    27|
| w     w     w     w    |    | 28    29    30    31   |
'------------------------'    '------------------------'

Black's turn to play.
Possible moves :
5x14
6x13

Chosen move : 
5x14
,------------------------,    ,------------------------,
|    b     b     b     b |    |     0     1     2     3|
| b     .     b     b    |    |  4     5     6     7   |
|    b     .     b     b |    |     8     9    10    11|
| .     .     b     .    |    | 12    13    14    15   |
|    .     .     .     . |    |    16    17    18    19|
| w     .     w     w    |    | 20    21    22    23   |
|    w     w     w     w |    |    24    25    26    27|
| w     w     w     w    |    | 28    29    30    31   |
'------------------------'    '------------------------'

White's turn to play.
Possible moves :
20-16
25-21
22-17
23-18
22-18
23-19
24-21

Chosen move : 
22-17
,------------------------,    ,------------------------,
|    b     b     b     b |    |     0     1     2     3|
| b     .     b     b    |    |  4     5     6     7   |
|    b     .     b     b |    |     8     9    10    11|
| .     .     b     .    |    | 12    13    14    15   |
|    .     w     .     . |    |    16    17    18    19|
| w     .     .     w    |    | 20    21    22    23   |
|    w     w     w     w |    |    24    25    26    27|
| w     w     w     w    |    | 28    29    30    31   |
'------------------------'    '------------------------'

Black's turn to play.
Possible moves :
14x21

Chosen move : 
14x21
,------------------------,    ,------------------------,
|    b     b     b     b |    |     0     1     2     3|
| b     .     b     b    |    |  4     5     6     7   |
|    b     .     b     b |    |     8     9    10    11|
| .     .     .     .    |    | 12    13    14    15   |
|    .     .     .     . |    |    16    17    18    19|
| w     b     .     w    |    | 20    21    22    23   |
|    w     w     w     w |    |    24    25    26    27|
| w     w     w     w    |    | 28    29    30    31   |
'------------------------'    '------------------------'

White's turn to play.
Possible moves :
25x16
24x17

Chosen move : 
25x16
,------------------------,    ,------------------------,
|    b     b     b     b |    |     0     1     2     3|
| b     .     b     b    |    |  4     5     6     7   |
|    b     .     b     b |    |     8     9    10    11|
| .     .     .     .    |    | 12    13    14    15   |
|    w     .     .     . |    |    16    17    18    19|
| w     .     .     w    |    | 20    21    22    23   |
|    w     .     w     w |    |    24    25    26    27|
| w     w     w     w    |    | 28    29    30    31   |
'------------------------'    '------------------------'

Black's turn to play.
Possible moves :
10-15
6-9
8-12
10-14
8-13
11-15
0-5
1-5

Chosen move : 
10-14
,------------------------,    ,------------------------,
|    b     b     b     b |    |     0     1     2     3|
| b     .     b     b    |    |  4     5     6     7   |
|    b     .     .     b |    |     8     9    10    11|
| .     .     b     .    |    | 12    13    14    15   |
|    w     .     .     . |    |    16    17    18    19|
| w     .     .     w    |    | 20    21    22    23   |
|    w     .     w     w |    |    24    25    26    27|
| w     w     w     w    |    | 28    29    30    31   |
'------------------------'    '------------------------'

White's turn to play.
Possible moves :
26-22
29-25
23-18
23-19
16-13
24-21
16-12
30-25

Chosen move : 
23-18
,------------------------,    ,------------------------,
|    b     b     b     b |    |     0     1     2     3|
| b     .     b     b    |    |  4     5     6     7   |
|    b     .     .     b |    |     8     9    10    11|
| .     .     b     .    |    | 12    13    14    15   |
|    w     .     w     . |    |    16    17    18    19|
| w     .     .     .    |    | 20    21    22    23   |
|    w     .     w     w |    |    24    25    26    27|
| w     w     w     w    |    | 28    29    30    31   |
'------------------------'    '------------------------'

Black's turn to play.
Possible moves :
14x23

Chosen move : 
14x23
,------------------------,    ,------------------------,
|    b     b     b     b |    |     0     1     2     3|
| b     .     b     b    |    |  4     5     6     7   |
|    b     .     .     b |    |     8     9    10    11|
| .     .     .     .    |    | 12    13    14    15   |
|    w     .     .     . |    |    16    17    18    19|
| w     .     .     b    |    | 20    21    22    23   |
|    w     .     w     w |    |    24    25    26    27|
| w     w     w     w    |    | 28    29    30    31   |
'------------------------'    '------------------------'

White's turn to play.
Possible moves :
26x19
27x18

Chosen move : 
26x19
,------------------------,    ,------------------------,
|    b     b     b     b |    |     0     1     2     3|
| b     .     b     b    |    |  4     5     6     7   |
|    b     .     .     b |    |     8     9    10    11|
| .     .     .     .    |    | 12    13    14    15   |
|    w     .     .     w |    |    16    17    18    19|
| w     .     .     .    |    | 20    21    22    23   |
|    w     .     .     w |    |    24    25    26    27|
| w     w     w     w    |    | 28    29    30    31   |
'------------------------'    '------------------------'

Black's turn to play.
Possible moves :
1-5
6-9
0-5
8-12
7-10
8-13
11-15
6-10

Chosen move : 
11-15
,------------------------,    ,------------------------,
|    b     b     b     b |    |     0     1     2     3|
| b     .     b     b    |    |  4     5     6     7   |
|    b     .     .     . |    |     8     9    10    11|
| .     .     .     b    |    | 12    13    14    15   |
|    w     .     .     w |    |    16    17    18    19|
| w     .     .     .    |    | 20    21    22    23   |
|    w     .     .     w |    |    24    25    26    27|
| w     w     w     w    |    | 28    29    30    31   |
'------------------------'    '------------------------'

White's turn to play.
Possible moves :
19x10

Chosen move : 
19x10
,------------------------,    ,------------------------,
|    b     b     b     b |    |     0     1     2     3|
| b     .     b     b    |    |  4     5     6     7   |
|    b     .     w     . |    |     8     9    10    11|
| .     .     .     .    |    | 12    13    14    15   |
|    w     .     .     . |    |    16    17    18    19|
| w     .     .     .    |    | 20    21    22    23   |
|    w     .     .     w |    |    24    25    26    27|
| w     w     w     w    |    | 28    29    30    31   |
'------------------------'    '------------------------'

Black's turn to play.
Possible moves :
6x15
7x14

Chosen move : 
7x14
,------------------------,    ,------------------------,
|    b     b     b     b |    |     0     1     2     3|
| b     .     b     .    |    |  4     5     6     7   |
|    b     .     .     . |    |     8     9    10    11|
| .     .     b     .    |    | 12    13    14    15   |
|    w     .     .     . |    |    16    17    18    19|
| w     .     .     .    |    | 20    21    22    23   |
|    w     .     .     w |    |    24    25    26    27|
| w     w     w     w    |    | 28    29    30    31   |
'------------------------'    '------------------------'

White's turn to play.
Possible moves :
27-23
30-26
16-13
30-25
31-26
16-12
24-21
29-25

Chosen move : 
27-23
,------------------------,    ,------------------------,
|    b     b     b     b |    |     0     1     2     3|
| b     .     b     .    |    |  4     5     6     7   |
|    b     .     .     . |    |     8     9    10    11|
| .     .     b     .    |    | 12    13    14    15   |
|    w     .     .     . |    |    16    17    18    19|
| w     .     .     w    |    | 20    21    22    23   |
|    w     .     .     . |    |    24    25    26    27|
| w     w     w     w    |    | 28    29    30    31   |
'------------------------'    '------------------------'

Black's turn to play.
Possible moves :
3-7
6-9
0-5
14-18
2-7
14-17
8-13
8-12
1-5
6-10

Chosen move : 
8-12
,------------------------,    ,------------------------,
|    b     b     b     b |    |     0     1     2     3|
| b     .     b     .    |    |  4     5     6     7   |
|    .     .     .     . |    |     8     9    10    11|
| b     .     b     .    |    | 12    13    14    15   |
|    w     .     .     . |    |    16    17    18    19|
| w     .     .     w    |    | 20    21    22    23   |
|    w     .     .     . |    |    24    25    26    27|
| w     w     w     w    |    | 28    29    30    31   |
'------------------------'    '------------------------'

White's turn to play.
Possible moves :
30-26
23-18
30-25
24-21
23-19
31-27
31-26
29-25
16-13

Chosen move : 
30-26
,------------------------,    ,------------------------,
|    b     b     b     b |    |     0     1     2     3|
| b     .     b     .    |    |  4     5     6     7   |
|    .     .     .     . |    |     8     9    10    11|
| b     .     b     .    |    | 12    13    14    15   |
|    w     .     .     . |    |    16    17    18    19|
| w     .     .     w    |    | 20    21    22    23   |
|    w     .     w     . |    |    24    25    26    27|
| w     w     .     w    |    | 28    29    30    31   |
'------------------------'    '------------------------'

Black's turn to play.
Possible moves :
12x21

Chosen move : 
12x21
,------------------------,    ,------------------------,
|    b     b     b     b |    |     0     1     2     3|
| b     .     b     .    |    |  4     5     6     7   |
|    .     .     .     . |    |     8     9    10    11|
| .     .     b     .    |    | 12    13    14    15   |
|    .     .     .     . |    |    16    17    18    19|
| w     b     .     w    |    | 20    21    22    23   |
|    w     .     w     . |    |    24    25    26    27|
| w     w     .     w    |    | 28    29    30    31   |
'------------------------'    '------------------------'

White's turn to play.
Possible moves :
24x17x10

Chosen move : 
24x17x10
,------------------------,    ,------------------------,
|    b     b     b     b |    |     0     1     2     3|
| b     .     b     .    |    |  4     5     6     7   |
|    .     .     w     . |    |     8     9    10    11|
| .     .     .     .    |    | 12    13    14    15   |
|    .     .     .     . |    |    16    17    18    19|
| w     .     .     w    |    | 20    21    22    23   |
|    .     .     w     . |    |    24    25    26    27|
| w     w     .     w    |    | 28    29    30    31   |
'------------------------'    '------------------------'

Black's turn to play.
Possible moves :
6x15

Chosen move : 
6x15
,------------------------,    ,------------------------,
|    b     b     b     b |    |     0     1     2     3|
| b     .     .     .    |    |  4     5     6     7   |
|    .     .     .     . |    |     8     9    10    11|
| .     .     .     b    |    | 12    13    14    15   |
|    .     .     .     . |    |    16    17    18    19|
| w     .     .     w    |    | 20    21    22    23   |
|    .     .     w     . |    |    24    25    26    27|
| w     w     .     w    |    | 28    29    30    31   |
'------------------------'    '------------------------'

White's turn to play.
Possible moves :
29-24
26-22
20-16
31-27
28-24
29-25
23-19
23-18

Chosen move : 
23-18
,------------------------,    ,------------------------,
|    b     b     b     b |    |     0     1     2     3|
| b     .     .     .    |    |  4     5     6     7   |
|    .     .     .     . |    |     8     9    10    11|
| .     .     .     b    |    | 12    13    14    15   |
|    .     .     w     . |    |    16    17    18    19|
| w     .     .     .    |    | 20    21    22    23   |
|    .     .     w     . |    |    24    25    26    27|
| w     w     .     w    |    | 28    29    30    31   |
'------------------------'    '------------------------'

Black's turn to play.
Possible moves :
15x22

Chosen move : 
15x22
,------------------------,    ,------------------------,
|    b     b     b     b |    |     0     1     2     3|
| b     .     .     .    |    |  4     5     6     7   |
|    .     .     .     . |    |     8     9    10    11|
| .     .     .     .    |    | 12    13    14    15   |
|    .     .     .     . |    |    16    17    18    19|
| w     .     b     .    |    | 20    21    22    23   |
|    .     .     w     . |    |    24    25    26    27|
| w     w     .     w    |    | 28    29    30    31   |
'------------------------'    '------------------------'

White's turn to play.
Possible moves :
26x17

Chosen move : 
26x17
,------------------------,    ,------------------------,
|    b     b     b     b |    |     0     1     2     3|
| b     .     .     .    |    |  4     5     6     7   |
|    .     .     .     . |    |     8     9    10    11|
| .     .     .     .    |    | 12    13    14    15   |
|    .     w     .     . |    |    16    17    18    19|
| w     .     .     .    |    | 20    21    22    23   |
|    .     .     .     . |    |    24    25    26    27|
| w     w     .     w    |    | 28    29    30    31   |
'------------------------'    '------------------------'

Black's turn to play.
Possible moves :
1-6
3-7
0-5
2-7
1-5
2-6
4-8

Chosen move : 
3-7
,------------------------,    ,------------------------,
|    b     b     b     . |    |     0     1     2     3|
| b     .     .     b    |    |  4     5     6     7   |
|    .     .     .     . |    |     8     9    10    11|
| .     .     .     .    |    | 12    13    14    15   |
|    .     w     .     . |    |    16    17    18    19|
| w     .     .     .    |    | 20    21    22    23   |
|    .     .     .     . |    |    24    25    26    27|
| w     w     .     w    |    | 28    29    30    31   |
'------------------------'    '------------------------'

White's turn to play.
Possible moves :
17-14
31-26
28-24
29-24
20-16
17-13
31-27
29-25

Chosen move : 
17-14
,------------------------,    ,------------------------,
|    b     b     b     . |    |     0     1     2     3|
| b     .     .     b    |    |  4     5     6     7   |
|    .     .     .     . |    |     8     9    10    11|
| .     .     w     .    |    | 12    13    14    15   |
|    .     .     .     . |    |    16    17    18    19|
| w     .     .     .    |    | 20    21    22    23   |
|    .     .     .     . |    |    24    25    26    27|
| w     w     .     w    |    | 28    29    30    31   |
'------------------------'    '------------------------'

Black's turn to play.
Possible moves :
7-10
1-6
1-5
0-5
2-6
4-8
7-11

Chosen move : 
1-5
,------------------------,    ,------------------------,
|    b     .     b     . |    |     0     1     2     3|
| b     b     .     b    |    |  4     5     6     7   |
|    .     .     .     . |    |     8     9    10    11|
| .     .     w     .    |    | 12    13    14    15   |
|    .     .     .     . |    |    16    17    18    19|
| w     .     .     .    |    | 20    21    22    23   |
|    .     .     .     . |    |    24    25    26    27|
| w     w     .     w    |    | 28    29    30    31   |
'------------------------'    '------------------------'

White's turn to play.
Possible moves :
14-9
29-25
31-27
20-16
14-10
31-26
29-24
28-24

Chosen move : 
14-9
,------------------------,    ,------------------------,
|    b     .     b     . |    |     0     1     2     3|
| b     b     .     b    |    |  4     5     6     7   |
|    .     w     .     . |    |     8     9    10    11|
| .     .     .     .    |    | 12    13    14    15   |
|    .     .     .     . |    |    16    17    18    19|
| w     .     .     .    |    | 20    21    22    23   |
|    .     .     .     . |    |    24    25    26    27|
| w     w     .     w    |    | 28    29    30    31   |
'------------------------'    '------------------------'

Black's turn to play.
Possible moves :
5x14

Chosen move : 
5x14
,------------------------,    ,------------------------,
|    b     .     b     . |    |     0     1     2     3|
| b     .     .     b    |    |  4     5     6     7   |
|    .     .     .     . |    |     8     9    10    11|
| .     .     b     .    |    | 12    13    14    15   |
|    .     .     .     . |    |    16    17    18    19|
| w     .     .     .    |    | 20    21    22    23   |
|    .     .     .     . |    |    24    25    26    27|
| w     w     .     w    |    | 28    29    30    31   |
'------------------------'    '------------------------'

White's turn to play.
Possible moves :
20-16
31-27
29-24
31-26
29-25
28-24

Chosen move : 
20-16
,------------------------,    ,------------------------,
|    b     .     b     . |    |     0     1     2     3|
| b     .     .     b    |    |  4     5     6     7   |
|    .     .     .     . |    |     8     9    10    11|
| .     .     b     .    |    | 12    13    14    15   |
|    w     .     .     . |    |    16    17    18    19|
| .     .     .     .    |    | 20    21    22    23   |
|    .     .     .     . |    |    24    25    26    27|
| w     w     .     w    |    | 28    29    30    31   |
'------------------------'    '------------------------'

Black's turn to play.
Possible moves :
4-8
0-5
7-10
14-18
2-6
7-11
14-17

Chosen move : 
14-18
,------------------------,    ,------------------------,
|    b     .     b     . |    |     0     1     2     3|
| b     .     .     b    |    |  4     5     6     7   |
|    .     .     .     . |    |     8     9    10    11|
| .     .     .     .    |    | 12    13    14    15   |
|    w     .     b     . |    |    16    17    18    19|
| .     .     .     .    |    | 20    21    22    23   |
|    .     .     .     . |    |    24    25    26    27|
| w     w     .     w    |    | 28    29    30    31   |
'------------------------'    '------------------------'

White's turn to play.
Possible moves :
31-26
28-24
29-24
16-13
29-25
31-27
16-12

Chosen move : 
31-26
,------------------------,    ,------------------------,
|    b     .     b     . |    |     0     1     2     3|
| b     .     .     b    |    |  4     5     6     7   |
|    .     .     .     . |    |     8     9    10    11|
| .     .     .     .    |    | 12    13    14    15   |
|    w     .     b     . |    |    16    17    18    19|
| .     .     .     .    |    | 20    21    22    23   |
|    .     .     w     . |    |    24    25    26    27|
| w     w     .     .    |    | 28    29    30    31   |
'------------------------'    '------------------------'

Black's turn to play.
Possible moves :
7-10
0-5
18-22
4-8
2-6
18-23
7-11

Chosen move : 
18-22
,------------------------,    ,------------------------,
|    b     .     b     . |    |     0     1     2     3|
| b     .     .     b    |    |  4     5     6     7   |
|    .     .     .     . |    |     8     9    10    11|
| .     .     .     .    |    | 12    13    14    15   |
|    w     .     .     . |    |    16    17    18    19|
| .     .     b     .    |    | 20    21    22    23   |
|    .     .     w     . |    |    24    25    26    27|
| w     w     .     .    |    | 28    29    30    31   |
'------------------------'    '------------------------'

White's turn to play.
Possible moves :
26x17

Chosen move : 
26x17
,------------------------,    ,------------------------,
|    b     .     b     . |    |     0     1     2     3|
| b     .     .     b    |    |  4     5     6     7   |
|    .     .     .     . |    |     8     9    10    11|
| .     .     .     .    |    | 12    13    14    15   |
|    w     w     .     . |    |    16    17    18    19|
| .     .     .     .    |    | 20    21    22    23   |
|    .     .     .     . |    |    24    25    26    27|
| w     w     .     .    |    | 28    29    30    31   |
'------------------------'    '------------------------'

Black's turn to play.
Possible moves :
7-10
2-6
0-5
4-8
7-11

Chosen move : 
7-11
,------------------------,    ,------------------------,
|    b     .     b     . |    |     0     1     2     3|
| b     .     .     .    |    |  4     5     6     7   |
|    .     .     .     b |    |     8     9    10    11|
| .     .     .     .    |    | 12    13    14    15   |
|    w     w     .     . |    |    16    17    18    19|
| .     .     .     .    |    | 20    21    22    23   |
|    .     .     .     . |    |    24    25    26    27|
| w     w     .     .    |    | 28    29    30    31   |
'------------------------'    '------------------------'

White's turn to play.
Possible moves :
16-13
28-24
29-24
29-25
17-13
16-12
17-14

Chosen move : 
16-13
,------------------------,    ,------------------------,
|    b     .     b     . |    |     0     1     2     3|
| b     .     .     .    |    |  4     5     6     7   |
|    .     .     .     b |    |     8     9    10    11|
| .     w     .     .    |    | 12    13    14    15   |
|    .     w     .     . |    |    16    17    18    19|
| .     .     .     .    |    | 20    21    22    23   |
|    .     .     .     . |    |    24    25    26    27|
| w     w     .     .    |    | 28    29    30    31   |
'------------------------'    '------------------------'

Black's turn to play.
Possible moves :
0-5
11-15
2-7
4-8
2-6

Chosen move : 
11-15
,------------------------,    ,------------------------,
|    b     .     b     . |    |     0     1     2     3|
| b     .     .     .    |    |  4     5     6     7   |
|    .     .     .     . |    |     8     9    10    11|
| .     w     .     b    |    | 12    13    14    15   |
|    .     w     .     . |    |    16    17    18    19|
| .     .     .     .    |    | 20    21    22    23   |
|    .     .     .     . |    |    24    25    26    27|
| w     w     .     .    |    | 28    29    30    31   |
'------------------------'    '------------------------'

White's turn to play.
Possible moves :
29-25
28-24
13-8
29-24
17-14
13-9

Chosen move : 
29-25
,------------------------,    ,------------------------,
|    b     .     b     . |    |     0     1     2     3|
| b     .     .     .    |    |  4     5     6     7   |
|    .     .     .     . |    |     8     9    10    11|
| .     w     .     b    |    | 12    13    14    15   |
|    .     w     .     . |    |    16    17    18    19|
| .     .     .     .    |    | 20    21    22    23   |
|    .     w     .     . |    |    24    25    26    27|
| w     .     .     .    |    | 28    29    30    31   |
'------------------------'    '------------------------'

Black's turn to play.
Possible moves :
15-18
0-5
15-19
2-7
2-6
4-8

Chosen move : 
4-8
,------------------------,    ,------------------------,
|    b     .     b     . |    |     0     1     2     3|
| .     .     .     .    |    |  4     5     6     7   |
|    b     .     .     . |    |     8     9    10    11|
| .     w     .     b    |    | 12    13    14    15   |
|    .     w     .     . |    |    16    17    18    19|
| .     .     .     .    |    | 20    21    22    23   |
|    .     w     .     . |    |    24    25    26    27|
| w     .     .     .    |    | 28    29    30    31   |
'------------------------'    '------------------------'

White's turn to play.
Possible moves :
13x4

Chosen move : 
13x4
,------------------------,    ,------------------------,
|    b     .     b     . |    |     0     1     2     3|
| w     .     .     .    |    |  4     5     6     7   |
|    .     .     .     . |    |     8     9    10    11|
| .     .     .     b    |    | 12    13    14    15   |
|    .     w     .     . |    |    16    17    18    19|
| .     .     .     .    |    | 20    21    22    23   |
|    .     w     .     . |    |    24    25    26    27|
| w     .     .     .    |    | 28    29    30    31   |
'------------------------'    '------------------------'

Black's turn to play.
Possible moves :
2-7
0-5
15-19
15-18
2-6

Chosen move : 
2-7
,------------------------,    ,------------------------,
|    b     .     .     . |    |     0     1     2     3|
| w     .     .     b    |    |  4     5     6     7   |
|    .     .     .     . |    |     8     9    10    11|
| .     .     .     b    |    | 12    13    14    15   |
|    .     w     .     . |    |    16    17    18    19|
| .     .     .     .    |    | 20    21    22    23   |
|    .     w     .     . |    |    24    25    26    27|
| w     .     .     .    |    | 28    29    30    31   |
'------------------------'    '------------------------'

White's turn to play.
Possible moves :
25-22
28-24
25-21
17-14
17-13

Chosen move : 
25-22
,------------------------,    ,------------------------,
|    b     .     .     . |    |     0     1     2     3|
| w     .     .     b    |    |  4     5     6     7   |
|    .     .     .     . |    |     8     9    10    11|
| .     .     .     b    |    | 12    13    14    15   |
|    .     w     .     . |    |    16    17    18    19|
| .     .     w     .    |    | 20    21    22    23   |
|    .     .     .     . |    |    24    25    26    27|
| w     .     .     .    |    | 28    29    30    31   |
'------------------------'    '------------------------'

Black's turn to play.
Possible moves :
7-10
15-19
15-18
7-11
0-5

Chosen move : 
0-5
,------------------------,    ,------------------------,
|    .     .     .     . |    |     0     1     2     3|
| w     b     .     b    |    |  4     5     6     7   |
|    .     .     .     . |    |     8     9    10    11|
| .     .     .     b    |    | 12    13    14    15   |
|    .     w     .     . |    |    16    17    18    19|
| .     .     w     .    |    | 20    21    22    23   |
|    .     .     .     . |    |    24    25    26    27|
| w     .     .     .    |    | 28    29    30    31   |
'------------------------'    '------------------------'

White's turn to play.
Possible moves :
17-14
22-18
4-0
28-24
17-13

Chosen move : 
17-14
,------------------------,    ,------------------------,
|    .     .     .     . |    |     0     1     2     3|
| w     b     .     b    |    |  4     5     6     7   |
|    .     .     .     . |    |     8     9    10    11|
| .     .     w     b    |    | 12    13    14    15   |
|    .     .     .     . |    |    16    17    18    19|
| .     .     w     .    |    | 20    21    22    23   |
|    .     .     .     . |    |    24    25    26    27|
| w     .     .     .    |    | 28    29    30    31   |
'------------------------'    '------------------------'

Black's turn to play.
Possible moves :
7-10
7-11
15-18
15-19
5-8
5-9

Chosen move : 
7-10
,------------------------,    ,------------------------,
|    .     .     .     . |    |     0     1     2     3|
| w     b     .     .    |    |  4     5     6     7   |
|    .     .     b     . |    |     8     9    10    11|
| .     .     w     b    |    | 12    13    14    15   |
|    .     .     .     . |    |    16    17    18    19|
| .     .     w     .    |    | 20    21    22    23   |
|    .     .     .     . |    |    24    25    26    27|
| w     .     .     .    |    | 28    29    30    31   |
'------------------------'    '------------------------'

White's turn to play.
Possible moves :
14x7

Chosen move : 
14x7
,------------------------,    ,------------------------,
|    .     .     .     . |    |     0     1     2     3|
| w     b     .     w    |    |  4     5     6     7   |
|    .     .     .     . |    |     8     9    10    11|
| .     .     .     b    |    | 12    13    14    15   |
|    .     .     .     . |    |    16    17    18    19|
| .     .     w     .    |    | 20    21    22    23   |
|    .     .     .     . |    |    24    25    26    27|
| w     .     .     .    |    | 28    29    30    31   |
'------------------------'    '------------------------'

Black's turn to play.
Possible moves :
5-9
15-19
5-8
15-18

Chosen move : 
15-18
,------------------------,    ,------------------------,
|    .     .     .     . |    |     0     1     2     3|
| w     b     .     w    |    |  4     5     6     7   |
|    .     .     .     . |    |     8     9    10    11|
| .     .     .     .    |    | 12    13    14    15   |
|    .     .     b     . |    |    16    17    18    19|
| .     .     w     .    |    | 20    21    22    23   |
|    .     .     .     . |    |    24    25    26    27|
| w     .     .     .    |    | 28    29    30    31   |
'------------------------'    '------------------------'

White's turn to play.
Possible moves :
22x15

Chosen move : 
22x15
,------------------------,    ,------------------------,
|    .     .     .     . |    |     0     1     2     3|
| w     b     .     w    |    |  4     5     6     7   |
|    .     .     .     . |    |     8     9    10    11|
| .     .     .     w    |    | 12    13    14    15   |
|    .     .     .     . |    |    16    17    18    19|
| .     .     .     .    |    | 20    21    22    23   |
|    .     .     .     . |    |    24    25    26    27|
| w     .     .     .    |    | 28    29    30    31   |
'------------------------'    '------------------------'

Black's turn to play.
Possible moves :
5-8
5-9

Chosen move : 
5-8
,------------------------,    ,------------------------,
|    .     .     .     . |    |     0     1     2     3|
| w     .     .     w    |    |  4     5     6     7   |
|    b     .     .     . |    |     8     9    10    11|
| .     .     .     w    |    | 12    13    14    15   |
|    .     .     .     . |    |    16    17    18    19|
| .     .     .     .    |    | 20    21    22    23   |
|    .     .     .     . |    |    24    25    26    27|
| w     .     .     .    |    | 28    29    30    31   |
'------------------------'    '------------------------'

White's turn to play.
Possible moves :
4x13

Chosen move : 
4x13
,------------------------,    ,------------------------,
|    .     .     .     . |    |     0     1     2     3|
| .     .     .     w    |    |  4     5     6     7   |
|    .     .     .     . |    |     8     9    10    11|
| .     w     .     w    |    | 12    13    14    15   |
|    .     .     .     . |    |    16    17    18    19|
| .     .     .     .    |    | 20    21    22    23   |
|    .     .     .     . |    |    24    25    26    27|
| w     .     .     .    |    | 28    29    30    31   |
'------------------------'    '------------------------'

Black's turn to play.
End of Game !

#PDN#
[Event "IN104 CS Project"]
[Site "ENSTA ParisTech, Palaiseau, FRA"]
[GameType “21,W,8,8,N2,0”] {Whites begin}
[Date "Tue Mar 22 20:08:38 2016"]
[Round "?"]
[White "Master minmax"]
[WhiteType "Program"]
[Black "Random Guesser"]
[BlackType "Program"]
[Result "1-0"] {White (Master minmax) wins}
[WhiteTime "3.874274253845215"]
[BlackTime "0.012930870056152344"]

1.21-16 9-13 2.16x9 5x14 3.22-17 14x21 4.25x16 10-14 5.23-18 14x23 6.26x19 11-15 7.19x10 7x14 8.27-23 8-12 9.30-26 12x21 10.24x17x10 6x15 11.23-18 15x22 12.26x17 3-7 13.17-14 1-5 14.14-9 5x14 15.20-16 14-18 16.31-26 18-22 17.26x17 7-11 18.16-13 11-15 19.29-25 4-8 20.13x4 2-7 21.25-22 0-5 22.17-14 7-10 23.14x7 15-18 24.22x15 5-8 25.4x13  1-0 *
