Beginning of the game
,------------------------,    ,------------------------,
|    b     b     b     b |    |     0     1     2     3|
| b     b     b     b    |    |  4     5     6     7   |
|    b     b     b     b |    |     8     9    10    11|
| .     .     .     .    |    | 12    13    14    15   |
|    .     .     .     . |    |    16    17    18    19|
| w     w     w     w    |    | 20    21    22    23   |
|    w     w     w     w |    |    24    25    26    27|
| w     w     w     w    |    | 28    29    30    31   |
'------------------------'    '------------------------'

White's turn to play.
Possible moves :
22-17
21-17
23-19
23-18
21-16
22-18
20-16

Chosen move : 
22-17
,------------------------,    ,------------------------,
|    b     b     b     b |    |     0     1     2     3|
| b     b     b     b    |    |  4     5     6     7   |
|    b     b     b     b |    |     8     9    10    11|
| .     .     .     .    |    | 12    13    14    15   |
|    .     w     .     . |    |    16    17    18    19|
| w     w     .     w    |    | 20    21    22    23   |
|    w     w     w     w |    |    24    25    26    27|
| w     w     w     w    |    | 28    29    30    31   |
'------------------------'    '------------------------'

Black's turn to play.
Possible moves :
11-15
8-13
9-14
10-15
9-13
8-12
10-14

Chosen move : 
9-14
,------------------------,    ,------------------------,
|    b     b     b     b |    |     0     1     2     3|
| b     b     b     b    |    |  4     5     6     7   |
|    b     .     b     b |    |     8     9    10    11|
| .     .     b     .    |    | 12    13    14    15   |
|    .     w     .     . |    |    16    17    18    19|
| w     w     .     w    |    | 20    21    22    23   |
|    w     w     w     w |    |    24    25    26    27|
| w     w     w     w    |    | 28    29    30    31   |
'------------------------'    '------------------------'

White's turn to play.
Possible moves :
20-16
21-16
23-18
25-22
26-22
23-19
17-13

Chosen move : 
23-18
,------------------------,    ,------------------------,
|    b     b     b     b |    |     0     1     2     3|
| b     b     b     b    |    |  4     5     6     7   |
|    b     .     b     b |    |     8     9    10    11|
| .     .     b     .    |    | 12    13    14    15   |
|    .     w     w     . |    |    16    17    18    19|
| w     w     .     .    |    | 20    21    22    23   |
|    w     w     w     w |    |    24    25    26    27|
| w     w     w     w    |    | 28    29    30    31   |
'------------------------'    '------------------------'

Black's turn to play.
Possible moves :
14x23

Chosen move : 
14x23
,------------------------,    ,------------------------,
|    b     b     b     b |    |     0     1     2     3|
| b     b     b     b    |    |  4     5     6     7   |
|    b     .     b     b |    |     8     9    10    11|
| .     .     .     .    |    | 12    13    14    15   |
|    .     w     .     . |    |    16    17    18    19|
| w     w     .     b    |    | 20    21    22    23   |
|    w     w     w     w |    |    24    25    26    27|
| w     w     w     w    |    | 28    29    30    31   |
'------------------------'    '------------------------'

White's turn to play.
Possible moves :
26x19
27x18

Chosen move : 
26x19
,------------------------,    ,------------------------,
|    b     b     b     b |    |     0     1     2     3|
| b     b     b     b    |    |  4     5     6     7   |
|    b     .     b     b |    |     8     9    10    11|
| .     .     .     .    |    | 12    13    14    15   |
|    .     w     .     w |    |    16    17    18    19|
| w     w     .     .    |    | 20    21    22    23   |
|    w     w     .     w |    |    24    25    26    27|
| w     w     w     w    |    | 28    29    30    31   |
'------------------------'    '------------------------'

Black's turn to play.
Possible moves :
6-9
5-9
10-15
10-14
8-13
8-12
11-15

Chosen move : 
6-9
,------------------------,    ,------------------------,
|    b     b     b     b |    |     0     1     2     3|
| b     b     .     b    |    |  4     5     6     7   |
|    b     b     b     b |    |     8     9    10    11|
| .     .     .     .    |    | 12    13    14    15   |
|    .     w     .     w |    |    16    17    18    19|
| w     w     .     .    |    | 20    21    22    23   |
|    w     w     .     w |    |    24    25    26    27|
| w     w     w     w    |    | 28    29    30    31   |
'------------------------'    '------------------------'

White's turn to play.
Possible moves :
30-26
25-22
27-23
20-16
21-16
17-13
31-26
17-14
19-15

Chosen move : 
17-13
,------------------------,    ,------------------------,
|    b     b     b     b |    |     0     1     2     3|
| b     b     .     b    |    |  4     5     6     7   |
|    b     b     b     b |    |     8     9    10    11|
| .     w     .     .    |    | 12    13    14    15   |
|    .     .     .     w |    |    16    17    18    19|
| w     w     .     .    |    | 20    21    22    23   |
|    w     w     .     w |    |    24    25    26    27|
| w     w     w     w    |    | 28    29    30    31   |
'------------------------'    '------------------------'

Black's turn to play.
Possible moves :
8x17
9x16

Chosen move : 
8x17
,------------------------,    ,------------------------,
|    b     b     b     b |    |     0     1     2     3|
| b     b     .     b    |    |  4     5     6     7   |
|    .     b     b     b |    |     8     9    10    11|
| .     .     .     .    |    | 12    13    14    15   |
|    .     b     .     w |    |    16    17    18    19|
| w     w     .     .    |    | 20    21    22    23   |
|    w     w     .     w |    |    24    25    26    27|
| w     w     w     w    |    | 28    29    30    31   |
'------------------------'    '------------------------'

White's turn to play.
Possible moves :
21x14

Chosen move : 
21x14
,------------------------,    ,------------------------,
|    b     b     b     b |    |     0     1     2     3|
| b     b     .     b    |    |  4     5     6     7   |
|    .     b     b     b |    |     8     9    10    11|
| .     .     w     .    |    | 12    13    14    15   |
|    .     .     .     w |    |    16    17    18    19|
| w     .     .     .    |    | 20    21    22    23   |
|    w     w     .     w |    |    24    25    26    27|
| w     w     w     w    |    | 28    29    30    31   |
'------------------------'    '------------------------'

Black's turn to play.
Possible moves :
10x17
9x18

Chosen move : 
9x18
,------------------------,    ,------------------------,
|    b     b     b     b |    |     0     1     2     3|
| b     b     .     b    |    |  4     5     6     7   |
|    .     .     b     b |    |     8     9    10    11|
| .     .     .     .    |    | 12    13    14    15   |
|    .     .     b     w |    |    16    17    18    19|
| w     .     .     .    |    | 20    21    22    23   |
|    w     w     .     w |    |    24    25    26    27|
| w     w     w     w    |    | 28    29    30    31   |
'------------------------'    '------------------------'

White's turn to play.
Possible moves :
25-21
25-22
31-26
19-15
20-16
27-23
30-26
24-21

Chosen move : 
25-22
,------------------------,    ,------------------------,
|    b     b     b     b |    |     0     1     2     3|
| b     b     .     b    |    |  4     5     6     7   |
|    .     .     b     b |    |     8     9    10    11|
| .     .     .     .    |    | 12    13    14    15   |
|    .     .     b     w |    |    16    17    18    19|
| w     .     w     .    |    | 20    21    22    23   |
|    w     .     .     w |    |    24    25    26    27|
| w     w     w     w    |    | 28    29    30    31   |
'------------------------'    '------------------------'

Black's turn to play.
Possible moves :
18x25

Chosen move : 
18x25
,------------------------,    ,------------------------,
|    b     b     b     b |    |     0     1     2     3|
| b     b     .     b    |    |  4     5     6     7   |
|    .     .     b     b |    |     8     9    10    11|
| .     .     .     .    |    | 12    13    14    15   |
|    .     .     .     w |    |    16    17    18    19|
| w     .     .     .    |    | 20    21    22    23   |
|    w     b     .     w |    |    24    25    26    27|
| w     w     w     w    |    | 28    29    30    31   |
'------------------------'    '------------------------'

White's turn to play.
Possible moves :
29x22
30x21

Chosen move : 
29x22
,------------------------,    ,------------------------,
|    b     b     b     b |    |     0     1     2     3|
| b     b     .     b    |    |  4     5     6     7   |
|    .     .     b     b |    |     8     9    10    11|
| .     .     .     .    |    | 12    13    14    15   |
|    .     .     .     w |    |    16    17    18    19|
| w     .     w     .    |    | 20    21    22    23   |
|    w     .     .     w |    |    24    25    26    27|
| w     .     w     w    |    | 28    29    30    31   |
'------------------------'    '------------------------'

Black's turn to play.
Possible moves :
2-6
1-6
10-15
11-15
4-8
10-14
5-8
5-9

Chosen move : 
10-15
,------------------------,    ,------------------------,
|    b     b     b     b |    |     0     1     2     3|
| b     b     .     b    |    |  4     5     6     7   |
|    .     .     .     b |    |     8     9    10    11|
| .     .     .     b    |    | 12    13    14    15   |
|    .     .     .     w |    |    16    17    18    19|
| w     .     w     .    |    | 20    21    22    23   |
|    w     .     .     w |    |    24    25    26    27|
| w     .     w     w    |    | 28    29    30    31   |
'------------------------'    '------------------------'

White's turn to play.
Possible moves :
19x10

Chosen move : 
19x10
,------------------------,    ,------------------------,
|    b     b     b     b |    |     0     1     2     3|
| b     b     .     b    |    |  4     5     6     7   |
|    .     .     w     b |    |     8     9    10    11|
| .     .     .     .    |    | 12    13    14    15   |
|    .     .     .     . |    |    16    17    18    19|
| w     .     w     .    |    | 20    21    22    23   |
|    w     .     .     w |    |    24    25    26    27|
| w     .     w     w    |    | 28    29    30    31   |
'------------------------'    '------------------------'

Black's turn to play.
Possible moves :
7x14

Chosen move : 
7x14
,------------------------,    ,------------------------,
|    b     b     b     b |    |     0     1     2     3|
| b     b     .     .    |    |  4     5     6     7   |
|    .     .     .     b |    |     8     9    10    11|
| .     .     b     .    |    | 12    13    14    15   |
|    .     .     .     . |    |    16    17    18    19|
| w     .     w     .    |    | 20    21    22    23   |
|    w     .     .     w |    |    24    25    26    27|
| w     .     w     w    |    | 28    29    30    31   |
'------------------------'    '------------------------'

White's turn to play.
Possible moves :
24-21
22-18
31-26
27-23
22-17
30-25
20-16
30-26

Chosen move : 
22-18
,------------------------,    ,------------------------,
|    b     b     b     b |    |     0     1     2     3|
| b     b     .     .    |    |  4     5     6     7   |
|    .     .     .     b |    |     8     9    10    11|
| .     .     b     .    |    | 12    13    14    15   |
|    .     .     w     . |    |    16    17    18    19|
| w     .     .     .    |    | 20    21    22    23   |
|    w     .     .     w |    |    24    25    26    27|
| w     .     w     w    |    | 28    29    30    31   |
'------------------------'    '------------------------'

Black's turn to play.
Possible moves :
14x23

Chosen move : 
14x23
,------------------------,    ,------------------------,
|    b     b     b     b |    |     0     1     2     3|
| b     b     .     .    |    |  4     5     6     7   |
|    .     .     .     b |    |     8     9    10    11|
| .     .     .     .    |    | 12    13    14    15   |
|    .     .     .     . |    |    16    17    18    19|
| w     .     .     b    |    | 20    21    22    23   |
|    w     .     .     w |    |    24    25    26    27|
| w     .     w     w    |    | 28    29    30    31   |
'------------------------'    '------------------------'

White's turn to play.
Possible moves :
27x18

Chosen move : 
27x18
,------------------------,    ,------------------------,
|    b     b     b     b |    |     0     1     2     3|
| b     b     .     .    |    |  4     5     6     7   |
|    .     .     .     b |    |     8     9    10    11|
| .     .     .     .    |    | 12    13    14    15   |
|    .     .     w     . |    |    16    17    18    19|
| w     .     .     .    |    | 20    21    22    23   |
|    w     .     .     . |    |    24    25    26    27|
| w     .     w     w    |    | 28    29    30    31   |
'------------------------'    '------------------------'

Black's turn to play.
Possible moves :
3-7
5-9
5-8
2-7
1-6
2-6
4-8
11-15

Chosen move : 
4-8
,------------------------,    ,------------------------,
|    b     b     b     b |    |     0     1     2     3|
| .     b     .     .    |    |  4     5     6     7   |
|    b     .     .     b |    |     8     9    10    11|
| .     .     .     .    |    | 12    13    14    15   |
|    .     .     w     . |    |    16    17    18    19|
| w     .     .     .    |    | 20    21    22    23   |
|    w     .     .     . |    |    24    25    26    27|
| w     .     w     w    |    | 28    29    30    31   |
'------------------------'    '------------------------'

White's turn to play.
Possible moves :
20-16
31-27
31-26
24-21
18-15
30-26
18-14
30-25

Chosen move : 
20-16
,------------------------,    ,------------------------,
|    b     b     b     b |    |     0     1     2     3|
| .     b     .     .    |    |  4     5     6     7   |
|    b     .     .     b |    |     8     9    10    11|
| .     .     .     .    |    | 12    13    14    15   |
|    w     .     w     . |    |    16    17    18    19|
| .     .     .     .    |    | 20    21    22    23   |
|    w     .     .     . |    |    24    25    26    27|
| w     .     w     w    |    | 28    29    30    31   |
'------------------------'    '------------------------'

Black's turn to play.
Possible moves :
8-13
0-4
2-6
8-12
1-6
2-7
3-7
11-15
5-9

Chosen move : 
0-4
,------------------------,    ,------------------------,
|    .     b     b     b |    |     0     1     2     3|
| b     b     .     .    |    |  4     5     6     7   |
|    b     .     .     b |    |     8     9    10    11|
| .     .     .     .    |    | 12    13    14    15   |
|    w     .     w     . |    |    16    17    18    19|
| .     .     .     .    |    | 20    21    22    23   |
|    w     .     .     . |    |    24    25    26    27|
| w     .     w     w    |    | 28    29    30    31   |
'------------------------'    '------------------------'

White's turn to play.
Possible moves :
24-21
31-27
16-13
31-26
30-25
16-12
24-20
30-26
18-14
18-15

Chosen move : 
24-21
,------------------------,    ,------------------------,
|    .     b     b     b |    |     0     1     2     3|
| b     b     .     .    |    |  4     5     6     7   |
|    b     .     .     b |    |     8     9    10    11|
| .     .     .     .    |    | 12    13    14    15   |
|    w     .     w     . |    |    16    17    18    19|
| .     w     .     .    |    | 20    21    22    23   |
|    .     .     .     . |    |    24    25    26    27|
| w     .     w     w    |    | 28    29    30    31   |
'------------------------'    '------------------------'

Black's turn to play.
Possible moves :
2-7
11-15
3-7
8-13
8-12
2-6
1-6
5-9

Chosen move : 
5-9
,------------------------,    ,------------------------,
|    .     b     b     b |    |     0     1     2     3|
| b     .     .     .    |    |  4     5     6     7   |
|    b     b     .     b |    |     8     9    10    11|
| .     .     .     .    |    | 12    13    14    15   |
|    w     .     w     . |    |    16    17    18    19|
| .     w     .     .    |    | 20    21    22    23   |
|    .     .     .     . |    |    24    25    26    27|
| w     .     w     w    |    | 28    29    30    31   |
'------------------------'    '------------------------'

White's turn to play.
Possible moves :
28-24
16-13
16-12
21-17
18-14
31-27
30-25
30-26
31-26
18-15

Chosen move : 
16-13
,------------------------,    ,------------------------,
|    .     b     b     b |    |     0     1     2     3|
| b     .     .     .    |    |  4     5     6     7   |
|    b     b     .     b |    |     8     9    10    11|
| .     w     .     .    |    | 12    13    14    15   |
|    .     .     w     . |    |    16    17    18    19|
| .     w     .     .    |    | 20    21    22    23   |
|    .     .     .     . |    |    24    25    26    27|
| w     .     w     w    |    | 28    29    30    31   |
'------------------------'    '------------------------'

Black's turn to play.
Possible moves :
8x17x24
9x16x25

Chosen move : 
8x17x24
,------------------------,    ,------------------------,
|    .     b     b     b |    |     0     1     2     3|
| b     .     .     .    |    |  4     5     6     7   |
|    .     b     .     b |    |     8     9    10    11|
| .     .     .     .    |    | 12    13    14    15   |
|    .     .     w     . |    |    16    17    18    19|
| .     .     .     .    |    | 20    21    22    23   |
|    b     .     .     . |    |    24    25    26    27|
| w     .     w     w    |    | 28    29    30    31   |
'------------------------'    '------------------------'

White's turn to play.
Possible moves :
28x21

Chosen move : 
28x21
,------------------------,    ,------------------------,
|    .     b     b     b |    |     0     1     2     3|
| b     .     .     .    |    |  4     5     6     7   |
|    .     b     .     b |    |     8     9    10    11|
| .     .     .     .    |    | 12    13    14    15   |
|    .     .     w     . |    |    16    17    18    19|
| .     w     .     .    |    | 20    21    22    23   |
|    .     .     .     . |    |    24    25    26    27|
| .     .     w     w    |    | 28    29    30    31   |
'------------------------'    '------------------------'

Black's turn to play.
Possible moves :
4-8
2-7
1-5
9-13
1-6
11-15
9-14
3-7
2-6

Chosen move : 
11-15
,------------------------,    ,------------------------,
|    .     b     b     b |    |     0     1     2     3|
| b     .     .     .    |    |  4     5     6     7   |
|    .     b     .     . |    |     8     9    10    11|
| .     .     .     b    |    | 12    13    14    15   |
|    .     .     w     . |    |    16    17    18    19|
| .     w     .     .    |    | 20    21    22    23   |
|    .     .     .     . |    |    24    25    26    27|
| .     .     w     w    |    | 28    29    30    31   |
'------------------------'    '------------------------'

White's turn to play.
Possible moves :
18x11

Chosen move : 
18x11
,------------------------,    ,------------------------,
|    .     b     b     b |    |     0     1     2     3|
| b     .     .     .    |    |  4     5     6     7   |
|    .     b     .     w |    |     8     9    10    11|
| .     .     .     .    |    | 12    13    14    15   |
|    .     .     .     . |    |    16    17    18    19|
| .     w     .     .    |    | 20    21    22    23   |
|    .     .     .     . |    |    24    25    26    27|
| .     .     w     w    |    | 28    29    30    31   |
'------------------------'    '------------------------'

Black's turn to play.
Possible moves :
1-5
2-7
4-8
3-7
1-6
2-6
9-13
9-14

Chosen move : 
9-13
,------------------------,    ,------------------------,
|    .     b     b     b |    |     0     1     2     3|
| b     .     .     .    |    |  4     5     6     7   |
|    .     .     .     w |    |     8     9    10    11|
| .     b     .     .    |    | 12    13    14    15   |
|    .     .     .     . |    |    16    17    18    19|
| .     w     .     .    |    | 20    21    22    23   |
|    .     .     .     . |    |    24    25    26    27|
| .     .     w     w    |    | 28    29    30    31   |
'------------------------'    '------------------------'

White's turn to play.
Possible moves :
11-7
30-25
30-26
31-26
21-16
21-17
31-27

Chosen move : 
11-7
,------------------------,    ,------------------------,
|    .     b     b     b |    |     0     1     2     3|
| b     .     .     w    |    |  4     5     6     7   |
|    .     .     .     . |    |     8     9    10    11|
| .     b     .     .    |    | 12    13    14    15   |
|    .     .     .     . |    |    16    17    18    19|
| .     w     .     .    |    | 20    21    22    23   |
|    .     .     .     . |    |    24    25    26    27|
| .     .     w     w    |    | 28    29    30    31   |
'------------------------'    '------------------------'

Black's turn to play.
Possible moves :
2x11
3x10

Chosen move : 
3x10
,------------------------,    ,------------------------,
|    .     b     b     . |    |     0     1     2     3|
| b     .     .     .    |    |  4     5     6     7   |
|    .     .     b     . |    |     8     9    10    11|
| .     b     .     .    |    | 12    13    14    15   |
|    .     .     .     . |    |    16    17    18    19|
| .     w     .     .    |    | 20    21    22    23   |
|    .     .     .     . |    |    24    25    26    27|
| .     .     w     w    |    | 28    29    30    31   |
'------------------------'    '------------------------'

White's turn to play.
Possible moves :
31-27
21-17
21-16
30-26
30-25
31-26

Chosen move : 
31-27
,------------------------,    ,------------------------,
|    .     b     b     . |    |     0     1     2     3|
| b     .     .     .    |    |  4     5     6     7   |
|    .     .     b     . |    |     8     9    10    11|
| .     b     .     .    |    | 12    13    14    15   |
|    .     .     .     . |    |    16    17    18    19|
| .     w     .     .    |    | 20    21    22    23   |
|    .     .     .     w |    |    24    25    26    27|
| .     .     w     .    |    | 28    29    30    31   |
'------------------------'    '------------------------'

Black's turn to play.
Possible moves :
10-15
1-6
2-7
4-8
2-6
13-16
13-17
10-14
1-5

Chosen move : 
10-15
,------------------------,    ,------------------------,
|    .     b     b     . |    |     0     1     2     3|
| b     .     .     .    |    |  4     5     6     7   |
|    .     .     .     . |    |     8     9    10    11|
| .     b     .     b    |    | 12    13    14    15   |
|    .     .     .     . |    |    16    17    18    19|
| .     w     .     .    |    | 20    21    22    23   |
|    .     .     .     w |    |    24    25    26    27|
| .     .     w     .    |    | 28    29    30    31   |
'------------------------'    '------------------------'

White's turn to play.
Possible moves :
30-26
21-17
30-25
21-16
27-23

Chosen move : 
30-26
,------------------------,    ,------------------------,
|    .     b     b     . |    |     0     1     2     3|
| b     .     .     .    |    |  4     5     6     7   |
|    .     .     .     . |    |     8     9    10    11|
| .     b     .     b    |    | 12    13    14    15   |
|    .     .     .     . |    |    16    17    18    19|
| .     w     .     .    |    | 20    21    22    23   |
|    .     .     w     w |    |    24    25    26    27|
| .     .     .     .    |    | 28    29    30    31   |
'------------------------'    '------------------------'

Black's turn to play.
Possible moves :
15-19
15-18
13-17
1-5
13-16
4-8
1-6
2-6
2-7

Chosen move : 
15-18
,------------------------,    ,------------------------,
|    .     b     b     . |    |     0     1     2     3|
| b     .     .     .    |    |  4     5     6     7   |
|    .     .     .     . |    |     8     9    10    11|
| .     b     .     .    |    | 12    13    14    15   |
|    .     .     b     . |    |    16    17    18    19|
| .     w     .     .    |    | 20    21    22    23   |
|    .     .     w     w |    |    24    25    26    27|
| .     .     .     .    |    | 28    29    30    31   |
'------------------------'    '------------------------'

White's turn to play.
Possible moves :
21-16
26-23
21-17
27-23
26-22

Chosen move : 
21-16
,------------------------,    ,------------------------,
|    .     b     b     . |    |     0     1     2     3|
| b     .     .     .    |    |  4     5     6     7   |
|    .     .     .     . |    |     8     9    10    11|
| .     b     .     .    |    | 12    13    14    15   |
|    w     .     b     . |    |    16    17    18    19|
| .     .     .     .    |    | 20    21    22    23   |
|    .     .     w     w |    |    24    25    26    27|
| .     .     .     .    |    | 28    29    30    31   |
'------------------------'    '------------------------'

Black's turn to play.
Possible moves :
13x20

Chosen move : 
13x20
,------------------------,    ,------------------------,
|    .     b     b     . |    |     0     1     2     3|
| b     .     .     .    |    |  4     5     6     7   |
|    .     .     .     . |    |     8     9    10    11|
| .     .     .     .    |    | 12    13    14    15   |
|    .     .     b     . |    |    16    17    18    19|
| b     .     .     .    |    | 20    21    22    23   |
|    .     .     w     w |    |    24    25    26    27|
| .     .     .     .    |    | 28    29    30    31   |
'------------------------'    '------------------------'

White's turn to play.
Possible moves :
26-23
26-22
27-23

Chosen move : 
26-23
,------------------------,    ,------------------------,
|    .     b     b     . |    |     0     1     2     3|
| b     .     .     .    |    |  4     5     6     7   |
|    .     .     .     . |    |     8     9    10    11|
| .     .     .     .    |    | 12    13    14    15   |
|    .     .     b     . |    |    16    17    18    19|
| b     .     .     w    |    | 20    21    22    23   |
|    .     .     .     w |    |    24    25    26    27|
| .     .     .     .    |    | 28    29    30    31   |
'------------------------'    '------------------------'

Black's turn to play.
Possible moves :
2-7
18-22
2-6
1-6
20-24
1-5
4-8

Chosen move : 
4-8
,------------------------,    ,------------------------,
|    .     b     b     . |    |     0     1     2     3|
| .     .     .     .    |    |  4     5     6     7   |
|    b     .     .     . |    |     8     9    10    11|
| .     .     .     .    |    | 12    13    14    15   |
|    .     .     b     . |    |    16    17    18    19|
| b     .     .     w    |    | 20    21    22    23   |
|    .     .     .     w |    |    24    25    26    27|
| .     .     .     .    |    | 28    29    30    31   |
'------------------------'    '------------------------'

White's turn to play.
Possible moves :
23x14

Chosen move : 
23x14
,------------------------,    ,------------------------,
|    .     b     b     . |    |     0     1     2     3|
| .     .     .     .    |    |  4     5     6     7   |
|    b     .     .     . |    |     8     9    10    11|
| .     .     w     .    |    | 12    13    14    15   |
|    .     .     .     . |    |    16    17    18    19|
| b     .     .     .    |    | 20    21    22    23   |
|    .     .     .     w |    |    24    25    26    27|
| .     .     .     .    |    | 28    29    30    31   |
'------------------------'    '------------------------'

Black's turn to play.
Possible moves :
2-7
8-12
20-24
2-6
1-5
8-13
1-6

Chosen move : 
8-12
,------------------------,    ,------------------------,
|    .     b     b     . |    |     0     1     2     3|
| .     .     .     .    |    |  4     5     6     7   |
|    .     .     .     . |    |     8     9    10    11|
| b     .     w     .    |    | 12    13    14    15   |
|    .     .     .     . |    |    16    17    18    19|
| b     .     .     .    |    | 20    21    22    23   |
|    .     .     .     w |    |    24    25    26    27|
| .     .     .     .    |    | 28    29    30    31   |
'------------------------'    '------------------------'

White's turn to play.
Possible moves :
14-10
14-9
27-23

Chosen move : 
14-10
,------------------------,    ,------------------------,
|    .     b     b     . |    |     0     1     2     3|
| .     .     .     .    |    |  4     5     6     7   |
|    .     .     w     . |    |     8     9    10    11|
| b     .     .     .    |    | 12    13    14    15   |
|    .     .     .     . |    |    16    17    18    19|
| b     .     .     .    |    | 20    21    22    23   |
|    .     .     .     w |    |    24    25    26    27|
| .     .     .     .    |    | 28    29    30    31   |
'------------------------'    '------------------------'

Black's turn to play.
Possible moves :
20-24
12-16
2-7
2-6
1-5
1-6

Chosen move : 
2-6
,------------------------,    ,------------------------,
|    .     b     .     . |    |     0     1     2     3|
| .     .     b     .    |    |  4     5     6     7   |
|    .     .     w     . |    |     8     9    10    11|
| b     .     .     .    |    | 12    13    14    15   |
|    .     .     .     . |    |    16    17    18    19|
| b     .     .     .    |    | 20    21    22    23   |
|    .     .     .     w |    |    24    25    26    27|
| .     .     .     .    |    | 28    29    30    31   |
'------------------------'    '------------------------'

White's turn to play.
Possible moves :
10-7
27-23

Chosen move : 
10-7
,------------------------,    ,------------------------,
|    .     b     .     . |    |     0     1     2     3|
| .     .     b     w    |    |  4     5     6     7   |
|    .     .     .     . |    |     8     9    10    11|
| b     .     .     .    |    | 12    13    14    15   |
|    .     .     .     . |    |    16    17    18    19|
| b     .     .     .    |    | 20    21    22    23   |
|    .     .     .     w |    |    24    25    26    27|
| .     .     .     .    |    | 28    29    30    31   |
'------------------------'    '------------------------'

Black's turn to play.
Possible moves :
12-16
6-9
20-24
6-10
1-5

Chosen move : 
20-24
,------------------------,    ,------------------------,
|    .     b     .     . |    |     0     1     2     3|
| .     .     b     w    |    |  4     5     6     7   |
|    .     .     .     . |    |     8     9    10    11|
| b     .     .     .    |    | 12    13    14    15   |
|    .     .     .     . |    |    16    17    18    19|
| .     .     .     .    |    | 20    21    22    23   |
|    b     .     .     w |    |    24    25    26    27|
| .     .     .     .    |    | 28    29    30    31   |
'------------------------'    '------------------------'

White's turn to play.
Possible moves :
27-23
7-2
7-3

Chosen move : 
27-23
,------------------------,    ,------------------------,
|    .     b     .     . |    |     0     1     2     3|
| .     .     b     w    |    |  4     5     6     7   |
|    .     .     .     . |    |     8     9    10    11|
| b     .     .     .    |    | 12    13    14    15   |
|    .     .     .     . |    |    16    17    18    19|
| .     .     .     w    |    | 20    21    22    23   |
|    b     .     .     . |    |    24    25    26    27|
| .     .     .     .    |    | 28    29    30    31   |
'------------------------'    '------------------------'

Black's turn to play.
Possible moves :
12-16
24-29
1-5
6-10
6-9
24-28

Chosen move : 
24-29
,------------------------,    ,------------------------,
|    .     b     .     . |    |     0     1     2     3|
| .     .     b     w    |    |  4     5     6     7   |
|    .     .     .     . |    |     8     9    10    11|
| b     .     .     .    |    | 12    13    14    15   |
|    .     .     .     . |    |    16    17    18    19|
| .     .     .     w    |    | 20    21    22    23   |
|    .     .     .     . |    |    24    25    26    27|
| .     B     .     .    |    | 28    29    30    31   |
'------------------------'    '------------------------'

White's turn to play.
Possible moves :
23-18
7-2
7-3
23-19

Chosen move : 
23-18
,------------------------,    ,------------------------,
|    .     b     .     . |    |     0     1     2     3|
| .     .     b     w    |    |  4     5     6     7   |
|    .     .     .     . |    |     8     9    10    11|
| b     .     .     .    |    | 12    13    14    15   |
|    .     .     w     . |    |    16    17    18    19|
| .     .     .     .    |    | 20    21    22    23   |
|    .     .     .     . |    |    24    25    26    27|
| .     B     .     .    |    | 28    29    30    31   |
'------------------------'    '------------------------'

Black's turn to play.
Possible moves :
12-16
29-24
29-25
1-5
6-10
6-9

Chosen move : 
1-5
,------------------------,    ,------------------------,
|    .     .     .     . |    |     0     1     2     3|
| .     b     b     w    |    |  4     5     6     7   |
|    .     .     .     . |    |     8     9    10    11|
| b     .     .     .    |    | 12    13    14    15   |
|    .     .     w     . |    |    16    17    18    19|
| .     .     .     .    |    | 20    21    22    23   |
|    .     .     .     . |    |    24    25    26    27|
| .     B     .     .    |    | 28    29    30    31   |
'------------------------'    '------------------------'

White's turn to play.
Possible moves :
18-14
18-15
7-2
7-3

Chosen move : 
18-14
,------------------------,    ,------------------------,
|    .     .     .     . |    |     0     1     2     3|
| .     b     b     w    |    |  4     5     6     7   |
|    .     .     .     . |    |     8     9    10    11|
| b     .     w     .    |    | 12    13    14    15   |
|    .     .     .     . |    |    16    17    18    19|
| .     .     .     .    |    | 20    21    22    23   |
|    .     .     .     . |    |    24    25    26    27|
| .     B     .     .    |    | 28    29    30    31   |
'------------------------'    '------------------------'

Black's turn to play.
Possible moves :
29-25
5-9
29-24
6-9
5-8
12-16
6-10

Chosen move : 
29-24
,------------------------,    ,------------------------,
|    .     .     .     . |    |     0     1     2     3|
| .     b     b     w    |    |  4     5     6     7   |
|    .     .     .     . |    |     8     9    10    11|
| b     .     w     .    |    | 12    13    14    15   |
|    .     .     .     . |    |    16    17    18    19|
| .     .     .     .    |    | 20    21    22    23   |
|    B     .     .     . |    |    24    25    26    27|
| .     .     .     .    |    | 28    29    30    31   |
'------------------------'    '------------------------'

White's turn to play.
Possible moves :
14-10
7-2
14-9
7-3

Chosen move : 
14-10
,------------------------,    ,------------------------,
|    .     .     .     . |    |     0     1     2     3|
| .     b     b     w    |    |  4     5     6     7   |
|    .     .     w     . |    |     8     9    10    11|
| b     .     .     .    |    | 12    13    14    15   |
|    .     .     .     . |    |    16    17    18    19|
| .     .     .     .    |    | 20    21    22    23   |
|    B     .     .     . |    |    24    25    26    27|
| .     .     .     .    |    | 28    29    30    31   |
'------------------------'    '------------------------'

Black's turn to play.
Possible moves :
6x15

Chosen move : 
6x15
,------------------------,    ,------------------------,
|    .     .     .     . |    |     0     1     2     3|
| .     b     .     w    |    |  4     5     6     7   |
|    .     .     .     . |    |     8     9    10    11|
| b     .     .     b    |    | 12    13    14    15   |
|    .     .     .     . |    |    16    17    18    19|
| .     .     .     .    |    | 20    21    22    23   |
|    B     .     .     . |    |    24    25    26    27|
| .     .     .     .    |    | 28    29    30    31   |
'------------------------'    '------------------------'

White's turn to play.
Possible moves :
7-3
7-2

Chosen move : 
7-3
,------------------------,    ,------------------------,
|    .     .     .     W |    |     0     1     2     3|
| .     b     .     .    |    |  4     5     6     7   |
|    .     .     .     . |    |     8     9    10    11|
| b     .     .     b    |    | 12    13    14    15   |
|    .     .     .     . |    |    16    17    18    19|
| .     .     .     .    |    | 20    21    22    23   |
|    B     .     .     . |    |    24    25    26    27|
| .     .     .     .    |    | 28    29    30    31   |
'------------------------'    '------------------------'

Black's turn to play.
Possible moves :
15-18
15-19
12-16
24-29
5-8
24-21
24-20
24-28
5-9

Chosen move : 
24-28
,------------------------,    ,------------------------,
|    .     .     .     W |    |     0     1     2     3|
| .     b     .     .    |    |  4     5     6     7   |
|    .     .     .     . |    |     8     9    10    11|
| b     .     .     b    |    | 12    13    14    15   |
|    .     .     .     . |    |    16    17    18    19|
| .     .     .     .    |    | 20    21    22    23   |
|    .     .     .     . |    |    24    25    26    27|
| B     .     .     .    |    | 28    29    30    31   |
'------------------------'    '------------------------'

White's turn to play.
Possible moves :
3-7

Chosen move : 
3-7
,------------------------,    ,------------------------,
|    .     .     .     . |    |     0     1     2     3|
| .     b     .     W    |    |  4     5     6     7   |
|    .     .     .     . |    |     8     9    10    11|
| b     .     .     b    |    | 12    13    14    15   |
|    .     .     .     . |    |    16    17    18    19|
| .     .     .     .    |    | 20    21    22    23   |
|    .     .     .     . |    |    24    25    26    27|
| B     .     .     .    |    | 28    29    30    31   |
'------------------------'    '------------------------'

Black's turn to play.
Possible moves :
5-9
28-24
15-18
5-8
15-19
12-16

Chosen move : 
12-16
,------------------------,    ,------------------------,
|    .     .     .     . |    |     0     1     2     3|
| .     b     .     W    |    |  4     5     6     7   |
|    .     .     .     . |    |     8     9    10    11|
| .     .     .     b    |    | 12    13    14    15   |
|    b     .     .     . |    |    16    17    18    19|
| .     .     .     .    |    | 20    21    22    23   |
|    .     .     .     . |    |    24    25    26    27|
| B     .     .     .    |    | 28    29    30    31   |
'------------------------'    '------------------------'

White's turn to play.
Possible moves :
7-3
7-10
7-2
7-11

Chosen move : 
7-10
,------------------------,    ,------------------------,
|    .     .     .     . |    |     0     1     2     3|
| .     b     .     .    |    |  4     5     6     7   |
|    .     .     W     . |    |     8     9    10    11|
| .     .     .     b    |    | 12    13    14    15   |
|    b     .     .     . |    |    16    17    18    19|
| .     .     .     .    |    | 20    21    22    23   |
|    .     .     .     . |    |    24    25    26    27|
| B     .     .     .    |    | 28    29    30    31   |
'------------------------'    '------------------------'

Black's turn to play.
Possible moves :
15x6

Chosen move : 
15x6
,------------------------,    ,------------------------,
|    .     .     .     . |    |     0     1     2     3|
| .     b     b     .    |    |  4     5     6     7   |
|    .     .     .     . |    |     8     9    10    11|
| .     .     .     .    |    | 12    13    14    15   |
|    b     .     .     . |    |    16    17    18    19|
| .     .     .     .    |    | 20    21    22    23   |
|    .     .     .     . |    |    24    25    26    27|
| B     .     .     .    |    | 28    29    30    31   |
'------------------------'    '------------------------'

White's turn to play.
End of Game !

#PDN#
[Event "IN104 CS Project"]
[Site "ENSTA ParisTech, Palaiseau, FRA"]
[GameType “21,W,8,8,N2,0”] {Whites begin}
[Date "Tue Mar 22 20:08:52 2016"]
[Round "?"]
[White "Master minmax"]
[WhiteType "Program"]
[Black "Random Guesser"]
[BlackType "Program"]
[Result "0-1"] {Black (Random Guesser) wins}
[WhiteTime "3.7463762760162354"]
[BlackTime "0.01882338523864746"]

1.22-17 9-14 2.23-18 14x23 3.26x19 6-9 4.17-13 8x17 5.21x14 9x18 6.25-22 18x25 7.29x22 10-15 8.19x10 7x14 9.22-18 14x23 10.27x18 4-8 11.20-16 0-4 12.24-21 5-9 13.16-13 8x17x24 14.28x21 11-15 15.18x11 9-13 16.11-7 3x10 17.31-27 10-15 18.30-26 15-18 19.21-16 13x20 20.26-23 4-8 21.23x14 8-12 22.14-10 2-6 23.10-7 20-24 24.27-23 24-29 25.23-18 1-5 26.18-14 29-24 27.14-10 6x15 28.7-3 24-28 29.3-7 12-16 30.7-10 15x6  0-1 *
