Beginning of the game
,------------------------,    ,------------------------,
|    b     b     b     b |    |     0     1     2     3|
| b     b     b     b    |    |  4     5     6     7   |
|    b     b     b     b |    |     8     9    10    11|
| .     .     .     .    |    | 12    13    14    15   |
|    .     .     .     . |    |    16    17    18    19|
| w     w     w     w    |    | 20    21    22    23   |
|    w     w     w     w |    |    24    25    26    27|
| w     w     w     w    |    | 28    29    30    31   |
'------------------------'    '------------------------'

White's turn to play.
Possible moves :
22-17
21-16
23-18
23-19
20-16
22-18
21-17

Chosen move : 
22-17
,------------------------,    ,------------------------,
|    b     b     b     b |    |     0     1     2     3|
| b     b     b     b    |    |  4     5     6     7   |
|    b     b     b     b |    |     8     9    10    11|
| .     .     .     .    |    | 12    13    14    15   |
|    .     w     .     . |    |    16    17    18    19|
| w     w     .     w    |    | 20    21    22    23   |
|    w     w     w     w |    |    24    25    26    27|
| w     w     w     w    |    | 28    29    30    31   |
'------------------------'    '------------------------'

Black's turn to play.
Possible moves :
8-12
11-15
9-14
8-13
10-15
10-14
9-13

Chosen move : 
8-12
,------------------------,    ,------------------------,
|    b     b     b     b |    |     0     1     2     3|
| b     b     b     b    |    |  4     5     6     7   |
|    .     b     b     b |    |     8     9    10    11|
| b     .     .     .    |    | 12    13    14    15   |
|    .     w     .     . |    |    16    17    18    19|
| w     w     .     w    |    | 20    21    22    23   |
|    w     w     w     w |    |    24    25    26    27|
| w     w     w     w    |    | 28    29    30    31   |
'------------------------'    '------------------------'

White's turn to play.
Possible moves :
17-13
23-19
26-22
20-16
21-16
17-14
25-22
23-18

Chosen move : 
17-13
,------------------------,    ,------------------------,
|    b     b     b     b |    |     0     1     2     3|
| b     b     b     b    |    |  4     5     6     7   |
|    .     b     b     b |    |     8     9    10    11|
| b     w     .     .    |    | 12    13    14    15   |
|    .     .     .     . |    |    16    17    18    19|
| w     w     .     w    |    | 20    21    22    23   |
|    w     w     w     w |    |    24    25    26    27|
| w     w     w     w    |    | 28    29    30    31   |
'------------------------'    '------------------------'

Black's turn to play.
Possible moves :
9x16

Chosen move : 
9x16
,------------------------,    ,------------------------,
|    b     b     b     b |    |     0     1     2     3|
| b     b     b     b    |    |  4     5     6     7   |
|    .     .     b     b |    |     8     9    10    11|
| b     .     .     .    |    | 12    13    14    15   |
|    b     .     .     . |    |    16    17    18    19|
| w     w     .     w    |    | 20    21    22    23   |
|    w     w     w     w |    |    24    25    26    27|
| w     w     w     w    |    | 28    29    30    31   |
'------------------------'    '------------------------'

White's turn to play.
Possible moves :
20x13

Chosen move : 
20x13
,------------------------,    ,------------------------,
|    b     b     b     b |    |     0     1     2     3|
| b     b     b     b    |    |  4     5     6     7   |
|    .     .     b     b |    |     8     9    10    11|
| b     w     .     .    |    | 12    13    14    15   |
|    .     .     .     . |    |    16    17    18    19|
| .     w     .     w    |    | 20    21    22    23   |
|    w     w     w     w |    |    24    25    26    27|
| w     w     w     w    |    | 28    29    30    31   |
'------------------------'    '------------------------'

Black's turn to play.
Possible moves :
4-8
5-8
11-15
12-16
6-9
5-9
10-15
10-14

Chosen move : 
5-9
,------------------------,    ,------------------------,
|    b     b     b     b |    |     0     1     2     3|
| b     .     b     b    |    |  4     5     6     7   |
|    .     b     b     b |    |     8     9    10    11|
| b     w     .     .    |    | 12    13    14    15   |
|    .     .     .     . |    |    16    17    18    19|
| .     w     .     w    |    | 20    21    22    23   |
|    w     w     w     w |    |    24    25    26    27|
| w     w     w     w    |    | 28    29    30    31   |
'------------------------'    '------------------------'

White's turn to play.
Possible moves :
24-20
26-22
21-17
13-8
23-19
23-18
25-22
21-16

Chosen move : 
24-20
,------------------------,    ,------------------------,
|    b     b     b     b |    |     0     1     2     3|
| b     .     b     b    |    |  4     5     6     7   |
|    .     b     b     b |    |     8     9    10    11|
| b     w     .     .    |    | 12    13    14    15   |
|    .     .     .     . |    |    16    17    18    19|
| w     w     .     w    |    | 20    21    22    23   |
|    .     w     w     w |    |    24    25    26    27|
| w     w     w     w    |    | 28    29    30    31   |
'------------------------'    '------------------------'

Black's turn to play.
Possible moves :
9x16

Chosen move : 
9x16
,------------------------,    ,------------------------,
|    b     b     b     b |    |     0     1     2     3|
| b     .     b     b    |    |  4     5     6     7   |
|    .     .     b     b |    |     8     9    10    11|
| b     .     .     .    |    | 12    13    14    15   |
|    b     .     .     . |    |    16    17    18    19|
| w     w     .     w    |    | 20    21    22    23   |
|    .     w     w     w |    |    24    25    26    27|
| w     w     w     w    |    | 28    29    30    31   |
'------------------------'    '------------------------'

White's turn to play.
Possible moves :
20x13

Chosen move : 
20x13
,------------------------,    ,------------------------,
|    b     b     b     b |    |     0     1     2     3|
| b     .     b     b    |    |  4     5     6     7   |
|    .     .     b     b |    |     8     9    10    11|
| b     w     .     .    |    | 12    13    14    15   |
|    .     .     .     . |    |    16    17    18    19|
| .     w     .     w    |    | 20    21    22    23   |
|    .     w     w     w |    |    24    25    26    27|
| w     w     w     w    |    | 28    29    30    31   |
'------------------------'    '------------------------'

Black's turn to play.
Possible moves :
10-15
6-9
11-15
1-5
4-8
0-5
12-16
10-14

Chosen move : 
11-15
,------------------------,    ,------------------------,
|    b     b     b     b |    |     0     1     2     3|
| b     .     b     b    |    |  4     5     6     7   |
|    .     .     b     . |    |     8     9    10    11|
| b     w     .     b    |    | 12    13    14    15   |
|    .     .     .     . |    |    16    17    18    19|
| .     w     .     w    |    | 20    21    22    23   |
|    .     w     w     w |    |    24    25    26    27|
| w     w     w     w    |    | 28    29    30    31   |
'------------------------'    '------------------------'

White's turn to play.
Possible moves :
13-8
21-17
28-24
23-18
23-19
25-22
13-9
29-24
21-16
26-22

Chosen move : 
23-18
,------------------------,    ,------------------------,
|    b     b     b     b |    |     0     1     2     3|
| b     .     b     b    |    |  4     5     6     7   |
|    .     .     b     . |    |     8     9    10    11|
| b     w     .     b    |    | 12    13    14    15   |
|    .     .     w     . |    |    16    17    18    19|
| .     w     .     .    |    | 20    21    22    23   |
|    .     w     w     w |    |    24    25    26    27|
| w     w     w     w    |    | 28    29    30    31   |
'------------------------'    '------------------------'

Black's turn to play.
Possible moves :
15x22

Chosen move : 
15x22
,------------------------,    ,------------------------,
|    b     b     b     b |    |     0     1     2     3|
| b     .     b     b    |    |  4     5     6     7   |
|    .     .     b     . |    |     8     9    10    11|
| b     w     .     .    |    | 12    13    14    15   |
|    .     .     .     . |    |    16    17    18    19|
| .     w     b     .    |    | 20    21    22    23   |
|    .     w     w     w |    |    24    25    26    27|
| w     w     w     w    |    | 28    29    30    31   |
'------------------------'    '------------------------'

White's turn to play.
Possible moves :
25x18
26x17

Chosen move : 
25x18
,------------------------,    ,------------------------,
|    b     b     b     b |    |     0     1     2     3|
| b     .     b     b    |    |  4     5     6     7   |
|    .     .     b     . |    |     8     9    10    11|
| b     w     .     .    |    | 12    13    14    15   |
|    .     .     w     . |    |    16    17    18    19|
| .     w     .     .    |    | 20    21    22    23   |
|    .     .     w     w |    |    24    25    26    27|
| w     w     w     w    |    | 28    29    30    31   |
'------------------------'    '------------------------'

Black's turn to play.
Possible moves :
1-5
10-14
6-9
7-11
0-5
10-15
4-8
12-16

Chosen move : 
4-8
,------------------------,    ,------------------------,
|    b     b     b     b |    |     0     1     2     3|
| .     .     b     b    |    |  4     5     6     7   |
|    b     .     b     . |    |     8     9    10    11|
| b     w     .     .    |    | 12    13    14    15   |
|    .     .     w     . |    |    16    17    18    19|
| .     w     .     .    |    | 20    21    22    23   |
|    .     .     w     w |    |    24    25    26    27|
| w     w     w     w    |    | 28    29    30    31   |
'------------------------'    '------------------------'

White's turn to play.
Possible moves :
13x4

Chosen move : 
13x4
,------------------------,    ,------------------------,
|    b     b     b     b |    |     0     1     2     3|
| w     .     b     b    |    |  4     5     6     7   |
|    .     .     b     . |    |     8     9    10    11|
| b     .     .     .    |    | 12    13    14    15   |
|    .     .     w     . |    |    16    17    18    19|
| .     w     .     .    |    | 20    21    22    23   |
|    .     .     w     w |    |    24    25    26    27|
| w     w     w     w    |    | 28    29    30    31   |
'------------------------'    '------------------------'

Black's turn to play.
Possible moves :
0-5
6-9
1-5
10-15
7-11
10-14
12-16

Chosen move : 
7-11
,------------------------,    ,------------------------,
|    b     b     b     b |    |     0     1     2     3|
| w     .     b     .    |    |  4     5     6     7   |
|    .     .     b     b |    |     8     9    10    11|
| b     .     .     .    |    | 12    13    14    15   |
|    .     .     w     . |    |    16    17    18    19|
| .     w     .     .    |    | 20    21    22    23   |
|    .     .     w     w |    |    24    25    26    27|
| w     w     w     w    |    | 28    29    30    31   |
'------------------------'    '------------------------'

White's turn to play.
Possible moves :
18-15
28-24
30-25
27-23
21-16
29-24
21-17
26-23
26-22
18-14
29-25

Chosen move : 
18-14
,------------------------,    ,------------------------,
|    b     b     b     b |    |     0     1     2     3|
| w     .     b     .    |    |  4     5     6     7   |
|    .     .     b     b |    |     8     9    10    11|
| b     .     w     .    |    | 12    13    14    15   |
|    .     .     .     . |    |    16    17    18    19|
| .     w     .     .    |    | 20    21    22    23   |
|    .     .     w     w |    |    24    25    26    27|
| w     w     w     w    |    | 28    29    30    31   |
'------------------------'    '------------------------'

Black's turn to play.
Possible moves :
10x17x24

Chosen move : 
10x17x24
,------------------------,    ,------------------------,
|    b     b     b     b |    |     0     1     2     3|
| w     .     b     .    |    |  4     5     6     7   |
|    .     .     .     b |    |     8     9    10    11|
| b     .     .     .    |    | 12    13    14    15   |
|    .     .     .     . |    |    16    17    18    19|
| .     .     .     .    |    | 20    21    22    23   |
|    b     .     w     w |    |    24    25    26    27|
| w     w     w     w    |    | 28    29    30    31   |
'------------------------'    '------------------------'

White's turn to play.
Possible moves :
28x21
29x20

Chosen move : 
28x21
,------------------------,    ,------------------------,
|    b     b     b     b |    |     0     1     2     3|
| w     .     b     .    |    |  4     5     6     7   |
|    .     .     .     b |    |     8     9    10    11|
| b     .     .     .    |    | 12    13    14    15   |
|    .     .     .     . |    |    16    17    18    19|
| .     w     .     .    |    | 20    21    22    23   |
|    .     .     w     w |    |    24    25    26    27|
| .     w     w     w    |    | 28    29    30    31   |
'------------------------'    '------------------------'

Black's turn to play.
Possible moves :
6-9
0-5
3-7
2-7
12-16
11-15
1-5
6-10

Chosen move : 
6-9
,------------------------,    ,------------------------,
|    b     b     b     b |    |     0     1     2     3|
| w     .     .     .    |    |  4     5     6     7   |
|    .     b     .     b |    |     8     9    10    11|
| b     .     .     .    |    | 12    13    14    15   |
|    .     .     .     . |    |    16    17    18    19|
| .     w     .     .    |    | 20    21    22    23   |
|    .     .     w     w |    |    24    25    26    27|
| .     w     w     w    |    | 28    29    30    31   |
'------------------------'    '------------------------'

White's turn to play.
Possible moves :
21-16
21-17
29-24
30-25
29-25
26-22
26-23
27-23

Chosen move : 
21-16
,------------------------,    ,------------------------,
|    b     b     b     b |    |     0     1     2     3|
| w     .     .     .    |    |  4     5     6     7   |
|    .     b     .     b |    |     8     9    10    11|
| b     .     .     .    |    | 12    13    14    15   |
|    w     .     .     . |    |    16    17    18    19|
| .     .     .     .    |    | 20    21    22    23   |
|    .     .     w     w |    |    24    25    26    27|
| .     w     w     w    |    | 28    29    30    31   |
'------------------------'    '------------------------'

Black's turn to play.
Possible moves :
12x21

Chosen move : 
12x21
,------------------------,    ,------------------------,
|    b     b     b     b |    |     0     1     2     3|
| w     .     .     .    |    |  4     5     6     7   |
|    .     b     .     b |    |     8     9    10    11|
| .     .     .     .    |    | 12    13    14    15   |
|    .     .     .     . |    |    16    17    18    19|
| .     b     .     .    |    | 20    21    22    23   |
|    .     .     w     w |    |    24    25    26    27|
| .     w     w     w    |    | 28    29    30    31   |
'------------------------'    '------------------------'

White's turn to play.
Possible moves :
27-23
30-25
26-22
29-24
26-23
29-25

Chosen move : 
27-23
,------------------------,    ,------------------------,
|    b     b     b     b |    |     0     1     2     3|
| w     .     .     .    |    |  4     5     6     7   |
|    .     b     .     b |    |     8     9    10    11|
| .     .     .     .    |    | 12    13    14    15   |
|    .     .     .     . |    |    16    17    18    19|
| .     b     .     w    |    | 20    21    22    23   |
|    .     .     w     . |    |    24    25    26    27|
| .     w     w     w    |    | 28    29    30    31   |
'------------------------'    '------------------------'

Black's turn to play.
Possible moves :
11-15
1-5
9-14
21-25
2-6
1-6
21-24
2-7
9-13
3-7
0-5

Chosen move : 
0-5
,------------------------,    ,------------------------,
|    .     b     b     b |    |     0     1     2     3|
| w     b     .     .    |    |  4     5     6     7   |
|    .     b     .     b |    |     8     9    10    11|
| .     .     .     .    |    | 12    13    14    15   |
|    .     .     .     . |    |    16    17    18    19|
| .     b     .     w    |    | 20    21    22    23   |
|    .     .     w     . |    |    24    25    26    27|
| .     w     w     w    |    | 28    29    30    31   |
'------------------------'    '------------------------'

White's turn to play.
Possible moves :
30-25
31-27
26-22
23-19
29-25
29-24
23-18
4-0

Chosen move : 
30-25
,------------------------,    ,------------------------,
|    .     b     b     b |    |     0     1     2     3|
| w     b     .     .    |    |  4     5     6     7   |
|    .     b     .     b |    |     8     9    10    11|
| .     .     .     .    |    | 12    13    14    15   |
|    .     .     .     . |    |    16    17    18    19|
| .     b     .     w    |    | 20    21    22    23   |
|    .     w     w     . |    |    24    25    26    27|
| .     w     .     w    |    | 28    29    30    31   |
'------------------------'    '------------------------'

Black's turn to play.
Possible moves :
21x30

Chosen move : 
21x30
,------------------------,    ,------------------------,
|    .     b     b     b |    |     0     1     2     3|
| w     b     .     .    |    |  4     5     6     7   |
|    .     b     .     b |    |     8     9    10    11|
| .     .     .     .    |    | 12    13    14    15   |
|    .     .     .     . |    |    16    17    18    19|
| .     .     .     w    |    | 20    21    22    23   |
|    .     .     w     . |    |    24    25    26    27|
| .     w     B     w    |    | 28    29    30    31   |
'------------------------'    '------------------------'

White's turn to play.
Possible moves :
31-27
23-18
29-25
26-22
23-19
4-0
29-24

Chosen move : 
23-19
,------------------------,    ,------------------------,
|    .     b     b     b |    |     0     1     2     3|
| w     b     .     .    |    |  4     5     6     7   |
|    .     b     .     b |    |     8     9    10    11|
| .     .     .     .    |    | 12    13    14    15   |
|    .     .     .     w |    |    16    17    18    19|
| .     .     .     .    |    | 20    21    22    23   |
|    .     .     w     . |    |    24    25    26    27|
| .     w     B     w    |    | 28    29    30    31   |
'------------------------'    '------------------------'

Black's turn to play.
Possible moves :
30x23

Chosen move : 
30x23
,------------------------,    ,------------------------,
|    .     b     b     b |    |     0     1     2     3|
| w     b     .     .    |    |  4     5     6     7   |
|    .     b     .     b |    |     8     9    10    11|
| .     .     .     .    |    | 12    13    14    15   |
|    .     .     .     w |    |    16    17    18    19|
| .     .     .     B    |    | 20    21    22    23   |
|    .     .     .     . |    |    24    25    26    27|
| .     w     .     w    |    | 28    29    30    31   |
'------------------------'    '------------------------'

White's turn to play.
Possible moves :
19x26

Chosen move : 
19x26
,------------------------,    ,------------------------,
|    .     b     b     b |    |     0     1     2     3|
| w     b     .     .    |    |  4     5     6     7   |
|    .     b     .     b |    |     8     9    10    11|
| .     .     .     .    |    | 12    13    14    15   |
|    .     .     .     . |    |    16    17    18    19|
| .     .     .     .    |    | 20    21    22    23   |
|    .     .     w     . |    |    24    25    26    27|
| .     w     .     w    |    | 28    29    30    31   |
'------------------------'    '------------------------'

Black's turn to play.
Possible moves :
3-7
2-6
5-8
2-7
1-6
9-13
11-15
9-14

Chosen move : 
2-7
,------------------------,    ,------------------------,
|    .     b     .     b |    |     0     1     2     3|
| w     b     .     b    |    |  4     5     6     7   |
|    .     b     .     b |    |     8     9    10    11|
| .     .     .     .    |    | 12    13    14    15   |
|    .     .     .     . |    |    16    17    18    19|
| .     .     .     .    |    | 20    21    22    23   |
|    .     .     w     . |    |    24    25    26    27|
| .     w     .     w    |    | 28    29    30    31   |
'------------------------'    '------------------------'

White's turn to play.
Possible moves :
29-25
29-24
26-23
31-27
26-22
4-0

Chosen move : 
29-25
,------------------------,    ,------------------------,
|    .     b     .     b |    |     0     1     2     3|
| w     b     .     b    |    |  4     5     6     7   |
|    .     b     .     b |    |     8     9    10    11|
| .     .     .     .    |    | 12    13    14    15   |
|    .     .     .     . |    |    16    17    18    19|
| .     .     .     .    |    | 20    21    22    23   |
|    .     w     w     . |    |    24    25    26    27|
| .     .     .     w    |    | 28    29    30    31   |
'------------------------'    '------------------------'

Black's turn to play.
Possible moves :
9-13
5-8
11-15
7-10
9-14
1-6

Chosen move : 
11-15
,------------------------,    ,------------------------,
|    .     b     .     b |    |     0     1     2     3|
| w     b     .     b    |    |  4     5     6     7   |
|    .     b     .     . |    |     8     9    10    11|
| .     .     .     b    |    | 12    13    14    15   |
|    .     .     .     . |    |    16    17    18    19|
| .     .     .     .    |    | 20    21    22    23   |
|    .     w     w     . |    |    24    25    26    27|
| .     .     .     w    |    | 28    29    30    31   |
'------------------------'    '------------------------'

White's turn to play.
Possible moves :
25-21
26-22
4-0
25-22
26-23
31-27

Chosen move : 
25-21
,------------------------,    ,------------------------,
|    .     b     .     b |    |     0     1     2     3|
| w     b     .     b    |    |  4     5     6     7   |
|    .     b     .     . |    |     8     9    10    11|
| .     .     .     b    |    | 12    13    14    15   |
|    .     .     .     . |    |    16    17    18    19|
| .     w     .     .    |    | 20    21    22    23   |
|    .     .     w     . |    |    24    25    26    27|
| .     .     .     w    |    | 28    29    30    31   |
'------------------------'    '------------------------'

Black's turn to play.
Possible moves :
7-10
7-11
1-6
9-13
5-8
15-19
9-14
15-18

Chosen move : 
9-13
,------------------------,    ,------------------------,
|    .     b     .     b |    |     0     1     2     3|
| w     b     .     b    |    |  4     5     6     7   |
|    .     .     .     . |    |     8     9    10    11|
| .     b     .     b    |    | 12    13    14    15   |
|    .     .     .     . |    |    16    17    18    19|
| .     w     .     .    |    | 20    21    22    23   |
|    .     .     w     . |    |    24    25    26    27|
| .     .     .     w    |    | 28    29    30    31   |
'------------------------'    '------------------------'

White's turn to play.
Possible moves :
31-27
4-0
26-22
21-17
26-23
21-16

Chosen move : 
21-17
,------------------------,    ,------------------------,
|    .     b     .     b |    |     0     1     2     3|
| w     b     .     b    |    |  4     5     6     7   |
|    .     .     .     . |    |     8     9    10    11|
| .     b     .     b    |    | 12    13    14    15   |
|    .     w     .     . |    |    16    17    18    19|
| .     .     .     .    |    | 20    21    22    23   |
|    .     .     w     . |    |    24    25    26    27|
| .     .     .     w    |    | 28    29    30    31   |
'------------------------'    '------------------------'

Black's turn to play.
Possible moves :
13x22

Chosen move : 
13x22
,------------------------,    ,------------------------,
|    .     b     .     b |    |     0     1     2     3|
| w     b     .     b    |    |  4     5     6     7   |
|    .     .     .     . |    |     8     9    10    11|
| .     .     .     b    |    | 12    13    14    15   |
|    .     .     .     . |    |    16    17    18    19|
| .     .     b     .    |    | 20    21    22    23   |
|    .     .     w     . |    |    24    25    26    27|
| .     .     .     w    |    | 28    29    30    31   |
'------------------------'    '------------------------'

White's turn to play.
Possible moves :
26x17

Chosen move : 
26x17
,------------------------,    ,------------------------,
|    .     b     .     b |    |     0     1     2     3|
| w     b     .     b    |    |  4     5     6     7   |
|    .     .     .     . |    |     8     9    10    11|
| .     .     .     b    |    | 12    13    14    15   |
|    .     w     .     . |    |    16    17    18    19|
| .     .     .     .    |    | 20    21    22    23   |
|    .     .     .     . |    |    24    25    26    27|
| .     .     .     w    |    | 28    29    30    31   |
'------------------------'    '------------------------'

Black's turn to play.
Possible moves :
5-8
15-18
7-11
5-9
15-19
1-6
7-10

Chosen move : 
7-10
,------------------------,    ,------------------------,
|    .     b     .     b |    |     0     1     2     3|
| w     b     .     .    |    |  4     5     6     7   |
|    .     .     b     . |    |     8     9    10    11|
| .     .     .     b    |    | 12    13    14    15   |
|    .     w     .     . |    |    16    17    18    19|
| .     .     .     .    |    | 20    21    22    23   |
|    .     .     .     . |    |    24    25    26    27|
| .     .     .     w    |    | 28    29    30    31   |
'------------------------'    '------------------------'

White's turn to play.
Possible moves :
17-13
17-14
4-0
31-26
31-27

Chosen move : 
17-13
,------------------------,    ,------------------------,
|    .     b     .     b |    |     0     1     2     3|
| w     b     .     .    |    |  4     5     6     7   |
|    .     .     b     . |    |     8     9    10    11|
| .     w     .     b    |    | 12    13    14    15   |
|    .     .     .     . |    |    16    17    18    19|
| .     .     .     .    |    | 20    21    22    23   |
|    .     .     .     . |    |    24    25    26    27|
| .     .     .     w    |    | 28    29    30    31   |
'------------------------'    '------------------------'

Black's turn to play.
Possible moves :
1-6
10-14
15-19
15-18
5-8
3-7
5-9

Chosen move : 
5-8
,------------------------,    ,------------------------,
|    .     b     .     b |    |     0     1     2     3|
| w     .     .     .    |    |  4     5     6     7   |
|    b     .     b     . |    |     8     9    10    11|
| .     w     .     b    |    | 12    13    14    15   |
|    .     .     .     . |    |    16    17    18    19|
| .     .     .     .    |    | 20    21    22    23   |
|    .     .     .     . |    |    24    25    26    27|
| .     .     .     w    |    | 28    29    30    31   |
'------------------------'    '------------------------'

White's turn to play.
Possible moves :
31-26
31-27
13-9
4-0

Chosen move : 
31-26
,------------------------,    ,------------------------,
|    .     b     .     b |    |     0     1     2     3|
| w     .     .     .    |    |  4     5     6     7   |
|    b     .     b     . |    |     8     9    10    11|
| .     w     .     b    |    | 12    13    14    15   |
|    .     .     .     . |    |    16    17    18    19|
| .     .     .     .    |    | 20    21    22    23   |
|    .     .     w     . |    |    24    25    26    27|
| .     .     .     .    |    | 28    29    30    31   |
'------------------------'    '------------------------'

Black's turn to play.
Possible moves :
8x17

Chosen move : 
8x17
,------------------------,    ,------------------------,
|    .     b     .     b |    |     0     1     2     3|
| w     .     .     .    |    |  4     5     6     7   |
|    .     .     b     . |    |     8     9    10    11|
| .     .     .     b    |    | 12    13    14    15   |
|    .     b     .     . |    |    16    17    18    19|
| .     .     .     .    |    | 20    21    22    23   |
|    .     .     w     . |    |    24    25    26    27|
| .     .     .     .    |    | 28    29    30    31   |
'------------------------'    '------------------------'

White's turn to play.
Possible moves :
4-0
26-23
26-22

Chosen move : 
4-0
,------------------------,    ,------------------------,
|    W     b     .     b |    |     0     1     2     3|
| .     .     .     .    |    |  4     5     6     7   |
|    .     .     b     . |    |     8     9    10    11|
| .     .     .     b    |    | 12    13    14    15   |
|    .     b     .     . |    |    16    17    18    19|
| .     .     .     .    |    | 20    21    22    23   |
|    .     .     w     . |    |    24    25    26    27|
| .     .     .     .    |    | 28    29    30    31   |
'------------------------'    '------------------------'

Black's turn to play.
Possible moves :
17-21
1-6
3-7
10-14
15-19
1-5
15-18
17-22

Chosen move : 
1-5
,------------------------,    ,------------------------,
|    W     .     .     b |    |     0     1     2     3|
| .     b     .     .    |    |  4     5     6     7   |
|    .     .     b     . |    |     8     9    10    11|
| .     .     .     b    |    | 12    13    14    15   |
|    .     b     .     . |    |    16    17    18    19|
| .     .     .     .    |    | 20    21    22    23   |
|    .     .     w     . |    |    24    25    26    27|
| .     .     .     .    |    | 28    29    30    31   |
'------------------------'    '------------------------'

White's turn to play.
Possible moves :
0x9

Chosen move : 
0x9
,------------------------,    ,------------------------,
|    .     .     .     b |    |     0     1     2     3|
| .     .     .     .    |    |  4     5     6     7   |
|    .     W     b     . |    |     8     9    10    11|
| .     .     .     b    |    | 12    13    14    15   |
|    .     b     .     . |    |    16    17    18    19|
| .     .     .     .    |    | 20    21    22    23   |
|    .     .     w     . |    |    24    25    26    27|
| .     .     .     .    |    | 28    29    30    31   |
'------------------------'    '------------------------'

Black's turn to play.
Possible moves :
15-19
15-18
10-14
3-7
17-22
17-21

Chosen move : 
3-7
,------------------------,    ,------------------------,
|    .     .     .     . |    |     0     1     2     3|
| .     .     .     b    |    |  4     5     6     7   |
|    .     W     b     . |    |     8     9    10    11|
| .     .     .     b    |    | 12    13    14    15   |
|    .     b     .     . |    |    16    17    18    19|
| .     .     .     .    |    | 20    21    22    23   |
|    .     .     w     . |    |    24    25    26    27|
| .     .     .     .    |    | 28    29    30    31   |
'------------------------'    '------------------------'

White's turn to play.
Possible moves :
26-23
9-6
9-14
9-5
9-13
26-22

Chosen move : 
9-6
,------------------------,    ,------------------------,
|    .     .     .     . |    |     0     1     2     3|
| .     .     W     b    |    |  4     5     6     7   |
|    .     .     b     . |    |     8     9    10    11|
| .     .     .     b    |    | 12    13    14    15   |
|    .     b     .     . |    |    16    17    18    19|
| .     .     .     .    |    | 20    21    22    23   |
|    .     .     w     . |    |    24    25    26    27|
| .     .     .     .    |    | 28    29    30    31   |
'------------------------'    '------------------------'

Black's turn to play.
Possible moves :
10x1

Chosen move : 
10x1
,------------------------,    ,------------------------,
|    .     b     .     . |    |     0     1     2     3|
| .     .     .     b    |    |  4     5     6     7   |
|    .     .     .     . |    |     8     9    10    11|
| .     .     .     b    |    | 12    13    14    15   |
|    .     b     .     . |    |    16    17    18    19|
| .     .     .     .    |    | 20    21    22    23   |
|    .     .     w     . |    |    24    25    26    27|
| .     .     .     .    |    | 28    29    30    31   |
'------------------------'    '------------------------'

White's turn to play.
Possible moves :
26-22
26-23

Chosen move : 
26-22
,------------------------,    ,------------------------,
|    .     b     .     . |    |     0     1     2     3|
| .     .     .     b    |    |  4     5     6     7   |
|    .     .     .     . |    |     8     9    10    11|
| .     .     .     b    |    | 12    13    14    15   |
|    .     b     .     . |    |    16    17    18    19|
| .     .     w     .    |    | 20    21    22    23   |
|    .     .     .     . |    |    24    25    26    27|
| .     .     .     .    |    | 28    29    30    31   |
'------------------------'    '------------------------'

Black's turn to play.
Possible moves :
17x26

Chosen move : 
17x26
,------------------------,    ,------------------------,
|    .     b     .     . |    |     0     1     2     3|
| .     .     .     b    |    |  4     5     6     7   |
|    .     .     .     . |    |     8     9    10    11|
| .     .     .     b    |    | 12    13    14    15   |
|    .     .     .     . |    |    16    17    18    19|
| .     .     .     .    |    | 20    21    22    23   |
|    .     .     b     . |    |    24    25    26    27|
| .     .     .     .    |    | 28    29    30    31   |
'------------------------'    '------------------------'

White's turn to play.
End of Game !

#PDN#
[Event "IN104 CS Project"]
[Site "ENSTA ParisTech, Palaiseau, FRA"]
[GameType “21,W,8,8,N2,0”] {Whites begin}
[Date "Tue Mar 22 19:15:51 2016"]
[Round "?"]
[White "Master minmax"]
[WhiteType "Program"]
[Black "Random Guesser"]
[BlackType "Program"]
[Result "0-1"] {Black (Random Guesser) wins}
[WhiteTime "29.601354122161865"]
[BlackTime "0.015775442123413086"]

1.22-17 8-12 2.17-13 9x16 3.20x13 5-9 4.24-20 9x16 5.20x13 11-15 6.23-18 15x22 7.25x18 4-8 8.13x4 7-11 9.18-14 10x17x24 10.28x21 6-9 11.21-16 12x21 12.27-23 0-5 13.30-25 21x30 14.23-19 30x23 15.19x26 2-7 16.29-25 11-15 17.25-21 9-13 18.21-17 13x22 19.26x17 7-10 20.17-13 5-8 21.31-26 8x17 22.4-0 1-5 23.0x9 3-7 24.9-6 10x1 25.26-22 17x26  0-1 *
