Beginning of the game
,------------------------,    ,------------------------,
|    b     b     b     b |    |     0     1     2     3|
| b     b     b     b    |    |  4     5     6     7   |
|    b     b     b     b |    |     8     9    10    11|
| .     .     .     .    |    | 12    13    14    15   |
|    .     .     .     . |    |    16    17    18    19|
| w     w     w     w    |    | 20    21    22    23   |
|    w     w     w     w |    |    24    25    26    27|
| w     w     w     w    |    | 28    29    30    31   |
'------------------------'    '------------------------'

White's turn to play.
Possible moves :
21-16
21-17
23-18
22-17
20-16
23-19
22-18

Chosen move : 
21-16
,------------------------,    ,------------------------,
|    b     b     b     b |    |     0     1     2     3|
| b     b     b     b    |    |  4     5     6     7   |
|    b     b     b     b |    |     8     9    10    11|
| .     .     .     .    |    | 12    13    14    15   |
|    w     .     .     . |    |    16    17    18    19|
| w     .     w     w    |    | 20    21    22    23   |
|    w     w     w     w |    |    24    25    26    27|
| w     w     w     w    |    | 28    29    30    31   |
'------------------------'    '------------------------'

Black's turn to play.
Possible moves :
10-15
8-13
9-14
9-13
10-14
8-12
11-15

Chosen move : 
10-14
,------------------------,    ,------------------------,
|    b     b     b     b |    |     0     1     2     3|
| b     b     b     b    |    |  4     5     6     7   |
|    b     b     .     b |    |     8     9    10    11|
| .     .     b     .    |    | 12    13    14    15   |
|    w     .     .     . |    |    16    17    18    19|
| w     .     w     w    |    | 20    21    22    23   |
|    w     w     w     w |    |    24    25    26    27|
| w     w     w     w    |    | 28    29    30    31   |
'------------------------'    '------------------------'

White's turn to play.
Possible moves :
22-18
16-12
23-19
22-17
25-21
23-18
24-21
16-13

Chosen move : 
22-18
,------------------------,    ,------------------------,
|    b     b     b     b |    |     0     1     2     3|
| b     b     b     b    |    |  4     5     6     7   |
|    b     b     .     b |    |     8     9    10    11|
| .     .     b     .    |    | 12    13    14    15   |
|    w     .     w     . |    |    16    17    18    19|
| w     .     .     w    |    | 20    21    22    23   |
|    w     w     w     w |    |    24    25    26    27|
| w     w     w     w    |    | 28    29    30    31   |
'------------------------'    '------------------------'

Black's turn to play.
Possible moves :
14-17
8-12
9-13
8-13
7-10
11-15
6-10

Chosen move : 
8-13
,------------------------,    ,------------------------,
|    b     b     b     b |    |     0     1     2     3|
| b     b     b     b    |    |  4     5     6     7   |
|    .     b     .     b |    |     8     9    10    11|
| .     b     b     .    |    | 12    13    14    15   |
|    w     .     w     . |    |    16    17    18    19|
| w     .     .     w    |    | 20    21    22    23   |
|    w     w     w     w |    |    24    25    26    27|
| w     w     w     w    |    | 28    29    30    31   |
'------------------------'    '------------------------'

White's turn to play.
Possible moves :
25-21
25-22
16-12
26-22
18-15
24-21
23-19

Chosen move : 
25-21
,------------------------,    ,------------------------,
|    b     b     b     b |    |     0     1     2     3|
| b     b     b     b    |    |  4     5     6     7   |
|    .     b     .     b |    |     8     9    10    11|
| .     b     b     .    |    | 12    13    14    15   |
|    w     .     w     . |    |    16    17    18    19|
| w     w     .     w    |    | 20    21    22    23   |
|    w     .     w     w |    |    24    25    26    27|
| w     w     w     w    |    | 28    29    30    31   |
'------------------------'    '------------------------'

Black's turn to play.
Possible moves :
14-17
6-10
13-17
7-10
5-8
4-8
11-15

Chosen move : 
6-10
,------------------------,    ,------------------------,
|    b     b     b     b |    |     0     1     2     3|
| b     b     .     b    |    |  4     5     6     7   |
|    .     b     b     b |    |     8     9    10    11|
| .     b     b     .    |    | 12    13    14    15   |
|    w     .     w     . |    |    16    17    18    19|
| w     w     .     w    |    | 20    21    22    23   |
|    w     .     w     w |    |    24    25    26    27|
| w     w     w     w    |    | 28    29    30    31   |
'------------------------'    '------------------------'

White's turn to play.
Possible moves :
26-22
18-15
29-25
30-25
21-17
23-19
16-12

Chosen move : 
26-22
,------------------------,    ,------------------------,
|    b     b     b     b |    |     0     1     2     3|
| b     b     .     b    |    |  4     5     6     7   |
|    .     b     b     b |    |     8     9    10    11|
| .     b     b     .    |    | 12    13    14    15   |
|    w     .     w     . |    |    16    17    18    19|
| w     w     w     w    |    | 20    21    22    23   |
|    w     .     .     w |    |    24    25    26    27|
| w     w     w     w    |    | 28    29    30    31   |
'------------------------'    '------------------------'

Black's turn to play.
Possible moves :
1-6
5-8
2-6
4-8
13-17
10-15
11-15
14-17

Chosen move : 
5-8
,------------------------,    ,------------------------,
|    b     b     b     b |    |     0     1     2     3|
| b     .     .     b    |    |  4     5     6     7   |
|    b     b     b     b |    |     8     9    10    11|
| .     b     b     .    |    | 12    13    14    15   |
|    w     .     w     . |    |    16    17    18    19|
| w     w     w     w    |    | 20    21    22    23   |
|    w     .     .     w |    |    24    25    26    27|
| w     w     w     w    |    | 28    29    30    31   |
'------------------------'    '------------------------'

White's turn to play.
Possible moves :
31-26
30-26
30-25
23-19
18-15
22-17
16-12
21-17
29-25

Chosen move : 
31-26
,------------------------,    ,------------------------,
|    b     b     b     b |    |     0     1     2     3|
| b     .     .     b    |    |  4     5     6     7   |
|    b     b     b     b |    |     8     9    10    11|
| .     b     b     .    |    | 12    13    14    15   |
|    w     .     w     . |    |    16    17    18    19|
| w     w     w     w    |    | 20    21    22    23   |
|    w     .     w     w |    |    24    25    26    27|
| w     w     w     .    |    | 28    29    30    31   |
'------------------------'    '------------------------'

Black's turn to play.
Possible moves :
14-17
2-6
1-6
11-15
10-15
0-5
8-12
1-5
13-17

Chosen move : 
1-6
,------------------------,    ,------------------------,
|    b     .     b     b |    |     0     1     2     3|
| b     .     b     b    |    |  4     5     6     7   |
|    b     b     b     b |    |     8     9    10    11|
| .     b     b     .    |    | 12    13    14    15   |
|    w     .     w     . |    |    16    17    18    19|
| w     w     w     w    |    | 20    21    22    23   |
|    w     .     w     w |    |    24    25    26    27|
| w     w     w     .    |    | 28    29    30    31   |
'------------------------'    '------------------------'

White's turn to play.
Possible moves :
23-19
16-12
30-25
21-17
22-17
29-25
18-15

Chosen move : 
23-19
,------------------------,    ,------------------------,
|    b     .     b     b |    |     0     1     2     3|
| b     .     b     b    |    |  4     5     6     7   |
|    b     b     b     b |    |     8     9    10    11|
| .     b     b     .    |    | 12    13    14    15   |
|    w     .     w     w |    |    16    17    18    19|
| w     w     w     .    |    | 20    21    22    23   |
|    w     .     w     w |    |    24    25    26    27|
| w     w     w     .    |    | 28    29    30    31   |
'------------------------'    '------------------------'

Black's turn to play.
Possible moves :
14x23

Chosen move : 
14x23
,------------------------,    ,------------------------,
|    b     .     b     b |    |     0     1     2     3|
| b     .     b     b    |    |  4     5     6     7   |
|    b     b     b     b |    |     8     9    10    11|
| .     b     .     .    |    | 12    13    14    15   |
|    w     .     .     w |    |    16    17    18    19|
| w     w     w     b    |    | 20    21    22    23   |
|    w     .     w     w |    |    24    25    26    27|
| w     w     w     .    |    | 28    29    30    31   |
'------------------------'    '------------------------'

White's turn to play.
Possible moves :
27x18

Chosen move : 
27x18
,------------------------,    ,------------------------,
|    b     .     b     b |    |     0     1     2     3|
| b     .     b     b    |    |  4     5     6     7   |
|    b     b     b     b |    |     8     9    10    11|
| .     b     .     .    |    | 12    13    14    15   |
|    w     .     w     w |    |    16    17    18    19|
| w     w     w     .    |    | 20    21    22    23   |
|    w     .     w     . |    |    24    25    26    27|
| w     w     w     .    |    | 28    29    30    31   |
'------------------------'    '------------------------'

Black's turn to play.
Possible moves :
9-14
0-5
8-12
13-17
10-14
10-15
11-15

Chosen move : 
0-5
,------------------------,    ,------------------------,
|    .     .     b     b |    |     0     1     2     3|
| b     b     b     b    |    |  4     5     6     7   |
|    b     b     b     b |    |     8     9    10    11|
| .     b     .     .    |    | 12    13    14    15   |
|    w     .     w     w |    |    16    17    18    19|
| w     w     w     .    |    | 20    21    22    23   |
|    w     .     w     . |    |    24    25    26    27|
| w     w     w     .    |    | 28    29    30    31   |
'------------------------'    '------------------------'

White's turn to play.
Possible moves :
22-17
29-25
21-17
18-14
26-23
19-15
16-12
30-25
18-15

Chosen move : 
22-17
,------------------------,    ,------------------------,
|    .     .     b     b |    |     0     1     2     3|
| b     b     b     b    |    |  4     5     6     7   |
|    b     b     b     b |    |     8     9    10    11|
| .     b     .     .    |    | 12    13    14    15   |
|    w     w     w     w |    |    16    17    18    19|
| w     w     .     .    |    | 20    21    22    23   |
|    w     .     w     . |    |    24    25    26    27|
| w     w     w     .    |    | 28    29    30    31   |
'------------------------'    '------------------------'

Black's turn to play.
Possible moves :
13x22x15
13x22x31

Chosen move : 
13x22x31
,------------------------,    ,------------------------,
|    .     .     b     b |    |     0     1     2     3|
| b     b     b     b    |    |  4     5     6     7   |
|    b     b     b     b |    |     8     9    10    11|
| .     .     .     .    |    | 12    13    14    15   |
|    w     .     w     w |    |    16    17    18    19|
| w     w     .     .    |    | 20    21    22    23   |
|    w     .     .     . |    |    24    25    26    27|
| w     w     w     B    |    | 28    29    30    31   |
'------------------------'    '------------------------'

White's turn to play.
Possible moves :
30-26
21-17
18-15
16-12
18-14
29-25
19-15
30-25
16-13

Chosen move : 
30-26
,------------------------,    ,------------------------,
|    .     .     b     b |    |     0     1     2     3|
| b     b     b     b    |    |  4     5     6     7   |
|    b     b     b     b |    |     8     9    10    11|
| .     .     .     .    |    | 12    13    14    15   |
|    w     .     w     w |    |    16    17    18    19|
| w     w     .     .    |    | 20    21    22    23   |
|    w     .     w     . |    |    24    25    26    27|
| w     w     .     B    |    | 28    29    30    31   |
'------------------------'    '------------------------'

Black's turn to play.
Possible moves :
31x22x15

Chosen move : 
31x22x15
,------------------------,    ,------------------------,
|    .     .     b     b |    |     0     1     2     3|
| b     b     b     b    |    |  4     5     6     7   |
|    b     b     b     b |    |     8     9    10    11|
| .     .     .     B    |    | 12    13    14    15   |
|    w     .     .     w |    |    16    17    18    19|
| w     w     .     .    |    | 20    21    22    23   |
|    w     .     .     . |    |    24    25    26    27|
| w     w     .     .    |    | 28    29    30    31   |
'------------------------'    '------------------------'

White's turn to play.
Possible moves :
21-17
16-13
29-25
16-12

Chosen move : 
21-17
,------------------------,    ,------------------------,
|    .     .     b     b |    |     0     1     2     3|
| b     b     b     b    |    |  4     5     6     7   |
|    b     b     b     b |    |     8     9    10    11|
| .     .     .     B    |    | 12    13    14    15   |
|    w     w     .     w |    |    16    17    18    19|
| w     .     .     .    |    | 20    21    22    23   |
|    w     .     .     . |    |    24    25    26    27|
| w     w     .     .    |    | 28    29    30    31   |
'------------------------'    '------------------------'

Black's turn to play.
Possible moves :
8-13
9-13
10-14
8-12
15-18
9-14

Chosen move : 
8-13
,------------------------,    ,------------------------,
|    .     .     b     b |    |     0     1     2     3|
| b     b     b     b    |    |  4     5     6     7   |
|    .     b     b     b |    |     8     9    10    11|
| .     b     .     B    |    | 12    13    14    15   |
|    w     w     .     w |    |    16    17    18    19|
| w     .     .     .    |    | 20    21    22    23   |
|    w     .     .     . |    |    24    25    26    27|
| w     w     .     .    |    | 28    29    30    31   |
'------------------------'    '------------------------'

White's turn to play.
Possible moves :
17x8x1

Chosen move : 
17x8x1
,------------------------,    ,------------------------,
|    .     W     b     b |    |     0     1     2     3|
| b     .     b     b    |    |  4     5     6     7   |
|    .     b     b     b |    |     8     9    10    11|
| .     .     .     B    |    | 12    13    14    15   |
|    w     .     .     w |    |    16    17    18    19|
| w     .     .     .    |    | 20    21    22    23   |
|    w     .     .     . |    |    24    25    26    27|
| w     w     .     .    |    | 28    29    30    31   |
'------------------------'    '------------------------'

Black's turn to play.
Possible moves :
9-14
10-14
15-18
9-13
4-8

Chosen move : 
9-13
,------------------------,    ,------------------------,
|    .     W     b     b |    |     0     1     2     3|
| b     .     b     b    |    |  4     5     6     7   |
|    .     .     b     b |    |     8     9    10    11|
| .     b     .     B    |    | 12    13    14    15   |
|    w     .     .     w |    |    16    17    18    19|
| w     .     .     .    |    | 20    21    22    23   |
|    w     .     .     . |    |    24    25    26    27|
| w     w     .     .    |    | 28    29    30    31   |
'------------------------'    '------------------------'

White's turn to play.
Possible moves :
16x9

Chosen move : 
16x9
,------------------------,    ,------------------------,
|    .     W     b     b |    |     0     1     2     3|
| b     .     b     b    |    |  4     5     6     7   |
|    .     w     b     b |    |     8     9    10    11|
| .     .     .     B    |    | 12    13    14    15   |
|    .     .     .     w |    |    16    17    18    19|
| w     .     .     .    |    | 20    21    22    23   |
|    w     .     .     . |    |    24    25    26    27|
| w     w     .     .    |    | 28    29    30    31   |
'------------------------'    '------------------------'

Black's turn to play.
Possible moves :
6x13

Chosen move : 
6x13
,------------------------,    ,------------------------,
|    .     W     b     b |    |     0     1     2     3|
| b     .     .     b    |    |  4     5     6     7   |
|    .     .     b     b |    |     8     9    10    11|
| .     b     .     B    |    | 12    13    14    15   |
|    .     .     .     w |    |    16    17    18    19|
| w     .     .     .    |    | 20    21    22    23   |
|    w     .     .     . |    |    24    25    26    27|
| w     w     .     .    |    | 28    29    30    31   |
'------------------------'    '------------------------'

White's turn to play.
Possible moves :
1-6
24-21
1-5
29-25
20-16

Chosen move : 
1-6
,------------------------,    ,------------------------,
|    .     .     b     b |    |     0     1     2     3|
| b     .     W     b    |    |  4     5     6     7   |
|    .     .     b     b |    |     8     9    10    11|
| .     b     .     B    |    | 12    13    14    15   |
|    .     .     .     w |    |    16    17    18    19|
| w     .     .     .    |    | 20    21    22    23   |
|    w     .     .     . |    |    24    25    26    27|
| w     w     .     .    |    | 28    29    30    31   |
'------------------------'    '------------------------'

Black's turn to play.
Possible moves :
10x1
2x9

Chosen move : 
2x9
,------------------------,    ,------------------------,
|    .     .     .     b |    |     0     1     2     3|
| b     .     .     b    |    |  4     5     6     7   |
|    .     b     b     b |    |     8     9    10    11|
| .     b     .     B    |    | 12    13    14    15   |
|    .     .     .     w |    |    16    17    18    19|
| w     .     .     .    |    | 20    21    22    23   |
|    w     .     .     . |    |    24    25    26    27|
| w     w     .     .    |    | 28    29    30    31   |
'------------------------'    '------------------------'

White's turn to play.
Possible moves :
20-16
24-21
29-25

Chosen move : 
20-16
,------------------------,    ,------------------------,
|    .     .     .     b |    |     0     1     2     3|
| b     .     .     b    |    |  4     5     6     7   |
|    .     b     b     b |    |     8     9    10    11|
| .     b     .     B    |    | 12    13    14    15   |
|    w     .     .     w |    |    16    17    18    19|
| .     .     .     .    |    | 20    21    22    23   |
|    w     .     .     . |    |    24    25    26    27|
| w     w     .     .    |    | 28    29    30    31   |
'------------------------'    '------------------------'

Black's turn to play.
Possible moves :
13x20

Chosen move : 
13x20
,------------------------,    ,------------------------,
|    .     .     .     b |    |     0     1     2     3|
| b     .     .     b    |    |  4     5     6     7   |
|    .     b     b     b |    |     8     9    10    11|
| .     .     .     B    |    | 12    13    14    15   |
|    .     .     .     w |    |    16    17    18    19|
| b     .     .     .    |    | 20    21    22    23   |
|    w     .     .     . |    |    24    25    26    27|
| w     w     .     .    |    | 28    29    30    31   |
'------------------------'    '------------------------'

White's turn to play.
Possible moves :
24-21
29-25

Chosen move : 
24-21
,------------------------,    ,------------------------,
|    .     .     .     b |    |     0     1     2     3|
| b     .     .     b    |    |  4     5     6     7   |
|    .     b     b     b |    |     8     9    10    11|
| .     .     .     B    |    | 12    13    14    15   |
|    .     .     .     w |    |    16    17    18    19|
| b     w     .     .    |    | 20    21    22    23   |
|    .     .     .     . |    |    24    25    26    27|
| w     w     .     .    |    | 28    29    30    31   |
'------------------------'    '------------------------'

Black's turn to play.
Possible moves :
4-8
9-13
9-14
10-14
15-18
20-24

Chosen move : 
20-24
,------------------------,    ,------------------------,
|    .     .     .     b |    |     0     1     2     3|
| b     .     .     b    |    |  4     5     6     7   |
|    .     b     b     b |    |     8     9    10    11|
| .     .     .     B    |    | 12    13    14    15   |
|    .     .     .     w |    |    16    17    18    19|
| .     w     .     .    |    | 20    21    22    23   |
|    b     .     .     . |    |    24    25    26    27|
| w     w     .     .    |    | 28    29    30    31   |
'------------------------'    '------------------------'

White's turn to play.
Possible moves :
29x20

Chosen move : 
29x20
,------------------------,    ,------------------------,
|    .     .     .     b |    |     0     1     2     3|
| b     .     .     b    |    |  4     5     6     7   |
|    .     b     b     b |    |     8     9    10    11|
| .     .     .     B    |    | 12    13    14    15   |
|    .     .     .     w |    |    16    17    18    19|
| w     w     .     .    |    | 20    21    22    23   |
|    .     .     .     . |    |    24    25    26    27|
| w     .     .     .    |    | 28    29    30    31   |
'------------------------'    '------------------------'

Black's turn to play.
Possible moves :
4-8
9-13
10-14
9-14
15-18

Chosen move : 
4-8
,------------------------,    ,------------------------,
|    .     .     .     b |    |     0     1     2     3|
| .     .     .     b    |    |  4     5     6     7   |
|    b     b     b     b |    |     8     9    10    11|
| .     .     .     B    |    | 12    13    14    15   |
|    .     .     .     w |    |    16    17    18    19|
| w     w     .     .    |    | 20    21    22    23   |
|    .     .     .     . |    |    24    25    26    27|
| w     .     .     .    |    | 28    29    30    31   |
'------------------------'    '------------------------'

White's turn to play.
Possible moves :
20-16
21-16
21-17
28-24

Chosen move : 
20-16
,------------------------,    ,------------------------,
|    .     .     .     b |    |     0     1     2     3|
| .     .     .     b    |    |  4     5     6     7   |
|    b     b     b     b |    |     8     9    10    11|
| .     .     .     B    |    | 12    13    14    15   |
|    w     .     .     w |    |    16    17    18    19|
| .     w     .     .    |    | 20    21    22    23   |
|    .     .     .     . |    |    24    25    26    27|
| w     .     .     .    |    | 28    29    30    31   |
'------------------------'    '------------------------'

Black's turn to play.
Possible moves :
8-12
10-14
15-18
9-13
9-14
8-13

Chosen move : 
8-13
,------------------------,    ,------------------------,
|    .     .     .     b |    |     0     1     2     3|
| .     .     .     b    |    |  4     5     6     7   |
|    .     b     b     b |    |     8     9    10    11|
| .     b     .     B    |    | 12    13    14    15   |
|    w     .     .     w |    |    16    17    18    19|
| .     w     .     .    |    | 20    21    22    23   |
|    .     .     .     . |    |    24    25    26    27|
| w     .     .     .    |    | 28    29    30    31   |
'------------------------'    '------------------------'

White's turn to play.
Possible moves :
28-24
21-17
16-12

Chosen move : 
28-24
,------------------------,    ,------------------------,
|    .     .     .     b |    |     0     1     2     3|
| .     .     .     b    |    |  4     5     6     7   |
|    .     b     b     b |    |     8     9    10    11|
| .     b     .     B    |    | 12    13    14    15   |
|    w     .     .     w |    |    16    17    18    19|
| .     w     .     .    |    | 20    21    22    23   |
|    w     .     .     . |    |    24    25    26    27|
| .     .     .     .    |    | 28    29    30    31   |
'------------------------'    '------------------------'

Black's turn to play.
Possible moves :
13x20x29

Chosen move : 
13x20x29
,------------------------,    ,------------------------,
|    .     .     .     b |    |     0     1     2     3|
| .     .     .     b    |    |  4     5     6     7   |
|    .     b     b     b |    |     8     9    10    11|
| .     .     .     B    |    | 12    13    14    15   |
|    .     .     .     w |    |    16    17    18    19|
| .     w     .     .    |    | 20    21    22    23   |
|    .     .     .     . |    |    24    25    26    27|
| .     B     .     .    |    | 28    29    30    31   |
'------------------------'    '------------------------'

White's turn to play.
Possible moves :
21-17
21-16

Chosen move : 
21-17
,------------------------,    ,------------------------,
|    .     .     .     b |    |     0     1     2     3|
| .     .     .     b    |    |  4     5     6     7   |
|    .     b     b     b |    |     8     9    10    11|
| .     .     .     B    |    | 12    13    14    15   |
|    .     w     .     w |    |    16    17    18    19|
| .     .     .     .    |    | 20    21    22    23   |
|    .     .     .     . |    |    24    25    26    27|
| .     B     .     .    |    | 28    29    30    31   |
'------------------------'    '------------------------'

Black's turn to play.
Possible moves :
29-24
10-14
15-18
9-13
9-14
29-25

Chosen move : 
15-18
,------------------------,    ,------------------------,
|    .     .     .     b |    |     0     1     2     3|
| .     .     .     b    |    |  4     5     6     7   |
|    .     b     b     b |    |     8     9    10    11|
| .     .     .     .    |    | 12    13    14    15   |
|    .     w     B     w |    |    16    17    18    19|
| .     .     .     .    |    | 20    21    22    23   |
|    .     .     .     . |    |    24    25    26    27|
| .     B     .     .    |    | 28    29    30    31   |
'------------------------'    '------------------------'

White's turn to play.
Possible moves :
17-13
19-15
17-14

Chosen move : 
17-13
,------------------------,    ,------------------------,
|    .     .     .     b |    |     0     1     2     3|
| .     .     .     b    |    |  4     5     6     7   |
|    .     b     b     b |    |     8     9    10    11|
| .     w     .     .    |    | 12    13    14    15   |
|    .     .     B     w |    |    16    17    18    19|
| .     .     .     .    |    | 20    21    22    23   |
|    .     .     .     . |    |    24    25    26    27|
| .     B     .     .    |    | 28    29    30    31   |
'------------------------'    '------------------------'

Black's turn to play.
Possible moves :
9x16

Chosen move : 
9x16
,------------------------,    ,------------------------,
|    .     .     .     b |    |     0     1     2     3|
| .     .     .     b    |    |  4     5     6     7   |
|    .     .     b     b |    |     8     9    10    11|
| .     .     .     .    |    | 12    13    14    15   |
|    b     .     B     w |    |    16    17    18    19|
| .     .     .     .    |    | 20    21    22    23   |
|    .     .     .     . |    |    24    25    26    27|
| .     B     .     .    |    | 28    29    30    31   |
'------------------------'    '------------------------'

White's turn to play.
Possible moves :
19-15

Chosen move : 
19-15
,------------------------,    ,------------------------,
|    .     .     .     b |    |     0     1     2     3|
| .     .     .     b    |    |  4     5     6     7   |
|    .     .     b     b |    |     8     9    10    11|
| .     .     .     w    |    | 12    13    14    15   |
|    b     .     B     . |    |    16    17    18    19|
| .     .     .     .    |    | 20    21    22    23   |
|    .     .     .     . |    |    24    25    26    27|
| .     B     .     .    |    | 28    29    30    31   |
'------------------------'    '------------------------'

Black's turn to play.
Possible moves :
10x19

Chosen move : 
10x19
,------------------------,    ,------------------------,
|    .     .     .     b |    |     0     1     2     3|
| .     .     .     b    |    |  4     5     6     7   |
|    .     .     .     b |    |     8     9    10    11|
| .     .     .     .    |    | 12    13    14    15   |
|    b     .     B     b |    |    16    17    18    19|
| .     .     .     .    |    | 20    21    22    23   |
|    .     .     .     . |    |    24    25    26    27|
| .     B     .     .    |    | 28    29    30    31   |
'------------------------'    '------------------------'

White's turn to play.
End of Game !

#PDN#
[Event "IN104 CS Project"]
[Site "ENSTA ParisTech, Palaiseau, FRA"]
[GameType “21,W,8,8,N2,0”] {Whites begin}
[Date "Tue Mar 22 20:14:55 2016"]
[Round "?"]
[White "Master minmax"]
[WhiteType "Program"]
[Black "Random Guesser"]
[BlackType "Program"]
[Result "0-1"] {Black (Random Guesser) wins}
[WhiteTime "0.5350837707519531"]
[BlackTime "0.013987541198730469"]

1.21-16 10-14 2.22-18 8-13 3.25-21 6-10 4.26-22 5-8 5.31-26 1-6 6.23-19 14x23 7.27x18 0-5 8.22-17 13x22x31 9.30-26 31x22x15 10.21-17 8-13 11.17x8x1 9-13 12.16x9 6x13 13.1-6 2x9 14.20-16 13x20 15.24-21 20-24 16.29x20 4-8 17.20-16 8-13 18.28-24 13x20x29 19.21-17 15-18 20.17-13 9x16 21.19-15 10x19  0-1 *
