Beginning of the game
,------------------------,    ,------------------------,
|    b     b     b     b |    |     0     1     2     3|
| b     b     b     b    |    |  4     5     6     7   |
|    b     b     b     b |    |     8     9    10    11|
| .     .     .     .    |    | 12    13    14    15   |
|    .     .     .     . |    |    16    17    18    19|
| w     w     w     w    |    | 20    21    22    23   |
|    w     w     w     w |    |    24    25    26    27|
| w     w     w     w    |    | 28    29    30    31   |
'------------------------'    '------------------------'

White's turn to play.
Possible moves :
22-18
22-17
21-17
23-18
23-19
20-16
21-16

Chosen move : 
22-18
,------------------------,    ,------------------------,
|    b     b     b     b |    |     0     1     2     3|
| b     b     b     b    |    |  4     5     6     7   |
|    b     b     b     b |    |     8     9    10    11|
| .     .     .     .    |    | 12    13    14    15   |
|    .     .     w     . |    |    16    17    18    19|
| w     w     .     w    |    | 20    21    22    23   |
|    w     w     w     w |    |    24    25    26    27|
| w     w     w     w    |    | 28    29    30    31   |
'------------------------'    '------------------------'

Black's turn to play.
Possible moves :
9-13
8-13
11-15
8-12
10-15
9-14
10-14

Chosen move : 
10-15
,------------------------,    ,------------------------,
|    b     b     b     b |    |     0     1     2     3|
| b     b     b     b    |    |  4     5     6     7   |
|    b     b     .     b |    |     8     9    10    11|
| .     .     .     b    |    | 12    13    14    15   |
|    .     .     w     . |    |    16    17    18    19|
| w     w     .     w    |    | 20    21    22    23   |
|    w     w     w     w |    |    24    25    26    27|
| w     w     w     w    |    | 28    29    30    31   |
'------------------------'    '------------------------'

White's turn to play.
Possible moves :
26-22
18-14
23-19
20-16
21-16
25-22
21-17

Chosen move : 
26-22
,------------------------,    ,------------------------,
|    b     b     b     b |    |     0     1     2     3|
| b     b     b     b    |    |  4     5     6     7   |
|    b     b     .     b |    |     8     9    10    11|
| .     .     .     b    |    | 12    13    14    15   |
|    .     .     w     . |    |    16    17    18    19|
| w     w     w     w    |    | 20    21    22    23   |
|    w     w     .     w |    |    24    25    26    27|
| w     w     w     w    |    | 28    29    30    31   |
'------------------------'    '------------------------'

Black's turn to play.
Possible moves :
7-10
6-10
9-14
9-13
15-19
8-13
8-12

Chosen move : 
8-12
,------------------------,    ,------------------------,
|    b     b     b     b |    |     0     1     2     3|
| b     b     b     b    |    |  4     5     6     7   |
|    .     b     .     b |    |     8     9    10    11|
| b     .     .     b    |    | 12    13    14    15   |
|    .     .     w     . |    |    16    17    18    19|
| w     w     w     w    |    | 20    21    22    23   |
|    w     w     .     w |    |    24    25    26    27|
| w     w     w     w    |    | 28    29    30    31   |
'------------------------'    '------------------------'

White's turn to play.
Possible moves :
22-17
31-26
20-16
21-17
30-26
21-16
23-19
18-14

Chosen move : 
22-17
,------------------------,    ,------------------------,
|    b     b     b     b |    |     0     1     2     3|
| b     b     b     b    |    |  4     5     6     7   |
|    .     b     .     b |    |     8     9    10    11|
| b     .     .     b    |    | 12    13    14    15   |
|    .     w     w     . |    |    16    17    18    19|
| w     w     .     w    |    | 20    21    22    23   |
|    w     w     .     w |    |    24    25    26    27|
| w     w     w     w    |    | 28    29    30    31   |
'------------------------'    '------------------------'

Black's turn to play.
Possible moves :
15x22x13

Chosen move : 
15x22x13
,------------------------,    ,------------------------,
|    b     b     b     b |    |     0     1     2     3|
| b     b     b     b    |    |  4     5     6     7   |
|    .     b     .     b |    |     8     9    10    11|
| b     b     .     .    |    | 12    13    14    15   |
|    .     .     .     . |    |    16    17    18    19|
| w     w     .     w    |    | 20    21    22    23   |
|    w     w     .     w |    |    24    25    26    27|
| w     w     w     w    |    | 28    29    30    31   |
'------------------------'    '------------------------'

White's turn to play.
Possible moves :
21-16
25-22
31-26
23-18
20-16
23-19
21-17
30-26

Chosen move : 
21-16
,------------------------,    ,------------------------,
|    b     b     b     b |    |     0     1     2     3|
| b     b     b     b    |    |  4     5     6     7   |
|    .     b     .     b |    |     8     9    10    11|
| b     b     .     .    |    | 12    13    14    15   |
|    w     .     .     . |    |    16    17    18    19|
| w     .     .     w    |    | 20    21    22    23   |
|    w     w     .     w |    |    24    25    26    27|
| w     w     w     w    |    | 28    29    30    31   |
'------------------------'    '------------------------'

Black's turn to play.
Possible moves :
12x21

Chosen move : 
12x21
,------------------------,    ,------------------------,
|    b     b     b     b |    |     0     1     2     3|
| b     b     b     b    |    |  4     5     6     7   |
|    .     b     .     b |    |     8     9    10    11|
| .     b     .     .    |    | 12    13    14    15   |
|    .     .     .     . |    |    16    17    18    19|
| w     b     .     w    |    | 20    21    22    23   |
|    w     w     .     w |    |    24    25    26    27|
| w     w     w     w    |    | 28    29    30    31   |
'------------------------'    '------------------------'

White's turn to play.
Possible moves :
24x17x8

Chosen move : 
24x17x8
,------------------------,    ,------------------------,
|    b     b     b     b |    |     0     1     2     3|
| b     b     b     b    |    |  4     5     6     7   |
|    w     b     .     b |    |     8     9    10    11|
| .     .     .     .    |    | 12    13    14    15   |
|    .     .     .     . |    |    16    17    18    19|
| w     .     .     w    |    | 20    21    22    23   |
|    .     w     .     w |    |    24    25    26    27|
| w     w     w     w    |    | 28    29    30    31   |
'------------------------'    '------------------------'

Black's turn to play.
Possible moves :
4x13
5x12

Chosen move : 
4x13
,------------------------,    ,------------------------,
|    b     b     b     b |    |     0     1     2     3|
| .     b     b     b    |    |  4     5     6     7   |
|    .     b     .     b |    |     8     9    10    11|
| .     b     .     .    |    | 12    13    14    15   |
|    .     .     .     . |    |    16    17    18    19|
| w     .     .     w    |    | 20    21    22    23   |
|    .     w     .     w |    |    24    25    26    27|
| w     w     w     w    |    | 28    29    30    31   |
'------------------------'    '------------------------'

White's turn to play.
Possible moves :
23-19
29-24
20-16
23-18
25-21
31-26
30-26
28-24
25-22

Chosen move : 
23-19
,------------------------,    ,------------------------,
|    b     b     b     b |    |     0     1     2     3|
| .     b     b     b    |    |  4     5     6     7   |
|    .     b     .     b |    |     8     9    10    11|
| .     b     .     .    |    | 12    13    14    15   |
|    .     .     .     w |    |    16    17    18    19|
| w     .     .     .    |    | 20    21    22    23   |
|    .     w     .     w |    |    24    25    26    27|
| w     w     w     w    |    | 28    29    30    31   |
'------------------------'    '------------------------'

Black's turn to play.
Possible moves :
11-15
13-17
0-4
13-16
9-14
7-10
5-8
6-10

Chosen move : 
9-14
,------------------------,    ,------------------------,
|    b     b     b     b |    |     0     1     2     3|
| .     b     b     b    |    |  4     5     6     7   |
|    .     .     .     b |    |     8     9    10    11|
| .     b     b     .    |    | 12    13    14    15   |
|    .     .     .     w |    |    16    17    18    19|
| w     .     .     .    |    | 20    21    22    23   |
|    .     w     .     w |    |    24    25    26    27|
| w     w     w     w    |    | 28    29    30    31   |
'------------------------'    '------------------------'

White's turn to play.
Possible moves :
25-21
27-23
30-26
19-15
29-24
20-16
31-26
25-22
28-24

Chosen move : 
25-21
,------------------------,    ,------------------------,
|    b     b     b     b |    |     0     1     2     3|
| .     b     b     b    |    |  4     5     6     7   |
|    .     .     .     b |    |     8     9    10    11|
| .     b     b     .    |    | 12    13    14    15   |
|    .     .     .     w |    |    16    17    18    19|
| w     w     .     .    |    | 20    21    22    23   |
|    .     .     .     w |    |    24    25    26    27|
| w     w     w     w    |    | 28    29    30    31   |
'------------------------'    '------------------------'

Black's turn to play.
Possible moves :
14-17
13-17
0-4
5-8
7-10
13-16
6-9
14-18
6-10
11-15
5-9

Chosen move : 
7-10
,------------------------,    ,------------------------,
|    b     b     b     b |    |     0     1     2     3|
| .     b     b     .    |    |  4     5     6     7   |
|    .     .     b     b |    |     8     9    10    11|
| .     b     b     .    |    | 12    13    14    15   |
|    .     .     .     w |    |    16    17    18    19|
| w     w     .     .    |    | 20    21    22    23   |
|    .     .     .     w |    |    24    25    26    27|
| w     w     w     w    |    | 28    29    30    31   |
'------------------------'    '------------------------'

White's turn to play.
Possible moves :
29-24
27-23
28-24
21-17
31-26
20-16
30-26
29-25
19-15
30-25
21-16

Chosen move : 
29-24
,------------------------,    ,------------------------,
|    b     b     b     b |    |     0     1     2     3|
| .     b     b     .    |    |  4     5     6     7   |
|    .     .     b     b |    |     8     9    10    11|
| .     b     b     .    |    | 12    13    14    15   |
|    .     .     .     w |    |    16    17    18    19|
| w     w     .     .    |    | 20    21    22    23   |
|    w     .     .     w |    |    24    25    26    27|
| w     .     w     w    |    | 28    29    30    31   |
'------------------------'    '------------------------'

Black's turn to play.
Possible moves :
11-15
14-18
3-7
10-15
6-9
5-9
14-17
5-8
0-4
13-16
13-17
2-7

Chosen move : 
5-8
,------------------------,    ,------------------------,
|    b     b     b     b |    |     0     1     2     3|
| .     .     b     .    |    |  4     5     6     7   |
|    b     .     b     b |    |     8     9    10    11|
| .     b     b     .    |    | 12    13    14    15   |
|    .     .     .     w |    |    16    17    18    19|
| w     w     .     .    |    | 20    21    22    23   |
|    w     .     .     w |    |    24    25    26    27|
| w     .     w     w    |    | 28    29    30    31   |
'------------------------'    '------------------------'

White's turn to play.
Possible moves :
27-23
31-26
30-26
20-16
21-17
21-16
19-15
30-25

Chosen move : 
27-23
,------------------------,    ,------------------------,
|    b     b     b     b |    |     0     1     2     3|
| .     .     b     .    |    |  4     5     6     7   |
|    b     .     b     b |    |     8     9    10    11|
| .     b     b     .    |    | 12    13    14    15   |
|    .     .     .     w |    |    16    17    18    19|
| w     w     .     w    |    | 20    21    22    23   |
|    w     .     .     . |    |    24    25    26    27|
| w     .     w     w    |    | 28    29    30    31   |
'------------------------'    '------------------------'

Black's turn to play.
Possible moves :
6-9
13-16
10-15
14-17
8-12
0-4
11-15
13-17
2-7
1-5
14-18
3-7
0-5

Chosen move : 
1-5
,------------------------,    ,------------------------,
|    b     .     b     b |    |     0     1     2     3|
| .     b     b     .    |    |  4     5     6     7   |
|    b     .     b     b |    |     8     9    10    11|
| .     b     b     .    |    | 12    13    14    15   |
|    .     .     .     w |    |    16    17    18    19|
| w     w     .     w    |    | 20    21    22    23   |
|    w     .     .     . |    |    24    25    26    27|
| w     .     w     w    |    | 28    29    30    31   |
'------------------------'    '------------------------'

White's turn to play.
Possible moves :
30-26
30-25
21-16
20-16
21-17
31-27
19-15
31-26
23-18

Chosen move : 
30-26
,------------------------,    ,------------------------,
|    b     .     b     b |    |     0     1     2     3|
| .     b     b     .    |    |  4     5     6     7   |
|    b     .     b     b |    |     8     9    10    11|
| .     b     b     .    |    | 12    13    14    15   |
|    .     .     .     w |    |    16    17    18    19|
| w     w     .     w    |    | 20    21    22    23   |
|    w     .     w     . |    |    24    25    26    27|
| w     .     .     w    |    | 28    29    30    31   |
'------------------------'    '------------------------'

Black's turn to play.
Possible moves :
13-16
2-7
3-7
5-9
14-17
10-15
0-4
8-12
11-15
6-9
14-18
13-17

Chosen move : 
8-12
,------------------------,    ,------------------------,
|    b     .     b     b |    |     0     1     2     3|
| .     b     b     .    |    |  4     5     6     7   |
|    .     .     b     b |    |     8     9    10    11|
| b     b     b     .    |    | 12    13    14    15   |
|    .     .     .     w |    |    16    17    18    19|
| w     w     .     w    |    | 20    21    22    23   |
|    w     .     w     . |    |    24    25    26    27|
| w     .     .     w    |    | 28    29    30    31   |
'------------------------'    '------------------------'

White's turn to play.
Possible moves :
20-16
21-17
21-16
26-22
19-15
23-18
31-27

Chosen move : 
20-16
,------------------------,    ,------------------------,
|    b     .     b     b |    |     0     1     2     3|
| .     b     b     .    |    |  4     5     6     7   |
|    .     .     b     b |    |     8     9    10    11|
| b     b     b     .    |    | 12    13    14    15   |
|    w     .     .     w |    |    16    17    18    19|
| .     w     .     w    |    | 20    21    22    23   |
|    w     .     w     . |    |    24    25    26    27|
| w     .     .     w    |    | 28    29    30    31   |
'------------------------'    '------------------------'

Black's turn to play.
Possible moves :
13x20x29

Chosen move : 
13x20x29
,------------------------,    ,------------------------,
|    b     .     b     b |    |     0     1     2     3|
| .     b     b     .    |    |  4     5     6     7   |
|    .     .     b     b |    |     8     9    10    11|
| b     .     b     .    |    | 12    13    14    15   |
|    .     .     .     w |    |    16    17    18    19|
| .     w     .     w    |    | 20    21    22    23   |
|    .     .     w     . |    |    24    25    26    27|
| w     B     .     w    |    | 28    29    30    31   |
'------------------------'    '------------------------'

White's turn to play.
Possible moves :
19-15
28-24
21-16
31-27
26-22
21-17
23-18

Chosen move : 
19-15
,------------------------,    ,------------------------,
|    b     .     b     b |    |     0     1     2     3|
| .     b     b     .    |    |  4     5     6     7   |
|    .     .     b     b |    |     8     9    10    11|
| b     .     b     w    |    | 12    13    14    15   |
|    .     .     .     . |    |    16    17    18    19|
| .     w     .     w    |    | 20    21    22    23   |
|    .     .     w     . |    |    24    25    26    27|
| w     B     .     w    |    | 28    29    30    31   |
'------------------------'    '------------------------'

Black's turn to play.
Possible moves :
11x18x27

Chosen move : 
11x18x27
,------------------------,    ,------------------------,
|    b     .     b     b |    |     0     1     2     3|
| .     b     b     .    |    |  4     5     6     7   |
|    .     .     b     . |    |     8     9    10    11|
| b     .     b     .    |    | 12    13    14    15   |
|    .     .     .     . |    |    16    17    18    19|
| .     w     .     .    |    | 20    21    22    23   |
|    .     .     w     b |    |    24    25    26    27|
| w     B     .     w    |    | 28    29    30    31   |
'------------------------'    '------------------------'

White's turn to play.
Possible moves :
26-23
28-24
26-22
21-16
21-17

Chosen move : 
26-23
,------------------------,    ,------------------------,
|    b     .     b     b |    |     0     1     2     3|
| .     b     b     .    |    |  4     5     6     7   |
|    .     .     b     . |    |     8     9    10    11|
| b     .     b     .    |    | 12    13    14    15   |
|    .     .     .     . |    |    16    17    18    19|
| .     w     .     w    |    | 20    21    22    23   |
|    .     .     .     b |    |    24    25    26    27|
| w     B     .     w    |    | 28    29    30    31   |
'------------------------'    '------------------------'

Black's turn to play.
Possible moves :
27x18

Chosen move : 
27x18
,------------------------,    ,------------------------,
|    b     .     b     b |    |     0     1     2     3|
| .     b     b     .    |    |  4     5     6     7   |
|    .     .     b     . |    |     8     9    10    11|
| b     .     b     .    |    | 12    13    14    15   |
|    .     .     b     . |    |    16    17    18    19|
| .     w     .     .    |    | 20    21    22    23   |
|    .     .     .     . |    |    24    25    26    27|
| w     B     .     w    |    | 28    29    30    31   |
'------------------------'    '------------------------'

White's turn to play.
Possible moves :
21-16
28-24
21-17
31-27
31-26

Chosen move : 
21-16
,------------------------,    ,------------------------,
|    b     .     b     b |    |     0     1     2     3|
| .     b     b     .    |    |  4     5     6     7   |
|    .     .     b     . |    |     8     9    10    11|
| b     .     b     .    |    | 12    13    14    15   |
|    w     .     b     . |    |    16    17    18    19|
| .     .     .     .    |    | 20    21    22    23   |
|    .     .     .     . |    |    24    25    26    27|
| w     B     .     w    |    | 28    29    30    31   |
'------------------------'    '------------------------'

Black's turn to play.
Possible moves :
12x21

Chosen move : 
12x21
,------------------------,    ,------------------------,
|    b     .     b     b |    |     0     1     2     3|
| .     b     b     .    |    |  4     5     6     7   |
|    .     .     b     . |    |     8     9    10    11|
| .     .     b     .    |    | 12    13    14    15   |
|    .     .     b     . |    |    16    17    18    19|
| .     b     .     .    |    | 20    21    22    23   |
|    .     .     .     . |    |    24    25    26    27|
| w     B     .     w    |    | 28    29    30    31   |
'------------------------'    '------------------------'

White's turn to play.
Possible moves :
31-27
28-24
31-26

Chosen move : 
31-27
,------------------------,    ,------------------------,
|    b     .     b     b |    |     0     1     2     3|
| .     b     b     .    |    |  4     5     6     7   |
|    .     .     b     . |    |     8     9    10    11|
| .     .     b     .    |    | 12    13    14    15   |
|    .     .     b     . |    |    16    17    18    19|
| .     b     .     .    |    | 20    21    22    23   |
|    .     .     .     w |    |    24    25    26    27|
| w     B     .     .    |    | 28    29    30    31   |
'------------------------'    '------------------------'

Black's turn to play.
Possible moves :
29-24
3-7
5-8
21-25
0-4
18-22
29-25
5-9
10-15
21-24
2-7
6-9
18-23
14-17

Chosen move : 
29-25
,------------------------,    ,------------------------,
|    b     .     b     b |    |     0     1     2     3|
| .     b     b     .    |    |  4     5     6     7   |
|    .     .     b     . |    |     8     9    10    11|
| .     .     b     .    |    | 12    13    14    15   |
|    .     .     b     . |    |    16    17    18    19|
| .     b     .     .    |    | 20    21    22    23   |
|    .     B     .     w |    |    24    25    26    27|
| w     .     .     .    |    | 28    29    30    31   |
'------------------------'    '------------------------'

White's turn to play.
Possible moves :
27-23
28-24

Chosen move : 
27-23
,------------------------,    ,------------------------,
|    b     .     b     b |    |     0     1     2     3|
| .     b     b     .    |    |  4     5     6     7   |
|    .     .     b     . |    |     8     9    10    11|
| .     .     b     .    |    | 12    13    14    15   |
|    .     .     b     . |    |    16    17    18    19|
| .     b     .     w    |    | 20    21    22    23   |
|    .     B     .     . |    |    24    25    26    27|
| w     .     .     .    |    | 28    29    30    31   |
'------------------------'    '------------------------'

Black's turn to play.
Possible moves :
18x27

Chosen move : 
18x27
,------------------------,    ,------------------------,
|    b     .     b     b |    |     0     1     2     3|
| .     b     b     .    |    |  4     5     6     7   |
|    .     .     b     . |    |     8     9    10    11|
| .     .     b     .    |    | 12    13    14    15   |
|    .     .     .     . |    |    16    17    18    19|
| .     b     .     .    |    | 20    21    22    23   |
|    .     B     .     b |    |    24    25    26    27|
| w     .     .     .    |    | 28    29    30    31   |
'------------------------'    '------------------------'

White's turn to play.
Possible moves :
28-24

Chosen move : 
28-24
,------------------------,    ,------------------------,
|    b     .     b     b |    |     0     1     2     3|
| .     b     b     .    |    |  4     5     6     7   |
|    .     .     b     . |    |     8     9    10    11|
| .     .     b     .    |    | 12    13    14    15   |
|    .     .     .     . |    |    16    17    18    19|
| .     b     .     .    |    | 20    21    22    23   |
|    w     B     .     b |    |    24    25    26    27|
| .     .     .     .    |    | 28    29    30    31   |
'------------------------'    '------------------------'

Black's turn to play.
Possible moves :
21x28

Chosen move : 
21x28
,------------------------,    ,------------------------,
|    b     .     b     b |    |     0     1     2     3|
| .     b     b     .    |    |  4     5     6     7   |
|    .     .     b     . |    |     8     9    10    11|
| .     .     b     .    |    | 12    13    14    15   |
|    .     .     .     . |    |    16    17    18    19|
| .     .     .     .    |    | 20    21    22    23   |
|    .     B     .     b |    |    24    25    26    27|
| B     .     .     .    |    | 28    29    30    31   |
'------------------------'    '------------------------'

White's turn to play.
End of Game !

#PDN#
[Event "IN104 CS Project"]
[Site "ENSTA ParisTech, Palaiseau, FRA"]
[GameType “21,W,8,8,N2,0”] {Whites begin}
[Date "Tue Mar 22 20:17:04 2016"]
[Round "?"]
[White "Master minmax"]
[WhiteType "Program"]
[Black "Random Guesser"]
[BlackType "Program"]
[Result "0-1"] {Black (Random Guesser) wins}
[WhiteTime "0.781207799911499"]
[BlackTime "0.011652946472167969"]

1.22-18 10-15 2.26-22 8-12 3.22-17 15x22x13 4.21-16 12x21 5.24x17x8 4x13 6.23-19 9-14 7.25-21 7-10 8.29-24 5-8 9.27-23 1-5 10.30-26 8-12 11.20-16 13x20x29 12.19-15 11x18x27 13.26-23 27x18 14.21-16 12x21 15.31-27 29-25 16.27-23 18x27 17.28-24 21x28  0-1 *
