Beginning of the game
,------------------------,    ,------------------------,
|    b     b     b     b |    |     0     1     2     3|
| b     b     b     b    |    |  4     5     6     7   |
|    b     b     b     b |    |     8     9    10    11|
| .     .     .     .    |    | 12    13    14    15   |
|    .     .     .     . |    |    16    17    18    19|
| w     w     w     w    |    | 20    21    22    23   |
|    w     w     w     w |    |    24    25    26    27|
| w     w     w     w    |    | 28    29    30    31   |
'------------------------'    '------------------------'

White's turn to play.
Possible moves :
23-18
22-18
23-19
22-17
21-17
20-16
21-16

Chosen move : 
23-18
,------------------------,    ,------------------------,
|    b     b     b     b |    |     0     1     2     3|
| b     b     b     b    |    |  4     5     6     7   |
|    b     b     b     b |    |     8     9    10    11|
| .     .     .     .    |    | 12    13    14    15   |
|    .     .     w     . |    |    16    17    18    19|
| w     w     w     .    |    | 20    21    22    23   |
|    w     w     w     w |    |    24    25    26    27|
| w     w     w     w    |    | 28    29    30    31   |
'------------------------'    '------------------------'

Black's turn to play.
Possible moves :
8-12
10-15
10-14
11-15
9-14
9-13
8-13

Chosen move : 
8-12
,------------------------,    ,------------------------,
|    b     b     b     b |    |     0     1     2     3|
| b     b     b     b    |    |  4     5     6     7   |
|    .     b     b     b |    |     8     9    10    11|
| b     .     .     .    |    | 12    13    14    15   |
|    .     .     w     . |    |    16    17    18    19|
| w     w     w     .    |    | 20    21    22    23   |
|    w     w     w     w |    |    24    25    26    27|
| w     w     w     w    |    | 28    29    30    31   |
'------------------------'    '------------------------'

White's turn to play.
Possible moves :
21-16
18-15
27-23
21-17
22-17
26-23
20-16
18-14

Chosen move : 
21-16
,------------------------,    ,------------------------,
|    b     b     b     b |    |     0     1     2     3|
| b     b     b     b    |    |  4     5     6     7   |
|    .     b     b     b |    |     8     9    10    11|
| b     .     .     .    |    | 12    13    14    15   |
|    w     .     w     . |    |    16    17    18    19|
| w     .     w     .    |    | 20    21    22    23   |
|    w     w     w     w |    |    24    25    26    27|
| w     w     w     w    |    | 28    29    30    31   |
'------------------------'    '------------------------'

Black's turn to play.
Possible moves :
12x21

Chosen move : 
12x21
,------------------------,    ,------------------------,
|    b     b     b     b |    |     0     1     2     3|
| b     b     b     b    |    |  4     5     6     7   |
|    .     b     b     b |    |     8     9    10    11|
| .     .     .     .    |    | 12    13    14    15   |
|    .     .     w     . |    |    16    17    18    19|
| w     b     w     .    |    | 20    21    22    23   |
|    w     w     w     w |    |    24    25    26    27|
| w     w     w     w    |    | 28    29    30    31   |
'------------------------'    '------------------------'

White's turn to play.
Possible moves :
25x16
24x17

Chosen move : 
25x16
,------------------------,    ,------------------------,
|    b     b     b     b |    |     0     1     2     3|
| b     b     b     b    |    |  4     5     6     7   |
|    .     b     b     b |    |     8     9    10    11|
| .     .     .     .    |    | 12    13    14    15   |
|    w     .     w     . |    |    16    17    18    19|
| w     .     w     .    |    | 20    21    22    23   |
|    w     .     w     w |    |    24    25    26    27|
| w     w     w     w    |    | 28    29    30    31   |
'------------------------'    '------------------------'

Black's turn to play.
Possible moves :
10-15
5-8
9-14
11-15
4-8
10-14
9-13

Chosen move : 
9-13
,------------------------,    ,------------------------,
|    b     b     b     b |    |     0     1     2     3|
| b     b     b     b    |    |  4     5     6     7   |
|    .     .     b     b |    |     8     9    10    11|
| .     b     .     .    |    | 12    13    14    15   |
|    w     .     w     . |    |    16    17    18    19|
| w     .     w     .    |    | 20    21    22    23   |
|    w     .     w     w |    |    24    25    26    27|
| w     w     w     w    |    | 28    29    30    31   |
'------------------------'    '------------------------'

White's turn to play.
Possible moves :
16x9

Chosen move : 
16x9
,------------------------,    ,------------------------,
|    b     b     b     b |    |     0     1     2     3|
| b     b     b     b    |    |  4     5     6     7   |
|    .     w     b     b |    |     8     9    10    11|
| .     .     .     .    |    | 12    13    14    15   |
|    .     .     w     . |    |    16    17    18    19|
| w     .     w     .    |    | 20    21    22    23   |
|    w     .     w     w |    |    24    25    26    27|
| w     w     w     w    |    | 28    29    30    31   |
'------------------------'    '------------------------'

Black's turn to play.
Possible moves :
5x14x23

Chosen move : 
5x14x23
,------------------------,    ,------------------------,
|    b     b     b     b |    |     0     1     2     3|
| b     .     b     b    |    |  4     5     6     7   |
|    .     .     b     b |    |     8     9    10    11|
| .     .     .     .    |    | 12    13    14    15   |
|    .     .     .     . |    |    16    17    18    19|
| w     .     w     b    |    | 20    21    22    23   |
|    w     .     w     w |    |    24    25    26    27|
| w     w     w     w    |    | 28    29    30    31   |
'------------------------'    '------------------------'

White's turn to play.
Possible moves :
26x19
27x18

Chosen move : 
26x19
,------------------------,    ,------------------------,
|    b     b     b     b |    |     0     1     2     3|
| b     .     b     b    |    |  4     5     6     7   |
|    .     .     b     b |    |     8     9    10    11|
| .     .     .     .    |    | 12    13    14    15   |
|    .     .     .     w |    |    16    17    18    19|
| w     .     w     .    |    | 20    21    22    23   |
|    w     .     .     w |    |    24    25    26    27|
| w     w     w     w    |    | 28    29    30    31   |
'------------------------'    '------------------------'

Black's turn to play.
Possible moves :
0-5
10-14
1-5
10-15
4-8
11-15
6-9

Chosen move : 
11-15
,------------------------,    ,------------------------,
|    b     b     b     b |    |     0     1     2     3|
| b     .     b     b    |    |  4     5     6     7   |
|    .     .     b     . |    |     8     9    10    11|
| .     .     .     b    |    | 12    13    14    15   |
|    .     .     .     w |    |    16    17    18    19|
| w     .     w     .    |    | 20    21    22    23   |
|    w     .     .     w |    |    24    25    26    27|
| w     w     w     w    |    | 28    29    30    31   |
'------------------------'    '------------------------'

White's turn to play.
Possible moves :
30-26
31-26
30-25
22-18
22-17
20-16
24-21
27-23
29-25

Chosen move : 
30-26
,------------------------,    ,------------------------,
|    b     b     b     b |    |     0     1     2     3|
| b     .     b     b    |    |  4     5     6     7   |
|    .     .     b     . |    |     8     9    10    11|
| .     .     .     b    |    | 12    13    14    15   |
|    .     .     .     w |    |    16    17    18    19|
| w     .     w     .    |    | 20    21    22    23   |
|    w     .     w     w |    |    24    25    26    27|
| w     w     .     w    |    | 28    29    30    31   |
'------------------------'    '------------------------'

Black's turn to play.
Possible moves :
15-18
10-14
4-8
7-11
0-5
1-5
6-9

Chosen move : 
10-14
,------------------------,    ,------------------------,
|    b     b     b     b |    |     0     1     2     3|
| b     .     b     b    |    |  4     5     6     7   |
|    .     .     .     . |    |     8     9    10    11|
| .     .     b     b    |    | 12    13    14    15   |
|    .     .     .     w |    |    16    17    18    19|
| w     .     w     .    |    | 20    21    22    23   |
|    w     .     w     w |    |    24    25    26    27|
| w     w     .     w    |    | 28    29    30    31   |
'------------------------'    '------------------------'

White's turn to play.
Possible moves :
19x10x17

Chosen move : 
19x10x17
,------------------------,    ,------------------------,
|    b     b     b     b |    |     0     1     2     3|
| b     .     b     b    |    |  4     5     6     7   |
|    .     .     .     . |    |     8     9    10    11|
| .     .     .     .    |    | 12    13    14    15   |
|    .     w     .     . |    |    16    17    18    19|
| w     .     w     .    |    | 20    21    22    23   |
|    w     .     w     w |    |    24    25    26    27|
| w     w     .     w    |    | 28    29    30    31   |
'------------------------'    '------------------------'

Black's turn to play.
Possible moves :
4-8
0-5
6-9
7-11
1-5
6-10
7-10

Chosen move : 
6-10
,------------------------,    ,------------------------,
|    b     b     b     b |    |     0     1     2     3|
| b     .     .     b    |    |  4     5     6     7   |
|    .     .     b     . |    |     8     9    10    11|
| .     .     .     .    |    | 12    13    14    15   |
|    .     w     .     . |    |    16    17    18    19|
| w     .     w     .    |    | 20    21    22    23   |
|    w     .     w     w |    |    24    25    26    27|
| w     w     .     w    |    | 28    29    30    31   |
'------------------------'    '------------------------'

White's turn to play.
Possible moves :
17-13
20-16
29-25
17-14
27-23
26-23
24-21
22-18

Chosen move : 
17-13
,------------------------,    ,------------------------,
|    b     b     b     b |    |     0     1     2     3|
| b     .     .     b    |    |  4     5     6     7   |
|    .     .     b     . |    |     8     9    10    11|
| .     w     .     .    |    | 12    13    14    15   |
|    .     .     .     . |    |    16    17    18    19|
| w     .     w     .    |    | 20    21    22    23   |
|    w     .     w     w |    |    24    25    26    27|
| w     w     .     w    |    | 28    29    30    31   |
'------------------------'    '------------------------'

Black's turn to play.
Possible moves :
1-6
10-14
1-5
7-11
0-5
4-8
2-6
10-15

Chosen move : 
2-6
,------------------------,    ,------------------------,
|    b     b     .     b |    |     0     1     2     3|
| b     .     b     b    |    |  4     5     6     7   |
|    .     .     b     . |    |     8     9    10    11|
| .     w     .     .    |    | 12    13    14    15   |
|    .     .     .     . |    |    16    17    18    19|
| w     .     w     .    |    | 20    21    22    23   |
|    w     .     w     w |    |    24    25    26    27|
| w     w     .     w    |    | 28    29    30    31   |
'------------------------'    '------------------------'

White's turn to play.
Possible moves :
20-16
13-9
13-8
29-25
26-23
22-18
24-21
22-17
27-23

Chosen move : 
20-16
,------------------------,    ,------------------------,
|    b     b     .     b |    |     0     1     2     3|
| b     .     b     b    |    |  4     5     6     7   |
|    .     .     b     . |    |     8     9    10    11|
| .     w     .     .    |    | 12    13    14    15   |
|    w     .     .     . |    |    16    17    18    19|
| .     .     w     .    |    | 20    21    22    23   |
|    w     .     w     w |    |    24    25    26    27|
| w     w     .     w    |    | 28    29    30    31   |
'------------------------'    '------------------------'

Black's turn to play.
Possible moves :
10-14
1-5
4-8
6-9
7-11
10-15
0-5

Chosen move : 
6-9
,------------------------,    ,------------------------,
|    b     b     .     b |    |     0     1     2     3|
| b     .     .     b    |    |  4     5     6     7   |
|    .     b     b     . |    |     8     9    10    11|
| .     w     .     .    |    | 12    13    14    15   |
|    w     .     .     . |    |    16    17    18    19|
| .     .     w     .    |    | 20    21    22    23   |
|    w     .     w     w |    |    24    25    26    27|
| w     w     .     w    |    | 28    29    30    31   |
'------------------------'    '------------------------'

White's turn to play.
Possible moves :
13x6x15

Chosen move : 
13x6x15
,------------------------,    ,------------------------,
|    b     b     .     b |    |     0     1     2     3|
| b     .     .     b    |    |  4     5     6     7   |
|    .     .     .     . |    |     8     9    10    11|
| .     .     .     w    |    | 12    13    14    15   |
|    w     .     .     . |    |    16    17    18    19|
| .     .     w     .    |    | 20    21    22    23   |
|    w     .     w     w |    |    24    25    26    27|
| w     w     .     w    |    | 28    29    30    31   |
'------------------------'    '------------------------'

Black's turn to play.
Possible moves :
7-11
1-5
1-6
7-10
4-8
0-5

Chosen move : 
0-5
,------------------------,    ,------------------------,
|    .     b     .     b |    |     0     1     2     3|
| b     b     .     b    |    |  4     5     6     7   |
|    .     .     .     . |    |     8     9    10    11|
| .     .     .     w    |    | 12    13    14    15   |
|    w     .     .     . |    |    16    17    18    19|
| .     .     w     .    |    | 20    21    22    23   |
|    w     .     w     w |    |    24    25    26    27|
| w     w     .     w    |    | 28    29    30    31   |
'------------------------'    '------------------------'

White's turn to play.
Possible moves :
22-17
22-18
27-23
15-11
24-20
16-12
24-21
26-23
29-25
16-13
15-10

Chosen move : 
22-17
,------------------------,    ,------------------------,
|    .     b     .     b |    |     0     1     2     3|
| b     b     .     b    |    |  4     5     6     7   |
|    .     .     .     . |    |     8     9    10    11|
| .     .     .     w    |    | 12    13    14    15   |
|    w     w     .     . |    |    16    17    18    19|
| .     .     .     .    |    | 20    21    22    23   |
|    w     .     w     w |    |    24    25    26    27|
| w     w     .     w    |    | 28    29    30    31   |
'------------------------'    '------------------------'

Black's turn to play.
Possible moves :
1-6
4-8
5-9
7-11
5-8
7-10

Chosen move : 
5-9
,------------------------,    ,------------------------,
|    .     b     .     b |    |     0     1     2     3|
| b     .     .     b    |    |  4     5     6     7   |
|    .     b     .     . |    |     8     9    10    11|
| .     .     .     w    |    | 12    13    14    15   |
|    w     w     .     . |    |    16    17    18    19|
| .     .     .     .    |    | 20    21    22    23   |
|    w     .     w     w |    |    24    25    26    27|
| w     w     .     w    |    | 28    29    30    31   |
'------------------------'    '------------------------'

White's turn to play.
Possible moves :
15-11
24-20
24-21
26-22
17-14
16-13
15-10
29-25
27-23
16-12
17-13
26-23

Chosen move : 
15-11
,------------------------,    ,------------------------,
|    .     b     .     b |    |     0     1     2     3|
| b     .     .     b    |    |  4     5     6     7   |
|    .     b     .     w |    |     8     9    10    11|
| .     .     .     .    |    | 12    13    14    15   |
|    w     w     .     . |    |    16    17    18    19|
| .     .     .     .    |    | 20    21    22    23   |
|    w     .     w     w |    |    24    25    26    27|
| w     w     .     w    |    | 28    29    30    31   |
'------------------------'    '------------------------'

Black's turn to play.
Possible moves :
1-6
4-8
9-14
9-13
1-5
7-10

Chosen move : 
9-14
,------------------------,    ,------------------------,
|    .     b     .     b |    |     0     1     2     3|
| b     .     .     b    |    |  4     5     6     7   |
|    .     .     .     w |    |     8     9    10    11|
| .     .     b     .    |    | 12    13    14    15   |
|    w     w     .     . |    |    16    17    18    19|
| .     .     .     .    |    | 20    21    22    23   |
|    w     .     w     w |    |    24    25    26    27|
| w     w     .     w    |    | 28    29    30    31   |
'------------------------'    '------------------------'

White's turn to play.
Possible moves :
17x10
11x2

Chosen move : 
17x10
,------------------------,    ,------------------------,
|    .     b     .     b |    |     0     1     2     3|
| b     .     .     b    |    |  4     5     6     7   |
|    .     .     w     w |    |     8     9    10    11|
| .     .     .     .    |    | 12    13    14    15   |
|    w     .     .     . |    |    16    17    18    19|
| .     .     .     .    |    | 20    21    22    23   |
|    w     .     w     w |    |    24    25    26    27|
| w     w     .     w    |    | 28    29    30    31   |
'------------------------'    '------------------------'

Black's turn to play.
Possible moves :
7x14

Chosen move : 
7x14
,------------------------,    ,------------------------,
|    .     b     .     b |    |     0     1     2     3|
| b     .     .     .    |    |  4     5     6     7   |
|    .     .     .     w |    |     8     9    10    11|
| .     .     b     .    |    | 12    13    14    15   |
|    w     .     .     . |    |    16    17    18    19|
| .     .     .     .    |    | 20    21    22    23   |
|    w     .     w     w |    |    24    25    26    27|
| w     w     .     w    |    | 28    29    30    31   |
'------------------------'    '------------------------'

White's turn to play.
Possible moves :
29-25
26-23
24-20
26-22
24-21
11-7
27-23
16-12
16-13

Chosen move : 
29-25
,------------------------,    ,------------------------,
|    .     b     .     b |    |     0     1     2     3|
| b     .     .     .    |    |  4     5     6     7   |
|    .     .     .     w |    |     8     9    10    11|
| .     .     b     .    |    | 12    13    14    15   |
|    w     .     .     . |    |    16    17    18    19|
| .     .     .     .    |    | 20    21    22    23   |
|    w     w     w     w |    |    24    25    26    27|
| w     .     .     w    |    | 28    29    30    31   |
'------------------------'    '------------------------'

Black's turn to play.
Possible moves :
14-18
3-7
1-5
14-17
1-6
4-8

Chosen move : 
1-5
,------------------------,    ,------------------------,
|    .     .     .     b |    |     0     1     2     3|
| b     b     .     .    |    |  4     5     6     7   |
|    .     .     .     w |    |     8     9    10    11|
| .     .     b     .    |    | 12    13    14    15   |
|    w     .     .     . |    |    16    17    18    19|
| .     .     .     .    |    | 20    21    22    23   |
|    w     w     w     w |    |    24    25    26    27|
| w     .     .     w    |    | 28    29    30    31   |
'------------------------'    '------------------------'

White's turn to play.
Possible moves :
25-22
26-22
16-13
26-23
24-21
16-12
24-20
25-21
27-23
11-7

Chosen move : 
25-22
,------------------------,    ,------------------------,
|    .     .     .     b |    |     0     1     2     3|
| b     b     .     .    |    |  4     5     6     7   |
|    .     .     .     w |    |     8     9    10    11|
| .     .     b     .    |    | 12    13    14    15   |
|    w     .     .     . |    |    16    17    18    19|
| .     .     w     .    |    | 20    21    22    23   |
|    w     .     w     w |    |    24    25    26    27|
| w     .     .     w    |    | 28    29    30    31   |
'------------------------'    '------------------------'

Black's turn to play.
Possible moves :
5-9
4-8
14-18
3-7
5-8
14-17

Chosen move : 
14-18
,------------------------,    ,------------------------,
|    .     .     .     b |    |     0     1     2     3|
| b     b     .     .    |    |  4     5     6     7   |
|    .     .     .     w |    |     8     9    10    11|
| .     .     .     .    |    | 12    13    14    15   |
|    w     .     b     . |    |    16    17    18    19|
| .     .     w     .    |    | 20    21    22    23   |
|    w     .     w     w |    |    24    25    26    27|
| w     .     .     w    |    | 28    29    30    31   |
'------------------------'    '------------------------'

White's turn to play.
Possible moves :
22x15

Chosen move : 
22x15
,------------------------,    ,------------------------,
|    .     .     .     b |    |     0     1     2     3|
| b     b     .     .    |    |  4     5     6     7   |
|    .     .     .     w |    |     8     9    10    11|
| .     .     .     w    |    | 12    13    14    15   |
|    w     .     .     . |    |    16    17    18    19|
| .     .     .     .    |    | 20    21    22    23   |
|    w     .     w     w |    |    24    25    26    27|
| w     .     .     w    |    | 28    29    30    31   |
'------------------------'    '------------------------'

Black's turn to play.
Possible moves :
5-9
3-7
4-8
5-8

Chosen move : 
4-8
,------------------------,    ,------------------------,
|    .     .     .     b |    |     0     1     2     3|
| .     b     .     .    |    |  4     5     6     7   |
|    b     .     .     w |    |     8     9    10    11|
| .     .     .     w    |    | 12    13    14    15   |
|    w     .     .     . |    |    16    17    18    19|
| .     .     .     .    |    | 20    21    22    23   |
|    w     .     w     w |    |    24    25    26    27|
| w     .     .     w    |    | 28    29    30    31   |
'------------------------'    '------------------------'

White's turn to play.
Possible moves :
16-13
24-20
24-21
11-7
26-23
15-10
16-12
26-22
27-23

Chosen move : 
24-20
,------------------------,    ,------------------------,
|    .     .     .     b |    |     0     1     2     3|
| .     b     .     .    |    |  4     5     6     7   |
|    b     .     .     w |    |     8     9    10    11|
| .     .     .     w    |    | 12    13    14    15   |
|    w     .     .     . |    |    16    17    18    19|
| w     .     .     .    |    | 20    21    22    23   |
|    .     .     w     w |    |    24    25    26    27|
| w     .     .     w    |    | 28    29    30    31   |
'------------------------'    '------------------------'

Black's turn to play.
Possible moves :
3-7
8-13
8-12
5-9

Chosen move : 
3-7
,------------------------,    ,------------------------,
|    .     .     .     . |    |     0     1     2     3|
| .     b     .     b    |    |  4     5     6     7   |
|    b     .     .     w |    |     8     9    10    11|
| .     .     .     w    |    | 12    13    14    15   |
|    w     .     .     . |    |    16    17    18    19|
| w     .     .     .    |    | 20    21    22    23   |
|    .     .     w     w |    |    24    25    26    27|
| w     .     .     w    |    | 28    29    30    31   |
'------------------------'    '------------------------'

White's turn to play.
Possible moves :
11x2

Chosen move : 
11x2
,------------------------,    ,------------------------,
|    .     .     W     . |    |     0     1     2     3|
| .     b     .     .    |    |  4     5     6     7   |
|    b     .     .     . |    |     8     9    10    11|
| .     .     .     w    |    | 12    13    14    15   |
|    w     .     .     . |    |    16    17    18    19|
| w     .     .     .    |    | 20    21    22    23   |
|    .     .     w     w |    |    24    25    26    27|
| w     .     .     w    |    | 28    29    30    31   |
'------------------------'    '------------------------'

Black's turn to play.
Possible moves :
8-12
8-13
5-9

Chosen move : 
8-13
,------------------------,    ,------------------------,
|    .     .     W     . |    |     0     1     2     3|
| .     b     .     .    |    |  4     5     6     7   |
|    .     .     .     . |    |     8     9    10    11|
| .     b     .     w    |    | 12    13    14    15   |
|    w     .     .     . |    |    16    17    18    19|
| w     .     .     .    |    | 20    21    22    23   |
|    .     .     w     w |    |    24    25    26    27|
| w     .     .     w    |    | 28    29    30    31   |
'------------------------'    '------------------------'

White's turn to play.
Possible moves :
16x9x0

Chosen move : 
16x9x0
,------------------------,    ,------------------------,
|    W     .     W     . |    |     0     1     2     3|
| .     .     .     .    |    |  4     5     6     7   |
|    .     .     .     . |    |     8     9    10    11|
| .     .     .     w    |    | 12    13    14    15   |
|    .     .     .     . |    |    16    17    18    19|
| w     .     .     .    |    | 20    21    22    23   |
|    .     .     w     w |    |    24    25    26    27|
| w     .     .     w    |    | 28    29    30    31   |
'------------------------'    '------------------------'

Black's turn to play.
End of Game !

#PDN#
[Event "IN104 CS Project"]
[Site "ENSTA ParisTech, Palaiseau, FRA"]
[GameType “21,W,8,8,N2,0”] {Whites begin}
[Date "Tue Mar 22 20:18:00 2016"]
[Round "?"]
[White "Master minmax"]
[WhiteType "Program"]
[Black "Random Guesser"]
[BlackType "Program"]
[Result "1-0"] {White (Master minmax) wins}
[WhiteTime "4.287638187408447"]
[BlackTime "0.011229515075683594"]

1.23-18 8-12 2.21-16 12x21 3.25x16 9-13 4.16x9 5x14x23 5.26x19 11-15 6.30-26 10-14 7.19x10x17 6-10 8.17-13 2-6 9.20-16 6-9 10.13x6x15 0-5 11.22-17 5-9 12.15-11 9-14 13.17x10 7x14 14.29-25 1-5 15.25-22 14-18 16.22x15 4-8 17.24-20 3-7 18.11x2 8-13 19.16x9x0  1-0 *
