Beginning of the game
,------------------------,    ,------------------------,
|    b     b     b     b |    |     0     1     2     3|
| b     b     b     b    |    |  4     5     6     7   |
|    b     b     b     b |    |     8     9    10    11|
| .     .     .     .    |    | 12    13    14    15   |
|    .     .     .     . |    |    16    17    18    19|
| w     w     w     w    |    | 20    21    22    23   |
|    w     w     w     w |    |    24    25    26    27|
| w     w     w     w    |    | 28    29    30    31   |
'------------------------'    '------------------------'

White's turn to play.
Possible moves :
21-17
23-19
21-16
22-18
20-16
23-18
22-17

Chosen move : 
21-17
,------------------------,    ,------------------------,
|    b     b     b     b |    |     0     1     2     3|
| b     b     b     b    |    |  4     5     6     7   |
|    b     b     b     b |    |     8     9    10    11|
| .     .     .     .    |    | 12    13    14    15   |
|    .     w     .     . |    |    16    17    18    19|
| w     .     w     w    |    | 20    21    22    23   |
|    w     w     w     w |    |    24    25    26    27|
| w     w     w     w    |    | 28    29    30    31   |
'------------------------'    '------------------------'

Black's turn to play.
Possible moves :
9-14
10-14
8-12
11-15
9-13
10-15
8-13

Chosen move : 
8-12
,------------------------,    ,------------------------,
|    b     b     b     b |    |     0     1     2     3|
| b     b     b     b    |    |  4     5     6     7   |
|    .     b     b     b |    |     8     9    10    11|
| b     .     .     .    |    | 12    13    14    15   |
|    .     w     .     . |    |    16    17    18    19|
| w     .     w     w    |    | 20    21    22    23   |
|    w     w     w     w |    |    24    25    26    27|
| w     w     w     w    |    | 28    29    30    31   |
'------------------------'    '------------------------'

White's turn to play.
Possible moves :
24-21
22-18
25-21
20-16
17-13
17-14
23-18
23-19

Chosen move : 
24-21
,------------------------,    ,------------------------,
|    b     b     b     b |    |     0     1     2     3|
| b     b     b     b    |    |  4     5     6     7   |
|    .     b     b     b |    |     8     9    10    11|
| b     .     .     .    |    | 12    13    14    15   |
|    .     w     .     . |    |    16    17    18    19|
| w     w     w     w    |    | 20    21    22    23   |
|    .     w     w     w |    |    24    25    26    27|
| w     w     w     w    |    | 28    29    30    31   |
'------------------------'    '------------------------'

Black's turn to play.
Possible moves :
12-16
9-14
9-13
4-8
11-15
5-8
10-14
10-15

Chosen move : 
10-15
,------------------------,    ,------------------------,
|    b     b     b     b |    |     0     1     2     3|
| b     b     b     b    |    |  4     5     6     7   |
|    .     b     .     b |    |     8     9    10    11|
| b     .     .     b    |    | 12    13    14    15   |
|    .     w     .     . |    |    16    17    18    19|
| w     w     w     w    |    | 20    21    22    23   |
|    .     w     w     w |    |    24    25    26    27|
| w     w     w     w    |    | 28    29    30    31   |
'------------------------'    '------------------------'

White's turn to play.
Possible moves :
21-16
23-19
17-13
22-18
17-14
23-18
20-16
28-24
29-24

Chosen move : 
23-19
,------------------------,    ,------------------------,
|    b     b     b     b |    |     0     1     2     3|
| b     b     b     b    |    |  4     5     6     7   |
|    .     b     .     b |    |     8     9    10    11|
| b     .     .     b    |    | 12    13    14    15   |
|    .     w     .     w |    |    16    17    18    19|
| w     w     w     .    |    | 20    21    22    23   |
|    .     w     w     w |    |    24    25    26    27|
| w     w     w     w    |    | 28    29    30    31   |
'------------------------'    '------------------------'

Black's turn to play.
Possible moves :
15-18
7-10
9-14
12-16
5-8
6-10
9-13
4-8

Chosen move : 
9-14
,------------------------,    ,------------------------,
|    b     b     b     b |    |     0     1     2     3|
| b     b     b     b    |    |  4     5     6     7   |
|    .     .     .     b |    |     8     9    10    11|
| b     .     b     b    |    | 12    13    14    15   |
|    .     w     .     w |    |    16    17    18    19|
| w     w     w     .    |    | 20    21    22    23   |
|    .     w     w     w |    |    24    25    26    27|
| w     w     w     w    |    | 28    29    30    31   |
'------------------------'    '------------------------'

White's turn to play.
Possible moves :
17x10
19x10

Chosen move : 
17x10
,------------------------,    ,------------------------,
|    b     b     b     b |    |     0     1     2     3|
| b     b     b     b    |    |  4     5     6     7   |
|    .     .     w     b |    |     8     9    10    11|
| b     .     .     b    |    | 12    13    14    15   |
|    .     .     .     w |    |    16    17    18    19|
| w     w     w     .    |    | 20    21    22    23   |
|    .     w     w     w |    |    24    25    26    27|
| w     w     w     w    |    | 28    29    30    31   |
'------------------------'    '------------------------'

Black's turn to play.
Possible moves :
7x14

Chosen move : 
7x14
,------------------------,    ,------------------------,
|    b     b     b     b |    |     0     1     2     3|
| b     b     b     .    |    |  4     5     6     7   |
|    .     .     .     b |    |     8     9    10    11|
| b     .     b     b    |    | 12    13    14    15   |
|    .     .     .     w |    |    16    17    18    19|
| w     w     w     .    |    | 20    21    22    23   |
|    .     w     w     w |    |    24    25    26    27|
| w     w     w     w    |    | 28    29    30    31   |
'------------------------'    '------------------------'

White's turn to play.
Possible moves :
19x10x17

Chosen move : 
19x10x17
,------------------------,    ,------------------------,
|    b     b     b     b |    |     0     1     2     3|
| b     b     b     .    |    |  4     5     6     7   |
|    .     .     .     b |    |     8     9    10    11|
| b     .     .     .    |    | 12    13    14    15   |
|    .     w     .     . |    |    16    17    18    19|
| w     w     w     .    |    | 20    21    22    23   |
|    .     w     w     w |    |    24    25    26    27|
| w     w     w     w    |    | 28    29    30    31   |
'------------------------'    '------------------------'

Black's turn to play.
Possible moves :
5-9
3-7
12-16
11-15
2-7
4-8
5-8
6-9
6-10

Chosen move : 
3-7
,------------------------,    ,------------------------,
|    b     b     b     . |    |     0     1     2     3|
| b     b     b     b    |    |  4     5     6     7   |
|    .     .     .     b |    |     8     9    10    11|
| b     .     .     .    |    | 12    13    14    15   |
|    .     w     .     . |    |    16    17    18    19|
| w     w     w     .    |    | 20    21    22    23   |
|    .     w     w     w |    |    24    25    26    27|
| w     w     w     w    |    | 28    29    30    31   |
'------------------------'    '------------------------'

White's turn to play.
Possible moves :
28-24
22-18
17-13
17-14
20-16
27-23
21-16
26-23
29-24

Chosen move : 
28-24
,------------------------,    ,------------------------,
|    b     b     b     . |    |     0     1     2     3|
| b     b     b     b    |    |  4     5     6     7   |
|    .     .     .     b |    |     8     9    10    11|
| b     .     .     .    |    | 12    13    14    15   |
|    .     w     .     . |    |    16    17    18    19|
| w     w     w     .    |    | 20    21    22    23   |
|    w     w     w     w |    |    24    25    26    27|
| .     w     w     w    |    | 28    29    30    31   |
'------------------------'    '------------------------'

Black's turn to play.
Possible moves :
11-15
6-10
12-16
5-8
4-8
5-9
7-10
6-9

Chosen move : 
5-8
,------------------------,    ,------------------------,
|    b     b     b     . |    |     0     1     2     3|
| b     .     b     b    |    |  4     5     6     7   |
|    b     .     .     b |    |     8     9    10    11|
| b     .     .     .    |    | 12    13    14    15   |
|    .     w     .     . |    |    16    17    18    19|
| w     w     w     .    |    | 20    21    22    23   |
|    w     w     w     w |    |    24    25    26    27|
| .     w     w     w    |    | 28    29    30    31   |
'------------------------'    '------------------------'

White's turn to play.
Possible moves :
17-14
20-16
21-16
26-23
22-18
27-23
17-13

Chosen move : 
17-14
,------------------------,    ,------------------------,
|    b     b     b     . |    |     0     1     2     3|
| b     .     b     b    |    |  4     5     6     7   |
|    b     .     .     b |    |     8     9    10    11|
| b     .     w     .    |    | 12    13    14    15   |
|    .     .     .     . |    |    16    17    18    19|
| w     w     w     .    |    | 20    21    22    23   |
|    w     w     w     w |    |    24    25    26    27|
| .     w     w     w    |    | 28    29    30    31   |
'------------------------'    '------------------------'

Black's turn to play.
Possible moves :
8-13
11-15
12-16
0-5
6-9
7-10
1-5
6-10

Chosen move : 
7-10
,------------------------,    ,------------------------,
|    b     b     b     . |    |     0     1     2     3|
| b     .     b     .    |    |  4     5     6     7   |
|    b     .     b     b |    |     8     9    10    11|
| b     .     w     .    |    | 12    13    14    15   |
|    .     .     .     . |    |    16    17    18    19|
| w     w     w     .    |    | 20    21    22    23   |
|    w     w     w     w |    |    24    25    26    27|
| .     w     w     w    |    | 28    29    30    31   |
'------------------------'    '------------------------'

White's turn to play.
Possible moves :
14x7

Chosen move : 
14x7
,------------------------,    ,------------------------,
|    b     b     b     . |    |     0     1     2     3|
| b     .     b     w    |    |  4     5     6     7   |
|    b     .     .     b |    |     8     9    10    11|
| b     .     .     .    |    | 12    13    14    15   |
|    .     .     .     . |    |    16    17    18    19|
| w     w     w     .    |    | 20    21    22    23   |
|    w     w     w     w |    |    24    25    26    27|
| .     w     w     w    |    | 28    29    30    31   |
'------------------------'    '------------------------'

Black's turn to play.
Possible moves :
8-13
1-5
12-16
6-10
0-5
6-9
11-15

Chosen move : 
11-15
,------------------------,    ,------------------------,
|    b     b     b     . |    |     0     1     2     3|
| b     .     b     w    |    |  4     5     6     7   |
|    b     .     .     . |    |     8     9    10    11|
| b     .     .     b    |    | 12    13    14    15   |
|    .     .     .     . |    |    16    17    18    19|
| w     w     w     .    |    | 20    21    22    23   |
|    w     w     w     w |    |    24    25    26    27|
| .     w     w     w    |    | 28    29    30    31   |
'------------------------'    '------------------------'

White's turn to play.
Possible moves :
27-23
21-16
21-17
22-18
20-16
26-23
22-17
7-3

Chosen move : 
7-3
,------------------------,    ,------------------------,
|    b     b     b     W |    |     0     1     2     3|
| b     .     b     .    |    |  4     5     6     7   |
|    b     .     .     . |    |     8     9    10    11|
| b     .     .     b    |    | 12    13    14    15   |
|    .     .     .     . |    |    16    17    18    19|
| w     w     w     .    |    | 20    21    22    23   |
|    w     w     w     w |    |    24    25    26    27|
| .     w     w     w    |    | 28    29    30    31   |
'------------------------'    '------------------------'

Black's turn to play.
Possible moves :
15-18
1-5
15-19
8-13
0-5
6-9
2-7
12-16
6-10

Chosen move : 
15-19
,------------------------,    ,------------------------,
|    b     b     b     W |    |     0     1     2     3|
| b     .     b     .    |    |  4     5     6     7   |
|    b     .     .     . |    |     8     9    10    11|
| b     .     .     .    |    | 12    13    14    15   |
|    .     .     .     b |    |    16    17    18    19|
| w     w     w     .    |    | 20    21    22    23   |
|    w     w     w     w |    |    24    25    26    27|
| .     w     w     w    |    | 28    29    30    31   |
'------------------------'    '------------------------'

White's turn to play.
Possible moves :
22-17
3-7
22-18
21-17
27-23
26-23
21-16
20-16

Chosen move : 
22-17
,------------------------,    ,------------------------,
|    b     b     b     W |    |     0     1     2     3|
| b     .     b     .    |    |  4     5     6     7   |
|    b     .     .     . |    |     8     9    10    11|
| b     .     .     .    |    | 12    13    14    15   |
|    .     w     .     b |    |    16    17    18    19|
| w     w     .     .    |    | 20    21    22    23   |
|    w     w     w     w |    |    24    25    26    27|
| .     w     w     w    |    | 28    29    30    31   |
'------------------------'    '------------------------'

Black's turn to play.
Possible moves :
0-5
6-10
2-7
1-5
12-16
19-23
6-9
8-13

Chosen move : 
6-10
,------------------------,    ,------------------------,
|    b     b     b     W |    |     0     1     2     3|
| b     .     .     .    |    |  4     5     6     7   |
|    b     .     b     . |    |     8     9    10    11|
| b     .     .     .    |    | 12    13    14    15   |
|    .     w     .     b |    |    16    17    18    19|
| w     w     .     .    |    | 20    21    22    23   |
|    w     w     w     w |    |    24    25    26    27|
| .     w     w     w    |    | 28    29    30    31   |
'------------------------'    '------------------------'

White's turn to play.
Possible moves :
27-23
26-23
17-13
20-16
26-22
25-22
3-7
21-16
17-14

Chosen move : 
27-23
,------------------------,    ,------------------------,
|    b     b     b     W |    |     0     1     2     3|
| b     .     .     .    |    |  4     5     6     7   |
|    b     .     b     . |    |     8     9    10    11|
| b     .     .     .    |    | 12    13    14    15   |
|    .     w     .     b |    |    16    17    18    19|
| w     w     .     w    |    | 20    21    22    23   |
|    w     w     w     . |    |    24    25    26    27|
| .     w     w     w    |    | 28    29    30    31   |
'------------------------'    '------------------------'

Black's turn to play.
Possible moves :
12-16
0-5
8-13
2-6
10-15
1-5
10-14
2-7
1-6

Chosen move : 
1-6
,------------------------,    ,------------------------,
|    b     .     b     W |    |     0     1     2     3|
| b     .     b     .    |    |  4     5     6     7   |
|    b     .     b     . |    |     8     9    10    11|
| b     .     .     .    |    | 12    13    14    15   |
|    .     w     .     b |    |    16    17    18    19|
| w     w     .     w    |    | 20    21    22    23   |
|    w     w     w     . |    |    24    25    26    27|
| .     w     w     w    |    | 28    29    30    31   |
'------------------------'    '------------------------'

White's turn to play.
Possible moves :
17-14
20-16
26-22
31-27
25-22
17-13
21-16
23-18
3-7

Chosen move : 
17-14
,------------------------,    ,------------------------,
|    b     .     b     W |    |     0     1     2     3|
| b     .     b     .    |    |  4     5     6     7   |
|    b     .     b     . |    |     8     9    10    11|
| b     .     w     .    |    | 12    13    14    15   |
|    .     .     .     b |    |    16    17    18    19|
| w     w     .     w    |    | 20    21    22    23   |
|    w     w     w     . |    |    24    25    26    27|
| .     w     w     w    |    | 28    29    30    31   |
'------------------------'    '------------------------'

Black's turn to play.
Possible moves :
10x17

Chosen move : 
10x17
,------------------------,    ,------------------------,
|    b     .     b     W |    |     0     1     2     3|
| b     .     b     .    |    |  4     5     6     7   |
|    b     .     .     . |    |     8     9    10    11|
| b     .     .     .    |    | 12    13    14    15   |
|    .     b     .     b |    |    16    17    18    19|
| w     w     .     w    |    | 20    21    22    23   |
|    w     w     w     . |    |    24    25    26    27|
| .     w     w     w    |    | 28    29    30    31   |
'------------------------'    '------------------------'

White's turn to play.
Possible moves :
21x14

Chosen move : 
21x14
,------------------------,    ,------------------------,
|    b     .     b     W |    |     0     1     2     3|
| b     .     b     .    |    |  4     5     6     7   |
|    b     .     .     . |    |     8     9    10    11|
| b     .     w     .    |    | 12    13    14    15   |
|    .     .     .     b |    |    16    17    18    19|
| w     .     .     w    |    | 20    21    22    23   |
|    w     w     w     . |    |    24    25    26    27|
| .     w     w     w    |    | 28    29    30    31   |
'------------------------'    '------------------------'

Black's turn to play.
Possible moves :
6-9
6-10
12-16
8-13
0-5
2-7

Chosen move : 
6-9
,------------------------,    ,------------------------,
|    b     .     b     W |    |     0     1     2     3|
| b     .     .     .    |    |  4     5     6     7   |
|    b     b     .     . |    |     8     9    10    11|
| b     .     w     .    |    | 12    13    14    15   |
|    .     .     .     b |    |    16    17    18    19|
| w     .     .     w    |    | 20    21    22    23   |
|    w     w     w     . |    |    24    25    26    27|
| .     w     w     w    |    | 28    29    30    31   |
'------------------------'    '------------------------'

White's turn to play.
Possible moves :
14x5

Chosen move : 
14x5
,------------------------,    ,------------------------,
|    b     .     b     W |    |     0     1     2     3|
| b     w     .     .    |    |  4     5     6     7   |
|    b     .     .     . |    |     8     9    10    11|
| b     .     .     .    |    | 12    13    14    15   |
|    .     .     .     b |    |    16    17    18    19|
| w     .     .     w    |    | 20    21    22    23   |
|    w     w     w     . |    |    24    25    26    27|
| .     w     w     w    |    | 28    29    30    31   |
'------------------------'    '------------------------'

Black's turn to play.
Possible moves :
0x9
8x1

Chosen move : 
8x1
,------------------------,    ,------------------------,
|    b     b     b     W |    |     0     1     2     3|
| b     .     .     .    |    |  4     5     6     7   |
|    .     .     .     . |    |     8     9    10    11|
| b     .     .     .    |    | 12    13    14    15   |
|    .     .     .     b |    |    16    17    18    19|
| w     .     .     w    |    | 20    21    22    23   |
|    w     w     w     . |    |    24    25    26    27|
| .     w     w     w    |    | 28    29    30    31   |
'------------------------'    '------------------------'

White's turn to play.
Possible moves :
25-22
23-18
25-21
26-22
20-16
3-7
31-27
24-21

Chosen move : 
25-22
,------------------------,    ,------------------------,
|    b     b     b     W |    |     0     1     2     3|
| b     .     .     .    |    |  4     5     6     7   |
|    .     .     .     . |    |     8     9    10    11|
| b     .     .     .    |    | 12    13    14    15   |
|    .     .     .     b |    |    16    17    18    19|
| w     .     w     w    |    | 20    21    22    23   |
|    w     .     w     . |    |    24    25    26    27|
| .     w     w     w    |    | 28    29    30    31   |
'------------------------'    '------------------------'

Black's turn to play.
Possible moves :
1-5
2-7
0-5
12-16
4-8
2-6
1-6

Chosen move : 
1-6
,------------------------,    ,------------------------,
|    b     .     b     W |    |     0     1     2     3|
| b     .     b     .    |    |  4     5     6     7   |
|    .     .     .     . |    |     8     9    10    11|
| b     .     .     .    |    | 12    13    14    15   |
|    .     .     .     b |    |    16    17    18    19|
| w     .     w     w    |    | 20    21    22    23   |
|    w     .     w     . |    |    24    25    26    27|
| .     w     w     w    |    | 28    29    30    31   |
'------------------------'    '------------------------'

White's turn to play.
Possible moves :
30-25
29-25
22-18
24-21
31-27
3-7
20-16
23-18
22-17

Chosen move : 
30-25
,------------------------,    ,------------------------,
|    b     .     b     W |    |     0     1     2     3|
| b     .     b     .    |    |  4     5     6     7   |
|    .     .     .     . |    |     8     9    10    11|
| b     .     .     .    |    | 12    13    14    15   |
|    .     .     .     b |    |    16    17    18    19|
| w     .     w     w    |    | 20    21    22    23   |
|    w     w     w     . |    |    24    25    26    27|
| .     w     .     w    |    | 28    29    30    31   |
'------------------------'    '------------------------'

Black's turn to play.
Possible moves :
2-7
6-10
4-8
12-16
6-9
0-5

Chosen move : 
12-16
,------------------------,    ,------------------------,
|    b     .     b     W |    |     0     1     2     3|
| b     .     b     .    |    |  4     5     6     7   |
|    .     .     .     . |    |     8     9    10    11|
| .     .     .     .    |    | 12    13    14    15   |
|    b     .     .     b |    |    16    17    18    19|
| w     .     w     w    |    | 20    21    22    23   |
|    w     w     w     . |    |    24    25    26    27|
| .     w     .     w    |    | 28    29    30    31   |
'------------------------'    '------------------------'

White's turn to play.
Possible moves :
20x13

Chosen move : 
20x13
,------------------------,    ,------------------------,
|    b     .     b     W |    |     0     1     2     3|
| b     .     b     .    |    |  4     5     6     7   |
|    .     .     .     . |    |     8     9    10    11|
| .     w     .     .    |    | 12    13    14    15   |
|    .     .     .     b |    |    16    17    18    19|
| .     .     w     w    |    | 20    21    22    23   |
|    w     w     w     . |    |    24    25    26    27|
| .     w     .     w    |    | 28    29    30    31   |
'------------------------'    '------------------------'

Black's turn to play.
Possible moves :
6-9
6-10
2-7
0-5
4-8

Chosen move : 
2-7
,------------------------,    ,------------------------,
|    b     .     .     W |    |     0     1     2     3|
| b     .     b     b    |    |  4     5     6     7   |
|    .     .     .     . |    |     8     9    10    11|
| .     w     .     .    |    | 12    13    14    15   |
|    .     .     .     b |    |    16    17    18    19|
| .     .     w     w    |    | 20    21    22    23   |
|    w     w     w     . |    |    24    25    26    27|
| .     w     .     w    |    | 28    29    30    31   |
'------------------------'    '------------------------'

White's turn to play.
Possible moves :
3x10x1

Chosen move : 
3x10x1
,------------------------,    ,------------------------,
|    b     W     .     . |    |     0     1     2     3|
| b     .     .     .    |    |  4     5     6     7   |
|    .     .     .     . |    |     8     9    10    11|
| .     w     .     .    |    | 12    13    14    15   |
|    .     .     .     b |    |    16    17    18    19|
| .     .     w     w    |    | 20    21    22    23   |
|    w     w     w     . |    |    24    25    26    27|
| .     w     .     w    |    | 28    29    30    31   |
'------------------------'    '------------------------'

Black's turn to play.
Possible moves :
4-8
0-5

Chosen move : 
4-8
,------------------------,    ,------------------------,
|    b     W     .     . |    |     0     1     2     3|
| .     .     .     .    |    |  4     5     6     7   |
|    b     .     .     . |    |     8     9    10    11|
| .     w     .     .    |    | 12    13    14    15   |
|    .     .     .     b |    |    16    17    18    19|
| .     .     w     w    |    | 20    21    22    23   |
|    w     w     w     . |    |    24    25    26    27|
| .     w     .     w    |    | 28    29    30    31   |
'------------------------'    '------------------------'

White's turn to play.
Possible moves :
13x4

Chosen move : 
13x4
,------------------------,    ,------------------------,
|    b     W     .     . |    |     0     1     2     3|
| w     .     .     .    |    |  4     5     6     7   |
|    .     .     .     . |    |     8     9    10    11|
| .     .     .     .    |    | 12    13    14    15   |
|    .     .     .     b |    |    16    17    18    19|
| .     .     w     w    |    | 20    21    22    23   |
|    w     w     w     . |    |    24    25    26    27|
| .     w     .     w    |    | 28    29    30    31   |
'------------------------'    '------------------------'

Black's turn to play.
Possible moves :
0-5

Chosen move : 
0-5
,------------------------,    ,------------------------,
|    .     W     .     . |    |     0     1     2     3|
| w     b     .     .    |    |  4     5     6     7   |
|    .     .     .     . |    |     8     9    10    11|
| .     .     .     .    |    | 12    13    14    15   |
|    .     .     .     b |    |    16    17    18    19|
| .     .     w     w    |    | 20    21    22    23   |
|    w     w     w     . |    |    24    25    26    27|
| .     w     .     w    |    | 28    29    30    31   |
'------------------------'    '------------------------'

White's turn to play.
Possible moves :
1x8

Chosen move : 
1x8
,------------------------,    ,------------------------,
|    .     .     .     . |    |     0     1     2     3|
| w     .     .     .    |    |  4     5     6     7   |
|    W     .     .     . |    |     8     9    10    11|
| .     .     .     .    |    | 12    13    14    15   |
|    .     .     .     b |    |    16    17    18    19|
| .     .     w     w    |    | 20    21    22    23   |
|    w     w     w     . |    |    24    25    26    27|
| .     w     .     w    |    | 28    29    30    31   |
'------------------------'    '------------------------'

Black's turn to play.
End of Game !

#PDN#
[Event "IN104 CS Project"]
[Site "ENSTA ParisTech, Palaiseau, FRA"]
[GameType “21,W,8,8,N2,0”] {Whites begin}
[Date "Tue Mar 22 20:18:24 2016"]
[Round "?"]
[White "Master minmax"]
[WhiteType "Program"]
[Black "Random Guesser"]
[BlackType "Program"]
[Result "1-0"] {White (Master minmax) wins}
[WhiteTime "19.968351364135742"]
[BlackTime "0.013207435607910156"]

1.21-17 8-12 2.24-21 10-15 3.23-19 9-14 4.17x10 7x14 5.19x10x17 3-7 6.28-24 5-8 7.17-14 7-10 8.14x7 11-15 9.7-3 15-19 10.22-17 6-10 11.27-23 1-6 12.17-14 10x17 13.21x14 6-9 14.14x5 8x1 15.25-22 1-6 16.30-25 12-16 17.20x13 2-7 18.3x10x1 4-8 19.13x4 0-5 20.1x8  1-0 *
