Beginning of the game
,------------------------,    ,------------------------,
|    b     b     b     b |    |     0     1     2     3|
| b     b     b     b    |    |  4     5     6     7   |
|    b     b     b     b |    |     8     9    10    11|
| .     .     .     .    |    | 12    13    14    15   |
|    .     .     .     . |    |    16    17    18    19|
| w     w     w     w    |    | 20    21    22    23   |
|    w     w     w     w |    |    24    25    26    27|
| w     w     w     w    |    | 28    29    30    31   |
'------------------------'    '------------------------'

White's turn to play.
Possible moves :
23-19
21-16
23-18
22-17
22-18
21-17
20-16

Chosen move : 
23-19
,------------------------,    ,------------------------,
|    b     b     b     b |    |     0     1     2     3|
| b     b     b     b    |    |  4     5     6     7   |
|    b     b     b     b |    |     8     9    10    11|
| .     .     .     .    |    | 12    13    14    15   |
|    .     .     .     w |    |    16    17    18    19|
| w     w     w     .    |    | 20    21    22    23   |
|    w     w     w     w |    |    24    25    26    27|
| w     w     w     w    |    | 28    29    30    31   |
'------------------------'    '------------------------'

Black's turn to play.
Possible moves :
9-13
10-14
8-12
9-14
10-15
8-13
11-15

Chosen move : 
10-15
,------------------------,    ,------------------------,
|    b     b     b     b |    |     0     1     2     3|
| b     b     b     b    |    |  4     5     6     7   |
|    b     b     .     b |    |     8     9    10    11|
| .     .     .     b    |    | 12    13    14    15   |
|    .     .     .     w |    |    16    17    18    19|
| w     w     w     .    |    | 20    21    22    23   |
|    w     w     w     w |    |    24    25    26    27|
| w     w     w     w    |    | 28    29    30    31   |
'------------------------'    '------------------------'

White's turn to play.
Possible moves :
19x10

Chosen move : 
19x10
,------------------------,    ,------------------------,
|    b     b     b     b |    |     0     1     2     3|
| b     b     b     b    |    |  4     5     6     7   |
|    b     b     w     b |    |     8     9    10    11|
| .     .     .     .    |    | 12    13    14    15   |
|    .     .     .     . |    |    16    17    18    19|
| w     w     w     .    |    | 20    21    22    23   |
|    w     w     w     w |    |    24    25    26    27|
| w     w     w     w    |    | 28    29    30    31   |
'------------------------'    '------------------------'

Black's turn to play.
Possible moves :
6x15
7x14

Chosen move : 
7x14
,------------------------,    ,------------------------,
|    b     b     b     b |    |     0     1     2     3|
| b     b     b     .    |    |  4     5     6     7   |
|    b     b     .     b |    |     8     9    10    11|
| .     .     b     .    |    | 12    13    14    15   |
|    .     .     .     . |    |    16    17    18    19|
| w     w     w     .    |    | 20    21    22    23   |
|    w     w     w     w |    |    24    25    26    27|
| w     w     w     w    |    | 28    29    30    31   |
'------------------------'    '------------------------'

White's turn to play.
Possible moves :
21-16
21-17
22-18
22-17
27-23
26-23
20-16

Chosen move : 
21-16
,------------------------,    ,------------------------,
|    b     b     b     b |    |     0     1     2     3|
| b     b     b     .    |    |  4     5     6     7   |
|    b     b     .     b |    |     8     9    10    11|
| .     .     b     .    |    | 12    13    14    15   |
|    w     .     .     . |    |    16    17    18    19|
| w     .     w     .    |    | 20    21    22    23   |
|    w     w     w     w |    |    24    25    26    27|
| w     w     w     w    |    | 28    29    30    31   |
'------------------------'    '------------------------'

Black's turn to play.
Possible moves :
3-7
9-13
8-12
11-15
2-7
8-13
14-17
6-10
14-18

Chosen move : 
11-15
,------------------------,    ,------------------------,
|    b     b     b     b |    |     0     1     2     3|
| b     b     b     .    |    |  4     5     6     7   |
|    b     b     .     . |    |     8     9    10    11|
| .     .     b     b    |    | 12    13    14    15   |
|    w     .     .     . |    |    16    17    18    19|
| w     .     w     .    |    | 20    21    22    23   |
|    w     w     w     w |    |    24    25    26    27|
| w     w     w     w    |    | 28    29    30    31   |
'------------------------'    '------------------------'

White's turn to play.
Possible moves :
24-21
25-21
26-23
27-23
22-18
16-12
22-17
16-13

Chosen move : 
24-21
,------------------------,    ,------------------------,
|    b     b     b     b |    |     0     1     2     3|
| b     b     b     .    |    |  4     5     6     7   |
|    b     b     .     . |    |     8     9    10    11|
| .     .     b     b    |    | 12    13    14    15   |
|    w     .     .     . |    |    16    17    18    19|
| w     w     w     .    |    | 20    21    22    23   |
|    .     w     w     w |    |    24    25    26    27|
| w     w     w     w    |    | 28    29    30    31   |
'------------------------'    '------------------------'

Black's turn to play.
Possible moves :
15-19
9-13
3-7
15-18
8-13
6-10
14-17
2-7
14-18
8-12

Chosen move : 
14-18
,------------------------,    ,------------------------,
|    b     b     b     b |    |     0     1     2     3|
| b     b     b     .    |    |  4     5     6     7   |
|    b     b     .     . |    |     8     9    10    11|
| .     .     .     b    |    | 12    13    14    15   |
|    w     .     b     . |    |    16    17    18    19|
| w     w     w     .    |    | 20    21    22    23   |
|    .     w     w     w |    |    24    25    26    27|
| w     w     w     w    |    | 28    29    30    31   |
'------------------------'    '------------------------'

White's turn to play.
Possible moves :
22-17
27-23
28-24
21-17
16-12
16-13
26-23
29-24

Chosen move : 
22-17
,------------------------,    ,------------------------,
|    b     b     b     b |    |     0     1     2     3|
| b     b     b     .    |    |  4     5     6     7   |
|    b     b     .     . |    |     8     9    10    11|
| .     .     .     b    |    | 12    13    14    15   |
|    w     w     b     . |    |    16    17    18    19|
| w     w     .     .    |    | 20    21    22    23   |
|    .     w     w     w |    |    24    25    26    27|
| w     w     w     w    |    | 28    29    30    31   |
'------------------------'    '------------------------'

Black's turn to play.
Possible moves :
2-7
3-7
9-13
8-12
18-23
6-10
9-14
15-19
8-13
18-22

Chosen move : 
18-22
,------------------------,    ,------------------------,
|    b     b     b     b |    |     0     1     2     3|
| b     b     b     .    |    |  4     5     6     7   |
|    b     b     .     . |    |     8     9    10    11|
| .     .     .     b    |    | 12    13    14    15   |
|    w     w     .     . |    |    16    17    18    19|
| w     w     b     .    |    | 20    21    22    23   |
|    .     w     w     w |    |    24    25    26    27|
| w     w     w     w    |    | 28    29    30    31   |
'------------------------'    '------------------------'

White's turn to play.
Possible moves :
25x18x11

Chosen move : 
25x18x11
,------------------------,    ,------------------------,
|    b     b     b     b |    |     0     1     2     3|
| b     b     b     .    |    |  4     5     6     7   |
|    b     b     .     w |    |     8     9    10    11|
| .     .     .     .    |    | 12    13    14    15   |
|    w     w     .     . |    |    16    17    18    19|
| w     w     .     .    |    | 20    21    22    23   |
|    .     .     w     w |    |    24    25    26    27|
| w     w     w     w    |    | 28    29    30    31   |
'------------------------'    '------------------------'

Black's turn to play.
Possible moves :
2-7
9-14
3-7
9-13
8-13
6-10
8-12

Chosen move : 
8-12
,------------------------,    ,------------------------,
|    b     b     b     b |    |     0     1     2     3|
| b     b     b     .    |    |  4     5     6     7   |
|    .     b     .     w |    |     8     9    10    11|
| b     .     .     .    |    | 12    13    14    15   |
|    w     w     .     . |    |    16    17    18    19|
| w     w     .     .    |    | 20    21    22    23   |
|    .     .     w     w |    |    24    25    26    27|
| w     w     w     w    |    | 28    29    30    31   |
'------------------------'    '------------------------'

White's turn to play.
Possible moves :
17-13
26-23
17-14
28-24
29-25
26-22
30-25
27-23
29-24
11-7
16-13

Chosen move : 
17-13
,------------------------,    ,------------------------,
|    b     b     b     b |    |     0     1     2     3|
| b     b     b     .    |    |  4     5     6     7   |
|    .     b     .     w |    |     8     9    10    11|
| b     w     .     .    |    | 12    13    14    15   |
|    w     .     .     . |    |    16    17    18    19|
| w     w     .     .    |    | 20    21    22    23   |
|    .     .     w     w |    |    24    25    26    27|
| w     w     w     w    |    | 28    29    30    31   |
'------------------------'    '------------------------'

Black's turn to play.
Possible moves :
9-14
2-7
3-7
6-10
5-8
4-8

Chosen move : 
3-7
,------------------------,    ,------------------------,
|    b     b     b     . |    |     0     1     2     3|
| b     b     b     b    |    |  4     5     6     7   |
|    .     b     .     w |    |     8     9    10    11|
| b     w     .     .    |    | 12    13    14    15   |
|    w     .     .     . |    |    16    17    18    19|
| w     w     .     .    |    | 20    21    22    23   |
|    .     .     w     w |    |    24    25    26    27|
| w     w     w     w    |    | 28    29    30    31   |
'------------------------'    '------------------------'

White's turn to play.
Possible moves :
30-25
13-8
26-22
28-24
29-25
27-23
26-23
21-17
29-24

Chosen move : 
30-25
,------------------------,    ,------------------------,
|    b     b     b     . |    |     0     1     2     3|
| b     b     b     b    |    |  4     5     6     7   |
|    .     b     .     w |    |     8     9    10    11|
| b     w     .     .    |    | 12    13    14    15   |
|    w     .     .     . |    |    16    17    18    19|
| w     w     .     .    |    | 20    21    22    23   |
|    .     w     w     w |    |    24    25    26    27|
| w     w     .     w    |    | 28    29    30    31   |
'------------------------'    '------------------------'

Black's turn to play.
Possible moves :
4-8
9-14
7-10
6-10
5-8

Chosen move : 
4-8
,------------------------,    ,------------------------,
|    b     b     b     . |    |     0     1     2     3|
| .     b     b     b    |    |  4     5     6     7   |
|    b     b     .     w |    |     8     9    10    11|
| b     w     .     .    |    | 12    13    14    15   |
|    w     .     .     . |    |    16    17    18    19|
| w     w     .     .    |    | 20    21    22    23   |
|    .     w     w     w |    |    24    25    26    27|
| w     w     .     w    |    | 28    29    30    31   |
'------------------------'    '------------------------'

White's turn to play.
Possible moves :
13x4

Chosen move : 
13x4
,------------------------,    ,------------------------,
|    b     b     b     . |    |     0     1     2     3|
| w     b     b     b    |    |  4     5     6     7   |
|    .     b     .     w |    |     8     9    10    11|
| b     .     .     .    |    | 12    13    14    15   |
|    w     .     .     . |    |    16    17    18    19|
| w     w     .     .    |    | 20    21    22    23   |
|    .     w     w     w |    |    24    25    26    27|
| w     w     .     w    |    | 28    29    30    31   |
'------------------------'    '------------------------'

Black's turn to play.
Possible moves :
7-10
9-14
9-13
6-10
5-8

Chosen move : 
7-10
,------------------------,    ,------------------------,
|    b     b     b     . |    |     0     1     2     3|
| w     b     b     .    |    |  4     5     6     7   |
|    .     b     b     w |    |     8     9    10    11|
| b     .     .     .    |    | 12    13    14    15   |
|    w     .     .     . |    |    16    17    18    19|
| w     w     .     .    |    | 20    21    22    23   |
|    .     w     w     w |    |    24    25    26    27|
| w     w     .     w    |    | 28    29    30    31   |
'------------------------'    '------------------------'

White's turn to play.
Possible moves :
25-22
28-24
26-23
21-17
16-13
27-23
29-24
26-22
11-7

Chosen move : 
25-22
,------------------------,    ,------------------------,
|    b     b     b     . |    |     0     1     2     3|
| w     b     b     .    |    |  4     5     6     7   |
|    .     b     b     w |    |     8     9    10    11|
| b     .     .     .    |    | 12    13    14    15   |
|    w     .     .     . |    |    16    17    18    19|
| w     w     w     .    |    | 20    21    22    23   |
|    .     .     w     w |    |    24    25    26    27|
| w     w     .     w    |    | 28    29    30    31   |
'------------------------'    '------------------------'

Black's turn to play.
Possible moves :
10-14
2-7
5-8
9-13
10-15
9-14

Chosen move : 
5-8
,------------------------,    ,------------------------,
|    b     b     b     . |    |     0     1     2     3|
| w     .     b     .    |    |  4     5     6     7   |
|    b     b     b     w |    |     8     9    10    11|
| b     .     .     .    |    | 12    13    14    15   |
|    w     .     .     . |    |    16    17    18    19|
| w     w     w     .    |    | 20    21    22    23   |
|    .     .     w     w |    |    24    25    26    27|
| w     w     .     w    |    | 28    29    30    31   |
'------------------------'    '------------------------'

White's turn to play.
Possible moves :
4x13

Chosen move : 
4x13
,------------------------,    ,------------------------,
|    b     b     b     . |    |     0     1     2     3|
| .     .     b     .    |    |  4     5     6     7   |
|    .     b     b     w |    |     8     9    10    11|
| b     w     .     .    |    | 12    13    14    15   |
|    w     .     .     . |    |    16    17    18    19|
| w     w     w     .    |    | 20    21    22    23   |
|    .     .     w     w |    |    24    25    26    27|
| w     w     .     w    |    | 28    29    30    31   |
'------------------------'    '------------------------'

Black's turn to play.
Possible moves :
9-14
0-5
1-5
0-4
10-14
2-7
10-15

Chosen move : 
0-5
,------------------------,    ,------------------------,
|    .     b     b     . |    |     0     1     2     3|
| .     b     b     .    |    |  4     5     6     7   |
|    .     b     b     w |    |     8     9    10    11|
| b     w     .     .    |    | 12    13    14    15   |
|    w     .     .     . |    |    16    17    18    19|
| w     w     w     .    |    | 20    21    22    23   |
|    .     .     w     w |    |    24    25    26    27|
| w     w     .     w    |    | 28    29    30    31   |
'------------------------'    '------------------------'

White's turn to play.
Possible moves :
11-7
21-17
22-18
28-24
13-8
26-23
27-23
29-25
29-24
22-17

Chosen move : 
11-7
,------------------------,    ,------------------------,
|    .     b     b     . |    |     0     1     2     3|
| .     b     b     w    |    |  4     5     6     7   |
|    .     b     b     . |    |     8     9    10    11|
| b     w     .     .    |    | 12    13    14    15   |
|    w     .     .     . |    |    16    17    18    19|
| w     w     w     .    |    | 20    21    22    23   |
|    .     .     w     w |    |    24    25    26    27|
| w     w     .     w    |    | 28    29    30    31   |
'------------------------'    '------------------------'

Black's turn to play.
Possible moves :
10x3
2x11

Chosen move : 
2x11
,------------------------,    ,------------------------,
|    .     b     .     . |    |     0     1     2     3|
| .     b     b     .    |    |  4     5     6     7   |
|    .     b     b     b |    |     8     9    10    11|
| b     w     .     .    |    | 12    13    14    15   |
|    w     .     .     . |    |    16    17    18    19|
| w     w     w     .    |    | 20    21    22    23   |
|    .     .     w     w |    |    24    25    26    27|
| w     w     .     w    |    | 28    29    30    31   |
'------------------------'    '------------------------'

White's turn to play.
Possible moves :
27-23
21-17
22-17
22-18
26-23
13-8
28-24
29-25
29-24

Chosen move : 
27-23
,------------------------,    ,------------------------,
|    .     b     .     . |    |     0     1     2     3|
| .     b     b     .    |    |  4     5     6     7   |
|    .     b     b     b |    |     8     9    10    11|
| b     w     .     .    |    | 12    13    14    15   |
|    w     .     .     . |    |    16    17    18    19|
| w     w     w     w    |    | 20    21    22    23   |
|    .     .     w     . |    |    24    25    26    27|
| w     w     .     w    |    | 28    29    30    31   |
'------------------------'    '------------------------'

Black's turn to play.
Possible moves :
11-15
9-14
10-14
10-15
5-8

Chosen move : 
9-14
,------------------------,    ,------------------------,
|    .     b     .     . |    |     0     1     2     3|
| .     b     b     .    |    |  4     5     6     7   |
|    .     .     b     b |    |     8     9    10    11|
| b     w     b     .    |    | 12    13    14    15   |
|    w     .     .     . |    |    16    17    18    19|
| w     w     w     w    |    | 20    21    22    23   |
|    .     .     w     . |    |    24    25    26    27|
| w     w     .     w    |    | 28    29    30    31   |
'------------------------'    '------------------------'

White's turn to play.
Possible moves :
13-8
13-9
29-25
28-24
22-18
21-17
29-24
23-18
31-27
22-17
23-19

Chosen move : 
13-8
,------------------------,    ,------------------------,
|    .     b     .     . |    |     0     1     2     3|
| .     b     b     .    |    |  4     5     6     7   |
|    w     .     b     b |    |     8     9    10    11|
| b     .     b     .    |    | 12    13    14    15   |
|    w     .     .     . |    |    16    17    18    19|
| w     w     w     w    |    | 20    21    22    23   |
|    .     .     w     . |    |    24    25    26    27|
| w     w     .     w    |    | 28    29    30    31   |
'------------------------'    '------------------------'

Black's turn to play.
Possible moves :
11-15
5-9
14-18
10-15
14-17
6-9

Chosen move : 
11-15
,------------------------,    ,------------------------,
|    .     b     .     . |    |     0     1     2     3|
| .     b     b     .    |    |  4     5     6     7   |
|    w     .     b     . |    |     8     9    10    11|
| b     .     b     b    |    | 12    13    14    15   |
|    w     .     .     . |    |    16    17    18    19|
| w     w     w     w    |    | 20    21    22    23   |
|    .     .     w     . |    |    24    25    26    27|
| w     w     .     w    |    | 28    29    30    31   |
'------------------------'    '------------------------'

White's turn to play.
Possible moves :
29-25
22-18
28-24
16-13
23-19
23-18
29-24
21-17
8-4
31-27
22-17

Chosen move : 
29-25
,------------------------,    ,------------------------,
|    .     b     .     . |    |     0     1     2     3|
| .     b     b     .    |    |  4     5     6     7   |
|    w     .     b     . |    |     8     9    10    11|
| b     .     b     b    |    | 12    13    14    15   |
|    w     .     .     . |    |    16    17    18    19|
| w     w     w     w    |    | 20    21    22    23   |
|    .     w     w     . |    |    24    25    26    27|
| w     .     .     w    |    | 28    29    30    31   |
'------------------------'    '------------------------'

Black's turn to play.
Possible moves :
14-17
14-18
6-9
15-19
15-18
5-9

Chosen move : 
14-17
,------------------------,    ,------------------------,
|    .     b     .     . |    |     0     1     2     3|
| .     b     b     .    |    |  4     5     6     7   |
|    w     .     b     . |    |     8     9    10    11|
| b     .     .     b    |    | 12    13    14    15   |
|    w     b     .     . |    |    16    17    18    19|
| w     w     w     w    |    | 20    21    22    23   |
|    .     w     w     . |    |    24    25    26    27|
| w     .     .     w    |    | 28    29    30    31   |
'------------------------'    '------------------------'

White's turn to play.
Possible moves :
21x14x7

Chosen move : 
21x14x7
,------------------------,    ,------------------------,
|    .     b     .     . |    |     0     1     2     3|
| .     b     b     w    |    |  4     5     6     7   |
|    w     .     .     . |    |     8     9    10    11|
| b     .     .     b    |    | 12    13    14    15   |
|    w     .     .     . |    |    16    17    18    19|
| w     .     w     w    |    | 20    21    22    23   |
|    .     w     w     . |    |    24    25    26    27|
| w     .     .     w    |    | 28    29    30    31   |
'------------------------'    '------------------------'

Black's turn to play.
Possible moves :
12x21x30

Chosen move : 
12x21x30
,------------------------,    ,------------------------,
|    .     b     .     . |    |     0     1     2     3|
| .     b     b     w    |    |  4     5     6     7   |
|    w     .     .     . |    |     8     9    10    11|
| .     .     .     b    |    | 12    13    14    15   |
|    .     .     .     . |    |    16    17    18    19|
| w     .     w     w    |    | 20    21    22    23   |
|    .     .     w     . |    |    24    25    26    27|
| w     .     B     w    |    | 28    29    30    31   |
'------------------------'    '------------------------'

White's turn to play.
Possible moves :
8-4
31-27
23-18
7-3
20-16
7-2
22-18
23-19
28-24
22-17

Chosen move : 
8-4
,------------------------,    ,------------------------,
|    .     b     .     . |    |     0     1     2     3|
| w     b     b     w    |    |  4     5     6     7   |
|    .     .     .     . |    |     8     9    10    11|
| .     .     .     b    |    | 12    13    14    15   |
|    .     .     .     . |    |    16    17    18    19|
| w     .     w     w    |    | 20    21    22    23   |
|    .     .     w     . |    |    24    25    26    27|
| w     .     B     w    |    | 28    29    30    31   |
'------------------------'    '------------------------'

Black's turn to play.
Possible moves :
6-9
30-25
15-19
5-8
5-9
6-10
15-18

Chosen move : 
15-18
,------------------------,    ,------------------------,
|    .     b     .     . |    |     0     1     2     3|
| w     b     b     w    |    |  4     5     6     7   |
|    .     .     .     . |    |     8     9    10    11|
| .     .     .     .    |    | 12    13    14    15   |
|    .     .     b     . |    |    16    17    18    19|
| w     .     w     w    |    | 20    21    22    23   |
|    .     .     w     . |    |    24    25    26    27|
| w     .     B     w    |    | 28    29    30    31   |
'------------------------'    '------------------------'

White's turn to play.
Possible moves :
22x15
23x14

Chosen move : 
22x15
,------------------------,    ,------------------------,
|    .     b     .     . |    |     0     1     2     3|
| w     b     b     w    |    |  4     5     6     7   |
|    .     .     .     . |    |     8     9    10    11|
| .     .     .     w    |    | 12    13    14    15   |
|    .     .     .     . |    |    16    17    18    19|
| w     .     .     w    |    | 20    21    22    23   |
|    .     .     w     . |    |    24    25    26    27|
| w     .     B     w    |    | 28    29    30    31   |
'------------------------'    '------------------------'

Black's turn to play.
Possible moves :
30-25
6-9
6-10
5-8
5-9

Chosen move : 
5-8
,------------------------,    ,------------------------,
|    .     b     .     . |    |     0     1     2     3|
| w     .     b     w    |    |  4     5     6     7   |
|    b     .     .     . |    |     8     9    10    11|
| .     .     .     w    |    | 12    13    14    15   |
|    .     .     .     . |    |    16    17    18    19|
| w     .     .     w    |    | 20    21    22    23   |
|    .     .     w     . |    |    24    25    26    27|
| w     .     B     w    |    | 28    29    30    31   |
'------------------------'    '------------------------'

White's turn to play.
Possible moves :
4x13

Chosen move : 
4x13
,------------------------,    ,------------------------,
|    .     b     .     . |    |     0     1     2     3|
| .     .     b     w    |    |  4     5     6     7   |
|    .     .     .     . |    |     8     9    10    11|
| .     w     .     w    |    | 12    13    14    15   |
|    .     .     .     . |    |    16    17    18    19|
| w     .     .     w    |    | 20    21    22    23   |
|    .     .     w     . |    |    24    25    26    27|
| w     .     B     w    |    | 28    29    30    31   |
'------------------------'    '------------------------'

Black's turn to play.
Possible moves :
6-10
30-25
1-5
6-9

Chosen move : 
6-10
,------------------------,    ,------------------------,
|    .     b     .     . |    |     0     1     2     3|
| .     .     .     w    |    |  4     5     6     7   |
|    .     .     b     . |    |     8     9    10    11|
| .     w     .     w    |    | 12    13    14    15   |
|    .     .     .     . |    |    16    17    18    19|
| w     .     .     w    |    | 20    21    22    23   |
|    .     .     w     . |    |    24    25    26    27|
| w     .     B     w    |    | 28    29    30    31   |
'------------------------'    '------------------------'

White's turn to play.
Possible moves :
7x14
15x6

Chosen move : 
7x14
,------------------------,    ,------------------------,
|    .     b     .     . |    |     0     1     2     3|
| .     .     .     .    |    |  4     5     6     7   |
|    .     .     .     . |    |     8     9    10    11|
| .     w     w     w    |    | 12    13    14    15   |
|    .     .     .     . |    |    16    17    18    19|
| w     .     .     w    |    | 20    21    22    23   |
|    .     .     w     . |    |    24    25    26    27|
| w     .     B     w    |    | 28    29    30    31   |
'------------------------'    '------------------------'

Black's turn to play.
Possible moves :
1-6
30-25
1-5

Chosen move : 
1-5
,------------------------,    ,------------------------,
|    .     .     .     . |    |     0     1     2     3|
| .     b     .     .    |    |  4     5     6     7   |
|    .     .     .     . |    |     8     9    10    11|
| .     w     w     w    |    | 12    13    14    15   |
|    .     .     .     . |    |    16    17    18    19|
| w     .     .     w    |    | 20    21    22    23   |
|    .     .     w     . |    |    24    25    26    27|
| w     .     B     w    |    | 28    29    30    31   |
'------------------------'    '------------------------'

White's turn to play.
Possible moves :
13-8
13-9
26-22
31-27
23-18
15-10
20-16
15-11
23-19
14-9
28-24
14-10

Chosen move : 
13-8
,------------------------,    ,------------------------,
|    .     .     .     . |    |     0     1     2     3|
| .     b     .     .    |    |  4     5     6     7   |
|    w     .     .     . |    |     8     9    10    11|
| .     .     w     w    |    | 12    13    14    15   |
|    .     .     .     . |    |    16    17    18    19|
| w     .     .     w    |    | 20    21    22    23   |
|    .     .     w     . |    |    24    25    26    27|
| w     .     B     w    |    | 28    29    30    31   |
'------------------------'    '------------------------'

Black's turn to play.
Possible moves :
5x12

Chosen move : 
5x12
,------------------------,    ,------------------------,
|    .     .     .     . |    |     0     1     2     3|
| .     .     .     .    |    |  4     5     6     7   |
|    .     .     .     . |    |     8     9    10    11|
| b     .     w     w    |    | 12    13    14    15   |
|    .     .     .     . |    |    16    17    18    19|
| w     .     .     w    |    | 20    21    22    23   |
|    .     .     w     . |    |    24    25    26    27|
| w     .     B     w    |    | 28    29    30    31   |
'------------------------'    '------------------------'

White's turn to play.
Possible moves :
28-24
14-9
23-18
15-11
26-22
14-10
15-10
23-19
31-27
20-16

Chosen move : 
28-24
,------------------------,    ,------------------------,
|    .     .     .     . |    |     0     1     2     3|
| .     .     .     .    |    |  4     5     6     7   |
|    .     .     .     . |    |     8     9    10    11|
| b     .     w     w    |    | 12    13    14    15   |
|    .     .     .     . |    |    16    17    18    19|
| w     .     .     w    |    | 20    21    22    23   |
|    w     .     w     . |    |    24    25    26    27|
| .     .     B     w    |    | 28    29    30    31   |
'------------------------'    '------------------------'

Black's turn to play.
Possible moves :
12-16
30-25

Chosen move : 
30-25
,------------------------,    ,------------------------,
|    .     .     .     . |    |     0     1     2     3|
| .     .     .     .    |    |  4     5     6     7   |
|    .     .     .     . |    |     8     9    10    11|
| b     .     w     w    |    | 12    13    14    15   |
|    .     .     .     . |    |    16    17    18    19|
| w     .     .     w    |    | 20    21    22    23   |
|    w     B     w     . |    |    24    25    26    27|
| .     .     .     w    |    | 28    29    30    31   |
'------------------------'    '------------------------'

White's turn to play.
Possible moves :
15-11
26-22
24-21
15-10
23-19
14-9
23-18
20-16
31-27
14-10

Chosen move : 
15-11
,------------------------,    ,------------------------,
|    .     .     .     . |    |     0     1     2     3|
| .     .     .     .    |    |  4     5     6     7   |
|    .     .     .     w |    |     8     9    10    11|
| b     .     w     .    |    | 12    13    14    15   |
|    .     .     .     . |    |    16    17    18    19|
| w     .     .     w    |    | 20    21    22    23   |
|    w     B     w     . |    |    24    25    26    27|
| .     .     .     w    |    | 28    29    30    31   |
'------------------------'    '------------------------'

Black's turn to play.
Possible moves :
25-29
25-30
25-21
12-16
25-22

Chosen move : 
25-29
,------------------------,    ,------------------------,
|    .     .     .     . |    |     0     1     2     3|
| .     .     .     .    |    |  4     5     6     7   |
|    .     .     .     w |    |     8     9    10    11|
| b     .     w     .    |    | 12    13    14    15   |
|    .     .     .     . |    |    16    17    18    19|
| w     .     .     w    |    | 20    21    22    23   |
|    w     .     w     . |    |    24    25    26    27|
| .     B     .     w    |    | 28    29    30    31   |
'------------------------'    '------------------------'

White's turn to play.
Possible moves :
14-9
11-7
23-19
31-27
14-10
26-22
23-18
20-16
24-21

Chosen move : 
14-9
,------------------------,    ,------------------------,
|    .     .     .     . |    |     0     1     2     3|
| .     .     .     .    |    |  4     5     6     7   |
|    .     w     .     w |    |     8     9    10    11|
| b     .     .     .    |    | 12    13    14    15   |
|    .     .     .     . |    |    16    17    18    19|
| w     .     .     w    |    | 20    21    22    23   |
|    w     .     w     . |    |    24    25    26    27|
| .     B     .     w    |    | 28    29    30    31   |
'------------------------'    '------------------------'

Black's turn to play.
Possible moves :
29-25
12-16

Chosen move : 
12-16
,------------------------,    ,------------------------,
|    .     .     .     . |    |     0     1     2     3|
| .     .     .     .    |    |  4     5     6     7   |
|    .     w     .     w |    |     8     9    10    11|
| .     .     .     .    |    | 12    13    14    15   |
|    b     .     .     . |    |    16    17    18    19|
| w     .     .     w    |    | 20    21    22    23   |
|    w     .     w     . |    |    24    25    26    27|
| .     B     .     w    |    | 28    29    30    31   |
'------------------------'    '------------------------'

White's turn to play.
Possible moves :
20x13

Chosen move : 
20x13
,------------------------,    ,------------------------,
|    .     .     .     . |    |     0     1     2     3|
| .     .     .     .    |    |  4     5     6     7   |
|    .     w     .     w |    |     8     9    10    11|
| .     w     .     .    |    | 12    13    14    15   |
|    .     .     .     . |    |    16    17    18    19|
| .     .     .     w    |    | 20    21    22    23   |
|    w     .     w     . |    |    24    25    26    27|
| .     B     .     w    |    | 28    29    30    31   |
'------------------------'    '------------------------'

Black's turn to play.
Possible moves :
29x20

Chosen move : 
29x20
,------------------------,    ,------------------------,
|    .     .     .     . |    |     0     1     2     3|
| .     .     .     .    |    |  4     5     6     7   |
|    .     w     .     w |    |     8     9    10    11|
| .     w     .     .    |    | 12    13    14    15   |
|    .     .     .     . |    |    16    17    18    19|
| B     .     .     w    |    | 20    21    22    23   |
|    .     .     w     . |    |    24    25    26    27|
| .     .     .     w    |    | 28    29    30    31   |
'------------------------'    '------------------------'

White's turn to play.
Possible moves :
13-8
23-19
26-22
9-6
9-5
31-27
11-7
23-18

Chosen move : 
13-8
,------------------------,    ,------------------------,
|    .     .     .     . |    |     0     1     2     3|
| .     .     .     .    |    |  4     5     6     7   |
|    w     w     .     w |    |     8     9    10    11|
| .     .     .     .    |    | 12    13    14    15   |
|    .     .     .     . |    |    16    17    18    19|
| B     .     .     w    |    | 20    21    22    23   |
|    .     .     w     . |    |    24    25    26    27|
| .     .     .     w    |    | 28    29    30    31   |
'------------------------'    '------------------------'

Black's turn to play.
Possible moves :
20-16
20-24

Chosen move : 
20-16
,------------------------,    ,------------------------,
|    .     .     .     . |    |     0     1     2     3|
| .     .     .     .    |    |  4     5     6     7   |
|    w     w     .     w |    |     8     9    10    11|
| .     .     .     .    |    | 12    13    14    15   |
|    B     .     .     . |    |    16    17    18    19|
| .     .     .     w    |    | 20    21    22    23   |
|    .     .     w     . |    |    24    25    26    27|
| .     .     .     w    |    | 28    29    30    31   |
'------------------------'    '------------------------'

White's turn to play.
Possible moves :
31-27
23-19
11-7
8-4
9-6
26-22
23-18
9-5
8-5

Chosen move : 
31-27
,------------------------,    ,------------------------,
|    .     .     .     . |    |     0     1     2     3|
| .     .     .     .    |    |  4     5     6     7   |
|    w     w     .     w |    |     8     9    10    11|
| .     .     .     .    |    | 12    13    14    15   |
|    B     .     .     . |    |    16    17    18    19|
| .     .     .     w    |    | 20    21    22    23   |
|    .     .     w     w |    |    24    25    26    27|
| .     .     .     .    |    | 28    29    30    31   |
'------------------------'    '------------------------'

Black's turn to play.
Possible moves :
16-12
16-20
16-13
16-21

Chosen move : 
16-21
,------------------------,    ,------------------------,
|    .     .     .     . |    |     0     1     2     3|
| .     .     .     .    |    |  4     5     6     7   |
|    w     w     .     w |    |     8     9    10    11|
| .     .     .     .    |    | 12    13    14    15   |
|    .     .     .     . |    |    16    17    18    19|
| .     B     .     w    |    | 20    21    22    23   |
|    .     .     w     w |    |    24    25    26    27|
| .     .     .     .    |    | 28    29    30    31   |
'------------------------'    '------------------------'

White's turn to play.
Possible moves :
9-6
8-4
11-7
23-18
23-19
26-22
9-5
8-5

Chosen move : 
9-6
,------------------------,    ,------------------------,
|    .     .     .     . |    |     0     1     2     3|
| .     .     w     .    |    |  4     5     6     7   |
|    w     .     .     w |    |     8     9    10    11|
| .     .     .     .    |    | 12    13    14    15   |
|    .     .     .     . |    |    16    17    18    19|
| .     B     .     w    |    | 20    21    22    23   |
|    .     .     w     w |    |    24    25    26    27|
| .     .     .     .    |    | 28    29    30    31   |
'------------------------'    '------------------------'

Black's turn to play.
Possible moves :
21-25
21-24
21-17
21-16

Chosen move : 
21-17
,------------------------,    ,------------------------,
|    .     .     .     . |    |     0     1     2     3|
| .     .     w     .    |    |  4     5     6     7   |
|    w     .     .     w |    |     8     9    10    11|
| .     .     .     .    |    | 12    13    14    15   |
|    .     B     .     . |    |    16    17    18    19|
| .     .     .     w    |    | 20    21    22    23   |
|    .     .     w     w |    |    24    25    26    27|
| .     .     .     .    |    | 28    29    30    31   |
'------------------------'    '------------------------'

White's turn to play.
Possible moves :
6-1
8-4
26-22
8-5
23-19
6-2
11-7
23-18

Chosen move : 
6-1
,------------------------,    ,------------------------,
|    .     W     .     . |    |     0     1     2     3|
| .     .     .     .    |    |  4     5     6     7   |
|    w     .     .     w |    |     8     9    10    11|
| .     .     .     .    |    | 12    13    14    15   |
|    .     B     .     . |    |    16    17    18    19|
| .     .     .     w    |    | 20    21    22    23   |
|    .     .     w     w |    |    24    25    26    27|
| .     .     .     .    |    | 28    29    30    31   |
'------------------------'    '------------------------'

Black's turn to play.
Possible moves :
17-14
17-22
17-13
17-21

Chosen move : 
17-14
,------------------------,    ,------------------------,
|    .     W     .     . |    |     0     1     2     3|
| .     .     .     .    |    |  4     5     6     7   |
|    w     .     .     w |    |     8     9    10    11|
| .     .     B     .    |    | 12    13    14    15   |
|    .     .     .     . |    |    16    17    18    19|
| .     .     .     w    |    | 20    21    22    23   |
|    .     .     w     w |    |    24    25    26    27|
| .     .     .     .    |    | 28    29    30    31   |
'------------------------'    '------------------------'

White's turn to play.
Possible moves :
8-5
1-5
23-18
1-6
23-19
11-7
8-4
26-22

Chosen move : 
8-5
,------------------------,    ,------------------------,
|    .     W     .     . |    |     0     1     2     3|
| .     w     .     .    |    |  4     5     6     7   |
|    .     .     .     w |    |     8     9    10    11|
| .     .     B     .    |    | 12    13    14    15   |
|    .     .     .     . |    |    16    17    18    19|
| .     .     .     w    |    | 20    21    22    23   |
|    .     .     w     w |    |    24    25    26    27|
| .     .     .     .    |    | 28    29    30    31   |
'------------------------'    '------------------------'

Black's turn to play.
Possible moves :
14-18
14-9
14-10
14-17

Chosen move : 
14-17
,------------------------,    ,------------------------,
|    .     W     .     . |    |     0     1     2     3|
| .     w     .     .    |    |  4     5     6     7   |
|    .     .     .     w |    |     8     9    10    11|
| .     .     .     .    |    | 12    13    14    15   |
|    .     B     .     . |    |    16    17    18    19|
| .     .     .     w    |    | 20    21    22    23   |
|    .     .     w     w |    |    24    25    26    27|
| .     .     .     .    |    | 28    29    30    31   |
'------------------------'    '------------------------'

White's turn to play.
Possible moves :
5-0
23-18
1-6
11-7
26-22
23-19

Chosen move : 
5-0
,------------------------,    ,------------------------,
|    W     W     .     . |    |     0     1     2     3|
| .     .     .     .    |    |  4     5     6     7   |
|    .     .     .     w |    |     8     9    10    11|
| .     .     .     .    |    | 12    13    14    15   |
|    .     B     .     . |    |    16    17    18    19|
| .     .     .     w    |    | 20    21    22    23   |
|    .     .     w     w |    |    24    25    26    27|
| .     .     .     .    |    | 28    29    30    31   |
'------------------------'    '------------------------'

Black's turn to play.
Possible moves :
17-14
17-13
17-22
17-21

Chosen move : 
17-13
,------------------------,    ,------------------------,
|    W     W     .     . |    |     0     1     2     3|
| .     .     .     .    |    |  4     5     6     7   |
|    .     .     .     w |    |     8     9    10    11|
| .     B     .     .    |    | 12    13    14    15   |
|    .     .     .     . |    |    16    17    18    19|
| .     .     .     w    |    | 20    21    22    23   |
|    .     .     w     w |    |    24    25    26    27|
| .     .     .     .    |    | 28    29    30    31   |
'------------------------'    '------------------------'

White's turn to play.
Possible moves :
23-18
23-19
0-4
1-6
11-7
26-22
0-5
1-5

Chosen move : 
23-18
,------------------------,    ,------------------------,
|    W     W     .     . |    |     0     1     2     3|
| .     .     .     .    |    |  4     5     6     7   |
|    .     .     .     w |    |     8     9    10    11|
| .     B     .     .    |    | 12    13    14    15   |
|    .     .     w     . |    |    16    17    18    19|
| .     .     .     .    |    | 20    21    22    23   |
|    .     .     w     w |    |    24    25    26    27|
| .     .     .     .    |    | 28    29    30    31   |
'------------------------'    '------------------------'

Black's turn to play.
Possible moves :
13-17
13-16
13-9
13-8

Chosen move : 
13-16
,------------------------,    ,------------------------,
|    W     W     .     . |    |     0     1     2     3|
| .     .     .     .    |    |  4     5     6     7   |
|    .     .     .     w |    |     8     9    10    11|
| .     .     .     .    |    | 12    13    14    15   |
|    B     .     w     . |    |    16    17    18    19|
| .     .     .     .    |    | 20    21    22    23   |
|    .     .     w     w |    |    24    25    26    27|
| .     .     .     .    |    | 28    29    30    31   |
'------------------------'    '------------------------'

White's turn to play.
Possible moves :
0-5
26-23
26-22
18-14
11-7
0-4
1-5
27-23
18-15
1-6

Chosen move : 
0-5
,------------------------,    ,------------------------,
|    .     W     .     . |    |     0     1     2     3|
| .     W     .     .    |    |  4     5     6     7   |
|    .     .     .     w |    |     8     9    10    11|
| .     .     .     .    |    | 12    13    14    15   |
|    B     .     w     . |    |    16    17    18    19|
| .     .     .     .    |    | 20    21    22    23   |
|    .     .     w     w |    |    24    25    26    27|
| .     .     .     .    |    | 28    29    30    31   |
'------------------------'    '------------------------'

Black's turn to play.
Possible moves :
16-13
16-21
16-20
16-12

Chosen move : 
16-13
,------------------------,    ,------------------------,
|    .     W     .     . |    |     0     1     2     3|
| .     W     .     .    |    |  4     5     6     7   |
|    .     .     .     w |    |     8     9    10    11|
| .     B     .     .    |    | 12    13    14    15   |
|    .     .     w     . |    |    16    17    18    19|
| .     .     .     .    |    | 20    21    22    23   |
|    .     .     w     w |    |    24    25    26    27|
| .     .     .     .    |    | 28    29    30    31   |
'------------------------'    '------------------------'

White's turn to play.
Possible moves :
27-23
11-7
5-8
18-14
5-0
18-15
5-9
26-23
26-22
1-6

Chosen move : 
27-23
,------------------------,    ,------------------------,
|    .     W     .     . |    |     0     1     2     3|
| .     W     .     .    |    |  4     5     6     7   |
|    .     .     .     w |    |     8     9    10    11|
| .     B     .     .    |    | 12    13    14    15   |
|    .     .     w     . |    |    16    17    18    19|
| .     .     .     w    |    | 20    21    22    23   |
|    .     .     w     . |    |    24    25    26    27|
| .     .     .     .    |    | 28    29    30    31   |
'------------------------'    '------------------------'

Black's turn to play.
Possible moves :
13-9
13-17
13-16
13-8

Chosen move : 
13-8
,------------------------,    ,------------------------,
|    .     W     .     . |    |     0     1     2     3|
| .     W     .     .    |    |  4     5     6     7   |
|    B     .     .     w |    |     8     9    10    11|
| .     .     .     .    |    | 12    13    14    15   |
|    .     .     w     . |    |    16    17    18    19|
| .     .     .     w    |    | 20    21    22    23   |
|    .     .     w     . |    |    24    25    26    27|
| .     .     .     .    |    | 28    29    30    31   |
'------------------------'    '------------------------'

White's turn to play.
Possible moves :
5x12

Chosen move : 
5x12
,------------------------,    ,------------------------,
|    .     W     .     . |    |     0     1     2     3|
| .     .     .     .    |    |  4     5     6     7   |
|    .     .     .     w |    |     8     9    10    11|
| W     .     .     .    |    | 12    13    14    15   |
|    .     .     w     . |    |    16    17    18    19|
| .     .     .     w    |    | 20    21    22    23   |
|    .     .     w     . |    |    24    25    26    27|
| .     .     .     .    |    | 28    29    30    31   |
'------------------------'    '------------------------'

Black's turn to play.
End of Game !

#PDN#
[Event "IN104 CS Project"]
[Site "ENSTA ParisTech, Palaiseau, FRA"]
[GameType “21,W,8,8,N2,0”] {Whites begin}
[Date "Tue Mar 22 20:15:03 2016"]
[Round "?"]
[White "Master minmax"]
[WhiteType "Program"]
[Black "Random Guesser"]
[BlackType "Program"]
[Result "1-0"] {White (Master minmax) wins}
[WhiteTime "1.1721892356872559"]
[BlackTime "0.01965188980102539"]

1.23-19 10-15 2.19x10 7x14 3.21-16 11-15 4.24-21 14-18 5.22-17 18-22 6.25x18x11 8-12 7.17-13 3-7 8.30-25 4-8 9.13x4 7-10 10.25-22 5-8 11.4x13 0-5 12.11-7 2x11 13.27-23 9-14 14.13-8 11-15 15.29-25 14-17 16.21x14x7 12x21x30 17.8-4 15-18 18.22x15 5-8 19.4x13 6-10 20.7x14 1-5 21.13-8 5x12 22.28-24 30-25 23.15-11 25-29 24.14-9 12-16 25.20x13 29x20 26.13-8 20-16 27.31-27 16-21 28.9-6 21-17 29.6-1 17-14 30.8-5 14-17 31.5-0 17-13 32.23-18 13-16 33.0-5 16-13 34.27-23 13-8 35.5x12  1-0 *
