Beginning of the game
,------------------------,    ,------------------------,
|    b     b     b     b |    |     0     1     2     3|
| b     b     b     b    |    |  4     5     6     7   |
|    b     b     b     b |    |     8     9    10    11|
| .     .     .     .    |    | 12    13    14    15   |
|    .     .     .     . |    |    16    17    18    19|
| w     w     w     w    |    | 20    21    22    23   |
|    w     w     w     w |    |    24    25    26    27|
| w     w     w     w    |    | 28    29    30    31   |
'------------------------'    '------------------------'

White's turn to play.
Possible moves :
22-18
22-17
21-16
20-16
21-17
23-19
23-18

Chosen move : 
22-18
,------------------------,    ,------------------------,
|    b     b     b     b |    |     0     1     2     3|
| b     b     b     b    |    |  4     5     6     7   |
|    b     b     b     b |    |     8     9    10    11|
| .     .     .     .    |    | 12    13    14    15   |
|    .     .     w     . |    |    16    17    18    19|
| w     w     .     w    |    | 20    21    22    23   |
|    w     w     w     w |    |    24    25    26    27|
| w     w     w     w    |    | 28    29    30    31   |
'------------------------'    '------------------------'

Black's turn to play.
Possible moves :
11-15
9-13
8-12
9-14
10-15
10-14
8-13

Chosen move : 
10-14
,------------------------,    ,------------------------,
|    b     b     b     b |    |     0     1     2     3|
| b     b     b     b    |    |  4     5     6     7   |
|    b     b     .     b |    |     8     9    10    11|
| .     .     b     .    |    | 12    13    14    15   |
|    .     .     w     . |    |    16    17    18    19|
| w     w     .     w    |    | 20    21    22    23   |
|    w     w     w     w |    |    24    25    26    27|
| w     w     w     w    |    | 28    29    30    31   |
'------------------------'    '------------------------'

White's turn to play.
Possible moves :
18-15
21-17
26-22
25-22
23-19
20-16
21-16

Chosen move : 
21-17
,------------------------,    ,------------------------,
|    b     b     b     b |    |     0     1     2     3|
| b     b     b     b    |    |  4     5     6     7   |
|    b     b     .     b |    |     8     9    10    11|
| .     .     b     .    |    | 12    13    14    15   |
|    .     w     w     . |    |    16    17    18    19|
| w     .     .     w    |    | 20    21    22    23   |
|    w     w     w     w |    |    24    25    26    27|
| w     w     w     w    |    | 28    29    30    31   |
'------------------------'    '------------------------'

Black's turn to play.
Possible moves :
14x21

Chosen move : 
14x21
,------------------------,    ,------------------------,
|    b     b     b     b |    |     0     1     2     3|
| b     b     b     b    |    |  4     5     6     7   |
|    b     b     .     b |    |     8     9    10    11|
| .     .     .     .    |    | 12    13    14    15   |
|    .     .     w     . |    |    16    17    18    19|
| w     b     .     w    |    | 20    21    22    23   |
|    w     w     w     w |    |    24    25    26    27|
| w     w     w     w    |    | 28    29    30    31   |
'------------------------'    '------------------------'

White's turn to play.
Possible moves :
24x17
25x16

Chosen move : 
25x16
,------------------------,    ,------------------------,
|    b     b     b     b |    |     0     1     2     3|
| b     b     b     b    |    |  4     5     6     7   |
|    b     b     .     b |    |     8     9    10    11|
| .     .     .     .    |    | 12    13    14    15   |
|    w     .     w     . |    |    16    17    18    19|
| w     .     .     w    |    | 20    21    22    23   |
|    w     .     w     w |    |    24    25    26    27|
| w     w     w     w    |    | 28    29    30    31   |
'------------------------'    '------------------------'

Black's turn to play.
Possible moves :
6-10
9-14
11-15
8-13
8-12
9-13
7-10

Chosen move : 
6-10
,------------------------,    ,------------------------,
|    b     b     b     b |    |     0     1     2     3|
| b     b     .     b    |    |  4     5     6     7   |
|    b     b     b     b |    |     8     9    10    11|
| .     .     .     .    |    | 12    13    14    15   |
|    w     .     w     . |    |    16    17    18    19|
| w     .     .     w    |    | 20    21    22    23   |
|    w     .     w     w |    |    24    25    26    27|
| w     w     w     w    |    | 28    29    30    31   |
'------------------------'    '------------------------'

White's turn to play.
Possible moves :
24-21
23-19
18-14
16-12
16-13
18-15
30-25
26-22
29-25

Chosen move : 
24-21
,------------------------,    ,------------------------,
|    b     b     b     b |    |     0     1     2     3|
| b     b     .     b    |    |  4     5     6     7   |
|    b     b     b     b |    |     8     9    10    11|
| .     .     .     .    |    | 12    13    14    15   |
|    w     .     w     . |    |    16    17    18    19|
| w     w     .     w    |    | 20    21    22    23   |
|    .     .     w     w |    |    24    25    26    27|
| w     w     w     w    |    | 28    29    30    31   |
'------------------------'    '------------------------'

Black's turn to play.
Possible moves :
8-12
8-13
9-13
9-14
11-15
1-6
2-6
10-15
10-14

Chosen move : 
8-13
,------------------------,    ,------------------------,
|    b     b     b     b |    |     0     1     2     3|
| b     b     .     b    |    |  4     5     6     7   |
|    .     b     b     b |    |     8     9    10    11|
| .     b     .     .    |    | 12    13    14    15   |
|    w     .     w     . |    |    16    17    18    19|
| w     w     .     w    |    | 20    21    22    23   |
|    .     .     w     w |    |    24    25    26    27|
| w     w     w     w    |    | 28    29    30    31   |
'------------------------'    '------------------------'

White's turn to play.
Possible moves :
18-15
28-24
21-17
29-25
23-19
26-22
30-25
18-14
16-12
29-24

Chosen move : 
28-24
,------------------------,    ,------------------------,
|    b     b     b     b |    |     0     1     2     3|
| b     b     .     b    |    |  4     5     6     7   |
|    .     b     b     b |    |     8     9    10    11|
| .     b     .     .    |    | 12    13    14    15   |
|    w     .     w     . |    |    16    17    18    19|
| w     w     .     w    |    | 20    21    22    23   |
|    w     .     w     w |    |    24    25    26    27|
| .     w     w     w    |    | 28    29    30    31   |
'------------------------'    '------------------------'

Black's turn to play.
Possible moves :
1-6
11-15
9-14
4-8
13-17
2-6
10-14
5-8
10-15

Chosen move : 
10-15
,------------------------,    ,------------------------,
|    b     b     b     b |    |     0     1     2     3|
| b     b     .     b    |    |  4     5     6     7   |
|    .     b     .     b |    |     8     9    10    11|
| .     b     .     b    |    | 12    13    14    15   |
|    w     .     w     . |    |    16    17    18    19|
| w     w     .     w    |    | 20    21    22    23   |
|    w     .     w     w |    |    24    25    26    27|
| .     w     w     w    |    | 28    29    30    31   |
'------------------------'    '------------------------'

White's turn to play.
Possible moves :
16-12
18-14
30-25
26-22
29-25
23-19
21-17

Chosen move : 
16-12
,------------------------,    ,------------------------,
|    b     b     b     b |    |     0     1     2     3|
| b     b     .     b    |    |  4     5     6     7   |
|    .     b     .     b |    |     8     9    10    11|
| w     b     .     b    |    | 12    13    14    15   |
|    .     .     w     . |    |    16    17    18    19|
| w     w     .     w    |    | 20    21    22    23   |
|    w     .     w     w |    |    24    25    26    27|
| .     w     w     w    |    | 28    29    30    31   |
'------------------------'    '------------------------'

Black's turn to play.
Possible moves :
15x22

Chosen move : 
15x22
,------------------------,    ,------------------------,
|    b     b     b     b |    |     0     1     2     3|
| b     b     .     b    |    |  4     5     6     7   |
|    .     b     .     b |    |     8     9    10    11|
| w     b     .     .    |    | 12    13    14    15   |
|    .     .     .     . |    |    16    17    18    19|
| w     w     b     w    |    | 20    21    22    23   |
|    w     .     w     w |    |    24    25    26    27|
| .     w     w     w    |    | 28    29    30    31   |
'------------------------'    '------------------------'

White's turn to play.
Possible moves :
26x17x8

Chosen move : 
26x17x8
,------------------------,    ,------------------------,
|    b     b     b     b |    |     0     1     2     3|
| b     b     .     b    |    |  4     5     6     7   |
|    w     b     .     b |    |     8     9    10    11|
| w     .     .     .    |    | 12    13    14    15   |
|    .     .     .     . |    |    16    17    18    19|
| w     w     .     w    |    | 20    21    22    23   |
|    w     .     .     w |    |    24    25    26    27|
| .     w     w     w    |    | 28    29    30    31   |
'------------------------'    '------------------------'

Black's turn to play.
Possible moves :
4x13

Chosen move : 
4x13
,------------------------,    ,------------------------,
|    b     b     b     b |    |     0     1     2     3|
| .     b     .     b    |    |  4     5     6     7   |
|    .     b     .     b |    |     8     9    10    11|
| w     b     .     .    |    | 12    13    14    15   |
|    .     .     .     . |    |    16    17    18    19|
| w     w     .     w    |    | 20    21    22    23   |
|    w     .     .     w |    |    24    25    26    27|
| .     w     w     w    |    | 28    29    30    31   |
'------------------------'    '------------------------'

White's turn to play.
Possible moves :
23-18
12-8
20-16
21-16
23-19
21-17
30-25
29-25
31-26
30-26

Chosen move : 
23-18
,------------------------,    ,------------------------,
|    b     b     b     b |    |     0     1     2     3|
| .     b     .     b    |    |  4     5     6     7   |
|    .     b     .     b |    |     8     9    10    11|
| w     b     .     .    |    | 12    13    14    15   |
|    .     .     w     . |    |    16    17    18    19|
| w     w     .     .    |    | 20    21    22    23   |
|    w     .     .     w |    |    24    25    26    27|
| .     w     w     w    |    | 28    29    30    31   |
'------------------------'    '------------------------'

Black's turn to play.
Possible moves :
1-6
7-10
13-17
13-16
11-15
0-4
9-14
5-8
2-6

Chosen move : 
9-14
,------------------------,    ,------------------------,
|    b     b     b     b |    |     0     1     2     3|
| .     b     .     b    |    |  4     5     6     7   |
|    .     .     .     b |    |     8     9    10    11|
| w     b     b     .    |    | 12    13    14    15   |
|    .     .     w     . |    |    16    17    18    19|
| w     w     .     .    |    | 20    21    22    23   |
|    w     .     .     w |    |    24    25    26    27|
| .     w     w     w    |    | 28    29    30    31   |
'------------------------'    '------------------------'

White's turn to play.
Possible moves :
18x9x16

Chosen move : 
18x9x16
,------------------------,    ,------------------------,
|    b     b     b     b |    |     0     1     2     3|
| .     b     .     b    |    |  4     5     6     7   |
|    .     .     .     b |    |     8     9    10    11|
| w     .     .     .    |    | 12    13    14    15   |
|    w     .     .     . |    |    16    17    18    19|
| w     w     .     .    |    | 20    21    22    23   |
|    w     .     .     w |    |    24    25    26    27|
| .     w     w     w    |    | 28    29    30    31   |
'------------------------'    '------------------------'

Black's turn to play.
Possible moves :
2-6
5-8
11-15
7-10
0-4
5-9
1-6

Chosen move : 
11-15
,------------------------,    ,------------------------,
|    b     b     b     b |    |     0     1     2     3|
| .     b     .     b    |    |  4     5     6     7   |
|    .     .     .     . |    |     8     9    10    11|
| w     .     .     b    |    | 12    13    14    15   |
|    w     .     .     . |    |    16    17    18    19|
| w     w     .     .    |    | 20    21    22    23   |
|    w     .     .     w |    |    24    25    26    27|
| .     w     w     w    |    | 28    29    30    31   |
'------------------------'    '------------------------'

White's turn to play.
Possible moves :
21-17
31-26
16-13
12-8
30-25
30-26
29-25
27-23

Chosen move : 
21-17
,------------------------,    ,------------------------,
|    b     b     b     b |    |     0     1     2     3|
| .     b     .     b    |    |  4     5     6     7   |
|    .     .     .     . |    |     8     9    10    11|
| w     .     .     b    |    | 12    13    14    15   |
|    w     w     .     . |    |    16    17    18    19|
| w     .     .     .    |    | 20    21    22    23   |
|    w     .     .     w |    |    24    25    26    27|
| .     w     w     w    |    | 28    29    30    31   |
'------------------------'    '------------------------'

Black's turn to play.
Possible moves :
0-4
5-9
7-11
1-6
15-18
15-19
7-10
5-8
2-6

Chosen move : 
15-18
,------------------------,    ,------------------------,
|    b     b     b     b |    |     0     1     2     3|
| .     b     .     b    |    |  4     5     6     7   |
|    .     .     .     . |    |     8     9    10    11|
| w     .     .     .    |    | 12    13    14    15   |
|    w     w     b     . |    |    16    17    18    19|
| w     .     .     .    |    | 20    21    22    23   |
|    w     .     .     w |    |    24    25    26    27|
| .     w     w     w    |    | 28    29    30    31   |
'------------------------'    '------------------------'

White's turn to play.
Possible moves :
30-25
16-13
29-25
31-26
24-21
17-14
12-8
30-26
17-13
27-23

Chosen move : 
30-25
,------------------------,    ,------------------------,
|    b     b     b     b |    |     0     1     2     3|
| .     b     .     b    |    |  4     5     6     7   |
|    .     .     .     . |    |     8     9    10    11|
| w     .     .     .    |    | 12    13    14    15   |
|    w     w     b     . |    |    16    17    18    19|
| w     .     .     .    |    | 20    21    22    23   |
|    w     w     .     w |    |    24    25    26    27|
| .     w     .     w    |    | 28    29    30    31   |
'------------------------'    '------------------------'

Black's turn to play.
Possible moves :
18-22
7-11
2-6
7-10
5-9
5-8
1-6
18-23
0-4

Chosen move : 
0-4
,------------------------,    ,------------------------,
|    .     b     b     b |    |     0     1     2     3|
| b     b     .     b    |    |  4     5     6     7   |
|    .     .     .     . |    |     8     9    10    11|
| w     .     .     .    |    | 12    13    14    15   |
|    w     w     b     . |    |    16    17    18    19|
| w     .     .     .    |    | 20    21    22    23   |
|    w     w     .     w |    |    24    25    26    27|
| .     w     .     w    |    | 28    29    30    31   |
'------------------------'    '------------------------'

White's turn to play.
Possible moves :
27-23
17-13
12-8
25-21
25-22
31-26
17-14
24-21
16-13

Chosen move : 
25-21
,------------------------,    ,------------------------,
|    .     b     b     b |    |     0     1     2     3|
| b     b     .     b    |    |  4     5     6     7   |
|    .     .     .     . |    |     8     9    10    11|
| w     .     .     .    |    | 12    13    14    15   |
|    w     w     b     . |    |    16    17    18    19|
| w     w     .     .    |    | 20    21    22    23   |
|    w     .     .     w |    |    24    25    26    27|
| .     w     .     w    |    | 28    29    30    31   |
'------------------------'    '------------------------'

Black's turn to play.
Possible moves :
18-22
7-11
18-23
1-6
5-8
7-10
4-8
5-9
2-6

Chosen move : 
5-8
,------------------------,    ,------------------------,
|    .     b     b     b |    |     0     1     2     3|
| b     .     .     b    |    |  4     5     6     7   |
|    b     .     .     . |    |     8     9    10    11|
| w     .     .     .    |    | 12    13    14    15   |
|    w     w     b     . |    |    16    17    18    19|
| w     w     .     .    |    | 20    21    22    23   |
|    w     .     .     w |    |    24    25    26    27|
| .     w     .     w    |    | 28    29    30    31   |
'------------------------'    '------------------------'

White's turn to play.
Possible moves :
12x5

Chosen move : 
12x5
,------------------------,    ,------------------------,
|    .     b     b     b |    |     0     1     2     3|
| b     w     .     b    |    |  4     5     6     7   |
|    .     .     .     . |    |     8     9    10    11|
| .     .     .     .    |    | 12    13    14    15   |
|    w     w     b     . |    |    16    17    18    19|
| w     w     .     .    |    | 20    21    22    23   |
|    w     .     .     w |    |    24    25    26    27|
| .     w     .     w    |    | 28    29    30    31   |
'------------------------'    '------------------------'

Black's turn to play.
Possible moves :
1x8

Chosen move : 
1x8
,------------------------,    ,------------------------,
|    .     .     b     b |    |     0     1     2     3|
| b     .     .     b    |    |  4     5     6     7   |
|    b     .     .     . |    |     8     9    10    11|
| .     .     .     .    |    | 12    13    14    15   |
|    w     w     b     . |    |    16    17    18    19|
| w     w     .     .    |    | 20    21    22    23   |
|    w     .     .     w |    |    24    25    26    27|
| .     w     .     w    |    | 28    29    30    31   |
'------------------------'    '------------------------'

White's turn to play.
Possible moves :
16-12
27-23
31-26
17-13
17-14
16-13
29-25

Chosen move : 
17-13
,------------------------,    ,------------------------,
|    .     .     b     b |    |     0     1     2     3|
| b     .     .     b    |    |  4     5     6     7   |
|    b     .     .     . |    |     8     9    10    11|
| .     w     .     .    |    | 12    13    14    15   |
|    w     .     b     . |    |    16    17    18    19|
| w     w     .     .    |    | 20    21    22    23   |
|    w     .     .     w |    |    24    25    26    27|
| .     w     .     w    |    | 28    29    30    31   |
'------------------------'    '------------------------'

Black's turn to play.
Possible moves :
8x17

Chosen move : 
8x17
,------------------------,    ,------------------------,
|    .     .     b     b |    |     0     1     2     3|
| b     .     .     b    |    |  4     5     6     7   |
|    .     .     .     . |    |     8     9    10    11|
| .     .     .     .    |    | 12    13    14    15   |
|    w     b     b     . |    |    16    17    18    19|
| w     w     .     .    |    | 20    21    22    23   |
|    w     .     .     w |    |    24    25    26    27|
| .     w     .     w    |    | 28    29    30    31   |
'------------------------'    '------------------------'

White's turn to play.
Possible moves :
21x14x23

Chosen move : 
21x14x23
,------------------------,    ,------------------------,
|    .     .     b     b |    |     0     1     2     3|
| b     .     .     b    |    |  4     5     6     7   |
|    .     .     .     . |    |     8     9    10    11|
| .     .     .     .    |    | 12    13    14    15   |
|    w     .     .     . |    |    16    17    18    19|
| w     .     .     w    |    | 20    21    22    23   |
|    w     .     .     w |    |    24    25    26    27|
| .     w     .     w    |    | 28    29    30    31   |
'------------------------'    '------------------------'

Black's turn to play.
Possible moves :
7-11
7-10
2-6
4-8

Chosen move : 
7-10
,------------------------,    ,------------------------,
|    .     .     b     b |    |     0     1     2     3|
| b     .     .     .    |    |  4     5     6     7   |
|    .     .     b     . |    |     8     9    10    11|
| .     .     .     .    |    | 12    13    14    15   |
|    w     .     .     . |    |    16    17    18    19|
| w     .     .     w    |    | 20    21    22    23   |
|    w     .     .     w |    |    24    25    26    27|
| .     w     .     w    |    | 28    29    30    31   |
'------------------------'    '------------------------'

White's turn to play.
Possible moves :
16-12
31-26
23-19
29-25
16-13
23-18
24-21

Chosen move : 
16-12
,------------------------,    ,------------------------,
|    .     .     b     b |    |     0     1     2     3|
| b     .     .     .    |    |  4     5     6     7   |
|    .     .     b     . |    |     8     9    10    11|
| w     .     .     .    |    | 12    13    14    15   |
|    .     .     .     . |    |    16    17    18    19|
| w     .     .     w    |    | 20    21    22    23   |
|    w     .     .     w |    |    24    25    26    27|
| .     w     .     w    |    | 28    29    30    31   |
'------------------------'    '------------------------'

Black's turn to play.
Possible moves :
2-6
10-14
10-15
3-7
2-7
4-8

Chosen move : 
10-14
,------------------------,    ,------------------------,
|    .     .     b     b |    |     0     1     2     3|
| b     .     .     .    |    |  4     5     6     7   |
|    .     .     .     . |    |     8     9    10    11|
| w     .     b     .    |    | 12    13    14    15   |
|    .     .     .     . |    |    16    17    18    19|
| w     .     .     w    |    | 20    21    22    23   |
|    w     .     .     w |    |    24    25    26    27|
| .     w     .     w    |    | 28    29    30    31   |
'------------------------'    '------------------------'

White's turn to play.
Possible moves :
31-26
20-16
24-21
12-8
23-19
29-25
23-18

Chosen move : 
31-26
,------------------------,    ,------------------------,
|    .     .     b     b |    |     0     1     2     3|
| b     .     .     .    |    |  4     5     6     7   |
|    .     .     .     . |    |     8     9    10    11|
| w     .     b     .    |    | 12    13    14    15   |
|    .     .     .     . |    |    16    17    18    19|
| w     .     .     w    |    | 20    21    22    23   |
|    w     .     w     w |    |    24    25    26    27|
| .     w     .     .    |    | 28    29    30    31   |
'------------------------'    '------------------------'

Black's turn to play.
Possible moves :
2-6
3-7
14-17
4-8
2-7
14-18

Chosen move : 
14-17
,------------------------,    ,------------------------,
|    .     .     b     b |    |     0     1     2     3|
| b     .     .     .    |    |  4     5     6     7   |
|    .     .     .     . |    |     8     9    10    11|
| w     .     .     .    |    | 12    13    14    15   |
|    .     b     .     . |    |    16    17    18    19|
| w     .     .     w    |    | 20    21    22    23   |
|    w     .     w     w |    |    24    25    26    27|
| .     w     .     .    |    | 28    29    30    31   |
'------------------------'    '------------------------'

White's turn to play.
Possible moves :
23-19
26-22
23-18
12-8
20-16
24-21
29-25

Chosen move : 
23-19
,------------------------,    ,------------------------,
|    .     .     b     b |    |     0     1     2     3|
| b     .     .     .    |    |  4     5     6     7   |
|    .     .     .     . |    |     8     9    10    11|
| w     .     .     .    |    | 12    13    14    15   |
|    .     b     .     w |    |    16    17    18    19|
| w     .     .     .    |    | 20    21    22    23   |
|    w     .     w     w |    |    24    25    26    27|
| .     w     .     .    |    | 28    29    30    31   |
'------------------------'    '------------------------'

Black's turn to play.
Possible moves :
2-7
2-6
17-22
3-7
4-8
17-21

Chosen move : 
2-6
,------------------------,    ,------------------------,
|    .     .     .     b |    |     0     1     2     3|
| b     .     b     .    |    |  4     5     6     7   |
|    .     .     .     . |    |     8     9    10    11|
| w     .     .     .    |    | 12    13    14    15   |
|    .     b     .     w |    |    16    17    18    19|
| w     .     .     .    |    | 20    21    22    23   |
|    w     .     w     w |    |    24    25    26    27|
| .     w     .     .    |    | 28    29    30    31   |
'------------------------'    '------------------------'

White's turn to play.
Possible moves :
26-22
12-8
29-25
19-15
24-21
27-23
26-23
20-16

Chosen move : 
29-25
,------------------------,    ,------------------------,
|    .     .     .     b |    |     0     1     2     3|
| b     .     b     .    |    |  4     5     6     7   |
|    .     .     .     . |    |     8     9    10    11|
| w     .     .     .    |    | 12    13    14    15   |
|    .     b     .     w |    |    16    17    18    19|
| w     .     .     .    |    | 20    21    22    23   |
|    w     w     w     w |    |    24    25    26    27|
| .     .     .     .    |    | 28    29    30    31   |
'------------------------'    '------------------------'

Black's turn to play.
Possible moves :
17-22
4-8
6-9
17-21
3-7
6-10

Chosen move : 
17-22
,------------------------,    ,------------------------,
|    .     .     .     b |    |     0     1     2     3|
| b     .     b     .    |    |  4     5     6     7   |
|    .     .     .     . |    |     8     9    10    11|
| w     .     .     .    |    | 12    13    14    15   |
|    .     .     .     w |    |    16    17    18    19|
| w     .     b     .    |    | 20    21    22    23   |
|    w     w     w     w |    |    24    25    26    27|
| .     .     .     .    |    | 28    29    30    31   |
'------------------------'    '------------------------'

White's turn to play.
Possible moves :
25x18
26x17

Chosen move : 
25x18
,------------------------,    ,------------------------,
|    .     .     .     b |    |     0     1     2     3|
| b     .     b     .    |    |  4     5     6     7   |
|    .     .     .     . |    |     8     9    10    11|
| w     .     .     .    |    | 12    13    14    15   |
|    .     .     w     w |    |    16    17    18    19|
| w     .     .     .    |    | 20    21    22    23   |
|    w     .     w     w |    |    24    25    26    27|
| .     .     .     .    |    | 28    29    30    31   |
'------------------------'    '------------------------'

Black's turn to play.
Possible moves :
6-9
4-8
3-7
6-10

Chosen move : 
6-10
,------------------------,    ,------------------------,
|    .     .     .     b |    |     0     1     2     3|
| b     .     .     .    |    |  4     5     6     7   |
|    .     .     b     . |    |     8     9    10    11|
| w     .     .     .    |    | 12    13    14    15   |
|    .     .     w     w |    |    16    17    18    19|
| w     .     .     .    |    | 20    21    22    23   |
|    w     .     w     w |    |    24    25    26    27|
| .     .     .     .    |    | 28    29    30    31   |
'------------------------'    '------------------------'

White's turn to play.
Possible moves :
20-16
12-8
27-23
18-14
24-21
18-15
19-15
26-22
26-23

Chosen move : 
20-16
,------------------------,    ,------------------------,
|    .     .     .     b |    |     0     1     2     3|
| b     .     .     .    |    |  4     5     6     7   |
|    .     .     b     . |    |     8     9    10    11|
| w     .     .     .    |    | 12    13    14    15   |
|    w     .     w     w |    |    16    17    18    19|
| .     .     .     .    |    | 20    21    22    23   |
|    w     .     w     w |    |    24    25    26    27|
| .     .     .     .    |    | 28    29    30    31   |
'------------------------'    '------------------------'

Black's turn to play.
Possible moves :
4-8
10-15
3-7
10-14

Chosen move : 
10-15
,------------------------,    ,------------------------,
|    .     .     .     b |    |     0     1     2     3|
| b     .     .     .    |    |  4     5     6     7   |
|    .     .     .     . |    |     8     9    10    11|
| w     .     .     b    |    | 12    13    14    15   |
|    w     .     w     w |    |    16    17    18    19|
| .     .     .     .    |    | 20    21    22    23   |
|    w     .     w     w |    |    24    25    26    27|
| .     .     .     .    |    | 28    29    30    31   |
'------------------------'    '------------------------'

White's turn to play.
Possible moves :
18x11
19x10

Chosen move : 
18x11
,------------------------,    ,------------------------,
|    .     .     .     b |    |     0     1     2     3|
| b     .     .     .    |    |  4     5     6     7   |
|    .     .     .     w |    |     8     9    10    11|
| w     .     .     .    |    | 12    13    14    15   |
|    w     .     .     w |    |    16    17    18    19|
| .     .     .     .    |    | 20    21    22    23   |
|    w     .     w     w |    |    24    25    26    27|
| .     .     .     .    |    | 28    29    30    31   |
'------------------------'    '------------------------'

Black's turn to play.
Possible moves :
4-8
3-7

Chosen move : 
4-8
,------------------------,    ,------------------------,
|    .     .     .     b |    |     0     1     2     3|
| .     .     .     .    |    |  4     5     6     7   |
|    b     .     .     w |    |     8     9    10    11|
| w     .     .     .    |    | 12    13    14    15   |
|    w     .     .     w |    |    16    17    18    19|
| .     .     .     .    |    | 20    21    22    23   |
|    w     .     w     w |    |    24    25    26    27|
| .     .     .     .    |    | 28    29    30    31   |
'------------------------'    '------------------------'

White's turn to play.
Possible moves :
12x5

Chosen move : 
12x5
,------------------------,    ,------------------------,
|    .     .     .     b |    |     0     1     2     3|
| .     w     .     .    |    |  4     5     6     7   |
|    .     .     .     w |    |     8     9    10    11|
| .     .     .     .    |    | 12    13    14    15   |
|    w     .     .     w |    |    16    17    18    19|
| .     .     .     .    |    | 20    21    22    23   |
|    w     .     w     w |    |    24    25    26    27|
| .     .     .     .    |    | 28    29    30    31   |
'------------------------'    '------------------------'

Black's turn to play.
Possible moves :
3-7

Chosen move : 
3-7
,------------------------,    ,------------------------,
|    .     .     .     . |    |     0     1     2     3|
| .     w     .     b    |    |  4     5     6     7   |
|    .     .     .     w |    |     8     9    10    11|
| .     .     .     .    |    | 12    13    14    15   |
|    w     .     .     w |    |    16    17    18    19|
| .     .     .     .    |    | 20    21    22    23   |
|    w     .     w     w |    |    24    25    26    27|
| .     .     .     .    |    | 28    29    30    31   |
'------------------------'    '------------------------'

White's turn to play.
Possible moves :
11x2

Chosen move : 
11x2
,------------------------,    ,------------------------,
|    .     .     W     . |    |     0     1     2     3|
| .     w     .     .    |    |  4     5     6     7   |
|    .     .     .     . |    |     8     9    10    11|
| .     .     .     .    |    | 12    13    14    15   |
|    w     .     .     w |    |    16    17    18    19|
| .     .     .     .    |    | 20    21    22    23   |
|    w     .     w     w |    |    24    25    26    27|
| .     .     .     .    |    | 28    29    30    31   |
'------------------------'    '------------------------'

Black's turn to play.
End of Game !

#PDN#
[Event "IN104 CS Project"]
[Site "ENSTA ParisTech, Palaiseau, FRA"]
[GameType “21,W,8,8,N2,0”] {Whites begin}
[Date "Tue Mar 22 20:20:14 2016"]
[Round "?"]
[White "Master minmax"]
[WhiteType "Program"]
[Black "Random Guesser"]
[BlackType "Program"]
[Result "1-0"] {White (Master minmax) wins}
[WhiteTime "26.559733152389526"]
[BlackTime "0.013864755630493164"]

1.22-18 10-14 2.21-17 14x21 3.25x16 6-10 4.24-21 8-13 5.28-24 10-15 6.16-12 15x22 7.26x17x8 4x13 8.23-18 9-14 9.18x9x16 11-15 10.21-17 15-18 11.30-25 0-4 12.25-21 5-8 13.12x5 1x8 14.17-13 8x17 15.21x14x23 7-10 16.16-12 10-14 17.31-26 14-17 18.23-19 2-6 19.29-25 17-22 20.25x18 6-10 21.20-16 10-15 22.18x11 4-8 23.12x5 3-7 24.11x2  1-0 *
