Beginning of the game
,------------------------,    ,------------------------,
|    b     b     b     b |    |     0     1     2     3|
| b     b     b     b    |    |  4     5     6     7   |
|    b     b     b     b |    |     8     9    10    11|
| .     .     .     .    |    | 12    13    14    15   |
|    .     .     .     . |    |    16    17    18    19|
| w     w     w     w    |    | 20    21    22    23   |
|    w     w     w     w |    |    24    25    26    27|
| w     w     w     w    |    | 28    29    30    31   |
'------------------------'    '------------------------'

White's turn to play.
Possible moves :
20-16
22-17
23-19
21-16
21-17
22-18
23-18

Chosen move : 
20-16
,------------------------,    ,------------------------,
|    b     b     b     b |    |     0     1     2     3|
| b     b     b     b    |    |  4     5     6     7   |
|    b     b     b     b |    |     8     9    10    11|
| .     .     .     .    |    | 12    13    14    15   |
|    w     .     .     . |    |    16    17    18    19|
| .     w     w     w    |    | 20    21    22    23   |
|    w     w     w     w |    |    24    25    26    27|
| w     w     w     w    |    | 28    29    30    31   |
'------------------------'    '------------------------'

Black's turn to play.
Possible moves :
10-14
10-15
9-14
8-12
11-15
8-13
9-13

Chosen move : 
10-15
,------------------------,    ,------------------------,
|    b     b     b     b |    |     0     1     2     3|
| b     b     b     b    |    |  4     5     6     7   |
|    b     b     .     b |    |     8     9    10    11|
| .     .     .     b    |    | 12    13    14    15   |
|    w     .     .     . |    |    16    17    18    19|
| .     w     w     w    |    | 20    21    22    23   |
|    w     w     w     w |    |    24    25    26    27|
| w     w     w     w    |    | 28    29    30    31   |
'------------------------'    '------------------------'

White's turn to play.
Possible moves :
23-19
22-18
22-17
24-20
16-13
16-12
23-18
21-17

Chosen move : 
22-18
,------------------------,    ,------------------------,
|    b     b     b     b |    |     0     1     2     3|
| b     b     b     b    |    |  4     5     6     7   |
|    b     b     .     b |    |     8     9    10    11|
| .     .     .     b    |    | 12    13    14    15   |
|    w     .     w     . |    |    16    17    18    19|
| .     w     .     w    |    | 20    21    22    23   |
|    w     w     w     w |    |    24    25    26    27|
| w     w     w     w    |    | 28    29    30    31   |
'------------------------'    '------------------------'

Black's turn to play.
Possible moves :
15x22

Chosen move : 
15x22
,------------------------,    ,------------------------,
|    b     b     b     b |    |     0     1     2     3|
| b     b     b     b    |    |  4     5     6     7   |
|    b     b     .     b |    |     8     9    10    11|
| .     .     .     .    |    | 12    13    14    15   |
|    w     .     .     . |    |    16    17    18    19|
| .     w     b     w    |    | 20    21    22    23   |
|    w     w     w     w |    |    24    25    26    27|
| w     w     w     w    |    | 28    29    30    31   |
'------------------------'    '------------------------'

White's turn to play.
Possible moves :
26x17
25x18

Chosen move : 
26x17
,------------------------,    ,------------------------,
|    b     b     b     b |    |     0     1     2     3|
| b     b     b     b    |    |  4     5     6     7   |
|    b     b     .     b |    |     8     9    10    11|
| .     .     .     .    |    | 12    13    14    15   |
|    w     w     .     . |    |    16    17    18    19|
| .     w     .     w    |    | 20    21    22    23   |
|    w     w     .     w |    |    24    25    26    27|
| w     w     w     w    |    | 28    29    30    31   |
'------------------------'    '------------------------'

Black's turn to play.
Possible moves :
7-10
6-10
9-13
8-13
9-14
8-12
11-15

Chosen move : 
6-10
,------------------------,    ,------------------------,
|    b     b     b     b |    |     0     1     2     3|
| b     b     .     b    |    |  4     5     6     7   |
|    b     b     b     b |    |     8     9    10    11|
| .     .     .     .    |    | 12    13    14    15   |
|    w     w     .     . |    |    16    17    18    19|
| .     w     .     w    |    | 20    21    22    23   |
|    w     w     .     w |    |    24    25    26    27|
| w     w     w     w    |    | 28    29    30    31   |
'------------------------'    '------------------------'

White's turn to play.
Possible moves :
16-13
17-14
23-19
25-22
31-26
17-13
16-12
30-26
23-18
24-20

Chosen move : 
16-13
,------------------------,    ,------------------------,
|    b     b     b     b |    |     0     1     2     3|
| b     b     .     b    |    |  4     5     6     7   |
|    b     b     b     b |    |     8     9    10    11|
| .     w     .     .    |    | 12    13    14    15   |
|    .     w     .     . |    |    16    17    18    19|
| .     w     .     w    |    | 20    21    22    23   |
|    w     w     .     w |    |    24    25    26    27|
| w     w     w     w    |    | 28    29    30    31   |
'------------------------'    '------------------------'

Black's turn to play.
Possible moves :
9x16

Chosen move : 
9x16
,------------------------,    ,------------------------,
|    b     b     b     b |    |     0     1     2     3|
| b     b     .     b    |    |  4     5     6     7   |
|    b     .     b     b |    |     8     9    10    11|
| .     .     .     .    |    | 12    13    14    15   |
|    b     w     .     . |    |    16    17    18    19|
| .     w     .     w    |    | 20    21    22    23   |
|    w     w     .     w |    |    24    25    26    27|
| w     w     w     w    |    | 28    29    30    31   |
'------------------------'    '------------------------'

White's turn to play.
Possible moves :
21x12

Chosen move : 
21x12
,------------------------,    ,------------------------,
|    b     b     b     b |    |     0     1     2     3|
| b     b     .     b    |    |  4     5     6     7   |
|    b     .     b     b |    |     8     9    10    11|
| w     .     .     .    |    | 12    13    14    15   |
|    .     w     .     . |    |    16    17    18    19|
| .     .     .     w    |    | 20    21    22    23   |
|    w     w     .     w |    |    24    25    26    27|
| w     w     w     w    |    | 28    29    30    31   |
'------------------------'    '------------------------'

Black's turn to play.
Possible moves :
1-6
11-15
10-14
8-13
2-6
10-15
5-9

Chosen move : 
5-9
,------------------------,    ,------------------------,
|    b     b     b     b |    |     0     1     2     3|
| b     .     .     b    |    |  4     5     6     7   |
|    b     b     b     b |    |     8     9    10    11|
| w     .     .     .    |    | 12    13    14    15   |
|    .     w     .     . |    |    16    17    18    19|
| .     .     .     w    |    | 20    21    22    23   |
|    w     w     .     w |    |    24    25    26    27|
| w     w     w     w    |    | 28    29    30    31   |
'------------------------'    '------------------------'

White's turn to play.
Possible moves :
12x5x14

Chosen move : 
12x5x14
,------------------------,    ,------------------------,
|    b     b     b     b |    |     0     1     2     3|
| b     .     .     b    |    |  4     5     6     7   |
|    .     .     b     b |    |     8     9    10    11|
| .     .     w     .    |    | 12    13    14    15   |
|    .     w     .     . |    |    16    17    18    19|
| .     .     .     w    |    | 20    21    22    23   |
|    w     w     .     w |    |    24    25    26    27|
| w     w     w     w    |    | 28    29    30    31   |
'------------------------'    '------------------------'

Black's turn to play.
Possible moves :
1-6
1-5
4-8
0-5
11-15
2-6
10-15

Chosen move : 
4-8
,------------------------,    ,------------------------,
|    b     b     b     b |    |     0     1     2     3|
| .     .     .     b    |    |  4     5     6     7   |
|    b     .     b     b |    |     8     9    10    11|
| .     .     w     .    |    | 12    13    14    15   |
|    .     w     .     . |    |    16    17    18    19|
| .     .     .     w    |    | 20    21    22    23   |
|    w     w     .     w |    |    24    25    26    27|
| w     w     w     w    |    | 28    29    30    31   |
'------------------------'    '------------------------'

White's turn to play.
Possible moves :
24-21
23-18
25-22
14-9
30-26
17-13
25-21
31-26
24-20
23-19

Chosen move : 
17-13
,------------------------,    ,------------------------,
|    b     b     b     b |    |     0     1     2     3|
| .     .     .     b    |    |  4     5     6     7   |
|    b     .     b     b |    |     8     9    10    11|
| .     w     w     .    |    | 12    13    14    15   |
|    .     .     .     . |    |    16    17    18    19|
| .     .     .     w    |    | 20    21    22    23   |
|    w     w     .     w |    |    24    25    26    27|
| w     w     w     w    |    | 28    29    30    31   |
'------------------------'    '------------------------'

Black's turn to play.
Possible moves :
8x17
10x17

Chosen move : 
8x17
,------------------------,    ,------------------------,
|    b     b     b     b |    |     0     1     2     3|
| .     .     .     b    |    |  4     5     6     7   |
|    .     .     b     b |    |     8     9    10    11|
| .     .     w     .    |    | 12    13    14    15   |
|    .     b     .     . |    |    16    17    18    19|
| .     .     .     w    |    | 20    21    22    23   |
|    w     w     .     w |    |    24    25    26    27|
| w     w     w     w    |    | 28    29    30    31   |
'------------------------'    '------------------------'

White's turn to play.
Possible moves :
14x21

Chosen move : 
14x21
,------------------------,    ,------------------------,
|    b     b     b     b |    |     0     1     2     3|
| .     .     .     b    |    |  4     5     6     7   |
|    .     .     b     b |    |     8     9    10    11|
| .     .     .     .    |    | 12    13    14    15   |
|    .     .     .     . |    |    16    17    18    19|
| .     w     .     w    |    | 20    21    22    23   |
|    w     w     .     w |    |    24    25    26    27|
| w     w     w     w    |    | 28    29    30    31   |
'------------------------'    '------------------------'

Black's turn to play.
Possible moves :
10-15
2-6
0-5
1-5
10-14
1-6
11-15
0-4

Chosen move : 
2-6
,------------------------,    ,------------------------,
|    b     b     .     b |    |     0     1     2     3|
| .     .     b     b    |    |  4     5     6     7   |
|    .     .     b     b |    |     8     9    10    11|
| .     .     .     .    |    | 12    13    14    15   |
|    .     .     .     . |    |    16    17    18    19|
| .     w     .     w    |    | 20    21    22    23   |
|    w     w     .     w |    |    24    25    26    27|
| w     w     w     w    |    | 28    29    30    31   |
'------------------------'    '------------------------'

White's turn to play.
Possible moves :
24-20
23-18
31-26
25-22
21-16
23-19
30-26
21-17

Chosen move : 
24-20
,------------------------,    ,------------------------,
|    b     b     .     b |    |     0     1     2     3|
| .     .     b     b    |    |  4     5     6     7   |
|    .     .     b     b |    |     8     9    10    11|
| .     .     .     .    |    | 12    13    14    15   |
|    .     .     .     . |    |    16    17    18    19|
| w     w     .     w    |    | 20    21    22    23   |
|    .     w     .     w |    |    24    25    26    27|
| w     w     w     w    |    | 28    29    30    31   |
'------------------------'    '------------------------'

Black's turn to play.
Possible moves :
1-5
10-14
10-15
0-4
0-5
11-15
6-9

Chosen move : 
1-5
,------------------------,    ,------------------------,
|    b     .     .     b |    |     0     1     2     3|
| .     b     b     b    |    |  4     5     6     7   |
|    .     .     b     b |    |     8     9    10    11|
| .     .     .     .    |    | 12    13    14    15   |
|    .     .     .     . |    |    16    17    18    19|
| w     w     .     w    |    | 20    21    22    23   |
|    .     w     .     w |    |    24    25    26    27|
| w     w     w     w    |    | 28    29    30    31   |
'------------------------'    '------------------------'

White's turn to play.
Possible moves :
25-22
21-16
20-16
30-26
28-24
21-17
23-18
31-26
23-19
29-24

Chosen move : 
25-22
,------------------------,    ,------------------------,
|    b     .     .     b |    |     0     1     2     3|
| .     b     b     b    |    |  4     5     6     7   |
|    .     .     b     b |    |     8     9    10    11|
| .     .     .     .    |    | 12    13    14    15   |
|    .     .     .     . |    |    16    17    18    19|
| w     w     w     w    |    | 20    21    22    23   |
|    .     .     .     w |    |    24    25    26    27|
| w     w     w     w    |    | 28    29    30    31   |
'------------------------'    '------------------------'

Black's turn to play.
Possible moves :
6-9
0-4
10-15
10-14
11-15
5-8
5-9

Chosen move : 
6-9
,------------------------,    ,------------------------,
|    b     .     .     b |    |     0     1     2     3|
| .     b     .     b    |    |  4     5     6     7   |
|    .     b     b     b |    |     8     9    10    11|
| .     .     .     .    |    | 12    13    14    15   |
|    .     .     .     . |    |    16    17    18    19|
| w     w     w     w    |    | 20    21    22    23   |
|    .     .     .     w |    |    24    25    26    27|
| w     w     w     w    |    | 28    29    30    31   |
'------------------------'    '------------------------'

White's turn to play.
Possible moves :
21-17
30-25
22-18
23-19
30-26
22-17
28-24
29-25
20-16
23-18
29-24
21-16
31-26

Chosen move : 
21-17
,------------------------,    ,------------------------,
|    b     .     .     b |    |     0     1     2     3|
| .     b     .     b    |    |  4     5     6     7   |
|    .     b     b     b |    |     8     9    10    11|
| .     .     .     .    |    | 12    13    14    15   |
|    .     w     .     . |    |    16    17    18    19|
| w     .     w     w    |    | 20    21    22    23   |
|    .     .     .     w |    |    24    25    26    27|
| w     w     w     w    |    | 28    29    30    31   |
'------------------------'    '------------------------'

Black's turn to play.
Possible moves :
5-8
10-15
11-15
9-14
10-14
0-4
9-13

Chosen move : 
9-13
,------------------------,    ,------------------------,
|    b     .     .     b |    |     0     1     2     3|
| .     b     .     b    |    |  4     5     6     7   |
|    .     .     b     b |    |     8     9    10    11|
| .     b     .     .    |    | 12    13    14    15   |
|    .     w     .     . |    |    16    17    18    19|
| w     .     w     w    |    | 20    21    22    23   |
|    .     .     .     w |    |    24    25    26    27|
| w     w     w     w    |    | 28    29    30    31   |
'------------------------'    '------------------------'

White's turn to play.
Possible moves :
17x8x1

Chosen move : 
17x8x1
,------------------------,    ,------------------------,
|    b     W     .     b |    |     0     1     2     3|
| .     .     .     b    |    |  4     5     6     7   |
|    .     .     b     b |    |     8     9    10    11|
| .     .     .     .    |    | 12    13    14    15   |
|    .     .     .     . |    |    16    17    18    19|
| w     .     w     w    |    | 20    21    22    23   |
|    .     .     .     w |    |    24    25    26    27|
| w     w     w     w    |    | 28    29    30    31   |
'------------------------'    '------------------------'

Black's turn to play.
Possible moves :
0-4
0-5
11-15
10-15
10-14

Chosen move : 
10-14
,------------------------,    ,------------------------,
|    b     W     .     b |    |     0     1     2     3|
| .     .     .     b    |    |  4     5     6     7   |
|    .     .     .     b |    |     8     9    10    11|
| .     .     b     .    |    | 12    13    14    15   |
|    .     .     .     . |    |    16    17    18    19|
| w     .     w     w    |    | 20    21    22    23   |
|    .     .     .     w |    |    24    25    26    27|
| w     w     w     w    |    | 28    29    30    31   |
'------------------------'    '------------------------'

White's turn to play.
Possible moves :
30-25
23-18
29-25
22-17
22-18
28-24
23-19
30-26
20-16
29-24
1-5
31-26
1-6

Chosen move : 
23-18
,------------------------,    ,------------------------,
|    b     W     .     b |    |     0     1     2     3|
| .     .     .     b    |    |  4     5     6     7   |
|    .     .     .     b |    |     8     9    10    11|
| .     .     b     .    |    | 12    13    14    15   |
|    .     .     w     . |    |    16    17    18    19|
| w     .     w     .    |    | 20    21    22    23   |
|    .     .     .     w |    |    24    25    26    27|
| w     w     w     w    |    | 28    29    30    31   |
'------------------------'    '------------------------'

Black's turn to play.
Possible moves :
14x23

Chosen move : 
14x23
,------------------------,    ,------------------------,
|    b     W     .     b |    |     0     1     2     3|
| .     .     .     b    |    |  4     5     6     7   |
|    .     .     .     b |    |     8     9    10    11|
| .     .     .     .    |    | 12    13    14    15   |
|    .     .     .     . |    |    16    17    18    19|
| w     .     w     b    |    | 20    21    22    23   |
|    .     .     .     w |    |    24    25    26    27|
| w     w     w     w    |    | 28    29    30    31   |
'------------------------'    '------------------------'

White's turn to play.
Possible moves :
27x18

Chosen move : 
27x18
,------------------------,    ,------------------------,
|    b     W     .     b |    |     0     1     2     3|
| .     .     .     b    |    |  4     5     6     7   |
|    .     .     .     b |    |     8     9    10    11|
| .     .     .     .    |    | 12    13    14    15   |
|    .     .     w     . |    |    16    17    18    19|
| w     .     w     .    |    | 20    21    22    23   |
|    .     .     .     . |    |    24    25    26    27|
| w     w     w     w    |    | 28    29    30    31   |
'------------------------'    '------------------------'

Black's turn to play.
Possible moves :
7-10
0-4
0-5
11-15

Chosen move : 
0-5
,------------------------,    ,------------------------,
|    .     W     .     b |    |     0     1     2     3|
| .     b     .     b    |    |  4     5     6     7   |
|    .     .     .     b |    |     8     9    10    11|
| .     .     .     .    |    | 12    13    14    15   |
|    .     .     w     . |    |    16    17    18    19|
| w     .     w     .    |    | 20    21    22    23   |
|    .     .     .     . |    |    24    25    26    27|
| w     w     w     w    |    | 28    29    30    31   |
'------------------------'    '------------------------'

White's turn to play.
Possible moves :
1x8

Chosen move : 
1x8
,------------------------,    ,------------------------,
|    .     .     .     b |    |     0     1     2     3|
| .     .     .     b    |    |  4     5     6     7   |
|    W     .     .     b |    |     8     9    10    11|
| .     .     .     .    |    | 12    13    14    15   |
|    .     .     w     . |    |    16    17    18    19|
| w     .     w     .    |    | 20    21    22    23   |
|    .     .     .     . |    |    24    25    26    27|
| w     w     w     w    |    | 28    29    30    31   |
'------------------------'    '------------------------'

Black's turn to play.
Possible moves :
7-10
11-15

Chosen move : 
7-10
,------------------------,    ,------------------------,
|    .     .     .     b |    |     0     1     2     3|
| .     .     .     .    |    |  4     5     6     7   |
|    W     .     b     b |    |     8     9    10    11|
| .     .     .     .    |    | 12    13    14    15   |
|    .     .     w     . |    |    16    17    18    19|
| w     .     w     .    |    | 20    21    22    23   |
|    .     .     .     . |    |    24    25    26    27|
| w     w     w     w    |    | 28    29    30    31   |
'------------------------'    '------------------------'

White's turn to play.
Possible moves :
20-16
30-25
31-26
22-17
18-15
8-5
8-12
29-24
28-24
30-26
8-4
18-14
31-27
8-13
29-25

Chosen move : 
18-15
,------------------------,    ,------------------------,
|    .     .     .     b |    |     0     1     2     3|
| .     .     .     .    |    |  4     5     6     7   |
|    W     .     b     b |    |     8     9    10    11|
| .     .     .     w    |    | 12    13    14    15   |
|    .     .     .     . |    |    16    17    18    19|
| w     .     w     .    |    | 20    21    22    23   |
|    .     .     .     . |    |    24    25    26    27|
| w     w     w     w    |    | 28    29    30    31   |
'------------------------'    '------------------------'

Black's turn to play.
Possible moves :
11x18x25

Chosen move : 
11x18x25
,------------------------,    ,------------------------,
|    .     .     .     b |    |     0     1     2     3|
| .     .     .     .    |    |  4     5     6     7   |
|    W     .     b     . |    |     8     9    10    11|
| .     .     .     .    |    | 12    13    14    15   |
|    .     .     .     . |    |    16    17    18    19|
| w     .     .     .    |    | 20    21    22    23   |
|    .     b     .     . |    |    24    25    26    27|
| w     w     w     w    |    | 28    29    30    31   |
'------------------------'    '------------------------'

White's turn to play.
Possible moves :
29x22
30x21

Chosen move : 
29x22
,------------------------,    ,------------------------,
|    .     .     .     b |    |     0     1     2     3|
| .     .     .     .    |    |  4     5     6     7   |
|    W     .     b     . |    |     8     9    10    11|
| .     .     .     .    |    | 12    13    14    15   |
|    .     .     .     . |    |    16    17    18    19|
| w     .     w     .    |    | 20    21    22    23   |
|    .     .     .     . |    |    24    25    26    27|
| w     .     w     w    |    | 28    29    30    31   |
'------------------------'    '------------------------'

Black's turn to play.
Possible moves :
10-15
3-7
10-14

Chosen move : 
10-15
,------------------------,    ,------------------------,
|    .     .     .     b |    |     0     1     2     3|
| .     .     .     .    |    |  4     5     6     7   |
|    W     .     .     . |    |     8     9    10    11|
| .     .     .     b    |    | 12    13    14    15   |
|    .     .     .     . |    |    16    17    18    19|
| w     .     w     .    |    | 20    21    22    23   |
|    .     .     .     . |    |    24    25    26    27|
| w     .     w     w    |    | 28    29    30    31   |
'------------------------'    '------------------------'

White's turn to play.
Possible moves :
8-4
22-17
8-13
31-26
22-18
30-26
28-24
8-5
20-16
8-12
30-25
31-27

Chosen move : 
8-4
,------------------------,    ,------------------------,
|    .     .     .     b |    |     0     1     2     3|
| W     .     .     .    |    |  4     5     6     7   |
|    .     .     .     . |    |     8     9    10    11|
| .     .     .     b    |    | 12    13    14    15   |
|    .     .     .     . |    |    16    17    18    19|
| w     .     w     .    |    | 20    21    22    23   |
|    .     .     .     . |    |    24    25    26    27|
| w     .     w     w    |    | 28    29    30    31   |
'------------------------'    '------------------------'

Black's turn to play.
Possible moves :
3-7
15-18
15-19

Chosen move : 
15-18
,------------------------,    ,------------------------,
|    .     .     .     b |    |     0     1     2     3|
| W     .     .     .    |    |  4     5     6     7   |
|    .     .     .     . |    |     8     9    10    11|
| .     .     .     .    |    | 12    13    14    15   |
|    .     .     b     . |    |    16    17    18    19|
| w     .     w     .    |    | 20    21    22    23   |
|    .     .     .     . |    |    24    25    26    27|
| w     .     w     w    |    | 28    29    30    31   |
'------------------------'    '------------------------'

White's turn to play.
Possible moves :
22x15

Chosen move : 
22x15
,------------------------,    ,------------------------,
|    .     .     .     b |    |     0     1     2     3|
| W     .     .     .    |    |  4     5     6     7   |
|    .     .     .     . |    |     8     9    10    11|
| .     .     .     w    |    | 12    13    14    15   |
|    .     .     .     . |    |    16    17    18    19|
| w     .     .     .    |    | 20    21    22    23   |
|    .     .     .     . |    |    24    25    26    27|
| w     .     w     w    |    | 28    29    30    31   |
'------------------------'    '------------------------'

Black's turn to play.
Possible moves :
3-7

Chosen move : 
3-7
,------------------------,    ,------------------------,
|    .     .     .     . |    |     0     1     2     3|
| W     .     .     b    |    |  4     5     6     7   |
|    .     .     .     . |    |     8     9    10    11|
| .     .     .     w    |    | 12    13    14    15   |
|    .     .     .     . |    |    16    17    18    19|
| w     .     .     .    |    | 20    21    22    23   |
|    .     .     .     . |    |    24    25    26    27|
| w     .     w     w    |    | 28    29    30    31   |
'------------------------'    '------------------------'

White's turn to play.
Possible moves :
15-10
28-24
31-27
20-16
30-25
4-8
31-26
4-0
15-11
30-26

Chosen move : 
15-10
,------------------------,    ,------------------------,
|    .     .     .     . |    |     0     1     2     3|
| W     .     .     b    |    |  4     5     6     7   |
|    .     .     w     . |    |     8     9    10    11|
| .     .     .     .    |    | 12    13    14    15   |
|    .     .     .     . |    |    16    17    18    19|
| w     .     .     .    |    | 20    21    22    23   |
|    .     .     .     . |    |    24    25    26    27|
| w     .     w     w    |    | 28    29    30    31   |
'------------------------'    '------------------------'

Black's turn to play.
Possible moves :
7x14

Chosen move : 
7x14
,------------------------,    ,------------------------,
|    .     .     .     . |    |     0     1     2     3|
| W     .     .     .    |    |  4     5     6     7   |
|    .     .     .     . |    |     8     9    10    11|
| .     .     b     .    |    | 12    13    14    15   |
|    .     .     .     . |    |    16    17    18    19|
| w     .     .     .    |    | 20    21    22    23   |
|    .     .     .     . |    |    24    25    26    27|
| w     .     w     w    |    | 28    29    30    31   |
'------------------------'    '------------------------'

White's turn to play.
Possible moves :
31-27
31-26
4-0
30-25
20-16
28-24
4-8
30-26

Chosen move : 
31-27
,------------------------,    ,------------------------,
|    .     .     .     . |    |     0     1     2     3|
| W     .     .     .    |    |  4     5     6     7   |
|    .     .     .     . |    |     8     9    10    11|
| .     .     b     .    |    | 12    13    14    15   |
|    .     .     .     . |    |    16    17    18    19|
| w     .     .     .    |    | 20    21    22    23   |
|    .     .     .     w |    |    24    25    26    27|
| w     .     w     .    |    | 28    29    30    31   |
'------------------------'    '------------------------'

Black's turn to play.
Possible moves :
14-18
14-17

Chosen move : 
14-18
,------------------------,    ,------------------------,
|    .     .     .     . |    |     0     1     2     3|
| W     .     .     .    |    |  4     5     6     7   |
|    .     .     .     . |    |     8     9    10    11|
| .     .     .     .    |    | 12    13    14    15   |
|    .     .     b     . |    |    16    17    18    19|
| w     .     .     .    |    | 20    21    22    23   |
|    .     .     .     w |    |    24    25    26    27|
| w     .     w     .    |    | 28    29    30    31   |
'------------------------'    '------------------------'

White's turn to play.
Possible moves :
30-26
20-16
27-23
4-8
4-0
28-24
30-25

Chosen move : 
27-23
,------------------------,    ,------------------------,
|    .     .     .     . |    |     0     1     2     3|
| W     .     .     .    |    |  4     5     6     7   |
|    .     .     .     . |    |     8     9    10    11|
| .     .     .     .    |    | 12    13    14    15   |
|    .     .     b     . |    |    16    17    18    19|
| w     .     .     w    |    | 20    21    22    23   |
|    .     .     .     . |    |    24    25    26    27|
| w     .     w     .    |    | 28    29    30    31   |
'------------------------'    '------------------------'

Black's turn to play.
Possible moves :
18x27

Chosen move : 
18x27
,------------------------,    ,------------------------,
|    .     .     .     . |    |     0     1     2     3|
| W     .     .     .    |    |  4     5     6     7   |
|    .     .     .     . |    |     8     9    10    11|
| .     .     .     .    |    | 12    13    14    15   |
|    .     .     .     . |    |    16    17    18    19|
| w     .     .     .    |    | 20    21    22    23   |
|    .     .     .     b |    |    24    25    26    27|
| w     .     w     .    |    | 28    29    30    31   |
'------------------------'    '------------------------'

White's turn to play.
Possible moves :
4-8
28-24
20-16
30-26
4-0
30-25

Chosen move : 
4-8
,------------------------,    ,------------------------,
|    .     .     .     . |    |     0     1     2     3|
| .     .     .     .    |    |  4     5     6     7   |
|    W     .     .     . |    |     8     9    10    11|
| .     .     .     .    |    | 12    13    14    15   |
|    .     .     .     . |    |    16    17    18    19|
| w     .     .     .    |    | 20    21    22    23   |
|    .     .     .     b |    |    24    25    26    27|
| w     .     w     .    |    | 28    29    30    31   |
'------------------------'    '------------------------'

Black's turn to play.
Possible moves :
27-31

Chosen move : 
27-31
,------------------------,    ,------------------------,
|    .     .     .     . |    |     0     1     2     3|
| .     .     .     .    |    |  4     5     6     7   |
|    W     .     .     . |    |     8     9    10    11|
| .     .     .     .    |    | 12    13    14    15   |
|    .     .     .     . |    |    16    17    18    19|
| w     .     .     .    |    | 20    21    22    23   |
|    .     .     .     . |    |    24    25    26    27|
| w     .     w     B    |    | 28    29    30    31   |
'------------------------'    '------------------------'

White's turn to play.
Possible moves :
30-26
30-25
8-5
8-4
8-13
28-24
20-16
8-12

Chosen move : 
30-26
,------------------------,    ,------------------------,
|    .     .     .     . |    |     0     1     2     3|
| .     .     .     .    |    |  4     5     6     7   |
|    W     .     .     . |    |     8     9    10    11|
| .     .     .     .    |    | 12    13    14    15   |
|    .     .     .     . |    |    16    17    18    19|
| w     .     .     .    |    | 20    21    22    23   |
|    .     .     w     . |    |    24    25    26    27|
| w     .     .     B    |    | 28    29    30    31   |
'------------------------'    '------------------------'

Black's turn to play.
Possible moves :
31x22

Chosen move : 
31x22
,------------------------,    ,------------------------,
|    .     .     .     . |    |     0     1     2     3|
| .     .     .     .    |    |  4     5     6     7   |
|    W     .     .     . |    |     8     9    10    11|
| .     .     .     .    |    | 12    13    14    15   |
|    .     .     .     . |    |    16    17    18    19|
| w     .     B     .    |    | 20    21    22    23   |
|    .     .     .     . |    |    24    25    26    27|
| w     .     .     .    |    | 28    29    30    31   |
'------------------------'    '------------------------'

White's turn to play.
Possible moves :
8-5
20-16
28-24
8-13
8-4
8-12

Chosen move : 
8-5
,------------------------,    ,------------------------,
|    .     .     .     . |    |     0     1     2     3|
| .     W     .     .    |    |  4     5     6     7   |
|    .     .     .     . |    |     8     9    10    11|
| .     .     .     .    |    | 12    13    14    15   |
|    .     .     .     . |    |    16    17    18    19|
| w     .     B     .    |    | 20    21    22    23   |
|    .     .     .     . |    |    24    25    26    27|
| w     .     .     .    |    | 28    29    30    31   |
'------------------------'    '------------------------'

Black's turn to play.
Possible moves :
22-17
22-18
22-25
22-26

Chosen move : 
22-25
,------------------------,    ,------------------------,
|    .     .     .     . |    |     0     1     2     3|
| .     W     .     .    |    |  4     5     6     7   |
|    .     .     .     . |    |     8     9    10    11|
| .     .     .     .    |    | 12    13    14    15   |
|    .     .     .     . |    |    16    17    18    19|
| w     .     .     .    |    | 20    21    22    23   |
|    .     B     .     . |    |    24    25    26    27|
| w     .     .     .    |    | 28    29    30    31   |
'------------------------'    '------------------------'

White's turn to play.
Possible moves :
5-8
20-16
5-0
28-24
5-9
5-1

Chosen move : 
5-8
,------------------------,    ,------------------------,
|    .     .     .     . |    |     0     1     2     3|
| .     .     .     .    |    |  4     5     6     7   |
|    W     .     .     . |    |     8     9    10    11|
| .     .     .     .    |    | 12    13    14    15   |
|    .     .     .     . |    |    16    17    18    19|
| w     .     .     .    |    | 20    21    22    23   |
|    .     B     .     . |    |    24    25    26    27|
| w     .     .     .    |    | 28    29    30    31   |
'------------------------'    '------------------------'

Black's turn to play.
Possible moves :
25-22
25-29
25-30
25-21

Chosen move : 
25-30
,------------------------,    ,------------------------,
|    .     .     .     . |    |     0     1     2     3|
| .     .     .     .    |    |  4     5     6     7   |
|    W     .     .     . |    |     8     9    10    11|
| .     .     .     .    |    | 12    13    14    15   |
|    .     .     .     . |    |    16    17    18    19|
| w     .     .     .    |    | 20    21    22    23   |
|    .     .     .     . |    |    24    25    26    27|
| w     .     B     .    |    | 28    29    30    31   |
'------------------------'    '------------------------'

White's turn to play.
Possible moves :
28-24
8-5
20-16
8-12
8-4
8-13

Chosen move : 
28-24
,------------------------,    ,------------------------,
|    .     .     .     . |    |     0     1     2     3|
| .     .     .     .    |    |  4     5     6     7   |
|    W     .     .     . |    |     8     9    10    11|
| .     .     .     .    |    | 12    13    14    15   |
|    .     .     .     . |    |    16    17    18    19|
| w     .     .     .    |    | 20    21    22    23   |
|    w     .     .     . |    |    24    25    26    27|
| .     .     B     .    |    | 28    29    30    31   |
'------------------------'    '------------------------'

Black's turn to play.
Possible moves :
30-26
30-25

Chosen move : 
30-25
,------------------------,    ,------------------------,
|    .     .     .     . |    |     0     1     2     3|
| .     .     .     .    |    |  4     5     6     7   |
|    W     .     .     . |    |     8     9    10    11|
| .     .     .     .    |    | 12    13    14    15   |
|    .     .     .     . |    |    16    17    18    19|
| w     .     .     .    |    | 20    21    22    23   |
|    w     B     .     . |    |    24    25    26    27|
| .     .     .     .    |    | 28    29    30    31   |
'------------------------'    '------------------------'

White's turn to play.
Possible moves :
24-21
8-5
8-12
8-4
20-16
8-13

Chosen move : 
24-21
,------------------------,    ,------------------------,
|    .     .     .     . |    |     0     1     2     3|
| .     .     .     .    |    |  4     5     6     7   |
|    W     .     .     . |    |     8     9    10    11|
| .     .     .     .    |    | 12    13    14    15   |
|    .     .     .     . |    |    16    17    18    19|
| w     w     .     .    |    | 20    21    22    23   |
|    .     B     .     . |    |    24    25    26    27|
| .     .     .     .    |    | 28    29    30    31   |
'------------------------'    '------------------------'

Black's turn to play.
Possible moves :
25x16

Chosen move : 
25x16
,------------------------,    ,------------------------,
|    .     .     .     . |    |     0     1     2     3|
| .     .     .     .    |    |  4     5     6     7   |
|    W     .     .     . |    |     8     9    10    11|
| .     .     .     .    |    | 12    13    14    15   |
|    B     .     .     . |    |    16    17    18    19|
| w     .     .     .    |    | 20    21    22    23   |
|    .     .     .     . |    |    24    25    26    27|
| .     .     .     .    |    | 28    29    30    31   |
'------------------------'    '------------------------'

White's turn to play.
Possible moves :
20x13

Chosen move : 
20x13
,------------------------,    ,------------------------,
|    .     .     .     . |    |     0     1     2     3|
| .     .     .     .    |    |  4     5     6     7   |
|    W     .     .     . |    |     8     9    10    11|
| .     w     .     .    |    | 12    13    14    15   |
|    .     .     .     . |    |    16    17    18    19|
| .     .     .     .    |    | 20    21    22    23   |
|    .     .     .     . |    |    24    25    26    27|
| .     .     .     .    |    | 28    29    30    31   |
'------------------------'    '------------------------'

Black's turn to play.
End of Game !

#PDN#
[Event "IN104 CS Project"]
[Site "ENSTA ParisTech, Palaiseau, FRA"]
[GameType “21,W,8,8,N2,0”] {Whites begin}
[Date "Tue Mar 22 20:08:58 2016"]
[Round "?"]
[White "Master minmax"]
[WhiteType "Program"]
[Black "Random Guesser"]
[BlackType "Program"]
[Result "1-0"] {White (Master minmax) wins}
[WhiteTime "4.788223028182983"]
[BlackTime "0.013306617736816406"]

1.20-16 10-15 2.22-18 15x22 3.26x17 6-10 4.16-13 9x16 5.21x12 5-9 6.12x5x14 4-8 7.17-13 8x17 8.14x21 2-6 9.24-20 1-5 10.25-22 6-9 11.21-17 9-13 12.17x8x1 10-14 13.23-18 14x23 14.27x18 0-5 15.1x8 7-10 16.18-15 11x18x25 17.29x22 10-15 18.8-4 15-18 19.22x15 3-7 20.15-10 7x14 21.31-27 14-18 22.27-23 18x27 23.4-8 27-31 24.30-26 31x22 25.8-5 22-25 26.5-8 25-30 27.28-24 30-25 28.24-21 25x16 29.20x13  1-0 *
