Beginning of the game
,------------------------,    ,------------------------,
|    b     b     b     b |    |     0     1     2     3|
| b     b     b     b    |    |  4     5     6     7   |
|    b     b     b     b |    |     8     9    10    11|
| .     .     .     .    |    | 12    13    14    15   |
|    .     .     .     . |    |    16    17    18    19|
| w     w     w     w    |    | 20    21    22    23   |
|    w     w     w     w |    |    24    25    26    27|
| w     w     w     w    |    | 28    29    30    31   |
'------------------------'    '------------------------'

White's turn to play.
Possible moves :
21-17
22-17
23-19
23-18
21-16
22-18
20-16

Chosen move : 
21-17
,------------------------,    ,------------------------,
|    b     b     b     b |    |     0     1     2     3|
| b     b     b     b    |    |  4     5     6     7   |
|    b     b     b     b |    |     8     9    10    11|
| .     .     .     .    |    | 12    13    14    15   |
|    .     w     .     . |    |    16    17    18    19|
| w     .     w     w    |    | 20    21    22    23   |
|    w     w     w     w |    |    24    25    26    27|
| w     w     w     w    |    | 28    29    30    31   |
'------------------------'    '------------------------'

Black's turn to play.
Possible moves :
10-15
8-13
9-13
9-14
10-14
11-15
8-12

Chosen move : 
10-15
,------------------------,    ,------------------------,
|    b     b     b     b |    |     0     1     2     3|
| b     b     b     b    |    |  4     5     6     7   |
|    b     b     .     b |    |     8     9    10    11|
| .     .     .     b    |    | 12    13    14    15   |
|    .     w     .     . |    |    16    17    18    19|
| w     .     w     w    |    | 20    21    22    23   |
|    w     w     w     w |    |    24    25    26    27|
| w     w     w     w    |    | 28    29    30    31   |
'------------------------'    '------------------------'

White's turn to play.
Possible moves :
25-21
17-14
24-21
17-13
22-18
20-16
23-18
23-19

Chosen move : 
25-21
,------------------------,    ,------------------------,
|    b     b     b     b |    |     0     1     2     3|
| b     b     b     b    |    |  4     5     6     7   |
|    b     b     .     b |    |     8     9    10    11|
| .     .     .     b    |    | 12    13    14    15   |
|    .     w     .     . |    |    16    17    18    19|
| w     w     w     w    |    | 20    21    22    23   |
|    w     .     w     w |    |    24    25    26    27|
| w     w     w     w    |    | 28    29    30    31   |
'------------------------'    '------------------------'

Black's turn to play.
Possible moves :
8-13
15-19
8-12
6-10
9-13
7-10
9-14
15-18

Chosen move : 
9-14
,------------------------,    ,------------------------,
|    b     b     b     b |    |     0     1     2     3|
| b     b     b     b    |    |  4     5     6     7   |
|    b     .     .     b |    |     8     9    10    11|
| .     .     b     b    |    | 12    13    14    15   |
|    .     w     .     . |    |    16    17    18    19|
| w     w     w     w    |    | 20    21    22    23   |
|    w     .     w     w |    |    24    25    26    27|
| w     w     w     w    |    | 28    29    30    31   |
'------------------------'    '------------------------'

White's turn to play.
Possible moves :
17x10x19

Chosen move : 
17x10x19
,------------------------,    ,------------------------,
|    b     b     b     b |    |     0     1     2     3|
| b     b     b     b    |    |  4     5     6     7   |
|    b     .     .     b |    |     8     9    10    11|
| .     .     .     .    |    | 12    13    14    15   |
|    .     .     .     w |    |    16    17    18    19|
| w     w     w     w    |    | 20    21    22    23   |
|    w     .     w     w |    |    24    25    26    27|
| w     w     w     w    |    | 28    29    30    31   |
'------------------------'    '------------------------'

Black's turn to play.
Possible moves :
6-9
8-12
7-10
11-15
8-13
6-10
5-9

Chosen move : 
8-12
,------------------------,    ,------------------------,
|    b     b     b     b |    |     0     1     2     3|
| b     b     b     b    |    |  4     5     6     7   |
|    .     .     .     b |    |     8     9    10    11|
| b     .     .     .    |    | 12    13    14    15   |
|    .     .     .     w |    |    16    17    18    19|
| w     w     w     w    |    | 20    21    22    23   |
|    w     .     w     w |    |    24    25    26    27|
| w     w     w     w    |    | 28    29    30    31   |
'------------------------'    '------------------------'

White's turn to play.
Possible moves :
22-17
29-25
22-18
23-18
20-16
21-16
19-15
30-25
21-17

Chosen move : 
22-17
,------------------------,    ,------------------------,
|    b     b     b     b |    |     0     1     2     3|
| b     b     b     b    |    |  4     5     6     7   |
|    .     .     .     b |    |     8     9    10    11|
| b     .     .     .    |    | 12    13    14    15   |
|    .     w     .     w |    |    16    17    18    19|
| w     w     .     w    |    | 20    21    22    23   |
|    w     .     w     w |    |    24    25    26    27|
| w     w     w     w    |    | 28    29    30    31   |
'------------------------'    '------------------------'

Black's turn to play.
Possible moves :
12-16
7-10
6-10
5-8
4-8
6-9
11-15
5-9

Chosen move : 
12-16
,------------------------,    ,------------------------,
|    b     b     b     b |    |     0     1     2     3|
| b     b     b     b    |    |  4     5     6     7   |
|    .     .     .     b |    |     8     9    10    11|
| .     .     .     .    |    | 12    13    14    15   |
|    b     w     .     w |    |    16    17    18    19|
| w     w     .     w    |    | 20    21    22    23   |
|    w     .     w     w |    |    24    25    26    27|
| w     w     w     w    |    | 28    29    30    31   |
'------------------------'    '------------------------'

White's turn to play.
Possible moves :
20x13
21x12

Chosen move : 
20x13
,------------------------,    ,------------------------,
|    b     b     b     b |    |     0     1     2     3|
| b     b     b     b    |    |  4     5     6     7   |
|    .     .     .     b |    |     8     9    10    11|
| .     w     .     .    |    | 12    13    14    15   |
|    .     w     .     w |    |    16    17    18    19|
| .     w     .     w    |    | 20    21    22    23   |
|    w     .     w     w |    |    24    25    26    27|
| w     w     w     w    |    | 28    29    30    31   |
'------------------------'    '------------------------'

Black's turn to play.
Possible moves :
11-15
4-8
7-10
6-10
5-8
6-9
5-9

Chosen move : 
11-15
,------------------------,    ,------------------------,
|    b     b     b     b |    |     0     1     2     3|
| b     b     b     b    |    |  4     5     6     7   |
|    .     .     .     . |    |     8     9    10    11|
| .     w     .     b    |    | 12    13    14    15   |
|    .     w     .     w |    |    16    17    18    19|
| .     w     .     w    |    | 20    21    22    23   |
|    w     .     w     w |    |    24    25    26    27|
| w     w     w     w    |    | 28    29    30    31   |
'------------------------'    '------------------------'

White's turn to play.
Possible moves :
19x10

Chosen move : 
19x10
,------------------------,    ,------------------------,
|    b     b     b     b |    |     0     1     2     3|
| b     b     b     b    |    |  4     5     6     7   |
|    .     .     w     . |    |     8     9    10    11|
| .     w     .     .    |    | 12    13    14    15   |
|    .     w     .     . |    |    16    17    18    19|
| .     w     .     w    |    | 20    21    22    23   |
|    w     .     w     w |    |    24    25    26    27|
| w     w     w     w    |    | 28    29    30    31   |
'------------------------'    '------------------------'

Black's turn to play.
Possible moves :
6x15
7x14

Chosen move : 
7x14
,------------------------,    ,------------------------,
|    b     b     b     b |    |     0     1     2     3|
| b     b     b     .    |    |  4     5     6     7   |
|    .     .     .     . |    |     8     9    10    11|
| .     w     b     .    |    | 12    13    14    15   |
|    .     w     .     . |    |    16    17    18    19|
| .     w     .     w    |    | 20    21    22    23   |
|    w     .     w     w |    |    24    25    26    27|
| w     w     w     w    |    | 28    29    30    31   |
'------------------------'    '------------------------'

White's turn to play.
Possible moves :
17x10

Chosen move : 
17x10
,------------------------,    ,------------------------,
|    b     b     b     b |    |     0     1     2     3|
| b     b     b     .    |    |  4     5     6     7   |
|    .     .     w     . |    |     8     9    10    11|
| .     w     .     .    |    | 12    13    14    15   |
|    .     .     .     . |    |    16    17    18    19|
| .     w     .     w    |    | 20    21    22    23   |
|    w     .     w     w |    |    24    25    26    27|
| w     w     w     w    |    | 28    29    30    31   |
'------------------------'    '------------------------'

Black's turn to play.
Possible moves :
6x15

Chosen move : 
6x15
,------------------------,    ,------------------------,
|    b     b     b     b |    |     0     1     2     3|
| b     b     .     .    |    |  4     5     6     7   |
|    .     .     .     . |    |     8     9    10    11|
| .     w     .     b    |    | 12    13    14    15   |
|    .     .     .     . |    |    16    17    18    19|
| .     w     .     w    |    | 20    21    22    23   |
|    w     .     w     w |    |    24    25    26    27|
| w     w     w     w    |    | 28    29    30    31   |
'------------------------'    '------------------------'

White's turn to play.
Possible moves :
26-22
21-17
29-25
13-8
13-9
24-20
23-19
30-25
23-18
21-16

Chosen move : 
26-22
,------------------------,    ,------------------------,
|    b     b     b     b |    |     0     1     2     3|
| b     b     .     .    |    |  4     5     6     7   |
|    .     .     .     . |    |     8     9    10    11|
| .     w     .     b    |    | 12    13    14    15   |
|    .     .     .     . |    |    16    17    18    19|
| .     w     w     w    |    | 20    21    22    23   |
|    w     .     .     w |    |    24    25    26    27|
| w     w     w     w    |    | 28    29    30    31   |
'------------------------'    '------------------------'

Black's turn to play.
Possible moves :
15-18
3-7
2-6
1-6
5-9
4-8
5-8
2-7
15-19

Chosen move : 
5-8
,------------------------,    ,------------------------,
|    b     b     b     b |    |     0     1     2     3|
| b     .     .     .    |    |  4     5     6     7   |
|    b     .     .     . |    |     8     9    10    11|
| .     w     .     b    |    | 12    13    14    15   |
|    .     .     .     . |    |    16    17    18    19|
| .     w     w     w    |    | 20    21    22    23   |
|    w     .     .     w |    |    24    25    26    27|
| w     w     w     w    |    | 28    29    30    31   |
'------------------------'    '------------------------'

White's turn to play.
Possible moves :
22-17
29-25
21-16
23-19
23-18
30-25
21-17
24-20
13-9
22-18
31-26
30-26

Chosen move : 
22-17
,------------------------,    ,------------------------,
|    b     b     b     b |    |     0     1     2     3|
| b     .     .     .    |    |  4     5     6     7   |
|    b     .     .     . |    |     8     9    10    11|
| .     w     .     b    |    | 12    13    14    15   |
|    .     w     .     . |    |    16    17    18    19|
| .     w     .     w    |    | 20    21    22    23   |
|    w     .     .     w |    |    24    25    26    27|
| w     w     w     w    |    | 28    29    30    31   |
'------------------------'    '------------------------'

Black's turn to play.
Possible moves :
2-6
15-19
0-5
1-5
15-18
3-7
2-7
1-6
8-12

Chosen move : 
15-19
,------------------------,    ,------------------------,
|    b     b     b     b |    |     0     1     2     3|
| b     .     .     .    |    |  4     5     6     7   |
|    b     .     .     . |    |     8     9    10    11|
| .     w     .     .    |    | 12    13    14    15   |
|    .     w     .     b |    |    16    17    18    19|
| .     w     .     w    |    | 20    21    22    23   |
|    w     .     .     w |    |    24    25    26    27|
| w     w     w     w    |    | 28    29    30    31   |
'------------------------'    '------------------------'

White's turn to play.
Possible moves :
23-18
21-16
17-14
30-26
31-26
13-9
24-20
29-25
30-25

Chosen move : 
23-18
,------------------------,    ,------------------------,
|    b     b     b     b |    |     0     1     2     3|
| b     .     .     .    |    |  4     5     6     7   |
|    b     .     .     . |    |     8     9    10    11|
| .     w     .     .    |    | 12    13    14    15   |
|    .     w     w     b |    |    16    17    18    19|
| .     w     .     .    |    | 20    21    22    23   |
|    w     .     .     w |    |    24    25    26    27|
| w     w     w     w    |    | 28    29    30    31   |
'------------------------'    '------------------------'

Black's turn to play.
Possible moves :
3-7
2-7
8-12
1-6
1-5
0-5
2-6
19-23

Chosen move : 
1-5
,------------------------,    ,------------------------,
|    b     .     b     b |    |     0     1     2     3|
| b     b     .     .    |    |  4     5     6     7   |
|    b     .     .     . |    |     8     9    10    11|
| .     w     .     .    |    | 12    13    14    15   |
|    .     w     w     b |    |    16    17    18    19|
| .     w     .     .    |    | 20    21    22    23   |
|    w     .     .     w |    |    24    25    26    27|
| w     w     w     w    |    | 28    29    30    31   |
'------------------------'    '------------------------'

White's turn to play.
Possible moves :
24-20
31-26
18-14
17-14
21-16
27-23
13-9
30-25
18-15
29-25
30-26

Chosen move : 
24-20
,------------------------,    ,------------------------,
|    b     .     b     b |    |     0     1     2     3|
| b     b     .     .    |    |  4     5     6     7   |
|    b     .     .     . |    |     8     9    10    11|
| .     w     .     .    |    | 12    13    14    15   |
|    .     w     w     b |    |    16    17    18    19|
| w     w     .     .    |    | 20    21    22    23   |
|    .     .     .     w |    |    24    25    26    27|
| w     w     w     w    |    | 28    29    30    31   |
'------------------------'    '------------------------'

Black's turn to play.
Possible moves :
2-7
19-23
8-12
2-6
3-7
5-9

Chosen move : 
19-23
,------------------------,    ,------------------------,
|    b     .     b     b |    |     0     1     2     3|
| b     b     .     .    |    |  4     5     6     7   |
|    b     .     .     . |    |     8     9    10    11|
| .     w     .     .    |    | 12    13    14    15   |
|    .     w     w     . |    |    16    17    18    19|
| w     w     .     b    |    | 20    21    22    23   |
|    .     .     .     w |    |    24    25    26    27|
| w     w     w     w    |    | 28    29    30    31   |
'------------------------'    '------------------------'

White's turn to play.
Possible moves :
18-15
29-24
31-26
29-25
20-16
21-16
18-14
13-9
17-14
30-26
30-25
28-24

Chosen move : 
18-14
,------------------------,    ,------------------------,
|    b     .     b     b |    |     0     1     2     3|
| b     b     .     .    |    |  4     5     6     7   |
|    b     .     .     . |    |     8     9    10    11|
| .     w     w     .    |    | 12    13    14    15   |
|    .     w     .     . |    |    16    17    18    19|
| w     w     .     b    |    | 20    21    22    23   |
|    .     .     .     w |    |    24    25    26    27|
| w     w     w     w    |    | 28    29    30    31   |
'------------------------'    '------------------------'

Black's turn to play.
Possible moves :
5-9
2-7
8-12
3-7
2-6
23-26

Chosen move : 
2-6
,------------------------,    ,------------------------,
|    b     .     .     b |    |     0     1     2     3|
| b     b     b     .    |    |  4     5     6     7   |
|    b     .     .     . |    |     8     9    10    11|
| .     w     w     .    |    | 12    13    14    15   |
|    .     w     .     . |    |    16    17    18    19|
| w     w     .     b    |    | 20    21    22    23   |
|    .     .     .     w |    |    24    25    26    27|
| w     w     w     w    |    | 28    29    30    31   |
'------------------------'    '------------------------'

White's turn to play.
Possible moves :
27x18

Chosen move : 
27x18
,------------------------,    ,------------------------,
|    b     .     .     b |    |     0     1     2     3|
| b     b     b     .    |    |  4     5     6     7   |
|    b     .     .     . |    |     8     9    10    11|
| .     w     w     .    |    | 12    13    14    15   |
|    .     w     w     . |    |    16    17    18    19|
| w     w     .     .    |    | 20    21    22    23   |
|    .     .     .     . |    |    24    25    26    27|
| w     w     w     w    |    | 28    29    30    31   |
'------------------------'    '------------------------'

Black's turn to play.
Possible moves :
6-10
5-9
8-12
3-7
6-9

Chosen move : 
5-9
,------------------------,    ,------------------------,
|    b     .     .     b |    |     0     1     2     3|
| b     .     b     .    |    |  4     5     6     7   |
|    b     b     .     . |    |     8     9    10    11|
| .     w     w     .    |    | 12    13    14    15   |
|    .     w     w     . |    |    16    17    18    19|
| w     w     .     .    |    | 20    21    22    23   |
|    .     .     .     . |    |    24    25    26    27|
| w     w     w     w    |    | 28    29    30    31   |
'------------------------'    '------------------------'

White's turn to play.
Possible moves :
14x5x12

Chosen move : 
14x5x12
,------------------------,    ,------------------------,
|    b     .     .     b |    |     0     1     2     3|
| b     .     b     .    |    |  4     5     6     7   |
|    .     .     .     . |    |     8     9    10    11|
| w     w     .     .    |    | 12    13    14    15   |
|    .     w     w     . |    |    16    17    18    19|
| w     w     .     .    |    | 20    21    22    23   |
|    .     .     .     . |    |    24    25    26    27|
| w     w     w     w    |    | 28    29    30    31   |
'------------------------'    '------------------------'

Black's turn to play.
Possible moves :
4-8
6-9
6-10
0-5
3-7

Chosen move : 
3-7
,------------------------,    ,------------------------,
|    b     .     .     . |    |     0     1     2     3|
| b     .     b     b    |    |  4     5     6     7   |
|    .     .     .     . |    |     8     9    10    11|
| w     w     .     .    |    | 12    13    14    15   |
|    .     w     w     . |    |    16    17    18    19|
| w     w     .     .    |    | 20    21    22    23   |
|    .     .     .     . |    |    24    25    26    27|
| w     w     w     w    |    | 28    29    30    31   |
'------------------------'    '------------------------'

White's turn to play.
Possible moves :
28-24
18-14
20-16
29-25
30-25
18-15
31-27
17-14
31-26
13-9
21-16
30-26
12-8
13-8
29-24

Chosen move : 
28-24
,------------------------,    ,------------------------,
|    b     .     .     . |    |     0     1     2     3|
| b     .     b     b    |    |  4     5     6     7   |
|    .     .     .     . |    |     8     9    10    11|
| w     w     .     .    |    | 12    13    14    15   |
|    .     w     w     . |    |    16    17    18    19|
| w     w     .     .    |    | 20    21    22    23   |
|    w     .     .     . |    |    24    25    26    27|
| .     w     w     w    |    | 28    29    30    31   |
'------------------------'    '------------------------'

Black's turn to play.
Possible moves :
0-5
4-8
7-11
6-10
6-9
7-10

Chosen move : 
4-8
,------------------------,    ,------------------------,
|    b     .     .     . |    |     0     1     2     3|
| .     .     b     b    |    |  4     5     6     7   |
|    b     .     .     . |    |     8     9    10    11|
| w     w     .     .    |    | 12    13    14    15   |
|    .     w     w     . |    |    16    17    18    19|
| w     w     .     .    |    | 20    21    22    23   |
|    w     .     .     . |    |    24    25    26    27|
| .     w     w     w    |    | 28    29    30    31   |
'------------------------'    '------------------------'

White's turn to play.
Possible moves :
12x5
13x4

Chosen move : 
13x4
,------------------------,    ,------------------------,
|    b     .     .     . |    |     0     1     2     3|
| w     .     b     b    |    |  4     5     6     7   |
|    .     .     .     . |    |     8     9    10    11|
| w     .     .     .    |    | 12    13    14    15   |
|    .     w     w     . |    |    16    17    18    19|
| w     w     .     .    |    | 20    21    22    23   |
|    w     .     .     . |    |    24    25    26    27|
| .     w     w     w    |    | 28    29    30    31   |
'------------------------'    '------------------------'

Black's turn to play.
Possible moves :
0-5
6-9
7-11
7-10
6-10

Chosen move : 
6-10
,------------------------,    ,------------------------,
|    b     .     .     . |    |     0     1     2     3|
| w     .     .     b    |    |  4     5     6     7   |
|    .     .     b     . |    |     8     9    10    11|
| w     .     .     .    |    | 12    13    14    15   |
|    .     w     w     . |    |    16    17    18    19|
| w     w     .     .    |    | 20    21    22    23   |
|    w     .     .     . |    |    24    25    26    27|
| .     w     w     w    |    | 28    29    30    31   |
'------------------------'    '------------------------'

White's turn to play.
Possible moves :
18-15
17-14
30-26
17-13
31-26
30-25
31-27
20-16
12-8
29-25
18-14
21-16

Chosen move : 
17-14
,------------------------,    ,------------------------,
|    b     .     .     . |    |     0     1     2     3|
| w     .     .     b    |    |  4     5     6     7   |
|    .     .     b     . |    |     8     9    10    11|
| w     .     w     .    |    | 12    13    14    15   |
|    .     .     w     . |    |    16    17    18    19|
| w     w     .     .    |    | 20    21    22    23   |
|    w     .     .     . |    |    24    25    26    27|
| .     w     w     w    |    | 28    29    30    31   |
'------------------------'    '------------------------'

Black's turn to play.
Possible moves :
10x17

Chosen move : 
10x17
,------------------------,    ,------------------------,
|    b     .     .     . |    |     0     1     2     3|
| w     .     .     b    |    |  4     5     6     7   |
|    .     .     .     . |    |     8     9    10    11|
| w     .     .     .    |    | 12    13    14    15   |
|    .     b     w     . |    |    16    17    18    19|
| w     w     .     .    |    | 20    21    22    23   |
|    w     .     .     . |    |    24    25    26    27|
| .     w     w     w    |    | 28    29    30    31   |
'------------------------'    '------------------------'

White's turn to play.
Possible moves :
21x14

Chosen move : 
21x14
,------------------------,    ,------------------------,
|    b     .     .     . |    |     0     1     2     3|
| w     .     .     b    |    |  4     5     6     7   |
|    .     .     .     . |    |     8     9    10    11|
| w     .     w     .    |    | 12    13    14    15   |
|    .     .     w     . |    |    16    17    18    19|
| w     .     .     .    |    | 20    21    22    23   |
|    w     .     .     . |    |    24    25    26    27|
| .     w     w     w    |    | 28    29    30    31   |
'------------------------'    '------------------------'

Black's turn to play.
Possible moves :
7-11
7-10
0-5

Chosen move : 
7-10
,------------------------,    ,------------------------,
|    b     .     .     . |    |     0     1     2     3|
| w     .     .     .    |    |  4     5     6     7   |
|    .     .     b     . |    |     8     9    10    11|
| w     .     w     .    |    | 12    13    14    15   |
|    .     .     w     . |    |    16    17    18    19|
| w     .     .     .    |    | 20    21    22    23   |
|    w     .     .     . |    |    24    25    26    27|
| .     w     w     w    |    | 28    29    30    31   |
'------------------------'    '------------------------'

White's turn to play.
Possible moves :
14x7

Chosen move : 
14x7
,------------------------,    ,------------------------,
|    b     .     .     . |    |     0     1     2     3|
| w     .     .     w    |    |  4     5     6     7   |
|    .     .     .     . |    |     8     9    10    11|
| w     .     .     .    |    | 12    13    14    15   |
|    .     .     w     . |    |    16    17    18    19|
| w     .     .     .    |    | 20    21    22    23   |
|    w     .     .     . |    |    24    25    26    27|
| .     w     w     w    |    | 28    29    30    31   |
'------------------------'    '------------------------'

Black's turn to play.
Possible moves :
0-5

Chosen move : 
0-5
,------------------------,    ,------------------------,
|    .     .     .     . |    |     0     1     2     3|
| w     b     .     w    |    |  4     5     6     7   |
|    .     .     .     . |    |     8     9    10    11|
| w     .     .     .    |    | 12    13    14    15   |
|    .     .     w     . |    |    16    17    18    19|
| w     .     .     .    |    | 20    21    22    23   |
|    w     .     .     . |    |    24    25    26    27|
| .     w     w     w    |    | 28    29    30    31   |
'------------------------'    '------------------------'

White's turn to play.
Possible moves :
31-26
12-8
7-2
18-14
18-15
30-26
30-25
4-0
31-27
24-21
7-3
29-25
20-16

Chosen move : 
12-8
,------------------------,    ,------------------------,
|    .     .     .     . |    |     0     1     2     3|
| w     b     .     w    |    |  4     5     6     7   |
|    w     .     .     . |    |     8     9    10    11|
| .     .     .     .    |    | 12    13    14    15   |
|    .     .     w     . |    |    16    17    18    19|
| w     .     .     .    |    | 20    21    22    23   |
|    w     .     .     . |    |    24    25    26    27|
| .     w     w     w    |    | 28    29    30    31   |
'------------------------'    '------------------------'

Black's turn to play.
Possible moves :
5x12

Chosen move : 
5x12
,------------------------,    ,------------------------,
|    .     .     .     . |    |     0     1     2     3|
| w     .     .     w    |    |  4     5     6     7   |
|    .     .     .     . |    |     8     9    10    11|
| b     .     .     .    |    | 12    13    14    15   |
|    .     .     w     . |    |    16    17    18    19|
| w     .     .     .    |    | 20    21    22    23   |
|    w     .     .     . |    |    24    25    26    27|
| .     w     w     w    |    | 28    29    30    31   |
'------------------------'    '------------------------'

White's turn to play.
Possible moves :
29-25
18-15
18-14
30-25
31-26
7-3
24-21
4-0
30-26
31-27
7-2
20-16

Chosen move : 
20-16
,------------------------,    ,------------------------,
|    .     .     .     . |    |     0     1     2     3|
| w     .     .     w    |    |  4     5     6     7   |
|    .     .     .     . |    |     8     9    10    11|
| b     .     .     .    |    | 12    13    14    15   |
|    w     .     w     . |    |    16    17    18    19|
| .     .     .     .    |    | 20    21    22    23   |
|    w     .     .     . |    |    24    25    26    27|
| .     w     w     w    |    | 28    29    30    31   |
'------------------------'    '------------------------'

Black's turn to play.
Possible moves :
12x21x28

Chosen move : 
12x21x28
,------------------------,    ,------------------------,
|    .     .     .     . |    |     0     1     2     3|
| w     .     .     w    |    |  4     5     6     7   |
|    .     .     .     . |    |     8     9    10    11|
| .     .     .     .    |    | 12    13    14    15   |
|    .     .     w     . |    |    16    17    18    19|
| .     .     .     .    |    | 20    21    22    23   |
|    .     .     .     . |    |    24    25    26    27|
| B     w     w     w    |    | 28    29    30    31   |
'------------------------'    '------------------------'

White's turn to play.
Possible moves :
29-25
30-26
7-2
31-26
30-25
29-24
31-27
4-0
18-15
7-3
18-14

Chosen move : 
29-25
,------------------------,    ,------------------------,
|    .     .     .     . |    |     0     1     2     3|
| w     .     .     w    |    |  4     5     6     7   |
|    .     .     .     . |    |     8     9    10    11|
| .     .     .     .    |    | 12    13    14    15   |
|    .     .     w     . |    |    16    17    18    19|
| .     .     .     .    |    | 20    21    22    23   |
|    .     w     .     . |    |    24    25    26    27|
| B     .     w     w    |    | 28    29    30    31   |
'------------------------'    '------------------------'

Black's turn to play.
Possible moves :
28-24

Chosen move : 
28-24
,------------------------,    ,------------------------,
|    .     .     .     . |    |     0     1     2     3|
| w     .     .     w    |    |  4     5     6     7   |
|    .     .     .     . |    |     8     9    10    11|
| .     .     .     .    |    | 12    13    14    15   |
|    .     .     w     . |    |    16    17    18    19|
| .     .     .     .    |    | 20    21    22    23   |
|    B     w     .     . |    |    24    25    26    27|
| .     .     w     w    |    | 28    29    30    31   |
'------------------------'    '------------------------'

White's turn to play.
Possible moves :
25-21
31-26
18-14
7-3
30-26
7-2
18-15
31-27
4-0
25-22

Chosen move : 
25-22
,------------------------,    ,------------------------,
|    .     .     .     . |    |     0     1     2     3|
| w     .     .     w    |    |  4     5     6     7   |
|    .     .     .     . |    |     8     9    10    11|
| .     .     .     .    |    | 12    13    14    15   |
|    .     .     w     . |    |    16    17    18    19|
| .     .     w     .    |    | 20    21    22    23   |
|    B     .     .     . |    |    24    25    26    27|
| .     .     w     w    |    | 28    29    30    31   |
'------------------------'    '------------------------'

Black's turn to play.
Possible moves :
24-28
24-20
24-29
24-21

Chosen move : 
24-20
,------------------------,    ,------------------------,
|    .     .     .     . |    |     0     1     2     3|
| w     .     .     w    |    |  4     5     6     7   |
|    .     .     .     . |    |     8     9    10    11|
| .     .     .     .    |    | 12    13    14    15   |
|    .     .     w     . |    |    16    17    18    19|
| B     .     w     .    |    | 20    21    22    23   |
|    .     .     .     . |    |    24    25    26    27|
| .     .     w     w    |    | 28    29    30    31   |
'------------------------'    '------------------------'

White's turn to play.
Possible moves :
18-15
18-14
22-17
30-26
7-2
31-26
4-0
31-27
30-25
7-3

Chosen move : 
18-15
,------------------------,    ,------------------------,
|    .     .     .     . |    |     0     1     2     3|
| w     .     .     w    |    |  4     5     6     7   |
|    .     .     .     . |    |     8     9    10    11|
| .     .     .     w    |    | 12    13    14    15   |
|    .     .     .     . |    |    16    17    18    19|
| B     .     w     .    |    | 20    21    22    23   |
|    .     .     .     . |    |    24    25    26    27|
| .     .     w     w    |    | 28    29    30    31   |
'------------------------'    '------------------------'

Black's turn to play.
Possible moves :
20-24
20-16

Chosen move : 
20-16
,------------------------,    ,------------------------,
|    .     .     .     . |    |     0     1     2     3|
| w     .     .     w    |    |  4     5     6     7   |
|    .     .     .     . |    |     8     9    10    11|
| .     .     .     w    |    | 12    13    14    15   |
|    B     .     .     . |    |    16    17    18    19|
| .     .     w     .    |    | 20    21    22    23   |
|    .     .     .     . |    |    24    25    26    27|
| .     .     w     w    |    | 28    29    30    31   |
'------------------------'    '------------------------'

White's turn to play.
Possible moves :
7-3
15-11
22-17
30-26
30-25
31-26
31-27
22-18
4-0
15-10
7-2

Chosen move : 
7-3
,------------------------,    ,------------------------,
|    .     .     .     W |    |     0     1     2     3|
| w     .     .     .    |    |  4     5     6     7   |
|    .     .     .     . |    |     8     9    10    11|
| .     .     .     w    |    | 12    13    14    15   |
|    B     .     .     . |    |    16    17    18    19|
| .     .     w     .    |    | 20    21    22    23   |
|    .     .     .     . |    |    24    25    26    27|
| .     .     w     w    |    | 28    29    30    31   |
'------------------------'    '------------------------'

Black's turn to play.
Possible moves :
16-13
16-21
16-20
16-12

Chosen move : 
16-20
,------------------------,    ,------------------------,
|    .     .     .     W |    |     0     1     2     3|
| w     .     .     .    |    |  4     5     6     7   |
|    .     .     .     . |    |     8     9    10    11|
| .     .     .     w    |    | 12    13    14    15   |
|    .     .     .     . |    |    16    17    18    19|
| B     .     w     .    |    | 20    21    22    23   |
|    .     .     .     . |    |    24    25    26    27|
| .     .     w     w    |    | 28    29    30    31   |
'------------------------'    '------------------------'

White's turn to play.
Possible moves :
15-10
15-11
30-25
3-7
22-17
31-27
4-0
31-26
22-18
30-26

Chosen move : 
15-10
,------------------------,    ,------------------------,
|    .     .     .     W |    |     0     1     2     3|
| w     .     .     .    |    |  4     5     6     7   |
|    .     .     w     . |    |     8     9    10    11|
| .     .     .     .    |    | 12    13    14    15   |
|    .     .     .     . |    |    16    17    18    19|
| B     .     w     .    |    | 20    21    22    23   |
|    .     .     .     . |    |    24    25    26    27|
| .     .     w     w    |    | 28    29    30    31   |
'------------------------'    '------------------------'

Black's turn to play.
Possible moves :
20-24
20-16

Chosen move : 
20-16
,------------------------,    ,------------------------,
|    .     .     .     W |    |     0     1     2     3|
| w     .     .     .    |    |  4     5     6     7   |
|    .     .     w     . |    |     8     9    10    11|
| .     .     .     .    |    | 12    13    14    15   |
|    B     .     .     . |    |    16    17    18    19|
| .     .     w     .    |    | 20    21    22    23   |
|    .     .     .     . |    |    24    25    26    27|
| .     .     w     w    |    | 28    29    30    31   |
'------------------------'    '------------------------'

White's turn to play.
Possible moves :
31-26
22-18
30-26
10-7
3-7
30-25
4-0
10-6
31-27
22-17

Chosen move : 
31-26
,------------------------,    ,------------------------,
|    .     .     .     W |    |     0     1     2     3|
| w     .     .     .    |    |  4     5     6     7   |
|    .     .     w     . |    |     8     9    10    11|
| .     .     .     .    |    | 12    13    14    15   |
|    B     .     .     . |    |    16    17    18    19|
| .     .     w     .    |    | 20    21    22    23   |
|    .     .     w     . |    |    24    25    26    27|
| .     .     w     .    |    | 28    29    30    31   |
'------------------------'    '------------------------'

Black's turn to play.
Possible moves :
16-12
16-13
16-20
16-21

Chosen move : 
16-20
,------------------------,    ,------------------------,
|    .     .     .     W |    |     0     1     2     3|
| w     .     .     .    |    |  4     5     6     7   |
|    .     .     w     . |    |     8     9    10    11|
| .     .     .     .    |    | 12    13    14    15   |
|    .     .     .     . |    |    16    17    18    19|
| B     .     w     .    |    | 20    21    22    23   |
|    .     .     w     . |    |    24    25    26    27|
| .     .     w     .    |    | 28    29    30    31   |
'------------------------'    '------------------------'

White's turn to play.
Possible moves :
22-18
30-25
10-6
3-7
4-0
10-7
26-23
22-17

Chosen move : 
22-18
,------------------------,    ,------------------------,
|    .     .     .     W |    |     0     1     2     3|
| w     .     .     .    |    |  4     5     6     7   |
|    .     .     w     . |    |     8     9    10    11|
| .     .     .     .    |    | 12    13    14    15   |
|    .     .     w     . |    |    16    17    18    19|
| B     .     .     .    |    | 20    21    22    23   |
|    .     .     w     . |    |    24    25    26    27|
| .     .     w     .    |    | 28    29    30    31   |
'------------------------'    '------------------------'

Black's turn to play.
Possible moves :
20-24
20-16

Chosen move : 
20-24
,------------------------,    ,------------------------,
|    .     .     .     W |    |     0     1     2     3|
| w     .     .     .    |    |  4     5     6     7   |
|    .     .     w     . |    |     8     9    10    11|
| .     .     .     .    |    | 12    13    14    15   |
|    .     .     w     . |    |    16    17    18    19|
| .     .     .     .    |    | 20    21    22    23   |
|    B     .     w     . |    |    24    25    26    27|
| .     .     w     .    |    | 28    29    30    31   |
'------------------------'    '------------------------'

White's turn to play.
Possible moves :
3-7
18-15
4-0
30-25
10-7
18-14
10-6
26-22
26-23

Chosen move : 
3-7
,------------------------,    ,------------------------,
|    .     .     .     . |    |     0     1     2     3|
| w     .     .     W    |    |  4     5     6     7   |
|    .     .     w     . |    |     8     9    10    11|
| .     .     .     .    |    | 12    13    14    15   |
|    .     .     w     . |    |    16    17    18    19|
| .     .     .     .    |    | 20    21    22    23   |
|    B     .     w     . |    |    24    25    26    27|
| .     .     w     .    |    | 28    29    30    31   |
'------------------------'    '------------------------'

Black's turn to play.
Possible moves :
24-20
24-21
24-29
24-28

Chosen move : 
24-21
,------------------------,    ,------------------------,
|    .     .     .     . |    |     0     1     2     3|
| w     .     .     W    |    |  4     5     6     7   |
|    .     .     w     . |    |     8     9    10    11|
| .     .     .     .    |    | 12    13    14    15   |
|    .     .     w     . |    |    16    17    18    19|
| .     B     .     .    |    | 20    21    22    23   |
|    .     .     w     . |    |    24    25    26    27|
| .     .     w     .    |    | 28    29    30    31   |
'------------------------'    '------------------------'

White's turn to play.
Possible moves :
26-23
26-22
7-11
18-15
7-3
4-0
30-25
7-2
18-14
10-6

Chosen move : 
26-23
,------------------------,    ,------------------------,
|    .     .     .     . |    |     0     1     2     3|
| w     .     .     W    |    |  4     5     6     7   |
|    .     .     w     . |    |     8     9    10    11|
| .     .     .     .    |    | 12    13    14    15   |
|    .     .     w     . |    |    16    17    18    19|
| .     B     .     w    |    | 20    21    22    23   |
|    .     .     .     . |    |    24    25    26    27|
| .     .     w     .    |    | 28    29    30    31   |
'------------------------'    '------------------------'

Black's turn to play.
Possible moves :
21-17
21-16
21-25
21-24

Chosen move : 
21-17
,------------------------,    ,------------------------,
|    .     .     .     . |    |     0     1     2     3|
| w     .     .     W    |    |  4     5     6     7   |
|    .     .     w     . |    |     8     9    10    11|
| .     .     .     .    |    | 12    13    14    15   |
|    .     B     w     . |    |    16    17    18    19|
| .     .     .     w    |    | 20    21    22    23   |
|    .     .     .     . |    |    24    25    26    27|
| .     .     w     .    |    | 28    29    30    31   |
'------------------------'    '------------------------'

White's turn to play.
Possible moves :
7-11
10-6
23-19
7-3
18-15
7-2
30-25
18-14
30-26
4-0

Chosen move : 
18-14
,------------------------,    ,------------------------,
|    .     .     .     . |    |     0     1     2     3|
| w     .     .     W    |    |  4     5     6     7   |
|    .     .     w     . |    |     8     9    10    11|
| .     .     w     .    |    | 12    13    14    15   |
|    .     B     .     . |    |    16    17    18    19|
| .     .     .     w    |    | 20    21    22    23   |
|    .     .     .     . |    |    24    25    26    27|
| .     .     w     .    |    | 28    29    30    31   |
'------------------------'    '------------------------'

Black's turn to play.
Possible moves :
17-21
17-22
17-13

Chosen move : 
17-21
,------------------------,    ,------------------------,
|    .     .     .     . |    |     0     1     2     3|
| w     .     .     W    |    |  4     5     6     7   |
|    .     .     w     . |    |     8     9    10    11|
| .     .     w     .    |    | 12    13    14    15   |
|    .     .     .     . |    |    16    17    18    19|
| .     B     .     w    |    | 20    21    22    23   |
|    .     .     .     . |    |    24    25    26    27|
| .     .     w     .    |    | 28    29    30    31   |
'------------------------'    '------------------------'

White's turn to play.
Possible moves :
30-26
30-25
7-2
7-3
10-6
14-9
23-18
4-0
23-19
7-11

Chosen move : 
30-25
,------------------------,    ,------------------------,
|    .     .     .     . |    |     0     1     2     3|
| w     .     .     W    |    |  4     5     6     7   |
|    .     .     w     . |    |     8     9    10    11|
| .     .     w     .    |    | 12    13    14    15   |
|    .     .     .     . |    |    16    17    18    19|
| .     B     .     w    |    | 20    21    22    23   |
|    .     w     .     . |    |    24    25    26    27|
| .     .     .     .    |    | 28    29    30    31   |
'------------------------'    '------------------------'

Black's turn to play.
Possible moves :
21x30

Chosen move : 
21x30
,------------------------,    ,------------------------,
|    .     .     .     . |    |     0     1     2     3|
| w     .     .     W    |    |  4     5     6     7   |
|    .     .     w     . |    |     8     9    10    11|
| .     .     w     .    |    | 12    13    14    15   |
|    .     .     .     . |    |    16    17    18    19|
| .     .     .     w    |    | 20    21    22    23   |
|    .     .     .     . |    |    24    25    26    27|
| .     .     B     .    |    | 28    29    30    31   |
'------------------------'    '------------------------'

White's turn to play.
Possible moves :
7-2
23-18
23-19
4-0
14-9
7-11
7-3
10-6

Chosen move : 
23-18
,------------------------,    ,------------------------,
|    .     .     .     . |    |     0     1     2     3|
| w     .     .     W    |    |  4     5     6     7   |
|    .     .     w     . |    |     8     9    10    11|
| .     .     w     .    |    | 12    13    14    15   |
|    .     .     w     . |    |    16    17    18    19|
| .     .     .     .    |    | 20    21    22    23   |
|    .     .     .     . |    |    24    25    26    27|
| .     .     B     .    |    | 28    29    30    31   |
'------------------------'    '------------------------'

Black's turn to play.
Possible moves :
30-25
30-26

Chosen move : 
30-26
,------------------------,    ,------------------------,
|    .     .     .     . |    |     0     1     2     3|
| w     .     .     W    |    |  4     5     6     7   |
|    .     .     w     . |    |     8     9    10    11|
| .     .     w     .    |    | 12    13    14    15   |
|    .     .     w     . |    |    16    17    18    19|
| .     .     .     .    |    | 20    21    22    23   |
|    .     .     B     . |    |    24    25    26    27|
| .     .     .     .    |    | 28    29    30    31   |
'------------------------'    '------------------------'

White's turn to play.
Possible moves :
7-2
7-11
14-9
7-3
4-0
18-15
10-6

Chosen move : 
18-15
,------------------------,    ,------------------------,
|    .     .     .     . |    |     0     1     2     3|
| w     .     .     W    |    |  4     5     6     7   |
|    .     .     w     . |    |     8     9    10    11|
| .     .     w     w    |    | 12    13    14    15   |
|    .     .     .     . |    |    16    17    18    19|
| .     .     .     .    |    | 20    21    22    23   |
|    .     .     B     . |    |    24    25    26    27|
| .     .     .     .    |    | 28    29    30    31   |
'------------------------'    '------------------------'

Black's turn to play.
Possible moves :
26-23
26-22
26-31
26-30

Chosen move : 
26-23
,------------------------,    ,------------------------,
|    .     .     .     . |    |     0     1     2     3|
| w     .     .     W    |    |  4     5     6     7   |
|    .     .     w     . |    |     8     9    10    11|
| .     .     w     w    |    | 12    13    14    15   |
|    .     .     .     . |    |    16    17    18    19|
| .     .     .     B    |    | 20    21    22    23   |
|    .     .     .     . |    |    24    25    26    27|
| .     .     .     .    |    | 28    29    30    31   |
'------------------------'    '------------------------'

White's turn to play.
Possible moves :
7-2
4-0
7-3
15-11
10-6
14-9
7-11

Chosen move : 
7-2
,------------------------,    ,------------------------,
|    .     .     W     . |    |     0     1     2     3|
| w     .     .     .    |    |  4     5     6     7   |
|    .     .     w     . |    |     8     9    10    11|
| .     .     w     w    |    | 12    13    14    15   |
|    .     .     .     . |    |    16    17    18    19|
| .     .     .     B    |    | 20    21    22    23   |
|    .     .     .     . |    |    24    25    26    27|
| .     .     .     .    |    | 28    29    30    31   |
'------------------------'    '------------------------'

Black's turn to play.
Possible moves :
23-26
23-19
23-27
23-18

Chosen move : 
23-26
,------------------------,    ,------------------------,
|    .     .     W     . |    |     0     1     2     3|
| w     .     .     .    |    |  4     5     6     7   |
|    .     .     w     . |    |     8     9    10    11|
| .     .     w     w    |    | 12    13    14    15   |
|    .     .     .     . |    |    16    17    18    19|
| .     .     .     .    |    | 20    21    22    23   |
|    .     .     B     . |    |    24    25    26    27|
| .     .     .     .    |    | 28    29    30    31   |
'------------------------'    '------------------------'

White's turn to play.
Possible moves :
14-9
10-6
2-7
4-0
10-7
15-11
2-6

Chosen move : 
14-9
,------------------------,    ,------------------------,
|    .     .     W     . |    |     0     1     2     3|
| w     .     .     .    |    |  4     5     6     7   |
|    .     w     w     . |    |     8     9    10    11|
| .     .     .     w    |    | 12    13    14    15   |
|    .     .     .     . |    |    16    17    18    19|
| .     .     .     .    |    | 20    21    22    23   |
|    .     .     B     . |    |    24    25    26    27|
| .     .     .     .    |    | 28    29    30    31   |
'------------------------'    '------------------------'

Black's turn to play.
Possible moves :
26-30
26-22
26-31
26-23

Chosen move : 
26-22
,------------------------,    ,------------------------,
|    .     .     W     . |    |     0     1     2     3|
| w     .     .     .    |    |  4     5     6     7   |
|    .     w     w     . |    |     8     9    10    11|
| .     .     .     w    |    | 12    13    14    15   |
|    .     .     .     . |    |    16    17    18    19|
| .     .     B     .    |    | 20    21    22    23   |
|    .     .     .     . |    |    24    25    26    27|
| .     .     .     .    |    | 28    29    30    31   |
'------------------------'    '------------------------'

White's turn to play.
Possible moves :
9-5
2-7
4-0
10-7
15-11
10-6
2-6
9-6

Chosen move : 
15-11
,------------------------,    ,------------------------,
|    .     .     W     . |    |     0     1     2     3|
| w     .     .     .    |    |  4     5     6     7   |
|    .     w     w     w |    |     8     9    10    11|
| .     .     .     .    |    | 12    13    14    15   |
|    .     .     .     . |    |    16    17    18    19|
| .     .     B     .    |    | 20    21    22    23   |
|    .     .     .     . |    |    24    25    26    27|
| .     .     .     .    |    | 28    29    30    31   |
'------------------------'    '------------------------'

Black's turn to play.
Possible moves :
22-25
22-17
22-26
22-18

Chosen move : 
22-25
,------------------------,    ,------------------------,
|    .     .     W     . |    |     0     1     2     3|
| w     .     .     .    |    |  4     5     6     7   |
|    .     w     w     w |    |     8     9    10    11|
| .     .     .     .    |    | 12    13    14    15   |
|    .     .     .     . |    |    16    17    18    19|
| .     .     .     .    |    | 20    21    22    23   |
|    .     B     .     . |    |    24    25    26    27|
| .     .     .     .    |    | 28    29    30    31   |
'------------------------'    '------------------------'

White's turn to play.
Possible moves :
11-7
2-6
10-7
10-6
4-0
9-6
9-5
2-7

Chosen move : 
11-7
,------------------------,    ,------------------------,
|    .     .     W     . |    |     0     1     2     3|
| w     .     .     w    |    |  4     5     6     7   |
|    .     w     w     . |    |     8     9    10    11|
| .     .     .     .    |    | 12    13    14    15   |
|    .     .     .     . |    |    16    17    18    19|
| .     .     .     .    |    | 20    21    22    23   |
|    .     B     .     . |    |    24    25    26    27|
| .     .     .     .    |    | 28    29    30    31   |
'------------------------'    '------------------------'

Black's turn to play.
Possible moves :
25-21
25-29
25-22
25-30

Chosen move : 
25-22
,------------------------,    ,------------------------,
|    .     .     W     . |    |     0     1     2     3|
| w     .     .     w    |    |  4     5     6     7   |
|    .     w     w     . |    |     8     9    10    11|
| .     .     .     .    |    | 12    13    14    15   |
|    .     .     .     . |    |    16    17    18    19|
| .     .     B     .    |    | 20    21    22    23   |
|    .     .     .     . |    |    24    25    26    27|
| .     .     .     .    |    | 28    29    30    31   |
'------------------------'    '------------------------'

White's turn to play.
Possible moves :
9-6
10-6
4-0
7-3
2-6
9-5

Chosen move : 
9-6
,------------------------,    ,------------------------,
|    .     .     W     . |    |     0     1     2     3|
| w     .     w     w    |    |  4     5     6     7   |
|    .     .     w     . |    |     8     9    10    11|
| .     .     .     .    |    | 12    13    14    15   |
|    .     .     .     . |    |    16    17    18    19|
| .     .     B     .    |    | 20    21    22    23   |
|    .     .     .     . |    |    24    25    26    27|
| .     .     .     .    |    | 28    29    30    31   |
'------------------------'    '------------------------'

Black's turn to play.
Possible moves :
22-17
22-18
22-25
22-26

Chosen move : 
22-26
,------------------------,    ,------------------------,
|    .     .     W     . |    |     0     1     2     3|
| w     .     w     w    |    |  4     5     6     7   |
|    .     .     w     . |    |     8     9    10    11|
| .     .     .     .    |    | 12    13    14    15   |
|    .     .     .     . |    |    16    17    18    19|
| .     .     .     .    |    | 20    21    22    23   |
|    .     .     B     . |    |    24    25    26    27|
| .     .     .     .    |    | 28    29    30    31   |
'------------------------'    '------------------------'

White's turn to play.
Possible moves :
7-3
4-0
6-1

Chosen move : 
7-3
,------------------------,    ,------------------------,
|    .     .     W     W |    |     0     1     2     3|
| w     .     w     .    |    |  4     5     6     7   |
|    .     .     w     . |    |     8     9    10    11|
| .     .     .     .    |    | 12    13    14    15   |
|    .     .     .     . |    |    16    17    18    19|
| .     .     .     .    |    | 20    21    22    23   |
|    .     .     B     . |    |    24    25    26    27|
| .     .     .     .    |    | 28    29    30    31   |
'------------------------'    '------------------------'

Black's turn to play.
Possible moves :
26-23
26-30
26-22
26-31

Chosen move : 
26-22
,------------------------,    ,------------------------,
|    .     .     W     W |    |     0     1     2     3|
| w     .     w     .    |    |  4     5     6     7   |
|    .     .     w     . |    |     8     9    10    11|
| .     .     .     .    |    | 12    13    14    15   |
|    .     .     .     . |    |    16    17    18    19|
| .     .     B     .    |    | 20    21    22    23   |
|    .     .     .     . |    |    24    25    26    27|
| .     .     .     .    |    | 28    29    30    31   |
'------------------------'    '------------------------'

White's turn to play.
Possible moves :
4-0
3-7
10-7
6-1
2-7

Chosen move : 
4-0
,------------------------,    ,------------------------,
|    W     .     W     W |    |     0     1     2     3|
| .     .     w     .    |    |  4     5     6     7   |
|    .     .     w     . |    |     8     9    10    11|
| .     .     .     .    |    | 12    13    14    15   |
|    .     .     .     . |    |    16    17    18    19|
| .     .     B     .    |    | 20    21    22    23   |
|    .     .     .     . |    |    24    25    26    27|
| .     .     .     .    |    | 28    29    30    31   |
'------------------------'    '------------------------'

Black's turn to play.
Possible moves :
22-25
22-26
22-18
22-17

Chosen move : 
22-18
,------------------------,    ,------------------------,
|    W     .     W     W |    |     0     1     2     3|
| .     .     w     .    |    |  4     5     6     7   |
|    .     .     w     . |    |     8     9    10    11|
| .     .     .     .    |    | 12    13    14    15   |
|    .     .     B     . |    |    16    17    18    19|
| .     .     .     .    |    | 20    21    22    23   |
|    .     .     .     . |    |    24    25    26    27|
| .     .     .     .    |    | 28    29    30    31   |
'------------------------'    '------------------------'

White's turn to play.
Possible moves :
6-1
10-7
2-7
0-4
0-5
3-7

Chosen move : 
10-7
,------------------------,    ,------------------------,
|    W     .     W     W |    |     0     1     2     3|
| .     .     w     w    |    |  4     5     6     7   |
|    .     .     .     . |    |     8     9    10    11|
| .     .     .     .    |    | 12    13    14    15   |
|    .     .     B     . |    |    16    17    18    19|
| .     .     .     .    |    | 20    21    22    23   |
|    .     .     .     . |    |    24    25    26    27|
| .     .     .     .    |    | 28    29    30    31   |
'------------------------'    '------------------------'

Black's turn to play.
Possible moves :
18-15
18-22
18-23
18-14

Chosen move : 
18-15
,------------------------,    ,------------------------,
|    W     .     W     W |    |     0     1     2     3|
| .     .     w     w    |    |  4     5     6     7   |
|    .     .     .     . |    |     8     9    10    11|
| .     .     .     B    |    | 12    13    14    15   |
|    .     .     .     . |    |    16    17    18    19|
| .     .     .     .    |    | 20    21    22    23   |
|    .     .     .     . |    |    24    25    26    27|
| .     .     .     .    |    | 28    29    30    31   |
'------------------------'    '------------------------'

White's turn to play.
Possible moves :
6-1
0-5
0-4

Chosen move : 
6-1
,------------------------,    ,------------------------,
|    W     W     W     W |    |     0     1     2     3|
| .     .     .     w    |    |  4     5     6     7   |
|    .     .     .     . |    |     8     9    10    11|
| .     .     .     B    |    | 12    13    14    15   |
|    .     .     .     . |    |    16    17    18    19|
| .     .     .     .    |    | 20    21    22    23   |
|    .     .     .     . |    |    24    25    26    27|
| .     .     .     .    |    | 28    29    30    31   |
'------------------------'    '------------------------'

Black's turn to play.
Possible moves :
15-11
15-18
15-19
15-10

Chosen move : 
15-10
,------------------------,    ,------------------------,
|    W     W     W     W |    |     0     1     2     3|
| .     .     .     w    |    |  4     5     6     7   |
|    .     .     B     . |    |     8     9    10    11|
| .     .     .     .    |    | 12    13    14    15   |
|    .     .     .     . |    |    16    17    18    19|
| .     .     .     .    |    | 20    21    22    23   |
|    .     .     .     . |    |    24    25    26    27|
| .     .     .     .    |    | 28    29    30    31   |
'------------------------'    '------------------------'

White's turn to play.
Possible moves :
7x14

Chosen move : 
7x14
,------------------------,    ,------------------------,
|    W     W     W     W |    |     0     1     2     3|
| .     .     .     .    |    |  4     5     6     7   |
|    .     .     .     . |    |     8     9    10    11|
| .     .     w     .    |    | 12    13    14    15   |
|    .     .     .     . |    |    16    17    18    19|
| .     .     .     .    |    | 20    21    22    23   |
|    .     .     .     . |    |    24    25    26    27|
| .     .     .     .    |    | 28    29    30    31   |
'------------------------'    '------------------------'

Black's turn to play.
End of Game !

#PDN#
[Event "IN104 CS Project"]
[Site "ENSTA ParisTech, Palaiseau, FRA"]
[GameType 21,W,8,8,N2,0] {Whites begin}
[Date "Tue Mar 22 20:18:51 2016"]
[Round "?"]
[White "Master minmax"]
[WhiteType "Program"]
[Black "Random Guesser"]
[BlackType "Program"]
[Result "1-0"] {White (Master minmax) wins}
[WhiteTime "34.526870012283325"]
[BlackTime "0.021089553833007812"]

1.21-17 10-15 2.25-21 9-14 3.17x10x19 8-12 4.22-17 12-16 5.20x13 11-15 6.19x10 7x14 7.17x10 6x15 8.26-22 5-8 9.22-17 15-19 10.23-18 1-5 11.24-20 19-23 12.18-14 2-6 13.27x18 5-9 14.14x5x12 3-7 15.28-24 4-8 16.13x4 6-10 17.17-14 10x17 18.21x14 7-10 19.14x7 0-5 20.12-8 5x12 21.20-16 12x21x28 22.29-25 28-24 23.25-22 24-20 24.18-15 20-16 25.7-3 16-20 26.15-10 20-16 27.31-26 16-20 28.22-18 20-24 29.3-7 24-21 30.26-23 21-17 31.18-14 17-21 32.30-25 21x30 33.23-18 30-26 34.18-15 26-23 35.7-2 23-26 36.14-9 26-22 37.15-11 22-25 38.11-7 25-22 39.9-6 22-26 40.7-3 26-22 41.4-0 22-18 42.10-7 18-15 43.6-1 15-10 44.7x14  1-0 *
