Beginning of the game
,------------------------,    ,------------------------,
|    b     b     b     b |    |     0     1     2     3|
| b     b     b     b    |    |  4     5     6     7   |
|    b     b     b     b |    |     8     9    10    11|
| .     .     .     .    |    | 12    13    14    15   |
|    .     .     .     . |    |    16    17    18    19|
| w     w     w     w    |    | 20    21    22    23   |
|    w     w     w     w |    |    24    25    26    27|
| w     w     w     w    |    | 28    29    30    31   |
'------------------------'    '------------------------'

White's turn to play.
Possible moves :
22-17
21-17
21-16
22-18
23-19
20-16
23-18

Chosen move : 
22-17
,------------------------,    ,------------------------,
|    b     b     b     b |    |     0     1     2     3|
| b     b     b     b    |    |  4     5     6     7   |
|    b     b     b     b |    |     8     9    10    11|
| .     .     .     .    |    | 12    13    14    15   |
|    .     w     .     . |    |    16    17    18    19|
| w     w     .     w    |    | 20    21    22    23   |
|    w     w     w     w |    |    24    25    26    27|
| w     w     w     w    |    | 28    29    30    31   |
'------------------------'    '------------------------'

Black's turn to play.
Possible moves :
11-15
10-14
8-12
9-13
9-14
10-15
8-13

Chosen move : 
11-15
,------------------------,    ,------------------------,
|    b     b     b     b |    |     0     1     2     3|
| b     b     b     b    |    |  4     5     6     7   |
|    b     b     b     . |    |     8     9    10    11|
| .     .     .     b    |    | 12    13    14    15   |
|    .     w     .     . |    |    16    17    18    19|
| w     w     .     w    |    | 20    21    22    23   |
|    w     w     w     w |    |    24    25    26    27|
| w     w     w     w    |    | 28    29    30    31   |
'------------------------'    '------------------------'

White's turn to play.
Possible moves :
17-13
23-19
17-14
25-22
26-22
23-18
20-16
21-16

Chosen move : 
23-19
,------------------------,    ,------------------------,
|    b     b     b     b |    |     0     1     2     3|
| b     b     b     b    |    |  4     5     6     7   |
|    b     b     b     . |    |     8     9    10    11|
| .     .     .     b    |    | 12    13    14    15   |
|    .     w     .     w |    |    16    17    18    19|
| w     w     .     .    |    | 20    21    22    23   |
|    w     w     w     w |    |    24    25    26    27|
| w     w     w     w    |    | 28    29    30    31   |
'------------------------'    '------------------------'

Black's turn to play.
Possible moves :
7-11
9-13
10-14
9-14
15-18
8-12
8-13

Chosen move : 
8-13
,------------------------,    ,------------------------,
|    b     b     b     b |    |     0     1     2     3|
| b     b     b     b    |    |  4     5     6     7   |
|    .     b     b     . |    |     8     9    10    11|
| .     b     .     b    |    | 12    13    14    15   |
|    .     w     .     w |    |    16    17    18    19|
| w     w     .     .    |    | 20    21    22    23   |
|    w     w     w     w |    |    24    25    26    27|
| w     w     w     w    |    | 28    29    30    31   |
'------------------------'    '------------------------'

White's turn to play.
Possible moves :
17x8

Chosen move : 
17x8
,------------------------,    ,------------------------,
|    b     b     b     b |    |     0     1     2     3|
| b     b     b     b    |    |  4     5     6     7   |
|    w     b     b     . |    |     8     9    10    11|
| .     .     .     b    |    | 12    13    14    15   |
|    .     .     .     w |    |    16    17    18    19|
| w     w     .     .    |    | 20    21    22    23   |
|    w     w     w     w |    |    24    25    26    27|
| w     w     w     w    |    | 28    29    30    31   |
'------------------------'    '------------------------'

Black's turn to play.
Possible moves :
4x13
5x12

Chosen move : 
4x13
,------------------------,    ,------------------------,
|    b     b     b     b |    |     0     1     2     3|
| .     b     b     b    |    |  4     5     6     7   |
|    .     b     b     . |    |     8     9    10    11|
| .     b     .     b    |    | 12    13    14    15   |
|    .     .     .     w |    |    16    17    18    19|
| w     w     .     .    |    | 20    21    22    23   |
|    w     w     w     w |    |    24    25    26    27|
| w     w     w     w    |    | 28    29    30    31   |
'------------------------'    '------------------------'

White's turn to play.
Possible moves :
25-22
21-16
21-17
27-23
26-22
20-16
26-23

Chosen move : 
21-17
,------------------------,    ,------------------------,
|    b     b     b     b |    |     0     1     2     3|
| .     b     b     b    |    |  4     5     6     7   |
|    .     b     b     . |    |     8     9    10    11|
| .     b     .     b    |    | 12    13    14    15   |
|    .     w     .     w |    |    16    17    18    19|
| w     .     .     .    |    | 20    21    22    23   |
|    w     w     w     w |    |    24    25    26    27|
| w     w     w     w    |    | 28    29    30    31   |
'------------------------'    '------------------------'

Black's turn to play.
Possible moves :
13x22

Chosen move : 
13x22
,------------------------,    ,------------------------,
|    b     b     b     b |    |     0     1     2     3|
| .     b     b     b    |    |  4     5     6     7   |
|    .     b     b     . |    |     8     9    10    11|
| .     .     .     b    |    | 12    13    14    15   |
|    .     .     .     w |    |    16    17    18    19|
| w     .     b     .    |    | 20    21    22    23   |
|    w     w     w     w |    |    24    25    26    27|
| w     w     w     w    |    | 28    29    30    31   |
'------------------------'    '------------------------'

White's turn to play.
Possible moves :
25x18x11

Chosen move : 
25x18x11
,------------------------,    ,------------------------,
|    b     b     b     b |    |     0     1     2     3|
| .     b     b     b    |    |  4     5     6     7   |
|    .     b     b     w |    |     8     9    10    11|
| .     .     .     .    |    | 12    13    14    15   |
|    .     .     .     w |    |    16    17    18    19|
| w     .     .     .    |    | 20    21    22    23   |
|    w     .     w     w |    |    24    25    26    27|
| w     w     w     w    |    | 28    29    30    31   |
'------------------------'    '------------------------'

Black's turn to play.
Possible moves :
5-8
10-15
0-4
10-14
9-13
9-14

Chosen move : 
10-15
,------------------------,    ,------------------------,
|    b     b     b     b |    |     0     1     2     3|
| .     b     b     b    |    |  4     5     6     7   |
|    .     b     .     w |    |     8     9    10    11|
| .     .     .     b    |    | 12    13    14    15   |
|    .     .     .     w |    |    16    17    18    19|
| w     .     .     .    |    | 20    21    22    23   |
|    w     .     w     w |    |    24    25    26    27|
| w     w     w     w    |    | 28    29    30    31   |
'------------------------'    '------------------------'

White's turn to play.
Possible moves :
11x18
19x10

Chosen move : 
11x18
,------------------------,    ,------------------------,
|    b     b     b     b |    |     0     1     2     3|
| .     b     b     b    |    |  4     5     6     7   |
|    .     b     .     . |    |     8     9    10    11|
| .     .     .     .    |    | 12    13    14    15   |
|    .     .     w     w |    |    16    17    18    19|
| w     .     .     .    |    | 20    21    22    23   |
|    w     .     w     w |    |    24    25    26    27|
| w     w     w     w    |    | 28    29    30    31   |
'------------------------'    '------------------------'

Black's turn to play.
Possible moves :
9-14
6-10
7-10
9-13
0-4
7-11
5-8

Chosen move : 
7-10
,------------------------,    ,------------------------,
|    b     b     b     b |    |     0     1     2     3|
| .     b     b     .    |    |  4     5     6     7   |
|    .     b     b     . |    |     8     9    10    11|
| .     .     .     .    |    | 12    13    14    15   |
|    .     .     w     w |    |    16    17    18    19|
| w     .     .     .    |    | 20    21    22    23   |
|    w     .     w     w |    |    24    25    26    27|
| w     w     w     w    |    | 28    29    30    31   |
'------------------------'    '------------------------'

White's turn to play.
Possible moves :
19-15
29-25
27-23
30-25
24-21
20-16
26-22
26-23
18-14
18-15

Chosen move : 
29-25
,------------------------,    ,------------------------,
|    b     b     b     b |    |     0     1     2     3|
| .     b     b     .    |    |  4     5     6     7   |
|    .     b     b     . |    |     8     9    10    11|
| .     .     .     .    |    | 12    13    14    15   |
|    .     .     w     w |    |    16    17    18    19|
| w     .     .     .    |    | 20    21    22    23   |
|    w     w     w     w |    |    24    25    26    27|
| w     .     w     w    |    | 28    29    30    31   |
'------------------------'    '------------------------'

Black's turn to play.
Possible moves :
0-4
5-8
10-15
2-7
9-14
3-7
9-13
10-14

Chosen move : 
10-15
,------------------------,    ,------------------------,
|    b     b     b     b |    |     0     1     2     3|
| .     b     b     .    |    |  4     5     6     7   |
|    .     b     .     . |    |     8     9    10    11|
| .     .     .     b    |    | 12    13    14    15   |
|    .     .     w     w |    |    16    17    18    19|
| w     .     .     .    |    | 20    21    22    23   |
|    w     w     w     w |    |    24    25    26    27|
| w     .     w     w    |    | 28    29    30    31   |
'------------------------'    '------------------------'

White's turn to play.
Possible moves :
18x11
19x10

Chosen move : 
18x11
,------------------------,    ,------------------------,
|    b     b     b     b |    |     0     1     2     3|
| .     b     b     .    |    |  4     5     6     7   |
|    .     b     .     w |    |     8     9    10    11|
| .     .     .     .    |    | 12    13    14    15   |
|    .     .     .     w |    |    16    17    18    19|
| w     .     .     .    |    | 20    21    22    23   |
|    w     w     w     w |    |    24    25    26    27|
| w     .     w     w    |    | 28    29    30    31   |
'------------------------'    '------------------------'

Black's turn to play.
Possible moves :
6-10
2-7
3-7
0-4
9-14
9-13
5-8

Chosen move : 
6-10
,------------------------,    ,------------------------,
|    b     b     b     b |    |     0     1     2     3|
| .     b     .     .    |    |  4     5     6     7   |
|    .     b     b     w |    |     8     9    10    11|
| .     .     .     .    |    | 12    13    14    15   |
|    .     .     .     w |    |    16    17    18    19|
| w     .     .     .    |    | 20    21    22    23   |
|    w     w     w     w |    |    24    25    26    27|
| w     .     w     w    |    | 28    29    30    31   |
'------------------------'    '------------------------'

White's turn to play.
Possible moves :
26-23
11-7
25-21
27-23
20-16
24-21
19-15
25-22
26-22

Chosen move : 
26-23
,------------------------,    ,------------------------,
|    b     b     b     b |    |     0     1     2     3|
| .     b     .     .    |    |  4     5     6     7   |
|    .     b     b     w |    |     8     9    10    11|
| .     .     .     .    |    | 12    13    14    15   |
|    .     .     .     w |    |    16    17    18    19|
| w     .     .     w    |    | 20    21    22    23   |
|    w     w     .     w |    |    24    25    26    27|
| w     .     w     w    |    | 28    29    30    31   |
'------------------------'    '------------------------'

Black's turn to play.
Possible moves :
0-4
2-7
9-13
2-6
9-14
10-15
10-14
3-7
5-8
1-6

Chosen move : 
3-7
,------------------------,    ,------------------------,
|    b     b     b     . |    |     0     1     2     3|
| .     b     .     b    |    |  4     5     6     7   |
|    .     b     b     w |    |     8     9    10    11|
| .     .     .     .    |    | 12    13    14    15   |
|    .     .     .     w |    |    16    17    18    19|
| w     .     .     w    |    | 20    21    22    23   |
|    w     w     .     w |    |    24    25    26    27|
| w     .     w     w    |    | 28    29    30    31   |
'------------------------'    '------------------------'

White's turn to play.
Possible moves :
23-18
25-21
31-26
30-26
24-21
20-16
19-15
25-22

Chosen move : 
23-18
,------------------------,    ,------------------------,
|    b     b     b     . |    |     0     1     2     3|
| .     b     .     b    |    |  4     5     6     7   |
|    .     b     b     w |    |     8     9    10    11|
| .     .     .     .    |    | 12    13    14    15   |
|    .     .     w     w |    |    16    17    18    19|
| w     .     .     .    |    | 20    21    22    23   |
|    w     w     .     w |    |    24    25    26    27|
| w     .     w     w    |    | 28    29    30    31   |
'------------------------'    '------------------------'

Black's turn to play.
Possible moves :
10-15
5-8
9-14
10-14
2-6
1-6
0-4
9-13

Chosen move : 
9-13
,------------------------,    ,------------------------,
|    b     b     b     . |    |     0     1     2     3|
| .     b     .     b    |    |  4     5     6     7   |
|    .     .     b     w |    |     8     9    10    11|
| .     b     .     .    |    | 12    13    14    15   |
|    .     .     w     w |    |    16    17    18    19|
| w     .     .     .    |    | 20    21    22    23   |
|    w     w     .     w |    |    24    25    26    27|
| w     .     w     w    |    | 28    29    30    31   |
'------------------------'    '------------------------'

White's turn to play.
Possible moves :
25-21
18-15
25-22
20-16
24-21
30-26
27-23
19-15
18-14
31-26

Chosen move : 
25-21
,------------------------,    ,------------------------,
|    b     b     b     . |    |     0     1     2     3|
| .     b     .     b    |    |  4     5     6     7   |
|    .     .     b     w |    |     8     9    10    11|
| .     b     .     .    |    | 12    13    14    15   |
|    .     .     w     w |    |    16    17    18    19|
| w     w     .     .    |    | 20    21    22    23   |
|    w     .     .     w |    |    24    25    26    27|
| w     .     w     w    |    | 28    29    30    31   |
'------------------------'    '------------------------'

Black's turn to play.
Possible moves :
5-8
13-16
10-14
0-4
1-6
13-17
5-9
2-6
10-15

Chosen move : 
0-4
,------------------------,    ,------------------------,
|    .     b     b     . |    |     0     1     2     3|
| b     b     .     b    |    |  4     5     6     7   |
|    .     .     b     w |    |     8     9    10    11|
| .     b     .     .    |    | 12    13    14    15   |
|    .     .     w     w |    |    16    17    18    19|
| w     w     .     .    |    | 20    21    22    23   |
|    w     .     .     w |    |    24    25    26    27|
| w     .     w     w    |    | 28    29    30    31   |
'------------------------'    '------------------------'

White's turn to play.
Possible moves :
31-26
27-23
19-15
21-17
18-15
20-16
21-16
18-14
30-25
30-26

Chosen move : 
31-26
,------------------------,    ,------------------------,
|    .     b     b     . |    |     0     1     2     3|
| b     b     .     b    |    |  4     5     6     7   |
|    .     .     b     w |    |     8     9    10    11|
| .     b     .     .    |    | 12    13    14    15   |
|    .     .     w     w |    |    16    17    18    19|
| w     w     .     .    |    | 20    21    22    23   |
|    w     .     w     w |    |    24    25    26    27|
| w     .     w     .    |    | 28    29    30    31   |
'------------------------'    '------------------------'

Black's turn to play.
Possible moves :
10-15
5-8
4-8
2-6
1-6
5-9
13-16
13-17
10-14

Chosen move : 
5-9
,------------------------,    ,------------------------,
|    .     b     b     . |    |     0     1     2     3|
| b     .     .     b    |    |  4     5     6     7   |
|    .     b     b     w |    |     8     9    10    11|
| .     b     .     .    |    | 12    13    14    15   |
|    .     .     w     w |    |    16    17    18    19|
| w     w     .     .    |    | 20    21    22    23   |
|    w     .     w     w |    |    24    25    26    27|
| w     .     w     .    |    | 28    29    30    31   |
'------------------------'    '------------------------'

White's turn to play.
Possible moves :
30-25
21-16
19-15
26-23
21-17
20-16
26-22
18-14
27-23
18-15

Chosen move : 
30-25
,------------------------,    ,------------------------,
|    .     b     b     . |    |     0     1     2     3|
| b     .     .     b    |    |  4     5     6     7   |
|    .     b     b     w |    |     8     9    10    11|
| .     b     .     .    |    | 12    13    14    15   |
|    .     .     w     w |    |    16    17    18    19|
| w     w     .     .    |    | 20    21    22    23   |
|    w     w     w     w |    |    24    25    26    27|
| w     .     .     .    |    | 28    29    30    31   |
'------------------------'    '------------------------'

Black's turn to play.
Possible moves :
10-15
4-8
13-17
2-6
1-5
1-6
13-16
9-14
10-14

Chosen move : 
1-6
,------------------------,    ,------------------------,
|    .     .     b     . |    |     0     1     2     3|
| b     .     b     b    |    |  4     5     6     7   |
|    .     b     b     w |    |     8     9    10    11|
| .     b     .     .    |    | 12    13    14    15   |
|    .     .     w     w |    |    16    17    18    19|
| w     w     .     .    |    | 20    21    22    23   |
|    w     w     w     w |    |    24    25    26    27|
| w     .     .     .    |    | 28    29    30    31   |
'------------------------'    '------------------------'

White's turn to play.
Possible moves :
20-16
26-23
25-22
27-23
26-22
18-15
21-16
18-14
21-17
19-15

Chosen move : 
26-23
,------------------------,    ,------------------------,
|    .     .     b     . |    |     0     1     2     3|
| b     .     b     b    |    |  4     5     6     7   |
|    .     b     b     w |    |     8     9    10    11|
| .     b     .     .    |    | 12    13    14    15   |
|    .     .     w     w |    |    16    17    18    19|
| w     w     .     w    |    | 20    21    22    23   |
|    w     w     .     w |    |    24    25    26    27|
| w     .     .     .    |    | 28    29    30    31   |
'------------------------'    '------------------------'

Black's turn to play.
Possible moves :
13-16
4-8
9-14
10-15
13-17
10-14

Chosen move : 
4-8
,------------------------,    ,------------------------,
|    .     .     b     . |    |     0     1     2     3|
| .     .     b     b    |    |  4     5     6     7   |
|    b     b     b     w |    |     8     9    10    11|
| .     b     .     .    |    | 12    13    14    15   |
|    .     .     w     w |    |    16    17    18    19|
| w     w     .     w    |    | 20    21    22    23   |
|    w     w     .     w |    |    24    25    26    27|
| w     .     .     .    |    | 28    29    30    31   |
'------------------------'    '------------------------'

White's turn to play.
Possible moves :
18-14
21-17
21-16
18-15
20-16
19-15
25-22

Chosen move : 
21-16
,------------------------,    ,------------------------,
|    .     .     b     . |    |     0     1     2     3|
| .     .     b     b    |    |  4     5     6     7   |
|    b     b     b     w |    |     8     9    10    11|
| .     b     .     .    |    | 12    13    14    15   |
|    w     .     w     w |    |    16    17    18    19|
| w     .     .     w    |    | 20    21    22    23   |
|    w     w     .     w |    |    24    25    26    27|
| w     .     .     .    |    | 28    29    30    31   |
'------------------------'    '------------------------'

Black's turn to play.
Possible moves :
13-17
10-14
8-12
10-15
9-14

Chosen move : 
10-14
,------------------------,    ,------------------------,
|    .     .     b     . |    |     0     1     2     3|
| .     .     b     b    |    |  4     5     6     7   |
|    b     b     .     w |    |     8     9    10    11|
| .     b     b     .    |    | 12    13    14    15   |
|    w     .     w     w |    |    16    17    18    19|
| w     .     .     w    |    | 20    21    22    23   |
|    w     w     .     w |    |    24    25    26    27|
| w     .     .     .    |    | 28    29    30    31   |
'------------------------'    '------------------------'

White's turn to play.
Possible moves :
19-15
18-15
25-22
25-21
24-21
16-12

Chosen move : 
18-15
,------------------------,    ,------------------------,
|    .     .     b     . |    |     0     1     2     3|
| .     .     b     b    |    |  4     5     6     7   |
|    b     b     .     w |    |     8     9    10    11|
| .     b     b     w    |    | 12    13    14    15   |
|    w     .     .     w |    |    16    17    18    19|
| w     .     .     w    |    | 20    21    22    23   |
|    w     w     .     w |    |    24    25    26    27|
| w     .     .     .    |    | 28    29    30    31   |
'------------------------'    '------------------------'

Black's turn to play.
Possible moves :
7-10
14-18
14-17
13-17
6-10
8-12

Chosen move : 
8-12
,------------------------,    ,------------------------,
|    .     .     b     . |    |     0     1     2     3|
| .     .     b     b    |    |  4     5     6     7   |
|    .     b     .     w |    |     8     9    10    11|
| b     b     b     w    |    | 12    13    14    15   |
|    w     .     .     w |    |    16    17    18    19|
| w     .     .     w    |    | 20    21    22    23   |
|    w     w     .     w |    |    24    25    26    27|
| w     .     .     .    |    | 28    29    30    31   |
'------------------------'    '------------------------'

White's turn to play.
Possible moves :
25-22
24-21
15-10
25-21
23-18

Chosen move : 
25-22
,------------------------,    ,------------------------,
|    .     .     b     . |    |     0     1     2     3|
| .     .     b     b    |    |  4     5     6     7   |
|    .     b     .     w |    |     8     9    10    11|
| b     b     b     w    |    | 12    13    14    15   |
|    w     .     .     w |    |    16    17    18    19|
| w     .     w     w    |    | 20    21    22    23   |
|    w     .     .     w |    |    24    25    26    27|
| w     .     .     .    |    | 28    29    30    31   |
'------------------------'    '------------------------'

Black's turn to play.
Possible moves :
12x21

Chosen move : 
12x21
,------------------------,    ,------------------------,
|    .     .     b     . |    |     0     1     2     3|
| .     .     b     b    |    |  4     5     6     7   |
|    .     b     .     w |    |     8     9    10    11|
| .     b     b     w    |    | 12    13    14    15   |
|    .     .     .     w |    |    16    17    18    19|
| w     b     w     w    |    | 20    21    22    23   |
|    w     .     .     w |    |    24    25    26    27|
| w     .     .     .    |    | 28    29    30    31   |
'------------------------'    '------------------------'

White's turn to play.
Possible moves :
24x17x10x1
24x17x10x3

Chosen move : 
24x17x10x1
,------------------------,    ,------------------------,
|    .     W     b     . |    |     0     1     2     3|
| .     .     .     b    |    |  4     5     6     7   |
|    .     b     .     w |    |     8     9    10    11|
| .     b     .     w    |    | 12    13    14    15   |
|    .     .     .     w |    |    16    17    18    19|
| w     .     w     w    |    | 20    21    22    23   |
|    .     .     .     w |    |    24    25    26    27|
| w     .     .     .    |    | 28    29    30    31   |
'------------------------'    '------------------------'

Black's turn to play.
Possible moves :
13-16
9-14
2-6
13-17
7-10

Chosen move : 
13-16
,------------------------,    ,------------------------,
|    .     W     b     . |    |     0     1     2     3|
| .     .     .     b    |    |  4     5     6     7   |
|    .     b     .     w |    |     8     9    10    11|
| .     .     .     w    |    | 12    13    14    15   |
|    b     .     .     w |    |    16    17    18    19|
| w     .     w     w    |    | 20    21    22    23   |
|    .     .     .     w |    |    24    25    26    27|
| w     .     .     .    |    | 28    29    30    31   |
'------------------------'    '------------------------'

White's turn to play.
Possible moves :
20x13x6

Chosen move : 
20x13x6
,------------------------,    ,------------------------,
|    .     W     b     . |    |     0     1     2     3|
| .     .     w     b    |    |  4     5     6     7   |
|    .     .     .     w |    |     8     9    10    11|
| .     .     .     w    |    | 12    13    14    15   |
|    .     .     .     w |    |    16    17    18    19|
| .     .     w     w    |    | 20    21    22    23   |
|    .     .     .     w |    |    24    25    26    27|
| w     .     .     .    |    | 28    29    30    31   |
'------------------------'    '------------------------'

Black's turn to play.
Possible moves :
2x9

Chosen move : 
2x9
,------------------------,    ,------------------------,
|    .     W     .     . |    |     0     1     2     3|
| .     .     .     b    |    |  4     5     6     7   |
|    .     b     .     w |    |     8     9    10    11|
| .     .     .     w    |    | 12    13    14    15   |
|    .     .     .     w |    |    16    17    18    19|
| .     .     w     w    |    | 20    21    22    23   |
|    .     .     .     w |    |    24    25    26    27|
| w     .     .     .    |    | 28    29    30    31   |
'------------------------'    '------------------------'

White's turn to play.
Possible moves :
11x2

Chosen move : 
11x2
,------------------------,    ,------------------------,
|    .     W     W     . |    |     0     1     2     3|
| .     .     .     .    |    |  4     5     6     7   |
|    .     b     .     . |    |     8     9    10    11|
| .     .     .     w    |    | 12    13    14    15   |
|    .     .     .     w |    |    16    17    18    19|
| .     .     w     w    |    | 20    21    22    23   |
|    .     .     .     w |    |    24    25    26    27|
| w     .     .     .    |    | 28    29    30    31   |
'------------------------'    '------------------------'

Black's turn to play.
Possible moves :
9-13
9-14

Chosen move : 
9-13
,------------------------,    ,------------------------,
|    .     W     W     . |    |     0     1     2     3|
| .     .     .     .    |    |  4     5     6     7   |
|    .     .     .     . |    |     8     9    10    11|
| .     b     .     w    |    | 12    13    14    15   |
|    .     .     .     w |    |    16    17    18    19|
| .     .     w     w    |    | 20    21    22    23   |
|    .     .     .     w |    |    24    25    26    27|
| w     .     .     .    |    | 28    29    30    31   |
'------------------------'    '------------------------'

White's turn to play.
Possible moves :
1-6
15-10
1-5
15-11
28-24
2-7
23-18
22-17
2-6
22-18

Chosen move : 
22-17
,------------------------,    ,------------------------,
|    .     W     W     . |    |     0     1     2     3|
| .     .     .     .    |    |  4     5     6     7   |
|    .     .     .     . |    |     8     9    10    11|
| .     b     .     w    |    | 12    13    14    15   |
|    .     w     .     w |    |    16    17    18    19|
| .     .     .     w    |    | 20    21    22    23   |
|    .     .     .     w |    |    24    25    26    27|
| w     .     .     .    |    | 28    29    30    31   |
'------------------------'    '------------------------'

Black's turn to play.
Possible moves :
13x22

Chosen move : 
13x22
,------------------------,    ,------------------------,
|    .     W     W     . |    |     0     1     2     3|
| .     .     .     .    |    |  4     5     6     7   |
|    .     .     .     . |    |     8     9    10    11|
| .     .     .     w    |    | 12    13    14    15   |
|    .     .     .     w |    |    16    17    18    19|
| .     .     b     w    |    | 20    21    22    23   |
|    .     .     .     w |    |    24    25    26    27|
| w     .     .     .    |    | 28    29    30    31   |
'------------------------'    '------------------------'

White's turn to play.
Possible moves :
2-7
1-5
2-6
15-11
15-10
1-6
23-18
28-24

Chosen move : 
23-18
,------------------------,    ,------------------------,
|    .     W     W     . |    |     0     1     2     3|
| .     .     .     .    |    |  4     5     6     7   |
|    .     .     .     . |    |     8     9    10    11|
| .     .     .     w    |    | 12    13    14    15   |
|    .     .     w     w |    |    16    17    18    19|
| .     .     b     .    |    | 20    21    22    23   |
|    .     .     .     w |    |    24    25    26    27|
| w     .     .     .    |    | 28    29    30    31   |
'------------------------'    '------------------------'

Black's turn to play.
Possible moves :
22-26
22-25

Chosen move : 
22-25
,------------------------,    ,------------------------,
|    .     W     W     . |    |     0     1     2     3|
| .     .     .     .    |    |  4     5     6     7   |
|    .     .     .     . |    |     8     9    10    11|
| .     .     .     w    |    | 12    13    14    15   |
|    .     .     w     w |    |    16    17    18    19|
| .     .     .     .    |    | 20    21    22    23   |
|    .     b     .     w |    |    24    25    26    27|
| w     .     .     .    |    | 28    29    30    31   |
'------------------------'    '------------------------'

White's turn to play.
Possible moves :
27-23
15-11
1-5
2-7
2-6
18-14
28-24
1-6
15-10

Chosen move : 
15-11
,------------------------,    ,------------------------,
|    .     W     W     . |    |     0     1     2     3|
| .     .     .     .    |    |  4     5     6     7   |
|    .     .     .     w |    |     8     9    10    11|
| .     .     .     .    |    | 12    13    14    15   |
|    .     .     w     w |    |    16    17    18    19|
| .     .     .     .    |    | 20    21    22    23   |
|    .     b     .     w |    |    24    25    26    27|
| w     .     .     .    |    | 28    29    30    31   |
'------------------------'    '------------------------'

Black's turn to play.
Possible moves :
25-30
25-29

Chosen move : 
25-30
,------------------------,    ,------------------------,
|    .     W     W     . |    |     0     1     2     3|
| .     .     .     .    |    |  4     5     6     7   |
|    .     .     .     w |    |     8     9    10    11|
| .     .     .     .    |    | 12    13    14    15   |
|    .     .     w     w |    |    16    17    18    19|
| .     .     .     .    |    | 20    21    22    23   |
|    .     .     .     w |    |    24    25    26    27|
| w     .     B     .    |    | 28    29    30    31   |
'------------------------'    '------------------------'

White's turn to play.
Possible moves :
1-5
18-15
11-7
1-6
28-24
27-23
2-6
2-7
18-14
19-15

Chosen move : 
18-15
,------------------------,    ,------------------------,
|    .     W     W     . |    |     0     1     2     3|
| .     .     .     .    |    |  4     5     6     7   |
|    .     .     .     w |    |     8     9    10    11|
| .     .     .     w    |    | 12    13    14    15   |
|    .     .     .     w |    |    16    17    18    19|
| .     .     .     .    |    | 20    21    22    23   |
|    .     .     .     w |    |    24    25    26    27|
| w     .     B     .    |    | 28    29    30    31   |
'------------------------'    '------------------------'

Black's turn to play.
Possible moves :
30-26
30-25

Chosen move : 
30-26
,------------------------,    ,------------------------,
|    .     W     W     . |    |     0     1     2     3|
| .     .     .     .    |    |  4     5     6     7   |
|    .     .     .     w |    |     8     9    10    11|
| .     .     .     w    |    | 12    13    14    15   |
|    .     .     .     w |    |    16    17    18    19|
| .     .     .     .    |    | 20    21    22    23   |
|    .     .     B     w |    |    24    25    26    27|
| w     .     .     .    |    | 28    29    30    31   |
'------------------------'    '------------------------'

White's turn to play.
Possible moves :
1-6
27-23
1-5
11-7
2-7
2-6
28-24
15-10

Chosen move : 
27-23
,------------------------,    ,------------------------,
|    .     W     W     . |    |     0     1     2     3|
| .     .     .     .    |    |  4     5     6     7   |
|    .     .     .     w |    |     8     9    10    11|
| .     .     .     w    |    | 12    13    14    15   |
|    .     .     .     w |    |    16    17    18    19|
| .     .     .     w    |    | 20    21    22    23   |
|    .     .     B     . |    |    24    25    26    27|
| w     .     .     .    |    | 28    29    30    31   |
'------------------------'    '------------------------'

Black's turn to play.
Possible moves :
26-31
26-30
26-22

Chosen move : 
26-30
,------------------------,    ,------------------------,
|    .     W     W     . |    |     0     1     2     3|
| .     .     .     .    |    |  4     5     6     7   |
|    .     .     .     w |    |     8     9    10    11|
| .     .     .     w    |    | 12    13    14    15   |
|    .     .     .     w |    |    16    17    18    19|
| .     .     .     w    |    | 20    21    22    23   |
|    .     .     .     . |    |    24    25    26    27|
| w     .     B     .    |    | 28    29    30    31   |
'------------------------'    '------------------------'

White's turn to play.
Possible moves :
28-24
11-7
1-5
1-6
23-18
2-7
15-10
2-6

Chosen move : 
28-24
,------------------------,    ,------------------------,
|    .     W     W     . |    |     0     1     2     3|
| .     .     .     .    |    |  4     5     6     7   |
|    .     .     .     w |    |     8     9    10    11|
| .     .     .     w    |    | 12    13    14    15   |
|    .     .     .     w |    |    16    17    18    19|
| .     .     .     w    |    | 20    21    22    23   |
|    w     .     .     . |    |    24    25    26    27|
| .     .     B     .    |    | 28    29    30    31   |
'------------------------'    '------------------------'

Black's turn to play.
Possible moves :
30-25
30-26

Chosen move : 
30-26
,------------------------,    ,------------------------,
|    .     W     W     . |    |     0     1     2     3|
| .     .     .     .    |    |  4     5     6     7   |
|    .     .     .     w |    |     8     9    10    11|
| .     .     .     w    |    | 12    13    14    15   |
|    .     .     .     w |    |    16    17    18    19|
| .     .     .     w    |    | 20    21    22    23   |
|    w     .     B     . |    |    24    25    26    27|
| .     .     .     .    |    | 28    29    30    31   |
'------------------------'    '------------------------'

White's turn to play.
Possible moves :
23x30

Chosen move : 
23x30
,------------------------,    ,------------------------,
|    .     W     W     . |    |     0     1     2     3|
| .     .     .     .    |    |  4     5     6     7   |
|    .     .     .     w |    |     8     9    10    11|
| .     .     .     w    |    | 12    13    14    15   |
|    .     .     .     w |    |    16    17    18    19|
| .     .     .     .    |    | 20    21    22    23   |
|    w     .     .     . |    |    24    25    26    27|
| .     .     w     .    |    | 28    29    30    31   |
'------------------------'    '------------------------'

Black's turn to play.
End of Game !

#PDN#
[Event "IN104 CS Project"]
[Site "ENSTA ParisTech, Palaiseau, FRA"]
[GameType “21,W,8,8,N2,0”] {Whites begin}
[Date "Tue Mar 22 20:21:08 2016"]
[Round "?"]
[White "Master minmax"]
[WhiteType "Program"]
[Black "Random Guesser"]
[BlackType "Program"]
[Result "1-0"] {White (Master minmax) wins}
[WhiteTime "155.5633409023285"]
[BlackTime "0.01669931411743164"]

1.22-17 11-15 2.23-19 8-13 3.17x8 4x13 4.21-17 13x22 5.25x18x11 10-15 6.11x18 7-10 7.29-25 10-15 8.18x11 6-10 9.26-23 3-7 10.23-18 9-13 11.25-21 0-4 12.31-26 5-9 13.30-25 1-6 14.26-23 4-8 15.21-16 10-14 16.18-15 8-12 17.25-22 12x21 18.24x17x10x1 13-16 19.20x13x6 2x9 20.11x2 9-13 21.22-17 13x22 22.23-18 22-25 23.15-11 25-30 24.18-15 30-26 25.27-23 26-30 26.28-24 30-26 27.23x30  1-0 *
