Beginning of the game
,------------------------,    ,------------------------,
|    b     b     b     b |    |     0     1     2     3|
| b     b     b     b    |    |  4     5     6     7   |
|    b     b     b     b |    |     8     9    10    11|
| .     .     .     .    |    | 12    13    14    15   |
|    .     .     .     . |    |    16    17    18    19|
| w     w     w     w    |    | 20    21    22    23   |
|    w     w     w     w |    |    24    25    26    27|
| w     w     w     w    |    | 28    29    30    31   |
'------------------------'    '------------------------'

White's turn to play.
Possible moves :
21-17
22-18
23-19
20-16
21-16
23-18
22-17

Chosen move : 
21-17
,------------------------,    ,------------------------,
|    b     b     b     b |    |     0     1     2     3|
| b     b     b     b    |    |  4     5     6     7   |
|    b     b     b     b |    |     8     9    10    11|
| .     .     .     .    |    | 12    13    14    15   |
|    .     w     .     . |    |    16    17    18    19|
| w     .     w     w    |    | 20    21    22    23   |
|    w     w     w     w |    |    24    25    26    27|
| w     w     w     w    |    | 28    29    30    31   |
'------------------------'    '------------------------'

Black's turn to play.
Possible moves :
8-13
10-15
9-14
8-12
9-13
11-15
10-14

Chosen move : 
8-13
,------------------------,    ,------------------------,
|    b     b     b     b |    |     0     1     2     3|
| b     b     b     b    |    |  4     5     6     7   |
|    .     b     b     b |    |     8     9    10    11|
| .     b     .     .    |    | 12    13    14    15   |
|    .     w     .     . |    |    16    17    18    19|
| w     .     w     w    |    | 20    21    22    23   |
|    w     w     w     w |    |    24    25    26    27|
| w     w     w     w    |    | 28    29    30    31   |
'------------------------'    '------------------------'

White's turn to play.
Possible moves :
17x8

Chosen move : 
17x8
,------------------------,    ,------------------------,
|    b     b     b     b |    |     0     1     2     3|
| b     b     b     b    |    |  4     5     6     7   |
|    w     b     b     b |    |     8     9    10    11|
| .     .     .     .    |    | 12    13    14    15   |
|    .     .     .     . |    |    16    17    18    19|
| w     .     w     w    |    | 20    21    22    23   |
|    w     w     w     w |    |    24    25    26    27|
| w     w     w     w    |    | 28    29    30    31   |
'------------------------'    '------------------------'

Black's turn to play.
Possible moves :
5x12
4x13

Chosen move : 
5x12
,------------------------,    ,------------------------,
|    b     b     b     b |    |     0     1     2     3|
| b     .     b     b    |    |  4     5     6     7   |
|    .     b     b     b |    |     8     9    10    11|
| b     .     .     .    |    | 12    13    14    15   |
|    .     .     .     . |    |    16    17    18    19|
| w     .     w     w    |    | 20    21    22    23   |
|    w     w     w     w |    |    24    25    26    27|
| w     w     w     w    |    | 28    29    30    31   |
'------------------------'    '------------------------'

White's turn to play.
Possible moves :
25-21
23-18
20-16
22-17
24-21
23-19
22-18

Chosen move : 
25-21
,------------------------,    ,------------------------,
|    b     b     b     b |    |     0     1     2     3|
| b     .     b     b    |    |  4     5     6     7   |
|    .     b     b     b |    |     8     9    10    11|
| b     .     .     .    |    | 12    13    14    15   |
|    .     .     .     . |    |    16    17    18    19|
| w     w     w     w    |    | 20    21    22    23   |
|    w     .     w     w |    |    24    25    26    27|
| w     w     w     w    |    | 28    29    30    31   |
'------------------------'    '------------------------'

Black's turn to play.
Possible moves :
10-15
1-5
9-14
9-13
10-14
4-8
11-15
12-16
0-5

Chosen move : 
9-13
,------------------------,    ,------------------------,
|    b     b     b     b |    |     0     1     2     3|
| b     .     b     b    |    |  4     5     6     7   |
|    .     .     b     b |    |     8     9    10    11|
| b     b     .     .    |    | 12    13    14    15   |
|    .     .     .     . |    |    16    17    18    19|
| w     w     w     w    |    | 20    21    22    23   |
|    w     .     w     w |    |    24    25    26    27|
| w     w     w     w    |    | 28    29    30    31   |
'------------------------'    '------------------------'

White's turn to play.
Possible moves :
21-16
23-18
22-18
21-17
22-17
23-19
30-25
20-16
29-25

Chosen move : 
23-18
,------------------------,    ,------------------------,
|    b     b     b     b |    |     0     1     2     3|
| b     .     b     b    |    |  4     5     6     7   |
|    .     .     b     b |    |     8     9    10    11|
| b     b     .     .    |    | 12    13    14    15   |
|    .     .     w     . |    |    16    17    18    19|
| w     w     w     .    |    | 20    21    22    23   |
|    w     .     w     w |    |    24    25    26    27|
| w     w     w     w    |    | 28    29    30    31   |
'------------------------'    '------------------------'

Black's turn to play.
Possible moves :
4-8
12-16
13-17
1-5
6-9
13-16
10-15
0-5
10-14
11-15

Chosen move : 
11-15
,------------------------,    ,------------------------,
|    b     b     b     b |    |     0     1     2     3|
| b     .     b     b    |    |  4     5     6     7   |
|    .     .     b     . |    |     8     9    10    11|
| b     b     .     b    |    | 12    13    14    15   |
|    .     .     w     . |    |    16    17    18    19|
| w     w     w     .    |    | 20    21    22    23   |
|    w     .     w     w |    |    24    25    26    27|
| w     w     w     w    |    | 28    29    30    31   |
'------------------------'    '------------------------'

White's turn to play.
Possible moves :
18x11

Chosen move : 
18x11
,------------------------,    ,------------------------,
|    b     b     b     b |    |     0     1     2     3|
| b     .     b     b    |    |  4     5     6     7   |
|    .     .     b     w |    |     8     9    10    11|
| b     b     .     .    |    | 12    13    14    15   |
|    .     .     .     . |    |    16    17    18    19|
| w     w     w     .    |    | 20    21    22    23   |
|    w     .     w     w |    |    24    25    26    27|
| w     w     w     w    |    | 28    29    30    31   |
'------------------------'    '------------------------'

Black's turn to play.
Possible moves :
6-9
13-16
13-17
10-15
4-8
0-5
10-14
1-5
12-16

Chosen move : 
0-5
,------------------------,    ,------------------------,
|    .     b     b     b |    |     0     1     2     3|
| b     b     b     b    |    |  4     5     6     7   |
|    .     .     b     w |    |     8     9    10    11|
| b     b     .     .    |    | 12    13    14    15   |
|    .     .     .     . |    |    16    17    18    19|
| w     w     w     .    |    | 20    21    22    23   |
|    w     .     w     w |    |    24    25    26    27|
| w     w     w     w    |    | 28    29    30    31   |
'------------------------'    '------------------------'

White's turn to play.
Possible moves :
27-23
29-25
22-18
30-25
21-16
21-17
26-23
22-17
20-16

Chosen move : 
27-23
,------------------------,    ,------------------------,
|    .     b     b     b |    |     0     1     2     3|
| b     b     b     b    |    |  4     5     6     7   |
|    .     .     b     w |    |     8     9    10    11|
| b     b     .     .    |    | 12    13    14    15   |
|    .     .     .     . |    |    16    17    18    19|
| w     w     w     w    |    | 20    21    22    23   |
|    w     .     w     . |    |    24    25    26    27|
| w     w     w     w    |    | 28    29    30    31   |
'------------------------'    '------------------------'

Black's turn to play.
Possible moves :
5-8
10-15
13-17
6-9
13-16
12-16
10-14
5-9
4-8

Chosen move : 
13-16
,------------------------,    ,------------------------,
|    .     b     b     b |    |     0     1     2     3|
| b     b     b     b    |    |  4     5     6     7   |
|    .     .     b     w |    |     8     9    10    11|
| b     .     .     .    |    | 12    13    14    15   |
|    b     .     .     . |    |    16    17    18    19|
| w     w     w     w    |    | 20    21    22    23   |
|    w     .     w     . |    |    24    25    26    27|
| w     w     w     w    |    | 28    29    30    31   |
'------------------------'    '------------------------'

White's turn to play.
Possible moves :
20x13

Chosen move : 
20x13
,------------------------,    ,------------------------,
|    .     b     b     b |    |     0     1     2     3|
| b     b     b     b    |    |  4     5     6     7   |
|    .     .     b     w |    |     8     9    10    11|
| b     w     .     .    |    | 12    13    14    15   |
|    .     .     .     . |    |    16    17    18    19|
| .     w     w     w    |    | 20    21    22    23   |
|    w     .     w     . |    |    24    25    26    27|
| w     w     w     w    |    | 28    29    30    31   |
'------------------------'    '------------------------'

Black's turn to play.
Possible moves :
10-14
5-9
10-15
4-8
6-9
12-16
5-8

Chosen move : 
5-8
,------------------------,    ,------------------------,
|    .     b     b     b |    |     0     1     2     3|
| b     .     b     b    |    |  4     5     6     7   |
|    b     .     b     w |    |     8     9    10    11|
| b     w     .     .    |    | 12    13    14    15   |
|    .     .     .     . |    |    16    17    18    19|
| .     w     w     w    |    | 20    21    22    23   |
|    w     .     w     . |    |    24    25    26    27|
| w     w     w     w    |    | 28    29    30    31   |
'------------------------'    '------------------------'

White's turn to play.
Possible moves :
21-17
22-18
23-19
21-16
24-20
13-9
29-25
30-25
22-17
23-18
31-27

Chosen move : 
21-17
,------------------------,    ,------------------------,
|    .     b     b     b |    |     0     1     2     3|
| b     .     b     b    |    |  4     5     6     7   |
|    b     .     b     w |    |     8     9    10    11|
| b     w     .     .    |    | 12    13    14    15   |
|    .     w     .     . |    |    16    17    18    19|
| .     .     w     w    |    | 20    21    22    23   |
|    w     .     w     . |    |    24    25    26    27|
| w     w     w     w    |    | 28    29    30    31   |
'------------------------'    '------------------------'

Black's turn to play.
Possible moves :
12-16
6-9
10-15
1-5
10-14

Chosen move : 
10-15
,------------------------,    ,------------------------,
|    .     b     b     b |    |     0     1     2     3|
| b     .     b     b    |    |  4     5     6     7   |
|    b     .     .     w |    |     8     9    10    11|
| b     w     .     b    |    | 12    13    14    15   |
|    .     w     .     . |    |    16    17    18    19|
| .     .     w     w    |    | 20    21    22    23   |
|    w     .     w     . |    |    24    25    26    27|
| w     w     w     w    |    | 28    29    30    31   |
'------------------------'    '------------------------'

White's turn to play.
Possible moves :
11x18

Chosen move : 
11x18
,------------------------,    ,------------------------,
|    .     b     b     b |    |     0     1     2     3|
| b     .     b     b    |    |  4     5     6     7   |
|    b     .     .     . |    |     8     9    10    11|
| b     w     .     .    |    | 12    13    14    15   |
|    .     w     w     . |    |    16    17    18    19|
| .     .     w     w    |    | 20    21    22    23   |
|    w     .     w     . |    |    24    25    26    27|
| w     w     w     w    |    | 28    29    30    31   |
'------------------------'    '------------------------'

Black's turn to play.
Possible moves :
6-9
7-10
1-5
12-16
6-10
7-11

Chosen move : 
7-10
,------------------------,    ,------------------------,
|    .     b     b     b |    |     0     1     2     3|
| b     .     b     .    |    |  4     5     6     7   |
|    b     .     b     . |    |     8     9    10    11|
| b     w     .     .    |    | 12    13    14    15   |
|    .     w     w     . |    |    16    17    18    19|
| .     .     w     w    |    | 20    21    22    23   |
|    w     .     w     . |    |    24    25    26    27|
| w     w     w     w    |    | 28    29    30    31   |
'------------------------'    '------------------------'

White's turn to play.
Possible moves :
30-25
18-15
29-25
24-21
31-27
18-14
24-20
17-14
13-9
23-19

Chosen move : 
30-25
,------------------------,    ,------------------------,
|    .     b     b     b |    |     0     1     2     3|
| b     .     b     .    |    |  4     5     6     7   |
|    b     .     b     . |    |     8     9    10    11|
| b     w     .     .    |    | 12    13    14    15   |
|    .     w     w     . |    |    16    17    18    19|
| .     .     w     w    |    | 20    21    22    23   |
|    w     w     w     . |    |    24    25    26    27|
| w     w     .     w    |    | 28    29    30    31   |
'------------------------'    '------------------------'

Black's turn to play.
Possible moves :
10-15
2-7
10-14
1-5
3-7
12-16
6-9

Chosen move : 
10-14
,------------------------,    ,------------------------,
|    .     b     b     b |    |     0     1     2     3|
| b     .     b     .    |    |  4     5     6     7   |
|    b     .     .     . |    |     8     9    10    11|
| b     w     b     .    |    | 12    13    14    15   |
|    .     w     w     . |    |    16    17    18    19|
| .     .     w     w    |    | 20    21    22    23   |
|    w     w     w     . |    |    24    25    26    27|
| w     w     .     w    |    | 28    29    30    31   |
'------------------------'    '------------------------'

White's turn to play.
Possible moves :
18x9
17x10

Chosen move : 
18x9
,------------------------,    ,------------------------,
|    .     b     b     b |    |     0     1     2     3|
| b     .     b     .    |    |  4     5     6     7   |
|    b     w     .     . |    |     8     9    10    11|
| b     w     .     .    |    | 12    13    14    15   |
|    .     w     .     . |    |    16    17    18    19|
| .     .     w     w    |    | 20    21    22    23   |
|    w     w     w     . |    |    24    25    26    27|
| w     w     .     w    |    | 28    29    30    31   |
'------------------------'    '------------------------'

Black's turn to play.
Possible moves :
1-5
6-10
3-7
2-7
12-16

Chosen move : 
12-16
,------------------------,    ,------------------------,
|    .     b     b     b |    |     0     1     2     3|
| b     .     b     .    |    |  4     5     6     7   |
|    b     w     .     . |    |     8     9    10    11|
| .     w     .     .    |    | 12    13    14    15   |
|    b     w     .     . |    |    16    17    18    19|
| .     .     w     w    |    | 20    21    22    23   |
|    w     w     w     . |    |    24    25    26    27|
| w     w     .     w    |    | 28    29    30    31   |
'------------------------'    '------------------------'

White's turn to play.
Possible moves :
13x20

Chosen move : 
13x20
,------------------------,    ,------------------------,
|    .     b     b     b |    |     0     1     2     3|
| b     .     b     .    |    |  4     5     6     7   |
|    b     w     .     . |    |     8     9    10    11|
| .     .     .     .    |    | 12    13    14    15   |
|    .     w     .     . |    |    16    17    18    19|
| w     .     w     w    |    | 20    21    22    23   |
|    w     w     w     . |    |    24    25    26    27|
| w     w     .     w    |    | 28    29    30    31   |
'------------------------'    '------------------------'

Black's turn to play.
Possible moves :
6x13

Chosen move : 
6x13
,------------------------,    ,------------------------,
|    .     b     b     b |    |     0     1     2     3|
| b     .     .     .    |    |  4     5     6     7   |
|    b     .     .     . |    |     8     9    10    11|
| .     b     .     .    |    | 12    13    14    15   |
|    .     w     .     . |    |    16    17    18    19|
| w     .     w     w    |    | 20    21    22    23   |
|    w     w     w     . |    |    24    25    26    27|
| w     w     .     w    |    | 28    29    30    31   |
'------------------------'    '------------------------'

White's turn to play.
Possible moves :
23-18
31-27
23-19
22-18
24-21
17-14
25-21
20-16

Chosen move : 
23-18
,------------------------,    ,------------------------,
|    .     b     b     b |    |     0     1     2     3|
| b     .     .     .    |    |  4     5     6     7   |
|    b     .     .     . |    |     8     9    10    11|
| .     b     .     .    |    | 12    13    14    15   |
|    .     w     w     . |    |    16    17    18    19|
| w     .     w     .    |    | 20    21    22    23   |
|    w     w     w     . |    |    24    25    26    27|
| w     w     .     w    |    | 28    29    30    31   |
'------------------------'    '------------------------'

Black's turn to play.
Possible moves :
3-7
13-16
8-12
2-6
2-7
1-5
1-6

Chosen move : 
1-5
,------------------------,    ,------------------------,
|    .     .     b     b |    |     0     1     2     3|
| b     b     .     .    |    |  4     5     6     7   |
|    b     .     .     . |    |     8     9    10    11|
| .     b     .     .    |    | 12    13    14    15   |
|    .     w     w     . |    |    16    17    18    19|
| w     .     w     .    |    | 20    21    22    23   |
|    w     w     w     . |    |    24    25    26    27|
| w     w     .     w    |    | 28    29    30    31   |
'------------------------'    '------------------------'

White's turn to play.
Possible moves :
25-21
31-27
20-16
18-15
17-14
24-21
26-23
18-14

Chosen move : 
25-21
,------------------------,    ,------------------------,
|    .     .     b     b |    |     0     1     2     3|
| b     b     .     .    |    |  4     5     6     7   |
|    b     .     .     . |    |     8     9    10    11|
| .     b     .     .    |    | 12    13    14    15   |
|    .     w     w     . |    |    16    17    18    19|
| w     w     w     .    |    | 20    21    22    23   |
|    w     .     w     . |    |    24    25    26    27|
| w     w     .     w    |    | 28    29    30    31   |
'------------------------'    '------------------------'

Black's turn to play.
Possible moves :
13-16
3-7
2-6
2-7
8-12
5-9

Chosen move : 
13-16
,------------------------,    ,------------------------,
|    .     .     b     b |    |     0     1     2     3|
| b     b     .     .    |    |  4     5     6     7   |
|    b     .     .     . |    |     8     9    10    11|
| .     .     .     .    |    | 12    13    14    15   |
|    b     w     w     . |    |    16    17    18    19|
| w     w     w     .    |    | 20    21    22    23   |
|    w     .     w     . |    |    24    25    26    27|
| w     w     .     w    |    | 28    29    30    31   |
'------------------------'    '------------------------'

White's turn to play.
Possible moves :
21x12
20x13

Chosen move : 
21x12
,------------------------,    ,------------------------,
|    .     .     b     b |    |     0     1     2     3|
| b     b     .     .    |    |  4     5     6     7   |
|    b     .     .     . |    |     8     9    10    11|
| w     .     .     .    |    | 12    13    14    15   |
|    .     w     w     . |    |    16    17    18    19|
| w     .     w     .    |    | 20    21    22    23   |
|    w     .     w     . |    |    24    25    26    27|
| w     w     .     w    |    | 28    29    30    31   |
'------------------------'    '------------------------'

Black's turn to play.
Possible moves :
5-9
8-13
2-7
2-6
3-7

Chosen move : 
2-6
,------------------------,    ,------------------------,
|    .     .     .     b |    |     0     1     2     3|
| b     b     b     .    |    |  4     5     6     7   |
|    b     .     .     . |    |     8     9    10    11|
| w     .     .     .    |    | 12    13    14    15   |
|    .     w     w     . |    |    16    17    18    19|
| w     .     w     .    |    | 20    21    22    23   |
|    w     .     w     . |    |    24    25    26    27|
| w     w     .     w    |    | 28    29    30    31   |
'------------------------'    '------------------------'

White's turn to play.
Possible moves :
17-13
31-27
17-14
20-16
24-21
26-23
29-25
18-15
18-14

Chosen move : 
31-27
,------------------------,    ,------------------------,
|    .     .     .     b |    |     0     1     2     3|
| b     b     b     .    |    |  4     5     6     7   |
|    b     .     .     . |    |     8     9    10    11|
| w     .     .     .    |    | 12    13    14    15   |
|    .     w     w     . |    |    16    17    18    19|
| w     .     w     .    |    | 20    21    22    23   |
|    w     .     w     w |    |    24    25    26    27|
| w     w     .     .    |    | 28    29    30    31   |
'------------------------'    '------------------------'

Black's turn to play.
Possible moves :
6-10
8-13
6-9
5-9
3-7

Chosen move : 
6-10
,------------------------,    ,------------------------,
|    .     .     .     b |    |     0     1     2     3|
| b     b     .     .    |    |  4     5     6     7   |
|    b     .     b     . |    |     8     9    10    11|
| w     .     .     .    |    | 12    13    14    15   |
|    .     w     w     . |    |    16    17    18    19|
| w     .     w     .    |    | 20    21    22    23   |
|    w     .     w     w |    |    24    25    26    27|
| w     w     .     .    |    | 28    29    30    31   |
'------------------------'    '------------------------'

White's turn to play.
Possible moves :
27-23
29-25
24-21
17-13
18-14
18-15
20-16
17-14
26-23

Chosen move : 
27-23
,------------------------,    ,------------------------,
|    .     .     .     b |    |     0     1     2     3|
| b     b     .     .    |    |  4     5     6     7   |
|    b     .     b     . |    |     8     9    10    11|
| w     .     .     .    |    | 12    13    14    15   |
|    .     w     w     . |    |    16    17    18    19|
| w     .     w     w    |    | 20    21    22    23   |
|    w     .     w     . |    |    24    25    26    27|
| w     w     .     .    |    | 28    29    30    31   |
'------------------------'    '------------------------'

Black's turn to play.
Possible moves :
10-14
8-13
5-9
3-7
10-15

Chosen move : 
10-14
,------------------------,    ,------------------------,
|    .     .     .     b |    |     0     1     2     3|
| b     b     .     .    |    |  4     5     6     7   |
|    b     .     .     . |    |     8     9    10    11|
| w     .     b     .    |    | 12    13    14    15   |
|    .     w     w     . |    |    16    17    18    19|
| w     .     w     w    |    | 20    21    22    23   |
|    w     .     w     . |    |    24    25    26    27|
| w     w     .     .    |    | 28    29    30    31   |
'------------------------'    '------------------------'

White's turn to play.
Possible moves :
18x9x0

Chosen move : 
18x9x0
,------------------------,    ,------------------------,
|    W     .     .     b |    |     0     1     2     3|
| b     .     .     .    |    |  4     5     6     7   |
|    b     .     .     . |    |     8     9    10    11|
| w     .     .     .    |    | 12    13    14    15   |
|    .     w     .     . |    |    16    17    18    19|
| w     .     w     w    |    | 20    21    22    23   |
|    w     .     w     . |    |    24    25    26    27|
| w     w     .     .    |    | 28    29    30    31   |
'------------------------'    '------------------------'

Black's turn to play.
Possible moves :
3-7
8-13

Chosen move : 
8-13
,------------------------,    ,------------------------,
|    W     .     .     b |    |     0     1     2     3|
| b     .     .     .    |    |  4     5     6     7   |
|    .     .     .     . |    |     8     9    10    11|
| w     b     .     .    |    | 12    13    14    15   |
|    .     w     .     . |    |    16    17    18    19|
| w     .     w     w    |    | 20    21    22    23   |
|    w     .     w     . |    |    24    25    26    27|
| w     w     .     .    |    | 28    29    30    31   |
'------------------------'    '------------------------'

White's turn to play.
Possible moves :
17x8

Chosen move : 
17x8
,------------------------,    ,------------------------,
|    W     .     .     b |    |     0     1     2     3|
| b     .     .     .    |    |  4     5     6     7   |
|    w     .     .     . |    |     8     9    10    11|
| w     .     .     .    |    | 12    13    14    15   |
|    .     .     .     . |    |    16    17    18    19|
| w     .     w     w    |    | 20    21    22    23   |
|    w     .     w     . |    |    24    25    26    27|
| w     w     .     .    |    | 28    29    30    31   |
'------------------------'    '------------------------'

Black's turn to play.
Possible moves :
4x13

Chosen move : 
4x13
,------------------------,    ,------------------------,
|    W     .     .     b |    |     0     1     2     3|
| .     .     .     .    |    |  4     5     6     7   |
|    .     .     .     . |    |     8     9    10    11|
| w     b     .     .    |    | 12    13    14    15   |
|    .     .     .     . |    |    16    17    18    19|
| w     .     w     w    |    | 20    21    22    23   |
|    w     .     w     . |    |    24    25    26    27|
| w     w     .     .    |    | 28    29    30    31   |
'------------------------'    '------------------------'

White's turn to play.
Possible moves :
20-16
22-17
23-18
0-4
0-5
24-21
12-8
23-19
29-25
22-18

Chosen move : 
23-18
,------------------------,    ,------------------------,
|    W     .     .     b |    |     0     1     2     3|
| .     .     .     .    |    |  4     5     6     7   |
|    .     .     .     . |    |     8     9    10    11|
| w     b     .     .    |    | 12    13    14    15   |
|    .     .     w     . |    |    16    17    18    19|
| w     .     w     .    |    | 20    21    22    23   |
|    w     .     w     . |    |    24    25    26    27|
| w     w     .     .    |    | 28    29    30    31   |
'------------------------'    '------------------------'

Black's turn to play.
Possible moves :
13-17
13-16
3-7

Chosen move : 
13-17
,------------------------,    ,------------------------,
|    W     .     .     b |    |     0     1     2     3|
| .     .     .     .    |    |  4     5     6     7   |
|    .     .     .     . |    |     8     9    10    11|
| w     .     .     .    |    | 12    13    14    15   |
|    .     b     w     . |    |    16    17    18    19|
| w     .     w     .    |    | 20    21    22    23   |
|    w     .     w     . |    |    24    25    26    27|
| w     w     .     .    |    | 28    29    30    31   |
'------------------------'    '------------------------'

White's turn to play.
Possible moves :
22x13

Chosen move : 
22x13
,------------------------,    ,------------------------,
|    W     .     .     b |    |     0     1     2     3|
| .     .     .     .    |    |  4     5     6     7   |
|    .     .     .     . |    |     8     9    10    11|
| w     w     .     .    |    | 12    13    14    15   |
|    .     .     w     . |    |    16    17    18    19|
| w     .     .     .    |    | 20    21    22    23   |
|    w     .     w     . |    |    24    25    26    27|
| w     w     .     .    |    | 28    29    30    31   |
'------------------------'    '------------------------'

Black's turn to play.
Possible moves :
3-7

Chosen move : 
3-7
,------------------------,    ,------------------------,
|    W     .     .     . |    |     0     1     2     3|
| .     .     .     b    |    |  4     5     6     7   |
|    .     .     .     . |    |     8     9    10    11|
| w     w     .     .    |    | 12    13    14    15   |
|    .     .     w     . |    |    16    17    18    19|
| w     .     .     .    |    | 20    21    22    23   |
|    w     .     w     . |    |    24    25    26    27|
| w     w     .     .    |    | 28    29    30    31   |
'------------------------'    '------------------------'

White's turn to play.
Possible moves :
0-4
29-25
13-9
20-16
13-8
18-14
26-23
18-15
26-22
0-5
12-8
24-21

Chosen move : 
0-4
,------------------------,    ,------------------------,
|    .     .     .     . |    |     0     1     2     3|
| W     .     .     b    |    |  4     5     6     7   |
|    .     .     .     . |    |     8     9    10    11|
| w     w     .     .    |    | 12    13    14    15   |
|    .     .     w     . |    |    16    17    18    19|
| w     .     .     .    |    | 20    21    22    23   |
|    w     .     w     . |    |    24    25    26    27|
| w     w     .     .    |    | 28    29    30    31   |
'------------------------'    '------------------------'

Black's turn to play.
Possible moves :
7-10
7-11

Chosen move : 
7-10
,------------------------,    ,------------------------,
|    .     .     .     . |    |     0     1     2     3|
| W     .     .     .    |    |  4     5     6     7   |
|    .     .     b     . |    |     8     9    10    11|
| w     w     .     .    |    | 12    13    14    15   |
|    .     .     w     . |    |    16    17    18    19|
| w     .     .     .    |    | 20    21    22    23   |
|    w     .     w     . |    |    24    25    26    27|
| w     w     .     .    |    | 28    29    30    31   |
'------------------------'    '------------------------'

White's turn to play.
Possible moves :
12-8
13-8
20-16
26-23
13-9
18-15
4-0
24-21
4-8
26-22
29-25
18-14

Chosen move : 
12-8
,------------------------,    ,------------------------,
|    .     .     .     . |    |     0     1     2     3|
| W     .     .     .    |    |  4     5     6     7   |
|    w     .     b     . |    |     8     9    10    11|
| .     w     .     .    |    | 12    13    14    15   |
|    .     .     w     . |    |    16    17    18    19|
| w     .     .     .    |    | 20    21    22    23   |
|    w     .     w     . |    |    24    25    26    27|
| w     w     .     .    |    | 28    29    30    31   |
'------------------------'    '------------------------'

Black's turn to play.
Possible moves :
10-14
10-15

Chosen move : 
10-14
,------------------------,    ,------------------------,
|    .     .     .     . |    |     0     1     2     3|
| W     .     .     .    |    |  4     5     6     7   |
|    w     .     .     . |    |     8     9    10    11|
| .     w     b     .    |    | 12    13    14    15   |
|    .     .     w     . |    |    16    17    18    19|
| w     .     .     .    |    | 20    21    22    23   |
|    w     .     w     . |    |    24    25    26    27|
| w     w     .     .    |    | 28    29    30    31   |
'------------------------'    '------------------------'

White's turn to play.
Possible moves :
18x9

Chosen move : 
18x9
,------------------------,    ,------------------------,
|    .     .     .     . |    |     0     1     2     3|
| W     .     .     .    |    |  4     5     6     7   |
|    w     w     .     . |    |     8     9    10    11|
| .     w     .     .    |    | 12    13    14    15   |
|    .     .     .     . |    |    16    17    18    19|
| w     .     .     .    |    | 20    21    22    23   |
|    w     .     w     . |    |    24    25    26    27|
| w     w     .     .    |    | 28    29    30    31   |
'------------------------'    '------------------------'

Black's turn to play.
End of Game !

#PDN#
[Event "IN104 CS Project"]
[Site "ENSTA ParisTech, Palaiseau, FRA"]
[GameType “21,W,8,8,N2,0”] {Whites begin}
[Date "Tue Mar 22 20:17:26 2016"]
[Round "?"]
[White "Master minmax"]
[WhiteType "Program"]
[Black "Random Guesser"]
[BlackType "Program"]
[Result "1-0"] {White (Master minmax) wins}
[WhiteTime "0.7776124477386475"]
[BlackTime "0.011453628540039062"]

1.21-17 8-13 2.17x8 5x12 3.25-21 9-13 4.23-18 11-15 5.18x11 0-5 6.27-23 13-16 7.20x13 5-8 8.21-17 10-15 9.11x18 7-10 10.30-25 10-14 11.18x9 12-16 12.13x20 6x13 13.23-18 1-5 14.25-21 13-16 15.21x12 2-6 16.31-27 6-10 17.27-23 10-14 18.18x9x0 8-13 19.17x8 4x13 20.23-18 13-17 21.22x13 3-7 22.0-4 7-10 23.12-8 10-14 24.18x9  1-0 *
