Beginning of the game
,------------------------,    ,------------------------,
|    b     b     b     b |    |     0     1     2     3|
| b     b     b     b    |    |  4     5     6     7   |
|    b     b     b     b |    |     8     9    10    11|
| .     .     .     .    |    | 12    13    14    15   |
|    .     .     .     . |    |    16    17    18    19|
| w     w     w     w    |    | 20    21    22    23   |
|    w     w     w     w |    |    24    25    26    27|
| w     w     w     w    |    | 28    29    30    31   |
'------------------------'    '------------------------'

White's turn to play.
Possible moves :
21-16
21-17
20-16
22-18
23-19
22-17
23-18

Chosen move : 
21-16
,------------------------,    ,------------------------,
|    b     b     b     b |    |     0     1     2     3|
| b     b     b     b    |    |  4     5     6     7   |
|    b     b     b     b |    |     8     9    10    11|
| .     .     .     .    |    | 12    13    14    15   |
|    w     .     .     . |    |    16    17    18    19|
| w     .     w     w    |    | 20    21    22    23   |
|    w     w     w     w |    |    24    25    26    27|
| w     w     w     w    |    | 28    29    30    31   |
'------------------------'    '------------------------'

Black's turn to play.
Possible moves :
10-14
10-15
11-15
8-13
9-14
8-12
9-13

Chosen move : 
9-13
,------------------------,    ,------------------------,
|    b     b     b     b |    |     0     1     2     3|
| b     b     b     b    |    |  4     5     6     7   |
|    b     .     b     b |    |     8     9    10    11|
| .     b     .     .    |    | 12    13    14    15   |
|    w     .     .     . |    |    16    17    18    19|
| w     .     w     w    |    | 20    21    22    23   |
|    w     w     w     w |    |    24    25    26    27|
| w     w     w     w    |    | 28    29    30    31   |
'------------------------'    '------------------------'

White's turn to play.
Possible moves :
16x9

Chosen move : 
16x9
,------------------------,    ,------------------------,
|    b     b     b     b |    |     0     1     2     3|
| b     b     b     b    |    |  4     5     6     7   |
|    b     w     b     b |    |     8     9    10    11|
| .     .     .     .    |    | 12    13    14    15   |
|    .     .     .     . |    |    16    17    18    19|
| w     .     w     w    |    | 20    21    22    23   |
|    w     w     w     w |    |    24    25    26    27|
| w     w     w     w    |    | 28    29    30    31   |
'------------------------'    '------------------------'

Black's turn to play.
Possible moves :
5x14
6x13

Chosen move : 
5x14
,------------------------,    ,------------------------,
|    b     b     b     b |    |     0     1     2     3|
| b     .     b     b    |    |  4     5     6     7   |
|    b     .     b     b |    |     8     9    10    11|
| .     .     b     .    |    | 12    13    14    15   |
|    .     .     .     . |    |    16    17    18    19|
| w     .     w     w    |    | 20    21    22    23   |
|    w     w     w     w |    |    24    25    26    27|
| w     w     w     w    |    | 28    29    30    31   |
'------------------------'    '------------------------'

White's turn to play.
Possible moves :
25-21
22-17
23-18
23-19
20-16
24-21
22-18

Chosen move : 
25-21
,------------------------,    ,------------------------,
|    b     b     b     b |    |     0     1     2     3|
| b     .     b     b    |    |  4     5     6     7   |
|    b     .     b     b |    |     8     9    10    11|
| .     .     b     .    |    | 12    13    14    15   |
|    .     .     .     . |    |    16    17    18    19|
| w     w     w     w    |    | 20    21    22    23   |
|    w     .     w     w |    |    24    25    26    27|
| w     w     w     w    |    | 28    29    30    31   |
'------------------------'    '------------------------'

Black's turn to play.
Possible moves :
10-15
11-15
14-17
0-5
8-13
14-18
8-12
6-9
1-5

Chosen move : 
6-9
,------------------------,    ,------------------------,
|    b     b     b     b |    |     0     1     2     3|
| b     .     .     b    |    |  4     5     6     7   |
|    b     b     b     b |    |     8     9    10    11|
| .     .     b     .    |    | 12    13    14    15   |
|    .     .     .     . |    |    16    17    18    19|
| w     w     w     w    |    | 20    21    22    23   |
|    w     .     w     w |    |    24    25    26    27|
| w     w     w     w    |    | 28    29    30    31   |
'------------------------'    '------------------------'

White's turn to play.
Possible moves :
21-16
30-25
22-18
21-17
20-16
23-18
23-19
29-25
22-17

Chosen move : 
21-16
,------------------------,    ,------------------------,
|    b     b     b     b |    |     0     1     2     3|
| b     .     .     b    |    |  4     5     6     7   |
|    b     b     b     b |    |     8     9    10    11|
| .     .     b     .    |    | 12    13    14    15   |
|    w     .     .     . |    |    16    17    18    19|
| w     .     w     w    |    | 20    21    22    23   |
|    w     .     w     w |    |    24    25    26    27|
| w     w     w     w    |    | 28    29    30    31   |
'------------------------'    '------------------------'

Black's turn to play.
Possible moves :
14-17
0-5
8-13
2-6
14-18
11-15
10-15
1-5
1-6
9-13
8-12

Chosen move : 
11-15
,------------------------,    ,------------------------,
|    b     b     b     b |    |     0     1     2     3|
| b     .     .     b    |    |  4     5     6     7   |
|    b     b     b     . |    |     8     9    10    11|
| .     .     b     b    |    | 12    13    14    15   |
|    w     .     .     . |    |    16    17    18    19|
| w     .     w     w    |    | 20    21    22    23   |
|    w     .     w     w |    |    24    25    26    27|
| w     w     w     w    |    | 28    29    30    31   |
'------------------------'    '------------------------'

White's turn to play.
Possible moves :
29-25
23-18
22-17
23-19
30-25
24-21
16-12
16-13
22-18

Chosen move : 
23-18
,------------------------,    ,------------------------,
|    b     b     b     b |    |     0     1     2     3|
| b     .     .     b    |    |  4     5     6     7   |
|    b     b     b     . |    |     8     9    10    11|
| .     .     b     b    |    | 12    13    14    15   |
|    w     .     w     . |    |    16    17    18    19|
| w     .     w     .    |    | 20    21    22    23   |
|    w     .     w     w |    |    24    25    26    27|
| w     w     w     w    |    | 28    29    30    31   |
'------------------------'    '------------------------'

Black's turn to play.
Possible moves :
14x23

Chosen move : 
14x23
,------------------------,    ,------------------------,
|    b     b     b     b |    |     0     1     2     3|
| b     .     .     b    |    |  4     5     6     7   |
|    b     b     b     . |    |     8     9    10    11|
| .     .     .     b    |    | 12    13    14    15   |
|    w     .     .     . |    |    16    17    18    19|
| w     .     w     b    |    | 20    21    22    23   |
|    w     .     w     w |    |    24    25    26    27|
| w     w     w     w    |    | 28    29    30    31   |
'------------------------'    '------------------------'

White's turn to play.
Possible moves :
27x18x11

Chosen move : 
27x18x11
,------------------------,    ,------------------------,
|    b     b     b     b |    |     0     1     2     3|
| b     .     .     b    |    |  4     5     6     7   |
|    b     b     b     w |    |     8     9    10    11|
| .     .     .     .    |    | 12    13    14    15   |
|    w     .     .     . |    |    16    17    18    19|
| w     .     w     .    |    | 20    21    22    23   |
|    w     .     w     . |    |    24    25    26    27|
| w     w     w     w    |    | 28    29    30    31   |
'------------------------'    '------------------------'

Black's turn to play.
Possible moves :
8-12
2-6
9-13
10-15
10-14
1-5
9-14
8-13
1-6
0-5

Chosen move : 
10-14
,------------------------,    ,------------------------,
|    b     b     b     b |    |     0     1     2     3|
| b     .     .     b    |    |  4     5     6     7   |
|    b     b     .     w |    |     8     9    10    11|
| .     .     b     .    |    | 12    13    14    15   |
|    w     .     .     . |    |    16    17    18    19|
| w     .     w     .    |    | 20    21    22    23   |
|    w     .     w     . |    |    24    25    26    27|
| w     w     w     w    |    | 28    29    30    31   |
'------------------------'    '------------------------'

White's turn to play.
Possible moves :
30-25
31-27
22-17
16-13
22-18
26-23
16-12
24-21
29-25

Chosen move : 
30-25
,------------------------,    ,------------------------,
|    b     b     b     b |    |     0     1     2     3|
| b     .     .     b    |    |  4     5     6     7   |
|    b     b     .     w |    |     8     9    10    11|
| .     .     b     .    |    | 12    13    14    15   |
|    w     .     .     . |    |    16    17    18    19|
| w     .     w     .    |    | 20    21    22    23   |
|    w     w     w     . |    |    24    25    26    27|
| w     w     .     w    |    | 28    29    30    31   |
'------------------------'    '------------------------'

Black's turn to play.
Possible moves :
1-5
8-13
14-18
7-10
2-6
0-5
14-17
8-12
9-13
1-6

Chosen move : 
8-12
,------------------------,    ,------------------------,
|    b     b     b     b |    |     0     1     2     3|
| b     .     .     b    |    |  4     5     6     7   |
|    .     b     .     w |    |     8     9    10    11|
| b     .     b     .    |    | 12    13    14    15   |
|    w     .     .     . |    |    16    17    18    19|
| w     .     w     .    |    | 20    21    22    23   |
|    w     w     w     . |    |    24    25    26    27|
| w     w     .     w    |    | 28    29    30    31   |
'------------------------'    '------------------------'

White's turn to play.
Possible moves :
16-13
22-17
22-18
24-21
25-21
31-27
26-23

Chosen move : 
16-13
,------------------------,    ,------------------------,
|    b     b     b     b |    |     0     1     2     3|
| b     .     .     b    |    |  4     5     6     7   |
|    .     b     .     w |    |     8     9    10    11|
| b     w     b     .    |    | 12    13    14    15   |
|    .     .     .     . |    |    16    17    18    19|
| w     .     w     .    |    | 20    21    22    23   |
|    w     w     w     . |    |    24    25    26    27|
| w     w     .     w    |    | 28    29    30    31   |
'------------------------'    '------------------------'

Black's turn to play.
Possible moves :
9x16

Chosen move : 
9x16
,------------------------,    ,------------------------,
|    b     b     b     b |    |     0     1     2     3|
| b     .     .     b    |    |  4     5     6     7   |
|    .     .     .     w |    |     8     9    10    11|
| b     .     b     .    |    | 12    13    14    15   |
|    b     .     .     . |    |    16    17    18    19|
| w     .     w     .    |    | 20    21    22    23   |
|    w     w     w     . |    |    24    25    26    27|
| w     w     .     w    |    | 28    29    30    31   |
'------------------------'    '------------------------'

White's turn to play.
Possible moves :
20x13

Chosen move : 
20x13
,------------------------,    ,------------------------,
|    b     b     b     b |    |     0     1     2     3|
| b     .     .     b    |    |  4     5     6     7   |
|    .     .     .     w |    |     8     9    10    11|
| b     w     b     .    |    | 12    13    14    15   |
|    .     .     .     . |    |    16    17    18    19|
| .     .     w     .    |    | 20    21    22    23   |
|    w     w     w     . |    |    24    25    26    27|
| w     w     .     w    |    | 28    29    30    31   |
'------------------------'    '------------------------'

Black's turn to play.
Possible moves :
1-6
1-5
12-16
14-18
0-5
7-10
2-6
4-8
14-17

Chosen move : 
1-6
,------------------------,    ,------------------------,
|    b     .     b     b |    |     0     1     2     3|
| b     .     b     b    |    |  4     5     6     7   |
|    .     .     .     w |    |     8     9    10    11|
| b     w     b     .    |    | 12    13    14    15   |
|    .     .     .     . |    |    16    17    18    19|
| .     .     w     .    |    | 20    21    22    23   |
|    w     w     w     . |    |    24    25    26    27|
| w     w     .     w    |    | 28    29    30    31   |
'------------------------'    '------------------------'

White's turn to play.
Possible moves :
13-8
24-20
24-21
22-17
25-21
26-23
31-27
13-9
22-18

Chosen move : 
24-20
,------------------------,    ,------------------------,
|    b     .     b     b |    |     0     1     2     3|
| b     .     b     b    |    |  4     5     6     7   |
|    .     .     .     w |    |     8     9    10    11|
| b     w     b     .    |    | 12    13    14    15   |
|    .     .     .     . |    |    16    17    18    19|
| w     .     w     .    |    | 20    21    22    23   |
|    .     w     w     . |    |    24    25    26    27|
| w     w     .     w    |    | 28    29    30    31   |
'------------------------'    '------------------------'

Black's turn to play.
Possible moves :
0-5
7-10
14-17
4-8
14-18
6-10
6-9
12-16

Chosen move : 
7-10
,------------------------,    ,------------------------,
|    b     .     b     b |    |     0     1     2     3|
| b     .     b     .    |    |  4     5     6     7   |
|    .     .     b     w |    |     8     9    10    11|
| b     w     b     .    |    | 12    13    14    15   |
|    .     .     .     . |    |    16    17    18    19|
| w     .     w     .    |    | 20    21    22    23   |
|    .     w     w     . |    |    24    25    26    27|
| w     w     .     w    |    | 28    29    30    31   |
'------------------------'    '------------------------'

White's turn to play.
Possible moves :
22-17
29-24
22-18
26-23
28-24
25-21
20-16
13-9
31-27
11-7
13-8

Chosen move : 
29-24
,------------------------,    ,------------------------,
|    b     .     b     b |    |     0     1     2     3|
| b     .     b     .    |    |  4     5     6     7   |
|    .     .     b     w |    |     8     9    10    11|
| b     w     b     .    |    | 12    13    14    15   |
|    .     .     .     . |    |    16    17    18    19|
| w     .     w     .    |    | 20    21    22    23   |
|    w     w     w     . |    |    24    25    26    27|
| w     .     .     w    |    | 28    29    30    31   |
'------------------------'    '------------------------'

Black's turn to play.
Possible moves :
0-5
2-7
6-9
3-7
14-17
10-15
12-16
4-8
14-18

Chosen move : 
14-18
,------------------------,    ,------------------------,
|    b     .     b     b |    |     0     1     2     3|
| b     .     b     .    |    |  4     5     6     7   |
|    .     .     b     w |    |     8     9    10    11|
| b     w     .     .    |    | 12    13    14    15   |
|    .     .     b     . |    |    16    17    18    19|
| w     .     w     .    |    | 20    21    22    23   |
|    w     w     w     . |    |    24    25    26    27|
| w     .     .     w    |    | 28    29    30    31   |
'------------------------'    '------------------------'

White's turn to play.
Possible moves :
22x15

Chosen move : 
22x15
,------------------------,    ,------------------------,
|    b     .     b     b |    |     0     1     2     3|
| b     .     b     .    |    |  4     5     6     7   |
|    .     .     b     w |    |     8     9    10    11|
| b     w     .     w    |    | 12    13    14    15   |
|    .     .     .     . |    |    16    17    18    19|
| w     .     .     .    |    | 20    21    22    23   |
|    w     w     w     . |    |    24    25    26    27|
| w     .     .     w    |    | 28    29    30    31   |
'------------------------'    '------------------------'

Black's turn to play.
Possible moves :
10x19

Chosen move : 
10x19
,------------------------,    ,------------------------,
|    b     .     b     b |    |     0     1     2     3|
| b     .     b     .    |    |  4     5     6     7   |
|    .     .     .     w |    |     8     9    10    11|
| b     w     .     .    |    | 12    13    14    15   |
|    .     .     .     b |    |    16    17    18    19|
| w     .     .     .    |    | 20    21    22    23   |
|    w     w     w     . |    |    24    25    26    27|
| w     .     .     w    |    | 28    29    30    31   |
'------------------------'    '------------------------'

White's turn to play.
Possible moves :
25-22
20-16
26-22
11-7
24-21
13-9
26-23
13-8
31-27
25-21

Chosen move : 
25-22
,------------------------,    ,------------------------,
|    b     .     b     b |    |     0     1     2     3|
| b     .     b     .    |    |  4     5     6     7   |
|    .     .     .     w |    |     8     9    10    11|
| b     w     .     .    |    | 12    13    14    15   |
|    .     .     .     b |    |    16    17    18    19|
| w     .     w     .    |    | 20    21    22    23   |
|    w     .     w     . |    |    24    25    26    27|
| w     .     .     w    |    | 28    29    30    31   |
'------------------------'    '------------------------'

Black's turn to play.
Possible moves :
4-8
2-7
12-16
6-9
6-10
19-23
0-5
3-7

Chosen move : 
19-23
,------------------------,    ,------------------------,
|    b     .     b     b |    |     0     1     2     3|
| b     .     b     .    |    |  4     5     6     7   |
|    .     .     .     w |    |     8     9    10    11|
| b     w     .     .    |    | 12    13    14    15   |
|    .     .     .     . |    |    16    17    18    19|
| w     .     w     b    |    | 20    21    22    23   |
|    w     .     w     . |    |    24    25    26    27|
| w     .     .     w    |    | 28    29    30    31   |
'------------------------'    '------------------------'

White's turn to play.
Possible moves :
26x19

Chosen move : 
26x19
,------------------------,    ,------------------------,
|    b     .     b     b |    |     0     1     2     3|
| b     .     b     .    |    |  4     5     6     7   |
|    .     .     .     w |    |     8     9    10    11|
| b     w     .     .    |    | 12    13    14    15   |
|    .     .     .     w |    |    16    17    18    19|
| w     .     w     .    |    | 20    21    22    23   |
|    w     .     .     . |    |    24    25    26    27|
| w     .     .     w    |    | 28    29    30    31   |
'------------------------'    '------------------------'

Black's turn to play.
Possible moves :
3-7
4-8
0-5
2-7
6-10
12-16
6-9

Chosen move : 
12-16
,------------------------,    ,------------------------,
|    b     .     b     b |    |     0     1     2     3|
| b     .     b     .    |    |  4     5     6     7   |
|    .     .     .     w |    |     8     9    10    11|
| .     w     .     .    |    | 12    13    14    15   |
|    b     .     .     w |    |    16    17    18    19|
| w     .     w     .    |    | 20    21    22    23   |
|    w     .     .     . |    |    24    25    26    27|
| w     .     .     w    |    | 28    29    30    31   |
'------------------------'    '------------------------'

White's turn to play.
Possible moves :
13-9
22-18
24-21
31-27
22-17
13-8
19-15
31-26
11-7

Chosen move : 
13-9
,------------------------,    ,------------------------,
|    b     .     b     b |    |     0     1     2     3|
| b     .     b     .    |    |  4     5     6     7   |
|    .     w     .     w |    |     8     9    10    11|
| .     .     .     .    |    | 12    13    14    15   |
|    b     .     .     w |    |    16    17    18    19|
| w     .     w     .    |    | 20    21    22    23   |
|    w     .     .     . |    |    24    25    26    27|
| w     .     .     w    |    | 28    29    30    31   |
'------------------------'    '------------------------'

Black's turn to play.
Possible moves :
6x13

Chosen move : 
6x13
,------------------------,    ,------------------------,
|    b     .     b     b |    |     0     1     2     3|
| b     .     .     .    |    |  4     5     6     7   |
|    .     .     .     w |    |     8     9    10    11|
| .     b     .     .    |    | 12    13    14    15   |
|    b     .     .     w |    |    16    17    18    19|
| w     .     w     .    |    | 20    21    22    23   |
|    w     .     .     . |    |    24    25    26    27|
| w     .     .     w    |    | 28    29    30    31   |
'------------------------'    '------------------------'

White's turn to play.
Possible moves :
31-27
19-15
11-7
22-17
31-26
24-21
22-18

Chosen move : 
31-27
,------------------------,    ,------------------------,
|    b     .     b     b |    |     0     1     2     3|
| b     .     .     .    |    |  4     5     6     7   |
|    .     .     .     w |    |     8     9    10    11|
| .     b     .     .    |    | 12    13    14    15   |
|    b     .     .     w |    |    16    17    18    19|
| w     .     w     .    |    | 20    21    22    23   |
|    w     .     .     w |    |    24    25    26    27|
| w     .     .     .    |    | 28    29    30    31   |
'------------------------'    '------------------------'

Black's turn to play.
Possible moves :
16-21
13-17
2-7
3-7
0-5
4-8
2-6

Chosen move : 
3-7
,------------------------,    ,------------------------,
|    b     .     b     . |    |     0     1     2     3|
| b     .     .     b    |    |  4     5     6     7   |
|    .     .     .     w |    |     8     9    10    11|
| .     b     .     .    |    | 12    13    14    15   |
|    b     .     .     w |    |    16    17    18    19|
| w     .     w     .    |    | 20    21    22    23   |
|    w     .     .     w |    |    24    25    26    27|
| w     .     .     .    |    | 28    29    30    31   |
'------------------------'    '------------------------'

White's turn to play.
Possible moves :
19-15
22-17
24-21
22-18
27-23

Chosen move : 
19-15
,------------------------,    ,------------------------,
|    b     .     b     . |    |     0     1     2     3|
| b     .     .     b    |    |  4     5     6     7   |
|    .     .     .     w |    |     8     9    10    11|
| .     b     .     w    |    | 12    13    14    15   |
|    b     .     .     . |    |    16    17    18    19|
| w     .     w     .    |    | 20    21    22    23   |
|    w     .     .     w |    |    24    25    26    27|
| w     .     .     .    |    | 28    29    30    31   |
'------------------------'    '------------------------'

Black's turn to play.
Possible moves :
13-17
4-8
2-6
0-5
16-21
7-10

Chosen move : 
0-5
,------------------------,    ,------------------------,
|    .     .     b     . |    |     0     1     2     3|
| b     b     .     b    |    |  4     5     6     7   |
|    .     .     .     w |    |     8     9    10    11|
| .     b     .     w    |    | 12    13    14    15   |
|    b     .     .     . |    |    16    17    18    19|
| w     .     w     .    |    | 20    21    22    23   |
|    w     .     .     w |    |    24    25    26    27|
| w     .     .     .    |    | 28    29    30    31   |
'------------------------'    '------------------------'

White's turn to play.
Possible moves :
15-10
22-17
22-18
27-23
24-21

Chosen move : 
22-17
,------------------------,    ,------------------------,
|    .     .     b     . |    |     0     1     2     3|
| b     b     .     b    |    |  4     5     6     7   |
|    .     .     .     w |    |     8     9    10    11|
| .     b     .     w    |    | 12    13    14    15   |
|    b     w     .     . |    |    16    17    18    19|
| w     .     .     .    |    | 20    21    22    23   |
|    w     .     .     w |    |    24    25    26    27|
| w     .     .     .    |    | 28    29    30    31   |
'------------------------'    '------------------------'

Black's turn to play.
Possible moves :
13x22

Chosen move : 
13x22
,------------------------,    ,------------------------,
|    .     .     b     . |    |     0     1     2     3|
| b     b     .     b    |    |  4     5     6     7   |
|    .     .     .     w |    |     8     9    10    11|
| .     .     .     w    |    | 12    13    14    15   |
|    b     .     .     . |    |    16    17    18    19|
| w     .     b     .    |    | 20    21    22    23   |
|    w     .     .     w |    |    24    25    26    27|
| w     .     .     .    |    | 28    29    30    31   |
'------------------------'    '------------------------'

White's turn to play.
Possible moves :
20x13

Chosen move : 
20x13
,------------------------,    ,------------------------,
|    .     .     b     . |    |     0     1     2     3|
| b     b     .     b    |    |  4     5     6     7   |
|    .     .     .     w |    |     8     9    10    11|
| .     w     .     w    |    | 12    13    14    15   |
|    .     .     .     . |    |    16    17    18    19|
| .     .     b     .    |    | 20    21    22    23   |
|    w     .     .     w |    |    24    25    26    27|
| w     .     .     .    |    | 28    29    30    31   |
'------------------------'    '------------------------'

Black's turn to play.
Possible moves :
5-9
5-8
22-26
22-25
7-10
2-6
4-8

Chosen move : 
22-26
,------------------------,    ,------------------------,
|    .     .     b     . |    |     0     1     2     3|
| b     b     .     b    |    |  4     5     6     7   |
|    .     .     .     w |    |     8     9    10    11|
| .     w     .     w    |    | 12    13    14    15   |
|    .     .     .     . |    |    16    17    18    19|
| .     .     .     .    |    | 20    21    22    23   |
|    w     .     b     w |    |    24    25    26    27|
| w     .     .     .    |    | 28    29    30    31   |
'------------------------'    '------------------------'

White's turn to play.
Possible moves :
27-23
15-10
24-20
13-8
24-21
13-9

Chosen move : 
24-20
,------------------------,    ,------------------------,
|    .     .     b     . |    |     0     1     2     3|
| b     b     .     b    |    |  4     5     6     7   |
|    .     .     .     w |    |     8     9    10    11|
| .     w     .     w    |    | 12    13    14    15   |
|    .     .     .     . |    |    16    17    18    19|
| w     .     .     .    |    | 20    21    22    23   |
|    .     .     b     w |    |    24    25    26    27|
| w     .     .     .    |    | 28    29    30    31   |
'------------------------'    '------------------------'

Black's turn to play.
Possible moves :
26-31
5-9
7-10
4-8
2-6
5-8
26-30

Chosen move : 
26-30
,------------------------,    ,------------------------,
|    .     .     b     . |    |     0     1     2     3|
| b     b     .     b    |    |  4     5     6     7   |
|    .     .     .     w |    |     8     9    10    11|
| .     w     .     w    |    | 12    13    14    15   |
|    .     .     .     . |    |    16    17    18    19|
| w     .     .     .    |    | 20    21    22    23   |
|    .     .     .     w |    |    24    25    26    27|
| w     .     B     .    |    | 28    29    30    31   |
'------------------------'    '------------------------'

White's turn to play.
Possible moves :
13-9
27-23
15-10
20-16
28-24
13-8

Chosen move : 
27-23
,------------------------,    ,------------------------,
|    .     .     b     . |    |     0     1     2     3|
| b     b     .     b    |    |  4     5     6     7   |
|    .     .     .     w |    |     8     9    10    11|
| .     w     .     w    |    | 12    13    14    15   |
|    .     .     .     . |    |    16    17    18    19|
| w     .     .     w    |    | 20    21    22    23   |
|    .     .     .     . |    |    24    25    26    27|
| w     .     B     .    |    | 28    29    30    31   |
'------------------------'    '------------------------'

Black's turn to play.
Possible moves :
2-6
30-26
7-10
5-8
4-8
5-9
30-25

Chosen move : 
30-26
,------------------------,    ,------------------------,
|    .     .     b     . |    |     0     1     2     3|
| b     b     .     b    |    |  4     5     6     7   |
|    .     .     .     w |    |     8     9    10    11|
| .     w     .     w    |    | 12    13    14    15   |
|    .     .     .     . |    |    16    17    18    19|
| w     .     .     w    |    | 20    21    22    23   |
|    .     .     B     . |    |    24    25    26    27|
| w     .     .     .    |    | 28    29    30    31   |
'------------------------'    '------------------------'

White's turn to play.
Possible moves :
23x30

Chosen move : 
23x30
,------------------------,    ,------------------------,
|    .     .     b     . |    |     0     1     2     3|
| b     b     .     b    |    |  4     5     6     7   |
|    .     .     .     w |    |     8     9    10    11|
| .     w     .     w    |    | 12    13    14    15   |
|    .     .     .     . |    |    16    17    18    19|
| w     .     .     .    |    | 20    21    22    23   |
|    .     .     .     . |    |    24    25    26    27|
| w     .     w     .    |    | 28    29    30    31   |
'------------------------'    '------------------------'

Black's turn to play.
Possible moves :
7-10
4-8
2-6
5-9
5-8

Chosen move : 
5-8
,------------------------,    ,------------------------,
|    .     .     b     . |    |     0     1     2     3|
| b     .     .     b    |    |  4     5     6     7   |
|    b     .     .     w |    |     8     9    10    11|
| .     w     .     w    |    | 12    13    14    15   |
|    .     .     .     . |    |    16    17    18    19|
| w     .     .     .    |    | 20    21    22    23   |
|    .     .     .     . |    |    24    25    26    27|
| w     .     w     .    |    | 28    29    30    31   |
'------------------------'    '------------------------'

White's turn to play.
Possible moves :
30-25
15-10
30-26
28-24
13-9
20-16

Chosen move : 
13-9
,------------------------,    ,------------------------,
|    .     .     b     . |    |     0     1     2     3|
| b     .     .     b    |    |  4     5     6     7   |
|    b     w     .     w |    |     8     9    10    11|
| .     .     .     w    |    | 12    13    14    15   |
|    .     .     .     . |    |    16    17    18    19|
| w     .     .     .    |    | 20    21    22    23   |
|    .     .     .     . |    |    24    25    26    27|
| w     .     w     .    |    | 28    29    30    31   |
'------------------------'    '------------------------'

Black's turn to play.
Possible moves :
2-6
8-12
7-10
8-13

Chosen move : 
7-10
,------------------------,    ,------------------------,
|    .     .     b     . |    |     0     1     2     3|
| b     .     .     .    |    |  4     5     6     7   |
|    b     w     b     w |    |     8     9    10    11|
| .     .     .     w    |    | 12    13    14    15   |
|    .     .     .     . |    |    16    17    18    19|
| w     .     .     .    |    | 20    21    22    23   |
|    .     .     .     . |    |    24    25    26    27|
| w     .     w     .    |    | 28    29    30    31   |
'------------------------'    '------------------------'

White's turn to play.
Possible moves :
15x6

Chosen move : 
15x6
,------------------------,    ,------------------------,
|    .     .     b     . |    |     0     1     2     3|
| b     .     w     .    |    |  4     5     6     7   |
|    b     w     .     w |    |     8     9    10    11|
| .     .     .     .    |    | 12    13    14    15   |
|    .     .     .     . |    |    16    17    18    19|
| w     .     .     .    |    | 20    21    22    23   |
|    .     .     .     . |    |    24    25    26    27|
| w     .     w     .    |    | 28    29    30    31   |
'------------------------'    '------------------------'

Black's turn to play.
Possible moves :
8-13
2-7
8-12

Chosen move : 
8-13
,------------------------,    ,------------------------,
|    .     .     b     . |    |     0     1     2     3|
| b     .     w     .    |    |  4     5     6     7   |
|    .     w     .     w |    |     8     9    10    11|
| .     b     .     .    |    | 12    13    14    15   |
|    .     .     .     . |    |    16    17    18    19|
| w     .     .     .    |    | 20    21    22    23   |
|    .     .     .     . |    |    24    25    26    27|
| w     .     w     .    |    | 28    29    30    31   |
'------------------------'    '------------------------'

White's turn to play.
Possible moves :
9x16

Chosen move : 
9x16
,------------------------,    ,------------------------,
|    .     .     b     . |    |     0     1     2     3|
| b     .     w     .    |    |  4     5     6     7   |
|    .     .     .     w |    |     8     9    10    11|
| .     .     .     .    |    | 12    13    14    15   |
|    w     .     .     . |    |    16    17    18    19|
| w     .     .     .    |    | 20    21    22    23   |
|    .     .     .     . |    |    24    25    26    27|
| w     .     w     .    |    | 28    29    30    31   |
'------------------------'    '------------------------'

Black's turn to play.
Possible moves :
2x9

Chosen move : 
2x9
,------------------------,    ,------------------------,
|    .     .     .     . |    |     0     1     2     3|
| b     .     .     .    |    |  4     5     6     7   |
|    .     b     .     w |    |     8     9    10    11|
| .     .     .     .    |    | 12    13    14    15   |
|    w     .     .     . |    |    16    17    18    19|
| w     .     .     .    |    | 20    21    22    23   |
|    .     .     .     . |    |    24    25    26    27|
| w     .     w     .    |    | 28    29    30    31   |
'------------------------'    '------------------------'

White's turn to play.
Possible moves :
16-12
30-25
16-13
11-7
30-26
28-24

Chosen move : 
30-25
,------------------------,    ,------------------------,
|    .     .     .     . |    |     0     1     2     3|
| b     .     .     .    |    |  4     5     6     7   |
|    .     b     .     w |    |     8     9    10    11|
| .     .     .     .    |    | 12    13    14    15   |
|    w     .     .     . |    |    16    17    18    19|
| w     .     .     .    |    | 20    21    22    23   |
|    .     w     .     . |    |    24    25    26    27|
| w     .     .     .    |    | 28    29    30    31   |
'------------------------'    '------------------------'

Black's turn to play.
Possible moves :
4-8
9-14
9-13

Chosen move : 
4-8
,------------------------,    ,------------------------,
|    .     .     .     . |    |     0     1     2     3|
| .     .     .     .    |    |  4     5     6     7   |
|    b     b     .     w |    |     8     9    10    11|
| .     .     .     .    |    | 12    13    14    15   |
|    w     .     .     . |    |    16    17    18    19|
| w     .     .     .    |    | 20    21    22    23   |
|    .     w     .     . |    |    24    25    26    27|
| w     .     .     .    |    | 28    29    30    31   |
'------------------------'    '------------------------'

White's turn to play.
Possible moves :
16-12
28-24
25-22
16-13
25-21
11-7

Chosen move : 
16-12
,------------------------,    ,------------------------,
|    .     .     .     . |    |     0     1     2     3|
| .     .     .     .    |    |  4     5     6     7   |
|    b     b     .     w |    |     8     9    10    11|
| w     .     .     .    |    | 12    13    14    15   |
|    .     .     .     . |    |    16    17    18    19|
| w     .     .     .    |    | 20    21    22    23   |
|    .     w     .     . |    |    24    25    26    27|
| w     .     .     .    |    | 28    29    30    31   |
'------------------------'    '------------------------'

Black's turn to play.
Possible moves :
9-13
9-14
8-13

Chosen move : 
9-13
,------------------------,    ,------------------------,
|    .     .     .     . |    |     0     1     2     3|
| .     .     .     .    |    |  4     5     6     7   |
|    b     .     .     w |    |     8     9    10    11|
| w     b     .     .    |    | 12    13    14    15   |
|    .     .     .     . |    |    16    17    18    19|
| w     .     .     .    |    | 20    21    22    23   |
|    .     w     .     . |    |    24    25    26    27|
| w     .     .     .    |    | 28    29    30    31   |
'------------------------'    '------------------------'

White's turn to play.
Possible moves :
12x5

Chosen move : 
12x5
,------------------------,    ,------------------------,
|    .     .     .     . |    |     0     1     2     3|
| .     w     .     .    |    |  4     5     6     7   |
|    .     .     .     w |    |     8     9    10    11|
| .     b     .     .    |    | 12    13    14    15   |
|    .     .     .     . |    |    16    17    18    19|
| w     .     .     .    |    | 20    21    22    23   |
|    .     w     .     . |    |    24    25    26    27|
| w     .     .     .    |    | 28    29    30    31   |
'------------------------'    '------------------------'

Black's turn to play.
Possible moves :
13-17
13-16

Chosen move : 
13-17
,------------------------,    ,------------------------,
|    .     .     .     . |    |     0     1     2     3|
| .     w     .     .    |    |  4     5     6     7   |
|    .     .     .     w |    |     8     9    10    11|
| .     .     .     .    |    | 12    13    14    15   |
|    .     b     .     . |    |    16    17    18    19|
| w     .     .     .    |    | 20    21    22    23   |
|    .     w     .     . |    |    24    25    26    27|
| w     .     .     .    |    | 28    29    30    31   |
'------------------------'    '------------------------'

White's turn to play.
Possible moves :
28-24
20-16
25-21
5-1
5-0
25-22
11-7

Chosen move : 
25-22
,------------------------,    ,------------------------,
|    .     .     .     . |    |     0     1     2     3|
| .     w     .     .    |    |  4     5     6     7   |
|    .     .     .     w |    |     8     9    10    11|
| .     .     .     .    |    | 12    13    14    15   |
|    .     b     .     . |    |    16    17    18    19|
| w     .     w     .    |    | 20    21    22    23   |
|    .     .     .     . |    |    24    25    26    27|
| w     .     .     .    |    | 28    29    30    31   |
'------------------------'    '------------------------'

Black's turn to play.
Possible moves :
17x26

Chosen move : 
17x26
,------------------------,    ,------------------------,
|    .     .     .     . |    |     0     1     2     3|
| .     w     .     .    |    |  4     5     6     7   |
|    .     .     .     w |    |     8     9    10    11|
| .     .     .     .    |    | 12    13    14    15   |
|    .     .     .     . |    |    16    17    18    19|
| w     .     .     .    |    | 20    21    22    23   |
|    .     .     b     . |    |    24    25    26    27|
| w     .     .     .    |    | 28    29    30    31   |
'------------------------'    '------------------------'

White's turn to play.
Possible moves :
28-24
11-7
5-0
20-16
5-1

Chosen move : 
28-24
,------------------------,    ,------------------------,
|    .     .     .     . |    |     0     1     2     3|
| .     w     .     .    |    |  4     5     6     7   |
|    .     .     .     w |    |     8     9    10    11|
| .     .     .     .    |    | 12    13    14    15   |
|    .     .     .     . |    |    16    17    18    19|
| w     .     .     .    |    | 20    21    22    23   |
|    w     .     b     . |    |    24    25    26    27|
| .     .     .     .    |    | 28    29    30    31   |
'------------------------'    '------------------------'

Black's turn to play.
Possible moves :
26-31
26-30

Chosen move : 
26-31
,------------------------,    ,------------------------,
|    .     .     .     . |    |     0     1     2     3|
| .     w     .     .    |    |  4     5     6     7   |
|    .     .     .     w |    |     8     9    10    11|
| .     .     .     .    |    | 12    13    14    15   |
|    .     .     .     . |    |    16    17    18    19|
| w     .     .     .    |    | 20    21    22    23   |
|    w     .     .     . |    |    24    25    26    27|
| .     .     .     B    |    | 28    29    30    31   |
'------------------------'    '------------------------'

White's turn to play.
Possible moves :
5-0
11-7
20-16
24-21
5-1

Chosen move : 
5-0
,------------------------,    ,------------------------,
|    W     .     .     . |    |     0     1     2     3|
| .     .     .     .    |    |  4     5     6     7   |
|    .     .     .     w |    |     8     9    10    11|
| .     .     .     .    |    | 12    13    14    15   |
|    .     .     .     . |    |    16    17    18    19|
| w     .     .     .    |    | 20    21    22    23   |
|    w     .     .     . |    |    24    25    26    27|
| .     .     .     B    |    | 28    29    30    31   |
'------------------------'    '------------------------'

Black's turn to play.
Possible moves :
31-26
31-27

Chosen move : 
31-27
,------------------------,    ,------------------------,
|    W     .     .     . |    |     0     1     2     3|
| .     .     .     .    |    |  4     5     6     7   |
|    .     .     .     w |    |     8     9    10    11|
| .     .     .     .    |    | 12    13    14    15   |
|    .     .     .     . |    |    16    17    18    19|
| w     .     .     .    |    | 20    21    22    23   |
|    w     .     .     B |    |    24    25    26    27|
| .     .     .     .    |    | 28    29    30    31   |
'------------------------'    '------------------------'

White's turn to play.
Possible moves :
24-21
20-16
0-4
11-7
0-5

Chosen move : 
24-21
,------------------------,    ,------------------------,
|    W     .     .     . |    |     0     1     2     3|
| .     .     .     .    |    |  4     5     6     7   |
|    .     .     .     w |    |     8     9    10    11|
| .     .     .     .    |    | 12    13    14    15   |
|    .     .     .     . |    |    16    17    18    19|
| w     w     .     .    |    | 20    21    22    23   |
|    .     .     .     B |    |    24    25    26    27|
| .     .     .     .    |    | 28    29    30    31   |
'------------------------'    '------------------------'

Black's turn to play.
Possible moves :
27-23
27-31

Chosen move : 
27-31
,------------------------,    ,------------------------,
|    W     .     .     . |    |     0     1     2     3|
| .     .     .     .    |    |  4     5     6     7   |
|    .     .     .     w |    |     8     9    10    11|
| .     .     .     .    |    | 12    13    14    15   |
|    .     .     .     . |    |    16    17    18    19|
| w     w     .     .    |    | 20    21    22    23   |
|    .     .     .     . |    |    24    25    26    27|
| .     .     .     B    |    | 28    29    30    31   |
'------------------------'    '------------------------'

White's turn to play.
Possible moves :
21-17
20-16
0-4
21-16
0-5
11-7

Chosen move : 
21-17
,------------------------,    ,------------------------,
|    W     .     .     . |    |     0     1     2     3|
| .     .     .     .    |    |  4     5     6     7   |
|    .     .     .     w |    |     8     9    10    11|
| .     .     .     .    |    | 12    13    14    15   |
|    .     w     .     . |    |    16    17    18    19|
| w     .     .     .    |    | 20    21    22    23   |
|    .     .     .     . |    |    24    25    26    27|
| .     .     .     B    |    | 28    29    30    31   |
'------------------------'    '------------------------'

Black's turn to play.
Possible moves :
31-27
31-26

Chosen move : 
31-26
,------------------------,    ,------------------------,
|    W     .     .     . |    |     0     1     2     3|
| .     .     .     .    |    |  4     5     6     7   |
|    .     .     .     w |    |     8     9    10    11|
| .     .     .     .    |    | 12    13    14    15   |
|    .     w     .     . |    |    16    17    18    19|
| w     .     .     .    |    | 20    21    22    23   |
|    .     .     B     . |    |    24    25    26    27|
| .     .     .     .    |    | 28    29    30    31   |
'------------------------'    '------------------------'

White's turn to play.
Possible moves :
17-14
17-13
0-4
20-16
11-7
0-5

Chosen move : 
17-14
,------------------------,    ,------------------------,
|    W     .     .     . |    |     0     1     2     3|
| .     .     .     .    |    |  4     5     6     7   |
|    .     .     .     w |    |     8     9    10    11|
| .     .     w     .    |    | 12    13    14    15   |
|    .     .     .     . |    |    16    17    18    19|
| w     .     .     .    |    | 20    21    22    23   |
|    .     .     B     . |    |    24    25    26    27|
| .     .     .     .    |    | 28    29    30    31   |
'------------------------'    '------------------------'

Black's turn to play.
Possible moves :
26-22
26-30
26-23
26-31

Chosen move : 
26-31
,------------------------,    ,------------------------,
|    W     .     .     . |    |     0     1     2     3|
| .     .     .     .    |    |  4     5     6     7   |
|    .     .     .     w |    |     8     9    10    11|
| .     .     w     .    |    | 12    13    14    15   |
|    .     .     .     . |    |    16    17    18    19|
| w     .     .     .    |    | 20    21    22    23   |
|    .     .     .     . |    |    24    25    26    27|
| .     .     .     B    |    | 28    29    30    31   |
'------------------------'    '------------------------'

White's turn to play.
Possible moves :
0-4
20-16
14-9
11-7
14-10
0-5

Chosen move : 
0-4
,------------------------,    ,------------------------,
|    .     .     .     . |    |     0     1     2     3|
| W     .     .     .    |    |  4     5     6     7   |
|    .     .     .     w |    |     8     9    10    11|
| .     .     w     .    |    | 12    13    14    15   |
|    .     .     .     . |    |    16    17    18    19|
| w     .     .     .    |    | 20    21    22    23   |
|    .     .     .     . |    |    24    25    26    27|
| .     .     .     B    |    | 28    29    30    31   |
'------------------------'    '------------------------'

Black's turn to play.
Possible moves :
31-26
31-27

Chosen move : 
31-26
,------------------------,    ,------------------------,
|    .     .     .     . |    |     0     1     2     3|
| W     .     .     .    |    |  4     5     6     7   |
|    .     .     .     w |    |     8     9    10    11|
| .     .     w     .    |    | 12    13    14    15   |
|    .     .     .     . |    |    16    17    18    19|
| w     .     .     .    |    | 20    21    22    23   |
|    .     .     B     . |    |    24    25    26    27|
| .     .     .     .    |    | 28    29    30    31   |
'------------------------'    '------------------------'

White's turn to play.
Possible moves :
4-8
20-16
11-7
14-9
14-10
4-0

Chosen move : 
4-8
,------------------------,    ,------------------------,
|    .     .     .     . |    |     0     1     2     3|
| .     .     .     .    |    |  4     5     6     7   |
|    W     .     .     w |    |     8     9    10    11|
| .     .     w     .    |    | 12    13    14    15   |
|    .     .     .     . |    |    16    17    18    19|
| w     .     .     .    |    | 20    21    22    23   |
|    .     .     B     . |    |    24    25    26    27|
| .     .     .     .    |    | 28    29    30    31   |
'------------------------'    '------------------------'

Black's turn to play.
Possible moves :
26-23
26-22
26-30
26-31

Chosen move : 
26-30
,------------------------,    ,------------------------,
|    .     .     .     . |    |     0     1     2     3|
| .     .     .     .    |    |  4     5     6     7   |
|    W     .     .     w |    |     8     9    10    11|
| .     .     w     .    |    | 12    13    14    15   |
|    .     .     .     . |    |    16    17    18    19|
| w     .     .     .    |    | 20    21    22    23   |
|    .     .     .     . |    |    24    25    26    27|
| .     .     B     .    |    | 28    29    30    31   |
'------------------------'    '------------------------'

White's turn to play.
Possible moves :
14-9
8-5
8-13
11-7
20-16
8-4
8-12
14-10

Chosen move : 
14-9
,------------------------,    ,------------------------,
|    .     .     .     . |    |     0     1     2     3|
| .     .     .     .    |    |  4     5     6     7   |
|    W     w     .     w |    |     8     9    10    11|
| .     .     .     .    |    | 12    13    14    15   |
|    .     .     .     . |    |    16    17    18    19|
| w     .     .     .    |    | 20    21    22    23   |
|    .     .     .     . |    |    24    25    26    27|
| .     .     B     .    |    | 28    29    30    31   |
'------------------------'    '------------------------'

Black's turn to play.
Possible moves :
30-26
30-25

Chosen move : 
30-25
,------------------------,    ,------------------------,
|    .     .     .     . |    |     0     1     2     3|
| .     .     .     .    |    |  4     5     6     7   |
|    W     w     .     w |    |     8     9    10    11|
| .     .     .     .    |    | 12    13    14    15   |
|    .     .     .     . |    |    16    17    18    19|
| w     .     .     .    |    | 20    21    22    23   |
|    .     B     .     . |    |    24    25    26    27|
| .     .     .     .    |    | 28    29    30    31   |
'------------------------'    '------------------------'

White's turn to play.
Possible moves :
11-7
9-6
8-4
8-13
8-12
20-16
8-5
9-5

Chosen move : 
11-7
,------------------------,    ,------------------------,
|    .     .     .     . |    |     0     1     2     3|
| .     .     .     w    |    |  4     5     6     7   |
|    W     w     .     . |    |     8     9    10    11|
| .     .     .     .    |    | 12    13    14    15   |
|    .     .     .     . |    |    16    17    18    19|
| w     .     .     .    |    | 20    21    22    23   |
|    .     B     .     . |    |    24    25    26    27|
| .     .     .     .    |    | 28    29    30    31   |
'------------------------'    '------------------------'

Black's turn to play.
Possible moves :
25-29
25-21
25-22
25-30

Chosen move : 
25-21
,------------------------,    ,------------------------,
|    .     .     .     . |    |     0     1     2     3|
| .     .     .     w    |    |  4     5     6     7   |
|    W     w     .     . |    |     8     9    10    11|
| .     .     .     .    |    | 12    13    14    15   |
|    .     .     .     . |    |    16    17    18    19|
| w     B     .     .    |    | 20    21    22    23   |
|    .     .     .     . |    |    24    25    26    27|
| .     .     .     .    |    | 28    29    30    31   |
'------------------------'    '------------------------'

White's turn to play.
Possible moves :
9-6
8-12
8-5
9-5
7-2
8-4
20-16
7-3
8-13

Chosen move : 
20-16
,------------------------,    ,------------------------,
|    .     .     .     . |    |     0     1     2     3|
| .     .     .     w    |    |  4     5     6     7   |
|    W     w     .     . |    |     8     9    10    11|
| .     .     .     .    |    | 12    13    14    15   |
|    w     .     .     . |    |    16    17    18    19|
| .     B     .     .    |    | 20    21    22    23   |
|    .     .     .     . |    |    24    25    26    27|
| .     .     .     .    |    | 28    29    30    31   |
'------------------------'    '------------------------'

Black's turn to play.
Possible moves :
21x12x5x14

Chosen move : 
21x12x5x14
,------------------------,    ,------------------------,
|    .     .     .     . |    |     0     1     2     3|
| .     .     .     w    |    |  4     5     6     7   |
|    .     .     .     . |    |     8     9    10    11|
| .     .     B     .    |    | 12    13    14    15   |
|    .     .     .     . |    |    16    17    18    19|
| .     .     .     .    |    | 20    21    22    23   |
|    .     .     .     . |    |    24    25    26    27|
| .     .     .     .    |    | 28    29    30    31   |
'------------------------'    '------------------------'

White's turn to play.
Possible moves :
7-2
7-3

Chosen move : 
7-2
,------------------------,    ,------------------------,
|    .     .     W     . |    |     0     1     2     3|
| .     .     .     .    |    |  4     5     6     7   |
|    .     .     .     . |    |     8     9    10    11|
| .     .     B     .    |    | 12    13    14    15   |
|    .     .     .     . |    |    16    17    18    19|
| .     .     .     .    |    | 20    21    22    23   |
|    .     .     .     . |    |    24    25    26    27|
| .     .     .     .    |    | 28    29    30    31   |
'------------------------'    '------------------------'

Black's turn to play.
Possible moves :
14-10
14-18
14-17
14-9

Chosen move : 
14-10
,------------------------,    ,------------------------,
|    .     .     W     . |    |     0     1     2     3|
| .     .     .     .    |    |  4     5     6     7   |
|    .     .     B     . |    |     8     9    10    11|
| .     .     .     .    |    | 12    13    14    15   |
|    .     .     .     . |    |    16    17    18    19|
| .     .     .     .    |    | 20    21    22    23   |
|    .     .     .     . |    |    24    25    26    27|
| .     .     .     .    |    | 28    29    30    31   |
'------------------------'    '------------------------'

White's turn to play.
Possible moves :
2-7
2-6

Chosen move : 
2-7
,------------------------,    ,------------------------,
|    .     .     .     . |    |     0     1     2     3|
| .     .     .     W    |    |  4     5     6     7   |
|    .     .     B     . |    |     8     9    10    11|
| .     .     .     .    |    | 12    13    14    15   |
|    .     .     .     . |    |    16    17    18    19|
| .     .     .     .    |    | 20    21    22    23   |
|    .     .     .     . |    |    24    25    26    27|
| .     .     .     .    |    | 28    29    30    31   |
'------------------------'    '------------------------'

Black's turn to play.
Possible moves :
10x3

Chosen move : 
10x3
,------------------------,    ,------------------------,
|    .     .     .     B |    |     0     1     2     3|
| .     .     .     .    |    |  4     5     6     7   |
|    .     .     .     . |    |     8     9    10    11|
| .     .     .     .    |    | 12    13    14    15   |
|    .     .     .     . |    |    16    17    18    19|
| .     .     .     .    |    | 20    21    22    23   |
|    .     .     .     . |    |    24    25    26    27|
| .     .     .     .    |    | 28    29    30    31   |
'------------------------'    '------------------------'

White's turn to play.
End of Game !

#PDN#
[Event "IN104 CS Project"]
[Site "ENSTA ParisTech, Palaiseau, FRA"]
[GameType 21,W,8,8,N2,0] {Whites begin}
[Date "Tue Mar 22 20:17:48 2016"]
[Round "?"]
[White "Master minmax"]
[WhiteType "Program"]
[Black "Random Guesser"]
[BlackType "Program"]
[Result "0-1"] {Black (Random Guesser) wins}
[WhiteTime "4.450515031814575"]
[BlackTime "0.02174234390258789"]

1.21-16 9-13 2.16x9 5x14 3.25-21 6-9 4.21-16 11-15 5.23-18 14x23 6.27x18x11 10-14 7.30-25 8-12 8.16-13 9x16 9.20x13 1-6 10.24-20 7-10 11.29-24 14-18 12.22x15 10x19 13.25-22 19-23 14.26x19 12-16 15.13-9 6x13 16.31-27 3-7 17.19-15 0-5 18.22-17 13x22 19.20x13 22-26 20.24-20 26-30 21.27-23 30-26 22.23x30 5-8 23.13-9 7-10 24.15x6 8-13 25.9x16 2x9 26.30-25 4-8 27.16-12 9-13 28.12x5 13-17 29.25-22 17x26 30.28-24 26-31 31.5-0 31-27 32.24-21 27-31 33.21-17 31-26 34.17-14 26-31 35.0-4 31-26 36.4-8 26-30 37.14-9 30-25 38.11-7 25-21 39.20-16 21x12x5x14 40.7-2 14-10 41.2-7 10x3  0-1 *
