Beginning of the game
,------------------------,    ,------------------------,
|    b     b     b     b |    |     0     1     2     3|
| b     b     b     b    |    |  4     5     6     7   |
|    b     b     b     b |    |     8     9    10    11|
| .     .     .     .    |    | 12    13    14    15   |
|    .     .     .     . |    |    16    17    18    19|
| w     w     w     w    |    | 20    21    22    23   |
|    w     w     w     w |    |    24    25    26    27|
| w     w     w     w    |    | 28    29    30    31   |
'------------------------'    '------------------------'

White's turn to play.
Possible moves :
22-18
23-18
21-17
21-16
20-16
23-19
22-17

Chosen move : 
22-18
,------------------------,    ,------------------------,
|    b     b     b     b |    |     0     1     2     3|
| b     b     b     b    |    |  4     5     6     7   |
|    b     b     b     b |    |     8     9    10    11|
| .     .     .     .    |    | 12    13    14    15   |
|    .     .     w     . |    |    16    17    18    19|
| w     w     .     w    |    | 20    21    22    23   |
|    w     w     w     w |    |    24    25    26    27|
| w     w     w     w    |    | 28    29    30    31   |
'------------------------'    '------------------------'

Black's turn to play.
Possible moves :
9-13
9-14
8-12
8-13
11-15
10-14
10-15

Chosen move : 
8-13
,------------------------,    ,------------------------,
|    b     b     b     b |    |     0     1     2     3|
| b     b     b     b    |    |  4     5     6     7   |
|    .     b     b     b |    |     8     9    10    11|
| .     b     .     .    |    | 12    13    14    15   |
|    .     .     w     . |    |    16    17    18    19|
| w     w     .     w    |    | 20    21    22    23   |
|    w     w     w     w |    |    24    25    26    27|
| w     w     w     w    |    | 28    29    30    31   |
'------------------------'    '------------------------'

White's turn to play.
Possible moves :
18-14
21-16
23-19
26-22
18-15
21-17
25-22
20-16

Chosen move : 
18-14
,------------------------,    ,------------------------,
|    b     b     b     b |    |     0     1     2     3|
| b     b     b     b    |    |  4     5     6     7   |
|    .     b     b     b |    |     8     9    10    11|
| .     b     w     .    |    | 12    13    14    15   |
|    .     .     .     . |    |    16    17    18    19|
| w     w     .     w    |    | 20    21    22    23   |
|    w     w     w     w |    |    24    25    26    27|
| w     w     w     w    |    | 28    29    30    31   |
'------------------------'    '------------------------'

Black's turn to play.
Possible moves :
9x18
10x17

Chosen move : 
10x17
,------------------------,    ,------------------------,
|    b     b     b     b |    |     0     1     2     3|
| b     b     b     b    |    |  4     5     6     7   |
|    .     b     .     b |    |     8     9    10    11|
| .     b     .     .    |    | 12    13    14    15   |
|    .     b     .     . |    |    16    17    18    19|
| w     w     .     w    |    | 20    21    22    23   |
|    w     w     w     w |    |    24    25    26    27|
| w     w     w     w    |    | 28    29    30    31   |
'------------------------'    '------------------------'

White's turn to play.
Possible moves :
21x14

Chosen move : 
21x14
,------------------------,    ,------------------------,
|    b     b     b     b |    |     0     1     2     3|
| b     b     b     b    |    |  4     5     6     7   |
|    .     b     .     b |    |     8     9    10    11|
| .     b     w     .    |    | 12    13    14    15   |
|    .     .     .     . |    |    16    17    18    19|
| w     .     .     w    |    | 20    21    22    23   |
|    w     w     w     w |    |    24    25    26    27|
| w     w     w     w    |    | 28    29    30    31   |
'------------------------'    '------------------------'

Black's turn to play.
Possible moves :
9x18

Chosen move : 
9x18
,------------------------,    ,------------------------,
|    b     b     b     b |    |     0     1     2     3|
| b     b     b     b    |    |  4     5     6     7   |
|    .     .     .     b |    |     8     9    10    11|
| .     b     .     .    |    | 12    13    14    15   |
|    .     .     b     . |    |    16    17    18    19|
| w     .     .     w    |    | 20    21    22    23   |
|    w     w     w     w |    |    24    25    26    27|
| w     w     w     w    |    | 28    29    30    31   |
'------------------------'    '------------------------'

White's turn to play.
Possible moves :
23x14

Chosen move : 
23x14
,------------------------,    ,------------------------,
|    b     b     b     b |    |     0     1     2     3|
| b     b     b     b    |    |  4     5     6     7   |
|    .     .     .     b |    |     8     9    10    11|
| .     b     w     .    |    | 12    13    14    15   |
|    .     .     .     . |    |    16    17    18    19|
| w     .     .     .    |    | 20    21    22    23   |
|    w     w     w     w |    |    24    25    26    27|
| w     w     w     w    |    | 28    29    30    31   |
'------------------------'    '------------------------'

Black's turn to play.
Possible moves :
6-9
13-16
13-17
7-10
5-8
11-15
4-8
6-10
5-9

Chosen move : 
6-9
,------------------------,    ,------------------------,
|    b     b     b     b |    |     0     1     2     3|
| b     b     .     b    |    |  4     5     6     7   |
|    .     b     .     b |    |     8     9    10    11|
| .     b     w     .    |    | 12    13    14    15   |
|    .     .     .     . |    |    16    17    18    19|
| w     .     .     .    |    | 20    21    22    23   |
|    w     w     w     w |    |    24    25    26    27|
| w     w     w     w    |    | 28    29    30    31   |
'------------------------'    '------------------------'

White's turn to play.
Possible moves :
25-22
20-16
25-21
26-22
26-23
24-21
14-10
27-23

Chosen move : 
25-22
,------------------------,    ,------------------------,
|    b     b     b     b |    |     0     1     2     3|
| b     b     .     b    |    |  4     5     6     7   |
|    .     b     .     b |    |     8     9    10    11|
| .     b     w     .    |    | 12    13    14    15   |
|    .     .     .     . |    |    16    17    18    19|
| w     .     w     .    |    | 20    21    22    23   |
|    w     .     w     w |    |    24    25    26    27|
| w     w     w     w    |    | 28    29    30    31   |
'------------------------'    '------------------------'

Black's turn to play.
Possible moves :
9x18x25

Chosen move : 
9x18x25
,------------------------,    ,------------------------,
|    b     b     b     b |    |     0     1     2     3|
| b     b     .     b    |    |  4     5     6     7   |
|    .     .     .     b |    |     8     9    10    11|
| .     b     .     .    |    | 12    13    14    15   |
|    .     .     .     . |    |    16    17    18    19|
| w     .     .     .    |    | 20    21    22    23   |
|    w     b     w     w |    |    24    25    26    27|
| w     w     w     w    |    | 28    29    30    31   |
'------------------------'    '------------------------'

White's turn to play.
Possible moves :
29x22
30x21

Chosen move : 
29x22
,------------------------,    ,------------------------,
|    b     b     b     b |    |     0     1     2     3|
| b     b     .     b    |    |  4     5     6     7   |
|    .     .     .     b |    |     8     9    10    11|
| .     b     .     .    |    | 12    13    14    15   |
|    .     .     .     . |    |    16    17    18    19|
| w     .     w     .    |    | 20    21    22    23   |
|    w     .     w     w |    |    24    25    26    27|
| w     .     w     w    |    | 28    29    30    31   |
'------------------------'    '------------------------'

Black's turn to play.
Possible moves :
13-17
4-8
1-6
13-16
5-8
5-9
7-10
2-6
11-15

Chosen move : 
13-16
,------------------------,    ,------------------------,
|    b     b     b     b |    |     0     1     2     3|
| b     b     .     b    |    |  4     5     6     7   |
|    .     .     .     b |    |     8     9    10    11|
| .     .     .     .    |    | 12    13    14    15   |
|    b     .     .     . |    |    16    17    18    19|
| w     .     w     .    |    | 20    21    22    23   |
|    w     .     w     w |    |    24    25    26    27|
| w     .     w     w    |    | 28    29    30    31   |
'------------------------'    '------------------------'

White's turn to play.
Possible moves :
20x13

Chosen move : 
20x13
,------------------------,    ,------------------------,
|    b     b     b     b |    |     0     1     2     3|
| b     b     .     b    |    |  4     5     6     7   |
|    .     .     .     b |    |     8     9    10    11|
| .     w     .     .    |    | 12    13    14    15   |
|    .     .     .     . |    |    16    17    18    19|
| .     .     w     .    |    | 20    21    22    23   |
|    w     .     w     w |    |    24    25    26    27|
| w     .     w     w    |    | 28    29    30    31   |
'------------------------'    '------------------------'

Black's turn to play.
Possible moves :
7-10
5-9
1-6
2-6
4-8
11-15
5-8

Chosen move : 
5-8
,------------------------,    ,------------------------,
|    b     b     b     b |    |     0     1     2     3|
| b     .     .     b    |    |  4     5     6     7   |
|    b     .     .     b |    |     8     9    10    11|
| .     w     .     .    |    | 12    13    14    15   |
|    .     .     .     . |    |    16    17    18    19|
| .     .     w     .    |    | 20    21    22    23   |
|    w     .     w     w |    |    24    25    26    27|
| w     .     w     w    |    | 28    29    30    31   |
'------------------------'    '------------------------'

White's turn to play.
Possible moves :
27-23
26-23
22-18
13-9
30-25
22-17
24-21
24-20

Chosen move : 
27-23
,------------------------,    ,------------------------,
|    b     b     b     b |    |     0     1     2     3|
| b     .     .     b    |    |  4     5     6     7   |
|    b     .     .     b |    |     8     9    10    11|
| .     w     .     .    |    | 12    13    14    15   |
|    .     .     .     . |    |    16    17    18    19|
| .     .     w     w    |    | 20    21    22    23   |
|    w     .     w     . |    |    24    25    26    27|
| w     .     w     w    |    | 28    29    30    31   |
'------------------------'    '------------------------'

Black's turn to play.
Possible moves :
8x17

Chosen move : 
8x17
,------------------------,    ,------------------------,
|    b     b     b     b |    |     0     1     2     3|
| b     .     .     b    |    |  4     5     6     7   |
|    .     .     .     b |    |     8     9    10    11|
| .     .     .     .    |    | 12    13    14    15   |
|    .     b     .     . |    |    16    17    18    19|
| .     .     w     w    |    | 20    21    22    23   |
|    w     .     w     . |    |    24    25    26    27|
| w     .     w     w    |    | 28    29    30    31   |
'------------------------'    '------------------------'

White's turn to play.
Possible moves :
22x13

Chosen move : 
22x13
,------------------------,    ,------------------------,
|    b     b     b     b |    |     0     1     2     3|
| b     .     .     b    |    |  4     5     6     7   |
|    .     .     .     b |    |     8     9    10    11|
| .     w     .     .    |    | 12    13    14    15   |
|    .     .     .     . |    |    16    17    18    19|
| .     .     .     w    |    | 20    21    22    23   |
|    w     .     w     . |    |    24    25    26    27|
| w     .     w     w    |    | 28    29    30    31   |
'------------------------'    '------------------------'

Black's turn to play.
Possible moves :
1-6
4-8
2-6
11-15
0-5
7-10
1-5

Chosen move : 
11-15
,------------------------,    ,------------------------,
|    b     b     b     b |    |     0     1     2     3|
| b     .     .     b    |    |  4     5     6     7   |
|    .     .     .     . |    |     8     9    10    11|
| .     w     .     b    |    | 12    13    14    15   |
|    .     .     .     . |    |    16    17    18    19|
| .     .     .     w    |    | 20    21    22    23   |
|    w     .     w     . |    |    24    25    26    27|
| w     .     w     w    |    | 28    29    30    31   |
'------------------------'    '------------------------'

White's turn to play.
Possible moves :
24-21
24-20
13-8
23-19
13-9
26-22
23-18
31-27
30-25

Chosen move : 
23-18
,------------------------,    ,------------------------,
|    b     b     b     b |    |     0     1     2     3|
| b     .     .     b    |    |  4     5     6     7   |
|    .     .     .     . |    |     8     9    10    11|
| .     w     .     b    |    | 12    13    14    15   |
|    .     .     w     . |    |    16    17    18    19|
| .     .     .     .    |    | 20    21    22    23   |
|    w     .     w     . |    |    24    25    26    27|
| w     .     w     w    |    | 28    29    30    31   |
'------------------------'    '------------------------'

Black's turn to play.
Possible moves :
15x22

Chosen move : 
15x22
,------------------------,    ,------------------------,
|    b     b     b     b |    |     0     1     2     3|
| b     .     .     b    |    |  4     5     6     7   |
|    .     .     .     . |    |     8     9    10    11|
| .     w     .     .    |    | 12    13    14    15   |
|    .     .     .     . |    |    16    17    18    19|
| .     .     b     .    |    | 20    21    22    23   |
|    w     .     w     . |    |    24    25    26    27|
| w     .     w     w    |    | 28    29    30    31   |
'------------------------'    '------------------------'

White's turn to play.
Possible moves :
26x17

Chosen move : 
26x17
,------------------------,    ,------------------------,
|    b     b     b     b |    |     0     1     2     3|
| b     .     .     b    |    |  4     5     6     7   |
|    .     .     .     . |    |     8     9    10    11|
| .     w     .     .    |    | 12    13    14    15   |
|    .     w     .     . |    |    16    17    18    19|
| .     .     .     .    |    | 20    21    22    23   |
|    w     .     .     . |    |    24    25    26    27|
| w     .     w     w    |    | 28    29    30    31   |
'------------------------'    '------------------------'

Black's turn to play.
Possible moves :
7-10
1-5
4-8
2-6
0-5
7-11
1-6

Chosen move : 
4-8
,------------------------,    ,------------------------,
|    b     b     b     b |    |     0     1     2     3|
| .     .     .     b    |    |  4     5     6     7   |
|    b     .     .     . |    |     8     9    10    11|
| .     w     .     .    |    | 12    13    14    15   |
|    .     w     .     . |    |    16    17    18    19|
| .     .     .     .    |    | 20    21    22    23   |
|    w     .     .     . |    |    24    25    26    27|
| w     .     w     w    |    | 28    29    30    31   |
'------------------------'    '------------------------'

White's turn to play.
Possible moves :
13x4

Chosen move : 
13x4
,------------------------,    ,------------------------,
|    b     b     b     b |    |     0     1     2     3|
| w     .     .     b    |    |  4     5     6     7   |
|    .     .     .     . |    |     8     9    10    11|
| .     .     .     .    |    | 12    13    14    15   |
|    .     w     .     . |    |    16    17    18    19|
| .     .     .     .    |    | 20    21    22    23   |
|    w     .     .     . |    |    24    25    26    27|
| w     .     w     w    |    | 28    29    30    31   |
'------------------------'    '------------------------'

Black's turn to play.
Possible moves :
7-11
1-6
7-10
2-6
0-5
1-5

Chosen move : 
1-6
,------------------------,    ,------------------------,
|    b     .     b     b |    |     0     1     2     3|
| w     .     b     b    |    |  4     5     6     7   |
|    .     .     .     . |    |     8     9    10    11|
| .     .     .     .    |    | 12    13    14    15   |
|    .     w     .     . |    |    16    17    18    19|
| .     .     .     .    |    | 20    21    22    23   |
|    w     .     .     . |    |    24    25    26    27|
| w     .     w     w    |    | 28    29    30    31   |
'------------------------'    '------------------------'

White's turn to play.
Possible moves :
30-25
30-26
17-14
31-26
17-13
24-20
24-21
31-27

Chosen move : 
30-25
,------------------------,    ,------------------------,
|    b     .     b     b |    |     0     1     2     3|
| w     .     b     b    |    |  4     5     6     7   |
|    .     .     .     . |    |     8     9    10    11|
| .     .     .     .    |    | 12    13    14    15   |
|    .     w     .     . |    |    16    17    18    19|
| .     .     .     .    |    | 20    21    22    23   |
|    w     w     .     . |    |    24    25    26    27|
| w     .     .     w    |    | 28    29    30    31   |
'------------------------'    '------------------------'

Black's turn to play.
Possible moves :
6-9
7-10
0-5
6-10
7-11

Chosen move : 
0-5
,------------------------,    ,------------------------,
|    .     .     b     b |    |     0     1     2     3|
| w     b     b     b    |    |  4     5     6     7   |
|    .     .     .     . |    |     8     9    10    11|
| .     .     .     .    |    | 12    13    14    15   |
|    .     w     .     . |    |    16    17    18    19|
| .     .     .     .    |    | 20    21    22    23   |
|    w     w     .     . |    |    24    25    26    27|
| w     .     .     w    |    | 28    29    30    31   |
'------------------------'    '------------------------'

White's turn to play.
Possible moves :
31-26
17-14
31-27
24-21
25-21
25-22
17-13
24-20
4-0

Chosen move : 
31-26
,------------------------,    ,------------------------,
|    .     .     b     b |    |     0     1     2     3|
| w     b     b     b    |    |  4     5     6     7   |
|    .     .     .     . |    |     8     9    10    11|
| .     .     .     .    |    | 12    13    14    15   |
|    .     w     .     . |    |    16    17    18    19|
| .     .     .     .    |    | 20    21    22    23   |
|    w     w     w     . |    |    24    25    26    27|
| w     .     .     .    |    | 28    29    30    31   |
'------------------------'    '------------------------'

Black's turn to play.
Possible moves :
6-10
7-10
7-11
5-8
5-9
6-9

Chosen move : 
5-9
,------------------------,    ,------------------------,
|    .     .     b     b |    |     0     1     2     3|
| w     .     b     b    |    |  4     5     6     7   |
|    .     b     .     . |    |     8     9    10    11|
| .     .     .     .    |    | 12    13    14    15   |
|    .     w     .     . |    |    16    17    18    19|
| .     .     .     .    |    | 20    21    22    23   |
|    w     w     w     . |    |    24    25    26    27|
| w     .     .     .    |    | 28    29    30    31   |
'------------------------'    '------------------------'

White's turn to play.
Possible moves :
24-20
17-13
26-23
25-22
26-22
17-14
4-0
24-21
25-21

Chosen move : 
24-20
,------------------------,    ,------------------------,
|    .     .     b     b |    |     0     1     2     3|
| w     .     b     b    |    |  4     5     6     7   |
|    .     b     .     . |    |     8     9    10    11|
| .     .     .     .    |    | 12    13    14    15   |
|    .     w     .     . |    |    16    17    18    19|
| w     .     .     .    |    | 20    21    22    23   |
|    .     w     w     . |    |    24    25    26    27|
| w     .     .     .    |    | 28    29    30    31   |
'------------------------'    '------------------------'

Black's turn to play.
Possible moves :
9-13
7-11
9-14
6-10
7-10

Chosen move : 
6-10
,------------------------,    ,------------------------,
|    .     .     b     b |    |     0     1     2     3|
| w     .     .     b    |    |  4     5     6     7   |
|    .     b     b     . |    |     8     9    10    11|
| .     .     .     .    |    | 12    13    14    15   |
|    .     w     .     . |    |    16    17    18    19|
| w     .     .     .    |    | 20    21    22    23   |
|    .     w     w     . |    |    24    25    26    27|
| w     .     .     .    |    | 28    29    30    31   |
'------------------------'    '------------------------'

White's turn to play.
Possible moves :
26-22
17-13
17-14
4-0
28-24
26-23
25-22
20-16
25-21

Chosen move : 
17-13
,------------------------,    ,------------------------,
|    .     .     b     b |    |     0     1     2     3|
| w     .     .     b    |    |  4     5     6     7   |
|    .     b     b     . |    |     8     9    10    11|
| .     w     .     .    |    | 12    13    14    15   |
|    .     .     .     . |    |    16    17    18    19|
| w     .     .     .    |    | 20    21    22    23   |
|    .     w     w     . |    |    24    25    26    27|
| w     .     .     .    |    | 28    29    30    31   |
'------------------------'    '------------------------'

Black's turn to play.
Possible moves :
9x16

Chosen move : 
9x16
,------------------------,    ,------------------------,
|    .     .     b     b |    |     0     1     2     3|
| w     .     .     b    |    |  4     5     6     7   |
|    .     .     b     . |    |     8     9    10    11|
| .     .     .     .    |    | 12    13    14    15   |
|    b     .     .     . |    |    16    17    18    19|
| w     .     .     .    |    | 20    21    22    23   |
|    .     w     w     . |    |    24    25    26    27|
| w     .     .     .    |    | 28    29    30    31   |
'------------------------'    '------------------------'

White's turn to play.
Possible moves :
20x13

Chosen move : 
20x13
,------------------------,    ,------------------------,
|    .     .     b     b |    |     0     1     2     3|
| w     .     .     b    |    |  4     5     6     7   |
|    .     .     b     . |    |     8     9    10    11|
| .     w     .     .    |    | 12    13    14    15   |
|    .     .     .     . |    |    16    17    18    19|
| .     .     .     .    |    | 20    21    22    23   |
|    .     w     w     . |    |    24    25    26    27|
| w     .     .     .    |    | 28    29    30    31   |
'------------------------'    '------------------------'

Black's turn to play.
Possible moves :
10-14
7-11
10-15
2-6

Chosen move : 
10-14
,------------------------,    ,------------------------,
|    .     .     b     b |    |     0     1     2     3|
| w     .     .     b    |    |  4     5     6     7   |
|    .     .     .     . |    |     8     9    10    11|
| .     w     b     .    |    | 12    13    14    15   |
|    .     .     .     . |    |    16    17    18    19|
| .     .     .     .    |    | 20    21    22    23   |
|    .     w     w     . |    |    24    25    26    27|
| w     .     .     .    |    | 28    29    30    31   |
'------------------------'    '------------------------'

White's turn to play.
Possible moves :
25-22
28-24
26-23
26-22
4-0
13-8
25-21
13-9

Chosen move : 
25-22
,------------------------,    ,------------------------,
|    .     .     b     b |    |     0     1     2     3|
| w     .     .     b    |    |  4     5     6     7   |
|    .     .     .     . |    |     8     9    10    11|
| .     w     b     .    |    | 12    13    14    15   |
|    .     .     .     . |    |    16    17    18    19|
| .     .     w     .    |    | 20    21    22    23   |
|    .     .     w     . |    |    24    25    26    27|
| w     .     .     .    |    | 28    29    30    31   |
'------------------------'    '------------------------'

Black's turn to play.
Possible moves :
2-6
7-10
14-17
7-11
14-18

Chosen move : 
2-6
,------------------------,    ,------------------------,
|    .     .     .     b |    |     0     1     2     3|
| w     .     b     b    |    |  4     5     6     7   |
|    .     .     .     . |    |     8     9    10    11|
| .     w     b     .    |    | 12    13    14    15   |
|    .     .     .     . |    |    16    17    18    19|
| .     .     w     .    |    | 20    21    22    23   |
|    .     .     w     . |    |    24    25    26    27|
| w     .     .     .    |    | 28    29    30    31   |
'------------------------'    '------------------------'

White's turn to play.
Possible moves :
22-17
4-0
13-9
26-23
28-24
22-18
13-8

Chosen move : 
22-17
,------------------------,    ,------------------------,
|    .     .     .     b |    |     0     1     2     3|
| w     .     b     b    |    |  4     5     6     7   |
|    .     .     .     . |    |     8     9    10    11|
| .     w     b     .    |    | 12    13    14    15   |
|    .     w     .     . |    |    16    17    18    19|
| .     .     .     .    |    | 20    21    22    23   |
|    .     .     w     . |    |    24    25    26    27|
| w     .     .     .    |    | 28    29    30    31   |
'------------------------'    '------------------------'

Black's turn to play.
Possible moves :
14x21

Chosen move : 
14x21
,------------------------,    ,------------------------,
|    .     .     .     b |    |     0     1     2     3|
| w     .     b     b    |    |  4     5     6     7   |
|    .     .     .     . |    |     8     9    10    11|
| .     w     .     .    |    | 12    13    14    15   |
|    .     .     .     . |    |    16    17    18    19|
| .     b     .     .    |    | 20    21    22    23   |
|    .     .     w     . |    |    24    25    26    27|
| w     .     .     .    |    | 28    29    30    31   |
'------------------------'    '------------------------'

White's turn to play.
Possible moves :
28-24
13-9
13-8
26-23
26-22
4-0

Chosen move : 
28-24
,------------------------,    ,------------------------,
|    .     .     .     b |    |     0     1     2     3|
| w     .     b     b    |    |  4     5     6     7   |
|    .     .     .     . |    |     8     9    10    11|
| .     w     .     .    |    | 12    13    14    15   |
|    .     .     .     . |    |    16    17    18    19|
| .     b     .     .    |    | 20    21    22    23   |
|    w     .     w     . |    |    24    25    26    27|
| .     .     .     .    |    | 28    29    30    31   |
'------------------------'    '------------------------'

Black's turn to play.
Possible moves :
21x28

Chosen move : 
21x28
,------------------------,    ,------------------------,
|    .     .     .     b |    |     0     1     2     3|
| w     .     b     b    |    |  4     5     6     7   |
|    .     .     .     . |    |     8     9    10    11|
| .     w     .     .    |    | 12    13    14    15   |
|    .     .     .     . |    |    16    17    18    19|
| .     .     .     .    |    | 20    21    22    23   |
|    .     .     w     . |    |    24    25    26    27|
| B     .     .     .    |    | 28    29    30    31   |
'------------------------'    '------------------------'

White's turn to play.
Possible moves :
26-22
13-9
4-0
26-23
13-8

Chosen move : 
26-22
,------------------------,    ,------------------------,
|    .     .     .     b |    |     0     1     2     3|
| w     .     b     b    |    |  4     5     6     7   |
|    .     .     .     . |    |     8     9    10    11|
| .     w     .     .    |    | 12    13    14    15   |
|    .     .     .     . |    |    16    17    18    19|
| .     .     w     .    |    | 20    21    22    23   |
|    .     .     .     . |    |    24    25    26    27|
| B     .     .     .    |    | 28    29    30    31   |
'------------------------'    '------------------------'

Black's turn to play.
Possible moves :
6-9
28-24
6-10
7-11
7-10

Chosen move : 
6-9
,------------------------,    ,------------------------,
|    .     .     .     b |    |     0     1     2     3|
| w     .     .     b    |    |  4     5     6     7   |
|    .     b     .     . |    |     8     9    10    11|
| .     w     .     .    |    | 12    13    14    15   |
|    .     .     .     . |    |    16    17    18    19|
| .     .     w     .    |    | 20    21    22    23   |
|    .     .     .     . |    |    24    25    26    27|
| B     .     .     .    |    | 28    29    30    31   |
'------------------------'    '------------------------'

White's turn to play.
Possible moves :
13x6

Chosen move : 
13x6
,------------------------,    ,------------------------,
|    .     .     .     b |    |     0     1     2     3|
| w     .     w     b    |    |  4     5     6     7   |
|    .     .     .     . |    |     8     9    10    11|
| .     .     .     .    |    | 12    13    14    15   |
|    .     .     .     . |    |    16    17    18    19|
| .     .     w     .    |    | 20    21    22    23   |
|    .     .     .     . |    |    24    25    26    27|
| B     .     .     .    |    | 28    29    30    31   |
'------------------------'    '------------------------'

Black's turn to play.
Possible moves :
7-10
28-24
7-11

Chosen move : 
28-24
,------------------------,    ,------------------------,
|    .     .     .     b |    |     0     1     2     3|
| w     .     w     b    |    |  4     5     6     7   |
|    .     .     .     . |    |     8     9    10    11|
| .     .     .     .    |    | 12    13    14    15   |
|    .     .     .     . |    |    16    17    18    19|
| .     .     w     .    |    | 20    21    22    23   |
|    B     .     .     . |    |    24    25    26    27|
| .     .     .     .    |    | 28    29    30    31   |
'------------------------'    '------------------------'

White's turn to play.
Possible moves :
6-1
6-2
22-17
4-0
22-18

Chosen move : 
6-1
,------------------------,    ,------------------------,
|    .     W     .     b |    |     0     1     2     3|
| w     .     .     b    |    |  4     5     6     7   |
|    .     .     .     . |    |     8     9    10    11|
| .     .     .     .    |    | 12    13    14    15   |
|    .     .     .     . |    |    16    17    18    19|
| .     .     w     .    |    | 20    21    22    23   |
|    B     .     .     . |    |    24    25    26    27|
| .     .     .     .    |    | 28    29    30    31   |
'------------------------'    '------------------------'

Black's turn to play.
Possible moves :
24-29
7-10
24-28
24-20
24-21
7-11

Chosen move : 
24-29
,------------------------,    ,------------------------,
|    .     W     .     b |    |     0     1     2     3|
| w     .     .     b    |    |  4     5     6     7   |
|    .     .     .     . |    |     8     9    10    11|
| .     .     .     .    |    | 12    13    14    15   |
|    .     .     .     . |    |    16    17    18    19|
| .     .     w     .    |    | 20    21    22    23   |
|    .     .     .     . |    |    24    25    26    27|
| .     B     .     .    |    | 28    29    30    31   |
'------------------------'    '------------------------'

White's turn to play.
Possible moves :
1-5
22-17
4-0
22-18
1-6

Chosen move : 
1-5
,------------------------,    ,------------------------,
|    .     .     .     b |    |     0     1     2     3|
| w     W     .     b    |    |  4     5     6     7   |
|    .     .     .     . |    |     8     9    10    11|
| .     .     .     .    |    | 12    13    14    15   |
|    .     .     .     . |    |    16    17    18    19|
| .     .     w     .    |    | 20    21    22    23   |
|    .     .     .     . |    |    24    25    26    27|
| .     B     .     .    |    | 28    29    30    31   |
'------------------------'    '------------------------'

Black's turn to play.
Possible moves :
29-25
29-24
7-10
7-11

Chosen move : 
29-24
,------------------------,    ,------------------------,
|    .     .     .     b |    |     0     1     2     3|
| w     W     .     b    |    |  4     5     6     7   |
|    .     .     .     . |    |     8     9    10    11|
| .     .     .     .    |    | 12    13    14    15   |
|    .     .     .     . |    |    16    17    18    19|
| .     .     w     .    |    | 20    21    22    23   |
|    B     .     .     . |    |    24    25    26    27|
| .     .     .     .    |    | 28    29    30    31   |
'------------------------'    '------------------------'

White's turn to play.
Possible moves :
22-17
5-9
4-0
5-8
5-0
22-18
5-1

Chosen move : 
22-17
,------------------------,    ,------------------------,
|    .     .     .     b |    |     0     1     2     3|
| w     W     .     b    |    |  4     5     6     7   |
|    .     .     .     . |    |     8     9    10    11|
| .     .     .     .    |    | 12    13    14    15   |
|    .     w     .     . |    |    16    17    18    19|
| .     .     .     .    |    | 20    21    22    23   |
|    B     .     .     . |    |    24    25    26    27|
| .     .     .     .    |    | 28    29    30    31   |
'------------------------'    '------------------------'

Black's turn to play.
Possible moves :
24-29
7-11
24-28
24-20
7-10
24-21

Chosen move : 
24-20
,------------------------,    ,------------------------,
|    .     .     .     b |    |     0     1     2     3|
| w     W     .     b    |    |  4     5     6     7   |
|    .     .     .     . |    |     8     9    10    11|
| .     .     .     .    |    | 12    13    14    15   |
|    .     w     .     . |    |    16    17    18    19|
| B     .     .     .    |    | 20    21    22    23   |
|    .     .     .     . |    |    24    25    26    27|
| .     .     .     .    |    | 28    29    30    31   |
'------------------------'    '------------------------'

White's turn to play.
Possible moves :
4-0
5-8
17-13
17-14
5-0
5-1
5-9

Chosen move : 
4-0
,------------------------,    ,------------------------,
|    W     .     .     b |    |     0     1     2     3|
| .     W     .     b    |    |  4     5     6     7   |
|    .     .     .     . |    |     8     9    10    11|
| .     .     .     .    |    | 12    13    14    15   |
|    .     w     .     . |    |    16    17    18    19|
| B     .     .     .    |    | 20    21    22    23   |
|    .     .     .     . |    |    24    25    26    27|
| .     .     .     .    |    | 28    29    30    31   |
'------------------------'    '------------------------'

Black's turn to play.
Possible moves :
20-24
20-16
7-11
7-10

Chosen move : 
20-24
,------------------------,    ,------------------------,
|    W     .     .     b |    |     0     1     2     3|
| .     W     .     b    |    |  4     5     6     7   |
|    .     .     .     . |    |     8     9    10    11|
| .     .     .     .    |    | 12    13    14    15   |
|    .     w     .     . |    |    16    17    18    19|
| .     .     .     .    |    | 20    21    22    23   |
|    B     .     .     . |    |    24    25    26    27|
| .     .     .     .    |    | 28    29    30    31   |
'------------------------'    '------------------------'

White's turn to play.
Possible moves :
0-4
17-13
5-1
17-14
5-8
5-9

Chosen move : 
0-4
,------------------------,    ,------------------------,
|    .     .     .     b |    |     0     1     2     3|
| W     W     .     b    |    |  4     5     6     7   |
|    .     .     .     . |    |     8     9    10    11|
| .     .     .     .    |    | 12    13    14    15   |
|    .     w     .     . |    |    16    17    18    19|
| .     .     .     .    |    | 20    21    22    23   |
|    B     .     .     . |    |    24    25    26    27|
| .     .     .     .    |    | 28    29    30    31   |
'------------------------'    '------------------------'

Black's turn to play.
Possible moves :
24-28
7-11
24-29
24-21
24-20
7-10

Chosen move : 
24-28
,------------------------,    ,------------------------,
|    .     .     .     b |    |     0     1     2     3|
| W     W     .     b    |    |  4     5     6     7   |
|    .     .     .     . |    |     8     9    10    11|
| .     .     .     .    |    | 12    13    14    15   |
|    .     w     .     . |    |    16    17    18    19|
| .     .     .     .    |    | 20    21    22    23   |
|    .     .     .     . |    |    24    25    26    27|
| B     .     .     .    |    | 28    29    30    31   |
'------------------------'    '------------------------'

White's turn to play.
Possible moves :
4-0
5-0
5-9
17-14
5-8
5-1
4-8
17-13

Chosen move : 
4-0
,------------------------,    ,------------------------,
|    W     .     .     b |    |     0     1     2     3|
| .     W     .     b    |    |  4     5     6     7   |
|    .     .     .     . |    |     8     9    10    11|
| .     .     .     .    |    | 12    13    14    15   |
|    .     w     .     . |    |    16    17    18    19|
| .     .     .     .    |    | 20    21    22    23   |
|    .     .     .     . |    |    24    25    26    27|
| B     .     .     .    |    | 28    29    30    31   |
'------------------------'    '------------------------'

Black's turn to play.
Possible moves :
28-24
7-11
7-10

Chosen move : 
28-24
,------------------------,    ,------------------------,
|    W     .     .     b |    |     0     1     2     3|
| .     W     .     b    |    |  4     5     6     7   |
|    .     .     .     . |    |     8     9    10    11|
| .     .     .     .    |    | 12    13    14    15   |
|    .     w     .     . |    |    16    17    18    19|
| .     .     .     .    |    | 20    21    22    23   |
|    B     .     .     . |    |    24    25    26    27|
| .     .     .     .    |    | 28    29    30    31   |
'------------------------'    '------------------------'

White's turn to play.
Possible moves :
17-13
5-1
5-8
0-4
17-14
5-9

Chosen move : 
17-13
,------------------------,    ,------------------------,
|    W     .     .     b |    |     0     1     2     3|
| .     W     .     b    |    |  4     5     6     7   |
|    .     .     .     . |    |     8     9    10    11|
| .     w     .     .    |    | 12    13    14    15   |
|    .     .     .     . |    |    16    17    18    19|
| .     .     .     .    |    | 20    21    22    23   |
|    B     .     .     . |    |    24    25    26    27|
| .     .     .     .    |    | 28    29    30    31   |
'------------------------'    '------------------------'

Black's turn to play.
Possible moves :
24-29
24-28
7-11
24-21
24-20
7-10

Chosen move : 
24-20
,------------------------,    ,------------------------,
|    W     .     .     b |    |     0     1     2     3|
| .     W     .     b    |    |  4     5     6     7   |
|    .     .     .     . |    |     8     9    10    11|
| .     w     .     .    |    | 12    13    14    15   |
|    .     .     .     . |    |    16    17    18    19|
| B     .     .     .    |    | 20    21    22    23   |
|    .     .     .     . |    |    24    25    26    27|
| .     .     .     .    |    | 28    29    30    31   |
'------------------------'    '------------------------'

White's turn to play.
Possible moves :
5-8
0-4
13-9
5-1
5-9
13-8

Chosen move : 
5-8
,------------------------,    ,------------------------,
|    W     .     .     b |    |     0     1     2     3|
| .     .     .     b    |    |  4     5     6     7   |
|    W     .     .     . |    |     8     9    10    11|
| .     w     .     .    |    | 12    13    14    15   |
|    .     .     .     . |    |    16    17    18    19|
| B     .     .     .    |    | 20    21    22    23   |
|    .     .     .     . |    |    24    25    26    27|
| .     .     .     .    |    | 28    29    30    31   |
'------------------------'    '------------------------'

Black's turn to play.
Possible moves :
7-11
20-16
7-10
20-24

Chosen move : 
20-24
,------------------------,    ,------------------------,
|    W     .     .     b |    |     0     1     2     3|
| .     .     .     b    |    |  4     5     6     7   |
|    W     .     .     . |    |     8     9    10    11|
| .     w     .     .    |    | 12    13    14    15   |
|    .     .     .     . |    |    16    17    18    19|
| .     .     .     .    |    | 20    21    22    23   |
|    B     .     .     . |    |    24    25    26    27|
| .     .     .     .    |    | 28    29    30    31   |
'------------------------'    '------------------------'

White's turn to play.
Possible moves :
13-9
8-4
0-4
8-12
8-5
0-5

Chosen move : 
13-9
,------------------------,    ,------------------------,
|    W     .     .     b |    |     0     1     2     3|
| .     .     .     b    |    |  4     5     6     7   |
|    W     w     .     . |    |     8     9    10    11|
| .     .     .     .    |    | 12    13    14    15   |
|    .     .     .     . |    |    16    17    18    19|
| .     .     .     .    |    | 20    21    22    23   |
|    B     .     .     . |    |    24    25    26    27|
| .     .     .     .    |    | 28    29    30    31   |
'------------------------'    '------------------------'

Black's turn to play.
Possible moves :
7-10
24-29
24-20
24-28
24-21
7-11

Chosen move : 
24-28
,------------------------,    ,------------------------,
|    W     .     .     b |    |     0     1     2     3|
| .     .     .     b    |    |  4     5     6     7   |
|    W     w     .     . |    |     8     9    10    11|
| .     .     .     .    |    | 12    13    14    15   |
|    .     .     .     . |    |    16    17    18    19|
| .     .     .     .    |    | 20    21    22    23   |
|    .     .     .     . |    |    24    25    26    27|
| B     .     .     .    |    | 28    29    30    31   |
'------------------------'    '------------------------'

White's turn to play.
Possible moves :
8-4
0-4
0-5
8-13
9-6
9-5
8-12
8-5

Chosen move : 
8-4
,------------------------,    ,------------------------,
|    W     .     .     b |    |     0     1     2     3|
| W     .     .     b    |    |  4     5     6     7   |
|    .     w     .     . |    |     8     9    10    11|
| .     .     .     .    |    | 12    13    14    15   |
|    .     .     .     . |    |    16    17    18    19|
| .     .     .     .    |    | 20    21    22    23   |
|    .     .     .     . |    |    24    25    26    27|
| B     .     .     .    |    | 28    29    30    31   |
'------------------------'    '------------------------'

Black's turn to play.
Possible moves :
7-10
28-24
7-11

Chosen move : 
7-10
,------------------------,    ,------------------------,
|    W     .     .     b |    |     0     1     2     3|
| W     .     .     .    |    |  4     5     6     7   |
|    .     w     b     . |    |     8     9    10    11|
| .     .     .     .    |    | 12    13    14    15   |
|    .     .     .     . |    |    16    17    18    19|
| .     .     .     .    |    | 20    21    22    23   |
|    .     .     .     . |    |    24    25    26    27|
| B     .     .     .    |    | 28    29    30    31   |
'------------------------'    '------------------------'

White's turn to play.
Possible moves :
9-5
4-8
0-5
9-6

Chosen move : 
9-5
,------------------------,    ,------------------------,
|    W     .     .     b |    |     0     1     2     3|
| W     w     .     .    |    |  4     5     6     7   |
|    .     .     b     . |    |     8     9    10    11|
| .     .     .     .    |    | 12    13    14    15   |
|    .     .     .     . |    |    16    17    18    19|
| .     .     .     .    |    | 20    21    22    23   |
|    .     .     .     . |    |    24    25    26    27|
| B     .     .     .    |    | 28    29    30    31   |
'------------------------'    '------------------------'

Black's turn to play.
Possible moves :
10-15
10-14
28-24
3-7

Chosen move : 
3-7
,------------------------,    ,------------------------,
|    W     .     .     . |    |     0     1     2     3|
| W     w     .     b    |    |  4     5     6     7   |
|    .     .     b     . |    |     8     9    10    11|
| .     .     .     .    |    | 12    13    14    15   |
|    .     .     .     . |    |    16    17    18    19|
| .     .     .     .    |    | 20    21    22    23   |
|    .     .     .     . |    |    24    25    26    27|
| B     .     .     .    |    | 28    29    30    31   |
'------------------------'    '------------------------'

White's turn to play.
Possible moves :
4-8
5-1

Chosen move : 
4-8
,------------------------,    ,------------------------,
|    W     .     .     . |    |     0     1     2     3|
| .     w     .     b    |    |  4     5     6     7   |
|    W     .     b     . |    |     8     9    10    11|
| .     .     .     .    |    | 12    13    14    15   |
|    .     .     .     . |    |    16    17    18    19|
| .     .     .     .    |    | 20    21    22    23   |
|    .     .     .     . |    |    24    25    26    27|
| B     .     .     .    |    | 28    29    30    31   |
'------------------------'    '------------------------'

Black's turn to play.
Possible moves :
10-15
28-24
10-14
7-11

Chosen move : 
28-24
,------------------------,    ,------------------------,
|    W     .     .     . |    |     0     1     2     3|
| .     w     .     b    |    |  4     5     6     7   |
|    W     .     b     . |    |     8     9    10    11|
| .     .     .     .    |    | 12    13    14    15   |
|    .     .     .     . |    |    16    17    18    19|
| .     .     .     .    |    | 20    21    22    23   |
|    B     .     .     . |    |    24    25    26    27|
| .     .     .     .    |    | 28    29    30    31   |
'------------------------'    '------------------------'

White's turn to play.
Draw

#PDN#
[Event "IN104 CS Project"]
[Site "ENSTA ParisTech, Palaiseau, FRA"]
[GameType “21,W,8,8,N2,0”] {Whites begin}
[Date "Tue Mar 22 19:14:27 2016"]
[Round "?"]
[White "Master minmax"]
[WhiteType "Program"]
[Black "Random Guesser"]
[BlackType "Program"]
[Result "1/2-1/2"]
[WhiteTime "25.4417667388916"]
[BlackTime "0.01840806007385254"]

1.22-18 8-13 2.18-14 10x17 3.21x14 9x18 4.23x14 6-9 5.25-22 9x18x25 6.29x22 13-16 7.20x13 5-8 8.27-23 8x17 9.22x13 11-15 10.23-18 15x22 11.26x17 4-8 12.13x4 1-6 13.30-25 0-5 14.31-26 5-9 15.24-20 6-10 16.17-13 9x16 17.20x13 10-14 18.25-22 2-6 19.22-17 14x21 20.28-24 21x28 21.26-22 6-9 22.13x6 28-24 23.6-1 24-29 24.1-5 29-24 25.22-17 24-20 26.4-0 20-24 27.0-4 24-28 28.4-0 28-24 29.17-13 24-20 30.5-8 20-24 31.13-9 24-28 32.8-4 7-10 33.9-5 3-7 34.4-8 28-24  1/2-1/2 *
