Beginning of the game
,------------------------,    ,------------------------,
|    b     b     b     b |    |     0     1     2     3|
| b     b     b     b    |    |  4     5     6     7   |
|    b     b     b     b |    |     8     9    10    11|
| .     .     .     .    |    | 12    13    14    15   |
|    .     .     .     . |    |    16    17    18    19|
| w     w     w     w    |    | 20    21    22    23   |
|    w     w     w     w |    |    24    25    26    27|
| w     w     w     w    |    | 28    29    30    31   |
'------------------------'    '------------------------'

White's turn to play.
Possible moves :
22-17
22-18
20-16
23-18
21-17
23-19
21-16

Chosen move : 
20-16
,------------------------,    ,------------------------,
|    b     b     b     b |    |     0     1     2     3|
| b     b     b     b    |    |  4     5     6     7   |
|    b     b     b     b |    |     8     9    10    11|
| .     .     .     .    |    | 12    13    14    15   |
|    w     .     .     . |    |    16    17    18    19|
| .     w     w     w    |    | 20    21    22    23   |
|    w     w     w     w |    |    24    25    26    27|
| w     w     w     w    |    | 28    29    30    31   |
'------------------------'    '------------------------'

Black's turn to play.
Possible moves :
10-14
9-14
11-15
9-13
10-15
8-13
8-12

Chosen move : 
8-13
,------------------------,    ,------------------------,
|    b     b     b     b |    |     0     1     2     3|
| b     b     b     b    |    |  4     5     6     7   |
|    .     b     b     b |    |     8     9    10    11|
| .     b     .     .    |    | 12    13    14    15   |
|    w     .     .     . |    |    16    17    18    19|
| .     w     w     w    |    | 20    21    22    23   |
|    w     w     w     w |    |    24    25    26    27|
| w     w     w     w    |    | 28    29    30    31   |
'------------------------'    '------------------------'

White's turn to play.
Possible moves :
22-17
24-20
16-12
23-18
23-19
22-18
21-17

Chosen move : 
23-19
,------------------------,    ,------------------------,
|    b     b     b     b |    |     0     1     2     3|
| b     b     b     b    |    |  4     5     6     7   |
|    .     b     b     b |    |     8     9    10    11|
| .     b     .     .    |    | 12    13    14    15   |
|    w     .     .     w |    |    16    17    18    19|
| .     w     w     .    |    | 20    21    22    23   |
|    w     w     w     w |    |    24    25    26    27|
| w     w     w     w    |    | 28    29    30    31   |
'------------------------'    '------------------------'

Black's turn to play.
Possible moves :
13x20

Chosen move : 
13x20
,------------------------,    ,------------------------,
|    b     b     b     b |    |     0     1     2     3|
| b     b     b     b    |    |  4     5     6     7   |
|    .     b     b     b |    |     8     9    10    11|
| .     .     .     .    |    | 12    13    14    15   |
|    .     .     .     w |    |    16    17    18    19|
| b     w     w     .    |    | 20    21    22    23   |
|    w     w     w     w |    |    24    25    26    27|
| w     w     w     w    |    | 28    29    30    31   |
'------------------------'    '------------------------'

White's turn to play.
Possible moves :
21-16
19-15
22-18
26-23
27-23
22-17
21-17

Chosen move : 
22-17
,------------------------,    ,------------------------,
|    b     b     b     b |    |     0     1     2     3|
| b     b     b     b    |    |  4     5     6     7   |
|    .     b     b     b |    |     8     9    10    11|
| .     .     .     .    |    | 12    13    14    15   |
|    .     w     .     w |    |    16    17    18    19|
| b     w     .     .    |    | 20    21    22    23   |
|    w     w     w     w |    |    24    25    26    27|
| w     w     w     w    |    | 28    29    30    31   |
'------------------------'    '------------------------'

Black's turn to play.
Possible moves :
9-14
10-15
4-8
10-14
11-15
5-8
9-13

Chosen move : 
11-15
,------------------------,    ,------------------------,
|    b     b     b     b |    |     0     1     2     3|
| b     b     b     b    |    |  4     5     6     7   |
|    .     b     b     . |    |     8     9    10    11|
| .     .     .     b    |    | 12    13    14    15   |
|    .     w     .     w |    |    16    17    18    19|
| b     w     .     .    |    | 20    21    22    23   |
|    w     w     w     w |    |    24    25    26    27|
| w     w     w     w    |    | 28    29    30    31   |
'------------------------'    '------------------------'

White's turn to play.
Possible moves :
27-23
26-23
17-14
21-16
26-22
17-13
25-22

Chosen move : 
26-22
,------------------------,    ,------------------------,
|    b     b     b     b |    |     0     1     2     3|
| b     b     b     b    |    |  4     5     6     7   |
|    .     b     b     . |    |     8     9    10    11|
| .     .     .     b    |    | 12    13    14    15   |
|    .     w     .     w |    |    16    17    18    19|
| b     w     w     .    |    | 20    21    22    23   |
|    w     w     .     w |    |    24    25    26    27|
| w     w     w     w    |    | 28    29    30    31   |
'------------------------'    '------------------------'

Black's turn to play.
Possible moves :
15-18
5-8
10-14
9-13
9-14
4-8
7-11

Chosen move : 
7-11
,------------------------,    ,------------------------,
|    b     b     b     b |    |     0     1     2     3|
| b     b     b     .    |    |  4     5     6     7   |
|    .     b     b     b |    |     8     9    10    11|
| .     .     .     b    |    | 12    13    14    15   |
|    .     w     .     w |    |    16    17    18    19|
| b     w     w     .    |    | 20    21    22    23   |
|    w     w     .     w |    |    24    25    26    27|
| w     w     w     w    |    | 28    29    30    31   |
'------------------------'    '------------------------'

White's turn to play.
Possible moves :
22-18
17-13
21-16
17-14
27-23
31-26
30-26

Chosen move : 
17-14
,------------------------,    ,------------------------,
|    b     b     b     b |    |     0     1     2     3|
| b     b     b     .    |    |  4     5     6     7   |
|    .     b     b     b |    |     8     9    10    11|
| .     .     w     b    |    | 12    13    14    15   |
|    .     .     .     w |    |    16    17    18    19|
| b     w     w     .    |    | 20    21    22    23   |
|    w     w     .     w |    |    24    25    26    27|
| w     w     w     w    |    | 28    29    30    31   |
'------------------------'    '------------------------'

Black's turn to play.
Possible moves :
10x17x26

Chosen move : 
10x17x26
,------------------------,    ,------------------------,
|    b     b     b     b |    |     0     1     2     3|
| b     b     b     .    |    |  4     5     6     7   |
|    .     b     .     b |    |     8     9    10    11|
| .     .     .     b    |    | 12    13    14    15   |
|    .     .     .     w |    |    16    17    18    19|
| b     w     .     .    |    | 20    21    22    23   |
|    w     w     b     w |    |    24    25    26    27|
| w     w     w     w    |    | 28    29    30    31   |
'------------------------'    '------------------------'

White's turn to play.
Possible moves :
30x23
19x10
31x22

Chosen move : 
19x10
,------------------------,    ,------------------------,
|    b     b     b     b |    |     0     1     2     3|
| b     b     b     .    |    |  4     5     6     7   |
|    .     b     w     b |    |     8     9    10    11|
| .     .     .     .    |    | 12    13    14    15   |
|    .     .     .     . |    |    16    17    18    19|
| b     w     .     .    |    | 20    21    22    23   |
|    w     w     b     w |    |    24    25    26    27|
| w     w     w     w    |    | 28    29    30    31   |
'------------------------'    '------------------------'

Black's turn to play.
Possible moves :
6x15

Chosen move : 
6x15
,------------------------,    ,------------------------,
|    b     b     b     b |    |     0     1     2     3|
| b     b     .     .    |    |  4     5     6     7   |
|    .     b     .     b |    |     8     9    10    11|
| .     .     .     b    |    | 12    13    14    15   |
|    .     .     .     . |    |    16    17    18    19|
| b     w     .     .    |    | 20    21    22    23   |
|    w     w     b     w |    |    24    25    26    27|
| w     w     w     w    |    | 28    29    30    31   |
'------------------------'    '------------------------'

White's turn to play.
Possible moves :
31x22
30x23

Chosen move : 
31x22
,------------------------,    ,------------------------,
|    b     b     b     b |    |     0     1     2     3|
| b     b     .     .    |    |  4     5     6     7   |
|    .     b     .     b |    |     8     9    10    11|
| .     .     .     b    |    | 12    13    14    15   |
|    .     .     .     . |    |    16    17    18    19|
| b     w     w     .    |    | 20    21    22    23   |
|    w     w     .     w |    |    24    25    26    27|
| w     w     w     .    |    | 28    29    30    31   |
'------------------------'    '------------------------'

Black's turn to play.
Possible moves :
9-14
1-6
2-6
5-8
9-13
4-8
15-18
15-19
2-7
3-7

Chosen move : 
2-7
,------------------------,    ,------------------------,
|    b     b     .     b |    |     0     1     2     3|
| b     b     .     b    |    |  4     5     6     7   |
|    .     b     .     b |    |     8     9    10    11|
| .     .     .     b    |    | 12    13    14    15   |
|    .     .     .     . |    |    16    17    18    19|
| b     w     w     .    |    | 20    21    22    23   |
|    w     w     .     w |    |    24    25    26    27|
| w     w     w     .    |    | 28    29    30    31   |
'------------------------'    '------------------------'

White's turn to play.
Possible moves :
22-17
22-18
27-23
30-26
21-16
21-17

Chosen move : 
21-17
,------------------------,    ,------------------------,
|    b     b     .     b |    |     0     1     2     3|
| b     b     .     b    |    |  4     5     6     7   |
|    .     b     .     b |    |     8     9    10    11|
| .     .     .     b    |    | 12    13    14    15   |
|    .     w     .     . |    |    16    17    18    19|
| b     .     w     .    |    | 20    21    22    23   |
|    w     w     .     w |    |    24    25    26    27|
| w     w     w     .    |    | 28    29    30    31   |
'------------------------'    '------------------------'

Black's turn to play.
Possible moves :
15-18
4-8
7-10
5-8
1-6
15-19
9-13
9-14

Chosen move : 
15-18
,------------------------,    ,------------------------,
|    b     b     .     b |    |     0     1     2     3|
| b     b     .     b    |    |  4     5     6     7   |
|    .     b     .     b |    |     8     9    10    11|
| .     .     .     .    |    | 12    13    14    15   |
|    .     w     b     . |    |    16    17    18    19|
| b     .     w     .    |    | 20    21    22    23   |
|    w     w     .     w |    |    24    25    26    27|
| w     w     w     .    |    | 28    29    30    31   |
'------------------------'    '------------------------'

White's turn to play.
Possible moves :
22x15

Chosen move : 
22x15
,------------------------,    ,------------------------,
|    b     b     .     b |    |     0     1     2     3|
| b     b     .     b    |    |  4     5     6     7   |
|    .     b     .     b |    |     8     9    10    11|
| .     .     .     w    |    | 12    13    14    15   |
|    .     w     .     . |    |    16    17    18    19|
| b     .     .     .    |    | 20    21    22    23   |
|    w     w     .     w |    |    24    25    26    27|
| w     w     w     .    |    | 28    29    30    31   |
'------------------------'    '------------------------'

Black's turn to play.
Possible moves :
11x18

Chosen move : 
11x18
,------------------------,    ,------------------------,
|    b     b     .     b |    |     0     1     2     3|
| b     b     .     b    |    |  4     5     6     7   |
|    .     b     .     . |    |     8     9    10    11|
| .     .     .     .    |    | 12    13    14    15   |
|    .     w     b     . |    |    16    17    18    19|
| b     .     .     .    |    | 20    21    22    23   |
|    w     w     .     w |    |    24    25    26    27|
| w     w     w     .    |    | 28    29    30    31   |
'------------------------'    '------------------------'

White's turn to play.
Possible moves :
27-23
17-13
25-22
17-14
30-26
25-21
24-21

Chosen move : 
24-21
,------------------------,    ,------------------------,
|    b     b     .     b |    |     0     1     2     3|
| b     b     .     b    |    |  4     5     6     7   |
|    .     b     .     . |    |     8     9    10    11|
| .     .     .     .    |    | 12    13    14    15   |
|    .     w     b     . |    |    16    17    18    19|
| b     w     .     .    |    | 20    21    22    23   |
|    .     w     .     w |    |    24    25    26    27|
| w     w     w     .    |    | 28    29    30    31   |
'------------------------'    '------------------------'

Black's turn to play.
Possible moves :
1-6
9-13
7-10
20-24
9-14
7-11
18-22
4-8
18-23
5-8

Chosen move : 
9-13
,------------------------,    ,------------------------,
|    b     b     .     b |    |     0     1     2     3|
| b     b     .     b    |    |  4     5     6     7   |
|    .     .     .     . |    |     8     9    10    11|
| .     b     .     .    |    | 12    13    14    15   |
|    .     w     b     . |    |    16    17    18    19|
| b     w     .     .    |    | 20    21    22    23   |
|    .     w     .     w |    |    24    25    26    27|
| w     w     w     .    |    | 28    29    30    31   |
'------------------------'    '------------------------'

White's turn to play.
Possible moves :
17x8

Chosen move : 
17x8
,------------------------,    ,------------------------,
|    b     b     .     b |    |     0     1     2     3|
| b     b     .     b    |    |  4     5     6     7   |
|    w     .     .     . |    |     8     9    10    11|
| .     .     .     .    |    | 12    13    14    15   |
|    .     .     b     . |    |    16    17    18    19|
| b     w     .     .    |    | 20    21    22    23   |
|    .     w     .     w |    |    24    25    26    27|
| w     w     w     .    |    | 28    29    30    31   |
'------------------------'    '------------------------'

Black's turn to play.
Possible moves :
5x12
4x13

Chosen move : 
5x12
,------------------------,    ,------------------------,
|    b     b     .     b |    |     0     1     2     3|
| b     .     .     b    |    |  4     5     6     7   |
|    .     .     .     . |    |     8     9    10    11|
| b     .     .     .    |    | 12    13    14    15   |
|    .     .     b     . |    |    16    17    18    19|
| b     w     .     .    |    | 20    21    22    23   |
|    .     w     .     w |    |    24    25    26    27|
| w     w     w     .    |    | 28    29    30    31   |
'------------------------'    '------------------------'

White's turn to play.
Possible moves :
25-22
30-26
21-17
27-23
29-24
21-16
28-24

Chosen move : 
21-16
,------------------------,    ,------------------------,
|    b     b     .     b |    |     0     1     2     3|
| b     .     .     b    |    |  4     5     6     7   |
|    .     .     .     . |    |     8     9    10    11|
| b     .     .     .    |    | 12    13    14    15   |
|    w     .     b     . |    |    16    17    18    19|
| b     .     .     .    |    | 20    21    22    23   |
|    .     w     .     w |    |    24    25    26    27|
| w     w     w     .    |    | 28    29    30    31   |
'------------------------'    '------------------------'

Black's turn to play.
Possible moves :
12x21
20x13

Chosen move : 
20x13
,------------------------,    ,------------------------,
|    b     b     .     b |    |     0     1     2     3|
| b     .     .     b    |    |  4     5     6     7   |
|    .     .     .     . |    |     8     9    10    11|
| b     b     .     .    |    | 12    13    14    15   |
|    .     .     b     . |    |    16    17    18    19|
| .     .     .     .    |    | 20    21    22    23   |
|    .     w     .     w |    |    24    25    26    27|
| w     w     w     .    |    | 28    29    30    31   |
'------------------------'    '------------------------'

White's turn to play.
Possible moves :
29-24
28-24
25-21
30-26
25-22
27-23

Chosen move : 
27-23
,------------------------,    ,------------------------,
|    b     b     .     b |    |     0     1     2     3|
| b     .     .     b    |    |  4     5     6     7   |
|    .     .     .     . |    |     8     9    10    11|
| b     b     .     .    |    | 12    13    14    15   |
|    .     .     b     . |    |    16    17    18    19|
| .     .     .     w    |    | 20    21    22    23   |
|    .     w     .     . |    |    24    25    26    27|
| w     w     w     .    |    | 28    29    30    31   |
'------------------------'    '------------------------'

Black's turn to play.
Possible moves :
18x27

Chosen move : 
18x27
,------------------------,    ,------------------------,
|    b     b     .     b |    |     0     1     2     3|
| b     .     .     b    |    |  4     5     6     7   |
|    .     .     .     . |    |     8     9    10    11|
| b     b     .     .    |    | 12    13    14    15   |
|    .     .     .     . |    |    16    17    18    19|
| .     .     .     .    |    | 20    21    22    23   |
|    .     w     .     b |    |    24    25    26    27|
| w     w     w     .    |    | 28    29    30    31   |
'------------------------'    '------------------------'

White's turn to play.
Possible moves :
30-26
29-24
25-21
28-24
25-22

Chosen move : 
28-24
,------------------------,    ,------------------------,
|    b     b     .     b |    |     0     1     2     3|
| b     .     .     b    |    |  4     5     6     7   |
|    .     .     .     . |    |     8     9    10    11|
| b     b     .     .    |    | 12    13    14    15   |
|    .     .     .     . |    |    16    17    18    19|
| .     .     .     .    |    | 20    21    22    23   |
|    w     w     .     b |    |    24    25    26    27|
| .     w     w     .    |    | 28    29    30    31   |
'------------------------'    '------------------------'

Black's turn to play.
Possible moves :
0-5
13-17
7-10
4-8
13-16
27-31
7-11
1-6
1-5
12-16

Chosen move : 
13-17
,------------------------,    ,------------------------,
|    b     b     .     b |    |     0     1     2     3|
| b     .     .     b    |    |  4     5     6     7   |
|    .     .     .     . |    |     8     9    10    11|
| b     .     .     .    |    | 12    13    14    15   |
|    .     b     .     . |    |    16    17    18    19|
| .     .     .     .    |    | 20    21    22    23   |
|    w     w     .     b |    |    24    25    26    27|
| .     w     w     .    |    | 28    29    30    31   |
'------------------------'    '------------------------'

White's turn to play.
Possible moves :
30-26
24-21
24-20
25-21
25-22

Chosen move : 
24-20
,------------------------,    ,------------------------,
|    b     b     .     b |    |     0     1     2     3|
| b     .     .     b    |    |  4     5     6     7   |
|    .     .     .     . |    |     8     9    10    11|
| b     .     .     .    |    | 12    13    14    15   |
|    .     b     .     . |    |    16    17    18    19|
| w     .     .     .    |    | 20    21    22    23   |
|    .     w     .     b |    |    24    25    26    27|
| .     w     w     .    |    | 28    29    30    31   |
'------------------------'    '------------------------'

Black's turn to play.
Possible moves :
1-5
1-6
27-31
7-10
0-5
12-16
4-8
17-21
7-11
17-22

Chosen move : 
4-8
,------------------------,    ,------------------------,
|    b     b     .     b |    |     0     1     2     3|
| .     .     .     b    |    |  4     5     6     7   |
|    b     .     .     . |    |     8     9    10    11|
| b     .     .     .    |    | 12    13    14    15   |
|    .     b     .     . |    |    16    17    18    19|
| w     .     .     .    |    | 20    21    22    23   |
|    .     w     .     b |    |    24    25    26    27|
| .     w     w     .    |    | 28    29    30    31   |
'------------------------'    '------------------------'

White's turn to play.
Possible moves :
25-22
20-16
30-26
29-24
25-21

Chosen move : 
25-22
,------------------------,    ,------------------------,
|    b     b     .     b |    |     0     1     2     3|
| .     .     .     b    |    |  4     5     6     7   |
|    b     .     .     . |    |     8     9    10    11|
| b     .     .     .    |    | 12    13    14    15   |
|    .     b     .     . |    |    16    17    18    19|
| w     .     w     .    |    | 20    21    22    23   |
|    .     .     .     b |    |    24    25    26    27|
| .     w     w     .    |    | 28    29    30    31   |
'------------------------'    '------------------------'

Black's turn to play.
Possible moves :
17x26

Chosen move : 
17x26
,------------------------,    ,------------------------,
|    b     b     .     b |    |     0     1     2     3|
| .     .     .     b    |    |  4     5     6     7   |
|    b     .     .     . |    |     8     9    10    11|
| b     .     .     .    |    | 12    13    14    15   |
|    .     .     .     . |    |    16    17    18    19|
| w     .     .     .    |    | 20    21    22    23   |
|    .     .     b     b |    |    24    25    26    27|
| .     w     w     .    |    | 28    29    30    31   |
'------------------------'    '------------------------'

White's turn to play.
Possible moves :
30x23

Chosen move : 
30x23
,------------------------,    ,------------------------,
|    b     b     .     b |    |     0     1     2     3|
| .     .     .     b    |    |  4     5     6     7   |
|    b     .     .     . |    |     8     9    10    11|
| b     .     .     .    |    | 12    13    14    15   |
|    .     .     .     . |    |    16    17    18    19|
| w     .     .     w    |    | 20    21    22    23   |
|    .     .     .     b |    |    24    25    26    27|
| .     w     .     .    |    | 28    29    30    31   |
'------------------------'    '------------------------'

Black's turn to play.
Possible moves :
27x18

Chosen move : 
27x18
,------------------------,    ,------------------------,
|    b     b     .     b |    |     0     1     2     3|
| .     .     .     b    |    |  4     5     6     7   |
|    b     .     .     . |    |     8     9    10    11|
| b     .     .     .    |    | 12    13    14    15   |
|    .     .     b     . |    |    16    17    18    19|
| w     .     .     .    |    | 20    21    22    23   |
|    .     .     .     . |    |    24    25    26    27|
| .     w     .     .    |    | 28    29    30    31   |
'------------------------'    '------------------------'

White's turn to play.
Possible moves :
29-25
29-24
20-16

Chosen move : 
29-24
,------------------------,    ,------------------------,
|    b     b     .     b |    |     0     1     2     3|
| .     .     .     b    |    |  4     5     6     7   |
|    b     .     .     . |    |     8     9    10    11|
| b     .     .     .    |    | 12    13    14    15   |
|    .     .     b     . |    |    16    17    18    19|
| w     .     .     .    |    | 20    21    22    23   |
|    w     .     .     . |    |    24    25    26    27|
| .     .     .     .    |    | 28    29    30    31   |
'------------------------'    '------------------------'

Black's turn to play.
Possible moves :
18-22
1-5
0-4
0-5
12-16
7-10
7-11
8-13
18-23
1-6

Chosen move : 
18-23
,------------------------,    ,------------------------,
|    b     b     .     b |    |     0     1     2     3|
| .     .     .     b    |    |  4     5     6     7   |
|    b     .     .     . |    |     8     9    10    11|
| b     .     .     .    |    | 12    13    14    15   |
|    .     .     .     . |    |    16    17    18    19|
| w     .     .     b    |    | 20    21    22    23   |
|    w     .     .     . |    |    24    25    26    27|
| .     .     .     .    |    | 28    29    30    31   |
'------------------------'    '------------------------'

White's turn to play.
Possible moves :
20-16
24-21

Chosen move : 
20-16
,------------------------,    ,------------------------,
|    b     b     .     b |    |     0     1     2     3|
| .     .     .     b    |    |  4     5     6     7   |
|    b     .     .     . |    |     8     9    10    11|
| b     .     .     .    |    | 12    13    14    15   |
|    w     .     .     . |    |    16    17    18    19|
| .     .     .     b    |    | 20    21    22    23   |
|    w     .     .     . |    |    24    25    26    27|
| .     .     .     .    |    | 28    29    30    31   |
'------------------------'    '------------------------'

Black's turn to play.
Possible moves :
12x21x28

Chosen move : 
12x21x28
,------------------------,    ,------------------------,
|    b     b     .     b |    |     0     1     2     3|
| .     .     .     b    |    |  4     5     6     7   |
|    b     .     .     . |    |     8     9    10    11|
| .     .     .     .    |    | 12    13    14    15   |
|    .     .     .     . |    |    16    17    18    19|
| .     .     .     b    |    | 20    21    22    23   |
|    .     .     .     . |    |    24    25    26    27|
| B     .     .     .    |    | 28    29    30    31   |
'------------------------'    '------------------------'

White's turn to play.
End of Game !

#PDN#
[Event "IN104 CS Project"]
[Site "ENSTA ParisTech, Palaiseau, FRA"]
[GameType “21,W,8,8,N2,0”] {Whites begin}
[Date "Tue Mar 22 15:33:54 2016"]
[Round "?"]
[White "Tristboule"]
[WhiteType "Program"]
[Black "Guiguiboule"]
[BlackType "Program"]
[Result "0-1"] {Black (Guiguiboule) wins}
[WhiteTime "0.011434316635131836"]
[BlackTime "0.011871099472045898"]

1.20-16 8-13 2.23-19 13x20 3.22-17 11-15 4.26-22 7-11 5.17-14 10x17x26 6.19x10 6x15 7.31x22 2-7 8.21-17 15-18 9.22x15 11x18 10.24-21 9-13 11.17x8 5x12 12.21-16 20x13 13.27-23 18x27 14.28-24 13-17 15.24-20 4-8 16.25-22 17x26 17.30x23 27x18 18.29-24 18-23 19.20-16 12x21x28  0-1 *
