Beginning of the game
,------------------------,    ,------------------------,
|    b     b     b     b |    |     0     1     2     3|
| b     b     b     b    |    |  4     5     6     7   |
|    b     b     b     b |    |     8     9    10    11|
| .     .     .     .    |    | 12    13    14    15   |
|    .     .     .     . |    |    16    17    18    19|
| w     w     w     w    |    | 20    21    22    23   |
|    w     w     w     w |    |    24    25    26    27|
| w     w     w     w    |    | 28    29    30    31   |
'------------------------'    '------------------------'

White's turn to play.
Possible moves :
22-18
23-18
23-19
20-16
21-17
21-16
22-17

Chosen move : 
22-18
,------------------------,    ,------------------------,
|    b     b     b     b |    |     0     1     2     3|
| b     b     b     b    |    |  4     5     6     7   |
|    b     b     b     b |    |     8     9    10    11|
| .     .     .     .    |    | 12    13    14    15   |
|    .     .     w     . |    |    16    17    18    19|
| w     w     .     w    |    | 20    21    22    23   |
|    w     w     w     w |    |    24    25    26    27|
| w     w     w     w    |    | 28    29    30    31   |
'------------------------'    '------------------------'

Black's turn to play.
Possible moves :
11-15
10-15
9-14
8-13
9-13
10-14
8-12

Chosen move : 
10-15
,------------------------,    ,------------------------,
|    b     b     b     b |    |     0     1     2     3|
| b     b     b     b    |    |  4     5     6     7   |
|    b     b     .     b |    |     8     9    10    11|
| .     .     .     b    |    | 12    13    14    15   |
|    .     .     w     . |    |    16    17    18    19|
| w     w     .     w    |    | 20    21    22    23   |
|    w     w     w     w |    |    24    25    26    27|
| w     w     w     w    |    | 28    29    30    31   |
'------------------------'    '------------------------'

White's turn to play.
Possible moves :
18-14
21-16
26-22
21-17
23-19
25-22
20-16

Chosen move : 
18-14
,------------------------,    ,------------------------,
|    b     b     b     b |    |     0     1     2     3|
| b     b     b     b    |    |  4     5     6     7   |
|    b     b     .     b |    |     8     9    10    11|
| .     .     w     b    |    | 12    13    14    15   |
|    .     .     .     . |    |    16    17    18    19|
| w     w     .     w    |    | 20    21    22    23   |
|    w     w     w     w |    |    24    25    26    27|
| w     w     w     w    |    | 28    29    30    31   |
'------------------------'    '------------------------'

Black's turn to play.
Possible moves :
9x18

Chosen move : 
9x18
,------------------------,    ,------------------------,
|    b     b     b     b |    |     0     1     2     3|
| b     b     b     b    |    |  4     5     6     7   |
|    b     .     .     b |    |     8     9    10    11|
| .     .     .     b    |    | 12    13    14    15   |
|    .     .     b     . |    |    16    17    18    19|
| w     w     .     w    |    | 20    21    22    23   |
|    w     w     w     w |    |    24    25    26    27|
| w     w     w     w    |    | 28    29    30    31   |
'------------------------'    '------------------------'

White's turn to play.
Possible moves :
23x14

Chosen move : 
23x14
,------------------------,    ,------------------------,
|    b     b     b     b |    |     0     1     2     3|
| b     b     b     b    |    |  4     5     6     7   |
|    b     .     .     b |    |     8     9    10    11|
| .     .     w     b    |    | 12    13    14    15   |
|    .     .     .     . |    |    16    17    18    19|
| w     w     .     .    |    | 20    21    22    23   |
|    w     w     w     w |    |    24    25    26    27|
| w     w     w     w    |    | 28    29    30    31   |
'------------------------'    '------------------------'

Black's turn to play.
Possible moves :
15-18
6-10
15-19
6-9
7-10
5-9
8-13
8-12

Chosen move : 
7-10
,------------------------,    ,------------------------,
|    b     b     b     b |    |     0     1     2     3|
| b     b     b     .    |    |  4     5     6     7   |
|    b     .     b     b |    |     8     9    10    11|
| .     .     w     b    |    | 12    13    14    15   |
|    .     .     .     . |    |    16    17    18    19|
| w     w     .     .    |    | 20    21    22    23   |
|    w     w     w     w |    |    24    25    26    27|
| w     w     w     w    |    | 28    29    30    31   |
'------------------------'    '------------------------'

White's turn to play.
Possible moves :
14x7

Chosen move : 
14x7
,------------------------,    ,------------------------,
|    b     b     b     b |    |     0     1     2     3|
| b     b     b     w    |    |  4     5     6     7   |
|    b     .     .     b |    |     8     9    10    11|
| .     .     .     b    |    | 12    13    14    15   |
|    .     .     .     . |    |    16    17    18    19|
| w     w     .     .    |    | 20    21    22    23   |
|    w     w     w     w |    |    24    25    26    27|
| w     w     w     w    |    | 28    29    30    31   |
'------------------------'    '------------------------'

Black's turn to play.
Possible moves :
3x10

Chosen move : 
3x10
,------------------------,    ,------------------------,
|    b     b     b     . |    |     0     1     2     3|
| b     b     b     .    |    |  4     5     6     7   |
|    b     .     b     b |    |     8     9    10    11|
| .     .     .     b    |    | 12    13    14    15   |
|    .     .     .     . |    |    16    17    18    19|
| w     w     .     .    |    | 20    21    22    23   |
|    w     w     w     w |    |    24    25    26    27|
| w     w     w     w    |    | 28    29    30    31   |
'------------------------'    '------------------------'

White's turn to play.
Possible moves :
21-17
27-23
21-16
20-16
26-22
25-22
26-23

Chosen move : 
21-17
,------------------------,    ,------------------------,
|    b     b     b     . |    |     0     1     2     3|
| b     b     b     .    |    |  4     5     6     7   |
|    b     .     b     b |    |     8     9    10    11|
| .     .     .     b    |    | 12    13    14    15   |
|    .     w     .     . |    |    16    17    18    19|
| w     .     .     .    |    | 20    21    22    23   |
|    w     w     w     w |    |    24    25    26    27|
| w     w     w     w    |    | 28    29    30    31   |
'------------------------'    '------------------------'

Black's turn to play.
Possible moves :
2-7
10-14
15-18
15-19
8-12
8-13
5-9
6-9

Chosen move : 
15-18
,------------------------,    ,------------------------,
|    b     b     b     . |    |     0     1     2     3|
| b     b     b     .    |    |  4     5     6     7   |
|    b     .     b     b |    |     8     9    10    11|
| .     .     .     .    |    | 12    13    14    15   |
|    .     w     b     . |    |    16    17    18    19|
| w     .     .     .    |    | 20    21    22    23   |
|    w     w     w     w |    |    24    25    26    27|
| w     w     w     w    |    | 28    29    30    31   |
'------------------------'    '------------------------'

White's turn to play.
Possible moves :
20-16
27-23
26-23
17-14
25-22
25-21
26-22
24-21
17-13

Chosen move : 
20-16
,------------------------,    ,------------------------,
|    b     b     b     . |    |     0     1     2     3|
| b     b     b     .    |    |  4     5     6     7   |
|    b     .     b     b |    |     8     9    10    11|
| .     .     .     .    |    | 12    13    14    15   |
|    w     w     b     . |    |    16    17    18    19|
| .     .     .     .    |    | 20    21    22    23   |
|    w     w     w     w |    |    24    25    26    27|
| w     w     w     w    |    | 28    29    30    31   |
'------------------------'    '------------------------'

Black's turn to play.
Possible moves :
8-12
11-15
6-9
10-15
10-14
18-23
5-9
2-7
8-13
18-22

Chosen move : 
5-9
,------------------------,    ,------------------------,
|    b     b     b     . |    |     0     1     2     3|
| b     .     b     .    |    |  4     5     6     7   |
|    b     b     b     b |    |     8     9    10    11|
| .     .     .     .    |    | 12    13    14    15   |
|    w     w     b     . |    |    16    17    18    19|
| .     .     .     .    |    | 20    21    22    23   |
|    w     w     w     w |    |    24    25    26    27|
| w     w     w     w    |    | 28    29    30    31   |
'------------------------'    '------------------------'

White's turn to play.
Possible moves :
26-23
27-23
17-14
17-13
16-13
25-22
24-21
16-12
24-20
25-21
26-22

Chosen move : 
26-23
,------------------------,    ,------------------------,
|    b     b     b     . |    |     0     1     2     3|
| b     .     b     .    |    |  4     5     6     7   |
|    b     b     b     b |    |     8     9    10    11|
| .     .     .     .    |    | 12    13    14    15   |
|    w     w     b     . |    |    16    17    18    19|
| .     .     .     w    |    | 20    21    22    23   |
|    w     w     .     w |    |    24    25    26    27|
| w     w     w     w    |    | 28    29    30    31   |
'------------------------'    '------------------------'

Black's turn to play.
Possible moves :
11-15
18-22
8-13
9-13
9-14
10-14
2-7
10-15
8-12
0-5
1-5

Chosen move : 
18-22
,------------------------,    ,------------------------,
|    b     b     b     . |    |     0     1     2     3|
| b     .     b     .    |    |  4     5     6     7   |
|    b     b     b     b |    |     8     9    10    11|
| .     .     .     .    |    | 12    13    14    15   |
|    w     w     .     . |    |    16    17    18    19|
| .     .     b     w    |    | 20    21    22    23   |
|    w     w     .     w |    |    24    25    26    27|
| w     w     w     w    |    | 28    29    30    31   |
'------------------------'    '------------------------'

White's turn to play.
Possible moves :
17x26
25x18

Chosen move : 
17x26
,------------------------,    ,------------------------,
|    b     b     b     . |    |     0     1     2     3|
| b     .     b     .    |    |  4     5     6     7   |
|    b     b     b     b |    |     8     9    10    11|
| .     .     .     .    |    | 12    13    14    15   |
|    w     .     .     . |    |    16    17    18    19|
| .     .     .     w    |    | 20    21    22    23   |
|    w     w     w     w |    |    24    25    26    27|
| w     w     w     w    |    | 28    29    30    31   |
'------------------------'    '------------------------'

Black's turn to play.
Possible moves :
11-15
1-5
9-14
10-15
9-13
10-14
8-13
0-5
2-7
8-12

Chosen move : 
2-7
,------------------------,    ,------------------------,
|    b     b     .     . |    |     0     1     2     3|
| b     .     b     b    |    |  4     5     6     7   |
|    b     b     b     b |    |     8     9    10    11|
| .     .     .     .    |    | 12    13    14    15   |
|    w     .     .     . |    |    16    17    18    19|
| .     .     .     w    |    | 20    21    22    23   |
|    w     w     w     w |    |    24    25    26    27|
| w     w     w     w    |    | 28    29    30    31   |
'------------------------'    '------------------------'

White's turn to play.
Possible moves :
24-21
25-22
25-21
23-18
26-22
16-12
24-20
23-19
16-13

Chosen move : 
24-21
,------------------------,    ,------------------------,
|    b     b     .     . |    |     0     1     2     3|
| b     .     b     b    |    |  4     5     6     7   |
|    b     b     b     b |    |     8     9    10    11|
| .     .     .     .    |    | 12    13    14    15   |
|    w     .     .     . |    |    16    17    18    19|
| .     w     .     w    |    | 20    21    22    23   |
|    .     w     w     w |    |    24    25    26    27|
| w     w     w     w    |    | 28    29    30    31   |
'------------------------'    '------------------------'

Black's turn to play.
Possible moves :
0-5
8-13
11-15
10-15
9-13
10-14
1-5
8-12
9-14

Chosen move : 
8-13
,------------------------,    ,------------------------,
|    b     b     .     . |    |     0     1     2     3|
| b     .     b     b    |    |  4     5     6     7   |
|    .     b     b     b |    |     8     9    10    11|
| .     b     .     .    |    | 12    13    14    15   |
|    w     .     .     . |    |    16    17    18    19|
| .     w     .     w    |    | 20    21    22    23   |
|    .     w     w     w |    |    24    25    26    27|
| w     w     w     w    |    | 28    29    30    31   |
'------------------------'    '------------------------'

White's turn to play.
Possible moves :
28-24
16-12
25-22
29-24
26-22
21-17
23-18
23-19

Chosen move : 
28-24
,------------------------,    ,------------------------,
|    b     b     .     . |    |     0     1     2     3|
| b     .     b     b    |    |  4     5     6     7   |
|    .     b     b     b |    |     8     9    10    11|
| .     b     .     .    |    | 12    13    14    15   |
|    w     .     .     . |    |    16    17    18    19|
| .     w     .     w    |    | 20    21    22    23   |
|    w     w     w     w |    |    24    25    26    27|
| .     w     w     w    |    | 28    29    30    31   |
'------------------------'    '------------------------'

Black's turn to play.
Possible moves :
13x20

Chosen move : 
13x20
,------------------------,    ,------------------------,
|    b     b     .     . |    |     0     1     2     3|
| b     .     b     b    |    |  4     5     6     7   |
|    .     b     b     b |    |     8     9    10    11|
| .     .     .     .    |    | 12    13    14    15   |
|    .     .     .     . |    |    16    17    18    19|
| b     w     .     w    |    | 20    21    22    23   |
|    w     w     w     w |    |    24    25    26    27|
| .     w     w     w    |    | 28    29    30    31   |
'------------------------'    '------------------------'

White's turn to play.
Possible moves :
23-19
21-16
25-22
26-22
21-17
23-18

Chosen move : 
23-19
,------------------------,    ,------------------------,
|    b     b     .     . |    |     0     1     2     3|
| b     .     b     b    |    |  4     5     6     7   |
|    .     b     b     b |    |     8     9    10    11|
| .     .     .     .    |    | 12    13    14    15   |
|    .     .     .     w |    |    16    17    18    19|
| b     w     .     .    |    | 20    21    22    23   |
|    w     w     w     w |    |    24    25    26    27|
| .     w     w     w    |    | 28    29    30    31   |
'------------------------'    '------------------------'

Black's turn to play.
Possible moves :
11-15
1-5
9-13
10-14
10-15
0-5
9-14
4-8

Chosen move : 
9-13
,------------------------,    ,------------------------,
|    b     b     .     . |    |     0     1     2     3|
| b     .     b     b    |    |  4     5     6     7   |
|    .     .     b     b |    |     8     9    10    11|
| .     b     .     .    |    | 12    13    14    15   |
|    .     .     .     w |    |    16    17    18    19|
| b     w     .     .    |    | 20    21    22    23   |
|    w     w     w     w |    |    24    25    26    27|
| .     w     w     w    |    | 28    29    30    31   |
'------------------------'    '------------------------'

White's turn to play.
Possible moves :
25-22
26-23
26-22
21-16
19-15
27-23
21-17

Chosen move : 
25-22
,------------------------,    ,------------------------,
|    b     b     .     . |    |     0     1     2     3|
| b     .     b     b    |    |  4     5     6     7   |
|    .     .     b     b |    |     8     9    10    11|
| .     b     .     .    |    | 12    13    14    15   |
|    .     .     .     w |    |    16    17    18    19|
| b     w     w     .    |    | 20    21    22    23   |
|    w     .     w     w |    |    24    25    26    27|
| .     w     w     w    |    | 28    29    30    31   |
'------------------------'    '------------------------'

Black's turn to play.
Possible moves :
4-8
13-16
11-15
1-5
10-14
0-5
10-15
6-9
13-17

Chosen move : 
0-5
,------------------------,    ,------------------------,
|    .     b     .     . |    |     0     1     2     3|
| b     b     b     b    |    |  4     5     6     7   |
|    .     .     b     b |    |     8     9    10    11|
| .     b     .     .    |    | 12    13    14    15   |
|    .     .     .     w |    |    16    17    18    19|
| b     w     w     .    |    | 20    21    22    23   |
|    w     .     w     w |    |    24    25    26    27|
| .     w     w     w    |    | 28    29    30    31   |
'------------------------'    '------------------------'

White's turn to play.
Possible moves :
21-17
29-25
19-15
22-17
26-23
21-16
27-23
30-25
22-18

Chosen move : 
21-17
,------------------------,    ,------------------------,
|    .     b     .     . |    |     0     1     2     3|
| b     b     b     b    |    |  4     5     6     7   |
|    .     .     b     b |    |     8     9    10    11|
| .     b     .     .    |    | 12    13    14    15   |
|    .     w     .     w |    |    16    17    18    19|
| b     .     w     .    |    | 20    21    22    23   |
|    w     .     w     w |    |    24    25    26    27|
| .     w     w     w    |    | 28    29    30    31   |
'------------------------'    '------------------------'

Black's turn to play.
Possible moves :
11-15
10-15
5-9
10-14
5-8
13-16
6-9
4-8

Chosen move : 
10-15
,------------------------,    ,------------------------,
|    .     b     .     . |    |     0     1     2     3|
| b     b     b     b    |    |  4     5     6     7   |
|    .     .     .     b |    |     8     9    10    11|
| .     b     .     b    |    | 12    13    14    15   |
|    .     w     .     w |    |    16    17    18    19|
| b     .     w     .    |    | 20    21    22    23   |
|    w     .     w     w |    |    24    25    26    27|
| .     w     w     w    |    | 28    29    30    31   |
'------------------------'    '------------------------'

White's turn to play.
Possible moves :
19x10x3

Chosen move : 
19x10x3
,------------------------,    ,------------------------,
|    .     b     .     W |    |     0     1     2     3|
| b     b     b     .    |    |  4     5     6     7   |
|    .     .     .     b |    |     8     9    10    11|
| .     b     .     .    |    | 12    13    14    15   |
|    .     w     .     . |    |    16    17    18    19|
| b     .     w     .    |    | 20    21    22    23   |
|    w     .     w     w |    |    24    25    26    27|
| .     w     w     w    |    | 28    29    30    31   |
'------------------------'    '------------------------'

Black's turn to play.
Possible moves :
5-8
6-9
5-9
11-15
13-16
6-10
4-8

Chosen move : 
11-15
,------------------------,    ,------------------------,
|    .     b     .     W |    |     0     1     2     3|
| b     b     b     .    |    |  4     5     6     7   |
|    .     .     .     . |    |     8     9    10    11|
| .     b     .     b    |    | 12    13    14    15   |
|    .     w     .     . |    |    16    17    18    19|
| b     .     w     .    |    | 20    21    22    23   |
|    w     .     w     w |    |    24    25    26    27|
| .     w     w     w    |    | 28    29    30    31   |
'------------------------'    '------------------------'

White's turn to play.
Possible moves :
17x8

Chosen move : 
17x8
,------------------------,    ,------------------------,
|    .     b     .     W |    |     0     1     2     3|
| b     b     b     .    |    |  4     5     6     7   |
|    w     .     .     . |    |     8     9    10    11|
| .     .     .     b    |    | 12    13    14    15   |
|    .     .     .     . |    |    16    17    18    19|
| b     .     w     .    |    | 20    21    22    23   |
|    w     .     w     w |    |    24    25    26    27|
| .     w     w     w    |    | 28    29    30    31   |
'------------------------'    '------------------------'

Black's turn to play.
Possible moves :
5x12
4x13

Chosen move : 
5x12
,------------------------,    ,------------------------,
|    .     b     .     W |    |     0     1     2     3|
| b     .     b     .    |    |  4     5     6     7   |
|    .     .     .     . |    |     8     9    10    11|
| b     .     .     b    |    | 12    13    14    15   |
|    .     .     .     . |    |    16    17    18    19|
| b     .     w     .    |    | 20    21    22    23   |
|    w     .     w     w |    |    24    25    26    27|
| .     w     w     w    |    | 28    29    30    31   |
'------------------------'    '------------------------'

White's turn to play.
Possible moves :
26-23
24-21
22-17
29-25
22-18
3-7
27-23
30-25

Chosen move : 
26-23
,------------------------,    ,------------------------,
|    .     b     .     W |    |     0     1     2     3|
| b     .     b     .    |    |  4     5     6     7   |
|    .     .     .     . |    |     8     9    10    11|
| b     .     .     b    |    | 12    13    14    15   |
|    .     .     .     . |    |    16    17    18    19|
| b     .     w     w    |    | 20    21    22    23   |
|    w     .     .     w |    |    24    25    26    27|
| .     w     w     w    |    | 28    29    30    31   |
'------------------------'    '------------------------'

Black's turn to play.
Possible moves :
4-8
12-16
15-19
1-5
15-18
6-10
6-9

Chosen move : 
15-19
,------------------------,    ,------------------------,
|    .     b     .     W |    |     0     1     2     3|
| b     .     b     .    |    |  4     5     6     7   |
|    .     .     .     . |    |     8     9    10    11|
| b     .     .     .    |    | 12    13    14    15   |
|    .     .     .     b |    |    16    17    18    19|
| b     .     w     w    |    | 20    21    22    23   |
|    w     .     .     w |    |    24    25    26    27|
| .     w     w     w    |    | 28    29    30    31   |
'------------------------'    '------------------------'

White's turn to play.
Possible moves :
23-18
30-25
24-21
30-26
29-25
3-7
22-18
31-26
22-17

Chosen move : 
23-18
,------------------------,    ,------------------------,
|    .     b     .     W |    |     0     1     2     3|
| b     .     b     .    |    |  4     5     6     7   |
|    .     .     .     . |    |     8     9    10    11|
| b     .     .     .    |    | 12    13    14    15   |
|    .     .     w     b |    |    16    17    18    19|
| b     .     w     .    |    | 20    21    22    23   |
|    w     .     .     w |    |    24    25    26    27|
| .     w     w     w    |    | 28    29    30    31   |
'------------------------'    '------------------------'

Black's turn to play.
Possible moves :
6-9
6-10
1-5
4-8
12-16
19-23

Chosen move : 
1-5
,------------------------,    ,------------------------,
|    .     .     .     W |    |     0     1     2     3|
| b     b     b     .    |    |  4     5     6     7   |
|    .     .     .     . |    |     8     9    10    11|
| b     .     .     .    |    | 12    13    14    15   |
|    .     .     w     b |    |    16    17    18    19|
| b     .     w     .    |    | 20    21    22    23   |
|    w     .     .     w |    |    24    25    26    27|
| .     w     w     w    |    | 28    29    30    31   |
'------------------------'    '------------------------'

White's turn to play.
Possible moves :
3-7
22-17
31-26
29-25
30-26
30-25
27-23
18-15
18-14
24-21

Chosen move : 
3-7
,------------------------,    ,------------------------,
|    .     .     .     . |    |     0     1     2     3|
| b     b     b     W    |    |  4     5     6     7   |
|    .     .     .     . |    |     8     9    10    11|
| b     .     .     .    |    | 12    13    14    15   |
|    .     .     w     b |    |    16    17    18    19|
| b     .     w     .    |    | 20    21    22    23   |
|    w     .     .     w |    |    24    25    26    27|
| .     w     w     w    |    | 28    29    30    31   |
'------------------------'    '------------------------'

Black's turn to play.
Possible moves :
19-23
6-10
12-16
6-9
4-8
5-8
5-9

Chosen move : 
4-8
,------------------------,    ,------------------------,
|    .     .     .     . |    |     0     1     2     3|
| .     b     b     W    |    |  4     5     6     7   |
|    b     .     .     . |    |     8     9    10    11|
| b     .     .     .    |    | 12    13    14    15   |
|    .     .     w     b |    |    16    17    18    19|
| b     .     w     .    |    | 20    21    22    23   |
|    w     .     .     w |    |    24    25    26    27|
| .     w     w     w    |    | 28    29    30    31   |
'------------------------'    '------------------------'

White's turn to play.
Possible moves :
24-21
29-25
7-10
31-26
7-3
30-26
27-23
18-14
7-11
30-25
18-15
22-17
7-2

Chosen move : 
24-21
,------------------------,    ,------------------------,
|    .     .     .     . |    |     0     1     2     3|
| .     b     b     W    |    |  4     5     6     7   |
|    b     .     .     . |    |     8     9    10    11|
| b     .     .     .    |    | 12    13    14    15   |
|    .     .     w     b |    |    16    17    18    19|
| b     w     w     .    |    | 20    21    22    23   |
|    .     .     .     w |    |    24    25    26    27|
| .     w     w     w    |    | 28    29    30    31   |
'------------------------'    '------------------------'

Black's turn to play.
Possible moves :
6-9
8-13
12-16
5-9
20-24
6-10
19-23

Chosen move : 
19-23
,------------------------,    ,------------------------,
|    .     .     .     . |    |     0     1     2     3|
| .     b     b     W    |    |  4     5     6     7   |
|    b     .     .     . |    |     8     9    10    11|
| b     .     .     .    |    | 12    13    14    15   |
|    .     .     w     . |    |    16    17    18    19|
| b     w     w     b    |    | 20    21    22    23   |
|    .     .     .     w |    |    24    25    26    27|
| .     w     w     w    |    | 28    29    30    31   |
'------------------------'    '------------------------'

White's turn to play.
Possible moves :
7-2
7-3
7-10
21-16
29-25
29-24
30-25
22-17
7-11
31-26
18-15
18-14
21-17
30-26

Chosen move : 
7-2
,------------------------,    ,------------------------,
|    .     .     W     . |    |     0     1     2     3|
| .     b     b     .    |    |  4     5     6     7   |
|    b     .     .     . |    |     8     9    10    11|
| b     .     .     .    |    | 12    13    14    15   |
|    .     .     w     . |    |    16    17    18    19|
| b     w     w     b    |    | 20    21    22    23   |
|    .     .     .     w |    |    24    25    26    27|
| .     w     w     w    |    | 28    29    30    31   |
'------------------------'    '------------------------'

Black's turn to play.
Possible moves :
23x14

Chosen move : 
23x14
,------------------------,    ,------------------------,
|    .     .     W     . |    |     0     1     2     3|
| .     b     b     .    |    |  4     5     6     7   |
|    b     .     .     . |    |     8     9    10    11|
| b     .     b     .    |    | 12    13    14    15   |
|    .     .     .     . |    |    16    17    18    19|
| b     w     w     .    |    | 20    21    22    23   |
|    .     .     .     w |    |    24    25    26    27|
| .     w     w     w    |    | 28    29    30    31   |
'------------------------'    '------------------------'

White's turn to play.
Possible moves :
2x9x18
2x9x0

Chosen move : 
2x9x18
,------------------------,    ,------------------------,
|    .     .     .     . |    |     0     1     2     3|
| .     b     .     .    |    |  4     5     6     7   |
|    b     .     .     . |    |     8     9    10    11|
| b     .     .     .    |    | 12    13    14    15   |
|    .     .     W     . |    |    16    17    18    19|
| b     w     w     .    |    | 20    21    22    23   |
|    .     .     .     w |    |    24    25    26    27|
| .     w     w     w    |    | 28    29    30    31   |
'------------------------'    '------------------------'

Black's turn to play.
Possible moves :
8-13
12-16
5-9
20-24

Chosen move : 
5-9
,------------------------,    ,------------------------,
|    .     .     .     . |    |     0     1     2     3|
| .     .     .     .    |    |  4     5     6     7   |
|    b     b     .     . |    |     8     9    10    11|
| b     .     .     .    |    | 12    13    14    15   |
|    .     .     W     . |    |    16    17    18    19|
| b     w     w     .    |    | 20    21    22    23   |
|    .     .     .     w |    |    24    25    26    27|
| .     w     w     w    |    | 28    29    30    31   |
'------------------------'    '------------------------'

White's turn to play.
Possible moves :
27-23
31-26
29-25
30-25
30-26
18-15
21-16
22-17
29-24
21-17
18-23
18-14

Chosen move : 
27-23
,------------------------,    ,------------------------,
|    .     .     .     . |    |     0     1     2     3|
| .     .     .     .    |    |  4     5     6     7   |
|    b     b     .     . |    |     8     9    10    11|
| b     .     .     .    |    | 12    13    14    15   |
|    .     .     W     . |    |    16    17    18    19|
| b     w     w     w    |    | 20    21    22    23   |
|    .     .     .     . |    |    24    25    26    27|
| .     w     w     w    |    | 28    29    30    31   |
'------------------------'    '------------------------'

Black's turn to play.
Possible moves :
9-14
20-24
12-16
8-13
9-13

Chosen move : 
8-13
,------------------------,    ,------------------------,
|    .     .     .     . |    |     0     1     2     3|
| .     .     .     .    |    |  4     5     6     7   |
|    .     b     .     . |    |     8     9    10    11|
| b     b     .     .    |    | 12    13    14    15   |
|    .     .     W     . |    |    16    17    18    19|
| b     w     w     w    |    | 20    21    22    23   |
|    .     .     .     . |    |    24    25    26    27|
| .     w     w     w    |    | 28    29    30    31   |
'------------------------'    '------------------------'

White's turn to play.
Possible moves :
23-19
30-25
30-26
21-16
31-26
29-25
18-15
29-24
21-17
18-14
31-27
22-17

Chosen move : 
23-19
,------------------------,    ,------------------------,
|    .     .     .     . |    |     0     1     2     3|
| .     .     .     .    |    |  4     5     6     7   |
|    .     b     .     . |    |     8     9    10    11|
| b     b     .     .    |    | 12    13    14    15   |
|    .     .     W     w |    |    16    17    18    19|
| b     w     w     .    |    | 20    21    22    23   |
|    .     .     .     . |    |    24    25    26    27|
| .     w     w     w    |    | 28    29    30    31   |
'------------------------'    '------------------------'

Black's turn to play.
Possible moves :
9-14
13-17
12-16
13-16
20-24

Chosen move : 
13-16
,------------------------,    ,------------------------,
|    .     .     .     . |    |     0     1     2     3|
| .     .     .     .    |    |  4     5     6     7   |
|    .     b     .     . |    |     8     9    10    11|
| b     .     .     .    |    | 12    13    14    15   |
|    b     .     W     w |    |    16    17    18    19|
| b     w     w     .    |    | 20    21    22    23   |
|    .     .     .     . |    |    24    25    26    27|
| .     w     w     w    |    | 28    29    30    31   |
'------------------------'    '------------------------'

White's turn to play.
Possible moves :
30-26
29-25
31-27
18-23
21-17
22-17
18-14
30-25
29-24
18-15
31-26
19-15

Chosen move : 
30-26
,------------------------,    ,------------------------,
|    .     .     .     . |    |     0     1     2     3|
| .     .     .     .    |    |  4     5     6     7   |
|    .     b     .     . |    |     8     9    10    11|
| b     .     .     .    |    | 12    13    14    15   |
|    b     .     W     w |    |    16    17    18    19|
| b     w     w     .    |    | 20    21    22    23   |
|    .     .     w     . |    |    24    25    26    27|
| .     w     .     w    |    | 28    29    30    31   |
'------------------------'    '------------------------'

Black's turn to play.
Possible moves :
16x25

Chosen move : 
16x25
,------------------------,    ,------------------------,
|    .     .     .     . |    |     0     1     2     3|
| .     .     .     .    |    |  4     5     6     7   |
|    .     b     .     . |    |     8     9    10    11|
| b     .     .     .    |    | 12    13    14    15   |
|    .     .     W     w |    |    16    17    18    19|
| b     .     w     .    |    | 20    21    22    23   |
|    .     b     w     . |    |    24    25    26    27|
| .     w     .     w    |    | 28    29    30    31   |
'------------------------'    '------------------------'

White's turn to play.
Possible moves :
18-23
31-27
29-24
18-14
22-17
18-15
19-15
26-23

Chosen move : 
18-23
,------------------------,    ,------------------------,
|    .     .     .     . |    |     0     1     2     3|
| .     .     .     .    |    |  4     5     6     7   |
|    .     b     .     . |    |     8     9    10    11|
| b     .     .     .    |    | 12    13    14    15   |
|    .     .     .     w |    |    16    17    18    19|
| b     .     w     W    |    | 20    21    22    23   |
|    .     b     w     . |    |    24    25    26    27|
| .     w     .     w    |    | 28    29    30    31   |
'------------------------'    '------------------------'

Black's turn to play.
Possible moves :
25x18x27

Chosen move : 
25x18x27
,------------------------,    ,------------------------,
|    .     .     .     . |    |     0     1     2     3|
| .     .     .     .    |    |  4     5     6     7   |
|    .     b     .     . |    |     8     9    10    11|
| b     .     .     .    |    | 12    13    14    15   |
|    .     .     .     w |    |    16    17    18    19|
| b     .     .     .    |    | 20    21    22    23   |
|    .     .     w     b |    |    24    25    26    27|
| .     w     .     w    |    | 28    29    30    31   |
'------------------------'    '------------------------'

White's turn to play.
Possible moves :
26-22
29-24
26-23
29-25
19-15

Chosen move : 
26-22
,------------------------,    ,------------------------,
|    .     .     .     . |    |     0     1     2     3|
| .     .     .     .    |    |  4     5     6     7   |
|    .     b     .     . |    |     8     9    10    11|
| b     .     .     .    |    | 12    13    14    15   |
|    .     .     .     w |    |    16    17    18    19|
| b     .     w     .    |    | 20    21    22    23   |
|    .     .     .     b |    |    24    25    26    27|
| .     w     .     w    |    | 28    29    30    31   |
'------------------------'    '------------------------'

Black's turn to play.
Possible moves :
9-13
9-14
20-24
12-16

Chosen move : 
9-14
,------------------------,    ,------------------------,
|    .     .     .     . |    |     0     1     2     3|
| .     .     .     .    |    |  4     5     6     7   |
|    .     .     .     . |    |     8     9    10    11|
| b     .     b     .    |    | 12    13    14    15   |
|    .     .     .     w |    |    16    17    18    19|
| b     .     w     .    |    | 20    21    22    23   |
|    .     .     .     b |    |    24    25    26    27|
| .     w     .     w    |    | 28    29    30    31   |
'------------------------'    '------------------------'

White's turn to play.
Possible moves :
29-25
22-17
29-24
22-18
19-15
31-26

Chosen move : 
29-25
,------------------------,    ,------------------------,
|    .     .     .     . |    |     0     1     2     3|
| .     .     .     .    |    |  4     5     6     7   |
|    .     .     .     . |    |     8     9    10    11|
| b     .     b     .    |    | 12    13    14    15   |
|    .     .     .     w |    |    16    17    18    19|
| b     .     w     .    |    | 20    21    22    23   |
|    .     w     .     b |    |    24    25    26    27|
| .     .     .     w    |    | 28    29    30    31   |
'------------------------'    '------------------------'

Black's turn to play.
Possible moves :
14-17
14-18
20-24
12-16

Chosen move : 
20-24
,------------------------,    ,------------------------,
|    .     .     .     . |    |     0     1     2     3|
| .     .     .     .    |    |  4     5     6     7   |
|    .     .     .     . |    |     8     9    10    11|
| b     .     b     .    |    | 12    13    14    15   |
|    .     .     .     w |    |    16    17    18    19|
| .     .     w     .    |    | 20    21    22    23   |
|    b     w     .     b |    |    24    25    26    27|
| .     .     .     w    |    | 28    29    30    31   |
'------------------------'    '------------------------'

White's turn to play.
Possible moves :
22-17
25-21
31-26
19-15
22-18

Chosen move : 
22-17
,------------------------,    ,------------------------,
|    .     .     .     . |    |     0     1     2     3|
| .     .     .     .    |    |  4     5     6     7   |
|    .     .     .     . |    |     8     9    10    11|
| b     .     b     .    |    | 12    13    14    15   |
|    .     w     .     w |    |    16    17    18    19|
| .     .     .     .    |    | 20    21    22    23   |
|    b     w     .     b |    |    24    25    26    27|
| .     .     .     w    |    | 28    29    30    31   |
'------------------------'    '------------------------'

Black's turn to play.
Possible moves :
14x21x30

Chosen move : 
14x21x30
,------------------------,    ,------------------------,
|    .     .     .     . |    |     0     1     2     3|
| .     .     .     .    |    |  4     5     6     7   |
|    .     .     .     . |    |     8     9    10    11|
| b     .     .     .    |    | 12    13    14    15   |
|    .     .     .     w |    |    16    17    18    19|
| .     .     .     .    |    | 20    21    22    23   |
|    b     .     .     b |    |    24    25    26    27|
| .     .     B     w    |    | 28    29    30    31   |
'------------------------'    '------------------------'

White's turn to play.
Possible moves :
19-15
31-26

Chosen move : 
19-15
,------------------------,    ,------------------------,
|    .     .     .     . |    |     0     1     2     3|
| .     .     .     .    |    |  4     5     6     7   |
|    .     .     .     . |    |     8     9    10    11|
| b     .     .     w    |    | 12    13    14    15   |
|    .     .     .     . |    |    16    17    18    19|
| .     .     .     .    |    | 20    21    22    23   |
|    b     .     .     b |    |    24    25    26    27|
| .     .     B     w    |    | 28    29    30    31   |
'------------------------'    '------------------------'

Black's turn to play.
Possible moves :
30-25
12-16
24-29
30-26
24-28

Chosen move : 
30-25
,------------------------,    ,------------------------,
|    .     .     .     . |    |     0     1     2     3|
| .     .     .     .    |    |  4     5     6     7   |
|    .     .     .     . |    |     8     9    10    11|
| b     .     .     w    |    | 12    13    14    15   |
|    .     .     .     . |    |    16    17    18    19|
| .     .     .     .    |    | 20    21    22    23   |
|    b     B     .     b |    |    24    25    26    27|
| .     .     .     w    |    | 28    29    30    31   |
'------------------------'    '------------------------'

White's turn to play.
Possible moves :
15-10
15-11
31-26

Chosen move : 
15-10
,------------------------,    ,------------------------,
|    .     .     .     . |    |     0     1     2     3|
| .     .     .     .    |    |  4     5     6     7   |
|    .     .     w     . |    |     8     9    10    11|
| b     .     .     .    |    | 12    13    14    15   |
|    .     .     .     . |    |    16    17    18    19|
| .     .     .     .    |    | 20    21    22    23   |
|    b     B     .     b |    |    24    25    26    27|
| .     .     .     w    |    | 28    29    30    31   |
'------------------------'    '------------------------'

Black's turn to play.
Possible moves :
25-22
25-30
25-29
25-21
12-16
24-28
24-29

Chosen move : 
25-21
,------------------------,    ,------------------------,
|    .     .     .     . |    |     0     1     2     3|
| .     .     .     .    |    |  4     5     6     7   |
|    .     .     w     . |    |     8     9    10    11|
| b     .     .     .    |    | 12    13    14    15   |
|    .     .     .     . |    |    16    17    18    19|
| .     B     .     .    |    | 20    21    22    23   |
|    b     .     .     b |    |    24    25    26    27|
| .     .     .     w    |    | 28    29    30    31   |
'------------------------'    '------------------------'

White's turn to play.
Possible moves :
10-6
10-7
31-26

Chosen move : 
10-6
,------------------------,    ,------------------------,
|    .     .     .     . |    |     0     1     2     3|
| .     .     w     .    |    |  4     5     6     7   |
|    .     .     .     . |    |     8     9    10    11|
| b     .     .     .    |    | 12    13    14    15   |
|    .     .     .     . |    |    16    17    18    19|
| .     B     .     .    |    | 20    21    22    23   |
|    b     .     .     b |    |    24    25    26    27|
| .     .     .     w    |    | 28    29    30    31   |
'------------------------'    '------------------------'

Black's turn to play.
Possible moves :
21-16
12-16
24-28
21-25
21-17
24-29

Chosen move : 
21-16
,------------------------,    ,------------------------,
|    .     .     .     . |    |     0     1     2     3|
| .     .     w     .    |    |  4     5     6     7   |
|    .     .     .     . |    |     8     9    10    11|
| b     .     .     .    |    | 12    13    14    15   |
|    B     .     .     . |    |    16    17    18    19|
| .     .     .     .    |    | 20    21    22    23   |
|    b     .     .     b |    |    24    25    26    27|
| .     .     .     w    |    | 28    29    30    31   |
'------------------------'    '------------------------'

White's turn to play.
Possible moves :
6-1
6-2
31-26

Chosen move : 
6-1
,------------------------,    ,------------------------,
|    .     W     .     . |    |     0     1     2     3|
| .     .     .     .    |    |  4     5     6     7   |
|    .     .     .     . |    |     8     9    10    11|
| b     .     .     .    |    | 12    13    14    15   |
|    B     .     .     . |    |    16    17    18    19|
| .     .     .     .    |    | 20    21    22    23   |
|    b     .     .     b |    |    24    25    26    27|
| .     .     .     w    |    | 28    29    30    31   |
'------------------------'    '------------------------'

Black's turn to play.
Possible moves :
16-13
16-21
24-29
16-20
24-28

Chosen move : 
16-21
,------------------------,    ,------------------------,
|    .     W     .     . |    |     0     1     2     3|
| .     .     .     .    |    |  4     5     6     7   |
|    .     .     .     . |    |     8     9    10    11|
| b     .     .     .    |    | 12    13    14    15   |
|    .     .     .     . |    |    16    17    18    19|
| .     B     .     .    |    | 20    21    22    23   |
|    b     .     .     b |    |    24    25    26    27|
| .     .     .     w    |    | 28    29    30    31   |
'------------------------'    '------------------------'

White's turn to play.
Possible moves :
1-6
31-26
1-5

Chosen move : 
1-6
,------------------------,    ,------------------------,
|    .     .     .     . |    |     0     1     2     3|
| .     .     W     .    |    |  4     5     6     7   |
|    .     .     .     . |    |     8     9    10    11|
| b     .     .     .    |    | 12    13    14    15   |
|    .     .     .     . |    |    16    17    18    19|
| .     B     .     .    |    | 20    21    22    23   |
|    b     .     .     b |    |    24    25    26    27|
| .     .     .     w    |    | 28    29    30    31   |
'------------------------'    '------------------------'

Black's turn to play.
Possible moves :
12-16
21-25
24-28
21-16
21-17
24-29

Chosen move : 
12-16
,------------------------,    ,------------------------,
|    .     .     .     . |    |     0     1     2     3|
| .     .     W     .    |    |  4     5     6     7   |
|    .     .     .     . |    |     8     9    10    11|
| .     .     .     .    |    | 12    13    14    15   |
|    b     .     .     . |    |    16    17    18    19|
| .     B     .     .    |    | 20    21    22    23   |
|    b     .     .     b |    |    24    25    26    27|
| .     .     .     w    |    | 28    29    30    31   |
'------------------------'    '------------------------'

White's turn to play.
Possible moves :
31-26
6-9
6-1
6-2
6-10

Chosen move : 
31-26
,------------------------,    ,------------------------,
|    .     .     .     . |    |     0     1     2     3|
| .     .     W     .    |    |  4     5     6     7   |
|    .     .     .     . |    |     8     9    10    11|
| .     .     .     .    |    | 12    13    14    15   |
|    b     .     .     . |    |    16    17    18    19|
| .     B     .     .    |    | 20    21    22    23   |
|    b     .     w     b |    |    24    25    26    27|
| .     .     .     .    |    | 28    29    30    31   |
'------------------------'    '------------------------'

Black's turn to play.
Possible moves :
21-17
24-28
21-25
24-29
16-20
27-31

Chosen move : 
24-29
,------------------------,    ,------------------------,
|    .     .     .     . |    |     0     1     2     3|
| .     .     W     .    |    |  4     5     6     7   |
|    .     .     .     . |    |     8     9    10    11|
| .     .     .     .    |    | 12    13    14    15   |
|    b     .     .     . |    |    16    17    18    19|
| .     B     .     .    |    | 20    21    22    23   |
|    .     .     w     b |    |    24    25    26    27|
| .     B     .     .    |    | 28    29    30    31   |
'------------------------'    '------------------------'

White's turn to play.
Possible moves :
26-23
6-2
6-1
26-22
6-10
6-9

Chosen move : 
26-23
,------------------------,    ,------------------------,
|    .     .     .     . |    |     0     1     2     3|
| .     .     W     .    |    |  4     5     6     7   |
|    .     .     .     . |    |     8     9    10    11|
| .     .     .     .    |    | 12    13    14    15   |
|    b     .     .     . |    |    16    17    18    19|
| .     B     .     w    |    | 20    21    22    23   |
|    .     .     .     b |    |    24    25    26    27|
| .     B     .     .    |    | 28    29    30    31   |
'------------------------'    '------------------------'

Black's turn to play.
Possible moves :
27x18

Chosen move : 
27x18
,------------------------,    ,------------------------,
|    .     .     .     . |    |     0     1     2     3|
| .     .     W     .    |    |  4     5     6     7   |
|    .     .     .     . |    |     8     9    10    11|
| .     .     .     .    |    | 12    13    14    15   |
|    b     .     b     . |    |    16    17    18    19|
| .     B     .     .    |    | 20    21    22    23   |
|    .     .     .     . |    |    24    25    26    27|
| .     B     .     .    |    | 28    29    30    31   |
'------------------------'    '------------------------'

White's turn to play.
Possible moves :
6-9
6-10
6-1
6-2

Chosen move : 
6-9
,------------------------,    ,------------------------,
|    .     .     .     . |    |     0     1     2     3|
| .     .     .     .    |    |  4     5     6     7   |
|    .     W     .     . |    |     8     9    10    11|
| .     .     .     .    |    | 12    13    14    15   |
|    b     .     b     . |    |    16    17    18    19|
| .     B     .     .    |    | 20    21    22    23   |
|    .     .     .     . |    |    24    25    26    27|
| .     B     .     .    |    | 28    29    30    31   |
'------------------------'    '------------------------'

Black's turn to play.
Possible moves :
21-17
29-24
18-22
16-20
21-25
21-24
18-23
29-25

Chosen move : 
21-25
,------------------------,    ,------------------------,
|    .     .     .     . |    |     0     1     2     3|
| .     .     .     .    |    |  4     5     6     7   |
|    .     W     .     . |    |     8     9    10    11|
| .     .     .     .    |    | 12    13    14    15   |
|    b     .     b     . |    |    16    17    18    19|
| .     .     .     .    |    | 20    21    22    23   |
|    .     B     .     . |    |    24    25    26    27|
| .     B     .     .    |    | 28    29    30    31   |
'------------------------'    '------------------------'

White's turn to play.
Possible moves :
9-5
9-14
9-13
9-6

Chosen move : 
9-5
,------------------------,    ,------------------------,
|    .     .     .     . |    |     0     1     2     3|
| .     W     .     .    |    |  4     5     6     7   |
|    .     .     .     . |    |     8     9    10    11|
| .     .     .     .    |    | 12    13    14    15   |
|    b     .     b     . |    |    16    17    18    19|
| .     .     .     .    |    | 20    21    22    23   |
|    .     B     .     . |    |    24    25    26    27|
| .     B     .     .    |    | 28    29    30    31   |
'------------------------'    '------------------------'

Black's turn to play.
Possible moves :
16-21
25-30
16-20
25-21
25-22
29-24
18-22
18-23

Chosen move : 
25-22
,------------------------,    ,------------------------,
|    .     .     .     . |    |     0     1     2     3|
| .     W     .     .    |    |  4     5     6     7   |
|    .     .     .     . |    |     8     9    10    11|
| .     .     .     .    |    | 12    13    14    15   |
|    b     .     b     . |    |    16    17    18    19|
| .     .     B     .    |    | 20    21    22    23   |
|    .     .     .     . |    |    24    25    26    27|
| .     B     .     .    |    | 28    29    30    31   |
'------------------------'    '------------------------'

White's turn to play.
Possible moves :
5-1
5-8
5-0
5-9

Chosen move : 
5-1
,------------------------,    ,------------------------,
|    .     W     .     . |    |     0     1     2     3|
| .     .     .     .    |    |  4     5     6     7   |
|    .     .     .     . |    |     8     9    10    11|
| .     .     .     .    |    | 12    13    14    15   |
|    b     .     b     . |    |    16    17    18    19|
| .     .     B     .    |    | 20    21    22    23   |
|    .     .     .     . |    |    24    25    26    27|
| .     B     .     .    |    | 28    29    30    31   |
'------------------------'    '------------------------'

Black's turn to play.
Possible moves :
29-25
18-23
29-24
16-21
16-20
22-25
22-26
22-17

Chosen move : 
22-26
,------------------------,    ,------------------------,
|    .     W     .     . |    |     0     1     2     3|
| .     .     .     .    |    |  4     5     6     7   |
|    .     .     .     . |    |     8     9    10    11|
| .     .     .     .    |    | 12    13    14    15   |
|    b     .     b     . |    |    16    17    18    19|
| .     .     .     .    |    | 20    21    22    23   |
|    .     .     B     . |    |    24    25    26    27|
| .     B     .     .    |    | 28    29    30    31   |
'------------------------'    '------------------------'

White's turn to play.
Possible moves :
1-6
1-5

Chosen move : 
1-6
,------------------------,    ,------------------------,
|    .     .     .     . |    |     0     1     2     3|
| .     .     W     .    |    |  4     5     6     7   |
|    .     .     .     . |    |     8     9    10    11|
| .     .     .     .    |    | 12    13    14    15   |
|    b     .     b     . |    |    16    17    18    19|
| .     .     .     .    |    | 20    21    22    23   |
|    .     .     B     . |    |    24    25    26    27|
| .     B     .     .    |    | 28    29    30    31   |
'------------------------'    '------------------------'

Black's turn to play.
Possible moves :
26-30
29-25
18-23
16-21
18-22
26-23
16-20
29-24
26-31
26-22

Chosen move : 
26-22
,------------------------,    ,------------------------,
|    .     .     .     . |    |     0     1     2     3|
| .     .     W     .    |    |  4     5     6     7   |
|    .     .     .     . |    |     8     9    10    11|
| .     .     .     .    |    | 12    13    14    15   |
|    b     .     b     . |    |    16    17    18    19|
| .     .     B     .    |    | 20    21    22    23   |
|    .     .     .     . |    |    24    25    26    27|
| .     B     .     .    |    | 28    29    30    31   |
'------------------------'    '------------------------'

White's turn to play.
Possible moves :
6-2
6-10
6-1
6-9

Chosen move : 
6-2
,------------------------,    ,------------------------,
|    .     .     W     . |    |     0     1     2     3|
| .     .     .     .    |    |  4     5     6     7   |
|    .     .     .     . |    |     8     9    10    11|
| .     .     .     .    |    | 12    13    14    15   |
|    b     .     b     . |    |    16    17    18    19|
| .     .     B     .    |    | 20    21    22    23   |
|    .     .     .     . |    |    24    25    26    27|
| .     B     .     .    |    | 28    29    30    31   |
'------------------------'    '------------------------'

Black's turn to play.
Possible moves :
22-25
22-26
22-17
29-25
16-20
29-24
16-21
18-23

Chosen move : 
29-25
,------------------------,    ,------------------------,
|    .     .     W     . |    |     0     1     2     3|
| .     .     .     .    |    |  4     5     6     7   |
|    .     .     .     . |    |     8     9    10    11|
| .     .     .     .    |    | 12    13    14    15   |
|    b     .     b     . |    |    16    17    18    19|
| .     .     B     .    |    | 20    21    22    23   |
|    .     B     .     . |    |    24    25    26    27|
| .     .     .     .    |    | 28    29    30    31   |
'------------------------'    '------------------------'

White's turn to play.
Possible moves :
2-6
2-7

Chosen move : 
2-6
,------------------------,    ,------------------------,
|    .     .     .     . |    |     0     1     2     3|
| .     .     W     .    |    |  4     5     6     7   |
|    .     .     .     . |    |     8     9    10    11|
| .     .     .     .    |    | 12    13    14    15   |
|    b     .     b     . |    |    16    17    18    19|
| .     .     B     .    |    | 20    21    22    23   |
|    .     B     .     . |    |    24    25    26    27|
| .     .     .     .    |    | 28    29    30    31   |
'------------------------'    '------------------------'

Black's turn to play.
Possible moves :
25-30
25-21
18-23
16-21
22-26
16-20
22-17
25-29

Chosen move : 
22-17
,------------------------,    ,------------------------,
|    .     .     .     . |    |     0     1     2     3|
| .     .     W     .    |    |  4     5     6     7   |
|    .     .     .     . |    |     8     9    10    11|
| .     .     .     .    |    | 12    13    14    15   |
|    b     B     b     . |    |    16    17    18    19|
| .     .     .     .    |    | 20    21    22    23   |
|    .     B     .     . |    |    24    25    26    27|
| .     .     .     .    |    | 28    29    30    31   |
'------------------------'    '------------------------'

White's turn to play.
Possible moves :
6-1
6-2
6-10
6-9

Chosen move : 
6-1
,------------------------,    ,------------------------,
|    .     W     .     . |    |     0     1     2     3|
| .     .     .     .    |    |  4     5     6     7   |
|    .     .     .     . |    |     8     9    10    11|
| .     .     .     .    |    | 12    13    14    15   |
|    b     B     b     . |    |    16    17    18    19|
| .     .     .     .    |    | 20    21    22    23   |
|    .     B     .     . |    |    24    25    26    27|
| .     .     .     .    |    | 28    29    30    31   |
'------------------------'    '------------------------'

Black's turn to play.
Possible moves :
18-22
17-14
18-23
17-22
25-30
16-21
25-21
25-29
16-20
17-13
17-21
25-22

Chosen move : 
16-20
,------------------------,    ,------------------------,
|    .     W     .     . |    |     0     1     2     3|
| .     .     .     .    |    |  4     5     6     7   |
|    .     .     .     . |    |     8     9    10    11|
| .     .     .     .    |    | 12    13    14    15   |
|    .     B     b     . |    |    16    17    18    19|
| b     .     .     .    |    | 20    21    22    23   |
|    .     B     .     . |    |    24    25    26    27|
| .     .     .     .    |    | 28    29    30    31   |
'------------------------'    '------------------------'

White's turn to play.
Possible moves :
1-5
1-6

Chosen move : 
1-5
,------------------------,    ,------------------------,
|    .     .     .     . |    |     0     1     2     3|
| .     W     .     .    |    |  4     5     6     7   |
|    .     .     .     . |    |     8     9    10    11|
| .     .     .     .    |    | 12    13    14    15   |
|    .     B     b     . |    |    16    17    18    19|
| b     .     .     .    |    | 20    21    22    23   |
|    .     B     .     . |    |    24    25    26    27|
| .     .     .     .    |    | 28    29    30    31   |
'------------------------'    '------------------------'

Black's turn to play.
Possible moves :
18-23
25-22
25-30
18-22
17-22
25-29
17-21
17-13
17-14
25-21
20-24

Chosen move : 
17-22
,------------------------,    ,------------------------,
|    .     .     .     . |    |     0     1     2     3|
| .     W     .     .    |    |  4     5     6     7   |
|    .     .     .     . |    |     8     9    10    11|
| .     .     .     .    |    | 12    13    14    15   |
|    .     .     b     . |    |    16    17    18    19|
| b     .     B     .    |    | 20    21    22    23   |
|    .     B     .     . |    |    24    25    26    27|
| .     .     .     .    |    | 28    29    30    31   |
'------------------------'    '------------------------'

White's turn to play.
Possible moves :
5-0
5-1
5-8
5-9

Chosen move : 
5-0
,------------------------,    ,------------------------,
|    W     .     .     . |    |     0     1     2     3|
| .     .     .     .    |    |  4     5     6     7   |
|    .     .     .     . |    |     8     9    10    11|
| .     .     .     .    |    | 12    13    14    15   |
|    .     .     b     . |    |    16    17    18    19|
| b     .     B     .    |    | 20    21    22    23   |
|    .     B     .     . |    |    24    25    26    27|
| .     .     .     .    |    | 28    29    30    31   |
'------------------------'    '------------------------'

Black's turn to play.
Possible moves :
20-24
25-29
22-26
25-30
18-23
25-21
22-17

Chosen move : 
22-26
,------------------------,    ,------------------------,
|    W     .     .     . |    |     0     1     2     3|
| .     .     .     .    |    |  4     5     6     7   |
|    .     .     .     . |    |     8     9    10    11|
| .     .     .     .    |    | 12    13    14    15   |
|    .     .     b     . |    |    16    17    18    19|
| b     .     .     .    |    | 20    21    22    23   |
|    .     B     B     . |    |    24    25    26    27|
| .     .     .     .    |    | 28    29    30    31   |
'------------------------'    '------------------------'

White's turn to play.
Possible moves :
0-4
0-5

Chosen move : 
0-4
,------------------------,    ,------------------------,
|    .     .     .     . |    |     0     1     2     3|
| W     .     .     .    |    |  4     5     6     7   |
|    .     .     .     . |    |     8     9    10    11|
| .     .     .     .    |    | 12    13    14    15   |
|    .     .     b     . |    |    16    17    18    19|
| b     .     .     .    |    | 20    21    22    23   |
|    .     B     B     . |    |    24    25    26    27|
| .     .     .     .    |    | 28    29    30    31   |
'------------------------'    '------------------------'

Black's turn to play.
Possible moves :
25-29
26-22
26-31
20-24
25-22
25-30
18-22
25-21
26-30
18-23
26-23

Chosen move : 
25-21
,------------------------,    ,------------------------,
|    .     .     .     . |    |     0     1     2     3|
| W     .     .     .    |    |  4     5     6     7   |
|    .     .     .     . |    |     8     9    10    11|
| .     .     .     .    |    | 12    13    14    15   |
|    .     .     b     . |    |    16    17    18    19|
| b     B     .     .    |    | 20    21    22    23   |
|    .     .     B     . |    |    24    25    26    27|
| .     .     .     .    |    | 28    29    30    31   |
'------------------------'    '------------------------'

White's turn to play.
Possible moves :
4-0
4-8

Chosen move : 
4-0
,------------------------,    ,------------------------,
|    W     .     .     . |    |     0     1     2     3|
| .     .     .     .    |    |  4     5     6     7   |
|    .     .     .     . |    |     8     9    10    11|
| .     .     .     .    |    | 12    13    14    15   |
|    .     .     b     . |    |    16    17    18    19|
| b     B     .     .    |    | 20    21    22    23   |
|    .     .     B     . |    |    24    25    26    27|
| .     .     .     .    |    | 28    29    30    31   |
'------------------------'    '------------------------'

Black's turn to play.
Possible moves :
20-24
21-25
21-16
26-22
18-23
26-23
26-30
21-24
18-22
21-17
26-31

Chosen move : 
21-24
,------------------------,    ,------------------------,
|    W     .     .     . |    |     0     1     2     3|
| .     .     .     .    |    |  4     5     6     7   |
|    .     .     .     . |    |     8     9    10    11|
| .     .     .     .    |    | 12    13    14    15   |
|    .     .     b     . |    |    16    17    18    19|
| b     .     .     .    |    | 20    21    22    23   |
|    B     .     B     . |    |    24    25    26    27|
| .     .     .     .    |    | 28    29    30    31   |
'------------------------'    '------------------------'

White's turn to play.
Possible moves :
0-4
0-5

Chosen move : 
0-4
,------------------------,    ,------------------------,
|    .     .     .     . |    |     0     1     2     3|
| W     .     .     .    |    |  4     5     6     7   |
|    .     .     .     . |    |     8     9    10    11|
| .     .     .     .    |    | 12    13    14    15   |
|    .     .     b     . |    |    16    17    18    19|
| b     .     .     .    |    | 20    21    22    23   |
|    B     .     B     . |    |    24    25    26    27|
| .     .     .     .    |    | 28    29    30    31   |
'------------------------'    '------------------------'

Black's turn to play.
Possible moves :
26-22
24-28
26-30
18-22
26-31
26-23
24-29
18-23
24-21

Chosen move : 
26-31
,------------------------,    ,------------------------,
|    .     .     .     . |    |     0     1     2     3|
| W     .     .     .    |    |  4     5     6     7   |
|    .     .     .     . |    |     8     9    10    11|
| .     .     .     .    |    | 12    13    14    15   |
|    .     .     b     . |    |    16    17    18    19|
| b     .     .     .    |    | 20    21    22    23   |
|    B     .     .     . |    |    24    25    26    27|
| .     .     .     B    |    | 28    29    30    31   |
'------------------------'    '------------------------'

White's turn to play.
Possible moves :
4-8
4-0

Chosen move : 
4-8
,------------------------,    ,------------------------,
|    .     .     .     . |    |     0     1     2     3|
| .     .     .     .    |    |  4     5     6     7   |
|    W     .     .     . |    |     8     9    10    11|
| .     .     .     .    |    | 12    13    14    15   |
|    .     .     b     . |    |    16    17    18    19|
| b     .     .     .    |    | 20    21    22    23   |
|    B     .     .     . |    |    24    25    26    27|
| .     .     .     B    |    | 28    29    30    31   |
'------------------------'    '------------------------'

Black's turn to play.
Draw

#PDN#
[Event "IN104 CS Project"]
[Site "ENSTA ParisTech, Palaiseau, FRA"]
[GameType 21,W,8,8,N2,0] {Whites begin}
[Date "Tue Mar 22 18:39:07 2016"]
[Round "?"]
[White "Tristboule"]
[WhiteType "Program"]
[Black "Guiguiboule"]
[BlackType "Program"]
[Result "1/2-1/2"]
[WhiteTime "0.05190253257751465"]
[BlackTime "0.055371999740600586"]

1.22-18 10-15 2.18-14 9x18 3.23x14 7-10 4.14x7 3x10 5.21-17 15-18 6.20-16 5-9 7.26-23 18-22 8.17x26 2-7 9.24-21 8-13 10.28-24 13x20 11.23-19 9-13 12.25-22 0-5 13.21-17 10-15 14.19x10x3 11-15 15.17x8 5x12 16.26-23 15-19 17.23-18 1-5 18.3-7 4-8 19.24-21 19-23 20.7-2 23x14 21.2x9x18 5-9 22.27-23 8-13 23.23-19 13-16 24.30-26 16x25 25.18-23 25x18x27 26.26-22 9-14 27.29-25 20-24 28.22-17 14x21x30 29.19-15 30-25 30.15-10 25-21 31.10-6 21-16 32.6-1 16-21 33.1-6 12-16 34.31-26 24-29 35.26-23 27x18 36.6-9 21-25 37.9-5 25-22 38.5-1 22-26 39.1-6 26-22 40.6-2 29-25 41.2-6 22-17 42.6-1 16-20 43.1-5 17-22 44.5-0 22-26 45.0-4 25-21 46.4-0 21-24 47.0-4 26-31 48.4-8  1/2-1/2 *
