Beginning of the game
,------------------------,    ,------------------------,
|    b     b     b     b |    |     0     1     2     3|
| b     b     b     b    |    |  4     5     6     7   |
|    b     b     b     b |    |     8     9    10    11|
| .     .     .     .    |    | 12    13    14    15   |
|    .     .     .     . |    |    16    17    18    19|
| w     w     w     w    |    | 20    21    22    23   |
|    w     w     w     w |    |    24    25    26    27|
| w     w     w     w    |    | 28    29    30    31   |
'------------------------'    '------------------------'

White's turn to play.
Possible moves :
20-16
22-17
23-19
23-18
21-16
21-17
22-18

Chosen move : 
23-19
,------------------------,    ,------------------------,
|    b     b     b     b |    |     0     1     2     3|
| b     b     b     b    |    |  4     5     6     7   |
|    b     b     b     b |    |     8     9    10    11|
| .     .     .     .    |    | 12    13    14    15   |
|    .     .     .     w |    |    16    17    18    19|
| w     w     w     .    |    | 20    21    22    23   |
|    w     w     w     w |    |    24    25    26    27|
| w     w     w     w    |    | 28    29    30    31   |
'------------------------'    '------------------------'

Black's turn to play.
Possible moves :
8-13
10-15
11-15
9-13
9-14
8-12
10-14

Chosen move : 
10-15
,------------------------,    ,------------------------,
|    b     b     b     b |    |     0     1     2     3|
| b     b     b     b    |    |  4     5     6     7   |
|    b     b     .     b |    |     8     9    10    11|
| .     .     .     b    |    | 12    13    14    15   |
|    .     .     .     w |    |    16    17    18    19|
| w     w     w     .    |    | 20    21    22    23   |
|    w     w     w     w |    |    24    25    26    27|
| w     w     w     w    |    | 28    29    30    31   |
'------------------------'    '------------------------'

White's turn to play.
Possible moves :
19x10

Chosen move : 
19x10
,------------------------,    ,------------------------,
|    b     b     b     b |    |     0     1     2     3|
| b     b     b     b    |    |  4     5     6     7   |
|    b     b     w     b |    |     8     9    10    11|
| .     .     .     .    |    | 12    13    14    15   |
|    .     .     .     . |    |    16    17    18    19|
| w     w     w     .    |    | 20    21    22    23   |
|    w     w     w     w |    |    24    25    26    27|
| w     w     w     w    |    | 28    29    30    31   |
'------------------------'    '------------------------'

Black's turn to play.
Possible moves :
7x14
6x15

Chosen move : 
7x14
,------------------------,    ,------------------------,
|    b     b     b     b |    |     0     1     2     3|
| b     b     b     .    |    |  4     5     6     7   |
|    b     b     .     b |    |     8     9    10    11|
| .     .     b     .    |    | 12    13    14    15   |
|    .     .     .     . |    |    16    17    18    19|
| w     w     w     .    |    | 20    21    22    23   |
|    w     w     w     w |    |    24    25    26    27|
| w     w     w     w    |    | 28    29    30    31   |
'------------------------'    '------------------------'

White's turn to play.
Possible moves :
21-17
22-17
27-23
22-18
21-16
26-23
20-16

Chosen move : 
21-16
,------------------------,    ,------------------------,
|    b     b     b     b |    |     0     1     2     3|
| b     b     b     .    |    |  4     5     6     7   |
|    b     b     .     b |    |     8     9    10    11|
| .     .     b     .    |    | 12    13    14    15   |
|    w     .     .     . |    |    16    17    18    19|
| w     .     w     .    |    | 20    21    22    23   |
|    w     w     w     w |    |    24    25    26    27|
| w     w     w     w    |    | 28    29    30    31   |
'------------------------'    '------------------------'

Black's turn to play.
Possible moves :
6-10
9-13
2-7
11-15
3-7
14-18
8-12
14-17
8-13

Chosen move : 
11-15
,------------------------,    ,------------------------,
|    b     b     b     b |    |     0     1     2     3|
| b     b     b     .    |    |  4     5     6     7   |
|    b     b     .     . |    |     8     9    10    11|
| .     .     b     b    |    | 12    13    14    15   |
|    w     .     .     . |    |    16    17    18    19|
| w     .     w     .    |    | 20    21    22    23   |
|    w     w     w     w |    |    24    25    26    27|
| w     w     w     w    |    | 28    29    30    31   |
'------------------------'    '------------------------'

White's turn to play.
Possible moves :
16-13
26-23
22-18
27-23
22-17
24-21
25-21
16-12

Chosen move : 
22-17
,------------------------,    ,------------------------,
|    b     b     b     b |    |     0     1     2     3|
| b     b     b     .    |    |  4     5     6     7   |
|    b     b     .     . |    |     8     9    10    11|
| .     .     b     b    |    | 12    13    14    15   |
|    w     w     .     . |    |    16    17    18    19|
| w     .     .     .    |    | 20    21    22    23   |
|    w     w     w     w |    |    24    25    26    27|
| w     w     w     w    |    | 28    29    30    31   |
'------------------------'    '------------------------'

Black's turn to play.
Possible moves :
14x21x12

Chosen move : 
14x21x12
,------------------------,    ,------------------------,
|    b     b     b     b |    |     0     1     2     3|
| b     b     b     .    |    |  4     5     6     7   |
|    b     b     .     . |    |     8     9    10    11|
| b     .     .     b    |    | 12    13    14    15   |
|    .     .     .     . |    |    16    17    18    19|
| w     .     .     .    |    | 20    21    22    23   |
|    w     w     w     w |    |    24    25    26    27|
| w     w     w     w    |    | 28    29    30    31   |
'------------------------'    '------------------------'

White's turn to play.
Possible moves :
26-22
20-16
25-22
24-21
26-23
27-23
25-21

Chosen move : 
20-16
,------------------------,    ,------------------------,
|    b     b     b     b |    |     0     1     2     3|
| b     b     b     .    |    |  4     5     6     7   |
|    b     b     .     . |    |     8     9    10    11|
| b     .     .     b    |    | 12    13    14    15   |
|    w     .     .     . |    |    16    17    18    19|
| .     .     .     .    |    | 20    21    22    23   |
|    w     w     w     w |    |    24    25    26    27|
| w     w     w     w    |    | 28    29    30    31   |
'------------------------'    '------------------------'

Black's turn to play.
Possible moves :
12x21

Chosen move : 
12x21
,------------------------,    ,------------------------,
|    b     b     b     b |    |     0     1     2     3|
| b     b     b     .    |    |  4     5     6     7   |
|    b     b     .     . |    |     8     9    10    11|
| .     .     .     b    |    | 12    13    14    15   |
|    .     .     .     . |    |    16    17    18    19|
| .     b     .     .    |    | 20    21    22    23   |
|    w     w     w     w |    |    24    25    26    27|
| w     w     w     w    |    | 28    29    30    31   |
'------------------------'    '------------------------'

White's turn to play.
Possible moves :
25x16
24x17

Chosen move : 
25x16
,------------------------,    ,------------------------,
|    b     b     b     b |    |     0     1     2     3|
| b     b     b     .    |    |  4     5     6     7   |
|    b     b     .     . |    |     8     9    10    11|
| .     .     .     b    |    | 12    13    14    15   |
|    w     .     .     . |    |    16    17    18    19|
| .     .     .     .    |    | 20    21    22    23   |
|    w     .     w     w |    |    24    25    26    27|
| w     w     w     w    |    | 28    29    30    31   |
'------------------------'    '------------------------'

Black's turn to play.
Possible moves :
15-19
6-10
2-7
3-7
9-13
8-13
9-14
15-18
8-12

Chosen move : 
2-7
,------------------------,    ,------------------------,
|    b     b     .     b |    |     0     1     2     3|
| b     b     b     b    |    |  4     5     6     7   |
|    b     b     .     . |    |     8     9    10    11|
| .     .     .     b    |    | 12    13    14    15   |
|    w     .     .     . |    |    16    17    18    19|
| .     .     .     .    |    | 20    21    22    23   |
|    w     .     w     w |    |    24    25    26    27|
| w     w     w     w    |    | 28    29    30    31   |
'------------------------'    '------------------------'

White's turn to play.
Possible moves :
30-25
27-23
24-21
16-13
29-25
16-12
26-22
26-23
24-20

Chosen move : 
29-25
,------------------------,    ,------------------------,
|    b     b     .     b |    |     0     1     2     3|
| b     b     b     b    |    |  4     5     6     7   |
|    b     b     .     . |    |     8     9    10    11|
| .     .     .     b    |    | 12    13    14    15   |
|    w     .     .     . |    |    16    17    18    19|
| .     .     .     .    |    | 20    21    22    23   |
|    w     w     w     w |    |    24    25    26    27|
| w     .     w     w    |    | 28    29    30    31   |
'------------------------'    '------------------------'

Black's turn to play.
Possible moves :
9-14
15-18
9-13
8-12
6-10
7-10
8-13
15-19
7-11

Chosen move : 
9-14
,------------------------,    ,------------------------,
|    b     b     .     b |    |     0     1     2     3|
| b     b     b     b    |    |  4     5     6     7   |
|    b     .     .     . |    |     8     9    10    11|
| .     .     b     b    |    | 12    13    14    15   |
|    w     .     .     . |    |    16    17    18    19|
| .     .     .     .    |    | 20    21    22    23   |
|    w     w     w     w |    |    24    25    26    27|
| w     .     w     w    |    | 28    29    30    31   |
'------------------------'    '------------------------'

White's turn to play.
Possible moves :
16-13
16-12
26-22
25-22
25-21
24-21
26-23
27-23
24-20

Chosen move : 
25-22
,------------------------,    ,------------------------,
|    b     b     .     b |    |     0     1     2     3|
| b     b     b     b    |    |  4     5     6     7   |
|    b     .     .     . |    |     8     9    10    11|
| .     .     b     b    |    | 12    13    14    15   |
|    w     .     .     . |    |    16    17    18    19|
| .     .     w     .    |    | 20    21    22    23   |
|    w     .     w     w |    |    24    25    26    27|
| w     .     w     w    |    | 28    29    30    31   |
'------------------------'    '------------------------'

Black's turn to play.
Possible moves :
6-10
14-17
7-10
15-18
14-18
7-11
5-9
15-19
8-12
8-13
6-9

Chosen move : 
5-9
,------------------------,    ,------------------------,
|    b     b     .     b |    |     0     1     2     3|
| b     .     b     b    |    |  4     5     6     7   |
|    b     b     .     . |    |     8     9    10    11|
| .     .     b     b    |    | 12    13    14    15   |
|    w     .     .     . |    |    16    17    18    19|
| .     .     w     .    |    | 20    21    22    23   |
|    w     .     w     w |    |    24    25    26    27|
| w     .     w     w    |    | 28    29    30    31   |
'------------------------'    '------------------------'

White's turn to play.
Possible moves :
16-12
27-23
22-18
30-25
26-23
16-13
24-21
24-20
22-17

Chosen move : 
30-25
,------------------------,    ,------------------------,
|    b     b     .     b |    |     0     1     2     3|
| b     .     b     b    |    |  4     5     6     7   |
|    b     b     .     . |    |     8     9    10    11|
| .     .     b     b    |    | 12    13    14    15   |
|    w     .     .     . |    |    16    17    18    19|
| .     .     w     .    |    | 20    21    22    23   |
|    w     w     w     w |    |    24    25    26    27|
| w     .     .     w    |    | 28    29    30    31   |
'------------------------'    '------------------------'

Black's turn to play.
Possible moves :
7-11
1-5
7-10
6-10
8-13
8-12
9-13
0-5
14-17
15-18
14-18
15-19

Chosen move : 
6-10
,------------------------,    ,------------------------,
|    b     b     .     b |    |     0     1     2     3|
| b     .     .     b    |    |  4     5     6     7   |
|    b     b     b     . |    |     8     9    10    11|
| .     .     b     b    |    | 12    13    14    15   |
|    w     .     .     . |    |    16    17    18    19|
| .     .     w     .    |    | 20    21    22    23   |
|    w     w     w     w |    |    24    25    26    27|
| w     .     .     w    |    | 28    29    30    31   |
'------------------------'    '------------------------'

White's turn to play.
Possible moves :
25-21
22-17
24-20
16-13
27-23
24-21
22-18
16-12
26-23

Chosen move : 
24-20
,------------------------,    ,------------------------,
|    b     b     .     b |    |     0     1     2     3|
| b     .     .     b    |    |  4     5     6     7   |
|    b     b     b     . |    |     8     9    10    11|
| .     .     b     b    |    | 12    13    14    15   |
|    w     .     .     . |    |    16    17    18    19|
| w     .     w     .    |    | 20    21    22    23   |
|    .     w     w     w |    |    24    25    26    27|
| w     .     .     w    |    | 28    29    30    31   |
'------------------------'    '------------------------'

Black's turn to play.
Possible moves :
7-11
15-19
1-6
8-12
0-5
14-17
1-5
8-13
14-18
9-13
15-18

Chosen move : 
8-12
,------------------------,    ,------------------------,
|    b     b     .     b |    |     0     1     2     3|
| b     .     .     b    |    |  4     5     6     7   |
|    .     b     b     . |    |     8     9    10    11|
| b     .     b     b    |    | 12    13    14    15   |
|    w     .     .     . |    |    16    17    18    19|
| w     .     w     .    |    | 20    21    22    23   |
|    .     w     w     w |    |    24    25    26    27|
| w     .     .     w    |    | 28    29    30    31   |
'------------------------'    '------------------------'

White's turn to play.
The game could not end within 20 steps
