Beginning of the game
,------------------------,    ,------------------------,
|    b     b     b     b |    |     0     1     2     3|
| b     b     b     b    |    |  4     5     6     7   |
|    b     b     b     b |    |     8     9    10    11|
| .     .     .     .    |    | 12    13    14    15   |
|    .     .     .     . |    |    16    17    18    19|
| w     w     w     w    |    | 20    21    22    23   |
|    w     w     w     w |    |    24    25    26    27|
| w     w     w     w    |    | 28    29    30    31   |
'------------------------'    '------------------------'

White's turn to play.
Possible moves :
21-17
22-17
23-19
23-18
22-18
20-16
21-16

Chosen move : 
21-17
,------------------------,    ,------------------------,
|    b     b     b     b |    |     0     1     2     3|
| b     b     b     b    |    |  4     5     6     7   |
|    b     b     b     b |    |     8     9    10    11|
| .     .     .     .    |    | 12    13    14    15   |
|    .     w     .     . |    |    16    17    18    19|
| w     .     w     w    |    | 20    21    22    23   |
|    w     w     w     w |    |    24    25    26    27|
| w     w     w     w    |    | 28    29    30    31   |
'------------------------'    '------------------------'

Black's turn to play.
Possible moves :
11-15
9-13
9-14
10-15
8-13
10-14
8-12

Chosen move : 
8-13
,------------------------,    ,------------------------,
|    b     b     b     b |    |     0     1     2     3|
| b     b     b     b    |    |  4     5     6     7   |
|    .     b     b     b |    |     8     9    10    11|
| .     b     .     .    |    | 12    13    14    15   |
|    .     w     .     . |    |    16    17    18    19|
| w     .     w     w    |    | 20    21    22    23   |
|    w     w     w     w |    |    24    25    26    27|
| w     w     w     w    |    | 28    29    30    31   |
'------------------------'    '------------------------'

White's turn to play.
Possible moves :
17x8

Chosen move : 
17x8
,------------------------,    ,------------------------,
|    b     b     b     b |    |     0     1     2     3|
| b     b     b     b    |    |  4     5     6     7   |
|    w     b     b     b |    |     8     9    10    11|
| .     .     .     .    |    | 12    13    14    15   |
|    .     .     .     . |    |    16    17    18    19|
| w     .     w     w    |    | 20    21    22    23   |
|    w     w     w     w |    |    24    25    26    27|
| w     w     w     w    |    | 28    29    30    31   |
'------------------------'    '------------------------'

Black's turn to play.
Possible moves :
4x13
5x12

Chosen move : 
5x12
,------------------------,    ,------------------------,
|    b     b     b     b |    |     0     1     2     3|
| b     .     b     b    |    |  4     5     6     7   |
|    .     b     b     b |    |     8     9    10    11|
| b     .     .     .    |    | 12    13    14    15   |
|    .     .     .     . |    |    16    17    18    19|
| w     .     w     w    |    | 20    21    22    23   |
|    w     w     w     w |    |    24    25    26    27|
| w     w     w     w    |    | 28    29    30    31   |
'------------------------'    '------------------------'

White's turn to play.
Possible moves :
25-21
22-17
22-18
24-21
23-19
20-16
23-18

Chosen move : 
20-16
,------------------------,    ,------------------------,
|    b     b     b     b |    |     0     1     2     3|
| b     .     b     b    |    |  4     5     6     7   |
|    .     b     b     b |    |     8     9    10    11|
| b     .     .     .    |    | 12    13    14    15   |
|    w     .     .     . |    |    16    17    18    19|
| .     .     w     w    |    | 20    21    22    23   |
|    w     w     w     w |    |    24    25    26    27|
| w     w     w     w    |    | 28    29    30    31   |
'------------------------'    '------------------------'

Black's turn to play.
Possible moves :
12x21

Chosen move : 
12x21
,------------------------,    ,------------------------,
|    b     b     b     b |    |     0     1     2     3|
| b     .     b     b    |    |  4     5     6     7   |
|    .     b     b     b |    |     8     9    10    11|
| .     .     .     .    |    | 12    13    14    15   |
|    .     .     .     . |    |    16    17    18    19|
| .     b     w     w    |    | 20    21    22    23   |
|    w     w     w     w |    |    24    25    26    27|
| w     w     w     w    |    | 28    29    30    31   |
'------------------------'    '------------------------'

White's turn to play.
Possible moves :
25x16
24x17

Chosen move : 
25x16
,------------------------,    ,------------------------,
|    b     b     b     b |    |     0     1     2     3|
| b     .     b     b    |    |  4     5     6     7   |
|    .     b     b     b |    |     8     9    10    11|
| .     .     .     .    |    | 12    13    14    15   |
|    w     .     .     . |    |    16    17    18    19|
| .     .     w     w    |    | 20    21    22    23   |
|    w     .     w     w |    |    24    25    26    27|
| w     w     w     w    |    | 28    29    30    31   |
'------------------------'    '------------------------'

Black's turn to play.
Possible moves :
9-13
4-8
9-14
1-5
0-5
11-15
10-14
10-15

Chosen move : 
9-13
,------------------------,    ,------------------------,
|    b     b     b     b |    |     0     1     2     3|
| b     .     b     b    |    |  4     5     6     7   |
|    .     .     b     b |    |     8     9    10    11|
| .     b     .     .    |    | 12    13    14    15   |
|    w     .     .     . |    |    16    17    18    19|
| .     .     w     w    |    | 20    21    22    23   |
|    w     .     w     w |    |    24    25    26    27|
| w     w     w     w    |    | 28    29    30    31   |
'------------------------'    '------------------------'

White's turn to play.
Possible moves :
16x9

Chosen move : 
16x9
,------------------------,    ,------------------------,
|    b     b     b     b |    |     0     1     2     3|
| b     .     b     b    |    |  4     5     6     7   |
|    .     w     b     b |    |     8     9    10    11|
| .     .     .     .    |    | 12    13    14    15   |
|    .     .     .     . |    |    16    17    18    19|
| .     .     w     w    |    | 20    21    22    23   |
|    w     .     w     w |    |    24    25    26    27|
| w     w     w     w    |    | 28    29    30    31   |
'------------------------'    '------------------------'

Black's turn to play.
Possible moves :
6x13

Chosen move : 
6x13
,------------------------,    ,------------------------,
|    b     b     b     b |    |     0     1     2     3|
| b     .     .     b    |    |  4     5     6     7   |
|    .     .     b     b |    |     8     9    10    11|
| .     b     .     .    |    | 12    13    14    15   |
|    .     .     .     . |    |    16    17    18    19|
| .     .     w     w    |    | 20    21    22    23   |
|    w     .     w     w |    |    24    25    26    27|
| w     w     w     w    |    | 28    29    30    31   |
'------------------------'    '------------------------'

White's turn to play.
Possible moves :
29-25
22-18
24-21
22-17
23-19
24-20
23-18
30-25

Chosen move : 
22-17
,------------------------,    ,------------------------,
|    b     b     b     b |    |     0     1     2     3|
| b     .     .     b    |    |  4     5     6     7   |
|    .     .     b     b |    |     8     9    10    11|
| .     b     .     .    |    | 12    13    14    15   |
|    .     w     .     . |    |    16    17    18    19|
| .     .     .     w    |    | 20    21    22    23   |
|    w     .     w     w |    |    24    25    26    27|
| w     w     w     w    |    | 28    29    30    31   |
'------------------------'    '------------------------'

Black's turn to play.
Possible moves :
13x22

Chosen move : 
13x22
,------------------------,    ,------------------------,
|    b     b     b     b |    |     0     1     2     3|
| b     .     .     b    |    |  4     5     6     7   |
|    .     .     b     b |    |     8     9    10    11|
| .     .     .     .    |    | 12    13    14    15   |
|    .     .     .     . |    |    16    17    18    19|
| .     .     b     w    |    | 20    21    22    23   |
|    w     .     w     w |    |    24    25    26    27|
| w     w     w     w    |    | 28    29    30    31   |
'------------------------'    '------------------------'

White's turn to play.
Possible moves :
26x17

Chosen move : 
26x17
,------------------------,    ,------------------------,
|    b     b     b     b |    |     0     1     2     3|
| b     .     .     b    |    |  4     5     6     7   |
|    .     .     b     b |    |     8     9    10    11|
| .     .     .     .    |    | 12    13    14    15   |
|    .     w     .     . |    |    16    17    18    19|
| .     .     .     w    |    | 20    21    22    23   |
|    w     .     .     w |    |    24    25    26    27|
| w     w     w     w    |    | 28    29    30    31   |
'------------------------'    '------------------------'

Black's turn to play.
Possible moves :
11-15
2-6
4-8
10-14
1-6
0-5
1-5
10-15

Chosen move : 
1-5
,------------------------,    ,------------------------,
|    b     .     b     b |    |     0     1     2     3|
| b     b     .     b    |    |  4     5     6     7   |
|    .     .     b     b |    |     8     9    10    11|
| .     .     .     .    |    | 12    13    14    15   |
|    .     w     .     . |    |    16    17    18    19|
| .     .     .     w    |    | 20    21    22    23   |
|    w     .     .     w |    |    24    25    26    27|
| w     w     w     w    |    | 28    29    30    31   |
'------------------------'    '------------------------'

White's turn to play.
Possible moves :
17-14
24-21
30-26
23-18
29-25
23-19
17-13
31-26
24-20
30-25

Chosen move : 
17-14
,------------------------,    ,------------------------,
|    b     .     b     b |    |     0     1     2     3|
| b     b     .     b    |    |  4     5     6     7   |
|    .     .     b     b |    |     8     9    10    11|
| .     .     w     .    |    | 12    13    14    15   |
|    .     .     .     . |    |    16    17    18    19|
| .     .     .     w    |    | 20    21    22    23   |
|    w     .     .     w |    |    24    25    26    27|
| w     w     w     w    |    | 28    29    30    31   |
'------------------------'    '------------------------'

Black's turn to play.
Possible moves :
10x17

Chosen move : 
10x17
,------------------------,    ,------------------------,
|    b     .     b     b |    |     0     1     2     3|
| b     b     .     b    |    |  4     5     6     7   |
|    .     .     .     b |    |     8     9    10    11|
| .     .     .     .    |    | 12    13    14    15   |
|    .     b     .     . |    |    16    17    18    19|
| .     .     .     w    |    | 20    21    22    23   |
|    w     .     .     w |    |    24    25    26    27|
| w     w     w     w    |    | 28    29    30    31   |
'------------------------'    '------------------------'

White's turn to play.
Possible moves :
24-20
30-26
31-26
23-19
24-21
23-18
29-25
30-25

Chosen move : 
24-21
,------------------------,    ,------------------------,
|    b     .     b     b |    |     0     1     2     3|
| b     b     .     b    |    |  4     5     6     7   |
|    .     .     .     b |    |     8     9    10    11|
| .     .     .     .    |    | 12    13    14    15   |
|    .     b     .     . |    |    16    17    18    19|
| .     w     .     w    |    | 20    21    22    23   |
|    .     .     .     w |    |    24    25    26    27|
| w     w     w     w    |    | 28    29    30    31   |
'------------------------'    '------------------------'

Black's turn to play.
Possible moves :
17x24

Chosen move : 
17x24
,------------------------,    ,------------------------,
|    b     .     b     b |    |     0     1     2     3|
| b     b     .     b    |    |  4     5     6     7   |
|    .     .     .     b |    |     8     9    10    11|
| .     .     .     .    |    | 12    13    14    15   |
|    .     .     .     . |    |    16    17    18    19|
| .     .     .     w    |    | 20    21    22    23   |
|    b     .     .     w |    |    24    25    26    27|
| w     w     w     w    |    | 28    29    30    31   |
'------------------------'    '------------------------'

White's turn to play.
Possible moves :
29x20
28x21

Chosen move : 
29x20
,------------------------,    ,------------------------,
|    b     .     b     b |    |     0     1     2     3|
| b     b     .     b    |    |  4     5     6     7   |
|    .     .     .     b |    |     8     9    10    11|
| .     .     .     .    |    | 12    13    14    15   |
|    .     .     .     . |    |    16    17    18    19|
| w     .     .     w    |    | 20    21    22    23   |
|    .     .     .     w |    |    24    25    26    27|
| w     .     w     w    |    | 28    29    30    31   |
'------------------------'    '------------------------'

Black's turn to play.
Possible moves :
11-15
2-6
7-10
4-8
5-8
5-9

Chosen move : 
4-8
,------------------------,    ,------------------------,
|    b     .     b     b |    |     0     1     2     3|
| .     b     .     b    |    |  4     5     6     7   |
|    b     .     .     b |    |     8     9    10    11|
| .     .     .     .    |    | 12    13    14    15   |
|    .     .     .     . |    |    16    17    18    19|
| w     .     .     w    |    | 20    21    22    23   |
|    .     .     .     w |    |    24    25    26    27|
| w     .     w     w    |    | 28    29    30    31   |
'------------------------'    '------------------------'

White's turn to play.
Possible moves :
23-19
30-25
20-16
28-24
30-26
31-26
23-18

Chosen move : 
23-19
,------------------------,    ,------------------------,
|    b     .     b     b |    |     0     1     2     3|
| .     b     .     b    |    |  4     5     6     7   |
|    b     .     .     b |    |     8     9    10    11|
| .     .     .     .    |    | 12    13    14    15   |
|    .     .     .     w |    |    16    17    18    19|
| w     .     .     .    |    | 20    21    22    23   |
|    .     .     .     w |    |    24    25    26    27|
| w     .     w     w    |    | 28    29    30    31   |
'------------------------'    '------------------------'

Black's turn to play.
Possible moves :
5-9
2-6
8-12
11-15
0-4
8-13
7-10

Chosen move : 
5-9
,------------------------,    ,------------------------,
|    b     .     b     b |    |     0     1     2     3|
| .     .     .     b    |    |  4     5     6     7   |
|    b     b     .     b |    |     8     9    10    11|
| .     .     .     .    |    | 12    13    14    15   |
|    .     .     .     w |    |    16    17    18    19|
| w     .     .     .    |    | 20    21    22    23   |
|    .     .     .     w |    |    24    25    26    27|
| w     .     w     w    |    | 28    29    30    31   |
'------------------------'    '------------------------'

White's turn to play.
Possible moves :
19-15
31-26
28-24
27-23
30-25
20-16
30-26

Chosen move : 
19-15
,------------------------,    ,------------------------,
|    b     .     b     b |    |     0     1     2     3|
| .     .     .     b    |    |  4     5     6     7   |
|    b     b     .     b |    |     8     9    10    11|
| .     .     .     w    |    | 12    13    14    15   |
|    .     .     .     . |    |    16    17    18    19|
| w     .     .     .    |    | 20    21    22    23   |
|    .     .     .     w |    |    24    25    26    27|
| w     .     w     w    |    | 28    29    30    31   |
'------------------------'    '------------------------'

Black's turn to play.
Possible moves :
11x18

Chosen move : 
11x18
,------------------------,    ,------------------------,
|    b     .     b     b |    |     0     1     2     3|
| .     .     .     b    |    |  4     5     6     7   |
|    b     b     .     . |    |     8     9    10    11|
| .     .     .     .    |    | 12    13    14    15   |
|    .     .     b     . |    |    16    17    18    19|
| w     .     .     .    |    | 20    21    22    23   |
|    .     .     .     w |    |    24    25    26    27|
| w     .     w     w    |    | 28    29    30    31   |
'------------------------'    '------------------------'

White's turn to play.
Possible moves :
20-16
28-24
27-23
30-25
30-26
31-26

Chosen move : 
20-16
,------------------------,    ,------------------------,
|    b     .     b     b |    |     0     1     2     3|
| .     .     .     b    |    |  4     5     6     7   |
|    b     b     .     . |    |     8     9    10    11|
| .     .     .     .    |    | 12    13    14    15   |
|    w     .     b     . |    |    16    17    18    19|
| .     .     .     .    |    | 20    21    22    23   |
|    .     .     .     w |    |    24    25    26    27|
| w     .     w     w    |    | 28    29    30    31   |
'------------------------'    '------------------------'

Black's turn to play.
Possible moves :
7-10
18-23
9-13
0-5
8-12
0-4
8-13
7-11
18-22
2-6
9-14

Chosen move : 
9-13
,------------------------,    ,------------------------,
|    b     .     b     b |    |     0     1     2     3|
| .     .     .     b    |    |  4     5     6     7   |
|    b     .     .     . |    |     8     9    10    11|
| .     b     .     .    |    | 12    13    14    15   |
|    w     .     b     . |    |    16    17    18    19|
| .     .     .     .    |    | 20    21    22    23   |
|    .     .     .     w |    |    24    25    26    27|
| w     .     w     w    |    | 28    29    30    31   |
'------------------------'    '------------------------'

White's turn to play.
Possible moves :
16x9

Chosen move : 
16x9
,------------------------,    ,------------------------,
|    b     .     b     b |    |     0     1     2     3|
| .     .     .     b    |    |  4     5     6     7   |
|    b     w     .     . |    |     8     9    10    11|
| .     .     .     .    |    | 12    13    14    15   |
|    .     .     b     . |    |    16    17    18    19|
| .     .     .     .    |    | 20    21    22    23   |
|    .     .     .     w |    |    24    25    26    27|
| w     .     w     w    |    | 28    29    30    31   |
'------------------------'    '------------------------'

Black's turn to play.
Possible moves :
2-6
18-22
8-13
8-12
18-23
0-5
7-10
7-11
0-4

Chosen move : 
18-23
,------------------------,    ,------------------------,
|    b     .     b     b |    |     0     1     2     3|
| .     .     .     b    |    |  4     5     6     7   |
|    b     w     .     . |    |     8     9    10    11|
| .     .     .     .    |    | 12    13    14    15   |
|    .     .     .     . |    |    16    17    18    19|
| .     .     .     b    |    | 20    21    22    23   |
|    .     .     .     w |    |    24    25    26    27|
| w     .     w     w    |    | 28    29    30    31   |
'------------------------'    '------------------------'

White's turn to play.
Possible moves :
27x18

Chosen move : 
27x18
,------------------------,    ,------------------------,
|    b     .     b     b |    |     0     1     2     3|
| .     .     .     b    |    |  4     5     6     7   |
|    b     w     .     . |    |     8     9    10    11|
| .     .     .     .    |    | 12    13    14    15   |
|    .     .     w     . |    |    16    17    18    19|
| .     .     .     .    |    | 20    21    22    23   |
|    .     .     .     . |    |    24    25    26    27|
| w     .     w     w    |    | 28    29    30    31   |
'------------------------'    '------------------------'

Black's turn to play.
Possible moves :
8-13
2-6
7-11
8-12
7-10
0-4
0-5

Chosen move : 
8-13
,------------------------,    ,------------------------,
|    b     .     b     b |    |     0     1     2     3|
| .     .     .     b    |    |  4     5     6     7   |
|    .     w     .     . |    |     8     9    10    11|
| .     b     .     .    |    | 12    13    14    15   |
|    .     .     w     . |    |    16    17    18    19|
| .     .     .     .    |    | 20    21    22    23   |
|    .     .     .     . |    |    24    25    26    27|
| w     .     w     w    |    | 28    29    30    31   |
'------------------------'    '------------------------'

White's turn to play.
Possible moves :
9x16

Chosen move : 
9x16
,------------------------,    ,------------------------,
|    b     .     b     b |    |     0     1     2     3|
| .     .     .     b    |    |  4     5     6     7   |
|    .     .     .     . |    |     8     9    10    11|
| .     .     .     .    |    | 12    13    14    15   |
|    w     .     w     . |    |    16    17    18    19|
| .     .     .     .    |    | 20    21    22    23   |
|    .     .     .     . |    |    24    25    26    27|
| w     .     w     w    |    | 28    29    30    31   |
'------------------------'    '------------------------'

Black's turn to play.
Possible moves :
0-4
2-6
0-5
7-10
7-11

Chosen move : 
0-5
,------------------------,    ,------------------------,
|    .     .     b     b |    |     0     1     2     3|
| .     b     .     b    |    |  4     5     6     7   |
|    .     .     .     . |    |     8     9    10    11|
| .     .     .     .    |    | 12    13    14    15   |
|    w     .     w     . |    |    16    17    18    19|
| .     .     .     .    |    | 20    21    22    23   |
|    .     .     .     . |    |    24    25    26    27|
| w     .     w     w    |    | 28    29    30    31   |
'------------------------'    '------------------------'

White's turn to play.
Possible moves :
18-14
31-26
30-25
31-27
18-15
28-24
16-13
30-26
16-12

Chosen move : 
18-14
,------------------------,    ,------------------------,
|    .     .     b     b |    |     0     1     2     3|
| .     b     .     b    |    |  4     5     6     7   |
|    .     .     .     . |    |     8     9    10    11|
| .     .     w     .    |    | 12    13    14    15   |
|    w     .     .     . |    |    16    17    18    19|
| .     .     .     .    |    | 20    21    22    23   |
|    .     .     .     . |    |    24    25    26    27|
| w     .     w     w    |    | 28    29    30    31   |
'------------------------'    '------------------------'

Black's turn to play.
Possible moves :
5-8
2-6
5-9
7-11
7-10

Chosen move : 
5-9
,------------------------,    ,------------------------,
|    .     .     b     b |    |     0     1     2     3|
| .     .     .     b    |    |  4     5     6     7   |
|    .     b     .     . |    |     8     9    10    11|
| .     .     w     .    |    | 12    13    14    15   |
|    w     .     .     . |    |    16    17    18    19|
| .     .     .     .    |    | 20    21    22    23   |
|    .     .     .     . |    |    24    25    26    27|
| w     .     w     w    |    | 28    29    30    31   |
'------------------------'    '------------------------'

White's turn to play.
Possible moves :
14x5

Chosen move : 
14x5
,------------------------,    ,------------------------,
|    .     .     b     b |    |     0     1     2     3|
| .     w     .     b    |    |  4     5     6     7   |
|    .     .     .     . |    |     8     9    10    11|
| .     .     .     .    |    | 12    13    14    15   |
|    w     .     .     . |    |    16    17    18    19|
| .     .     .     .    |    | 20    21    22    23   |
|    .     .     .     . |    |    24    25    26    27|
| w     .     w     w    |    | 28    29    30    31   |
'------------------------'    '------------------------'

Black's turn to play.
Possible moves :
7-11
7-10
2-6

Chosen move : 
2-6
,------------------------,    ,------------------------,
|    .     .     .     b |    |     0     1     2     3|
| .     w     b     b    |    |  4     5     6     7   |
|    .     .     .     . |    |     8     9    10    11|
| .     .     .     .    |    | 12    13    14    15   |
|    w     .     .     . |    |    16    17    18    19|
| .     .     .     .    |    | 20    21    22    23   |
|    .     .     .     . |    |    24    25    26    27|
| w     .     w     w    |    | 28    29    30    31   |
'------------------------'    '------------------------'

White's turn to play.
Possible moves :
28-24
5-0
30-26
30-25
16-13
16-12
31-26
31-27
5-1

Chosen move : 
28-24
,------------------------,    ,------------------------,
|    .     .     .     b |    |     0     1     2     3|
| .     w     b     b    |    |  4     5     6     7   |
|    .     .     .     . |    |     8     9    10    11|
| .     .     .     .    |    | 12    13    14    15   |
|    w     .     .     . |    |    16    17    18    19|
| .     .     .     .    |    | 20    21    22    23   |
|    w     .     .     . |    |    24    25    26    27|
| .     .     w     w    |    | 28    29    30    31   |
'------------------------'    '------------------------'

Black's turn to play.
Possible moves :
7-11
6-9
7-10
6-10

Chosen move : 
6-9
,------------------------,    ,------------------------,
|    .     .     .     b |    |     0     1     2     3|
| .     w     .     b    |    |  4     5     6     7   |
|    .     b     .     . |    |     8     9    10    11|
| .     .     .     .    |    | 12    13    14    15   |
|    w     .     .     . |    |    16    17    18    19|
| .     .     .     .    |    | 20    21    22    23   |
|    w     .     .     . |    |    24    25    26    27|
| .     .     w     w    |    | 28    29    30    31   |
'------------------------'    '------------------------'

White's turn to play.
Possible moves :
5x14

Chosen move : 
5x14
,------------------------,    ,------------------------,
|    .     .     .     b |    |     0     1     2     3|
| .     .     .     b    |    |  4     5     6     7   |
|    .     .     .     . |    |     8     9    10    11|
| .     .     w     .    |    | 12    13    14    15   |
|    w     .     .     . |    |    16    17    18    19|
| .     .     .     .    |    | 20    21    22    23   |
|    w     .     .     . |    |    24    25    26    27|
| .     .     w     w    |    | 28    29    30    31   |
'------------------------'    '------------------------'

Black's turn to play.
Possible moves :
7-10
7-11

Chosen move : 
7-11
,------------------------,    ,------------------------,
|    .     .     .     b |    |     0     1     2     3|
| .     .     .     .    |    |  4     5     6     7   |
|    .     .     .     b |    |     8     9    10    11|
| .     .     w     .    |    | 12    13    14    15   |
|    w     .     .     . |    |    16    17    18    19|
| .     .     .     .    |    | 20    21    22    23   |
|    w     .     .     . |    |    24    25    26    27|
| .     .     w     w    |    | 28    29    30    31   |
'------------------------'    '------------------------'

White's turn to play.
Possible moves :
24-20
14-9
30-26
31-27
16-13
31-26
24-21
16-12
30-25
14-10

Chosen move : 
14-10
,------------------------,    ,------------------------,
|    .     .     .     b |    |     0     1     2     3|
| .     .     .     .    |    |  4     5     6     7   |
|    .     .     w     b |    |     8     9    10    11|
| .     .     .     .    |    | 12    13    14    15   |
|    w     .     .     . |    |    16    17    18    19|
| .     .     .     .    |    | 20    21    22    23   |
|    w     .     .     . |    |    24    25    26    27|
| .     .     w     w    |    | 28    29    30    31   |
'------------------------'    '------------------------'

Black's turn to play.
Possible moves :
3-7
11-15

Chosen move : 
3-7
,------------------------,    ,------------------------,
|    .     .     .     . |    |     0     1     2     3|
| .     .     .     b    |    |  4     5     6     7   |
|    .     .     w     b |    |     8     9    10    11|
| .     .     .     .    |    | 12    13    14    15   |
|    w     .     .     . |    |    16    17    18    19|
| .     .     .     .    |    | 20    21    22    23   |
|    w     .     .     . |    |    24    25    26    27|
| .     .     w     w    |    | 28    29    30    31   |
'------------------------'    '------------------------'

White's turn to play.
Possible moves :
10x3

Chosen move : 
10x3
,------------------------,    ,------------------------,
|    .     .     .     W |    |     0     1     2     3|
| .     .     .     .    |    |  4     5     6     7   |
|    .     .     .     b |    |     8     9    10    11|
| .     .     .     .    |    | 12    13    14    15   |
|    w     .     .     . |    |    16    17    18    19|
| .     .     .     .    |    | 20    21    22    23   |
|    w     .     .     . |    |    24    25    26    27|
| .     .     w     w    |    | 28    29    30    31   |
'------------------------'    '------------------------'

Black's turn to play.
Possible moves :
11-15

Chosen move : 
11-15
,------------------------,    ,------------------------,
|    .     .     .     W |    |     0     1     2     3|
| .     .     .     .    |    |  4     5     6     7   |
|    .     .     .     . |    |     8     9    10    11|
| .     .     .     b    |    | 12    13    14    15   |
|    w     .     .     . |    |    16    17    18    19|
| .     .     .     .    |    | 20    21    22    23   |
|    w     .     .     . |    |    24    25    26    27|
| .     .     w     w    |    | 28    29    30    31   |
'------------------------'    '------------------------'

White's turn to play.
Possible moves :
31-27
3-7
16-12
30-25
16-13
30-26
24-20
31-26
24-21

Chosen move : 
31-27
,------------------------,    ,------------------------,
|    .     .     .     W |    |     0     1     2     3|
| .     .     .     .    |    |  4     5     6     7   |
|    .     .     .     . |    |     8     9    10    11|
| .     .     .     b    |    | 12    13    14    15   |
|    w     .     .     . |    |    16    17    18    19|
| .     .     .     .    |    | 20    21    22    23   |
|    w     .     .     w |    |    24    25    26    27|
| .     .     w     .    |    | 28    29    30    31   |
'------------------------'    '------------------------'

Black's turn to play.
Possible moves :
15-18
15-19

Chosen move : 
15-19
,------------------------,    ,------------------------,
|    .     .     .     W |    |     0     1     2     3|
| .     .     .     .    |    |  4     5     6     7   |
|    .     .     .     . |    |     8     9    10    11|
| .     .     .     .    |    | 12    13    14    15   |
|    w     .     .     b |    |    16    17    18    19|
| .     .     .     .    |    | 20    21    22    23   |
|    w     .     .     w |    |    24    25    26    27|
| .     .     w     .    |    | 28    29    30    31   |
'------------------------'    '------------------------'

White's turn to play.
Possible moves :
24-21
27-23
30-26
3-7
30-25
16-12
16-13
24-20

Chosen move : 
24-21
,------------------------,    ,------------------------,
|    .     .     .     W |    |     0     1     2     3|
| .     .     .     .    |    |  4     5     6     7   |
|    .     .     .     . |    |     8     9    10    11|
| .     .     .     .    |    | 12    13    14    15   |
|    w     .     .     b |    |    16    17    18    19|
| .     w     .     .    |    | 20    21    22    23   |
|    .     .     .     w |    |    24    25    26    27|
| .     .     w     .    |    | 28    29    30    31   |
'------------------------'    '------------------------'

Black's turn to play.
Possible moves :
19-23

Chosen move : 
19-23
,------------------------,    ,------------------------,
|    .     .     .     W |    |     0     1     2     3|
| .     .     .     .    |    |  4     5     6     7   |
|    .     .     .     . |    |     8     9    10    11|
| .     .     .     .    |    | 12    13    14    15   |
|    w     .     .     . |    |    16    17    18    19|
| .     w     .     b    |    | 20    21    22    23   |
|    .     .     .     w |    |    24    25    26    27|
| .     .     w     .    |    | 28    29    30    31   |
'------------------------'    '------------------------'

White's turn to play.
Possible moves :
27x18

Chosen move : 
27x18
,------------------------,    ,------------------------,
|    .     .     .     W |    |     0     1     2     3|
| .     .     .     .    |    |  4     5     6     7   |
|    .     .     .     . |    |     8     9    10    11|
| .     .     .     .    |    | 12    13    14    15   |
|    w     .     w     . |    |    16    17    18    19|
| .     w     .     .    |    | 20    21    22    23   |
|    .     .     .     . |    |    24    25    26    27|
| .     .     w     .    |    | 28    29    30    31   |
'------------------------'    '------------------------'

Black's turn to play.
End of Game !

#PDN#
[Event "IN104 CS Project"]
[Site "ENSTA ParisTech, Palaiseau, FRA"]
[GameType “21,W,8,8,N2,0”] {Whites begin}
[Date "Tue Mar 22 19:11:23 2016"]
[Round "?"]
[White "Tristboule"]
[WhiteType "Program"]
[Black "Guiguiboule"]
[BlackType "Program"]
[Result "1-0"] {White (Tristboule) wins}
[WhiteTime "29.491141319274902"]
[BlackTime "25.05940270423889"]

1.21-17 8-13 2.17x8 5x12 3.20-16 12x21 4.25x16 9-13 5.16x9 6x13 6.22-17 13x22 7.26x17 1-5 8.17-14 10x17 9.24-21 17x24 10.29x20 4-8 11.23-19 5-9 12.19-15 11x18 13.20-16 9-13 14.16x9 18-23 15.27x18 8-13 16.9x16 0-5 17.18-14 5-9 18.14x5 2-6 19.28-24 6-9 20.5x14 7-11 21.14-10 3-7 22.10x3 11-15 23.31-27 15-19 24.24-21 19-23 25.27x18  1-0 *
