Beginning of the game
,------------------------,    ,------------------------,
|    b     b     b     b |    |     0     1     2     3|
| b     b     b     b    |    |  4     5     6     7   |
|    b     b     b     b |    |     8     9    10    11|
| .     .     .     .    |    | 12    13    14    15   |
|    .     .     .     . |    |    16    17    18    19|
| w     w     w     w    |    | 20    21    22    23   |
|    w     w     w     w |    |    24    25    26    27|
| w     w     w     w    |    | 28    29    30    31   |
'------------------------'    '------------------------'

White's turn to play.
Possible moves :
20-16
22-17
23-18
23-19
21-16
22-18
21-17

Chosen move : 
20-16
,------------------------,    ,------------------------,
|    b     b     b     b |    |     0     1     2     3|
| b     b     b     b    |    |  4     5     6     7   |
|    b     b     b     b |    |     8     9    10    11|
| .     .     .     .    |    | 12    13    14    15   |
|    w     .     .     . |    |    16    17    18    19|
| .     w     w     w    |    | 20    21    22    23   |
|    w     w     w     w |    |    24    25    26    27|
| w     w     w     w    |    | 28    29    30    31   |
'------------------------'    '------------------------'

Black's turn to play.
Possible moves :
11-15
10-14
10-15
8-12
9-13
8-13
9-14

Chosen move : 
9-13
,------------------------,    ,------------------------,
|    b     b     b     b |    |     0     1     2     3|
| b     b     b     b    |    |  4     5     6     7   |
|    b     .     b     b |    |     8     9    10    11|
| .     b     .     .    |    | 12    13    14    15   |
|    w     .     .     . |    |    16    17    18    19|
| .     w     w     w    |    | 20    21    22    23   |
|    w     w     w     w |    |    24    25    26    27|
| w     w     w     w    |    | 28    29    30    31   |
'------------------------'    '------------------------'

White's turn to play.
Possible moves :
16x9

Chosen move : 
16x9
,------------------------,    ,------------------------,
|    b     b     b     b |    |     0     1     2     3|
| b     b     b     b    |    |  4     5     6     7   |
|    b     w     b     b |    |     8     9    10    11|
| .     .     .     .    |    | 12    13    14    15   |
|    .     .     .     . |    |    16    17    18    19|
| .     w     w     w    |    | 20    21    22    23   |
|    w     w     w     w |    |    24    25    26    27|
| w     w     w     w    |    | 28    29    30    31   |
'------------------------'    '------------------------'

Black's turn to play.
Possible moves :
5x14
6x13

Chosen move : 
6x13
,------------------------,    ,------------------------,
|    b     b     b     b |    |     0     1     2     3|
| b     b     .     b    |    |  4     5     6     7   |
|    b     .     b     b |    |     8     9    10    11|
| .     b     .     .    |    | 12    13    14    15   |
|    .     .     .     . |    |    16    17    18    19|
| .     w     w     w    |    | 20    21    22    23   |
|    w     w     w     w |    |    24    25    26    27|
| w     w     w     w    |    | 28    29    30    31   |
'------------------------'    '------------------------'

White's turn to play.
Possible moves :
21-16
21-17
23-19
22-18
23-18
24-20
22-17

Chosen move : 
23-19
,------------------------,    ,------------------------,
|    b     b     b     b |    |     0     1     2     3|
| b     b     .     b    |    |  4     5     6     7   |
|    b     .     b     b |    |     8     9    10    11|
| .     b     .     .    |    | 12    13    14    15   |
|    .     .     .     w |    |    16    17    18    19|
| .     w     w     .    |    | 20    21    22    23   |
|    w     w     w     w |    |    24    25    26    27|
| w     w     w     w    |    | 28    29    30    31   |
'------------------------'    '------------------------'

Black's turn to play.
Possible moves :
11-15
10-15
1-6
10-14
8-12
2-6
13-16
5-9
13-17

Chosen move : 
2-6
,------------------------,    ,------------------------,
|    b     b     .     b |    |     0     1     2     3|
| b     b     b     b    |    |  4     5     6     7   |
|    b     .     b     b |    |     8     9    10    11|
| .     b     .     .    |    | 12    13    14    15   |
|    .     .     .     w |    |    16    17    18    19|
| .     w     w     .    |    | 20    21    22    23   |
|    w     w     w     w |    |    24    25    26    27|
| w     w     w     w    |    | 28    29    30    31   |
'------------------------'    '------------------------'

White's turn to play.
Possible moves :
21-17
22-17
19-15
26-23
21-16
27-23
22-18
24-20

Chosen move : 
22-17
,------------------------,    ,------------------------,
|    b     b     .     b |    |     0     1     2     3|
| b     b     b     b    |    |  4     5     6     7   |
|    b     .     b     b |    |     8     9    10    11|
| .     b     .     .    |    | 12    13    14    15   |
|    .     w     .     w |    |    16    17    18    19|
| .     w     .     .    |    | 20    21    22    23   |
|    w     w     w     w |    |    24    25    26    27|
| w     w     w     w    |    | 28    29    30    31   |
'------------------------'    '------------------------'

Black's turn to play.
Possible moves :
13x22

Chosen move : 
13x22
,------------------------,    ,------------------------,
|    b     b     .     b |    |     0     1     2     3|
| b     b     b     b    |    |  4     5     6     7   |
|    b     .     b     b |    |     8     9    10    11|
| .     .     .     .    |    | 12    13    14    15   |
|    .     .     .     w |    |    16    17    18    19|
| .     w     b     .    |    | 20    21    22    23   |
|    w     w     w     w |    |    24    25    26    27|
| w     w     w     w    |    | 28    29    30    31   |
'------------------------'    '------------------------'

White's turn to play.
Possible moves :
26x17
25x18

Chosen move : 
26x17
,------------------------,    ,------------------------,
|    b     b     .     b |    |     0     1     2     3|
| b     b     b     b    |    |  4     5     6     7   |
|    b     .     b     b |    |     8     9    10    11|
| .     .     .     .    |    | 12    13    14    15   |
|    .     w     .     w |    |    16    17    18    19|
| .     w     .     .    |    | 20    21    22    23   |
|    w     w     .     w |    |    24    25    26    27|
| w     w     w     w    |    | 28    29    30    31   |
'------------------------'    '------------------------'

Black's turn to play.
Possible moves :
10-14
10-15
8-13
5-9
6-9
11-15
8-12

Chosen move : 
5-9
,------------------------,    ,------------------------,
|    b     b     .     b |    |     0     1     2     3|
| b     .     b     b    |    |  4     5     6     7   |
|    b     b     b     b |    |     8     9    10    11|
| .     .     .     .    |    | 12    13    14    15   |
|    .     w     .     w |    |    16    17    18    19|
| .     w     .     .    |    | 20    21    22    23   |
|    w     w     .     w |    |    24    25    26    27|
| w     w     w     w    |    | 28    29    30    31   |
'------------------------'    '------------------------'

White's turn to play.
Possible moves :
21-16
30-26
17-13
31-26
25-22
17-14
27-23
19-15
24-20

Chosen move : 
30-26
,------------------------,    ,------------------------,
|    b     b     .     b |    |     0     1     2     3|
| b     .     b     b    |    |  4     5     6     7   |
|    b     b     b     b |    |     8     9    10    11|
| .     .     .     .    |    | 12    13    14    15   |
|    .     w     .     w |    |    16    17    18    19|
| .     w     .     .    |    | 20    21    22    23   |
|    w     w     w     w |    |    24    25    26    27|
| w     w     .     w    |    | 28    29    30    31   |
'------------------------'    '------------------------'

Black's turn to play.
Possible moves :
8-12
10-15
9-13
9-14
8-13
11-15
10-14
0-5
1-5

Chosen move : 
10-15
,------------------------,    ,------------------------,
|    b     b     .     b |    |     0     1     2     3|
| b     .     b     b    |    |  4     5     6     7   |
|    b     b     .     b |    |     8     9    10    11|
| .     .     .     b    |    | 12    13    14    15   |
|    .     w     .     w |    |    16    17    18    19|
| .     w     .     .    |    | 20    21    22    23   |
|    w     w     w     w |    |    24    25    26    27|
| w     w     .     w    |    | 28    29    30    31   |
'------------------------'    '------------------------'

White's turn to play.
Possible moves :
19x10

Chosen move : 
19x10
,------------------------,    ,------------------------,
|    b     b     .     b |    |     0     1     2     3|
| b     .     b     b    |    |  4     5     6     7   |
|    b     b     w     b |    |     8     9    10    11|
| .     .     .     .    |    | 12    13    14    15   |
|    .     w     .     . |    |    16    17    18    19|
| .     w     .     .    |    | 20    21    22    23   |
|    w     w     w     w |    |    24    25    26    27|
| w     w     .     w    |    | 28    29    30    31   |
'------------------------'    '------------------------'

Black's turn to play.
Possible moves :
7x14
6x15

Chosen move : 
6x15
,------------------------,    ,------------------------,
|    b     b     .     b |    |     0     1     2     3|
| b     .     .     b    |    |  4     5     6     7   |
|    b     b     .     b |    |     8     9    10    11|
| .     .     .     b    |    | 12    13    14    15   |
|    .     w     .     . |    |    16    17    18    19|
| .     w     .     .    |    | 20    21    22    23   |
|    w     w     w     w |    |    24    25    26    27|
| w     w     .     w    |    | 28    29    30    31   |
'------------------------'    '------------------------'

White's turn to play.
Possible moves :
26-23
17-13
17-14
21-16
24-20
26-22
25-22
27-23

Chosen move : 
27-23
,------------------------,    ,------------------------,
|    b     b     .     b |    |     0     1     2     3|
| b     .     .     b    |    |  4     5     6     7   |
|    b     b     .     b |    |     8     9    10    11|
| .     .     .     b    |    | 12    13    14    15   |
|    .     w     .     . |    |    16    17    18    19|
| .     w     .     w    |    | 20    21    22    23   |
|    w     w     w     . |    |    24    25    26    27|
| w     w     .     w    |    | 28    29    30    31   |
'------------------------'    '------------------------'

Black's turn to play.
Possible moves :
7-10
1-6
9-14
8-12
9-13
15-19
0-5
8-13
15-18
1-5

Chosen move : 
7-10
,------------------------,    ,------------------------,
|    b     b     .     b |    |     0     1     2     3|
| b     .     .     .    |    |  4     5     6     7   |
|    b     b     b     b |    |     8     9    10    11|
| .     .     .     b    |    | 12    13    14    15   |
|    .     w     .     . |    |    16    17    18    19|
| .     w     .     w    |    | 20    21    22    23   |
|    w     w     w     . |    |    24    25    26    27|
| w     w     .     w    |    | 28    29    30    31   |
'------------------------'    '------------------------'

White's turn to play.
Possible moves :
26-22
25-22
23-18
24-20
17-13
23-19
21-16
31-27
17-14

Chosen move : 
23-19
,------------------------,    ,------------------------,
|    b     b     .     b |    |     0     1     2     3|
| b     .     .     .    |    |  4     5     6     7   |
|    b     b     b     b |    |     8     9    10    11|
| .     .     .     b    |    | 12    13    14    15   |
|    .     w     .     w |    |    16    17    18    19|
| .     w     .     .    |    | 20    21    22    23   |
|    w     w     w     . |    |    24    25    26    27|
| w     w     .     w    |    | 28    29    30    31   |
'------------------------'    '------------------------'

Black's turn to play.
Possible moves :
1-5
3-7
15-18
9-13
10-14
1-6
8-12
0-5
8-13
9-14

Chosen move : 
8-13
,------------------------,    ,------------------------,
|    b     b     .     b |    |     0     1     2     3|
| b     .     .     .    |    |  4     5     6     7   |
|    .     b     b     b |    |     8     9    10    11|
| .     b     .     b    |    | 12    13    14    15   |
|    .     w     .     w |    |    16    17    18    19|
| .     w     .     .    |    | 20    21    22    23   |
|    w     w     w     . |    |    24    25    26    27|
| w     w     .     w    |    | 28    29    30    31   |
'------------------------'    '------------------------'

White's turn to play.
Possible moves :
17x8

Chosen move : 
17x8
,------------------------,    ,------------------------,
|    b     b     .     b |    |     0     1     2     3|
| b     .     .     .    |    |  4     5     6     7   |
|    w     b     b     b |    |     8     9    10    11|
| .     .     .     b    |    | 12    13    14    15   |
|    .     .     .     w |    |    16    17    18    19|
| .     w     .     .    |    | 20    21    22    23   |
|    w     w     w     . |    |    24    25    26    27|
| w     w     .     w    |    | 28    29    30    31   |
'------------------------'    '------------------------'

Black's turn to play.
Possible moves :
4x13

Chosen move : 
4x13
,------------------------,    ,------------------------,
|    b     b     .     b |    |     0     1     2     3|
| .     .     .     .    |    |  4     5     6     7   |
|    .     b     b     b |    |     8     9    10    11|
| .     b     .     b    |    | 12    13    14    15   |
|    .     .     .     w |    |    16    17    18    19|
| .     w     .     .    |    | 20    21    22    23   |
|    w     w     w     . |    |    24    25    26    27|
| w     w     .     w    |    | 28    29    30    31   |
'------------------------'    '------------------------'

White's turn to play.
Possible moves :
21-17
26-22
24-20
25-22
21-16
31-27
26-23

Chosen move : 
31-27
,------------------------,    ,------------------------,
|    b     b     .     b |    |     0     1     2     3|
| .     .     .     .    |    |  4     5     6     7   |
|    .     b     b     b |    |     8     9    10    11|
| .     b     .     b    |    | 12    13    14    15   |
|    .     .     .     w |    |    16    17    18    19|
| .     w     .     .    |    | 20    21    22    23   |
|    w     w     w     w |    |    24    25    26    27|
| w     w     .     .    |    | 28    29    30    31   |
'------------------------'    '------------------------'

Black's turn to play.
Possible moves :
13-16
15-18
0-4
9-14
0-5
1-5
13-17
3-7
10-14
1-6

Chosen move : 
13-17
,------------------------,    ,------------------------,
|    b     b     .     b |    |     0     1     2     3|
| .     .     .     .    |    |  4     5     6     7   |
|    .     b     b     b |    |     8     9    10    11|
| .     .     .     b    |    | 12    13    14    15   |
|    .     b     .     w |    |    16    17    18    19|
| .     w     .     .    |    | 20    21    22    23   |
|    w     w     w     w |    |    24    25    26    27|
| w     w     .     .    |    | 28    29    30    31   |
'------------------------'    '------------------------'

White's turn to play.
Possible moves :
21x14x7
21x14x5

Chosen move : 
21x14x5
,------------------------,    ,------------------------,
|    b     b     .     b |    |     0     1     2     3|
| .     w     .     .    |    |  4     5     6     7   |
|    .     .     b     b |    |     8     9    10    11|
| .     .     .     b    |    | 12    13    14    15   |
|    .     .     .     w |    |    16    17    18    19|
| .     .     .     .    |    | 20    21    22    23   |
|    w     w     w     w |    |    24    25    26    27|
| w     w     .     .    |    | 28    29    30    31   |
'------------------------'    '------------------------'

Black's turn to play.
Possible moves :
1x8
0x9

Chosen move : 
1x8
,------------------------,    ,------------------------,
|    b     .     .     b |    |     0     1     2     3|
| .     .     .     .    |    |  4     5     6     7   |
|    b     .     b     b |    |     8     9    10    11|
| .     .     .     b    |    | 12    13    14    15   |
|    .     .     .     w |    |    16    17    18    19|
| .     .     .     .    |    | 20    21    22    23   |
|    w     w     w     w |    |    24    25    26    27|
| w     w     .     .    |    | 28    29    30    31   |
'------------------------'    '------------------------'

White's turn to play.
Possible moves :
26-22
24-21
25-21
27-23
26-23
25-22
24-20

Chosen move : 
26-22
,------------------------,    ,------------------------,
|    b     .     .     b |    |     0     1     2     3|
| .     .     .     .    |    |  4     5     6     7   |
|    b     .     b     b |    |     8     9    10    11|
| .     .     .     b    |    | 12    13    14    15   |
|    .     .     .     w |    |    16    17    18    19|
| .     .     w     .    |    | 20    21    22    23   |
|    w     w     .     w |    |    24    25    26    27|
| w     w     .     .    |    | 28    29    30    31   |
'------------------------'    '------------------------'

Black's turn to play.
Possible moves :
0-5
0-4
8-13
10-14
8-12
3-7
15-18

Chosen move : 
8-13
,------------------------,    ,------------------------,
|    b     .     .     b |    |     0     1     2     3|
| .     .     .     .    |    |  4     5     6     7   |
|    .     .     b     b |    |     8     9    10    11|
| .     b     .     b    |    | 12    13    14    15   |
|    .     .     .     w |    |    16    17    18    19|
| .     .     w     .    |    | 20    21    22    23   |
|    w     w     .     w |    |    24    25    26    27|
| w     w     .     .    |    | 28    29    30    31   |
'------------------------'    '------------------------'

White's turn to play.
Possible moves :
27-23
22-18
24-21
25-21
22-17
24-20

Chosen move : 
22-18
,------------------------,    ,------------------------,
|    b     .     .     b |    |     0     1     2     3|
| .     .     .     .    |    |  4     5     6     7   |
|    .     .     b     b |    |     8     9    10    11|
| .     b     .     b    |    | 12    13    14    15   |
|    .     .     w     w |    |    16    17    18    19|
| .     .     .     .    |    | 20    21    22    23   |
|    w     w     .     w |    |    24    25    26    27|
| w     w     .     .    |    | 28    29    30    31   |
'------------------------'    '------------------------'

Black's turn to play.
Possible moves :
15x22

Chosen move : 
15x22
,------------------------,    ,------------------------,
|    b     .     .     b |    |     0     1     2     3|
| .     .     .     .    |    |  4     5     6     7   |
|    .     .     b     b |    |     8     9    10    11|
| .     b     .     .    |    | 12    13    14    15   |
|    .     .     .     w |    |    16    17    18    19|
| .     .     b     .    |    | 20    21    22    23   |
|    w     w     .     w |    |    24    25    26    27|
| w     w     .     .    |    | 28    29    30    31   |
'------------------------'    '------------------------'

White's turn to play.
Possible moves :
25x18

Chosen move : 
25x18
,------------------------,    ,------------------------,
|    b     .     .     b |    |     0     1     2     3|
| .     .     .     .    |    |  4     5     6     7   |
|    .     .     b     b |    |     8     9    10    11|
| .     b     .     .    |    | 12    13    14    15   |
|    .     .     w     w |    |    16    17    18    19|
| .     .     .     .    |    | 20    21    22    23   |
|    w     .     .     w |    |    24    25    26    27|
| w     w     .     .    |    | 28    29    30    31   |
'------------------------'    '------------------------'

Black's turn to play.
Possible moves :
13-17
10-15
11-15
10-14
0-4
3-7
0-5
13-16

Chosen move : 
3-7
,------------------------,    ,------------------------,
|    b     .     .     . |    |     0     1     2     3|
| .     .     .     b    |    |  4     5     6     7   |
|    .     .     b     b |    |     8     9    10    11|
| .     b     .     .    |    | 12    13    14    15   |
|    .     .     w     w |    |    16    17    18    19|
| .     .     .     .    |    | 20    21    22    23   |
|    w     .     .     w |    |    24    25    26    27|
| w     w     .     .    |    | 28    29    30    31   |
'------------------------'    '------------------------'

White's turn to play.
Possible moves :
29-25
27-23
18-15
24-20
24-21
19-15
18-14

Chosen move : 
29-25
,------------------------,    ,------------------------,
|    b     .     .     . |    |     0     1     2     3|
| .     .     .     b    |    |  4     5     6     7   |
|    .     .     b     b |    |     8     9    10    11|
| .     b     .     .    |    | 12    13    14    15   |
|    .     .     w     w |    |    16    17    18    19|
| .     .     .     .    |    | 20    21    22    23   |
|    w     w     .     w |    |    24    25    26    27|
| w     .     .     .    |    | 28    29    30    31   |
'------------------------'    '------------------------'

Black's turn to play.
Possible moves :
13-17
11-15
0-5
10-14
13-16
0-4
10-15

Chosen move : 
10-14
,------------------------,    ,------------------------,
|    b     .     .     . |    |     0     1     2     3|
| .     .     .     b    |    |  4     5     6     7   |
|    .     .     .     b |    |     8     9    10    11|
| .     b     b     .    |    | 12    13    14    15   |
|    .     .     w     w |    |    16    17    18    19|
| .     .     .     .    |    | 20    21    22    23   |
|    w     w     .     w |    |    24    25    26    27|
| w     .     .     .    |    | 28    29    30    31   |
'------------------------'    '------------------------'

White's turn to play.
Possible moves :
18x9x16

Chosen move : 
18x9x16
,------------------------,    ,------------------------,
|    b     .     .     . |    |     0     1     2     3|
| .     .     .     b    |    |  4     5     6     7   |
|    .     .     .     b |    |     8     9    10    11|
| .     .     .     .    |    | 12    13    14    15   |
|    w     .     .     w |    |    16    17    18    19|
| .     .     .     .    |    | 20    21    22    23   |
|    w     w     .     w |    |    24    25    26    27|
| w     .     .     .    |    | 28    29    30    31   |
'------------------------'    '------------------------'

Black's turn to play.
Possible moves :
0-4
7-10
0-5
11-15

Chosen move : 
0-5
,------------------------,    ,------------------------,
|    .     .     .     . |    |     0     1     2     3|
| .     b     .     b    |    |  4     5     6     7   |
|    .     .     .     b |    |     8     9    10    11|
| .     .     .     .    |    | 12    13    14    15   |
|    w     .     .     w |    |    16    17    18    19|
| .     .     .     .    |    | 20    21    22    23   |
|    w     w     .     w |    |    24    25    26    27|
| w     .     .     .    |    | 28    29    30    31   |
'------------------------'    '------------------------'

White's turn to play.
Possible moves :
24-21
16-13
25-21
27-23
25-22
16-12
24-20
19-15

Chosen move : 
25-22
,------------------------,    ,------------------------,
|    .     .     .     . |    |     0     1     2     3|
| .     b     .     b    |    |  4     5     6     7   |
|    .     .     .     b |    |     8     9    10    11|
| .     .     .     .    |    | 12    13    14    15   |
|    w     .     .     w |    |    16    17    18    19|
| .     .     w     .    |    | 20    21    22    23   |
|    w     .     .     w |    |    24    25    26    27|
| w     .     .     .    |    | 28    29    30    31   |
'------------------------'    '------------------------'

Black's turn to play.
Possible moves :
5-9
11-15
5-8
7-10

Chosen move : 
7-10
,------------------------,    ,------------------------,
|    .     .     .     . |    |     0     1     2     3|
| .     b     .     .    |    |  4     5     6     7   |
|    .     .     b     b |    |     8     9    10    11|
| .     .     .     .    |    | 12    13    14    15   |
|    w     .     .     w |    |    16    17    18    19|
| .     .     w     .    |    | 20    21    22    23   |
|    w     .     .     w |    |    24    25    26    27|
| w     .     .     .    |    | 28    29    30    31   |
'------------------------'    '------------------------'

White's turn to play.
Possible moves :
16-12
24-21
22-17
27-23
22-18
19-15
24-20
16-13

Chosen move : 
24-20
,------------------------,    ,------------------------,
|    .     .     .     . |    |     0     1     2     3|
| .     b     .     .    |    |  4     5     6     7   |
|    .     .     b     b |    |     8     9    10    11|
| .     .     .     .    |    | 12    13    14    15   |
|    w     .     .     w |    |    16    17    18    19|
| w     .     w     .    |    | 20    21    22    23   |
|    .     .     .     w |    |    24    25    26    27|
| w     .     .     .    |    | 28    29    30    31   |
'------------------------'    '------------------------'

Black's turn to play.
Possible moves :
5-9
10-15
5-8
11-15
10-14

Chosen move : 
11-15
,------------------------,    ,------------------------,
|    .     .     .     . |    |     0     1     2     3|
| .     b     .     .    |    |  4     5     6     7   |
|    .     .     b     . |    |     8     9    10    11|
| .     .     .     b    |    | 12    13    14    15   |
|    w     .     .     w |    |    16    17    18    19|
| w     .     w     .    |    | 20    21    22    23   |
|    .     .     .     w |    |    24    25    26    27|
| w     .     .     .    |    | 28    29    30    31   |
'------------------------'    '------------------------'

White's turn to play.
Possible moves :
28-24
22-18
22-17
16-12
16-13
27-23

Chosen move : 
16-13
,------------------------,    ,------------------------,
|    .     .     .     . |    |     0     1     2     3|
| .     b     .     .    |    |  4     5     6     7   |
|    .     .     b     . |    |     8     9    10    11|
| .     w     .     b    |    | 12    13    14    15   |
|    .     .     .     w |    |    16    17    18    19|
| w     .     w     .    |    | 20    21    22    23   |
|    .     .     .     w |    |    24    25    26    27|
| w     .     .     .    |    | 28    29    30    31   |
'------------------------'    '------------------------'

Black's turn to play.
Possible moves :
5-9
15-18
10-14
5-8

Chosen move : 
15-18
,------------------------,    ,------------------------,
|    .     .     .     . |    |     0     1     2     3|
| .     b     .     .    |    |  4     5     6     7   |
|    .     .     b     . |    |     8     9    10    11|
| .     w     .     .    |    | 12    13    14    15   |
|    .     .     b     w |    |    16    17    18    19|
| w     .     w     .    |    | 20    21    22    23   |
|    .     .     .     w |    |    24    25    26    27|
| w     .     .     .    |    | 28    29    30    31   |
'------------------------'    '------------------------'

White's turn to play.
Possible moves :
22x15x6

Chosen move : 
22x15x6
,------------------------,    ,------------------------,
|    .     .     .     . |    |     0     1     2     3|
| .     b     w     .    |    |  4     5     6     7   |
|    .     .     .     . |    |     8     9    10    11|
| .     w     .     .    |    | 12    13    14    15   |
|    .     .     .     w |    |    16    17    18    19|
| w     .     .     .    |    | 20    21    22    23   |
|    .     .     .     w |    |    24    25    26    27|
| w     .     .     .    |    | 28    29    30    31   |
'------------------------'    '------------------------'

Black's turn to play.
Possible moves :
5-8
5-9

Chosen move : 
5-9
,------------------------,    ,------------------------,
|    .     .     .     . |    |     0     1     2     3|
| .     .     w     .    |    |  4     5     6     7   |
|    .     b     .     . |    |     8     9    10    11|
| .     w     .     .    |    | 12    13    14    15   |
|    .     .     .     w |    |    16    17    18    19|
| w     .     .     .    |    | 20    21    22    23   |
|    .     .     .     w |    |    24    25    26    27|
| w     .     .     .    |    | 28    29    30    31   |
'------------------------'    '------------------------'

White's turn to play.
Possible moves :
13-8
6-2
20-16
27-23
28-24
19-15
6-1

Chosen move : 
6-2
,------------------------,    ,------------------------,
|    .     .     W     . |    |     0     1     2     3|
| .     .     .     .    |    |  4     5     6     7   |
|    .     b     .     . |    |     8     9    10    11|
| .     w     .     .    |    | 12    13    14    15   |
|    .     .     .     w |    |    16    17    18    19|
| w     .     .     .    |    | 20    21    22    23   |
|    .     .     .     w |    |    24    25    26    27|
| w     .     .     .    |    | 28    29    30    31   |
'------------------------'    '------------------------'

Black's turn to play.
Possible moves :
9x16

Chosen move : 
9x16
,------------------------,    ,------------------------,
|    .     .     W     . |    |     0     1     2     3|
| .     .     .     .    |    |  4     5     6     7   |
|    .     .     .     . |    |     8     9    10    11|
| .     .     .     .    |    | 12    13    14    15   |
|    b     .     .     w |    |    16    17    18    19|
| w     .     .     .    |    | 20    21    22    23   |
|    .     .     .     w |    |    24    25    26    27|
| w     .     .     .    |    | 28    29    30    31   |
'------------------------'    '------------------------'

White's turn to play.
Possible moves :
20x13

Chosen move : 
20x13
,------------------------,    ,------------------------,
|    .     .     W     . |    |     0     1     2     3|
| .     .     .     .    |    |  4     5     6     7   |
|    .     .     .     . |    |     8     9    10    11|
| .     w     .     .    |    | 12    13    14    15   |
|    .     .     .     w |    |    16    17    18    19|
| .     .     .     .    |    | 20    21    22    23   |
|    .     .     .     w |    |    24    25    26    27|
| w     .     .     .    |    | 28    29    30    31   |
'------------------------'    '------------------------'

Black's turn to play.
End of Game !

#PDN#
[Event "IN104 CS Project"]
[Site "ENSTA ParisTech, Palaiseau, FRA"]
[GameType “21,W,8,8,N2,0”] {Whites begin}
[Date "Tue Mar 22 15:32:31 2016"]
[Round "?"]
[White "Tristboule"]
[WhiteType "Program"]
[Black "Guiguiboule"]
[BlackType "Program"]
[Result "1-0"] {White (Tristboule) wins}
[WhiteTime "0.015556573867797852"]
[BlackTime "0.014130115509033203"]

1.20-16 9-13 2.16x9 6x13 3.23-19 2-6 4.22-17 13x22 5.26x17 5-9 6.30-26 10-15 7.19x10 6x15 8.27-23 7-10 9.23-19 8-13 10.17x8 4x13 11.31-27 13-17 12.21x14x5 1x8 13.26-22 8-13 14.22-18 15x22 15.25x18 3-7 16.29-25 10-14 17.18x9x16 0-5 18.25-22 7-10 19.24-20 11-15 20.16-13 15-18 21.22x15x6 5-9 22.6-2 9x16 23.20x13  1-0 *
