Beginning of the game
,------------------------,    ,------------------------,
|    b     b     b     b |    |     0     1     2     3|
| b     b     b     b    |    |  4     5     6     7   |
|    b     b     b     b |    |     8     9    10    11|
| .     .     .     .    |    | 12    13    14    15   |
|    .     .     .     . |    |    16    17    18    19|
| w     w     w     w    |    | 20    21    22    23   |
|    w     w     w     w |    |    24    25    26    27|
| w     w     w     w    |    | 28    29    30    31   |
'------------------------'    '------------------------'

White's turn to play.
Possible moves :
23-18
21-16
21-17
20-16
22-18
22-17
23-19

Chosen move : 
22-18
,------------------------,    ,------------------------,
|    b     b     b     b |    |     0     1     2     3|
| b     b     b     b    |    |  4     5     6     7   |
|    b     b     b     b |    |     8     9    10    11|
| .     .     .     .    |    | 12    13    14    15   |
|    .     .     w     . |    |    16    17    18    19|
| w     w     .     w    |    | 20    21    22    23   |
|    w     w     w     w |    |    24    25    26    27|
| w     w     w     w    |    | 28    29    30    31   |
'------------------------'    '------------------------'

Black's turn to play.
Possible moves :
11-15
8-12
9-13
10-15
8-13
10-14
9-14

Chosen move : 
9-14
,------------------------,    ,------------------------,
|    b     b     b     b |    |     0     1     2     3|
| b     b     b     b    |    |  4     5     6     7   |
|    b     .     b     b |    |     8     9    10    11|
| .     .     b     .    |    | 12    13    14    15   |
|    .     .     w     . |    |    16    17    18    19|
| w     w     .     w    |    | 20    21    22    23   |
|    w     w     w     w |    |    24    25    26    27|
| w     w     w     w    |    | 28    29    30    31   |
'------------------------'    '------------------------'

White's turn to play.
Possible moves :
18x9

Chosen move : 
18x9
,------------------------,    ,------------------------,
|    b     b     b     b |    |     0     1     2     3|
| b     b     b     b    |    |  4     5     6     7   |
|    b     w     b     b |    |     8     9    10    11|
| .     .     .     .    |    | 12    13    14    15   |
|    .     .     .     . |    |    16    17    18    19|
| w     w     .     w    |    | 20    21    22    23   |
|    w     w     w     w |    |    24    25    26    27|
| w     w     w     w    |    | 28    29    30    31   |
'------------------------'    '------------------------'

Black's turn to play.
Possible moves :
6x13
5x14

Chosen move : 
6x13
,------------------------,    ,------------------------,
|    b     b     b     b |    |     0     1     2     3|
| b     b     .     b    |    |  4     5     6     7   |
|    b     .     b     b |    |     8     9    10    11|
| .     b     .     .    |    | 12    13    14    15   |
|    .     .     .     . |    |    16    17    18    19|
| w     w     .     w    |    | 20    21    22    23   |
|    w     w     w     w |    |    24    25    26    27|
| w     w     w     w    |    | 28    29    30    31   |
'------------------------'    '------------------------'

White's turn to play.
Possible moves :
25-22
23-19
20-16
26-22
21-16
21-17
23-18

Chosen move : 
26-22
,------------------------,    ,------------------------,
|    b     b     b     b |    |     0     1     2     3|
| b     b     .     b    |    |  4     5     6     7   |
|    b     .     b     b |    |     8     9    10    11|
| .     b     .     .    |    | 12    13    14    15   |
|    .     .     .     . |    |    16    17    18    19|
| w     w     w     w    |    | 20    21    22    23   |
|    w     w     .     w |    |    24    25    26    27|
| w     w     w     w    |    | 28    29    30    31   |
'------------------------'    '------------------------'

Black's turn to play.
Possible moves :
10-15
2-6
5-9
11-15
13-16
13-17
10-14
1-6
8-12

Chosen move : 
2-6
,------------------------,    ,------------------------,
|    b     b     .     b |    |     0     1     2     3|
| b     b     b     b    |    |  4     5     6     7   |
|    b     .     b     b |    |     8     9    10    11|
| .     b     .     .    |    | 12    13    14    15   |
|    .     .     .     . |    |    16    17    18    19|
| w     w     w     w    |    | 20    21    22    23   |
|    w     w     .     w |    |    24    25    26    27|
| w     w     w     w    |    | 28    29    30    31   |
'------------------------'    '------------------------'

White's turn to play.
Possible moves :
31-26
22-17
30-26
21-17
23-19
20-16
23-18
21-16
22-18

Chosen move : 
30-26
,------------------------,    ,------------------------,
|    b     b     .     b |    |     0     1     2     3|
| b     b     b     b    |    |  4     5     6     7   |
|    b     .     b     b |    |     8     9    10    11|
| .     b     .     .    |    | 12    13    14    15   |
|    .     .     .     . |    |    16    17    18    19|
| w     w     w     w    |    | 20    21    22    23   |
|    w     w     w     w |    |    24    25    26    27|
| w     w     .     w    |    | 28    29    30    31   |
'------------------------'    '------------------------'

Black's turn to play.
Possible moves :
11-15
8-12
13-17
5-9
10-15
6-9
13-16
10-14

Chosen move : 
10-15
,------------------------,    ,------------------------,
|    b     b     .     b |    |     0     1     2     3|
| b     b     b     b    |    |  4     5     6     7   |
|    b     .     .     b |    |     8     9    10    11|
| .     b     .     b    |    | 12    13    14    15   |
|    .     .     .     . |    |    16    17    18    19|
| w     w     w     w    |    | 20    21    22    23   |
|    w     w     w     w |    |    24    25    26    27|
| w     w     .     w    |    | 28    29    30    31   |
'------------------------'    '------------------------'

White's turn to play.
Possible moves :
21-17
22-18
23-19
22-17
21-16
23-18
20-16

Chosen move : 
20-16
,------------------------,    ,------------------------,
|    b     b     .     b |    |     0     1     2     3|
| b     b     b     b    |    |  4     5     6     7   |
|    b     .     .     b |    |     8     9    10    11|
| .     b     .     b    |    | 12    13    14    15   |
|    w     .     .     . |    |    16    17    18    19|
| .     w     w     w    |    | 20    21    22    23   |
|    w     w     w     w |    |    24    25    26    27|
| w     w     .     w    |    | 28    29    30    31   |
'------------------------'    '------------------------'

Black's turn to play.
Possible moves :
13x20

Chosen move : 
13x20
,------------------------,    ,------------------------,
|    b     b     .     b |    |     0     1     2     3|
| b     b     b     b    |    |  4     5     6     7   |
|    b     .     .     b |    |     8     9    10    11|
| .     .     .     b    |    | 12    13    14    15   |
|    .     .     .     . |    |    16    17    18    19|
| b     w     w     w    |    | 20    21    22    23   |
|    w     w     w     w |    |    24    25    26    27|
| w     w     .     w    |    | 28    29    30    31   |
'------------------------'    '------------------------'

White's turn to play.
Possible moves :
22-18
23-18
23-19
21-17
21-16
22-17

Chosen move : 
22-17
,------------------------,    ,------------------------,
|    b     b     .     b |    |     0     1     2     3|
| b     b     b     b    |    |  4     5     6     7   |
|    b     .     .     b |    |     8     9    10    11|
| .     .     .     b    |    | 12    13    14    15   |
|    .     w     .     . |    |    16    17    18    19|
| b     w     .     w    |    | 20    21    22    23   |
|    w     w     w     w |    |    24    25    26    27|
| w     w     .     w    |    | 28    29    30    31   |
'------------------------'    '------------------------'

Black's turn to play.
Possible moves :
15-19
6-9
7-10
5-9
8-13
6-10
8-12
15-18

Chosen move : 
15-18
,------------------------,    ,------------------------,
|    b     b     .     b |    |     0     1     2     3|
| b     b     b     b    |    |  4     5     6     7   |
|    b     .     .     b |    |     8     9    10    11|
| .     .     .     .    |    | 12    13    14    15   |
|    .     w     b     . |    |    16    17    18    19|
| b     w     .     w    |    | 20    21    22    23   |
|    w     w     w     w |    |    24    25    26    27|
| w     w     .     w    |    | 28    29    30    31   |
'------------------------'    '------------------------'

White's turn to play.
Possible moves :
23x14

Chosen move : 
23x14
,------------------------,    ,------------------------,
|    b     b     .     b |    |     0     1     2     3|
| b     b     b     b    |    |  4     5     6     7   |
|    b     .     .     b |    |     8     9    10    11|
| .     .     w     .    |    | 12    13    14    15   |
|    .     w     .     . |    |    16    17    18    19|
| b     w     .     .    |    | 20    21    22    23   |
|    w     w     w     w |    |    24    25    26    27|
| w     w     .     w    |    | 28    29    30    31   |
'------------------------'    '------------------------'

Black's turn to play.
Possible moves :
7-10
6-10
5-9
11-15
8-13
6-9
8-12

Chosen move : 
7-10
,------------------------,    ,------------------------,
|    b     b     .     b |    |     0     1     2     3|
| b     b     b     .    |    |  4     5     6     7   |
|    b     .     b     b |    |     8     9    10    11|
| .     .     w     .    |    | 12    13    14    15   |
|    .     w     .     . |    |    16    17    18    19|
| b     w     .     .    |    | 20    21    22    23   |
|    w     w     w     w |    |    24    25    26    27|
| w     w     .     w    |    | 28    29    30    31   |
'------------------------'    '------------------------'

White's turn to play.
Possible moves :
14x7

Chosen move : 
14x7
,------------------------,    ,------------------------,
|    b     b     .     b |    |     0     1     2     3|
| b     b     b     w    |    |  4     5     6     7   |
|    b     .     .     b |    |     8     9    10    11|
| .     .     .     .    |    | 12    13    14    15   |
|    .     w     .     . |    |    16    17    18    19|
| b     w     .     .    |    | 20    21    22    23   |
|    w     w     w     w |    |    24    25    26    27|
| w     w     .     w    |    | 28    29    30    31   |
'------------------------'    '------------------------'

Black's turn to play.
Possible moves :
3x10
11x2

Chosen move : 
11x2
,------------------------,    ,------------------------,
|    b     b     b     b |    |     0     1     2     3|
| b     b     b     .    |    |  4     5     6     7   |
|    b     .     .     . |    |     8     9    10    11|
| .     .     .     .    |    | 12    13    14    15   |
|    .     w     .     . |    |    16    17    18    19|
| b     w     .     .    |    | 20    21    22    23   |
|    w     w     w     w |    |    24    25    26    27|
| w     w     .     w    |    | 28    29    30    31   |
'------------------------'    '------------------------'

White's turn to play.
Possible moves :
25-22
21-16
17-13
26-22
17-14
27-23
26-23

Chosen move : 
26-23
,------------------------,    ,------------------------,
|    b     b     b     b |    |     0     1     2     3|
| b     b     b     .    |    |  4     5     6     7   |
|    b     .     .     . |    |     8     9    10    11|
| .     .     .     .    |    | 12    13    14    15   |
|    .     w     .     . |    |    16    17    18    19|
| b     w     .     w    |    | 20    21    22    23   |
|    w     w     .     w |    |    24    25    26    27|
| w     w     .     w    |    | 28    29    30    31   |
'------------------------'    '------------------------'

Black's turn to play.
Possible moves :
5-9
8-13
8-12
2-7
3-7
6-10
6-9

Chosen move : 
6-9
,------------------------,    ,------------------------,
|    b     b     b     b |    |     0     1     2     3|
| b     b     .     .    |    |  4     5     6     7   |
|    b     b     .     . |    |     8     9    10    11|
| .     .     .     .    |    | 12    13    14    15   |
|    .     w     .     . |    |    16    17    18    19|
| b     w     .     w    |    | 20    21    22    23   |
|    w     w     .     w |    |    24    25    26    27|
| w     w     .     w    |    | 28    29    30    31   |
'------------------------'    '------------------------'

White's turn to play.
Possible moves :
25-22
23-18
31-26
21-16
17-14
23-19
17-13

Chosen move : 
25-22
,------------------------,    ,------------------------,
|    b     b     b     b |    |     0     1     2     3|
| b     b     .     .    |    |  4     5     6     7   |
|    b     b     .     . |    |     8     9    10    11|
| .     .     .     .    |    | 12    13    14    15   |
|    .     w     .     . |    |    16    17    18    19|
| b     w     w     w    |    | 20    21    22    23   |
|    w     .     .     w |    |    24    25    26    27|
| w     w     .     w    |    | 28    29    30    31   |
'------------------------'    '------------------------'

Black's turn to play.
Possible moves :
8-13
1-6
8-12
9-14
2-7
3-7
9-13
2-6

Chosen move : 
3-7
,------------------------,    ,------------------------,
|    b     b     b     . |    |     0     1     2     3|
| b     b     .     b    |    |  4     5     6     7   |
|    b     b     .     . |    |     8     9    10    11|
| .     .     .     .    |    | 12    13    14    15   |
|    .     w     .     . |    |    16    17    18    19|
| b     w     w     w    |    | 20    21    22    23   |
|    w     .     .     w |    |    24    25    26    27|
| w     w     .     w    |    | 28    29    30    31   |
'------------------------'    '------------------------'

White's turn to play.
Possible moves :
17-14
17-13
31-26
29-25
21-16
23-18
22-18
23-19

Chosen move : 
23-19
,------------------------,    ,------------------------,
|    b     b     b     . |    |     0     1     2     3|
| b     b     .     b    |    |  4     5     6     7   |
|    b     b     .     . |    |     8     9    10    11|
| .     .     .     .    |    | 12    13    14    15   |
|    .     w     .     w |    |    16    17    18    19|
| b     w     w     .    |    | 20    21    22    23   |
|    w     .     .     w |    |    24    25    26    27|
| w     w     .     w    |    | 28    29    30    31   |
'------------------------'    '------------------------'

Black's turn to play.
Possible moves :
7-10
8-12
2-6
7-11
9-14
1-6
8-13
9-13

Chosen move : 
1-6
,------------------------,    ,------------------------,
|    b     .     b     . |    |     0     1     2     3|
| b     b     b     b    |    |  4     5     6     7   |
|    b     b     .     . |    |     8     9    10    11|
| .     .     .     .    |    | 12    13    14    15   |
|    .     w     .     w |    |    16    17    18    19|
| b     w     w     .    |    | 20    21    22    23   |
|    w     .     .     w |    |    24    25    26    27|
| w     w     .     w    |    | 28    29    30    31   |
'------------------------'    '------------------------'

White's turn to play.
Possible moves :
27-23
29-25
17-13
22-18
17-14
19-15
21-16
31-26

Chosen move : 
31-26
,------------------------,    ,------------------------,
|    b     .     b     . |    |     0     1     2     3|
| b     b     b     b    |    |  4     5     6     7   |
|    b     b     .     . |    |     8     9    10    11|
| .     .     .     .    |    | 12    13    14    15   |
|    .     w     .     w |    |    16    17    18    19|
| b     w     w     .    |    | 20    21    22    23   |
|    w     .     w     w |    |    24    25    26    27|
| w     w     .     .    |    | 28    29    30    31   |
'------------------------'    '------------------------'

Black's turn to play.
Possible moves :
9-13
7-10
9-14
8-12
7-11
6-10
8-13

Chosen move : 
8-12
,------------------------,    ,------------------------,
|    b     .     b     . |    |     0     1     2     3|
| b     b     b     b    |    |  4     5     6     7   |
|    .     b     .     . |    |     8     9    10    11|
| b     .     .     .    |    | 12    13    14    15   |
|    .     w     .     w |    |    16    17    18    19|
| b     w     w     .    |    | 20    21    22    23   |
|    w     .     w     w |    |    24    25    26    27|
| w     w     .     .    |    | 28    29    30    31   |
'------------------------'    '------------------------'

White's turn to play.
Possible moves :
21-16
27-23
17-14
26-23
22-18
19-15
17-13
29-25

Chosen move : 
21-16
,------------------------,    ,------------------------,
|    b     .     b     . |    |     0     1     2     3|
| b     b     b     b    |    |  4     5     6     7   |
|    .     b     .     . |    |     8     9    10    11|
| b     .     .     .    |    | 12    13    14    15   |
|    w     w     .     w |    |    16    17    18    19|
| b     .     w     .    |    | 20    21    22    23   |
|    w     .     w     w |    |    24    25    26    27|
| w     w     .     .    |    | 28    29    30    31   |
'------------------------'    '------------------------'

Black's turn to play.
Possible moves :
12x21x14

Chosen move : 
12x21x14
,------------------------,    ,------------------------,
|    b     .     b     . |    |     0     1     2     3|
| b     b     b     b    |    |  4     5     6     7   |
|    .     b     .     . |    |     8     9    10    11|
| .     .     b     .    |    | 12    13    14    15   |
|    .     .     .     w |    |    16    17    18    19|
| b     .     w     .    |    | 20    21    22    23   |
|    w     .     w     w |    |    24    25    26    27|
| w     w     .     .    |    | 28    29    30    31   |
'------------------------'    '------------------------'

White's turn to play.
Possible moves :
26-23
19-15
22-18
27-23
22-17
24-21
29-25

Chosen move : 
19-15
,------------------------,    ,------------------------,
|    b     .     b     . |    |     0     1     2     3|
| b     b     b     b    |    |  4     5     6     7   |
|    .     b     .     . |    |     8     9    10    11|
| .     .     b     w    |    | 12    13    14    15   |
|    .     .     .     . |    |    16    17    18    19|
| b     .     w     .    |    | 20    21    22    23   |
|    w     .     w     w |    |    24    25    26    27|
| w     w     .     .    |    | 28    29    30    31   |
'------------------------'    '------------------------'

Black's turn to play.
Possible moves :
6-10
7-10
14-17
7-11
5-8
9-13
14-18
4-8

Chosen move : 
5-8
,------------------------,    ,------------------------,
|    b     .     b     . |    |     0     1     2     3|
| b     .     b     b    |    |  4     5     6     7   |
|    b     b     .     . |    |     8     9    10    11|
| .     .     b     w    |    | 12    13    14    15   |
|    .     .     .     . |    |    16    17    18    19|
| b     .     w     .    |    | 20    21    22    23   |
|    w     .     w     w |    |    24    25    26    27|
| w     w     .     .    |    | 28    29    30    31   |
'------------------------'    '------------------------'

White's turn to play.
Possible moves :
29-25
24-21
22-17
15-10
22-18
15-11
26-23
27-23

Chosen move : 
27-23
,------------------------,    ,------------------------,
|    b     .     b     . |    |     0     1     2     3|
| b     .     b     b    |    |  4     5     6     7   |
|    b     b     .     . |    |     8     9    10    11|
| .     .     b     w    |    | 12    13    14    15   |
|    .     .     .     . |    |    16    17    18    19|
| b     .     w     w    |    | 20    21    22    23   |
|    w     .     w     . |    |    24    25    26    27|
| w     w     .     .    |    | 28    29    30    31   |
'------------------------'    '------------------------'

Black's turn to play.
Possible moves :
7-11
9-13
7-10
8-13
14-18
14-17
8-12
6-10
0-5

Chosen move : 
9-13
,------------------------,    ,------------------------,
|    b     .     b     . |    |     0     1     2     3|
| b     .     b     b    |    |  4     5     6     7   |
|    b     .     .     . |    |     8     9    10    11|
| .     b     b     w    |    | 12    13    14    15   |
|    .     .     .     . |    |    16    17    18    19|
| b     .     w     w    |    | 20    21    22    23   |
|    w     .     w     . |    |    24    25    26    27|
| w     w     .     .    |    | 28    29    30    31   |
'------------------------'    '------------------------'

White's turn to play.
Possible moves :
23-18
15-11
29-25
23-19
24-21
15-10
22-17
22-18

Chosen move : 
23-19
,------------------------,    ,------------------------,
|    b     .     b     . |    |     0     1     2     3|
| b     .     b     b    |    |  4     5     6     7   |
|    b     .     .     . |    |     8     9    10    11|
| .     b     b     w    |    | 12    13    14    15   |
|    .     .     .     w |    |    16    17    18    19|
| b     .     w     .    |    | 20    21    22    23   |
|    w     .     w     . |    |    24    25    26    27|
| w     w     .     .    |    | 28    29    30    31   |
'------------------------'    '------------------------'

Black's turn to play.
Possible moves :
7-10
13-17
14-18
8-12
13-16
14-17
6-9
6-10
0-5
7-11

Chosen move : 
14-18
,------------------------,    ,------------------------,
|    b     .     b     . |    |     0     1     2     3|
| b     .     b     b    |    |  4     5     6     7   |
|    b     .     .     . |    |     8     9    10    11|
| .     b     .     w    |    | 12    13    14    15   |
|    .     .     b     w |    |    16    17    18    19|
| b     .     w     .    |    | 20    21    22    23   |
|    w     .     w     . |    |    24    25    26    27|
| w     w     .     .    |    | 28    29    30    31   |
'------------------------'    '------------------------'

White's turn to play.
Possible moves :
15-10
15-11
24-21
22-17
26-23
29-25

Chosen move : 
22-17
,------------------------,    ,------------------------,
|    b     .     b     . |    |     0     1     2     3|
| b     .     b     b    |    |  4     5     6     7   |
|    b     .     .     . |    |     8     9    10    11|
| .     b     .     w    |    | 12    13    14    15   |
|    .     w     b     w |    |    16    17    18    19|
| b     .     .     .    |    | 20    21    22    23   |
|    w     .     w     . |    |    24    25    26    27|
| w     w     .     .    |    | 28    29    30    31   |
'------------------------'    '------------------------'

Black's turn to play.
Possible moves :
13x22x31

Chosen move : 
13x22x31
,------------------------,    ,------------------------,
|    b     .     b     . |    |     0     1     2     3|
| b     .     b     b    |    |  4     5     6     7   |
|    b     .     .     . |    |     8     9    10    11|
| .     .     .     w    |    | 12    13    14    15   |
|    .     .     b     w |    |    16    17    18    19|
| b     .     .     .    |    | 20    21    22    23   |
|    w     .     .     . |    |    24    25    26    27|
| w     w     .     B    |    | 28    29    30    31   |
'------------------------'    '------------------------'

White's turn to play.
Possible moves :
15x22

Chosen move : 
15x22
,------------------------,    ,------------------------,
|    b     .     b     . |    |     0     1     2     3|
| b     .     b     b    |    |  4     5     6     7   |
|    b     .     .     . |    |     8     9    10    11|
| .     .     .     .    |    | 12    13    14    15   |
|    .     .     .     w |    |    16    17    18    19|
| b     .     w     .    |    | 20    21    22    23   |
|    w     .     .     . |    |    24    25    26    27|
| w     w     .     B    |    | 28    29    30    31   |
'------------------------'    '------------------------'

Black's turn to play.
Possible moves :
6-10
8-12
7-10
31-26
31-27
6-9
0-5
8-13
7-11

Chosen move : 
31-26
,------------------------,    ,------------------------,
|    b     .     b     . |    |     0     1     2     3|
| b     .     b     b    |    |  4     5     6     7   |
|    b     .     .     . |    |     8     9    10    11|
| .     .     .     .    |    | 12    13    14    15   |
|    .     .     .     w |    |    16    17    18    19|
| b     .     w     .    |    | 20    21    22    23   |
|    w     .     B     . |    |    24    25    26    27|
| w     w     .     .    |    | 28    29    30    31   |
'------------------------'    '------------------------'

White's turn to play.
Possible moves :
22x31

Chosen move : 
22x31
,------------------------,    ,------------------------,
|    b     .     b     . |    |     0     1     2     3|
| b     .     b     b    |    |  4     5     6     7   |
|    b     .     .     . |    |     8     9    10    11|
| .     .     .     .    |    | 12    13    14    15   |
|    .     .     .     w |    |    16    17    18    19|
| b     .     .     .    |    | 20    21    22    23   |
|    w     .     .     . |    |    24    25    26    27|
| w     w     .     w    |    | 28    29    30    31   |
'------------------------'    '------------------------'

Black's turn to play.
Possible moves :
0-5
6-10
6-9
7-11
8-12
8-13
7-10

Chosen move : 
8-13
,------------------------,    ,------------------------,
|    b     .     b     . |    |     0     1     2     3|
| b     .     b     b    |    |  4     5     6     7   |
|    .     .     .     . |    |     8     9    10    11|
| .     b     .     .    |    | 12    13    14    15   |
|    .     .     .     w |    |    16    17    18    19|
| b     .     .     .    |    | 20    21    22    23   |
|    w     .     .     . |    |    24    25    26    27|
| w     w     .     w    |    | 28    29    30    31   |
'------------------------'    '------------------------'

White's turn to play.
Possible moves :
29-25
31-26
19-15
31-27
24-21

Chosen move : 
24-21
,------------------------,    ,------------------------,
|    b     .     b     . |    |     0     1     2     3|
| b     .     b     b    |    |  4     5     6     7   |
|    .     .     .     . |    |     8     9    10    11|
| .     b     .     .    |    | 12    13    14    15   |
|    .     .     .     w |    |    16    17    18    19|
| b     w     .     .    |    | 20    21    22    23   |
|    .     .     .     . |    |    24    25    26    27|
| w     w     .     w    |    | 28    29    30    31   |
'------------------------'    '------------------------'

Black's turn to play.
Possible moves :
0-5
7-10
6-10
20-24
4-8
13-16
13-17
6-9
7-11

Chosen move : 
0-5
,------------------------,    ,------------------------,
|    .     .     b     . |    |     0     1     2     3|
| b     b     b     b    |    |  4     5     6     7   |
|    .     .     .     . |    |     8     9    10    11|
| .     b     .     .    |    | 12    13    14    15   |
|    .     .     .     w |    |    16    17    18    19|
| b     w     .     .    |    | 20    21    22    23   |
|    .     .     .     . |    |    24    25    26    27|
| w     w     .     w    |    | 28    29    30    31   |
'------------------------'    '------------------------'

White's turn to play.
Possible moves :
19-15
28-24
31-26
21-17
21-16
29-25
29-24
31-27

Chosen move : 
19-15
,------------------------,    ,------------------------,
|    .     .     b     . |    |     0     1     2     3|
| b     b     b     b    |    |  4     5     6     7   |
|    .     .     .     . |    |     8     9    10    11|
| .     b     .     w    |    | 12    13    14    15   |
|    .     .     .     . |    |    16    17    18    19|
| b     w     .     .    |    | 20    21    22    23   |
|    .     .     .     . |    |    24    25    26    27|
| w     w     .     w    |    | 28    29    30    31   |
'------------------------'    '------------------------'

Black's turn to play.
Possible moves :
7-10
5-8
20-24
4-8
13-16
5-9
6-9
6-10
13-17
7-11

Chosen move : 
13-17
,------------------------,    ,------------------------,
|    .     .     b     . |    |     0     1     2     3|
| b     b     b     b    |    |  4     5     6     7   |
|    .     .     .     . |    |     8     9    10    11|
| .     .     .     w    |    | 12    13    14    15   |
|    .     b     .     . |    |    16    17    18    19|
| b     w     .     .    |    | 20    21    22    23   |
|    .     .     .     . |    |    24    25    26    27|
| w     w     .     w    |    | 28    29    30    31   |
'------------------------'    '------------------------'

White's turn to play.
Possible moves :
21x14

Chosen move : 
21x14
,------------------------,    ,------------------------,
|    .     .     b     . |    |     0     1     2     3|
| b     b     b     b    |    |  4     5     6     7   |
|    .     .     .     . |    |     8     9    10    11|
| .     .     w     w    |    | 12    13    14    15   |
|    .     .     .     . |    |    16    17    18    19|
| b     .     .     .    |    | 20    21    22    23   |
|    .     .     .     . |    |    24    25    26    27|
| w     w     .     w    |    | 28    29    30    31   |
'------------------------'    '------------------------'

Black's turn to play.
Possible moves :
7-11
5-8
20-24
6-10
7-10
4-8
5-9
6-9

Chosen move : 
7-10
,------------------------,    ,------------------------,
|    .     .     b     . |    |     0     1     2     3|
| b     b     b     .    |    |  4     5     6     7   |
|    .     .     b     . |    |     8     9    10    11|
| .     .     w     w    |    | 12    13    14    15   |
|    .     .     .     . |    |    16    17    18    19|
| b     .     .     .    |    | 20    21    22    23   |
|    .     .     .     . |    |    24    25    26    27|
| w     w     .     w    |    | 28    29    30    31   |
'------------------------'    '------------------------'

White's turn to play.
Possible moves :
14x7

Chosen move : 
14x7
,------------------------,    ,------------------------,
|    .     .     b     . |    |     0     1     2     3|
| b     b     b     w    |    |  4     5     6     7   |
|    .     .     .     . |    |     8     9    10    11|
| .     .     .     w    |    | 12    13    14    15   |
|    .     .     .     . |    |    16    17    18    19|
| b     .     .     .    |    | 20    21    22    23   |
|    .     .     .     . |    |    24    25    26    27|
| w     w     .     w    |    | 28    29    30    31   |
'------------------------'    '------------------------'

Black's turn to play.
Possible moves :
2x11x18

Chosen move : 
2x11x18
,------------------------,    ,------------------------,
|    .     .     .     . |    |     0     1     2     3|
| b     b     b     .    |    |  4     5     6     7   |
|    .     .     .     . |    |     8     9    10    11|
| .     .     .     .    |    | 12    13    14    15   |
|    .     .     b     . |    |    16    17    18    19|
| b     .     .     .    |    | 20    21    22    23   |
|    .     .     .     . |    |    24    25    26    27|
| w     w     .     w    |    | 28    29    30    31   |
'------------------------'    '------------------------'

White's turn to play.
Possible moves :
29-25
31-26
29-24
31-27
28-24

Chosen move : 
29-25
,------------------------,    ,------------------------,
|    .     .     .     . |    |     0     1     2     3|
| b     b     b     .    |    |  4     5     6     7   |
|    .     .     .     . |    |     8     9    10    11|
| .     .     .     .    |    | 12    13    14    15   |
|    .     .     b     . |    |    16    17    18    19|
| b     .     .     .    |    | 20    21    22    23   |
|    .     w     .     . |    |    24    25    26    27|
| w     .     .     w    |    | 28    29    30    31   |
'------------------------'    '------------------------'

Black's turn to play.
Possible moves :
5-8
20-24
18-22
5-9
4-8
18-23
6-9
6-10

Chosen move : 
18-22
,------------------------,    ,------------------------,
|    .     .     .     . |    |     0     1     2     3|
| b     b     b     .    |    |  4     5     6     7   |
|    .     .     .     . |    |     8     9    10    11|
| .     .     .     .    |    | 12    13    14    15   |
|    .     .     .     . |    |    16    17    18    19|
| b     .     b     .    |    | 20    21    22    23   |
|    .     w     .     . |    |    24    25    26    27|
| w     .     .     w    |    | 28    29    30    31   |
'------------------------'    '------------------------'

White's turn to play.
Possible moves :
25x18

Chosen move : 
25x18
,------------------------,    ,------------------------,
|    .     .     .     . |    |     0     1     2     3|
| b     b     b     .    |    |  4     5     6     7   |
|    .     .     .     . |    |     8     9    10    11|
| .     .     .     .    |    | 12    13    14    15   |
|    .     .     w     . |    |    16    17    18    19|
| b     .     .     .    |    | 20    21    22    23   |
|    .     .     .     . |    |    24    25    26    27|
| w     .     .     w    |    | 28    29    30    31   |
'------------------------'    '------------------------'

Black's turn to play.
Possible moves :
20-24
5-9
4-8
6-10
5-8
6-9

Chosen move : 
5-8
,------------------------,    ,------------------------,
|    .     .     .     . |    |     0     1     2     3|
| b     .     b     .    |    |  4     5     6     7   |
|    b     .     .     . |    |     8     9    10    11|
| .     .     .     .    |    | 12    13    14    15   |
|    .     .     w     . |    |    16    17    18    19|
| b     .     .     .    |    | 20    21    22    23   |
|    .     .     .     . |    |    24    25    26    27|
| w     .     .     w    |    | 28    29    30    31   |
'------------------------'    '------------------------'

White's turn to play.
Possible moves :
18-14
31-27
18-15
28-24
31-26

Chosen move : 
18-14
,------------------------,    ,------------------------,
|    .     .     .     . |    |     0     1     2     3|
| b     .     b     .    |    |  4     5     6     7   |
|    b     .     .     . |    |     8     9    10    11|
| .     .     w     .    |    | 12    13    14    15   |
|    .     .     .     . |    |    16    17    18    19|
| b     .     .     .    |    | 20    21    22    23   |
|    .     .     .     . |    |    24    25    26    27|
| w     .     .     w    |    | 28    29    30    31   |
'------------------------'    '------------------------'

Black's turn to play.
Possible moves :
6-10
20-24
6-9
8-12
8-13

Chosen move : 
8-13
,------------------------,    ,------------------------,
|    .     .     .     . |    |     0     1     2     3|
| b     .     b     .    |    |  4     5     6     7   |
|    .     .     .     . |    |     8     9    10    11|
| .     b     w     .    |    | 12    13    14    15   |
|    .     .     .     . |    |    16    17    18    19|
| b     .     .     .    |    | 20    21    22    23   |
|    .     .     .     . |    |    24    25    26    27|
| w     .     .     w    |    | 28    29    30    31   |
'------------------------'    '------------------------'

White's turn to play.
Possible moves :
31-26
31-27
14-10
14-9
28-24

Chosen move : 
31-26
,------------------------,    ,------------------------,
|    .     .     .     . |    |     0     1     2     3|
| b     .     b     .    |    |  4     5     6     7   |
|    .     .     .     . |    |     8     9    10    11|
| .     b     w     .    |    | 12    13    14    15   |
|    .     .     .     . |    |    16    17    18    19|
| b     .     .     .    |    | 20    21    22    23   |
|    .     .     w     . |    |    24    25    26    27|
| w     .     .     .    |    | 28    29    30    31   |
'------------------------'    '------------------------'

Black's turn to play.
Possible moves :
4-8
6-9
13-16
6-10
20-24
13-17

Chosen move : 
6-10
,------------------------,    ,------------------------,
|    .     .     .     . |    |     0     1     2     3|
| b     .     .     .    |    |  4     5     6     7   |
|    .     .     b     . |    |     8     9    10    11|
| .     b     w     .    |    | 12    13    14    15   |
|    .     .     .     . |    |    16    17    18    19|
| b     .     .     .    |    | 20    21    22    23   |
|    .     .     w     . |    |    24    25    26    27|
| w     .     .     .    |    | 28    29    30    31   |
'------------------------'    '------------------------'

White's turn to play.
Possible moves :
14x7

Chosen move : 
14x7
,------------------------,    ,------------------------,
|    .     .     .     . |    |     0     1     2     3|
| b     .     .     w    |    |  4     5     6     7   |
|    .     .     .     . |    |     8     9    10    11|
| .     b     .     .    |    | 12    13    14    15   |
|    .     .     .     . |    |    16    17    18    19|
| b     .     .     .    |    | 20    21    22    23   |
|    .     .     w     . |    |    24    25    26    27|
| w     .     .     .    |    | 28    29    30    31   |
'------------------------'    '------------------------'

Black's turn to play.
Possible moves :
4-8
20-24
13-16
13-17

Chosen move : 
20-24
,------------------------,    ,------------------------,
|    .     .     .     . |    |     0     1     2     3|
| b     .     .     w    |    |  4     5     6     7   |
|    .     .     .     . |    |     8     9    10    11|
| .     b     .     .    |    | 12    13    14    15   |
|    .     .     .     . |    |    16    17    18    19|
| .     .     .     .    |    | 20    21    22    23   |
|    b     .     w     . |    |    24    25    26    27|
| w     .     .     .    |    | 28    29    30    31   |
'------------------------'    '------------------------'

White's turn to play.
Possible moves :
28x21

Chosen move : 
28x21
,------------------------,    ,------------------------,
|    .     .     .     . |    |     0     1     2     3|
| b     .     .     w    |    |  4     5     6     7   |
|    .     .     .     . |    |     8     9    10    11|
| .     b     .     .    |    | 12    13    14    15   |
|    .     .     .     . |    |    16    17    18    19|
| .     w     .     .    |    | 20    21    22    23   |
|    .     .     w     . |    |    24    25    26    27|
| .     .     .     .    |    | 28    29    30    31   |
'------------------------'    '------------------------'

Black's turn to play.
Possible moves :
4-8
13-16
13-17

Chosen move : 
13-16
,------------------------,    ,------------------------,
|    .     .     .     . |    |     0     1     2     3|
| b     .     .     w    |    |  4     5     6     7   |
|    .     .     .     . |    |     8     9    10    11|
| .     .     .     .    |    | 12    13    14    15   |
|    b     .     .     . |    |    16    17    18    19|
| .     w     .     .    |    | 20    21    22    23   |
|    .     .     w     . |    |    24    25    26    27|
| .     .     .     .    |    | 28    29    30    31   |
'------------------------'    '------------------------'

White's turn to play.
Possible moves :
21x12

Chosen move : 
21x12
,------------------------,    ,------------------------,
|    .     .     .     . |    |     0     1     2     3|
| b     .     .     w    |    |  4     5     6     7   |
|    .     .     .     . |    |     8     9    10    11|
| w     .     .     .    |    | 12    13    14    15   |
|    .     .     .     . |    |    16    17    18    19|
| .     .     .     .    |    | 20    21    22    23   |
|    .     .     w     . |    |    24    25    26    27|
| .     .     .     .    |    | 28    29    30    31   |
'------------------------'    '------------------------'

Black's turn to play.
Possible moves :
4-8

Chosen move : 
4-8
,------------------------,    ,------------------------,
|    .     .     .     . |    |     0     1     2     3|
| .     .     .     w    |    |  4     5     6     7   |
|    b     .     .     . |    |     8     9    10    11|
| w     .     .     .    |    | 12    13    14    15   |
|    .     .     .     . |    |    16    17    18    19|
| .     .     .     .    |    | 20    21    22    23   |
|    .     .     w     . |    |    24    25    26    27|
| .     .     .     .    |    | 28    29    30    31   |
'------------------------'    '------------------------'

White's turn to play.
Possible moves :
12x5

Chosen move : 
12x5
,------------------------,    ,------------------------,
|    .     .     .     . |    |     0     1     2     3|
| .     w     .     w    |    |  4     5     6     7   |
|    .     .     .     . |    |     8     9    10    11|
| .     .     .     .    |    | 12    13    14    15   |
|    .     .     .     . |    |    16    17    18    19|
| .     .     .     .    |    | 20    21    22    23   |
|    .     .     w     . |    |    24    25    26    27|
| .     .     .     .    |    | 28    29    30    31   |
'------------------------'    '------------------------'

Black's turn to play.
End of Game !

#PDN#
[Event "IN104 CS Project"]
[Site "ENSTA ParisTech, Palaiseau, FRA"]
[GameType “21,W,8,8,N2,0”] {Whites begin}
[Date "Tue Mar 22 15:55:51 2016"]
[Round "?"]
[White "Tristboule"]
[WhiteType "Program"]
[Black "Guiguiboule"]
[BlackType "Program"]
[Result "1-0"] {White (Tristboule) wins}
[WhiteTime "0.01899123191833496"]
[BlackTime "0.021484851837158203"]

1.22-18 9-14 2.18x9 6x13 3.26-22 2-6 4.30-26 10-15 5.20-16 13x20 6.22-17 15-18 7.23x14 7-10 8.14x7 11x2 9.26-23 6-9 10.25-22 3-7 11.23-19 1-6 12.31-26 8-12 13.21-16 12x21x14 14.19-15 5-8 15.27-23 9-13 16.23-19 14-18 17.22-17 13x22x31 18.15x22 31-26 19.22x31 8-13 20.24-21 0-5 21.19-15 13-17 22.21x14 7-10 23.14x7 2x11x18 24.29-25 18-22 25.25x18 5-8 26.18-14 8-13 27.31-26 6-10 28.14x7 20-24 29.28x21 13-16 30.21x12 4-8 31.12x5  1-0 *
