Beginning of the game
,------------------------,    ,------------------------,
|    b     b     b     b |    |     0     1     2     3|
| b     b     b     b    |    |  4     5     6     7   |
|    b     b     b     b |    |     8     9    10    11|
| .     .     .     .    |    | 12    13    14    15   |
|    .     .     .     . |    |    16    17    18    19|
| w     w     w     w    |    | 20    21    22    23   |
|    w     w     w     w |    |    24    25    26    27|
| w     w     w     w    |    | 28    29    30    31   |
'------------------------'    '------------------------'

White's turn to play.
Possible moves :
21-17
23-19
21-16
22-17
22-18
23-18
20-16

Chosen move : 
22-18
,------------------------,    ,------------------------,
|    b     b     b     b |    |     0     1     2     3|
| b     b     b     b    |    |  4     5     6     7   |
|    b     b     b     b |    |     8     9    10    11|
| .     .     .     .    |    | 12    13    14    15   |
|    .     .     w     . |    |    16    17    18    19|
| w     w     .     w    |    | 20    21    22    23   |
|    w     w     w     w |    |    24    25    26    27|
| w     w     w     w    |    | 28    29    30    31   |
'------------------------'    '------------------------'

Black's turn to play.
Possible moves :
8-13
10-15
10-14
9-13
11-15
8-12
9-14

Chosen move : 
8-13
,------------------------,    ,------------------------,
|    b     b     b     b |    |     0     1     2     3|
| b     b     b     b    |    |  4     5     6     7   |
|    .     b     b     b |    |     8     9    10    11|
| .     b     .     .    |    | 12    13    14    15   |
|    .     .     w     . |    |    16    17    18    19|
| w     w     .     w    |    | 20    21    22    23   |
|    w     w     w     w |    |    24    25    26    27|
| w     w     w     w    |    | 28    29    30    31   |
'------------------------'    '------------------------'

White's turn to play.
Possible moves :
26-22
23-19
25-22
21-16
18-14
18-15
21-17
20-16

Chosen move : 
20-16
,------------------------,    ,------------------------,
|    b     b     b     b |    |     0     1     2     3|
| b     b     b     b    |    |  4     5     6     7   |
|    .     b     b     b |    |     8     9    10    11|
| .     b     .     .    |    | 12    13    14    15   |
|    w     .     w     . |    |    16    17    18    19|
| .     w     .     w    |    | 20    21    22    23   |
|    w     w     w     w |    |    24    25    26    27|
| w     w     w     w    |    | 28    29    30    31   |
'------------------------'    '------------------------'

Black's turn to play.
Possible moves :
13x20

Chosen move : 
13x20
,------------------------,    ,------------------------,
|    b     b     b     b |    |     0     1     2     3|
| b     b     b     b    |    |  4     5     6     7   |
|    .     b     b     b |    |     8     9    10    11|
| .     .     .     .    |    | 12    13    14    15   |
|    .     .     w     . |    |    16    17    18    19|
| b     w     .     w    |    | 20    21    22    23   |
|    w     w     w     w |    |    24    25    26    27|
| w     w     w     w    |    | 28    29    30    31   |
'------------------------'    '------------------------'

White's turn to play.
Possible moves :
21-16
18-14
18-15
26-22
21-17
25-22
23-19

Chosen move : 
18-14
,------------------------,    ,------------------------,
|    b     b     b     b |    |     0     1     2     3|
| b     b     b     b    |    |  4     5     6     7   |
|    .     b     b     b |    |     8     9    10    11|
| .     .     w     .    |    | 12    13    14    15   |
|    .     .     .     . |    |    16    17    18    19|
| b     w     .     w    |    | 20    21    22    23   |
|    w     w     w     w |    |    24    25    26    27|
| w     w     w     w    |    | 28    29    30    31   |
'------------------------'    '------------------------'

Black's turn to play.
Possible moves :
9x18
10x17

Chosen move : 
9x18
,------------------------,    ,------------------------,
|    b     b     b     b |    |     0     1     2     3|
| b     b     b     b    |    |  4     5     6     7   |
|    .     .     b     b |    |     8     9    10    11|
| .     .     .     .    |    | 12    13    14    15   |
|    .     .     b     . |    |    16    17    18    19|
| b     w     .     w    |    | 20    21    22    23   |
|    w     w     w     w |    |    24    25    26    27|
| w     w     w     w    |    | 28    29    30    31   |
'------------------------'    '------------------------'

White's turn to play.
Possible moves :
23x14

Chosen move : 
23x14
,------------------------,    ,------------------------,
|    b     b     b     b |    |     0     1     2     3|
| b     b     b     b    |    |  4     5     6     7   |
|    .     .     b     b |    |     8     9    10    11|
| .     .     w     .    |    | 12    13    14    15   |
|    .     .     .     . |    |    16    17    18    19|
| b     w     .     .    |    | 20    21    22    23   |
|    w     w     w     w |    |    24    25    26    27|
| w     w     w     w    |    | 28    29    30    31   |
'------------------------'    '------------------------'

Black's turn to play.
Possible moves :
10x17

Chosen move : 
10x17
,------------------------,    ,------------------------,
|    b     b     b     b |    |     0     1     2     3|
| b     b     b     b    |    |  4     5     6     7   |
|    .     .     .     b |    |     8     9    10    11|
| .     .     .     .    |    | 12    13    14    15   |
|    .     b     .     . |    |    16    17    18    19|
| b     w     .     .    |    | 20    21    22    23   |
|    w     w     w     w |    |    24    25    26    27|
| w     w     w     w    |    | 28    29    30    31   |
'------------------------'    '------------------------'

White's turn to play.
Possible moves :
21x14

Chosen move : 
21x14
,------------------------,    ,------------------------,
|    b     b     b     b |    |     0     1     2     3|
| b     b     b     b    |    |  4     5     6     7   |
|    .     .     .     b |    |     8     9    10    11|
| .     .     w     .    |    | 12    13    14    15   |
|    .     .     .     . |    |    16    17    18    19|
| b     .     .     .    |    | 20    21    22    23   |
|    w     w     w     w |    |    24    25    26    27|
| w     w     w     w    |    | 28    29    30    31   |
'------------------------'    '------------------------'

Black's turn to play.
Possible moves :
5-8
6-10
5-9
11-15
7-10
6-9
4-8

Chosen move : 
4-8
,------------------------,    ,------------------------,
|    b     b     b     b |    |     0     1     2     3|
| .     b     b     b    |    |  4     5     6     7   |
|    b     .     .     b |    |     8     9    10    11|
| .     .     w     .    |    | 12    13    14    15   |
|    .     .     .     . |    |    16    17    18    19|
| b     .     .     .    |    | 20    21    22    23   |
|    w     w     w     w |    |    24    25    26    27|
| w     w     w     w    |    | 28    29    30    31   |
'------------------------'    '------------------------'

White's turn to play.
Possible moves :
27-23
26-22
24-21
25-22
14-9
26-23
25-21
14-10

Chosen move : 
14-9
,------------------------,    ,------------------------,
|    b     b     b     b |    |     0     1     2     3|
| .     b     b     b    |    |  4     5     6     7   |
|    b     w     .     b |    |     8     9    10    11|
| .     .     .     .    |    | 12    13    14    15   |
|    .     .     .     . |    |    16    17    18    19|
| b     .     .     .    |    | 20    21    22    23   |
|    w     w     w     w |    |    24    25    26    27|
| w     w     w     w    |    | 28    29    30    31   |
'------------------------'    '------------------------'

Black's turn to play.
Possible moves :
6x13
5x14

Chosen move : 
6x13
,------------------------,    ,------------------------,
|    b     b     b     b |    |     0     1     2     3|
| .     b     .     b    |    |  4     5     6     7   |
|    b     .     .     b |    |     8     9    10    11|
| .     b     .     .    |    | 12    13    14    15   |
|    .     .     .     . |    |    16    17    18    19|
| b     .     .     .    |    | 20    21    22    23   |
|    w     w     w     w |    |    24    25    26    27|
| w     w     w     w    |    | 28    29    30    31   |
'------------------------'    '------------------------'

White's turn to play.
Possible moves :
26-23
25-21
25-22
24-21
26-22
27-23

Chosen move : 
25-21
,------------------------,    ,------------------------,
|    b     b     b     b |    |     0     1     2     3|
| .     b     .     b    |    |  4     5     6     7   |
|    b     .     .     b |    |     8     9    10    11|
| .     b     .     .    |    | 12    13    14    15   |
|    .     .     .     . |    |    16    17    18    19|
| b     w     .     .    |    | 20    21    22    23   |
|    w     .     w     w |    |    24    25    26    27|
| w     w     w     w    |    | 28    29    30    31   |
'------------------------'    '------------------------'

Black's turn to play.
Possible moves :
5-9
8-12
13-16
0-4
1-6
13-17
2-6
7-10
11-15

Chosen move : 
1-6
,------------------------,    ,------------------------,
|    b     .     b     b |    |     0     1     2     3|
| .     b     b     b    |    |  4     5     6     7   |
|    b     .     .     b |    |     8     9    10    11|
| .     b     .     .    |    | 12    13    14    15   |
|    .     .     .     . |    |    16    17    18    19|
| b     w     .     .    |    | 20    21    22    23   |
|    w     .     w     w |    |    24    25    26    27|
| w     w     w     w    |    | 28    29    30    31   |
'------------------------'    '------------------------'

White's turn to play.
Possible moves :
21-16
26-22
29-25
21-17
30-25
27-23
26-23

Chosen move : 
26-23
,------------------------,    ,------------------------,
|    b     .     b     b |    |     0     1     2     3|
| .     b     b     b    |    |  4     5     6     7   |
|    b     .     .     b |    |     8     9    10    11|
| .     b     .     .    |    | 12    13    14    15   |
|    .     .     .     . |    |    16    17    18    19|
| b     w     .     w    |    | 20    21    22    23   |
|    w     .     .     w |    |    24    25    26    27|
| w     w     w     w    |    | 28    29    30    31   |
'------------------------'    '------------------------'

Black's turn to play.
Possible moves :
7-10
11-15
6-9
13-16
8-12
5-9
6-10
13-17
0-4

Chosen move : 
0-4
,------------------------,    ,------------------------,
|    .     .     b     b |    |     0     1     2     3|
| b     b     b     b    |    |  4     5     6     7   |
|    b     .     .     b |    |     8     9    10    11|
| .     b     .     .    |    | 12    13    14    15   |
|    .     .     .     . |    |    16    17    18    19|
| b     w     .     w    |    | 20    21    22    23   |
|    w     .     .     w |    |    24    25    26    27|
| w     w     w     w    |    | 28    29    30    31   |
'------------------------'    '------------------------'

White's turn to play.
Possible moves :
30-26
30-25
31-26
29-25
21-17
23-19
23-18
21-16

Chosen move : 
31-26
,------------------------,    ,------------------------,
|    .     .     b     b |    |     0     1     2     3|
| b     b     b     b    |    |  4     5     6     7   |
|    b     .     .     b |    |     8     9    10    11|
| .     b     .     .    |    | 12    13    14    15   |
|    .     .     .     . |    |    16    17    18    19|
| b     w     .     w    |    | 20    21    22    23   |
|    w     .     w     w |    |    24    25    26    27|
| w     w     w     .    |    | 28    29    30    31   |
'------------------------'    '------------------------'

Black's turn to play.
Possible moves :
13-17
11-15
8-12
5-9
13-16
7-10
6-10
6-9

Chosen move : 
11-15
,------------------------,    ,------------------------,
|    .     .     b     b |    |     0     1     2     3|
| b     b     b     b    |    |  4     5     6     7   |
|    b     .     .     . |    |     8     9    10    11|
| .     b     .     b    |    | 12    13    14    15   |
|    .     .     .     . |    |    16    17    18    19|
| b     w     .     w    |    | 20    21    22    23   |
|    w     .     w     w |    |    24    25    26    27|
| w     w     w     .    |    | 28    29    30    31   |
'------------------------'    '------------------------'

White's turn to play.
Possible moves :
21-17
23-19
30-25
26-22
21-16
23-18
29-25

Chosen move : 
30-25
,------------------------,    ,------------------------,
|    .     .     b     b |    |     0     1     2     3|
| b     b     b     b    |    |  4     5     6     7   |
|    b     .     .     . |    |     8     9    10    11|
| .     b     .     b    |    | 12    13    14    15   |
|    .     .     .     . |    |    16    17    18    19|
| b     w     .     w    |    | 20    21    22    23   |
|    w     w     w     w |    |    24    25    26    27|
| w     w     .     .    |    | 28    29    30    31   |
'------------------------'    '------------------------'

Black's turn to play.
Possible moves :
6-10
7-11
8-12
15-18
13-17
15-19
5-9
6-9
13-16
7-10

Chosen move : 
7-10
,------------------------,    ,------------------------,
|    .     .     b     b |    |     0     1     2     3|
| b     b     b     .    |    |  4     5     6     7   |
|    b     .     b     . |    |     8     9    10    11|
| .     b     .     b    |    | 12    13    14    15   |
|    .     .     .     . |    |    16    17    18    19|
| b     w     .     w    |    | 20    21    22    23   |
|    w     w     w     w |    |    24    25    26    27|
| w     w     .     .    |    | 28    29    30    31   |
'------------------------'    '------------------------'

White's turn to play.
Possible moves :
21-16
21-17
26-22
23-19
25-22
23-18

Chosen move : 
21-16
,------------------------,    ,------------------------,
|    .     .     b     b |    |     0     1     2     3|
| b     b     b     .    |    |  4     5     6     7   |
|    b     .     b     . |    |     8     9    10    11|
| .     b     .     b    |    | 12    13    14    15   |
|    w     .     .     . |    |    16    17    18    19|
| b     .     .     w    |    | 20    21    22    23   |
|    w     w     w     w |    |    24    25    26    27|
| w     w     .     .    |    | 28    29    30    31   |
'------------------------'    '------------------------'

Black's turn to play.
Possible moves :
6-9
13-17
10-14
8-12
2-7
3-7
15-18
15-19
5-9

Chosen move : 
6-9
,------------------------,    ,------------------------,
|    .     .     b     b |    |     0     1     2     3|
| b     b     .     .    |    |  4     5     6     7   |
|    b     b     b     . |    |     8     9    10    11|
| .     b     .     b    |    | 12    13    14    15   |
|    w     .     .     . |    |    16    17    18    19|
| b     .     .     w    |    | 20    21    22    23   |
|    w     w     w     w |    |    24    25    26    27|
| w     w     .     .    |    | 28    29    30    31   |
'------------------------'    '------------------------'

White's turn to play.
Possible moves :
25-22
25-21
24-21
26-22
23-19
23-18
16-12

Chosen move : 
23-19
,------------------------,    ,------------------------,
|    .     .     b     b |    |     0     1     2     3|
| b     b     .     .    |    |  4     5     6     7   |
|    b     b     b     . |    |     8     9    10    11|
| .     b     .     b    |    | 12    13    14    15   |
|    w     .     .     w |    |    16    17    18    19|
| b     .     .     .    |    | 20    21    22    23   |
|    w     w     w     w |    |    24    25    26    27|
| w     w     .     .    |    | 28    29    30    31   |
'------------------------'    '------------------------'

Black's turn to play.
Possible moves :
2-6
3-7
10-14
9-14
2-7
8-12
15-18
13-17

Chosen move : 
8-12
,------------------------,    ,------------------------,
|    .     .     b     b |    |     0     1     2     3|
| b     b     .     .    |    |  4     5     6     7   |
|    .     b     b     . |    |     8     9    10    11|
| b     b     .     b    |    | 12    13    14    15   |
|    w     .     .     w |    |    16    17    18    19|
| b     .     .     .    |    | 20    21    22    23   |
|    w     w     w     w |    |    24    25    26    27|
| w     w     .     .    |    | 28    29    30    31   |
'------------------------'    '------------------------'

White's turn to play.
Possible moves :
24-21
27-23
25-22
26-23
25-21
26-22

Chosen move : 
26-23
,------------------------,    ,------------------------,
|    .     .     b     b |    |     0     1     2     3|
| b     b     .     .    |    |  4     5     6     7   |
|    .     b     b     . |    |     8     9    10    11|
| b     b     .     b    |    | 12    13    14    15   |
|    w     .     .     w |    |    16    17    18    19|
| b     .     .     w    |    | 20    21    22    23   |
|    w     w     .     w |    |    24    25    26    27|
| w     w     .     .    |    | 28    29    30    31   |
'------------------------'    '------------------------'

Black's turn to play.
Possible moves :
12x21x30

Chosen move : 
12x21x30
,------------------------,    ,------------------------,
|    .     .     b     b |    |     0     1     2     3|
| b     b     .     .    |    |  4     5     6     7   |
|    .     b     b     . |    |     8     9    10    11|
| .     b     .     b    |    | 12    13    14    15   |
|    .     .     .     w |    |    16    17    18    19|
| b     .     .     w    |    | 20    21    22    23   |
|    w     .     .     w |    |    24    25    26    27|
| w     w     B     .    |    | 28    29    30    31   |
'------------------------'    '------------------------'

White's turn to play.
Possible moves :
23-18
29-25
24-21

Chosen move : 
29-25
,------------------------,    ,------------------------,
|    .     .     b     b |    |     0     1     2     3|
| b     b     .     .    |    |  4     5     6     7   |
|    .     b     b     . |    |     8     9    10    11|
| .     b     .     b    |    | 12    13    14    15   |
|    .     .     .     w |    |    16    17    18    19|
| b     .     .     w    |    | 20    21    22    23   |
|    w     w     .     w |    |    24    25    26    27|
| w     .     B     .    |    | 28    29    30    31   |
'------------------------'    '------------------------'

Black's turn to play.
Possible moves :
30x21
20x29

Chosen move : 
20x29
,------------------------,    ,------------------------,
|    .     .     b     b |    |     0     1     2     3|
| b     b     .     .    |    |  4     5     6     7   |
|    .     b     b     . |    |     8     9    10    11|
| .     b     .     b    |    | 12    13    14    15   |
|    .     .     .     w |    |    16    17    18    19|
| .     .     .     w    |    | 20    21    22    23   |
|    .     w     .     w |    |    24    25    26    27|
| w     B     B     .    |    | 28    29    30    31   |
'------------------------'    '------------------------'

White's turn to play.
Possible moves :
25-21
23-18
28-24
25-22

Chosen move : 
25-21
,------------------------,    ,------------------------,
|    .     .     b     b |    |     0     1     2     3|
| b     b     .     .    |    |  4     5     6     7   |
|    .     b     b     . |    |     8     9    10    11|
| .     b     .     b    |    | 12    13    14    15   |
|    .     .     .     w |    |    16    17    18    19|
| .     w     .     w    |    | 20    21    22    23   |
|    .     .     .     w |    |    24    25    26    27|
| w     B     B     .    |    | 28    29    30    31   |
'------------------------'    '------------------------'

Black's turn to play.
Possible moves :
9-14
2-7
2-6
13-17
13-16
3-7
4-8
5-8
30-25
30-26
10-14
29-25
29-24
15-18

Chosen move : 
29-25
,------------------------,    ,------------------------,
|    .     .     b     b |    |     0     1     2     3|
| b     b     .     .    |    |  4     5     6     7   |
|    .     b     b     . |    |     8     9    10    11|
| .     b     .     b    |    | 12    13    14    15   |
|    .     .     .     w |    |    16    17    18    19|
| .     w     .     w    |    | 20    21    22    23   |
|    .     B     .     w |    |    24    25    26    27|
| w     .     B     .    |    | 28    29    30    31   |
'------------------------'    '------------------------'

White's turn to play.
Possible moves :
21-16
21-17
28-24
23-18

Chosen move : 
28-24
,------------------------,    ,------------------------,
|    .     .     b     b |    |     0     1     2     3|
| b     b     .     .    |    |  4     5     6     7   |
|    .     b     b     . |    |     8     9    10    11|
| .     b     .     b    |    | 12    13    14    15   |
|    .     .     .     w |    |    16    17    18    19|
| .     w     .     w    |    | 20    21    22    23   |
|    w     B     .     w |    |    24    25    26    27|
| .     .     B     .    |    | 28    29    30    31   |
'------------------------'    '------------------------'

Black's turn to play.
Possible moves :
25x16

Chosen move : 
25x16
,------------------------,    ,------------------------,
|    .     .     b     b |    |     0     1     2     3|
| b     b     .     .    |    |  4     5     6     7   |
|    .     b     b     . |    |     8     9    10    11|
| .     b     .     b    |    | 12    13    14    15   |
|    B     .     .     w |    |    16    17    18    19|
| .     .     .     w    |    | 20    21    22    23   |
|    w     .     .     w |    |    24    25    26    27|
| .     .     B     .    |    | 28    29    30    31   |
'------------------------'    '------------------------'

White's turn to play.
Possible moves :
24-21
24-20
23-18

Chosen move : 
24-20
,------------------------,    ,------------------------,
|    .     .     b     b |    |     0     1     2     3|
| b     b     .     .    |    |  4     5     6     7   |
|    .     b     b     . |    |     8     9    10    11|
| .     b     .     b    |    | 12    13    14    15   |
|    B     .     .     w |    |    16    17    18    19|
| w     .     .     w    |    | 20    21    22    23   |
|    .     .     .     w |    |    24    25    26    27|
| .     .     B     .    |    | 28    29    30    31   |
'------------------------'    '------------------------'

Black's turn to play.
Possible moves :
10-14
13-17
5-8
30-26
16-21
2-6
3-7
15-18
9-14
2-7
30-25
4-8
16-12

Chosen move : 
9-14
,------------------------,    ,------------------------,
|    .     .     b     b |    |     0     1     2     3|
| b     b     .     .    |    |  4     5     6     7   |
|    .     .     b     . |    |     8     9    10    11|
| .     b     b     b    |    | 12    13    14    15   |
|    B     .     .     w |    |    16    17    18    19|
| w     .     .     w    |    | 20    21    22    23   |
|    .     .     .     w |    |    24    25    26    27|
| .     .     B     .    |    | 28    29    30    31   |
'------------------------'    '------------------------'

White's turn to play.
Possible moves :
23-18

Chosen move : 
23-18
,------------------------,    ,------------------------,
|    .     .     b     b |    |     0     1     2     3|
| b     b     .     .    |    |  4     5     6     7   |
|    .     .     b     . |    |     8     9    10    11|
| .     b     b     b    |    | 12    13    14    15   |
|    B     .     w     w |    |    16    17    18    19|
| w     .     .     .    |    | 20    21    22    23   |
|    .     .     .     w |    |    24    25    26    27|
| .     .     B     .    |    | 28    29    30    31   |
'------------------------'    '------------------------'

Black's turn to play.
Possible moves :
14x23
15x22

Chosen move : 
14x23
,------------------------,    ,------------------------,
|    .     .     b     b |    |     0     1     2     3|
| b     b     .     .    |    |  4     5     6     7   |
|    .     .     b     . |    |     8     9    10    11|
| .     b     .     b    |    | 12    13    14    15   |
|    B     .     .     w |    |    16    17    18    19|
| w     .     .     b    |    | 20    21    22    23   |
|    .     .     .     w |    |    24    25    26    27|
| .     .     B     .    |    | 28    29    30    31   |
'------------------------'    '------------------------'

White's turn to play.
Possible moves :
27x18x11

Chosen move : 
27x18x11
,------------------------,    ,------------------------,
|    .     .     b     b |    |     0     1     2     3|
| b     b     .     .    |    |  4     5     6     7   |
|    .     .     b     w |    |     8     9    10    11|
| .     b     .     .    |    | 12    13    14    15   |
|    B     .     .     w |    |    16    17    18    19|
| w     .     .     .    |    | 20    21    22    23   |
|    .     .     .     . |    |    24    25    26    27|
| .     .     B     .    |    | 28    29    30    31   |
'------------------------'    '------------------------'

Black's turn to play.
Possible moves :
10-14
16-12
13-17
30-25
3-7
4-8
16-21
2-7
2-6
5-9
10-15
5-8
30-26

Chosen move : 
4-8
,------------------------,    ,------------------------,
|    .     .     b     b |    |     0     1     2     3|
| .     b     .     .    |    |  4     5     6     7   |
|    b     .     b     w |    |     8     9    10    11|
| .     b     .     .    |    | 12    13    14    15   |
|    B     .     .     w |    |    16    17    18    19|
| w     .     .     .    |    | 20    21    22    23   |
|    .     .     .     . |    |    24    25    26    27|
| .     .     B     .    |    | 28    29    30    31   |
'------------------------'    '------------------------'

White's turn to play.
Possible moves :
19-15
11-7

Chosen move : 
19-15
,------------------------,    ,------------------------,
|    .     .     b     b |    |     0     1     2     3|
| .     b     .     .    |    |  4     5     6     7   |
|    b     .     b     w |    |     8     9    10    11|
| .     b     .     w    |    | 12    13    14    15   |
|    B     .     .     . |    |    16    17    18    19|
| w     .     .     .    |    | 20    21    22    23   |
|    .     .     .     . |    |    24    25    26    27|
| .     .     B     .    |    | 28    29    30    31   |
'------------------------'    '------------------------'

Black's turn to play.
Possible moves :
10x19

Chosen move : 
10x19
,------------------------,    ,------------------------,
|    .     .     b     b |    |     0     1     2     3|
| .     b     .     .    |    |  4     5     6     7   |
|    b     .     .     w |    |     8     9    10    11|
| .     b     .     .    |    | 12    13    14    15   |
|    B     .     .     b |    |    16    17    18    19|
| w     .     .     .    |    | 20    21    22    23   |
|    .     .     .     . |    |    24    25    26    27|
| .     .     B     .    |    | 28    29    30    31   |
'------------------------'    '------------------------'

White's turn to play.
Possible moves :
11-7

Chosen move : 
11-7
,------------------------,    ,------------------------,
|    .     .     b     b |    |     0     1     2     3|
| .     b     .     w    |    |  4     5     6     7   |
|    b     .     .     . |    |     8     9    10    11|
| .     b     .     .    |    | 12    13    14    15   |
|    B     .     .     b |    |    16    17    18    19|
| w     .     .     .    |    | 20    21    22    23   |
|    .     .     .     . |    |    24    25    26    27|
| .     .     B     .    |    | 28    29    30    31   |
'------------------------'    '------------------------'

Black's turn to play.
Possible moves :
2x11
3x10

Chosen move : 
3x10
,------------------------,    ,------------------------,
|    .     .     b     . |    |     0     1     2     3|
| .     b     .     .    |    |  4     5     6     7   |
|    b     .     b     . |    |     8     9    10    11|
| .     b     .     .    |    | 12    13    14    15   |
|    B     .     .     b |    |    16    17    18    19|
| w     .     .     .    |    | 20    21    22    23   |
|    .     .     .     . |    |    24    25    26    27|
| .     .     B     .    |    | 28    29    30    31   |
'------------------------'    '------------------------'

White's turn to play.
End of Game !

#PDN#
[Event "IN104 CS Project"]
[Site "ENSTA ParisTech, Palaiseau, FRA"]
[GameType “21,W,8,8,N2,0”] {Whites begin}
[Date "Tue Mar 22 15:34:09 2016"]
[Round "?"]
[White "Tristboule"]
[WhiteType "Program"]
[Black "Guiguiboule"]
[BlackType "Program"]
[Result "0-1"] {Black (Guiguiboule) wins}
[WhiteTime "0.012909173965454102"]
[BlackTime "0.015131711959838867"]

1.22-18 8-13 2.20-16 13x20 3.18-14 9x18 4.23x14 10x17 5.21x14 4-8 6.14-9 6x13 7.25-21 1-6 8.26-23 0-4 9.31-26 11-15 10.30-25 7-10 11.21-16 6-9 12.23-19 8-12 13.26-23 12x21x30 14.29-25 20x29 15.25-21 29-25 16.28-24 25x16 17.24-20 9-14 18.23-18 14x23 19.27x18x11 4-8 20.19-15 10x19 21.11-7 3x10  0-1 *
