Beginning of the game
,------------------------,    ,------------------------,
|    b     b     b     b |    |     0     1     2     3|
| b     b     b     b    |    |  4     5     6     7   |
|    b     b     b     b |    |     8     9    10    11|
| .     .     .     .    |    | 12    13    14    15   |
|    .     .     .     . |    |    16    17    18    19|
| w     w     w     w    |    | 20    21    22    23   |
|    w     w     w     w |    |    24    25    26    27|
| w     w     w     w    |    | 28    29    30    31   |
'------------------------'    '------------------------'

White's turn to play.
Possible moves :
23-18
20-16
21-16
23-19
21-17
22-17
22-18

Chosen move : 
23-18
,------------------------,    ,------------------------,
|    b     b     b     b |    |     0     1     2     3|
| b     b     b     b    |    |  4     5     6     7   |
|    b     b     b     b |    |     8     9    10    11|
| .     .     .     .    |    | 12    13    14    15   |
|    .     .     w     . |    |    16    17    18    19|
| w     w     w     .    |    | 20    21    22    23   |
|    w     w     w     w |    |    24    25    26    27|
| w     w     w     w    |    | 28    29    30    31   |
'------------------------'    '------------------------'

Black's turn to play.
Possible moves :
9-14
9-13
8-13
11-15
8-12
10-15
10-14

Chosen move : 
8-13
,------------------------,    ,------------------------,
|    b     b     b     b |    |     0     1     2     3|
| b     b     b     b    |    |  4     5     6     7   |
|    .     b     b     b |    |     8     9    10    11|
| .     b     .     .    |    | 12    13    14    15   |
|    .     .     w     . |    |    16    17    18    19|
| w     w     w     .    |    | 20    21    22    23   |
|    w     w     w     w |    |    24    25    26    27|
| w     w     w     w    |    | 28    29    30    31   |
'------------------------'    '------------------------'

White's turn to play.
Possible moves :
26-23
22-17
27-23
18-14
21-16
18-15
20-16
21-17

Chosen move : 
26-23
,------------------------,    ,------------------------,
|    b     b     b     b |    |     0     1     2     3|
| b     b     b     b    |    |  4     5     6     7   |
|    .     b     b     b |    |     8     9    10    11|
| .     b     .     .    |    | 12    13    14    15   |
|    .     .     w     . |    |    16    17    18    19|
| w     w     w     w    |    | 20    21    22    23   |
|    w     w     .     w |    |    24    25    26    27|
| w     w     w     w    |    | 28    29    30    31   |
'------------------------'    '------------------------'

Black's turn to play.
Possible moves :
9-14
10-15
5-8
13-16
10-14
11-15
4-8
13-17

Chosen move : 
4-8
,------------------------,    ,------------------------,
|    b     b     b     b |    |     0     1     2     3|
| .     b     b     b    |    |  4     5     6     7   |
|    b     b     b     b |    |     8     9    10    11|
| .     b     .     .    |    | 12    13    14    15   |
|    .     .     w     . |    |    16    17    18    19|
| w     w     w     w    |    | 20    21    22    23   |
|    w     w     .     w |    |    24    25    26    27|
| w     w     w     w    |    | 28    29    30    31   |
'------------------------'    '------------------------'

White's turn to play.
Possible moves :
22-17
21-17
20-16
18-14
31-26
30-26
18-15
21-16
23-19

Chosen move : 
21-17
,------------------------,    ,------------------------,
|    b     b     b     b |    |     0     1     2     3|
| .     b     b     b    |    |  4     5     6     7   |
|    b     b     b     b |    |     8     9    10    11|
| .     b     .     .    |    | 12    13    14    15   |
|    .     w     w     . |    |    16    17    18    19|
| w     .     w     w    |    | 20    21    22    23   |
|    w     w     .     w |    |    24    25    26    27|
| w     w     w     w    |    | 28    29    30    31   |
'------------------------'    '------------------------'

Black's turn to play.
Possible moves :
8-12
9-14
13-16
11-15
10-14
0-4
10-15

Chosen move : 
8-12
,------------------------,    ,------------------------,
|    b     b     b     b |    |     0     1     2     3|
| .     b     b     b    |    |  4     5     6     7   |
|    .     b     b     b |    |     8     9    10    11|
| b     b     .     .    |    | 12    13    14    15   |
|    .     w     w     . |    |    16    17    18    19|
| w     .     w     w    |    | 20    21    22    23   |
|    w     w     .     w |    |    24    25    26    27|
| w     w     w     w    |    | 28    29    30    31   |
'------------------------'    '------------------------'

White's turn to play.
Possible moves :
17x8

Chosen move : 
17x8
,------------------------,    ,------------------------,
|    b     b     b     b |    |     0     1     2     3|
| .     b     b     b    |    |  4     5     6     7   |
|    w     b     b     b |    |     8     9    10    11|
| b     .     .     .    |    | 12    13    14    15   |
|    .     .     w     . |    |    16    17    18    19|
| w     .     w     w    |    | 20    21    22    23   |
|    w     w     .     w |    |    24    25    26    27|
| w     w     w     w    |    | 28    29    30    31   |
'------------------------'    '------------------------'

Black's turn to play.
Possible moves :
10-14
11-15
0-4
9-14
9-13
12-16
10-15

Chosen move : 
0-4
,------------------------,    ,------------------------,
|    .     b     b     b |    |     0     1     2     3|
| b     b     b     b    |    |  4     5     6     7   |
|    w     b     b     b |    |     8     9    10    11|
| b     .     .     .    |    | 12    13    14    15   |
|    .     .     w     . |    |    16    17    18    19|
| w     .     w     w    |    | 20    21    22    23   |
|    w     w     .     w |    |    24    25    26    27|
| w     w     w     w    |    | 28    29    30    31   |
'------------------------'    '------------------------'

White's turn to play.
Possible moves :
22-17
24-21
20-16
25-21
31-26
18-14
23-19
30-26
18-15

Chosen move : 
24-21
,------------------------,    ,------------------------,
|    .     b     b     b |    |     0     1     2     3|
| b     b     b     b    |    |  4     5     6     7   |
|    w     b     b     b |    |     8     9    10    11|
| b     .     .     .    |    | 12    13    14    15   |
|    .     .     w     . |    |    16    17    18    19|
| w     w     w     w    |    | 20    21    22    23   |
|    .     w     .     w |    |    24    25    26    27|
| w     w     w     w    |    | 28    29    30    31   |
'------------------------'    '------------------------'

Black's turn to play.
Possible moves :
4x13

Chosen move : 
4x13
,------------------------,    ,------------------------,
|    .     b     b     b |    |     0     1     2     3|
| .     b     b     b    |    |  4     5     6     7   |
|    .     b     b     b |    |     8     9    10    11|
| b     b     .     .    |    | 12    13    14    15   |
|    .     .     w     . |    |    16    17    18    19|
| w     w     w     w    |    | 20    21    22    23   |
|    .     w     .     w |    |    24    25    26    27|
| w     w     w     w    |    | 28    29    30    31   |
'------------------------'    '------------------------'

White's turn to play.
Possible moves :
21-16
29-24
31-26
30-26
22-17
18-14
20-16
23-19
21-17
18-15
28-24

Chosen move : 
29-24
,------------------------,    ,------------------------,
|    .     b     b     b |    |     0     1     2     3|
| .     b     b     b    |    |  4     5     6     7   |
|    .     b     b     b |    |     8     9    10    11|
| b     b     .     .    |    | 12    13    14    15   |
|    .     .     w     . |    |    16    17    18    19|
| w     w     w     w    |    | 20    21    22    23   |
|    w     w     .     w |    |    24    25    26    27|
| w     .     w     w    |    | 28    29    30    31   |
'------------------------'    '------------------------'

Black's turn to play.
Possible moves :
13-17
13-16
12-16
10-14
9-14
5-8
11-15
10-15

Chosen move : 
13-16
,------------------------,    ,------------------------,
|    .     b     b     b |    |     0     1     2     3|
| .     b     b     b    |    |  4     5     6     7   |
|    .     b     b     b |    |     8     9    10    11|
| b     .     .     .    |    | 12    13    14    15   |
|    b     .     w     . |    |    16    17    18    19|
| w     w     w     w    |    | 20    21    22    23   |
|    w     w     .     w |    |    24    25    26    27|
| w     .     w     w    |    | 28    29    30    31   |
'------------------------'    '------------------------'

White's turn to play.
Possible moves :
20x13

Chosen move : 
20x13
,------------------------,    ,------------------------,
|    .     b     b     b |    |     0     1     2     3|
| .     b     b     b    |    |  4     5     6     7   |
|    .     b     b     b |    |     8     9    10    11|
| b     w     .     .    |    | 12    13    14    15   |
|    .     .     w     . |    |    16    17    18    19|
| .     w     w     w    |    | 20    21    22    23   |
|    w     w     .     w |    |    24    25    26    27|
| w     .     w     w    |    | 28    29    30    31   |
'------------------------'    '------------------------'

Black's turn to play.
Possible moves :
9x16

Chosen move : 
9x16
,------------------------,    ,------------------------,
|    .     b     b     b |    |     0     1     2     3|
| .     b     b     b    |    |  4     5     6     7   |
|    .     .     b     b |    |     8     9    10    11|
| b     .     .     .    |    | 12    13    14    15   |
|    b     .     w     . |    |    16    17    18    19|
| .     w     w     w    |    | 20    21    22    23   |
|    w     w     .     w |    |    24    25    26    27|
| w     .     w     w    |    | 28    29    30    31   |
'------------------------'    '------------------------'

White's turn to play.
Possible moves :
21-17
24-20
31-26
18-15
18-14
30-26
22-17
23-19

Chosen move : 
21-17
,------------------------,    ,------------------------,
|    .     b     b     b |    |     0     1     2     3|
| .     b     b     b    |    |  4     5     6     7   |
|    .     .     b     b |    |     8     9    10    11|
| b     .     .     .    |    | 12    13    14    15   |
|    b     w     w     . |    |    16    17    18    19|
| .     .     w     w    |    | 20    21    22    23   |
|    w     w     .     w |    |    24    25    26    27|
| w     .     w     w    |    | 28    29    30    31   |
'------------------------'    '------------------------'

Black's turn to play.
Possible moves :
16-21
10-15
5-8
6-9
10-14
5-9
11-15
16-20

Chosen move : 
10-14
,------------------------,    ,------------------------,
|    .     b     b     b |    |     0     1     2     3|
| .     b     b     b    |    |  4     5     6     7   |
|    .     .     .     b |    |     8     9    10    11|
| b     .     b     .    |    | 12    13    14    15   |
|    b     w     w     . |    |    16    17    18    19|
| .     .     w     w    |    | 20    21    22    23   |
|    w     w     .     w |    |    24    25    26    27|
| w     .     w     w    |    | 28    29    30    31   |
'------------------------'    '------------------------'

White's turn to play.
Possible moves :
18x9x0

Chosen move : 
18x9x0
,------------------------,    ,------------------------,
|    W     b     b     b |    |     0     1     2     3|
| .     .     b     b    |    |  4     5     6     7   |
|    .     .     .     b |    |     8     9    10    11|
| b     .     .     .    |    | 12    13    14    15   |
|    b     w     .     . |    |    16    17    18    19|
| .     .     w     w    |    | 20    21    22    23   |
|    w     w     .     w |    |    24    25    26    27|
| w     .     w     w    |    | 28    29    30    31   |
'------------------------'    '------------------------'

Black's turn to play.
Possible moves :
1-5
11-15
6-10
7-10
6-9
16-21
16-20

Chosen move : 
11-15
,------------------------,    ,------------------------,
|    W     b     b     b |    |     0     1     2     3|
| .     .     b     b    |    |  4     5     6     7   |
|    .     .     .     . |    |     8     9    10    11|
| b     .     .     b    |    | 12    13    14    15   |
|    b     w     .     . |    |    16    17    18    19|
| .     .     w     w    |    | 20    21    22    23   |
|    w     w     .     w |    |    24    25    26    27|
| w     .     w     w    |    | 28    29    30    31   |
'------------------------'    '------------------------'

White's turn to play.
Possible moves :
30-26
25-21
31-26
22-18
17-13
0-5
23-18
17-14
23-19
0-4
24-20
24-21

Chosen move : 
30-26
,------------------------,    ,------------------------,
|    W     b     b     b |    |     0     1     2     3|
| .     .     b     b    |    |  4     5     6     7   |
|    .     .     .     . |    |     8     9    10    11|
| b     .     .     b    |    | 12    13    14    15   |
|    b     w     .     . |    |    16    17    18    19|
| .     .     w     w    |    | 20    21    22    23   |
|    w     w     w     w |    |    24    25    26    27|
| w     .     .     w    |    | 28    29    30    31   |
'------------------------'    '------------------------'

Black's turn to play.
Possible moves :
7-11
15-19
7-10
6-10
6-9
1-5
16-20
15-18
16-21

Chosen move : 
6-9
,------------------------,    ,------------------------,
|    W     b     b     b |    |     0     1     2     3|
| .     .     .     b    |    |  4     5     6     7   |
|    .     b     .     . |    |     8     9    10    11|
| b     .     .     b    |    | 12    13    14    15   |
|    b     w     .     . |    |    16    17    18    19|
| .     .     w     w    |    | 20    21    22    23   |
|    w     w     w     w |    |    24    25    26    27|
| w     .     .     w    |    | 28    29    30    31   |
'------------------------'    '------------------------'

White's turn to play.
Possible moves :
17-13
17-14
24-20
23-19
24-21
23-18
0-5
25-21
22-18
0-4

Chosen move : 
17-13
,------------------------,    ,------------------------,
|    W     b     b     b |    |     0     1     2     3|
| .     .     .     b    |    |  4     5     6     7   |
|    .     b     .     . |    |     8     9    10    11|
| b     w     .     b    |    | 12    13    14    15   |
|    b     .     .     . |    |    16    17    18    19|
| .     .     w     w    |    | 20    21    22    23   |
|    w     w     w     w |    |    24    25    26    27|
| w     .     .     w    |    | 28    29    30    31   |
'------------------------'    '------------------------'

Black's turn to play.
Possible moves :
15-19
9-14
1-6
7-10
16-20
1-5
2-6
7-11
15-18
16-21

Chosen move : 
16-20
,------------------------,    ,------------------------,
|    W     b     b     b |    |     0     1     2     3|
| .     .     .     b    |    |  4     5     6     7   |
|    .     b     .     . |    |     8     9    10    11|
| b     w     .     b    |    | 12    13    14    15   |
|    .     .     .     . |    |    16    17    18    19|
| b     .     w     w    |    | 20    21    22    23   |
|    w     w     w     w |    |    24    25    26    27|
| w     .     .     w    |    | 28    29    30    31   |
'------------------------'    '------------------------'

White's turn to play.
Possible moves :
13x6

Chosen move : 
13x6
,------------------------,    ,------------------------,
|    W     b     b     b |    |     0     1     2     3|
| .     .     w     b    |    |  4     5     6     7   |
|    .     .     .     . |    |     8     9    10    11|
| b     .     .     b    |    | 12    13    14    15   |
|    .     .     .     . |    |    16    17    18    19|
| b     .     w     w    |    | 20    21    22    23   |
|    w     w     w     w |    |    24    25    26    27|
| w     .     .     w    |    | 28    29    30    31   |
'------------------------'    '------------------------'

Black's turn to play.
Possible moves :
2x9
1x10
20x29

Chosen move : 
2x9
,------------------------,    ,------------------------,
|    W     b     .     b |    |     0     1     2     3|
| .     .     .     b    |    |  4     5     6     7   |
|    .     b     .     . |    |     8     9    10    11|
| b     .     .     b    |    | 12    13    14    15   |
|    .     .     .     . |    |    16    17    18    19|
| b     .     w     w    |    | 20    21    22    23   |
|    w     w     w     w |    |    24    25    26    27|
| w     .     .     w    |    | 28    29    30    31   |
'------------------------'    '------------------------'

White's turn to play.
Possible moves :
24-21
23-19
0-5
25-21
22-18
23-18
0-4
22-17

Chosen move : 
24-21
,------------------------,    ,------------------------,
|    W     b     .     b |    |     0     1     2     3|
| .     .     .     b    |    |  4     5     6     7   |
|    .     b     .     . |    |     8     9    10    11|
| b     .     .     b    |    | 12    13    14    15   |
|    .     .     .     . |    |    16    17    18    19|
| b     w     w     w    |    | 20    21    22    23   |
|    .     w     w     w |    |    24    25    26    27|
| w     .     .     w    |    | 28    29    30    31   |
'------------------------'    '------------------------'

Black's turn to play.
Possible moves :
9-14
1-5
9-13
15-18
15-19
1-6
20-24
7-10
7-11
12-16

Chosen move : 
15-18
,------------------------,    ,------------------------,
|    W     b     .     b |    |     0     1     2     3|
| .     .     .     b    |    |  4     5     6     7   |
|    .     b     .     . |    |     8     9    10    11|
| b     .     .     .    |    | 12    13    14    15   |
|    .     .     b     . |    |    16    17    18    19|
| b     w     w     w    |    | 20    21    22    23   |
|    .     w     w     w |    |    24    25    26    27|
| w     .     .     w    |    | 28    29    30    31   |
'------------------------'    '------------------------'

White's turn to play.
Possible moves :
23x14x5

Chosen move : 
23x14x5
,------------------------,    ,------------------------,
|    W     b     .     b |    |     0     1     2     3|
| .     w     .     b    |    |  4     5     6     7   |
|    .     .     .     . |    |     8     9    10    11|
| b     .     .     .    |    | 12    13    14    15   |
|    .     .     .     . |    |    16    17    18    19|
| b     w     w     .    |    | 20    21    22    23   |
|    .     w     w     w |    |    24    25    26    27|
| w     .     .     w    |    | 28    29    30    31   |
'------------------------'    '------------------------'

Black's turn to play.
Possible moves :
1x8

Chosen move : 
1x8
,------------------------,    ,------------------------,
|    W     .     .     b |    |     0     1     2     3|
| .     .     .     b    |    |  4     5     6     7   |
|    b     .     .     . |    |     8     9    10    11|
| b     .     .     .    |    | 12    13    14    15   |
|    .     .     .     . |    |    16    17    18    19|
| b     w     w     .    |    | 20    21    22    23   |
|    .     w     w     w |    |    24    25    26    27|
| w     .     .     w    |    | 28    29    30    31   |
'------------------------'    '------------------------'

White's turn to play.
Possible moves :
0-5
26-23
21-16
22-18
0-4
21-17
28-24
27-23
22-17

Chosen move : 
26-23
,------------------------,    ,------------------------,
|    W     .     .     b |    |     0     1     2     3|
| .     .     .     b    |    |  4     5     6     7   |
|    b     .     .     . |    |     8     9    10    11|
| b     .     .     .    |    | 12    13    14    15   |
|    .     .     .     . |    |    16    17    18    19|
| b     w     w     w    |    | 20    21    22    23   |
|    .     w     .     w |    |    24    25    26    27|
| w     .     .     w    |    | 28    29    30    31   |
'------------------------'    '------------------------'

Black's turn to play.
Possible moves :
7-11
12-16
7-10
20-24
8-13

Chosen move : 
7-11
,------------------------,    ,------------------------,
|    W     .     .     b |    |     0     1     2     3|
| .     .     .     .    |    |  4     5     6     7   |
|    b     .     .     b |    |     8     9    10    11|
| b     .     .     .    |    | 12    13    14    15   |
|    .     .     .     . |    |    16    17    18    19|
| b     w     w     w    |    | 20    21    22    23   |
|    .     w     .     w |    |    24    25    26    27|
| w     .     .     w    |    | 28    29    30    31   |
'------------------------'    '------------------------'

White's turn to play.
Possible moves :
28-24
23-18
0-4
21-17
31-26
23-19
0-5
21-16
22-17
22-18

Chosen move : 
23-18
,------------------------,    ,------------------------,
|    W     .     .     b |    |     0     1     2     3|
| .     .     .     .    |    |  4     5     6     7   |
|    b     .     .     b |    |     8     9    10    11|
| b     .     .     .    |    | 12    13    14    15   |
|    .     .     w     . |    |    16    17    18    19|
| b     w     w     .    |    | 20    21    22    23   |
|    .     w     .     w |    |    24    25    26    27|
| w     .     .     w    |    | 28    29    30    31   |
'------------------------'    '------------------------'

Black's turn to play.
Possible moves :
11-15
12-16
8-13
20-24
3-7

Chosen move : 
8-13
,------------------------,    ,------------------------,
|    W     .     .     b |    |     0     1     2     3|
| .     .     .     .    |    |  4     5     6     7   |
|    .     .     .     b |    |     8     9    10    11|
| b     b     .     .    |    | 12    13    14    15   |
|    .     .     w     . |    |    16    17    18    19|
| b     w     w     .    |    | 20    21    22    23   |
|    .     w     .     w |    |    24    25    26    27|
| w     .     .     w    |    | 28    29    30    31   |
'------------------------'    '------------------------'

White's turn to play.
Possible moves :
28-24
31-26
27-23
18-14
21-17
0-5
22-17
0-4
21-16
18-15

Chosen move : 
31-26
,------------------------,    ,------------------------,
|    W     .     .     b |    |     0     1     2     3|
| .     .     .     .    |    |  4     5     6     7   |
|    .     .     .     b |    |     8     9    10    11|
| b     b     .     .    |    | 12    13    14    15   |
|    .     .     w     . |    |    16    17    18    19|
| b     w     w     .    |    | 20    21    22    23   |
|    .     w     w     w |    |    24    25    26    27|
| w     .     .     .    |    | 28    29    30    31   |
'------------------------'    '------------------------'

Black's turn to play.
Possible moves :
13-17
13-16
12-16
3-7
11-15
20-24

Chosen move : 
13-16
,------------------------,    ,------------------------,
|    W     .     .     b |    |     0     1     2     3|
| .     .     .     .    |    |  4     5     6     7   |
|    .     .     .     b |    |     8     9    10    11|
| b     .     .     .    |    | 12    13    14    15   |
|    b     .     w     . |    |    16    17    18    19|
| b     w     w     .    |    | 20    21    22    23   |
|    .     w     w     w |    |    24    25    26    27|
| w     .     .     .    |    | 28    29    30    31   |
'------------------------'    '------------------------'

White's turn to play.
Possible moves :
0-5
0-4
18-14
22-17
27-23
21-17
18-15
28-24
26-23

Chosen move : 
0-5
,------------------------,    ,------------------------,
|    .     .     .     b |    |     0     1     2     3|
| .     W     .     .    |    |  4     5     6     7   |
|    .     .     .     b |    |     8     9    10    11|
| b     .     .     .    |    | 12    13    14    15   |
|    b     .     w     . |    |    16    17    18    19|
| b     w     w     .    |    | 20    21    22    23   |
|    .     w     w     w |    |    24    25    26    27|
| w     .     .     .    |    | 28    29    30    31   |
'------------------------'    '------------------------'

Black's turn to play.
Possible moves :
20-24
11-15
3-7

Chosen move : 
3-7
,------------------------,    ,------------------------,
|    .     .     .     . |    |     0     1     2     3|
| .     W     .     b    |    |  4     5     6     7   |
|    .     .     .     b |    |     8     9    10    11|
| b     .     .     .    |    | 12    13    14    15   |
|    b     .     w     . |    |    16    17    18    19|
| b     w     w     .    |    | 20    21    22    23   |
|    .     w     w     w |    |    24    25    26    27|
| w     .     .     .    |    | 28    29    30    31   |
'------------------------'    '------------------------'

White's turn to play.
Possible moves :
5-1
27-23
22-17
18-15
5-0
5-8
26-23
21-17
5-9
18-14
28-24

Chosen move : 
5-1
,------------------------,    ,------------------------,
|    .     W     .     . |    |     0     1     2     3|
| .     .     .     b    |    |  4     5     6     7   |
|    .     .     .     b |    |     8     9    10    11|
| b     .     .     .    |    | 12    13    14    15   |
|    b     .     w     . |    |    16    17    18    19|
| b     w     w     .    |    | 20    21    22    23   |
|    .     w     w     w |    |    24    25    26    27|
| w     .     .     .    |    | 28    29    30    31   |
'------------------------'    '------------------------'

Black's turn to play.
Possible moves :
7-10
20-24
11-15

Chosen move : 
20-24
,------------------------,    ,------------------------,
|    .     W     .     . |    |     0     1     2     3|
| .     .     .     b    |    |  4     5     6     7   |
|    .     .     .     b |    |     8     9    10    11|
| b     .     .     .    |    | 12    13    14    15   |
|    b     .     w     . |    |    16    17    18    19|
| .     w     w     .    |    | 20    21    22    23   |
|    b     w     w     w |    |    24    25    26    27|
| w     .     .     .    |    | 28    29    30    31   |
'------------------------'    '------------------------'

White's turn to play.
Possible moves :
1-5
21-17
18-14
22-17
18-15
1-6
26-23
27-23

Chosen move : 
21-17
,------------------------,    ,------------------------,
|    .     W     .     . |    |     0     1     2     3|
| .     .     .     b    |    |  4     5     6     7   |
|    .     .     .     b |    |     8     9    10    11|
| b     .     .     .    |    | 12    13    14    15   |
|    b     w     w     . |    |    16    17    18    19|
| .     .     w     .    |    | 20    21    22    23   |
|    b     w     w     w |    |    24    25    26    27|
| w     .     .     .    |    | 28    29    30    31   |
'------------------------'    '------------------------'

Black's turn to play.
Possible moves :
11-15
24-29
7-10
16-20
16-21

Chosen move : 
24-29
,------------------------,    ,------------------------,
|    .     W     .     . |    |     0     1     2     3|
| .     .     .     b    |    |  4     5     6     7   |
|    .     .     .     b |    |     8     9    10    11|
| b     .     .     .    |    | 12    13    14    15   |
|    b     w     w     . |    |    16    17    18    19|
| .     .     w     .    |    | 20    21    22    23   |
|    .     w     w     w |    |    24    25    26    27|
| w     B     .     .    |    | 28    29    30    31   |
'------------------------'    '------------------------'

White's turn to play.
Possible moves :
27-23
18-14
25-21
18-15
1-5
1-6
17-14
17-13
26-23
28-24

Chosen move : 
27-23
,------------------------,    ,------------------------,
|    .     W     .     . |    |     0     1     2     3|
| .     .     .     b    |    |  4     5     6     7   |
|    .     .     .     b |    |     8     9    10    11|
| b     .     .     .    |    | 12    13    14    15   |
|    b     w     w     . |    |    16    17    18    19|
| .     .     w     w    |    | 20    21    22    23   |
|    .     w     w     . |    |    24    25    26    27|
| w     B     .     .    |    | 28    29    30    31   |
'------------------------'    '------------------------'

Black's turn to play.
Possible moves :
16-21
11-15
7-10
16-20
29-24

Chosen move : 
16-21
,------------------------,    ,------------------------,
|    .     W     .     . |    |     0     1     2     3|
| .     .     .     b    |    |  4     5     6     7   |
|    .     .     .     b |    |     8     9    10    11|
| b     .     .     .    |    | 12    13    14    15   |
|    .     w     w     . |    |    16    17    18    19|
| .     b     w     w    |    | 20    21    22    23   |
|    .     w     w     . |    |    24    25    26    27|
| w     B     .     .    |    | 28    29    30    31   |
'------------------------'    '------------------------'

White's turn to play.
Possible moves :
17x24
25x16

Chosen move : 
17x24
,------------------------,    ,------------------------,
|    .     W     .     . |    |     0     1     2     3|
| .     .     .     b    |    |  4     5     6     7   |
|    .     .     .     b |    |     8     9    10    11|
| b     .     .     .    |    | 12    13    14    15   |
|    .     .     w     . |    |    16    17    18    19|
| .     .     w     w    |    | 20    21    22    23   |
|    w     w     w     . |    |    24    25    26    27|
| w     B     .     .    |    | 28    29    30    31   |
'------------------------'    '------------------------'

Black's turn to play.
Possible moves :
29x20

Chosen move : 
29x20
,------------------------,    ,------------------------,
|    .     W     .     . |    |     0     1     2     3|
| .     .     .     b    |    |  4     5     6     7   |
|    .     .     .     b |    |     8     9    10    11|
| b     .     .     .    |    | 12    13    14    15   |
|    .     .     w     . |    |    16    17    18    19|
| B     .     w     w    |    | 20    21    22    23   |
|    .     w     w     . |    |    24    25    26    27|
| w     .     .     .    |    | 28    29    30    31   |
'------------------------'    '------------------------'

White's turn to play.
Possible moves :
1-5
1-6
22-17
18-15
23-19
28-24
18-14
25-21

Chosen move : 
1-5
,------------------------,    ,------------------------,
|    .     .     .     . |    |     0     1     2     3|
| .     W     .     b    |    |  4     5     6     7   |
|    .     .     .     b |    |     8     9    10    11|
| b     .     .     .    |    | 12    13    14    15   |
|    .     .     w     . |    |    16    17    18    19|
| B     .     w     w    |    | 20    21    22    23   |
|    .     w     w     . |    |    24    25    26    27|
| w     .     .     .    |    | 28    29    30    31   |
'------------------------'    '------------------------'

Black's turn to play.
Possible moves :
12-16
20-16
20-24
11-15
7-10

Chosen move : 
12-16
,------------------------,    ,------------------------,
|    .     .     .     . |    |     0     1     2     3|
| .     W     .     b    |    |  4     5     6     7   |
|    .     .     .     b |    |     8     9    10    11|
| .     .     .     .    |    | 12    13    14    15   |
|    b     .     w     . |    |    16    17    18    19|
| B     .     w     w    |    | 20    21    22    23   |
|    .     w     w     . |    |    24    25    26    27|
| w     .     .     .    |    | 28    29    30    31   |
'------------------------'    '------------------------'

White's turn to play.
Possible moves :
5-1
28-24
18-15
23-19
25-21
5-0
5-8
22-17
5-9
18-14

Chosen move : 
5-1
,------------------------,    ,------------------------,
|    .     W     .     . |    |     0     1     2     3|
| .     .     .     b    |    |  4     5     6     7   |
|    .     .     .     b |    |     8     9    10    11|
| .     .     .     .    |    | 12    13    14    15   |
|    b     .     w     . |    |    16    17    18    19|
| B     .     w     w    |    | 20    21    22    23   |
|    .     w     w     . |    |    24    25    26    27|
| w     .     .     .    |    | 28    29    30    31   |
'------------------------'    '------------------------'

Black's turn to play.
Possible moves :
20-24
7-10
16-21
11-15

Chosen move : 
20-24
,------------------------,    ,------------------------,
|    .     W     .     . |    |     0     1     2     3|
| .     .     .     b    |    |  4     5     6     7   |
|    .     .     .     b |    |     8     9    10    11|
| .     .     .     .    |    | 12    13    14    15   |
|    b     .     w     . |    |    16    17    18    19|
| .     .     w     w    |    | 20    21    22    23   |
|    B     w     w     . |    |    24    25    26    27|
| w     .     .     .    |    | 28    29    30    31   |
'------------------------'    '------------------------'

White's turn to play.
Possible moves :
28x21x12

Chosen move : 
28x21x12
,------------------------,    ,------------------------,
|    .     W     .     . |    |     0     1     2     3|
| .     .     .     b    |    |  4     5     6     7   |
|    .     .     .     b |    |     8     9    10    11|
| w     .     .     .    |    | 12    13    14    15   |
|    .     .     w     . |    |    16    17    18    19|
| .     .     w     w    |    | 20    21    22    23   |
|    .     w     w     . |    |    24    25    26    27|
| .     .     .     .    |    | 28    29    30    31   |
'------------------------'    '------------------------'

Black's turn to play.
Possible moves :
11-15
7-10

Chosen move : 
11-15
,------------------------,    ,------------------------,
|    .     W     .     . |    |     0     1     2     3|
| .     .     .     b    |    |  4     5     6     7   |
|    .     .     .     . |    |     8     9    10    11|
| w     .     .     b    |    | 12    13    14    15   |
|    .     .     w     . |    |    16    17    18    19|
| .     .     w     w    |    | 20    21    22    23   |
|    .     w     w     . |    |    24    25    26    27|
| .     .     .     .    |    | 28    29    30    31   |
'------------------------'    '------------------------'

White's turn to play.
Possible moves :
18x11x2

Chosen move : 
18x11x2
,------------------------,    ,------------------------,
|    .     W     W     . |    |     0     1     2     3|
| .     .     .     .    |    |  4     5     6     7   |
|    .     .     .     . |    |     8     9    10    11|
| w     .     .     .    |    | 12    13    14    15   |
|    .     .     .     . |    |    16    17    18    19|
| .     .     w     w    |    | 20    21    22    23   |
|    .     w     w     . |    |    24    25    26    27|
| .     .     .     .    |    | 28    29    30    31   |
'------------------------'    '------------------------'

Black's turn to play.
End of Game !

#PDN#
[Event "IN104 CS Project"]
[Site "ENSTA ParisTech, Palaiseau, FRA"]
[GameType “21,W,8,8,N2,0”] {Whites begin}
[Date "Sat Apr  2 15:25:13 2016"]
[Round "?"]
[White "Master minmax"]
[WhiteType "Program"]
[Black "Random Guesser"]
[BlackType "Program"]
[Result "1-0"] {White (Master minmax) wins}
[WhiteTime "1.253657341003418"]
[BlackTime "0.023621559143066406"]

1.23-18 8-13 2.26-23 4-8 3.21-17 8-12 4.17x8 0-4 5.24-21 4x13 6.29-24 13-16 7.20x13 9x16 8.21-17 10-14 9.18x9x0 11-15 10.30-26 6-9 11.17-13 16-20 12.13x6 2x9 13.24-21 15-18 14.23x14x5 1x8 15.26-23 7-11 16.23-18 8-13 17.31-26 13-16 18.0-5 3-7 19.5-1 20-24 20.21-17 24-29 21.27-23 16-21 22.17x24 29x20 23.1-5 12-16 24.5-1 20-24 25.28x21x12 11-15 26.18x11x2  1-0 *
