Beginning of the game
,------------------------,    ,------------------------,
|    b     b     b     b |    |     0     1     2     3|
| b     b     b     b    |    |  4     5     6     7   |
|    b     b     b     b |    |     8     9    10    11|
| .     .     .     .    |    | 12    13    14    15   |
|    .     .     .     . |    |    16    17    18    19|
| w     w     w     w    |    | 20    21    22    23   |
|    w     w     w     w |    |    24    25    26    27|
| w     w     w     w    |    | 28    29    30    31   |
'------------------------'    '------------------------'

White's turn to play.
Possible moves :
22-17
23-18
23-19
21-17
20-16
21-16
22-18

Chosen move : 
22-17
,------------------------,    ,------------------------,
|    b     b     b     b |    |     0     1     2     3|
| b     b     b     b    |    |  4     5     6     7   |
|    b     b     b     b |    |     8     9    10    11|
| .     .     .     .    |    | 12    13    14    15   |
|    .     w     .     . |    |    16    17    18    19|
| w     w     .     w    |    | 20    21    22    23   |
|    w     w     w     w |    |    24    25    26    27|
| w     w     w     w    |    | 28    29    30    31   |
'------------------------'    '------------------------'

Black's turn to play.
Possible moves :
8-13
10-14
9-14
10-15
8-12
11-15
9-13

Chosen move : 
10-15
,------------------------,    ,------------------------,
|    b     b     b     b |    |     0     1     2     3|
| b     b     b     b    |    |  4     5     6     7   |
|    b     b     .     b |    |     8     9    10    11|
| .     .     .     b    |    | 12    13    14    15   |
|    .     w     .     . |    |    16    17    18    19|
| w     w     .     w    |    | 20    21    22    23   |
|    w     w     w     w |    |    24    25    26    27|
| w     w     w     w    |    | 28    29    30    31   |
'------------------------'    '------------------------'

White's turn to play.
Possible moves :
17-14
26-22
17-13
21-16
23-19
25-22
23-18
20-16

Chosen move : 
26-22
,------------------------,    ,------------------------,
|    b     b     b     b |    |     0     1     2     3|
| b     b     b     b    |    |  4     5     6     7   |
|    b     b     .     b |    |     8     9    10    11|
| .     .     .     b    |    | 12    13    14    15   |
|    .     w     .     . |    |    16    17    18    19|
| w     w     w     w    |    | 20    21    22    23   |
|    w     w     .     w |    |    24    25    26    27|
| w     w     w     w    |    | 28    29    30    31   |
'------------------------'    '------------------------'

Black's turn to play.
Possible moves :
8-13
7-10
6-10
15-19
9-13
9-14
8-12
15-18

Chosen move : 
8-13
,------------------------,    ,------------------------,
|    b     b     b     b |    |     0     1     2     3|
| b     b     b     b    |    |  4     5     6     7   |
|    .     b     .     b |    |     8     9    10    11|
| .     b     .     b    |    | 12    13    14    15   |
|    .     w     .     . |    |    16    17    18    19|
| w     w     w     w    |    | 20    21    22    23   |
|    w     w     .     w |    |    24    25    26    27|
| w     w     w     w    |    | 28    29    30    31   |
'------------------------'    '------------------------'

White's turn to play.
Possible moves :
17x8

Chosen move : 
17x8
,------------------------,    ,------------------------,
|    b     b     b     b |    |     0     1     2     3|
| b     b     b     b    |    |  4     5     6     7   |
|    w     b     .     b |    |     8     9    10    11|
| .     .     .     b    |    | 12    13    14    15   |
|    .     .     .     . |    |    16    17    18    19|
| w     w     w     w    |    | 20    21    22    23   |
|    w     w     .     w |    |    24    25    26    27|
| w     w     w     w    |    | 28    29    30    31   |
'------------------------'    '------------------------'

Black's turn to play.
Possible moves :
4x13
5x12

Chosen move : 
4x13
,------------------------,    ,------------------------,
|    b     b     b     b |    |     0     1     2     3|
| .     b     b     b    |    |  4     5     6     7   |
|    .     b     .     b |    |     8     9    10    11|
| .     b     .     b    |    | 12    13    14    15   |
|    .     .     .     . |    |    16    17    18    19|
| w     w     w     w    |    | 20    21    22    23   |
|    w     w     .     w |    |    24    25    26    27|
| w     w     w     w    |    | 28    29    30    31   |
'------------------------'    '------------------------'

White's turn to play.
Possible moves :
30-26
22-17
31-26
21-16
23-18
23-19
21-17
22-18
20-16

Chosen move : 
30-26
,------------------------,    ,------------------------,
|    b     b     b     b |    |     0     1     2     3|
| .     b     b     b    |    |  4     5     6     7   |
|    .     b     .     b |    |     8     9    10    11|
| .     b     .     b    |    | 12    13    14    15   |
|    .     .     .     . |    |    16    17    18    19|
| w     w     w     w    |    | 20    21    22    23   |
|    w     w     w     w |    |    24    25    26    27|
| w     w     .     w    |    | 28    29    30    31   |
'------------------------'    '------------------------'

Black's turn to play.
Possible moves :
13-16
5-8
7-10
13-17
15-19
0-4
15-18
9-14
6-10

Chosen move : 
5-8
,------------------------,    ,------------------------,
|    b     b     b     b |    |     0     1     2     3|
| .     .     b     b    |    |  4     5     6     7   |
|    b     b     .     b |    |     8     9    10    11|
| .     b     .     b    |    | 12    13    14    15   |
|    .     .     .     . |    |    16    17    18    19|
| w     w     w     w    |    | 20    21    22    23   |
|    w     w     w     w |    |    24    25    26    27|
| w     w     .     w    |    | 28    29    30    31   |
'------------------------'    '------------------------'

White's turn to play.
Possible moves :
22-18
22-17
23-18
21-17
21-16
23-19
20-16

Chosen move : 
23-18
,------------------------,    ,------------------------,
|    b     b     b     b |    |     0     1     2     3|
| .     .     b     b    |    |  4     5     6     7   |
|    b     b     .     b |    |     8     9    10    11|
| .     b     .     b    |    | 12    13    14    15   |
|    .     .     w     . |    |    16    17    18    19|
| w     w     w     .    |    | 20    21    22    23   |
|    w     w     w     w |    |    24    25    26    27|
| w     w     .     w    |    | 28    29    30    31   |
'------------------------'    '------------------------'

Black's turn to play.
Possible moves :
0-4
9-14
6-10
8-12
13-17
7-10
13-16
1-5
0-5
15-19

Chosen move : 
1-5
,------------------------,    ,------------------------,
|    b     .     b     b |    |     0     1     2     3|
| .     b     b     b    |    |  4     5     6     7   |
|    b     b     .     b |    |     8     9    10    11|
| .     b     .     b    |    | 12    13    14    15   |
|    .     .     w     . |    |    16    17    18    19|
| w     w     w     .    |    | 20    21    22    23   |
|    w     w     w     w |    |    24    25    26    27|
| w     w     .     w    |    | 28    29    30    31   |
'------------------------'    '------------------------'

White's turn to play.
Possible moves :
22-17
26-23
21-17
18-14
20-16
27-23
21-16

Chosen move : 
26-23
,------------------------,    ,------------------------,
|    b     .     b     b |    |     0     1     2     3|
| .     b     b     b    |    |  4     5     6     7   |
|    b     b     .     b |    |     8     9    10    11|
| .     b     .     b    |    | 12    13    14    15   |
|    .     .     w     . |    |    16    17    18    19|
| w     w     w     w    |    | 20    21    22    23   |
|    w     w     .     w |    |    24    25    26    27|
| w     w     .     w    |    | 28    29    30    31   |
'------------------------'    '------------------------'

Black's turn to play.
Possible moves :
6-10
13-16
15-19
0-4
8-12
7-10
13-17
9-14

Chosen move : 
15-19
,------------------------,    ,------------------------,
|    b     .     b     b |    |     0     1     2     3|
| .     b     b     b    |    |  4     5     6     7   |
|    b     b     .     b |    |     8     9    10    11|
| .     b     .     .    |    | 12    13    14    15   |
|    .     .     w     b |    |    16    17    18    19|
| w     w     w     w    |    | 20    21    22    23   |
|    w     w     .     w |    |    24    25    26    27|
| w     w     .     w    |    | 28    29    30    31   |
'------------------------'    '------------------------'

White's turn to play.
Possible moves :
22-17
18-14
20-16
21-17
31-26
18-15
21-16

Chosen move : 
31-26
,------------------------,    ,------------------------,
|    b     .     b     b |    |     0     1     2     3|
| .     b     b     b    |    |  4     5     6     7   |
|    b     b     .     b |    |     8     9    10    11|
| .     b     .     .    |    | 12    13    14    15   |
|    .     .     w     b |    |    16    17    18    19|
| w     w     w     w    |    | 20    21    22    23   |
|    w     w     w     w |    |    24    25    26    27|
| w     w     .     .    |    | 28    29    30    31   |
'------------------------'    '------------------------'

Black's turn to play.
Possible moves :
8-12
6-10
13-17
7-10
0-4
13-16
11-15
9-14

Chosen move : 
7-10
,------------------------,    ,------------------------,
|    b     .     b     b |    |     0     1     2     3|
| .     b     b     .    |    |  4     5     6     7   |
|    b     b     b     b |    |     8     9    10    11|
| .     b     .     .    |    | 12    13    14    15   |
|    .     .     w     b |    |    16    17    18    19|
| w     w     w     w    |    | 20    21    22    23   |
|    w     w     w     w |    |    24    25    26    27|
| w     w     .     .    |    | 28    29    30    31   |
'------------------------'    '------------------------'

White's turn to play.
Possible moves :
21-17
18-14
21-16
20-16
22-17
18-15

Chosen move : 
21-17
,------------------------,    ,------------------------,
|    b     .     b     b |    |     0     1     2     3|
| .     b     b     .    |    |  4     5     6     7   |
|    b     b     b     b |    |     8     9    10    11|
| .     b     .     .    |    | 12    13    14    15   |
|    .     w     w     b |    |    16    17    18    19|
| w     .     w     w    |    | 20    21    22    23   |
|    w     w     w     w |    |    24    25    26    27|
| w     w     .     .    |    | 28    29    30    31   |
'------------------------'    '------------------------'

Black's turn to play.
Possible moves :
8-12
0-4
10-15
13-16
10-14
2-7
11-15
9-14
3-7

Chosen move : 
9-14
,------------------------,    ,------------------------,
|    b     .     b     b |    |     0     1     2     3|
| .     b     b     .    |    |  4     5     6     7   |
|    b     .     b     b |    |     8     9    10    11|
| .     b     b     .    |    | 12    13    14    15   |
|    .     w     w     b |    |    16    17    18    19|
| w     .     w     w    |    | 20    21    22    23   |
|    w     w     w     w |    |    24    25    26    27|
| w     w     .     .    |    | 28    29    30    31   |
'------------------------'    '------------------------'

White's turn to play.
Possible moves :
18x9x16

Chosen move : 
18x9x16
,------------------------,    ,------------------------,
|    b     .     b     b |    |     0     1     2     3|
| .     b     b     .    |    |  4     5     6     7   |
|    b     .     b     b |    |     8     9    10    11|
| .     .     .     .    |    | 12    13    14    15   |
|    w     w     .     b |    |    16    17    18    19|
| w     .     w     w    |    | 20    21    22    23   |
|    w     w     w     w |    |    24    25    26    27|
| w     w     .     .    |    | 28    29    30    31   |
'------------------------'    '------------------------'

Black's turn to play.
Possible moves :
0-4
10-15
5-9
11-15
3-7
8-12
10-14
6-9
2-7
8-13

Chosen move : 
10-15
,------------------------,    ,------------------------,
|    b     .     b     b |    |     0     1     2     3|
| .     b     b     .    |    |  4     5     6     7   |
|    b     .     .     b |    |     8     9    10    11|
| .     .     .     b    |    | 12    13    14    15   |
|    w     w     .     b |    |    16    17    18    19|
| w     .     w     w    |    | 20    21    22    23   |
|    w     w     w     w |    |    24    25    26    27|
| w     w     .     .    |    | 28    29    30    31   |
'------------------------'    '------------------------'

White's turn to play.
Possible moves :
25-21
24-21
17-13
22-18
17-14
16-12
23-18
16-13

Chosen move : 
25-21
,------------------------,    ,------------------------,
|    b     .     b     b |    |     0     1     2     3|
| .     b     b     .    |    |  4     5     6     7   |
|    b     .     .     b |    |     8     9    10    11|
| .     .     .     b    |    | 12    13    14    15   |
|    w     w     .     b |    |    16    17    18    19|
| w     w     w     w    |    | 20    21    22    23   |
|    w     .     w     w |    |    24    25    26    27|
| w     w     .     .    |    | 28    29    30    31   |
'------------------------'    '------------------------'

Black's turn to play.
Possible moves :
5-9
6-10
3-7
15-18
8-12
0-4
8-13
2-7
6-9

Chosen move : 
6-10
,------------------------,    ,------------------------,
|    b     .     b     b |    |     0     1     2     3|
| .     b     .     .    |    |  4     5     6     7   |
|    b     .     b     b |    |     8     9    10    11|
| .     .     .     b    |    | 12    13    14    15   |
|    w     w     .     b |    |    16    17    18    19|
| w     w     w     w    |    | 20    21    22    23   |
|    w     .     w     w |    |    24    25    26    27|
| w     w     .     .    |    | 28    29    30    31   |
'------------------------'    '------------------------'

White's turn to play.
Possible moves :
29-25
17-13
17-14
16-13
23-18
16-12
22-18

Chosen move : 
29-25
,------------------------,    ,------------------------,
|    b     .     b     b |    |     0     1     2     3|
| .     b     .     .    |    |  4     5     6     7   |
|    b     .     b     b |    |     8     9    10    11|
| .     .     .     b    |    | 12    13    14    15   |
|    w     w     .     b |    |    16    17    18    19|
| w     w     w     w    |    | 20    21    22    23   |
|    w     w     w     w |    |    24    25    26    27|
| w     .     .     .    |    | 28    29    30    31   |
'------------------------'    '------------------------'

Black's turn to play.
Possible moves :
8-12
15-18
5-9
3-7
8-13
2-6
10-14
2-7
0-4

Chosen move : 
8-13
,------------------------,    ,------------------------,
|    b     .     b     b |    |     0     1     2     3|
| .     b     .     .    |    |  4     5     6     7   |
|    .     .     b     b |    |     8     9    10    11|
| .     b     .     b    |    | 12    13    14    15   |
|    w     w     .     b |    |    16    17    18    19|
| w     w     w     w    |    | 20    21    22    23   |
|    w     w     w     w |    |    24    25    26    27|
| w     .     .     .    |    | 28    29    30    31   |
'------------------------'    '------------------------'

White's turn to play.
Possible moves :
17x8x1

Chosen move : 
17x8x1
,------------------------,    ,------------------------,
|    b     W     b     b |    |     0     1     2     3|
| .     .     .     .    |    |  4     5     6     7   |
|    .     .     b     b |    |     8     9    10    11|
| .     .     .     b    |    | 12    13    14    15   |
|    w     .     .     b |    |    16    17    18    19|
| w     w     w     w    |    | 20    21    22    23   |
|    w     w     w     w |    |    24    25    26    27|
| w     .     .     .    |    | 28    29    30    31   |
'------------------------'    '------------------------'

Black's turn to play.
Possible moves :
15-18
10-14
0-5
0-4
2-7
3-7
2-6

Chosen move : 
3-7
,------------------------,    ,------------------------,
|    b     W     b     . |    |     0     1     2     3|
| .     .     .     b    |    |  4     5     6     7   |
|    .     .     b     b |    |     8     9    10    11|
| .     .     .     b    |    | 12    13    14    15   |
|    w     .     .     b |    |    16    17    18    19|
| w     w     w     w    |    | 20    21    22    23   |
|    w     w     w     w |    |    24    25    26    27|
| w     .     .     .    |    | 28    29    30    31   |
'------------------------'    '------------------------'

White's turn to play.
Possible moves :
1-6
22-17
1-5
16-12
22-18
16-13
23-18
21-17

Chosen move : 
22-17
,------------------------,    ,------------------------,
|    b     W     b     . |    |     0     1     2     3|
| .     .     .     b    |    |  4     5     6     7   |
|    .     .     b     b |    |     8     9    10    11|
| .     .     .     b    |    | 12    13    14    15   |
|    w     w     .     b |    |    16    17    18    19|
| w     w     .     w    |    | 20    21    22    23   |
|    w     w     w     w |    |    24    25    26    27|
| w     .     .     .    |    | 28    29    30    31   |
'------------------------'    '------------------------'

Black's turn to play.
Possible moves :
2-6
0-5
15-18
0-4
10-14

Chosen move : 
10-14
,------------------------,    ,------------------------,
|    b     W     b     . |    |     0     1     2     3|
| .     .     .     b    |    |  4     5     6     7   |
|    .     .     .     b |    |     8     9    10    11|
| .     .     b     b    |    | 12    13    14    15   |
|    w     w     .     b |    |    16    17    18    19|
| w     w     .     w    |    | 20    21    22    23   |
|    w     w     w     w |    |    24    25    26    27|
| w     .     .     .    |    | 28    29    30    31   |
'------------------------'    '------------------------'

White's turn to play.
Possible moves :
17x10x3

Chosen move : 
17x10x3
,------------------------,    ,------------------------,
|    b     W     b     W |    |     0     1     2     3|
| .     .     .     .    |    |  4     5     6     7   |
|    .     .     .     b |    |     8     9    10    11|
| .     .     .     b    |    | 12    13    14    15   |
|    w     .     .     b |    |    16    17    18    19|
| w     w     .     w    |    | 20    21    22    23   |
|    w     w     w     w |    |    24    25    26    27|
| w     .     .     .    |    | 28    29    30    31   |
'------------------------'    '------------------------'

Black's turn to play.
Possible moves :
2-6
15-18
0-5
2-7
0-4

Chosen move : 
0-4
,------------------------,    ,------------------------,
|    .     W     b     W |    |     0     1     2     3|
| b     .     .     .    |    |  4     5     6     7   |
|    .     .     .     b |    |     8     9    10    11|
| .     .     .     b    |    | 12    13    14    15   |
|    w     .     .     b |    |    16    17    18    19|
| w     w     .     w    |    | 20    21    22    23   |
|    w     w     w     w |    |    24    25    26    27|
| w     .     .     .    |    | 28    29    30    31   |
'------------------------'    '------------------------'

White's turn to play.
Possible moves :
16-13
3-7
1-6
16-12
26-22
23-18
25-22
21-17
1-5

Chosen move : 
16-13
,------------------------,    ,------------------------,
|    .     W     b     W |    |     0     1     2     3|
| b     .     .     .    |    |  4     5     6     7   |
|    .     .     .     b |    |     8     9    10    11|
| .     w     .     b    |    | 12    13    14    15   |
|    .     .     .     b |    |    16    17    18    19|
| w     w     .     w    |    | 20    21    22    23   |
|    w     w     w     w |    |    24    25    26    27|
| w     .     .     .    |    | 28    29    30    31   |
'------------------------'    '------------------------'

Black's turn to play.
Possible moves :
4-8
15-18
2-6
2-7

Chosen move : 
4-8
,------------------------,    ,------------------------,
|    .     W     b     W |    |     0     1     2     3|
| .     .     .     .    |    |  4     5     6     7   |
|    b     .     .     b |    |     8     9    10    11|
| .     w     .     b    |    | 12    13    14    15   |
|    .     .     .     b |    |    16    17    18    19|
| w     w     .     w    |    | 20    21    22    23   |
|    w     w     w     w |    |    24    25    26    27|
| w     .     .     .    |    | 28    29    30    31   |
'------------------------'    '------------------------'

White's turn to play.
Possible moves :
13x4

Chosen move : 
13x4
,------------------------,    ,------------------------,
|    .     W     b     W |    |     0     1     2     3|
| w     .     .     .    |    |  4     5     6     7   |
|    .     .     .     b |    |     8     9    10    11|
| .     .     .     b    |    | 12    13    14    15   |
|    .     .     .     b |    |    16    17    18    19|
| w     w     .     w    |    | 20    21    22    23   |
|    w     w     w     w |    |    24    25    26    27|
| w     .     .     .    |    | 28    29    30    31   |
'------------------------'    '------------------------'

Black's turn to play.
Possible moves :
15-18
2-6
2-7

Chosen move : 
2-6
,------------------------,    ,------------------------,
|    .     W     .     W |    |     0     1     2     3|
| w     .     b     .    |    |  4     5     6     7   |
|    .     .     .     b |    |     8     9    10    11|
| .     .     .     b    |    | 12    13    14    15   |
|    .     .     .     b |    |    16    17    18    19|
| w     w     .     w    |    | 20    21    22    23   |
|    w     w     w     w |    |    24    25    26    27|
| w     .     .     .    |    | 28    29    30    31   |
'------------------------'    '------------------------'

White's turn to play.
Possible moves :
1x10

Chosen move : 
1x10
,------------------------,    ,------------------------,
|    .     .     .     W |    |     0     1     2     3|
| w     .     .     .    |    |  4     5     6     7   |
|    .     .     W     b |    |     8     9    10    11|
| .     .     .     b    |    | 12    13    14    15   |
|    .     .     .     b |    |    16    17    18    19|
| w     w     .     w    |    | 20    21    22    23   |
|    w     w     w     w |    |    24    25    26    27|
| w     .     .     .    |    | 28    29    30    31   |
'------------------------'    '------------------------'

Black's turn to play.
Possible moves :
15x6

Chosen move : 
15x6
,------------------------,    ,------------------------,
|    .     .     .     W |    |     0     1     2     3|
| w     .     b     .    |    |  4     5     6     7   |
|    .     .     .     b |    |     8     9    10    11|
| .     .     .     .    |    | 12    13    14    15   |
|    .     .     .     b |    |    16    17    18    19|
| w     w     .     w    |    | 20    21    22    23   |
|    w     w     w     w |    |    24    25    26    27|
| w     .     .     .    |    | 28    29    30    31   |
'------------------------'    '------------------------'

White's turn to play.
Possible moves :
25-22
21-17
4-0
3-7
21-16
23-18
20-16
26-22

Chosen move : 
25-22
,------------------------,    ,------------------------,
|    .     .     .     W |    |     0     1     2     3|
| w     .     b     .    |    |  4     5     6     7   |
|    .     .     .     b |    |     8     9    10    11|
| .     .     .     .    |    | 12    13    14    15   |
|    .     .     .     b |    |    16    17    18    19|
| w     w     w     w    |    | 20    21    22    23   |
|    w     .     w     w |    |    24    25    26    27|
| w     .     .     .    |    | 28    29    30    31   |
'------------------------'    '------------------------'

Black's turn to play.
Possible moves :
6-10
11-15
6-9

Chosen move : 
11-15
,------------------------,    ,------------------------,
|    .     .     .     W |    |     0     1     2     3|
| w     .     b     .    |    |  4     5     6     7   |
|    .     .     .     . |    |     8     9    10    11|
| .     .     .     b    |    | 12    13    14    15   |
|    .     .     .     b |    |    16    17    18    19|
| w     w     w     w    |    | 20    21    22    23   |
|    w     .     w     w |    |    24    25    26    27|
| w     .     .     .    |    | 28    29    30    31   |
'------------------------'    '------------------------'

White's turn to play.
Possible moves :
23-18
4-0
22-17
22-18
21-17
21-16
20-16
3-7

Chosen move : 
23-18
,------------------------,    ,------------------------,
|    .     .     .     W |    |     0     1     2     3|
| w     .     b     .    |    |  4     5     6     7   |
|    .     .     .     . |    |     8     9    10    11|
| .     .     .     b    |    | 12    13    14    15   |
|    .     .     w     b |    |    16    17    18    19|
| w     w     w     .    |    | 20    21    22    23   |
|    w     .     w     w |    |    24    25    26    27|
| w     .     .     .    |    | 28    29    30    31   |
'------------------------'    '------------------------'

Black's turn to play.
Possible moves :
19-23
6-9
6-10

Chosen move : 
6-9
,------------------------,    ,------------------------,
|    .     .     .     W |    |     0     1     2     3|
| w     .     .     .    |    |  4     5     6     7   |
|    .     b     .     . |    |     8     9    10    11|
| .     .     .     b    |    | 12    13    14    15   |
|    .     .     w     b |    |    16    17    18    19|
| w     w     w     .    |    | 20    21    22    23   |
|    w     .     w     w |    |    24    25    26    27|
| w     .     .     .    |    | 28    29    30    31   |
'------------------------'    '------------------------'

White's turn to play.
Possible moves :
18x11

Chosen move : 
18x11
,------------------------,    ,------------------------,
|    .     .     .     W |    |     0     1     2     3|
| w     .     .     .    |    |  4     5     6     7   |
|    .     b     .     w |    |     8     9    10    11|
| .     .     .     .    |    | 12    13    14    15   |
|    .     .     .     b |    |    16    17    18    19|
| w     w     w     .    |    | 20    21    22    23   |
|    w     .     w     w |    |    24    25    26    27|
| w     .     .     .    |    | 28    29    30    31   |
'------------------------'    '------------------------'

Black's turn to play.
Possible moves :
19-23
9-13
9-14

Chosen move : 
9-14
,------------------------,    ,------------------------,
|    .     .     .     W |    |     0     1     2     3|
| w     .     .     .    |    |  4     5     6     7   |
|    .     .     .     w |    |     8     9    10    11|
| .     .     b     .    |    | 12    13    14    15   |
|    .     .     .     b |    |    16    17    18    19|
| w     w     w     .    |    | 20    21    22    23   |
|    w     .     w     w |    |    24    25    26    27|
| w     .     .     .    |    | 28    29    30    31   |
'------------------------'    '------------------------'

White's turn to play.
Possible moves :
27-23
22-17
11-7
21-16
26-23
4-0
3-7
22-18
21-17
20-16

Chosen move : 
27-23
,------------------------,    ,------------------------,
|    .     .     .     W |    |     0     1     2     3|
| w     .     .     .    |    |  4     5     6     7   |
|    .     .     .     w |    |     8     9    10    11|
| .     .     b     .    |    | 12    13    14    15   |
|    .     .     .     b |    |    16    17    18    19|
| w     w     w     w    |    | 20    21    22    23   |
|    w     .     w     . |    |    24    25    26    27|
| w     .     .     .    |    | 28    29    30    31   |
'------------------------'    '------------------------'

Black's turn to play.
Possible moves :
14-17
14-18

Chosen move : 
14-17
,------------------------,    ,------------------------,
|    .     .     .     W |    |     0     1     2     3|
| w     .     .     .    |    |  4     5     6     7   |
|    .     .     .     w |    |     8     9    10    11|
| .     .     .     .    |    | 12    13    14    15   |
|    .     b     .     b |    |    16    17    18    19|
| w     w     w     w    |    | 20    21    22    23   |
|    w     .     w     . |    |    24    25    26    27|
| w     .     .     .    |    | 28    29    30    31   |
'------------------------'    '------------------------'

White's turn to play.
Possible moves :
21x14
22x13

Chosen move : 
21x14
,------------------------,    ,------------------------,
|    .     .     .     W |    |     0     1     2     3|
| w     .     .     .    |    |  4     5     6     7   |
|    .     .     .     w |    |     8     9    10    11|
| .     .     w     .    |    | 12    13    14    15   |
|    .     .     .     b |    |    16    17    18    19|
| w     .     w     w    |    | 20    21    22    23   |
|    w     .     w     . |    |    24    25    26    27|
| w     .     .     .    |    | 28    29    30    31   |
'------------------------'    '------------------------'

Black's turn to play.
End of Game !

#PDN#
[Event "IN104 CS Project"]
[Site "ENSTA ParisTech, Palaiseau, FRA"]
[GameType “21,W,8,8,N2,0”] {Whites begin}
[Date "Sat Apr  2 15:25:22 2016"]
[Round "?"]
[White "Master minmax"]
[WhiteType "Program"]
[Black "Random Guesser"]
[BlackType "Program"]
[Result "1-0"] {White (Master minmax) wins}
[WhiteTime "0.9284963607788086"]
[BlackTime "0.02141737937927246"]

1.22-17 10-15 2.26-22 8-13 3.17x8 4x13 4.30-26 5-8 5.23-18 1-5 6.26-23 15-19 7.31-26 7-10 8.21-17 9-14 9.18x9x16 10-15 10.25-21 6-10 11.29-25 8-13 12.17x8x1 3-7 13.22-17 10-14 14.17x10x3 0-4 15.16-13 4-8 16.13x4 2-6 17.1x10 15x6 18.25-22 11-15 19.23-18 6-9 20.18x11 9-14 21.27-23 14-17 22.21x14  1-0 *
