Beginning of the game
,------------------------,    ,------------------------,
|    b     b     b     b |    |     0     1     2     3|
| b     b     b     b    |    |  4     5     6     7   |
|    b     b     b     b |    |     8     9    10    11|
| .     .     .     .    |    | 12    13    14    15   |
|    .     .     .     . |    |    16    17    18    19|
| w     w     w     w    |    | 20    21    22    23   |
|    w     w     w     w |    |    24    25    26    27|
| w     w     w     w    |    | 28    29    30    31   |
'------------------------'    '------------------------'

White's turn to play.
Possible moves :
23-19
22-18
21-17
23-18
21-16
20-16
22-17

Chosen move : 
23-19
,------------------------,    ,------------------------,
|    b     b     b     b |    |     0     1     2     3|
| b     b     b     b    |    |  4     5     6     7   |
|    b     b     b     b |    |     8     9    10    11|
| .     .     .     .    |    | 12    13    14    15   |
|    .     .     .     w |    |    16    17    18    19|
| w     w     w     .    |    | 20    21    22    23   |
|    w     w     w     w |    |    24    25    26    27|
| w     w     w     w    |    | 28    29    30    31   |
'------------------------'    '------------------------'

Black's turn to play.
Possible moves :
11-15
10-15
9-13
8-13
9-14
10-14
8-12

Chosen move : 
9-14
,------------------------,    ,------------------------,
|    b     b     b     b |    |     0     1     2     3|
| b     b     b     b    |    |  4     5     6     7   |
|    b     .     b     b |    |     8     9    10    11|
| .     .     b     .    |    | 12    13    14    15   |
|    .     .     .     w |    |    16    17    18    19|
| w     w     w     .    |    | 20    21    22    23   |
|    w     w     w     w |    |    24    25    26    27|
| w     w     w     w    |    | 28    29    30    31   |
'------------------------'    '------------------------'

White's turn to play.
Possible moves :
21-16
22-18
21-17
27-23
26-23
22-17
19-15
20-16

Chosen move : 
21-16
,------------------------,    ,------------------------,
|    b     b     b     b |    |     0     1     2     3|
| b     b     b     b    |    |  4     5     6     7   |
|    b     .     b     b |    |     8     9    10    11|
| .     .     b     .    |    | 12    13    14    15   |
|    w     .     .     w |    |    16    17    18    19|
| w     .     w     .    |    | 20    21    22    23   |
|    w     w     w     w |    |    24    25    26    27|
| w     w     w     w    |    | 28    29    30    31   |
'------------------------'    '------------------------'

Black's turn to play.
Possible moves :
14-17
6-9
8-13
10-15
14-18
8-12
5-9
11-15

Chosen move : 
14-17
,------------------------,    ,------------------------,
|    b     b     b     b |    |     0     1     2     3|
| b     b     b     b    |    |  4     5     6     7   |
|    b     .     b     b |    |     8     9    10    11|
| .     .     .     .    |    | 12    13    14    15   |
|    w     b     .     w |    |    16    17    18    19|
| w     .     w     .    |    | 20    21    22    23   |
|    w     w     w     w |    |    24    25    26    27|
| w     w     w     w    |    | 28    29    30    31   |
'------------------------'    '------------------------'

White's turn to play.
Possible moves :
22x13

Chosen move : 
22x13
,------------------------,    ,------------------------,
|    b     b     b     b |    |     0     1     2     3|
| b     b     b     b    |    |  4     5     6     7   |
|    b     .     b     b |    |     8     9    10    11|
| .     w     .     .    |    | 12    13    14    15   |
|    w     .     .     w |    |    16    17    18    19|
| w     .     .     .    |    | 20    21    22    23   |
|    w     w     w     w |    |    24    25    26    27|
| w     w     w     w    |    | 28    29    30    31   |
'------------------------'    '------------------------'

Black's turn to play.
Possible moves :
8x17

Chosen move : 
8x17
,------------------------,    ,------------------------,
|    b     b     b     b |    |     0     1     2     3|
| b     b     b     b    |    |  4     5     6     7   |
|    .     .     b     b |    |     8     9    10    11|
| .     .     .     .    |    | 12    13    14    15   |
|    w     b     .     w |    |    16    17    18    19|
| w     .     .     .    |    | 20    21    22    23   |
|    w     w     w     w |    |    24    25    26    27|
| w     w     w     w    |    | 28    29    30    31   |
'------------------------'    '------------------------'

White's turn to play.
Possible moves :
24-21
19-15
16-13
27-23
26-22
25-22
16-12
25-21
26-23

Chosen move : 
27-23
,------------------------,    ,------------------------,
|    b     b     b     b |    |     0     1     2     3|
| b     b     b     b    |    |  4     5     6     7   |
|    .     .     b     b |    |     8     9    10    11|
| .     .     .     .    |    | 12    13    14    15   |
|    w     b     .     w |    |    16    17    18    19|
| w     .     .     w    |    | 20    21    22    23   |
|    w     w     w     . |    |    24    25    26    27|
| w     w     w     w    |    | 28    29    30    31   |
'------------------------'    '------------------------'

Black's turn to play.
Possible moves :
11-15
5-8
17-21
5-9
17-22
10-15
6-9
10-14
4-8

Chosen move : 
5-8
,------------------------,    ,------------------------,
|    b     b     b     b |    |     0     1     2     3|
| b     .     b     b    |    |  4     5     6     7   |
|    b     .     b     b |    |     8     9    10    11|
| .     .     .     .    |    | 12    13    14    15   |
|    w     b     .     w |    |    16    17    18    19|
| w     .     .     w    |    | 20    21    22    23   |
|    w     w     w     . |    |    24    25    26    27|
| w     w     w     w    |    | 28    29    30    31   |
'------------------------'    '------------------------'

White's turn to play.
Possible moves :
25-21
16-12
23-18
25-22
24-21
19-15
26-22
16-13
31-27

Chosen move : 
25-21
,------------------------,    ,------------------------,
|    b     b     b     b |    |     0     1     2     3|
| b     .     b     b    |    |  4     5     6     7   |
|    b     .     b     b |    |     8     9    10    11|
| .     .     .     .    |    | 12    13    14    15   |
|    w     b     .     w |    |    16    17    18    19|
| w     w     .     w    |    | 20    21    22    23   |
|    w     .     w     . |    |    24    25    26    27|
| w     w     w     w    |    | 28    29    30    31   |
'------------------------'    '------------------------'

Black's turn to play.
Possible moves :
17-22
6-9
8-13
10-15
0-5
11-15
8-12
10-14
1-5

Chosen move : 
8-13
,------------------------,    ,------------------------,
|    b     b     b     b |    |     0     1     2     3|
| b     .     b     b    |    |  4     5     6     7   |
|    .     .     b     b |    |     8     9    10    11|
| .     b     .     .    |    | 12    13    14    15   |
|    w     b     .     w |    |    16    17    18    19|
| w     w     .     w    |    | 20    21    22    23   |
|    w     .     w     . |    |    24    25    26    27|
| w     w     w     w    |    | 28    29    30    31   |
'------------------------'    '------------------------'

White's turn to play.
Possible moves :
16x9
21x14

Chosen move : 
16x9
,------------------------,    ,------------------------,
|    b     b     b     b |    |     0     1     2     3|
| b     .     b     b    |    |  4     5     6     7   |
|    .     w     b     b |    |     8     9    10    11|
| .     .     .     .    |    | 12    13    14    15   |
|    .     b     .     w |    |    16    17    18    19|
| w     w     .     w    |    | 20    21    22    23   |
|    w     .     w     . |    |    24    25    26    27|
| w     w     w     w    |    | 28    29    30    31   |
'------------------------'    '------------------------'

Black's turn to play.
Possible moves :
6x13

Chosen move : 
6x13
,------------------------,    ,------------------------,
|    b     b     b     b |    |     0     1     2     3|
| b     .     .     b    |    |  4     5     6     7   |
|    .     .     b     b |    |     8     9    10    11|
| .     b     .     .    |    | 12    13    14    15   |
|    .     b     .     w |    |    16    17    18    19|
| w     w     .     w    |    | 20    21    22    23   |
|    w     .     w     . |    |    24    25    26    27|
| w     w     w     w    |    | 28    29    30    31   |
'------------------------'    '------------------------'

White's turn to play.
Possible moves :
21x14

Chosen move : 
21x14
,------------------------,    ,------------------------,
|    b     b     b     b |    |     0     1     2     3|
| b     .     .     b    |    |  4     5     6     7   |
|    .     .     b     b |    |     8     9    10    11|
| .     b     w     .    |    | 12    13    14    15   |
|    .     .     .     w |    |    16    17    18    19|
| w     .     .     w    |    | 20    21    22    23   |
|    w     .     w     . |    |    24    25    26    27|
| w     w     w     w    |    | 28    29    30    31   |
'------------------------'    '------------------------'

Black's turn to play.
Possible moves :
10x17

Chosen move : 
10x17
,------------------------,    ,------------------------,
|    b     b     b     b |    |     0     1     2     3|
| b     .     .     b    |    |  4     5     6     7   |
|    .     .     .     b |    |     8     9    10    11|
| .     b     .     .    |    | 12    13    14    15   |
|    .     b     .     w |    |    16    17    18    19|
| w     .     .     w    |    | 20    21    22    23   |
|    w     .     w     . |    |    24    25    26    27|
| w     w     w     w    |    | 28    29    30    31   |
'------------------------'    '------------------------'

White's turn to play.
Possible moves :
23-18
31-27
24-21
26-22
29-25
30-25
19-15
20-16

Chosen move : 
23-18
,------------------------,    ,------------------------,
|    b     b     b     b |    |     0     1     2     3|
| b     .     .     b    |    |  4     5     6     7   |
|    .     .     .     b |    |     8     9    10    11|
| .     b     .     .    |    | 12    13    14    15   |
|    .     b     w     w |    |    16    17    18    19|
| w     .     .     .    |    | 20    21    22    23   |
|    w     .     w     . |    |    24    25    26    27|
| w     w     w     w    |    | 28    29    30    31   |
'------------------------'    '------------------------'

Black's turn to play.
Possible moves :
7-10
1-5
1-6
13-16
4-8
0-5
2-6
17-21
11-15
17-22

Chosen move : 
0-5
,------------------------,    ,------------------------,
|    .     b     b     b |    |     0     1     2     3|
| b     b     .     b    |    |  4     5     6     7   |
|    .     .     .     b |    |     8     9    10    11|
| .     b     .     .    |    | 12    13    14    15   |
|    .     b     w     w |    |    16    17    18    19|
| w     .     .     .    |    | 20    21    22    23   |
|    w     .     w     . |    |    24    25    26    27|
| w     w     w     w    |    | 28    29    30    31   |
'------------------------'    '------------------------'

White's turn to play.
Possible moves :
30-25
18-14
20-16
26-22
31-27
29-25
24-21
18-15
26-23
19-15

Chosen move : 
30-25
,------------------------,    ,------------------------,
|    .     b     b     b |    |     0     1     2     3|
| b     b     .     b    |    |  4     5     6     7   |
|    .     .     .     b |    |     8     9    10    11|
| .     b     .     .    |    | 12    13    14    15   |
|    .     b     w     w |    |    16    17    18    19|
| w     .     .     .    |    | 20    21    22    23   |
|    w     w     w     . |    |    24    25    26    27|
| w     w     .     w    |    | 28    29    30    31   |
'------------------------'    '------------------------'

Black's turn to play.
Possible moves :
1-6
7-10
2-6
5-8
11-15
4-8
13-16
17-22
17-21
5-9

Chosen move : 
5-8
,------------------------,    ,------------------------,
|    .     b     b     b |    |     0     1     2     3|
| b     .     .     b    |    |  4     5     6     7   |
|    b     .     .     b |    |     8     9    10    11|
| .     b     .     .    |    | 12    13    14    15   |
|    .     b     w     w |    |    16    17    18    19|
| w     .     .     .    |    | 20    21    22    23   |
|    w     w     w     . |    |    24    25    26    27|
| w     w     .     w    |    | 28    29    30    31   |
'------------------------'    '------------------------'

White's turn to play.
Possible moves :
18-14
25-21
18-15
24-21
26-22
19-15
25-22
20-16
31-27
26-23

Chosen move : 
25-21
,------------------------,    ,------------------------,
|    .     b     b     b |    |     0     1     2     3|
| b     .     .     b    |    |  4     5     6     7   |
|    b     .     .     b |    |     8     9    10    11|
| .     b     .     .    |    | 12    13    14    15   |
|    .     b     w     w |    |    16    17    18    19|
| w     w     .     .    |    | 20    21    22    23   |
|    w     .     w     . |    |    24    25    26    27|
| w     w     .     w    |    | 28    29    30    31   |
'------------------------'    '------------------------'

Black's turn to play.
Possible moves :
2-6
7-10
11-15
13-16
1-5
17-22
1-6
8-12

Chosen move : 
8-12
,------------------------,    ,------------------------,
|    .     b     b     b |    |     0     1     2     3|
| b     .     .     b    |    |  4     5     6     7   |
|    .     .     .     b |    |     8     9    10    11|
| b     b     .     .    |    | 12    13    14    15   |
|    .     b     w     w |    |    16    17    18    19|
| w     w     .     .    |    | 20    21    22    23   |
|    w     .     w     . |    |    24    25    26    27|
| w     w     .     w    |    | 28    29    30    31   |
'------------------------'    '------------------------'

White's turn to play.
Possible moves :
21x14

Chosen move : 
21x14
,------------------------,    ,------------------------,
|    .     b     b     b |    |     0     1     2     3|
| b     .     .     b    |    |  4     5     6     7   |
|    .     .     .     b |    |     8     9    10    11|
| b     b     w     .    |    | 12    13    14    15   |
|    .     .     w     w |    |    16    17    18    19|
| w     .     .     .    |    | 20    21    22    23   |
|    w     .     w     . |    |    24    25    26    27|
| w     w     .     w    |    | 28    29    30    31   |
'------------------------'    '------------------------'

Black's turn to play.
Possible moves :
1-5
13-16
7-10
4-8
1-6
13-17
12-16
11-15
2-6

Chosen move : 
11-15
,------------------------,    ,------------------------,
|    .     b     b     b |    |     0     1     2     3|
| b     .     .     b    |    |  4     5     6     7   |
|    .     .     .     . |    |     8     9    10    11|
| b     b     w     b    |    | 12    13    14    15   |
|    .     .     w     w |    |    16    17    18    19|
| w     .     .     .    |    | 20    21    22    23   |
|    w     .     w     . |    |    24    25    26    27|
| w     w     .     w    |    | 28    29    30    31   |
'------------------------'    '------------------------'

White's turn to play.
Possible moves :
19x10
18x11

Chosen move : 
19x10
,------------------------,    ,------------------------,
|    .     b     b     b |    |     0     1     2     3|
| b     .     .     b    |    |  4     5     6     7   |
|    .     .     w     . |    |     8     9    10    11|
| b     b     w     .    |    | 12    13    14    15   |
|    .     .     w     . |    |    16    17    18    19|
| w     .     .     .    |    | 20    21    22    23   |
|    w     .     w     . |    |    24    25    26    27|
| w     w     .     w    |    | 28    29    30    31   |
'------------------------'    '------------------------'

Black's turn to play.
Possible moves :
4-8
13-17
2-6
12-16
1-6
7-11
1-5
13-16

Chosen move : 
2-6
,------------------------,    ,------------------------,
|    .     b     .     b |    |     0     1     2     3|
| b     .     b     b    |    |  4     5     6     7   |
|    .     .     w     . |    |     8     9    10    11|
| b     b     w     .    |    | 12    13    14    15   |
|    .     .     w     . |    |    16    17    18    19|
| w     .     .     .    |    | 20    21    22    23   |
|    w     .     w     . |    |    24    25    26    27|
| w     w     .     w    |    | 28    29    30    31   |
'------------------------'    '------------------------'

White's turn to play.
Possible moves :
31-27
20-16
29-25
18-15
26-23
14-9
24-21
26-22

Chosen move : 
18-15
,------------------------,    ,------------------------,
|    .     b     .     b |    |     0     1     2     3|
| b     .     b     b    |    |  4     5     6     7   |
|    .     .     w     . |    |     8     9    10    11|
| b     b     w     w    |    | 12    13    14    15   |
|    .     .     .     . |    |    16    17    18    19|
| w     .     .     .    |    | 20    21    22    23   |
|    w     .     w     . |    |    24    25    26    27|
| w     w     .     w    |    | 28    29    30    31   |
'------------------------'    '------------------------'

Black's turn to play.
Possible moves :
13-16
13-17
1-5
12-16
4-8
7-11
6-9

Chosen move : 
13-16
,------------------------,    ,------------------------,
|    .     b     .     b |    |     0     1     2     3|
| b     .     b     b    |    |  4     5     6     7   |
|    .     .     w     . |    |     8     9    10    11|
| b     .     w     w    |    | 12    13    14    15   |
|    b     .     .     . |    |    16    17    18    19|
| w     .     .     .    |    | 20    21    22    23   |
|    w     .     w     . |    |    24    25    26    27|
| w     w     .     w    |    | 28    29    30    31   |
'------------------------'    '------------------------'

White's turn to play.
Possible moves :
20x13

Chosen move : 
20x13
,------------------------,    ,------------------------,
|    .     b     .     b |    |     0     1     2     3|
| b     .     b     b    |    |  4     5     6     7   |
|    .     .     w     . |    |     8     9    10    11|
| b     w     w     w    |    | 12    13    14    15   |
|    .     .     .     . |    |    16    17    18    19|
| .     .     .     .    |    | 20    21    22    23   |
|    w     .     w     . |    |    24    25    26    27|
| w     w     .     w    |    | 28    29    30    31   |
'------------------------'    '------------------------'

Black's turn to play.
Possible moves :
1-5
7-11
4-8
12-16
6-9

Chosen move : 
6-9
,------------------------,    ,------------------------,
|    .     b     .     b |    |     0     1     2     3|
| b     .     .     b    |    |  4     5     6     7   |
|    .     b     w     . |    |     8     9    10    11|
| b     w     w     w    |    | 12    13    14    15   |
|    .     .     .     . |    |    16    17    18    19|
| .     .     .     .    |    | 20    21    22    23   |
|    w     .     w     . |    |    24    25    26    27|
| w     w     .     w    |    | 28    29    30    31   |
'------------------------'    '------------------------'

White's turn to play.
Possible moves :
13x6
14x5

Chosen move : 
13x6
,------------------------,    ,------------------------,
|    .     b     .     b |    |     0     1     2     3|
| b     .     w     b    |    |  4     5     6     7   |
|    .     .     w     . |    |     8     9    10    11|
| b     .     w     w    |    | 12    13    14    15   |
|    .     .     .     . |    |    16    17    18    19|
| .     .     .     .    |    | 20    21    22    23   |
|    w     .     w     . |    |    24    25    26    27|
| w     w     .     w    |    | 28    29    30    31   |
'------------------------'    '------------------------'

Black's turn to play.
Possible moves :
4-8
12-16
1-5
7-11

Chosen move : 
4-8
,------------------------,    ,------------------------,
|    .     b     .     b |    |     0     1     2     3|
| .     .     w     b    |    |  4     5     6     7   |
|    b     .     w     . |    |     8     9    10    11|
| b     .     w     w    |    | 12    13    14    15   |
|    .     .     .     . |    |    16    17    18    19|
| .     .     .     .    |    | 20    21    22    23   |
|    w     .     w     . |    |    24    25    26    27|
| w     w     .     w    |    | 28    29    30    31   |
'------------------------'    '------------------------'

White's turn to play.
Possible moves :
14-9
26-22
24-20
26-23
15-11
31-27
29-25
6-2
24-21

Chosen move : 
26-22
,------------------------,    ,------------------------,
|    .     b     .     b |    |     0     1     2     3|
| .     .     w     b    |    |  4     5     6     7   |
|    b     .     w     . |    |     8     9    10    11|
| b     .     w     w    |    | 12    13    14    15   |
|    .     .     .     . |    |    16    17    18    19|
| .     .     w     .    |    | 20    21    22    23   |
|    w     .     .     . |    |    24    25    26    27|
| w     w     .     w    |    | 28    29    30    31   |
'------------------------'    '------------------------'

Black's turn to play.
Possible moves :
7-11
8-13
12-16
1-5

Chosen move : 
12-16
,------------------------,    ,------------------------,
|    .     b     .     b |    |     0     1     2     3|
| .     .     w     b    |    |  4     5     6     7   |
|    b     .     w     . |    |     8     9    10    11|
| .     .     w     w    |    | 12    13    14    15   |
|    b     .     .     . |    |    16    17    18    19|
| .     .     w     .    |    | 20    21    22    23   |
|    w     .     .     . |    |    24    25    26    27|
| w     w     .     w    |    | 28    29    30    31   |
'------------------------'    '------------------------'

White's turn to play.
Possible moves :
31-27
14-9
24-21
24-20
15-11
29-25
31-26
22-18
22-17
6-2

Chosen move : 
31-27
,------------------------,    ,------------------------,
|    .     b     .     b |    |     0     1     2     3|
| .     .     w     b    |    |  4     5     6     7   |
|    b     .     w     . |    |     8     9    10    11|
| .     .     w     w    |    | 12    13    14    15   |
|    b     .     .     . |    |    16    17    18    19|
| .     .     w     .    |    | 20    21    22    23   |
|    w     .     .     w |    |    24    25    26    27|
| w     w     .     .    |    | 28    29    30    31   |
'------------------------'    '------------------------'

Black's turn to play.
Possible moves :
16-21
8-13
7-11
8-12
1-5
16-20

Chosen move : 
7-11
,------------------------,    ,------------------------,
|    .     b     .     b |    |     0     1     2     3|
| .     .     w     .    |    |  4     5     6     7   |
|    b     .     w     b |    |     8     9    10    11|
| .     .     w     w    |    | 12    13    14    15   |
|    b     .     .     . |    |    16    17    18    19|
| .     .     w     .    |    | 20    21    22    23   |
|    w     .     .     w |    |    24    25    26    27|
| w     w     .     .    |    | 28    29    30    31   |
'------------------------'    '------------------------'

White's turn to play.
Possible moves :
22-18
24-20
14-9
24-21
6-2
10-7
29-25
22-17
27-23

Chosen move : 
22-18
,------------------------,    ,------------------------,
|    .     b     .     b |    |     0     1     2     3|
| .     .     w     .    |    |  4     5     6     7   |
|    b     .     w     b |    |     8     9    10    11|
| .     .     w     w    |    | 12    13    14    15   |
|    b     .     w     . |    |    16    17    18    19|
| .     .     .     .    |    | 20    21    22    23   |
|    w     .     .     w |    |    24    25    26    27|
| w     w     .     .    |    | 28    29    30    31   |
'------------------------'    '------------------------'

Black's turn to play.
Possible moves :
1-5
16-20
8-12
8-13
16-21
3-7

Chosen move : 
16-20
,------------------------,    ,------------------------,
|    .     b     .     b |    |     0     1     2     3|
| .     .     w     .    |    |  4     5     6     7   |
|    b     .     w     b |    |     8     9    10    11|
| .     .     w     w    |    | 12    13    14    15   |
|    .     .     w     . |    |    16    17    18    19|
| b     .     .     .    |    | 20    21    22    23   |
|    w     .     .     w |    |    24    25    26    27|
| w     w     .     .    |    | 28    29    30    31   |
'------------------------'    '------------------------'

White's turn to play.
Possible moves :
27-23
6-2
24-21
10-7
14-9
29-25

Chosen move : 
27-23
,------------------------,    ,------------------------,
|    .     b     .     b |    |     0     1     2     3|
| .     .     w     .    |    |  4     5     6     7   |
|    b     .     w     b |    |     8     9    10    11|
| .     .     w     w    |    | 12    13    14    15   |
|    .     .     w     . |    |    16    17    18    19|
| b     .     .     w    |    | 20    21    22    23   |
|    w     .     .     . |    |    24    25    26    27|
| w     w     .     .    |    | 28    29    30    31   |
'------------------------'    '------------------------'

Black's turn to play.
Possible moves :
3-7
8-12
1-5
8-13

Chosen move : 
8-12
,------------------------,    ,------------------------,
|    .     b     .     b |    |     0     1     2     3|
| .     .     w     .    |    |  4     5     6     7   |
|    .     .     w     b |    |     8     9    10    11|
| b     .     w     w    |    | 12    13    14    15   |
|    .     .     w     . |    |    16    17    18    19|
| b     .     .     w    |    | 20    21    22    23   |
|    w     .     .     . |    |    24    25    26    27|
| w     w     .     .    |    | 28    29    30    31   |
'------------------------'    '------------------------'

White's turn to play.
Possible moves :
10-7
29-25
6-2
14-9
23-19
24-21

Chosen move : 
6-2
,------------------------,    ,------------------------,
|    .     b     W     b |    |     0     1     2     3|
| .     .     .     .    |    |  4     5     6     7   |
|    .     .     w     b |    |     8     9    10    11|
| b     .     w     w    |    | 12    13    14    15   |
|    .     .     w     . |    |    16    17    18    19|
| b     .     .     w    |    | 20    21    22    23   |
|    w     .     .     . |    |    24    25    26    27|
| w     w     .     .    |    | 28    29    30    31   |
'------------------------'    '------------------------'

Black's turn to play.
Possible moves :
1-5
3-7
12-16
1-6

Chosen move : 
1-5
,------------------------,    ,------------------------,
|    .     .     W     b |    |     0     1     2     3|
| .     b     .     .    |    |  4     5     6     7   |
|    .     .     w     b |    |     8     9    10    11|
| b     .     w     w    |    | 12    13    14    15   |
|    .     .     w     . |    |    16    17    18    19|
| b     .     .     w    |    | 20    21    22    23   |
|    w     .     .     . |    |    24    25    26    27|
| w     w     .     .    |    | 28    29    30    31   |
'------------------------'    '------------------------'

White's turn to play.
Possible moves :
2-6
10-7
10-6
23-19
14-9
24-21
2-7
29-25

Chosen move : 
2-6
,------------------------,    ,------------------------,
|    .     .     .     b |    |     0     1     2     3|
| .     b     W     .    |    |  4     5     6     7   |
|    .     .     w     b |    |     8     9    10    11|
| b     .     w     w    |    | 12    13    14    15   |
|    .     .     w     . |    |    16    17    18    19|
| b     .     .     w    |    | 20    21    22    23   |
|    w     .     .     . |    |    24    25    26    27|
| w     w     .     .    |    | 28    29    30    31   |
'------------------------'    '------------------------'

Black's turn to play.
Possible moves :
5-9
3-7
5-8
12-16

Chosen move : 
3-7
,------------------------,    ,------------------------,
|    .     .     .     . |    |     0     1     2     3|
| .     b     W     b    |    |  4     5     6     7   |
|    .     .     w     b |    |     8     9    10    11|
| b     .     w     w    |    | 12    13    14    15   |
|    .     .     w     . |    |    16    17    18    19|
| b     .     .     w    |    | 20    21    22    23   |
|    w     .     .     . |    |    24    25    26    27|
| w     w     .     .    |    | 28    29    30    31   |
'------------------------'    '------------------------'

White's turn to play.
Possible moves :
10x3

Chosen move : 
10x3
,------------------------,    ,------------------------,
|    .     .     .     W |    |     0     1     2     3|
| .     b     W     .    |    |  4     5     6     7   |
|    .     .     .     b |    |     8     9    10    11|
| b     .     w     w    |    | 12    13    14    15   |
|    .     .     w     . |    |    16    17    18    19|
| b     .     .     w    |    | 20    21    22    23   |
|    w     .     .     . |    |    24    25    26    27|
| w     w     .     .    |    | 28    29    30    31   |
'------------------------'    '------------------------'

Black's turn to play.
Possible moves :
5-8
12-16
5-9

Chosen move : 
5-8
,------------------------,    ,------------------------,
|    .     .     .     W |    |     0     1     2     3|
| .     .     W     .    |    |  4     5     6     7   |
|    b     .     .     b |    |     8     9    10    11|
| b     .     w     w    |    | 12    13    14    15   |
|    .     .     w     . |    |    16    17    18    19|
| b     .     .     w    |    | 20    21    22    23   |
|    w     .     .     . |    |    24    25    26    27|
| w     w     .     .    |    | 28    29    30    31   |
'------------------------'    '------------------------'

White's turn to play.
Possible moves :
3-7
14-9
29-25
23-19
14-10
6-1
15-10
6-10
6-9
6-2
24-21

Chosen move : 
14-9
,------------------------,    ,------------------------,
|    .     .     .     W |    |     0     1     2     3|
| .     .     W     .    |    |  4     5     6     7   |
|    b     w     .     b |    |     8     9    10    11|
| b     .     .     w    |    | 12    13    14    15   |
|    .     .     w     . |    |    16    17    18    19|
| b     .     .     w    |    | 20    21    22    23   |
|    w     .     .     . |    |    24    25    26    27|
| w     w     .     .    |    | 28    29    30    31   |
'------------------------'    '------------------------'

Black's turn to play.
Possible moves :
8-13
12-16

Chosen move : 
8-13
,------------------------,    ,------------------------,
|    .     .     .     W |    |     0     1     2     3|
| .     .     W     .    |    |  4     5     6     7   |
|    .     w     .     b |    |     8     9    10    11|
| b     b     .     w    |    | 12    13    14    15   |
|    .     .     w     . |    |    16    17    18    19|
| b     .     .     w    |    | 20    21    22    23   |
|    w     .     .     . |    |    24    25    26    27|
| w     w     .     .    |    | 28    29    30    31   |
'------------------------'    '------------------------'

White's turn to play.
Possible moves :
9x16

Chosen move : 
9x16
,------------------------,    ,------------------------,
|    .     .     .     W |    |     0     1     2     3|
| .     .     W     .    |    |  4     5     6     7   |
|    .     .     .     b |    |     8     9    10    11|
| b     .     .     w    |    | 12    13    14    15   |
|    w     .     w     . |    |    16    17    18    19|
| b     .     .     w    |    | 20    21    22    23   |
|    w     .     .     . |    |    24    25    26    27|
| w     w     .     .    |    | 28    29    30    31   |
'------------------------'    '------------------------'

Black's turn to play.
Possible moves :
12x21
20x13

Chosen move : 
20x13
,------------------------,    ,------------------------,
|    .     .     .     W |    |     0     1     2     3|
| .     .     W     .    |    |  4     5     6     7   |
|    .     .     .     b |    |     8     9    10    11|
| b     b     .     w    |    | 12    13    14    15   |
|    .     .     w     . |    |    16    17    18    19|
| .     .     .     w    |    | 20    21    22    23   |
|    w     .     .     . |    |    24    25    26    27|
| w     w     .     .    |    | 28    29    30    31   |
'------------------------'    '------------------------'

White's turn to play.
Possible moves :
29-25
15-10
24-21
23-19
6-10
6-9
6-2
3-7
24-20
6-1
18-14

Chosen move : 
29-25
,------------------------,    ,------------------------,
|    .     .     .     W |    |     0     1     2     3|
| .     .     W     .    |    |  4     5     6     7   |
|    .     .     .     b |    |     8     9    10    11|
| b     b     .     w    |    | 12    13    14    15   |
|    .     .     w     . |    |    16    17    18    19|
| .     .     .     w    |    | 20    21    22    23   |
|    w     w     .     . |    |    24    25    26    27|
| w     .     .     .    |    | 28    29    30    31   |
'------------------------'    '------------------------'

Black's turn to play.
Possible moves :
13-17
12-16
13-16

Chosen move : 
13-17
,------------------------,    ,------------------------,
|    .     .     .     W |    |     0     1     2     3|
| .     .     W     .    |    |  4     5     6     7   |
|    .     .     .     b |    |     8     9    10    11|
| b     .     .     w    |    | 12    13    14    15   |
|    .     b     w     . |    |    16    17    18    19|
| .     .     .     w    |    | 20    21    22    23   |
|    w     w     .     . |    |    24    25    26    27|
| w     .     .     .    |    | 28    29    30    31   |
'------------------------'    '------------------------'

White's turn to play.
Possible moves :
3-7
6-1
18-14
6-2
25-21
23-19
24-21
6-10
6-9
24-20
15-10
25-22

Chosen move : 
6-1
,------------------------,    ,------------------------,
|    .     W     .     W |    |     0     1     2     3|
| .     .     .     .    |    |  4     5     6     7   |
|    .     .     .     b |    |     8     9    10    11|
| b     .     .     w    |    | 12    13    14    15   |
|    .     b     w     . |    |    16    17    18    19|
| .     .     .     w    |    | 20    21    22    23   |
|    w     w     .     . |    |    24    25    26    27|
| w     .     .     .    |    | 28    29    30    31   |
'------------------------'    '------------------------'

Black's turn to play.
Possible moves :
12-16
17-21
17-22

Chosen move : 
12-16
,------------------------,    ,------------------------,
|    .     W     .     W |    |     0     1     2     3|
| .     .     .     .    |    |  4     5     6     7   |
|    .     .     .     b |    |     8     9    10    11|
| .     .     .     w    |    | 12    13    14    15   |
|    b     b     w     . |    |    16    17    18    19|
| .     .     .     w    |    | 20    21    22    23   |
|    w     w     .     . |    |    24    25    26    27|
| w     .     .     .    |    | 28    29    30    31   |
'------------------------'    '------------------------'

White's turn to play.
Possible moves :
23-19
1-6
24-20
3-7
24-21
18-14
1-5
25-21
25-22
15-10

Chosen move : 
23-19
,------------------------,    ,------------------------,
|    .     W     .     W |    |     0     1     2     3|
| .     .     .     .    |    |  4     5     6     7   |
|    .     .     .     b |    |     8     9    10    11|
| .     .     .     w    |    | 12    13    14    15   |
|    b     b     w     w |    |    16    17    18    19|
| .     .     .     .    |    | 20    21    22    23   |
|    w     w     .     . |    |    24    25    26    27|
| w     .     .     .    |    | 28    29    30    31   |
'------------------------'    '------------------------'

Black's turn to play.
Possible moves :
17-22
16-20
17-21
16-21

Chosen move : 
17-21
,------------------------,    ,------------------------,
|    .     W     .     W |    |     0     1     2     3|
| .     .     .     .    |    |  4     5     6     7   |
|    .     .     .     b |    |     8     9    10    11|
| .     .     .     w    |    | 12    13    14    15   |
|    b     .     w     w |    |    16    17    18    19|
| .     b     .     .    |    | 20    21    22    23   |
|    w     w     .     . |    |    24    25    26    27|
| w     .     .     .    |    | 28    29    30    31   |
'------------------------'    '------------------------'

White's turn to play.
Possible moves :
24x17

Chosen move : 
24x17
,------------------------,    ,------------------------,
|    .     W     .     W |    |     0     1     2     3|
| .     .     .     .    |    |  4     5     6     7   |
|    .     .     .     b |    |     8     9    10    11|
| .     .     .     w    |    | 12    13    14    15   |
|    b     w     w     w |    |    16    17    18    19|
| .     .     .     .    |    | 20    21    22    23   |
|    .     w     .     . |    |    24    25    26    27|
| w     .     .     .    |    | 28    29    30    31   |
'------------------------'    '------------------------'

Black's turn to play.
Possible moves :
16-20
16-21

Chosen move : 
16-20
,------------------------,    ,------------------------,
|    .     W     .     W |    |     0     1     2     3|
| .     .     .     .    |    |  4     5     6     7   |
|    .     .     .     b |    |     8     9    10    11|
| .     .     .     w    |    | 12    13    14    15   |
|    .     w     w     w |    |    16    17    18    19|
| b     .     .     .    |    | 20    21    22    23   |
|    .     w     .     . |    |    24    25    26    27|
| w     .     .     .    |    | 28    29    30    31   |
'------------------------'    '------------------------'

White's turn to play.
Possible moves :
15-10
1-5
17-14
25-21
28-24
1-6
18-14
25-22
3-7
17-13

Chosen move : 
15-10
,------------------------,    ,------------------------,
|    .     W     .     W |    |     0     1     2     3|
| .     .     .     .    |    |  4     5     6     7   |
|    .     .     w     b |    |     8     9    10    11|
| .     .     .     .    |    | 12    13    14    15   |
|    .     w     w     w |    |    16    17    18    19|
| b     .     .     .    |    | 20    21    22    23   |
|    .     w     .     . |    |    24    25    26    27|
| w     .     .     .    |    | 28    29    30    31   |
'------------------------'    '------------------------'

Black's turn to play.
Possible moves :
11-15
20-24

Chosen move : 
20-24
,------------------------,    ,------------------------,
|    .     W     .     W |    |     0     1     2     3|
| .     .     .     .    |    |  4     5     6     7   |
|    .     .     w     b |    |     8     9    10    11|
| .     .     .     .    |    | 12    13    14    15   |
|    .     w     w     w |    |    16    17    18    19|
| .     .     .     .    |    | 20    21    22    23   |
|    b     w     .     . |    |    24    25    26    27|
| w     .     .     .    |    | 28    29    30    31   |
'------------------------'    '------------------------'

White's turn to play.
Possible moves :
28x21

Chosen move : 
28x21
,------------------------,    ,------------------------,
|    .     W     .     W |    |     0     1     2     3|
| .     .     .     .    |    |  4     5     6     7   |
|    .     .     w     b |    |     8     9    10    11|
| .     .     .     .    |    | 12    13    14    15   |
|    .     w     w     w |    |    16    17    18    19|
| .     w     .     .    |    | 20    21    22    23   |
|    .     w     .     . |    |    24    25    26    27|
| .     .     .     .    |    | 28    29    30    31   |
'------------------------'    '------------------------'

Black's turn to play.
Possible moves :
11-15

Chosen move : 
11-15
,------------------------,    ,------------------------,
|    .     W     .     W |    |     0     1     2     3|
| .     .     .     .    |    |  4     5     6     7   |
|    .     .     w     . |    |     8     9    10    11|
| .     .     .     b    |    | 12    13    14    15   |
|    .     w     w     w |    |    16    17    18    19|
| .     w     .     .    |    | 20    21    22    23   |
|    .     w     .     . |    |    24    25    26    27|
| .     .     .     .    |    | 28    29    30    31   |
'------------------------'    '------------------------'

White's turn to play.
Possible moves :
18x11

Chosen move : 
18x11
,------------------------,    ,------------------------,
|    .     W     .     W |    |     0     1     2     3|
| .     .     .     .    |    |  4     5     6     7   |
|    .     .     w     w |    |     8     9    10    11|
| .     .     .     .    |    | 12    13    14    15   |
|    .     w     .     w |    |    16    17    18    19|
| .     w     .     .    |    | 20    21    22    23   |
|    .     w     .     . |    |    24    25    26    27|
| .     .     .     .    |    | 28    29    30    31   |
'------------------------'    '------------------------'

Black's turn to play.
End of Game !

#PDN#
[Event "IN104 CS Project"]
[Site "ENSTA ParisTech, Palaiseau, FRA"]
[GameType “21,W,8,8,N2,0”] {Whites begin}
[Date "Sat Apr  2 15:25:16 2016"]
[Round "?"]
[White "Master minmax"]
[WhiteType "Program"]
[Black "Random Guesser"]
[BlackType "Program"]
[Result "1-0"] {White (Master minmax) wins}
[WhiteTime "1.2853209972381592"]
[BlackTime "0.0287935733795166"]

1.23-19 9-14 2.21-16 14-17 3.22x13 8x17 4.27-23 5-8 5.25-21 8-13 6.16x9 6x13 7.21x14 10x17 8.23-18 0-5 9.30-25 5-8 10.25-21 8-12 11.21x14 11-15 12.19x10 2-6 13.18-15 13-16 14.20x13 6-9 15.13x6 4-8 16.26-22 12-16 17.31-27 7-11 18.22-18 16-20 19.27-23 8-12 20.6-2 1-5 21.2-6 3-7 22.10x3 5-8 23.14-9 8-13 24.9x16 20x13 25.29-25 13-17 26.6-1 12-16 27.23-19 17-21 28.24x17 16-20 29.15-10 20-24 30.28x21 11-15 31.18x11  1-0 *
