Beginning of the game
,------------------------,    ,------------------------,
|    b     b     b     b |    |     0     1     2     3|
| b     b     b     b    |    |  4     5     6     7   |
|    b     b     b     b |    |     8     9    10    11|
| .     .     .     .    |    | 12    13    14    15   |
|    .     .     .     . |    |    16    17    18    19|
| w     w     w     w    |    | 20    21    22    23   |
|    w     w     w     w |    |    24    25    26    27|
| w     w     w     w    |    | 28    29    30    31   |
'------------------------'    '------------------------'

White's turn to play.
Possible moves :
21-16
23-19
21-17
22-18
22-17
23-18
20-16

Chosen move : 
21-16
,------------------------,    ,------------------------,
|    b     b     b     b |    |     0     1     2     3|
| b     b     b     b    |    |  4     5     6     7   |
|    b     b     b     b |    |     8     9    10    11|
| .     .     .     .    |    | 12    13    14    15   |
|    w     .     .     . |    |    16    17    18    19|
| w     .     w     w    |    | 20    21    22    23   |
|    w     w     w     w |    |    24    25    26    27|
| w     w     w     w    |    | 28    29    30    31   |
'------------------------'    '------------------------'

Black's turn to play.
Possible moves :
8-13
9-14
11-15
9-13
8-12
10-14
10-15

Chosen move : 
11-15
,------------------------,    ,------------------------,
|    b     b     b     b |    |     0     1     2     3|
| b     b     b     b    |    |  4     5     6     7   |
|    b     b     b     . |    |     8     9    10    11|
| .     .     .     b    |    | 12    13    14    15   |
|    w     .     .     . |    |    16    17    18    19|
| w     .     w     w    |    | 20    21    22    23   |
|    w     w     w     w |    |    24    25    26    27|
| w     w     w     w    |    | 28    29    30    31   |
'------------------------'    '------------------------'

White's turn to play.
Possible moves :
24-21
22-18
23-18
25-21
23-19
16-13
16-12
22-17

Chosen move : 
24-21
,------------------------,    ,------------------------,
|    b     b     b     b |    |     0     1     2     3|
| b     b     b     b    |    |  4     5     6     7   |
|    b     b     b     . |    |     8     9    10    11|
| .     .     .     b    |    | 12    13    14    15   |
|    w     .     .     . |    |    16    17    18    19|
| w     w     w     w    |    | 20    21    22    23   |
|    .     w     w     w |    |    24    25    26    27|
| w     w     w     w    |    | 28    29    30    31   |
'------------------------'    '------------------------'

Black's turn to play.
Possible moves :
10-14
9-14
15-18
8-13
15-19
9-13
8-12
7-11

Chosen move : 
8-13
,------------------------,    ,------------------------,
|    b     b     b     b |    |     0     1     2     3|
| b     b     b     b    |    |  4     5     6     7   |
|    .     b     b     . |    |     8     9    10    11|
| .     b     .     b    |    | 12    13    14    15   |
|    w     .     .     . |    |    16    17    18    19|
| w     w     w     w    |    | 20    21    22    23   |
|    .     w     w     w |    |    24    25    26    27|
| w     w     w     w    |    | 28    29    30    31   |
'------------------------'    '------------------------'

White's turn to play.
Possible moves :
28-24
23-18
29-24
21-17
23-19
22-17
22-18
16-12

Chosen move : 
28-24
,------------------------,    ,------------------------,
|    b     b     b     b |    |     0     1     2     3|
| b     b     b     b    |    |  4     5     6     7   |
|    .     b     b     . |    |     8     9    10    11|
| .     b     .     b    |    | 12    13    14    15   |
|    w     .     .     . |    |    16    17    18    19|
| w     w     w     w    |    | 20    21    22    23   |
|    w     w     w     w |    |    24    25    26    27|
| .     w     w     w    |    | 28    29    30    31   |
'------------------------'    '------------------------'

Black's turn to play.
Possible moves :
7-11
10-14
13-17
5-8
9-14
4-8
15-18
15-19

Chosen move : 
5-8
,------------------------,    ,------------------------,
|    b     b     b     b |    |     0     1     2     3|
| b     .     b     b    |    |  4     5     6     7   |
|    b     b     b     . |    |     8     9    10    11|
| .     b     .     b    |    | 12    13    14    15   |
|    w     .     .     . |    |    16    17    18    19|
| w     w     w     w    |    | 20    21    22    23   |
|    w     w     w     w |    |    24    25    26    27|
| .     w     w     w    |    | 28    29    30    31   |
'------------------------'    '------------------------'

White's turn to play.
Possible moves :
22-18
22-17
23-18
23-19
21-17
16-12

Chosen move : 
23-18
,------------------------,    ,------------------------,
|    b     b     b     b |    |     0     1     2     3|
| b     .     b     b    |    |  4     5     6     7   |
|    b     b     b     . |    |     8     9    10    11|
| .     b     .     b    |    | 12    13    14    15   |
|    w     .     w     . |    |    16    17    18    19|
| w     w     w     .    |    | 20    21    22    23   |
|    w     w     w     w |    |    24    25    26    27|
| .     w     w     w    |    | 28    29    30    31   |
'------------------------'    '------------------------'

Black's turn to play.
Possible moves :
13-17
1-5
15-19
8-12
10-14
9-14
7-11
0-5

Chosen move : 
0-5
,------------------------,    ,------------------------,
|    .     b     b     b |    |     0     1     2     3|
| b     b     b     b    |    |  4     5     6     7   |
|    b     b     b     . |    |     8     9    10    11|
| .     b     .     b    |    | 12    13    14    15   |
|    w     .     w     . |    |    16    17    18    19|
| w     w     w     .    |    | 20    21    22    23   |
|    w     w     w     w |    |    24    25    26    27|
| .     w     w     w    |    | 28    29    30    31   |
'------------------------'    '------------------------'

White's turn to play.
Possible moves :
18x11

Chosen move : 
18x11
,------------------------,    ,------------------------,
|    .     b     b     b |    |     0     1     2     3|
| b     b     b     b    |    |  4     5     6     7   |
|    b     b     b     w |    |     8     9    10    11|
| .     b     .     .    |    | 12    13    14    15   |
|    w     .     .     . |    |    16    17    18    19|
| w     w     w     .    |    | 20    21    22    23   |
|    w     w     w     w |    |    24    25    26    27|
| .     w     w     w    |    | 28    29    30    31   |
'------------------------'    '------------------------'

Black's turn to play.
Possible moves :
8-12
10-14
13-17
10-15
9-14

Chosen move : 
8-12
,------------------------,    ,------------------------,
|    .     b     b     b |    |     0     1     2     3|
| b     b     b     b    |    |  4     5     6     7   |
|    .     b     b     w |    |     8     9    10    11|
| b     b     .     .    |    | 12    13    14    15   |
|    w     .     .     . |    |    16    17    18    19|
| w     w     w     .    |    | 20    21    22    23   |
|    w     w     w     w |    |    24    25    26    27|
| .     w     w     w    |    | 28    29    30    31   |
'------------------------'    '------------------------'

White's turn to play.
Possible moves :
27-23
22-18
22-17
26-23
21-17

Chosen move : 
27-23
,------------------------,    ,------------------------,
|    .     b     b     b |    |     0     1     2     3|
| b     b     b     b    |    |  4     5     6     7   |
|    .     b     b     w |    |     8     9    10    11|
| b     b     .     .    |    | 12    13    14    15   |
|    w     .     .     . |    |    16    17    18    19|
| w     w     w     w    |    | 20    21    22    23   |
|    w     w     w     . |    |    24    25    26    27|
| .     w     w     w    |    | 28    29    30    31   |
'------------------------'    '------------------------'

Black's turn to play.
Possible moves :
10-15
10-14
13-17
4-8
9-14
5-8

Chosen move : 
10-15
,------------------------,    ,------------------------,
|    .     b     b     b |    |     0     1     2     3|
| b     b     b     b    |    |  4     5     6     7   |
|    .     b     .     w |    |     8     9    10    11|
| b     b     .     b    |    | 12    13    14    15   |
|    w     .     .     . |    |    16    17    18    19|
| w     w     w     w    |    | 20    21    22    23   |
|    w     w     w     . |    |    24    25    26    27|
| .     w     w     w    |    | 28    29    30    31   |
'------------------------'    '------------------------'

White's turn to play.
Possible moves :
11x18

Chosen move : 
11x18
,------------------------,    ,------------------------,
|    .     b     b     b |    |     0     1     2     3|
| b     b     b     b    |    |  4     5     6     7   |
|    .     b     .     . |    |     8     9    10    11|
| b     b     .     .    |    | 12    13    14    15   |
|    w     .     w     . |    |    16    17    18    19|
| w     w     w     w    |    | 20    21    22    23   |
|    w     w     w     . |    |    24    25    26    27|
| .     w     w     w    |    | 28    29    30    31   |
'------------------------'    '------------------------'

Black's turn to play.
Possible moves :
5-8
6-10
9-14
13-17
7-10
4-8
7-11

Chosen move : 
4-8
,------------------------,    ,------------------------,
|    .     b     b     b |    |     0     1     2     3|
| .     b     b     b    |    |  4     5     6     7   |
|    b     b     .     . |    |     8     9    10    11|
| b     b     .     .    |    | 12    13    14    15   |
|    w     .     w     . |    |    16    17    18    19|
| w     w     w     w    |    | 20    21    22    23   |
|    w     w     w     . |    |    24    25    26    27|
| .     w     w     w    |    | 28    29    30    31   |
'------------------------'    '------------------------'

White's turn to play.
Possible moves :
21-17
18-15
18-14
22-17
31-27
23-19

Chosen move : 
18-15
,------------------------,    ,------------------------,
|    .     b     b     b |    |     0     1     2     3|
| .     b     b     b    |    |  4     5     6     7   |
|    b     b     .     . |    |     8     9    10    11|
| b     b     .     w    |    | 12    13    14    15   |
|    w     .     .     . |    |    16    17    18    19|
| w     w     w     w    |    | 20    21    22    23   |
|    w     w     w     . |    |    24    25    26    27|
| .     w     w     w    |    | 28    29    30    31   |
'------------------------'    '------------------------'

Black's turn to play.
Possible moves :
6-10
9-14
7-10
7-11
13-17

Chosen move : 
13-17
,------------------------,    ,------------------------,
|    .     b     b     b |    |     0     1     2     3|
| .     b     b     b    |    |  4     5     6     7   |
|    b     b     .     . |    |     8     9    10    11|
| b     .     .     w    |    | 12    13    14    15   |
|    w     b     .     . |    |    16    17    18    19|
| w     w     w     w    |    | 20    21    22    23   |
|    w     w     w     . |    |    24    25    26    27|
| .     w     w     w    |    | 28    29    30    31   |
'------------------------'    '------------------------'

White's turn to play.
Possible moves :
22x13x4

Chosen move : 
22x13x4
,------------------------,    ,------------------------,
|    .     b     b     b |    |     0     1     2     3|
| w     b     b     b    |    |  4     5     6     7   |
|    .     b     .     . |    |     8     9    10    11|
| b     .     .     w    |    | 12    13    14    15   |
|    w     .     .     . |    |    16    17    18    19|
| w     w     .     w    |    | 20    21    22    23   |
|    w     w     w     . |    |    24    25    26    27|
| .     w     w     w    |    | 28    29    30    31   |
'------------------------'    '------------------------'

Black's turn to play.
Possible moves :
7-11
7-10
6-10
5-8
9-13
9-14

Chosen move : 
5-8
,------------------------,    ,------------------------,
|    .     b     b     b |    |     0     1     2     3|
| w     .     b     b    |    |  4     5     6     7   |
|    b     b     .     . |    |     8     9    10    11|
| b     .     .     w    |    | 12    13    14    15   |
|    w     .     .     . |    |    16    17    18    19|
| w     w     .     w    |    | 20    21    22    23   |
|    w     w     w     . |    |    24    25    26    27|
| .     w     w     w    |    | 28    29    30    31   |
'------------------------'    '------------------------'

White's turn to play.
Possible moves :
4x13

Chosen move : 
4x13
,------------------------,    ,------------------------,
|    .     b     b     b |    |     0     1     2     3|
| .     .     b     b    |    |  4     5     6     7   |
|    .     b     .     . |    |     8     9    10    11|
| b     w     .     w    |    | 12    13    14    15   |
|    w     .     .     . |    |    16    17    18    19|
| w     w     .     w    |    | 20    21    22    23   |
|    w     w     w     . |    |    24    25    26    27|
| .     w     w     w    |    | 28    29    30    31   |
'------------------------'    '------------------------'

Black's turn to play.
Possible moves :
1-5
6-10
9-14
7-11
7-10

Chosen move : 
6-10
,------------------------,    ,------------------------,
|    .     b     b     b |    |     0     1     2     3|
| .     .     .     b    |    |  4     5     6     7   |
|    .     b     b     . |    |     8     9    10    11|
| b     w     .     w    |    | 12    13    14    15   |
|    w     .     .     . |    |    16    17    18    19|
| w     w     .     w    |    | 20    21    22    23   |
|    w     w     w     . |    |    24    25    26    27|
| .     w     w     w    |    | 28    29    30    31   |
'------------------------'    '------------------------'

White's turn to play.
Possible moves :
15x6
13x6

Chosen move : 
15x6
,------------------------,    ,------------------------,
|    .     b     b     b |    |     0     1     2     3|
| .     .     w     b    |    |  4     5     6     7   |
|    .     b     .     . |    |     8     9    10    11|
| b     w     .     .    |    | 12    13    14    15   |
|    w     .     .     . |    |    16    17    18    19|
| w     w     .     w    |    | 20    21    22    23   |
|    w     w     w     . |    |    24    25    26    27|
| .     w     w     w    |    | 28    29    30    31   |
'------------------------'    '------------------------'

Black's turn to play.
Possible moves :
1x10

Chosen move : 
1x10
,------------------------,    ,------------------------,
|    .     .     b     b |    |     0     1     2     3|
| .     .     .     b    |    |  4     5     6     7   |
|    .     b     b     . |    |     8     9    10    11|
| b     w     .     .    |    | 12    13    14    15   |
|    w     .     .     . |    |    16    17    18    19|
| w     w     .     w    |    | 20    21    22    23   |
|    w     w     w     . |    |    24    25    26    27|
| .     w     w     w    |    | 28    29    30    31   |
'------------------------'    '------------------------'

White's turn to play.
Possible moves :
13x6x15

Chosen move : 
13x6x15
,------------------------,    ,------------------------,
|    .     .     b     b |    |     0     1     2     3|
| .     .     .     b    |    |  4     5     6     7   |
|    .     .     .     . |    |     8     9    10    11|
| b     .     .     w    |    | 12    13    14    15   |
|    w     .     .     . |    |    16    17    18    19|
| w     w     .     w    |    | 20    21    22    23   |
|    w     w     w     . |    |    24    25    26    27|
| .     w     w     w    |    | 28    29    30    31   |
'------------------------'    '------------------------'

Black's turn to play.
Possible moves :
2-6
7-10
7-11

Chosen move : 
2-6
,------------------------,    ,------------------------,
|    .     .     .     b |    |     0     1     2     3|
| .     .     b     b    |    |  4     5     6     7   |
|    .     .     .     . |    |     8     9    10    11|
| b     .     .     w    |    | 12    13    14    15   |
|    w     .     .     . |    |    16    17    18    19|
| w     w     .     w    |    | 20    21    22    23   |
|    w     w     w     . |    |    24    25    26    27|
| .     w     w     w    |    | 28    29    30    31   |
'------------------------'    '------------------------'

White's turn to play.
Possible moves :
23-19
15-10
15-11
21-17
23-18
31-27
25-22
26-22
16-13

Chosen move : 
23-19
,------------------------,    ,------------------------,
|    .     .     .     b |    |     0     1     2     3|
| .     .     b     b    |    |  4     5     6     7   |
|    .     .     .     . |    |     8     9    10    11|
| b     .     .     w    |    | 12    13    14    15   |
|    w     .     .     w |    |    16    17    18    19|
| w     w     .     .    |    | 20    21    22    23   |
|    w     w     w     . |    |    24    25    26    27|
| .     w     w     w    |    | 28    29    30    31   |
'------------------------'    '------------------------'

Black's turn to play.
Possible moves :
7-10
6-9
6-10
7-11

Chosen move : 
7-10
,------------------------,    ,------------------------,
|    .     .     .     b |    |     0     1     2     3|
| .     .     b     .    |    |  4     5     6     7   |
|    .     .     b     . |    |     8     9    10    11|
| b     .     .     w    |    | 12    13    14    15   |
|    w     .     .     w |    |    16    17    18    19|
| w     w     .     .    |    | 20    21    22    23   |
|    w     w     w     . |    |    24    25    26    27|
| .     w     w     w    |    | 28    29    30    31   |
'------------------------'    '------------------------'

White's turn to play.
Possible moves :
16-13
25-22
21-17
26-22
15-11
26-23
31-27

Chosen move : 
16-13
,------------------------,    ,------------------------,
|    .     .     .     b |    |     0     1     2     3|
| .     .     b     .    |    |  4     5     6     7   |
|    .     .     b     . |    |     8     9    10    11|
| b     w     .     w    |    | 12    13    14    15   |
|    .     .     .     w |    |    16    17    18    19|
| w     w     .     .    |    | 20    21    22    23   |
|    w     w     w     . |    |    24    25    26    27|
| .     w     w     w    |    | 28    29    30    31   |
'------------------------'    '------------------------'

Black's turn to play.
Possible moves :
6-9
10-14
12-16
3-7

Chosen move : 
10-14
,------------------------,    ,------------------------,
|    .     .     .     b |    |     0     1     2     3|
| .     .     b     .    |    |  4     5     6     7   |
|    .     .     .     . |    |     8     9    10    11|
| b     w     b     w    |    | 12    13    14    15   |
|    .     .     .     w |    |    16    17    18    19|
| w     w     .     .    |    | 20    21    22    23   |
|    w     w     w     . |    |    24    25    26    27|
| .     w     w     w    |    | 28    29    30    31   |
'------------------------'    '------------------------'

White's turn to play.
Possible moves :
26-22
31-27
20-16
13-8
21-17
25-22
26-23
21-16
15-11
15-10
13-9

Chosen move : 
26-22
,------------------------,    ,------------------------,
|    .     .     .     b |    |     0     1     2     3|
| .     .     b     .    |    |  4     5     6     7   |
|    .     .     .     . |    |     8     9    10    11|
| b     w     b     w    |    | 12    13    14    15   |
|    .     .     .     w |    |    16    17    18    19|
| w     w     w     .    |    | 20    21    22    23   |
|    w     w     .     . |    |    24    25    26    27|
| .     w     w     w    |    | 28    29    30    31   |
'------------------------'    '------------------------'

Black's turn to play.
Possible moves :
3-7
6-10
14-18
6-9
14-17
12-16

Chosen move : 
12-16
,------------------------,    ,------------------------,
|    .     .     .     b |    |     0     1     2     3|
| .     .     b     .    |    |  4     5     6     7   |
|    .     .     .     . |    |     8     9    10    11|
| .     w     b     w    |    | 12    13    14    15   |
|    b     .     .     w |    |    16    17    18    19|
| w     w     w     .    |    | 20    21    22    23   |
|    w     w     .     . |    |    24    25    26    27|
| .     w     w     w    |    | 28    29    30    31   |
'------------------------'    '------------------------'

White's turn to play.
Possible moves :
21x12

Chosen move : 
21x12
,------------------------,    ,------------------------,
|    .     .     .     b |    |     0     1     2     3|
| .     .     b     .    |    |  4     5     6     7   |
|    .     .     .     . |    |     8     9    10    11|
| w     w     b     w    |    | 12    13    14    15   |
|    .     .     .     w |    |    16    17    18    19|
| w     .     w     .    |    | 20    21    22    23   |
|    w     w     .     . |    |    24    25    26    27|
| .     w     w     w    |    | 28    29    30    31   |
'------------------------'    '------------------------'

Black's turn to play.
Possible moves :
14-17
3-7
6-9
6-10
14-18

Chosen move : 
6-9
,------------------------,    ,------------------------,
|    .     .     .     b |    |     0     1     2     3|
| .     .     .     .    |    |  4     5     6     7   |
|    .     b     .     . |    |     8     9    10    11|
| w     w     b     w    |    | 12    13    14    15   |
|    .     .     .     w |    |    16    17    18    19|
| w     .     w     .    |    | 20    21    22    23   |
|    w     w     .     . |    |    24    25    26    27|
| .     w     w     w    |    | 28    29    30    31   |
'------------------------'    '------------------------'

White's turn to play.
Possible moves :
13x6

Chosen move : 
13x6
,------------------------,    ,------------------------,
|    .     .     .     b |    |     0     1     2     3|
| .     .     w     .    |    |  4     5     6     7   |
|    .     .     .     . |    |     8     9    10    11|
| w     .     b     w    |    | 12    13    14    15   |
|    .     .     .     w |    |    16    17    18    19|
| w     .     w     .    |    | 20    21    22    23   |
|    w     w     .     . |    |    24    25    26    27|
| .     w     w     w    |    | 28    29    30    31   |
'------------------------'    '------------------------'

Black's turn to play.
Possible moves :
14-18
3-7
14-17

Chosen move : 
14-17
,------------------------,    ,------------------------,
|    .     .     .     b |    |     0     1     2     3|
| .     .     w     .    |    |  4     5     6     7   |
|    .     .     .     . |    |     8     9    10    11|
| w     .     .     w    |    | 12    13    14    15   |
|    .     b     .     w |    |    16    17    18    19|
| w     .     w     .    |    | 20    21    22    23   |
|    w     w     .     . |    |    24    25    26    27|
| .     w     w     w    |    | 28    29    30    31   |
'------------------------'    '------------------------'

White's turn to play.
Possible moves :
22x13

Chosen move : 
22x13
,------------------------,    ,------------------------,
|    .     .     .     b |    |     0     1     2     3|
| .     .     w     .    |    |  4     5     6     7   |
|    .     .     .     . |    |     8     9    10    11|
| w     w     .     w    |    | 12    13    14    15   |
|    .     .     .     w |    |    16    17    18    19|
| w     .     .     .    |    | 20    21    22    23   |
|    w     w     .     . |    |    24    25    26    27|
| .     w     w     w    |    | 28    29    30    31   |
'------------------------'    '------------------------'

Black's turn to play.
Possible moves :
3-7

Chosen move : 
3-7
,------------------------,    ,------------------------,
|    .     .     .     . |    |     0     1     2     3|
| .     .     w     b    |    |  4     5     6     7   |
|    .     .     .     . |    |     8     9    10    11|
| w     w     .     w    |    | 12    13    14    15   |
|    .     .     .     w |    |    16    17    18    19|
| w     .     .     .    |    | 20    21    22    23   |
|    w     w     .     . |    |    24    25    26    27|
| .     w     w     w    |    | 28    29    30    31   |
'------------------------'    '------------------------'

White's turn to play.
Possible moves :
20-16
13-8
25-21
25-22
13-9
12-8
15-11
31-27
31-26
6-2
6-1
15-10
24-21
30-26

Chosen move : 
20-16
,------------------------,    ,------------------------,
|    .     .     .     . |    |     0     1     2     3|
| .     .     w     b    |    |  4     5     6     7   |
|    .     .     .     . |    |     8     9    10    11|
| w     w     .     w    |    | 12    13    14    15   |
|    w     .     .     w |    |    16    17    18    19|
| .     .     .     .    |    | 20    21    22    23   |
|    w     w     .     . |    |    24    25    26    27|
| .     w     w     w    |    | 28    29    30    31   |
'------------------------'    '------------------------'

Black's turn to play.
Possible moves :
7-10
7-11

Chosen move : 
7-10
,------------------------,    ,------------------------,
|    .     .     .     . |    |     0     1     2     3|
| .     .     w     .    |    |  4     5     6     7   |
|    .     .     b     . |    |     8     9    10    11|
| w     w     .     w    |    | 12    13    14    15   |
|    w     .     .     w |    |    16    17    18    19|
| .     .     .     .    |    | 20    21    22    23   |
|    w     w     .     . |    |    24    25    26    27|
| .     w     w     w    |    | 28    29    30    31   |
'------------------------'    '------------------------'

White's turn to play.
Possible moves :
13-9
31-27
6-1
30-26
25-21
6-2
15-11
31-26
12-8
13-8
24-20
24-21
25-22

Chosen move : 
6-1
,------------------------,    ,------------------------,
|    .     W     .     . |    |     0     1     2     3|
| .     .     .     .    |    |  4     5     6     7   |
|    .     .     b     . |    |     8     9    10    11|
| w     w     .     w    |    | 12    13    14    15   |
|    w     .     .     w |    |    16    17    18    19|
| .     .     .     .    |    | 20    21    22    23   |
|    w     w     .     . |    |    24    25    26    27|
| .     w     w     w    |    | 28    29    30    31   |
'------------------------'    '------------------------'

Black's turn to play.
Possible moves :
10-14

Chosen move : 
10-14
,------------------------,    ,------------------------,
|    .     W     .     . |    |     0     1     2     3|
| .     .     .     .    |    |  4     5     6     7   |
|    .     .     .     . |    |     8     9    10    11|
| w     w     b     w    |    | 12    13    14    15   |
|    w     .     .     w |    |    16    17    18    19|
| .     .     .     .    |    | 20    21    22    23   |
|    w     w     .     . |    |    24    25    26    27|
| .     w     w     w    |    | 28    29    30    31   |
'------------------------'    '------------------------'

White's turn to play.
Possible moves :
13-9
15-10
24-21
1-6
13-8
12-8
30-26
25-21
24-20
1-5
31-26
15-11
25-22
31-27

Chosen move : 
24-21
,------------------------,    ,------------------------,
|    .     W     .     . |    |     0     1     2     3|
| .     .     .     .    |    |  4     5     6     7   |
|    .     .     .     . |    |     8     9    10    11|
| w     w     b     w    |    | 12    13    14    15   |
|    w     .     .     w |    |    16    17    18    19|
| .     w     .     .    |    | 20    21    22    23   |
|    .     w     .     . |    |    24    25    26    27|
| .     w     w     w    |    | 28    29    30    31   |
'------------------------'    '------------------------'

Black's turn to play.
Possible moves :
14-18
14-17

Chosen move : 
14-17
,------------------------,    ,------------------------,
|    .     W     .     . |    |     0     1     2     3|
| .     .     .     .    |    |  4     5     6     7   |
|    .     .     .     . |    |     8     9    10    11|
| w     w     .     w    |    | 12    13    14    15   |
|    w     b     .     w |    |    16    17    18    19|
| .     w     .     .    |    | 20    21    22    23   |
|    .     w     .     . |    |    24    25    26    27|
| .     w     w     w    |    | 28    29    30    31   |
'------------------------'    '------------------------'

White's turn to play.
Possible moves :
13x22
21x14

Chosen move : 
13x22
,------------------------,    ,------------------------,
|    .     W     .     . |    |     0     1     2     3|
| .     .     .     .    |    |  4     5     6     7   |
|    .     .     .     . |    |     8     9    10    11|
| w     .     .     w    |    | 12    13    14    15   |
|    w     .     .     w |    |    16    17    18    19|
| .     w     w     .    |    | 20    21    22    23   |
|    .     w     .     . |    |    24    25    26    27|
| .     w     w     w    |    | 28    29    30    31   |
'------------------------'    '------------------------'

Black's turn to play.
End of Game !

#PDN#
[Event "IN104 CS Project"]
[Site "ENSTA ParisTech, Palaiseau, FRA"]
[GameType “21,W,8,8,N2,0”] {Whites begin}
[Date "Sat Apr  2 15:24:52 2016"]
[Round "?"]
[White "Master minmax"]
[WhiteType "Program"]
[Black "Random Guesser"]
[BlackType "Program"]
[Result "1-0"] {White (Master minmax) wins}
[WhiteTime "0.8390049934387207"]
[BlackTime "0.01844477653503418"]

1.21-16 11-15 2.24-21 8-13 3.28-24 5-8 4.23-18 0-5 5.18x11 8-12 6.27-23 10-15 7.11x18 4-8 8.18-15 13-17 9.22x13x4 5-8 10.4x13 6-10 11.15x6 1x10 12.13x6x15 2-6 13.23-19 7-10 14.16-13 10-14 15.26-22 12-16 16.21x12 6-9 17.13x6 14-17 18.22x13 3-7 19.20-16 7-10 20.6-1 10-14 21.24-21 14-17 22.13x22  1-0 *
