Beginning of the game
,------------------------,    ,------------------------,
|    b     b     b     b |    |     0     1     2     3|
| b     b     b     b    |    |  4     5     6     7   |
|    b     b     b     b |    |     8     9    10    11|
| .     .     .     .    |    | 12    13    14    15   |
|    .     .     .     . |    |    16    17    18    19|
| w     w     w     w    |    | 20    21    22    23   |
|    w     w     w     w |    |    24    25    26    27|
| w     w     w     w    |    | 28    29    30    31   |
'------------------------'    '------------------------'

White's turn to play.
Possible moves :
22-17
21-17
22-18
20-16
23-19
23-18
21-16

Chosen move : 
21-17
,------------------------,    ,------------------------,
|    b     b     b     b |    |     0     1     2     3|
| b     b     b     b    |    |  4     5     6     7   |
|    b     b     b     b |    |     8     9    10    11|
| .     .     .     .    |    | 12    13    14    15   |
|    .     w     .     . |    |    16    17    18    19|
| w     .     w     w    |    | 20    21    22    23   |
|    w     w     w     w |    |    24    25    26    27|
| w     w     w     w    |    | 28    29    30    31   |
'------------------------'    '------------------------'

Black's turn to play.
Possible moves :
11-15
10-15
9-13
10-14
9-14
8-12
8-13

Chosen move : 
8-13
,------------------------,    ,------------------------,
|    b     b     b     b |    |     0     1     2     3|
| b     b     b     b    |    |  4     5     6     7   |
|    .     b     b     b |    |     8     9    10    11|
| .     b     .     .    |    | 12    13    14    15   |
|    .     w     .     . |    |    16    17    18    19|
| w     .     w     w    |    | 20    21    22    23   |
|    w     w     w     w |    |    24    25    26    27|
| w     w     w     w    |    | 28    29    30    31   |
'------------------------'    '------------------------'

White's turn to play.
Possible moves :
17x8

Chosen move : 
17x8
,------------------------,    ,------------------------,
|    b     b     b     b |    |     0     1     2     3|
| b     b     b     b    |    |  4     5     6     7   |
|    w     b     b     b |    |     8     9    10    11|
| .     .     .     .    |    | 12    13    14    15   |
|    .     .     .     . |    |    16    17    18    19|
| w     .     w     w    |    | 20    21    22    23   |
|    w     w     w     w |    |    24    25    26    27|
| w     w     w     w    |    | 28    29    30    31   |
'------------------------'    '------------------------'

Black's turn to play.
Possible moves :
5x12
4x13

Chosen move : 
5x12
,------------------------,    ,------------------------,
|    b     b     b     b |    |     0     1     2     3|
| b     .     b     b    |    |  4     5     6     7   |
|    .     b     b     b |    |     8     9    10    11|
| b     .     .     .    |    | 12    13    14    15   |
|    .     .     .     . |    |    16    17    18    19|
| w     .     w     w    |    | 20    21    22    23   |
|    w     w     w     w |    |    24    25    26    27|
| w     w     w     w    |    | 28    29    30    31   |
'------------------------'    '------------------------'

White's turn to play.
Possible moves :
20-16
23-18
23-19
22-17
22-18
24-21
25-21

Chosen move : 
20-16
,------------------------,    ,------------------------,
|    b     b     b     b |    |     0     1     2     3|
| b     .     b     b    |    |  4     5     6     7   |
|    .     b     b     b |    |     8     9    10    11|
| b     .     .     .    |    | 12    13    14    15   |
|    w     .     .     . |    |    16    17    18    19|
| .     .     w     w    |    | 20    21    22    23   |
|    w     w     w     w |    |    24    25    26    27|
| w     w     w     w    |    | 28    29    30    31   |
'------------------------'    '------------------------'

Black's turn to play.
Possible moves :
12x21

Chosen move : 
12x21
,------------------------,    ,------------------------,
|    b     b     b     b |    |     0     1     2     3|
| b     .     b     b    |    |  4     5     6     7   |
|    .     b     b     b |    |     8     9    10    11|
| .     .     .     .    |    | 12    13    14    15   |
|    .     .     .     . |    |    16    17    18    19|
| .     b     w     w    |    | 20    21    22    23   |
|    w     w     w     w |    |    24    25    26    27|
| w     w     w     w    |    | 28    29    30    31   |
'------------------------'    '------------------------'

White's turn to play.
Possible moves :
25x16
24x17

Chosen move : 
25x16
,------------------------,    ,------------------------,
|    b     b     b     b |    |     0     1     2     3|
| b     .     b     b    |    |  4     5     6     7   |
|    .     b     b     b |    |     8     9    10    11|
| .     .     .     .    |    | 12    13    14    15   |
|    w     .     .     . |    |    16    17    18    19|
| .     .     w     w    |    | 20    21    22    23   |
|    w     .     w     w |    |    24    25    26    27|
| w     w     w     w    |    | 28    29    30    31   |
'------------------------'    '------------------------'

Black's turn to play.
Possible moves :
10-15
1-5
9-14
0-5
11-15
10-14
9-13
4-8

Chosen move : 
11-15
,------------------------,    ,------------------------,
|    b     b     b     b |    |     0     1     2     3|
| b     .     b     b    |    |  4     5     6     7   |
|    .     b     b     . |    |     8     9    10    11|
| .     .     .     b    |    | 12    13    14    15   |
|    w     .     .     . |    |    16    17    18    19|
| .     .     w     w    |    | 20    21    22    23   |
|    w     .     w     w |    |    24    25    26    27|
| w     w     w     w    |    | 28    29    30    31   |
'------------------------'    '------------------------'

White's turn to play.
Possible moves :
24-21
24-20
23-18
16-12
22-17
23-19
16-13
30-25
22-18
29-25

Chosen move : 
24-21
,------------------------,    ,------------------------,
|    b     b     b     b |    |     0     1     2     3|
| b     .     b     b    |    |  4     5     6     7   |
|    .     b     b     . |    |     8     9    10    11|
| .     .     .     b    |    | 12    13    14    15   |
|    w     .     .     . |    |    16    17    18    19|
| .     w     w     w    |    | 20    21    22    23   |
|    .     .     w     w |    |    24    25    26    27|
| w     w     w     w    |    | 28    29    30    31   |
'------------------------'    '------------------------'

Black's turn to play.
Possible moves :
15-19
0-5
15-18
10-14
9-14
7-11
9-13
4-8
1-5

Chosen move : 
0-5
,------------------------,    ,------------------------,
|    .     b     b     b |    |     0     1     2     3|
| b     b     b     b    |    |  4     5     6     7   |
|    .     b     b     . |    |     8     9    10    11|
| .     .     .     b    |    | 12    13    14    15   |
|    w     .     .     . |    |    16    17    18    19|
| .     w     w     w    |    | 20    21    22    23   |
|    .     .     w     w |    |    24    25    26    27|
| w     w     w     w    |    | 28    29    30    31   |
'------------------------'    '------------------------'

White's turn to play.
Possible moves :
22-18
16-12
30-25
23-19
16-13
23-18
29-25
22-17
29-24
21-17
28-24

Chosen move : 
22-18
,------------------------,    ,------------------------,
|    .     b     b     b |    |     0     1     2     3|
| b     b     b     b    |    |  4     5     6     7   |
|    .     b     b     . |    |     8     9    10    11|
| .     .     .     b    |    | 12    13    14    15   |
|    w     .     w     . |    |    16    17    18    19|
| .     w     .     w    |    | 20    21    22    23   |
|    .     .     w     w |    |    24    25    26    27|
| w     w     w     w    |    | 28    29    30    31   |
'------------------------'    '------------------------'

Black's turn to play.
Possible moves :
15x22

Chosen move : 
15x22
,------------------------,    ,------------------------,
|    .     b     b     b |    |     0     1     2     3|
| b     b     b     b    |    |  4     5     6     7   |
|    .     b     b     . |    |     8     9    10    11|
| .     .     .     .    |    | 12    13    14    15   |
|    w     .     .     . |    |    16    17    18    19|
| .     w     b     w    |    | 20    21    22    23   |
|    .     .     w     w |    |    24    25    26    27|
| w     w     w     w    |    | 28    29    30    31   |
'------------------------'    '------------------------'

White's turn to play.
Possible moves :
26x17

Chosen move : 
26x17
,------------------------,    ,------------------------,
|    .     b     b     b |    |     0     1     2     3|
| b     b     b     b    |    |  4     5     6     7   |
|    .     b     b     . |    |     8     9    10    11|
| .     .     .     .    |    | 12    13    14    15   |
|    w     w     .     . |    |    16    17    18    19|
| .     w     .     w    |    | 20    21    22    23   |
|    .     .     .     w |    |    24    25    26    27|
| w     w     w     w    |    | 28    29    30    31   |
'------------------------'    '------------------------'

Black's turn to play.
Possible moves :
9-13
9-14
10-14
10-15
5-8
7-11
4-8

Chosen move : 
10-14
,------------------------,    ,------------------------,
|    .     b     b     b |    |     0     1     2     3|
| b     b     b     b    |    |  4     5     6     7   |
|    .     b     .     . |    |     8     9    10    11|
| .     .     b     .    |    | 12    13    14    15   |
|    w     w     .     . |    |    16    17    18    19|
| .     w     .     w    |    | 20    21    22    23   |
|    .     .     .     w |    |    24    25    26    27|
| w     w     w     w    |    | 28    29    30    31   |
'------------------------'    '------------------------'

White's turn to play.
Possible moves :
17x10

Chosen move : 
17x10
,------------------------,    ,------------------------,
|    .     b     b     b |    |     0     1     2     3|
| b     b     b     b    |    |  4     5     6     7   |
|    .     b     w     . |    |     8     9    10    11|
| .     .     .     .    |    | 12    13    14    15   |
|    w     .     .     . |    |    16    17    18    19|
| .     w     .     w    |    | 20    21    22    23   |
|    .     .     .     w |    |    24    25    26    27|
| w     w     w     w    |    | 28    29    30    31   |
'------------------------'    '------------------------'

Black's turn to play.
Possible moves :
7x14
6x15

Chosen move : 
6x15
,------------------------,    ,------------------------,
|    .     b     b     b |    |     0     1     2     3|
| b     b     .     b    |    |  4     5     6     7   |
|    .     b     .     . |    |     8     9    10    11|
| .     .     .     b    |    | 12    13    14    15   |
|    w     .     .     . |    |    16    17    18    19|
| .     w     .     w    |    | 20    21    22    23   |
|    .     .     .     w |    |    24    25    26    27|
| w     w     w     w    |    | 28    29    30    31   |
'------------------------'    '------------------------'

White's turn to play.
Possible moves :
29-25
30-26
23-18
28-24
16-12
31-26
16-13
23-19
30-25
29-24
21-17

Chosen move : 
28-24
,------------------------,    ,------------------------,
|    .     b     b     b |    |     0     1     2     3|
| b     b     .     b    |    |  4     5     6     7   |
|    .     b     .     . |    |     8     9    10    11|
| .     .     .     b    |    | 12    13    14    15   |
|    w     .     .     . |    |    16    17    18    19|
| .     w     .     w    |    | 20    21    22    23   |
|    w     .     .     w |    |    24    25    26    27|
| .     w     w     w    |    | 28    29    30    31   |
'------------------------'    '------------------------'

Black's turn to play.
Possible moves :
7-11
15-19
4-8
9-13
7-10
1-6
5-8
15-18
9-14
2-6

Chosen move : 
2-6
,------------------------,    ,------------------------,
|    .     b     .     b |    |     0     1     2     3|
| b     b     b     b    |    |  4     5     6     7   |
|    .     b     .     . |    |     8     9    10    11|
| .     .     .     b    |    | 12    13    14    15   |
|    w     .     .     . |    |    16    17    18    19|
| .     w     .     w    |    | 20    21    22    23   |
|    w     .     .     w |    |    24    25    26    27|
| .     w     w     w    |    | 28    29    30    31   |
'------------------------'    '------------------------'

White's turn to play.
Possible moves :
16-12
30-25
23-19
24-20
31-26
30-26
23-18
16-13
29-25
21-17

Chosen move : 
30-25
,------------------------,    ,------------------------,
|    .     b     .     b |    |     0     1     2     3|
| b     b     b     b    |    |  4     5     6     7   |
|    .     b     .     . |    |     8     9    10    11|
| .     .     .     b    |    | 12    13    14    15   |
|    w     .     .     . |    |    16    17    18    19|
| .     w     .     w    |    | 20    21    22    23   |
|    w     w     .     w |    |    24    25    26    27|
| .     w     .     w    |    | 28    29    30    31   |
'------------------------'    '------------------------'

Black's turn to play.
Possible moves :
6-10
4-8
9-14
5-8
7-10
9-13
15-19
7-11
15-18

Chosen move : 
9-14
,------------------------,    ,------------------------,
|    .     b     .     b |    |     0     1     2     3|
| b     b     b     b    |    |  4     5     6     7   |
|    .     .     .     . |    |     8     9    10    11|
| .     .     b     b    |    | 12    13    14    15   |
|    w     .     .     . |    |    16    17    18    19|
| .     w     .     w    |    | 20    21    22    23   |
|    w     w     .     w |    |    24    25    26    27|
| .     w     .     w    |    | 28    29    30    31   |
'------------------------'    '------------------------'

White's turn to play.
Possible moves :
31-26
24-20
25-22
16-12
16-13
23-18
21-17
23-19

Chosen move : 
23-18
,------------------------,    ,------------------------,
|    .     b     .     b |    |     0     1     2     3|
| b     b     b     b    |    |  4     5     6     7   |
|    .     .     .     . |    |     8     9    10    11|
| .     .     b     b    |    | 12    13    14    15   |
|    w     .     w     . |    |    16    17    18    19|
| .     w     .     .    |    | 20    21    22    23   |
|    w     w     .     w |    |    24    25    26    27|
| .     w     .     w    |    | 28    29    30    31   |
'------------------------'    '------------------------'

Black's turn to play.
Possible moves :
14x23
15x22

Chosen move : 
14x23
,------------------------,    ,------------------------,
|    .     b     .     b |    |     0     1     2     3|
| b     b     b     b    |    |  4     5     6     7   |
|    .     .     .     . |    |     8     9    10    11|
| .     .     .     b    |    | 12    13    14    15   |
|    w     .     .     . |    |    16    17    18    19|
| .     w     .     b    |    | 20    21    22    23   |
|    w     w     .     w |    |    24    25    26    27|
| .     w     .     w    |    | 28    29    30    31   |
'------------------------'    '------------------------'

White's turn to play.
Possible moves :
27x18x11x2

Chosen move : 
27x18x11x2
,------------------------,    ,------------------------,
|    .     b     W     b |    |     0     1     2     3|
| b     b     b     .    |    |  4     5     6     7   |
|    .     .     .     . |    |     8     9    10    11|
| .     .     .     .    |    | 12    13    14    15   |
|    w     .     .     . |    |    16    17    18    19|
| .     w     .     .    |    | 20    21    22    23   |
|    w     w     .     . |    |    24    25    26    27|
| .     w     .     w    |    | 28    29    30    31   |
'------------------------'    '------------------------'

Black's turn to play.
Possible moves :
6-10
5-9
5-8
3-7
4-8
6-9

Chosen move : 
5-8
,------------------------,    ,------------------------,
|    .     b     W     b |    |     0     1     2     3|
| b     .     b     .    |    |  4     5     6     7   |
|    b     .     .     . |    |     8     9    10    11|
| .     .     .     .    |    | 12    13    14    15   |
|    w     .     .     . |    |    16    17    18    19|
| .     w     .     .    |    | 20    21    22    23   |
|    w     w     .     . |    |    24    25    26    27|
| .     w     .     w    |    | 28    29    30    31   |
'------------------------'    '------------------------'

White's turn to play.
Possible moves :
2x9

Chosen move : 
2x9
,------------------------,    ,------------------------,
|    .     b     .     b |    |     0     1     2     3|
| b     .     .     .    |    |  4     5     6     7   |
|    b     W     .     . |    |     8     9    10    11|
| .     .     .     .    |    | 12    13    14    15   |
|    w     .     .     . |    |    16    17    18    19|
| .     w     .     .    |    | 20    21    22    23   |
|    w     w     .     . |    |    24    25    26    27|
| .     w     .     w    |    | 28    29    30    31   |
'------------------------'    '------------------------'

Black's turn to play.
Possible moves :
1-6
8-13
8-12
1-5
3-7

Chosen move : 
8-13
,------------------------,    ,------------------------,
|    .     b     .     b |    |     0     1     2     3|
| b     .     .     .    |    |  4     5     6     7   |
|    .     W     .     . |    |     8     9    10    11|
| .     b     .     .    |    | 12    13    14    15   |
|    w     .     .     . |    |    16    17    18    19|
| .     w     .     .    |    | 20    21    22    23   |
|    w     w     .     . |    |    24    25    26    27|
| .     w     .     w    |    | 28    29    30    31   |
'------------------------'    '------------------------'

White's turn to play.
Possible moves :
9-14
21-17
16-12
24-20
25-22
9-5
31-26
9-6
31-27

Chosen move : 
9-14
,------------------------,    ,------------------------,
|    .     b     .     b |    |     0     1     2     3|
| b     .     .     .    |    |  4     5     6     7   |
|    .     .     .     . |    |     8     9    10    11|
| .     b     W     .    |    | 12    13    14    15   |
|    w     .     .     . |    |    16    17    18    19|
| .     w     .     .    |    | 20    21    22    23   |
|    w     w     .     . |    |    24    25    26    27|
| .     w     .     w    |    | 28    29    30    31   |
'------------------------'    '------------------------'

Black's turn to play.
Possible moves :
13x20

Chosen move : 
13x20
,------------------------,    ,------------------------,
|    .     b     .     b |    |     0     1     2     3|
| b     .     .     .    |    |  4     5     6     7   |
|    .     .     .     . |    |     8     9    10    11|
| .     .     W     .    |    | 12    13    14    15   |
|    .     .     .     . |    |    16    17    18    19|
| b     w     .     .    |    | 20    21    22    23   |
|    w     w     .     . |    |    24    25    26    27|
| .     w     .     w    |    | 28    29    30    31   |
'------------------------'    '------------------------'

White's turn to play.
Possible moves :
14-17
25-22
14-10
21-16
14-18
14-9
31-27
21-17
31-26

Chosen move : 
14-17
,------------------------,    ,------------------------,
|    .     b     .     b |    |     0     1     2     3|
| b     .     .     .    |    |  4     5     6     7   |
|    .     .     .     . |    |     8     9    10    11|
| .     .     .     .    |    | 12    13    14    15   |
|    .     W     .     . |    |    16    17    18    19|
| b     w     .     .    |    | 20    21    22    23   |
|    w     w     .     . |    |    24    25    26    27|
| .     w     .     w    |    | 28    29    30    31   |
'------------------------'    '------------------------'

Black's turn to play.
Possible moves :
1-6
4-8
3-7
1-5

Chosen move : 
1-5
,------------------------,    ,------------------------,
|    .     .     .     b |    |     0     1     2     3|
| b     b     .     .    |    |  4     5     6     7   |
|    .     .     .     . |    |     8     9    10    11|
| .     .     .     .    |    | 12    13    14    15   |
|    .     W     .     . |    |    16    17    18    19|
| b     w     .     .    |    | 20    21    22    23   |
|    w     w     .     . |    |    24    25    26    27|
| .     w     .     w    |    | 28    29    30    31   |
'------------------------'    '------------------------'

White's turn to play.
Possible moves :
25-22
17-22
17-13
21-16
31-26
31-27
17-14

Chosen move : 
17-13
,------------------------,    ,------------------------,
|    .     .     .     b |    |     0     1     2     3|
| b     b     .     .    |    |  4     5     6     7   |
|    .     .     .     . |    |     8     9    10    11|
| .     W     .     .    |    | 12    13    14    15   |
|    .     .     .     . |    |    16    17    18    19|
| b     w     .     .    |    | 20    21    22    23   |
|    w     w     .     . |    |    24    25    26    27|
| .     w     .     w    |    | 28    29    30    31   |
'------------------------'    '------------------------'

Black's turn to play.
Possible moves :
4-8
5-8
3-7
5-9

Chosen move : 
5-8
,------------------------,    ,------------------------,
|    .     .     .     b |    |     0     1     2     3|
| b     .     .     .    |    |  4     5     6     7   |
|    b     .     .     . |    |     8     9    10    11|
| .     W     .     .    |    | 12    13    14    15   |
|    .     .     .     . |    |    16    17    18    19|
| b     w     .     .    |    | 20    21    22    23   |
|    w     w     .     . |    |    24    25    26    27|
| .     w     .     w    |    | 28    29    30    31   |
'------------------------'    '------------------------'

White's turn to play.
Possible moves :
31-27
13-9
21-17
13-17
21-16
25-22
31-26
13-16

Chosen move : 
31-27
,------------------------,    ,------------------------,
|    .     .     .     b |    |     0     1     2     3|
| b     .     .     .    |    |  4     5     6     7   |
|    b     .     .     . |    |     8     9    10    11|
| .     W     .     .    |    | 12    13    14    15   |
|    .     .     .     . |    |    16    17    18    19|
| b     w     .     .    |    | 20    21    22    23   |
|    w     w     .     w |    |    24    25    26    27|
| .     w     .     .    |    | 28    29    30    31   |
'------------------------'    '------------------------'

Black's turn to play.
Possible moves :
8x17

Chosen move : 
8x17
,------------------------,    ,------------------------,
|    .     .     .     b |    |     0     1     2     3|
| b     .     .     .    |    |  4     5     6     7   |
|    .     .     .     . |    |     8     9    10    11|
| .     .     .     .    |    | 12    13    14    15   |
|    .     b     .     . |    |    16    17    18    19|
| b     w     .     .    |    | 20    21    22    23   |
|    w     w     .     w |    |    24    25    26    27|
| .     w     .     .    |    | 28    29    30    31   |
'------------------------'    '------------------------'

White's turn to play.
Possible moves :
21x14

Chosen move : 
21x14
,------------------------,    ,------------------------,
|    .     .     .     b |    |     0     1     2     3|
| b     .     .     .    |    |  4     5     6     7   |
|    .     .     .     . |    |     8     9    10    11|
| .     .     w     .    |    | 12    13    14    15   |
|    .     .     .     . |    |    16    17    18    19|
| b     .     .     .    |    | 20    21    22    23   |
|    w     w     .     w |    |    24    25    26    27|
| .     w     .     .    |    | 28    29    30    31   |
'------------------------'    '------------------------'

Black's turn to play.
Possible moves :
4-8
3-7

Chosen move : 
3-7
,------------------------,    ,------------------------,
|    .     .     .     . |    |     0     1     2     3|
| b     .     .     b    |    |  4     5     6     7   |
|    .     .     .     . |    |     8     9    10    11|
| .     .     w     .    |    | 12    13    14    15   |
|    .     .     .     . |    |    16    17    18    19|
| b     .     .     .    |    | 20    21    22    23   |
|    w     w     .     w |    |    24    25    26    27|
| .     w     .     .    |    | 28    29    30    31   |
'------------------------'    '------------------------'

White's turn to play.
Possible moves :
25-21
14-10
27-23
24-21
14-9
25-22

Chosen move : 
27-23
,------------------------,    ,------------------------,
|    .     .     .     . |    |     0     1     2     3|
| b     .     .     b    |    |  4     5     6     7   |
|    .     .     .     . |    |     8     9    10    11|
| .     .     w     .    |    | 12    13    14    15   |
|    .     .     .     . |    |    16    17    18    19|
| b     .     .     w    |    | 20    21    22    23   |
|    w     w     .     . |    |    24    25    26    27|
| .     w     .     .    |    | 28    29    30    31   |
'------------------------'    '------------------------'

Black's turn to play.
Possible moves :
7-10
4-8
7-11

Chosen move : 
4-8
,------------------------,    ,------------------------,
|    .     .     .     . |    |     0     1     2     3|
| .     .     .     b    |    |  4     5     6     7   |
|    b     .     .     . |    |     8     9    10    11|
| .     .     w     .    |    | 12    13    14    15   |
|    .     .     .     . |    |    16    17    18    19|
| b     .     .     w    |    | 20    21    22    23   |
|    w     w     .     . |    |    24    25    26    27|
| .     w     .     .    |    | 28    29    30    31   |
'------------------------'    '------------------------'

White's turn to play.
Possible moves :
23-18
23-19
14-10
25-22
14-9
25-21
24-21

Chosen move : 
23-19
,------------------------,    ,------------------------,
|    .     .     .     . |    |     0     1     2     3|
| .     .     .     b    |    |  4     5     6     7   |
|    b     .     .     . |    |     8     9    10    11|
| .     .     w     .    |    | 12    13    14    15   |
|    .     .     .     w |    |    16    17    18    19|
| b     .     .     .    |    | 20    21    22    23   |
|    w     w     .     . |    |    24    25    26    27|
| .     w     .     .    |    | 28    29    30    31   |
'------------------------'    '------------------------'

Black's turn to play.
Possible moves :
8-13
7-10
7-11
8-12

Chosen move : 
8-12
,------------------------,    ,------------------------,
|    .     .     .     . |    |     0     1     2     3|
| .     .     .     b    |    |  4     5     6     7   |
|    .     .     .     . |    |     8     9    10    11|
| b     .     w     .    |    | 12    13    14    15   |
|    .     .     .     w |    |    16    17    18    19|
| b     .     .     .    |    | 20    21    22    23   |
|    w     w     .     . |    |    24    25    26    27|
| .     w     .     .    |    | 28    29    30    31   |
'------------------------'    '------------------------'

White's turn to play.
Possible moves :
19-15
25-22
25-21
24-21
14-10
14-9

Chosen move : 
25-22
,------------------------,    ,------------------------,
|    .     .     .     . |    |     0     1     2     3|
| .     .     .     b    |    |  4     5     6     7   |
|    .     .     .     . |    |     8     9    10    11|
| b     .     w     .    |    | 12    13    14    15   |
|    .     .     .     w |    |    16    17    18    19|
| b     .     w     .    |    | 20    21    22    23   |
|    w     .     .     . |    |    24    25    26    27|
| .     w     .     .    |    | 28    29    30    31   |
'------------------------'    '------------------------'

Black's turn to play.
Possible moves :
7-10
7-11
12-16

Chosen move : 
12-16
,------------------------,    ,------------------------,
|    .     .     .     . |    |     0     1     2     3|
| .     .     .     b    |    |  4     5     6     7   |
|    .     .     .     . |    |     8     9    10    11|
| .     .     w     .    |    | 12    13    14    15   |
|    b     .     .     w |    |    16    17    18    19|
| b     .     w     .    |    | 20    21    22    23   |
|    w     .     .     . |    |    24    25    26    27|
| .     w     .     .    |    | 28    29    30    31   |
'------------------------'    '------------------------'

White's turn to play.
Possible moves :
14-9
22-17
29-25
14-10
24-21
22-18
19-15

Chosen move : 
22-18
,------------------------,    ,------------------------,
|    .     .     .     . |    |     0     1     2     3|
| .     .     .     b    |    |  4     5     6     7   |
|    .     .     .     . |    |     8     9    10    11|
| .     .     w     .    |    | 12    13    14    15   |
|    b     .     w     w |    |    16    17    18    19|
| b     .     .     .    |    | 20    21    22    23   |
|    w     .     .     . |    |    24    25    26    27|
| .     w     .     .    |    | 28    29    30    31   |
'------------------------'    '------------------------'

Black's turn to play.
Possible moves :
16-21
7-10
7-11

Chosen move : 
16-21
,------------------------,    ,------------------------,
|    .     .     .     . |    |     0     1     2     3|
| .     .     .     b    |    |  4     5     6     7   |
|    .     .     .     . |    |     8     9    10    11|
| .     .     w     .    |    | 12    13    14    15   |
|    .     .     w     w |    |    16    17    18    19|
| b     b     .     .    |    | 20    21    22    23   |
|    w     .     .     . |    |    24    25    26    27|
| .     w     .     .    |    | 28    29    30    31   |
'------------------------'    '------------------------'

White's turn to play.
Possible moves :
24x17

Chosen move : 
24x17
,------------------------,    ,------------------------,
|    .     .     .     . |    |     0     1     2     3|
| .     .     .     b    |    |  4     5     6     7   |
|    .     .     .     . |    |     8     9    10    11|
| .     .     w     .    |    | 12    13    14    15   |
|    .     w     w     w |    |    16    17    18    19|
| b     .     .     .    |    | 20    21    22    23   |
|    .     .     .     . |    |    24    25    26    27|
| .     w     .     .    |    | 28    29    30    31   |
'------------------------'    '------------------------'

Black's turn to play.
Possible moves :
7-11
7-10
20-24

Chosen move : 
7-10
,------------------------,    ,------------------------,
|    .     .     .     . |    |     0     1     2     3|
| .     .     .     .    |    |  4     5     6     7   |
|    .     .     b     . |    |     8     9    10    11|
| .     .     w     .    |    | 12    13    14    15   |
|    .     w     w     w |    |    16    17    18    19|
| b     .     .     .    |    | 20    21    22    23   |
|    .     .     .     . |    |    24    25    26    27|
| .     w     .     .    |    | 28    29    30    31   |
'------------------------'    '------------------------'

White's turn to play.
Possible moves :
14x7

Chosen move : 
14x7
,------------------------,    ,------------------------,
|    .     .     .     . |    |     0     1     2     3|
| .     .     .     w    |    |  4     5     6     7   |
|    .     .     .     . |    |     8     9    10    11|
| .     .     .     .    |    | 12    13    14    15   |
|    .     w     w     w |    |    16    17    18    19|
| b     .     .     .    |    | 20    21    22    23   |
|    .     .     .     . |    |    24    25    26    27|
| .     w     .     .    |    | 28    29    30    31   |
'------------------------'    '------------------------'

Black's turn to play.
Possible moves :
20-24

Chosen move : 
20-24
,------------------------,    ,------------------------,
|    .     .     .     . |    |     0     1     2     3|
| .     .     .     w    |    |  4     5     6     7   |
|    .     .     .     . |    |     8     9    10    11|
| .     .     .     .    |    | 12    13    14    15   |
|    .     w     w     w |    |    16    17    18    19|
| .     .     .     .    |    | 20    21    22    23   |
|    b     .     .     . |    |    24    25    26    27|
| .     w     .     .    |    | 28    29    30    31   |
'------------------------'    '------------------------'

White's turn to play.
Possible moves :
29x20

Chosen move : 
29x20
,------------------------,    ,------------------------,
|    .     .     .     . |    |     0     1     2     3|
| .     .     .     w    |    |  4     5     6     7   |
|    .     .     .     . |    |     8     9    10    11|
| .     .     .     .    |    | 12    13    14    15   |
|    .     w     w     w |    |    16    17    18    19|
| w     .     .     .    |    | 20    21    22    23   |
|    .     .     .     . |    |    24    25    26    27|
| .     .     .     .    |    | 28    29    30    31   |
'------------------------'    '------------------------'

Black's turn to play.
End of Game !

#PDN#
[Event "IN104 CS Project"]
[Site "ENSTA ParisTech, Palaiseau, FRA"]
[GameType “21,W,8,8,N2,0”] {Whites begin}
[Date "Tue Mar 29 16:10:33 2016"]
[Round "?"]
[White "Master minmax"]
[WhiteType "Program"]
[Black "Random Guesser"]
[BlackType "Program"]
[Result "1-0"] {White (Master minmax) wins}
[WhiteTime "7.358015537261963"]
[BlackTime "0.019155025482177734"]

1.21-17 8-13 2.17x8 5x12 3.20-16 12x21 4.25x16 11-15 5.24-21 0-5 6.22-18 15x22 7.26x17 10-14 8.17x10 6x15 9.28-24 2-6 10.30-25 9-14 11.23-18 14x23 12.27x18x11x2 5-8 13.2x9 8-13 14.9-14 13x20 15.14-17 1-5 16.17-13 5-8 17.31-27 8x17 18.21x14 3-7 19.27-23 4-8 20.23-19 8-12 21.25-22 12-16 22.22-18 16-21 23.24x17 7-10 24.14x7 20-24 25.29x20  1-0 *
