Beginning of the game
,------------------------,    ,------------------------,
|    b     b     b     b |    |     0     1     2     3|
| b     b     b     b    |    |  4     5     6     7   |
|    b     b     b     b |    |     8     9    10    11|
| .     .     .     .    |    | 12    13    14    15   |
|    .     .     .     . |    |    16    17    18    19|
| w     w     w     w    |    | 20    21    22    23   |
|    w     w     w     w |    |    24    25    26    27|
| w     w     w     w    |    | 28    29    30    31   |
'------------------------'    '------------------------'

White's turn to play.
Possible moves :
23-18
20-16
22-18
21-16
22-17
23-19
21-17

Chosen move : 
23-18
,------------------------,    ,------------------------,
|    b     b     b     b |    |     0     1     2     3|
| b     b     b     b    |    |  4     5     6     7   |
|    b     b     b     b |    |     8     9    10    11|
| .     .     .     .    |    | 12    13    14    15   |
|    .     .     w     . |    |    16    17    18    19|
| w     w     w     .    |    | 20    21    22    23   |
|    w     w     w     w |    |    24    25    26    27|
| w     w     w     w    |    | 28    29    30    31   |
'------------------------'    '------------------------'

Black's turn to play.
Possible moves :
8-12
9-13
10-14
10-15
11-15
9-14
8-13

Chosen move : 
9-14
,------------------------,    ,------------------------,
|    b     b     b     b |    |     0     1     2     3|
| b     b     b     b    |    |  4     5     6     7   |
|    b     .     b     b |    |     8     9    10    11|
| .     .     b     .    |    | 12    13    14    15   |
|    .     .     w     . |    |    16    17    18    19|
| w     w     w     .    |    | 20    21    22    23   |
|    w     w     w     w |    |    24    25    26    27|
| w     w     w     w    |    | 28    29    30    31   |
'------------------------'    '------------------------'

White's turn to play.
Possible moves :
18x9

Chosen move : 
18x9
,------------------------,    ,------------------------,
|    b     b     b     b |    |     0     1     2     3|
| b     b     b     b    |    |  4     5     6     7   |
|    b     w     b     b |    |     8     9    10    11|
| .     .     .     .    |    | 12    13    14    15   |
|    .     .     .     . |    |    16    17    18    19|
| w     w     w     .    |    | 20    21    22    23   |
|    w     w     w     w |    |    24    25    26    27|
| w     w     w     w    |    | 28    29    30    31   |
'------------------------'    '------------------------'

Black's turn to play.
Possible moves :
6x13
5x14

Chosen move : 
5x14
,------------------------,    ,------------------------,
|    b     b     b     b |    |     0     1     2     3|
| b     .     b     b    |    |  4     5     6     7   |
|    b     .     b     b |    |     8     9    10    11|
| .     .     b     .    |    | 12    13    14    15   |
|    .     .     .     . |    |    16    17    18    19|
| w     w     w     .    |    | 20    21    22    23   |
|    w     w     w     w |    |    24    25    26    27|
| w     w     w     w    |    | 28    29    30    31   |
'------------------------'    '------------------------'

White's turn to play.
Possible moves :
26-23
22-17
22-18
27-23
21-17
20-16
21-16

Chosen move : 
26-23
,------------------------,    ,------------------------,
|    b     b     b     b |    |     0     1     2     3|
| b     .     b     b    |    |  4     5     6     7   |
|    b     .     b     b |    |     8     9    10    11|
| .     .     b     .    |    | 12    13    14    15   |
|    .     .     .     . |    |    16    17    18    19|
| w     w     w     w    |    | 20    21    22    23   |
|    w     w     .     w |    |    24    25    26    27|
| w     w     w     w    |    | 28    29    30    31   |
'------------------------'    '------------------------'

Black's turn to play.
Possible moves :
0-5
1-5
14-18
8-13
11-15
8-12
10-15
6-9
14-17

Chosen move : 
8-13
,------------------------,    ,------------------------,
|    b     b     b     b |    |     0     1     2     3|
| b     .     b     b    |    |  4     5     6     7   |
|    .     .     b     b |    |     8     9    10    11|
| .     b     b     .    |    | 12    13    14    15   |
|    .     .     .     . |    |    16    17    18    19|
| w     w     w     w    |    | 20    21    22    23   |
|    w     w     .     w |    |    24    25    26    27|
| w     w     w     w    |    | 28    29    30    31   |
'------------------------'    '------------------------'

White's turn to play.
Possible moves :
23-19
22-18
22-17
21-17
20-16
21-16
30-26
31-26
23-18

Chosen move : 
23-19
,------------------------,    ,------------------------,
|    b     b     b     b |    |     0     1     2     3|
| b     .     b     b    |    |  4     5     6     7   |
|    .     .     b     b |    |     8     9    10    11|
| .     b     b     .    |    | 12    13    14    15   |
|    .     .     .     w |    |    16    17    18    19|
| w     w     w     .    |    | 20    21    22    23   |
|    w     w     .     w |    |    24    25    26    27|
| w     w     w     w    |    | 28    29    30    31   |
'------------------------'    '------------------------'

Black's turn to play.
Possible moves :
14-18
13-16
10-15
1-5
0-5
13-17
11-15
4-8
14-17
6-9

Chosen move : 
11-15
,------------------------,    ,------------------------,
|    b     b     b     b |    |     0     1     2     3|
| b     .     b     b    |    |  4     5     6     7   |
|    .     .     b     . |    |     8     9    10    11|
| .     b     b     b    |    | 12    13    14    15   |
|    .     .     .     w |    |    16    17    18    19|
| w     w     w     .    |    | 20    21    22    23   |
|    w     w     .     w |    |    24    25    26    27|
| w     w     w     w    |    | 28    29    30    31   |
'------------------------'    '------------------------'

White's turn to play.
Possible moves :
21-16
22-18
20-16
21-17
30-26
27-23
31-26
22-17

Chosen move : 
21-16
,------------------------,    ,------------------------,
|    b     b     b     b |    |     0     1     2     3|
| b     .     b     b    |    |  4     5     6     7   |
|    .     .     b     . |    |     8     9    10    11|
| .     b     b     b    |    | 12    13    14    15   |
|    w     .     .     w |    |    16    17    18    19|
| w     .     w     .    |    | 20    21    22    23   |
|    w     w     .     w |    |    24    25    26    27|
| w     w     w     w    |    | 28    29    30    31   |
'------------------------'    '------------------------'

Black's turn to play.
Possible moves :
0-5
6-9
7-11
4-8
14-17
1-5
14-18
13-17
15-18

Chosen move : 
0-5
,------------------------,    ,------------------------,
|    .     b     b     b |    |     0     1     2     3|
| b     b     b     b    |    |  4     5     6     7   |
|    .     .     b     . |    |     8     9    10    11|
| .     b     b     b    |    | 12    13    14    15   |
|    w     .     .     w |    |    16    17    18    19|
| w     .     w     .    |    | 20    21    22    23   |
|    w     w     .     w |    |    24    25    26    27|
| w     w     w     w    |    | 28    29    30    31   |
'------------------------'    '------------------------'

White's turn to play.
Possible moves :
16x9x18x11

Chosen move : 
16x9x18x11
,------------------------,    ,------------------------,
|    .     b     b     b |    |     0     1     2     3|
| b     b     b     b    |    |  4     5     6     7   |
|    .     .     b     w |    |     8     9    10    11|
| .     .     .     .    |    | 12    13    14    15   |
|    .     .     .     w |    |    16    17    18    19|
| w     .     w     .    |    | 20    21    22    23   |
|    w     w     .     w |    |    24    25    26    27|
| w     w     w     w    |    | 28    29    30    31   |
'------------------------'    '------------------------'

Black's turn to play.
Possible moves :
6-9
4-8
5-9
5-8
10-15
10-14

Chosen move : 
10-15
,------------------------,    ,------------------------,
|    .     b     b     b |    |     0     1     2     3|
| b     b     b     b    |    |  4     5     6     7   |
|    .     .     .     w |    |     8     9    10    11|
| .     .     .     b    |    | 12    13    14    15   |
|    .     .     .     w |    |    16    17    18    19|
| w     .     w     .    |    | 20    21    22    23   |
|    w     w     .     w |    |    24    25    26    27|
| w     w     w     w    |    | 28    29    30    31   |
'------------------------'    '------------------------'

White's turn to play.
Possible moves :
19x10
11x18

Chosen move : 
11x18
,------------------------,    ,------------------------,
|    .     b     b     b |    |     0     1     2     3|
| b     b     b     b    |    |  4     5     6     7   |
|    .     .     .     . |    |     8     9    10    11|
| .     .     .     .    |    | 12    13    14    15   |
|    .     .     w     w |    |    16    17    18    19|
| w     .     w     .    |    | 20    21    22    23   |
|    w     w     .     w |    |    24    25    26    27|
| w     w     w     w    |    | 28    29    30    31   |
'------------------------'    '------------------------'

Black's turn to play.
Possible moves :
7-10
7-11
6-10
4-8
5-8
5-9
6-9

Chosen move : 
7-11
,------------------------,    ,------------------------,
|    .     b     b     b |    |     0     1     2     3|
| b     b     b     .    |    |  4     5     6     7   |
|    .     .     .     b |    |     8     9    10    11|
| .     .     .     .    |    | 12    13    14    15   |
|    .     .     w     w |    |    16    17    18    19|
| w     .     w     .    |    | 20    21    22    23   |
|    w     w     .     w |    |    24    25    26    27|
| w     w     w     w    |    | 28    29    30    31   |
'------------------------'    '------------------------'

White's turn to play.
Possible moves :
24-21
22-17
25-21
27-23
30-26
18-15
20-16
19-15
18-14
31-26

Chosen move : 
24-21
,------------------------,    ,------------------------,
|    .     b     b     b |    |     0     1     2     3|
| b     b     b     .    |    |  4     5     6     7   |
|    .     .     .     b |    |     8     9    10    11|
| .     .     .     .    |    | 12    13    14    15   |
|    .     .     w     w |    |    16    17    18    19|
| w     w     w     .    |    | 20    21    22    23   |
|    .     w     .     w |    |    24    25    26    27|
| w     w     w     w    |    | 28    29    30    31   |
'------------------------'    '------------------------'

Black's turn to play.
Possible moves :
6-9
6-10
11-15
5-8
2-7
3-7
5-9
4-8

Chosen move : 
11-15
,------------------------,    ,------------------------,
|    .     b     b     b |    |     0     1     2     3|
| b     b     b     .    |    |  4     5     6     7   |
|    .     .     .     . |    |     8     9    10    11|
| .     .     .     b    |    | 12    13    14    15   |
|    .     .     w     w |    |    16    17    18    19|
| w     w     w     .    |    | 20    21    22    23   |
|    .     w     .     w |    |    24    25    26    27|
| w     w     w     w    |    | 28    29    30    31   |
'------------------------'    '------------------------'

White's turn to play.
Possible moves :
19x10
18x11

Chosen move : 
18x11
,------------------------,    ,------------------------,
|    .     b     b     b |    |     0     1     2     3|
| b     b     b     .    |    |  4     5     6     7   |
|    .     .     .     w |    |     8     9    10    11|
| .     .     .     .    |    | 12    13    14    15   |
|    .     .     .     w |    |    16    17    18    19|
| w     w     w     .    |    | 20    21    22    23   |
|    .     w     .     w |    |    24    25    26    27|
| w     w     w     w    |    | 28    29    30    31   |
'------------------------'    '------------------------'

Black's turn to play.
Possible moves :
3-7
2-7
5-9
4-8
6-10
6-9
5-8

Chosen move : 
6-10
,------------------------,    ,------------------------,
|    .     b     b     b |    |     0     1     2     3|
| b     b     .     .    |    |  4     5     6     7   |
|    .     .     b     w |    |     8     9    10    11|
| .     .     .     .    |    | 12    13    14    15   |
|    .     .     .     w |    |    16    17    18    19|
| w     w     w     .    |    | 20    21    22    23   |
|    .     w     .     w |    |    24    25    26    27|
| w     w     w     w    |    | 28    29    30    31   |
'------------------------'    '------------------------'

White's turn to play.
Possible moves :
29-24
22-17
27-23
21-16
28-24
21-17
20-16
22-18
19-15
30-26
11-7
31-26

Chosen move : 
29-24
,------------------------,    ,------------------------,
|    .     b     b     b |    |     0     1     2     3|
| b     b     .     .    |    |  4     5     6     7   |
|    .     .     b     w |    |     8     9    10    11|
| .     .     .     .    |    | 12    13    14    15   |
|    .     .     .     w |    |    16    17    18    19|
| w     w     w     .    |    | 20    21    22    23   |
|    w     w     .     w |    |    24    25    26    27|
| w     .     w     w    |    | 28    29    30    31   |
'------------------------'    '------------------------'

Black's turn to play.
Possible moves :
10-15
2-6
10-14
3-7
5-9
4-8
5-8
2-7
1-6

Chosen move : 
10-14
,------------------------,    ,------------------------,
|    .     b     b     b |    |     0     1     2     3|
| b     b     .     .    |    |  4     5     6     7   |
|    .     .     .     w |    |     8     9    10    11|
| .     .     b     .    |    | 12    13    14    15   |
|    .     .     .     w |    |    16    17    18    19|
| w     w     w     .    |    | 20    21    22    23   |
|    w     w     .     w |    |    24    25    26    27|
| w     .     w     w    |    | 28    29    30    31   |
'------------------------'    '------------------------'

White's turn to play.
Possible moves :
30-26
31-26
21-16
27-23
20-16
11-7
22-17
22-18
21-17
19-15

Chosen move : 
30-26
,------------------------,    ,------------------------,
|    .     b     b     b |    |     0     1     2     3|
| b     b     .     .    |    |  4     5     6     7   |
|    .     .     .     w |    |     8     9    10    11|
| .     .     b     .    |    | 12    13    14    15   |
|    .     .     .     w |    |    16    17    18    19|
| w     w     w     .    |    | 20    21    22    23   |
|    w     w     w     w |    |    24    25    26    27|
| w     .     .     w    |    | 28    29    30    31   |
'------------------------'    '------------------------'

Black's turn to play.
Possible moves :
2-6
5-9
4-8
14-18
14-17
1-6
5-8
3-7
2-7

Chosen move : 
5-8
,------------------------,    ,------------------------,
|    .     b     b     b |    |     0     1     2     3|
| b     .     .     .    |    |  4     5     6     7   |
|    b     .     .     w |    |     8     9    10    11|
| .     .     b     .    |    | 12    13    14    15   |
|    .     .     .     w |    |    16    17    18    19|
| w     w     w     .    |    | 20    21    22    23   |
|    w     w     w     w |    |    24    25    26    27|
| w     .     .     w    |    | 28    29    30    31   |
'------------------------'    '------------------------'

White's turn to play.
Possible moves :
26-23
21-17
27-23
22-17
11-7
20-16
21-16
19-15
22-18

Chosen move : 
26-23
,------------------------,    ,------------------------,
|    .     b     b     b |    |     0     1     2     3|
| b     .     .     .    |    |  4     5     6     7   |
|    b     .     .     w |    |     8     9    10    11|
| .     .     b     .    |    | 12    13    14    15   |
|    .     .     .     w |    |    16    17    18    19|
| w     w     w     w    |    | 20    21    22    23   |
|    w     w     .     w |    |    24    25    26    27|
| w     .     .     w    |    | 28    29    30    31   |
'------------------------'    '------------------------'

Black's turn to play.
Possible moves :
8-12
14-17
1-5
1-6
3-7
2-6
2-7
8-13
14-18

Chosen move : 
8-12
,------------------------,    ,------------------------,
|    .     b     b     b |    |     0     1     2     3|
| b     .     .     .    |    |  4     5     6     7   |
|    .     .     .     w |    |     8     9    10    11|
| b     .     b     .    |    | 12    13    14    15   |
|    .     .     .     w |    |    16    17    18    19|
| w     w     w     w    |    | 20    21    22    23   |
|    w     w     .     w |    |    24    25    26    27|
| w     .     .     w    |    | 28    29    30    31   |
'------------------------'    '------------------------'

White's turn to play.
Possible moves :
20-16
22-18
22-17
31-26
23-18
21-17
21-16
19-15
11-7

Chosen move : 
20-16
,------------------------,    ,------------------------,
|    .     b     b     b |    |     0     1     2     3|
| b     .     .     .    |    |  4     5     6     7   |
|    .     .     .     w |    |     8     9    10    11|
| b     .     b     .    |    | 12    13    14    15   |
|    w     .     .     w |    |    16    17    18    19|
| .     w     w     w    |    | 20    21    22    23   |
|    w     w     .     w |    |    24    25    26    27|
| w     .     .     w    |    | 28    29    30    31   |
'------------------------'    '------------------------'

Black's turn to play.
Possible moves :
2-7
4-8
3-7
2-6
14-18
1-5
1-6
14-17

Chosen move : 
2-7
,------------------------,    ,------------------------,
|    .     b     .     b |    |     0     1     2     3|
| b     .     .     b    |    |  4     5     6     7   |
|    .     .     .     w |    |     8     9    10    11|
| b     .     b     .    |    | 12    13    14    15   |
|    w     .     .     w |    |    16    17    18    19|
| .     w     w     w    |    | 20    21    22    23   |
|    w     w     .     w |    |    24    25    26    27|
| w     .     .     w    |    | 28    29    30    31   |
'------------------------'    '------------------------'

White's turn to play.
Possible moves :
11x2

Chosen move : 
11x2
,------------------------,    ,------------------------,
|    .     b     W     b |    |     0     1     2     3|
| b     .     .     .    |    |  4     5     6     7   |
|    .     .     .     . |    |     8     9    10    11|
| b     .     b     .    |    | 12    13    14    15   |
|    w     .     .     w |    |    16    17    18    19|
| .     w     w     w    |    | 20    21    22    23   |
|    w     w     .     w |    |    24    25    26    27|
| w     .     .     w    |    | 28    29    30    31   |
'------------------------'    '------------------------'

Black's turn to play.
Possible moves :
14-17
1-6
3-7
4-8
14-18
1-5

Chosen move : 
14-18
,------------------------,    ,------------------------,
|    .     b     W     b |    |     0     1     2     3|
| b     .     .     .    |    |  4     5     6     7   |
|    .     .     .     . |    |     8     9    10    11|
| b     .     .     .    |    | 12    13    14    15   |
|    w     .     b     w |    |    16    17    18    19|
| .     w     w     w    |    | 20    21    22    23   |
|    w     w     .     w |    |    24    25    26    27|
| w     .     .     w    |    | 28    29    30    31   |
'------------------------'    '------------------------'

White's turn to play.
Possible moves :
23x14
22x15

Chosen move : 
23x14
,------------------------,    ,------------------------,
|    .     b     W     b |    |     0     1     2     3|
| b     .     .     .    |    |  4     5     6     7   |
|    .     .     .     . |    |     8     9    10    11|
| b     .     w     .    |    | 12    13    14    15   |
|    w     .     .     w |    |    16    17    18    19|
| .     w     w     .    |    | 20    21    22    23   |
|    w     w     .     w |    |    24    25    26    27|
| w     .     .     w    |    | 28    29    30    31   |
'------------------------'    '------------------------'

Black's turn to play.
Possible moves :
3-7
1-6
4-8
1-5

Chosen move : 
1-5
,------------------------,    ,------------------------,
|    .     .     W     b |    |     0     1     2     3|
| b     b     .     .    |    |  4     5     6     7   |
|    .     .     .     . |    |     8     9    10    11|
| b     .     w     .    |    | 12    13    14    15   |
|    w     .     .     w |    |    16    17    18    19|
| .     w     w     .    |    | 20    21    22    23   |
|    w     w     .     w |    |    24    25    26    27|
| w     .     .     w    |    | 28    29    30    31   |
'------------------------'    '------------------------'

White's turn to play.
Possible moves :
24-20
31-26
14-9
14-10
27-23
2-6
16-13
2-7
22-17
21-17
22-18
19-15

Chosen move : 
24-20
,------------------------,    ,------------------------,
|    .     .     W     b |    |     0     1     2     3|
| b     b     .     .    |    |  4     5     6     7   |
|    .     .     .     . |    |     8     9    10    11|
| b     .     w     .    |    | 12    13    14    15   |
|    w     .     .     w |    |    16    17    18    19|
| w     w     w     .    |    | 20    21    22    23   |
|    .     w     .     w |    |    24    25    26    27|
| w     .     .     w    |    | 28    29    30    31   |
'------------------------'    '------------------------'

Black's turn to play.
Possible moves :
3-7
5-9
5-8
4-8

Chosen move : 
4-8
,------------------------,    ,------------------------,
|    .     .     W     b |    |     0     1     2     3|
| .     b     .     .    |    |  4     5     6     7   |
|    b     .     .     . |    |     8     9    10    11|
| b     .     w     .    |    | 12    13    14    15   |
|    w     .     .     w |    |    16    17    18    19|
| w     w     w     .    |    | 20    21    22    23   |
|    .     w     .     w |    |    24    25    26    27|
| w     .     .     w    |    | 28    29    30    31   |
'------------------------'    '------------------------'

White's turn to play.
Possible moves :
2-6
14-10
19-15
22-18
31-26
16-13
2-7
27-23
14-9
21-17
28-24
22-17

Chosen move : 
2-6
,------------------------,    ,------------------------,
|    .     .     .     b |    |     0     1     2     3|
| .     b     W     .    |    |  4     5     6     7   |
|    b     .     .     . |    |     8     9    10    11|
| b     .     w     .    |    | 12    13    14    15   |
|    w     .     .     w |    |    16    17    18    19|
| w     w     w     .    |    | 20    21    22    23   |
|    .     w     .     w |    |    24    25    26    27|
| w     .     .     w    |    | 28    29    30    31   |
'------------------------'    '------------------------'

Black's turn to play.
Possible moves :
8-13
3-7
5-9

Chosen move : 
5-9
,------------------------,    ,------------------------,
|    .     .     .     b |    |     0     1     2     3|
| .     .     W     .    |    |  4     5     6     7   |
|    b     b     .     . |    |     8     9    10    11|
| b     .     w     .    |    | 12    13    14    15   |
|    w     .     .     w |    |    16    17    18    19|
| w     w     w     .    |    | 20    21    22    23   |
|    .     w     .     w |    |    24    25    26    27|
| w     .     .     w    |    | 28    29    30    31   |
'------------------------'    '------------------------'

White's turn to play.
Possible moves :
6x13x4

Chosen move : 
6x13x4
,------------------------,    ,------------------------,
|    .     .     .     b |    |     0     1     2     3|
| W     .     .     .    |    |  4     5     6     7   |
|    .     .     .     . |    |     8     9    10    11|
| b     .     w     .    |    | 12    13    14    15   |
|    w     .     .     w |    |    16    17    18    19|
| w     w     w     .    |    | 20    21    22    23   |
|    .     w     .     w |    |    24    25    26    27|
| w     .     .     w    |    | 28    29    30    31   |
'------------------------'    '------------------------'

Black's turn to play.
Possible moves :
3-7

Chosen move : 
3-7
,------------------------,    ,------------------------,
|    .     .     .     . |    |     0     1     2     3|
| W     .     .     b    |    |  4     5     6     7   |
|    .     .     .     . |    |     8     9    10    11|
| b     .     w     .    |    | 12    13    14    15   |
|    w     .     .     w |    |    16    17    18    19|
| w     w     w     .    |    | 20    21    22    23   |
|    .     w     .     w |    |    24    25    26    27|
| w     .     .     w    |    | 28    29    30    31   |
'------------------------'    '------------------------'

White's turn to play.
Possible moves :
14-10
19-15
21-17
31-26
27-23
28-24
4-0
14-9
4-8
22-18
16-13
22-17

Chosen move : 
19-15
,------------------------,    ,------------------------,
|    .     .     .     . |    |     0     1     2     3|
| W     .     .     b    |    |  4     5     6     7   |
|    .     .     .     . |    |     8     9    10    11|
| b     .     w     w    |    | 12    13    14    15   |
|    w     .     .     . |    |    16    17    18    19|
| w     w     w     .    |    | 20    21    22    23   |
|    .     w     .     w |    |    24    25    26    27|
| w     .     .     w    |    | 28    29    30    31   |
'------------------------'    '------------------------'

Black's turn to play.
Possible moves :
7-10
7-11

Chosen move : 
7-11
,------------------------,    ,------------------------,
|    .     .     .     . |    |     0     1     2     3|
| W     .     .     .    |    |  4     5     6     7   |
|    .     .     .     b |    |     8     9    10    11|
| b     .     w     w    |    | 12    13    14    15   |
|    w     .     .     . |    |    16    17    18    19|
| w     w     w     .    |    | 20    21    22    23   |
|    .     w     .     w |    |    24    25    26    27|
| w     .     .     w    |    | 28    29    30    31   |
'------------------------'    '------------------------'

White's turn to play.
Possible moves :
16-13
31-26
22-18
4-0
15-10
22-17
4-8
14-9
14-10
21-17
27-23
28-24

Chosen move : 
22-18
,------------------------,    ,------------------------,
|    .     .     .     . |    |     0     1     2     3|
| W     .     .     .    |    |  4     5     6     7   |
|    .     .     .     b |    |     8     9    10    11|
| b     .     w     w    |    | 12    13    14    15   |
|    w     .     w     . |    |    16    17    18    19|
| w     w     .     .    |    | 20    21    22    23   |
|    .     w     .     w |    |    24    25    26    27|
| w     .     .     w    |    | 28    29    30    31   |
'------------------------'    '------------------------'

Black's turn to play.
End of Game !

#PDN#
[Event "IN104 CS Project"]
[Site "ENSTA ParisTech, Palaiseau, FRA"]
[GameType “21,W,8,8,N2,0”] {Whites begin}
[Date "Sat Apr  2 15:24:46 2016"]
[Round "?"]
[White "Master minmax"]
[WhiteType "Program"]
[Black "Random Guesser"]
[BlackType "Program"]
[Result "1-0"] {White (Master minmax) wins}
[WhiteTime "1.3956456184387207"]
[BlackTime "0.020926475524902344"]

1.23-18 9-14 2.18x9 5x14 3.26-23 8-13 4.23-19 11-15 5.21-16 0-5 6.16x9x18x11 10-15 7.11x18 7-11 8.24-21 11-15 9.18x11 6-10 10.29-24 10-14 11.30-26 5-8 12.26-23 8-12 13.20-16 2-7 14.11x2 14-18 15.23x14 1-5 16.24-20 4-8 17.2-6 5-9 18.6x13x4 3-7 19.19-15 7-11 20.22-18  1-0 *
