Beginning of the game
,------------------------,    ,------------------------,
|    b     b     b     b |    |     0     1     2     3|
| b     b     b     b    |    |  4     5     6     7   |
|    b     b     b     b |    |     8     9    10    11|
| .     .     .     .    |    | 12    13    14    15   |
|    .     .     .     . |    |    16    17    18    19|
| w     w     w     w    |    | 20    21    22    23   |
|    w     w     w     w |    |    24    25    26    27|
| w     w     w     w    |    | 28    29    30    31   |
'------------------------'    '------------------------'

White's turn to play.
Possible moves :
21-17
21-16
23-18
22-18
22-17
20-16
23-19

Chosen move : 
23-19
,------------------------,    ,------------------------,
|    b     b     b     b |    |     0     1     2     3|
| b     b     b     b    |    |  4     5     6     7   |
|    b     b     b     b |    |     8     9    10    11|
| .     .     .     .    |    | 12    13    14    15   |
|    .     .     .     w |    |    16    17    18    19|
| w     w     w     .    |    | 20    21    22    23   |
|    w     w     w     w |    |    24    25    26    27|
| w     w     w     w    |    | 28    29    30    31   |
'------------------------'    '------------------------'

Black's turn to play.
Possible moves :
11-15
9-13
8-12
10-15
10-14
9-14
8-13

Chosen move : 
10-15
,------------------------,    ,------------------------,
|    b     b     b     b |    |     0     1     2     3|
| b     b     b     b    |    |  4     5     6     7   |
|    b     b     .     b |    |     8     9    10    11|
| .     .     .     b    |    | 12    13    14    15   |
|    .     .     .     w |    |    16    17    18    19|
| w     w     w     .    |    | 20    21    22    23   |
|    w     w     w     w |    |    24    25    26    27|
| w     w     w     w    |    | 28    29    30    31   |
'------------------------'    '------------------------'

White's turn to play.
Possible moves :
19x10

Chosen move : 
19x10
,------------------------,    ,------------------------,
|    b     b     b     b |    |     0     1     2     3|
| b     b     b     b    |    |  4     5     6     7   |
|    b     b     w     b |    |     8     9    10    11|
| .     .     .     .    |    | 12    13    14    15   |
|    .     .     .     . |    |    16    17    18    19|
| w     w     w     .    |    | 20    21    22    23   |
|    w     w     w     w |    |    24    25    26    27|
| w     w     w     w    |    | 28    29    30    31   |
'------------------------'    '------------------------'

Black's turn to play.
Possible moves :
7x14
6x15

Chosen move : 
7x14
,------------------------,    ,------------------------,
|    b     b     b     b |    |     0     1     2     3|
| b     b     b     .    |    |  4     5     6     7   |
|    b     b     .     b |    |     8     9    10    11|
| .     .     b     .    |    | 12    13    14    15   |
|    .     .     .     . |    |    16    17    18    19|
| w     w     w     .    |    | 20    21    22    23   |
|    w     w     w     w |    |    24    25    26    27|
| w     w     w     w    |    | 28    29    30    31   |
'------------------------'    '------------------------'

White's turn to play.
Possible moves :
21-16
26-23
22-17
27-23
22-18
21-17
20-16

Chosen move : 
26-23
,------------------------,    ,------------------------,
|    b     b     b     b |    |     0     1     2     3|
| b     b     b     .    |    |  4     5     6     7   |
|    b     b     .     b |    |     8     9    10    11|
| .     .     b     .    |    | 12    13    14    15   |
|    .     .     .     . |    |    16    17    18    19|
| w     w     w     w    |    | 20    21    22    23   |
|    w     w     .     w |    |    24    25    26    27|
| w     w     w     w    |    | 28    29    30    31   |
'------------------------'    '------------------------'

Black's turn to play.
Possible moves :
8-13
11-15
2-7
3-7
8-12
14-17
9-13
14-18
6-10

Chosen move : 
8-12
,------------------------,    ,------------------------,
|    b     b     b     b |    |     0     1     2     3|
| b     b     b     .    |    |  4     5     6     7   |
|    .     b     .     b |    |     8     9    10    11|
| b     .     b     .    |    | 12    13    14    15   |
|    .     .     .     . |    |    16    17    18    19|
| w     w     w     w    |    | 20    21    22    23   |
|    w     w     .     w |    |    24    25    26    27|
| w     w     w     w    |    | 28    29    30    31   |
'------------------------'    '------------------------'

White's turn to play.
Possible moves :
22-18
30-26
31-26
21-17
23-18
20-16
22-17
23-19
21-16

Chosen move : 
21-17
,------------------------,    ,------------------------,
|    b     b     b     b |    |     0     1     2     3|
| b     b     b     .    |    |  4     5     6     7   |
|    .     b     .     b |    |     8     9    10    11|
| b     .     b     .    |    | 12    13    14    15   |
|    .     w     .     . |    |    16    17    18    19|
| w     .     w     w    |    | 20    21    22    23   |
|    w     w     .     w |    |    24    25    26    27|
| w     w     w     w    |    | 28    29    30    31   |
'------------------------'    '------------------------'

Black's turn to play.
Possible moves :
14x21

Chosen move : 
14x21
,------------------------,    ,------------------------,
|    b     b     b     b |    |     0     1     2     3|
| b     b     b     .    |    |  4     5     6     7   |
|    .     b     .     b |    |     8     9    10    11|
| b     .     .     .    |    | 12    13    14    15   |
|    .     .     .     . |    |    16    17    18    19|
| w     b     w     w    |    | 20    21    22    23   |
|    w     w     .     w |    |    24    25    26    27|
| w     w     w     w    |    | 28    29    30    31   |
'------------------------'    '------------------------'

White's turn to play.
Possible moves :
25x16
24x17

Chosen move : 
25x16
,------------------------,    ,------------------------,
|    b     b     b     b |    |     0     1     2     3|
| b     b     b     .    |    |  4     5     6     7   |
|    .     b     .     b |    |     8     9    10    11|
| b     .     .     .    |    | 12    13    14    15   |
|    w     .     .     . |    |    16    17    18    19|
| w     .     w     w    |    | 20    21    22    23   |
|    w     .     .     w |    |    24    25    26    27|
| w     w     w     w    |    | 28    29    30    31   |
'------------------------'    '------------------------'

Black's turn to play.
Possible moves :
12x21

Chosen move : 
12x21
,------------------------,    ,------------------------,
|    b     b     b     b |    |     0     1     2     3|
| b     b     b     .    |    |  4     5     6     7   |
|    .     b     .     b |    |     8     9    10    11|
| .     .     .     .    |    | 12    13    14    15   |
|    .     .     .     . |    |    16    17    18    19|
| w     b     w     w    |    | 20    21    22    23   |
|    w     .     .     w |    |    24    25    26    27|
| w     w     w     w    |    | 28    29    30    31   |
'------------------------'    '------------------------'

White's turn to play.
Possible moves :
24x17

Chosen move : 
24x17
,------------------------,    ,------------------------,
|    b     b     b     b |    |     0     1     2     3|
| b     b     b     .    |    |  4     5     6     7   |
|    .     b     .     b |    |     8     9    10    11|
| .     .     .     .    |    | 12    13    14    15   |
|    .     w     .     . |    |    16    17    18    19|
| w     .     w     w    |    | 20    21    22    23   |
|    .     .     .     w |    |    24    25    26    27|
| w     w     w     w    |    | 28    29    30    31   |
'------------------------'    '------------------------'

Black's turn to play.
Possible moves :
11-15
9-13
6-10
2-7
3-7
4-8
5-8
9-14

Chosen move : 
3-7
,------------------------,    ,------------------------,
|    b     b     b     . |    |     0     1     2     3|
| b     b     b     b    |    |  4     5     6     7   |
|    .     b     .     b |    |     8     9    10    11|
| .     .     .     .    |    | 12    13    14    15   |
|    .     w     .     . |    |    16    17    18    19|
| w     .     w     w    |    | 20    21    22    23   |
|    .     .     .     w |    |    24    25    26    27|
| w     w     w     w    |    | 28    29    30    31   |
'------------------------'    '------------------------'

White's turn to play.
Possible moves :
30-25
31-26
23-18
30-26
20-16
29-25
29-24
28-24
22-18
17-14
17-13
23-19

Chosen move : 
30-25
,------------------------,    ,------------------------,
|    b     b     b     . |    |     0     1     2     3|
| b     b     b     b    |    |  4     5     6     7   |
|    .     b     .     b |    |     8     9    10    11|
| .     .     .     .    |    | 12    13    14    15   |
|    .     w     .     . |    |    16    17    18    19|
| w     .     w     w    |    | 20    21    22    23   |
|    .     w     .     w |    |    24    25    26    27|
| w     w     .     w    |    | 28    29    30    31   |
'------------------------'    '------------------------'

Black's turn to play.
Possible moves :
9-14
7-10
4-8
9-13
11-15
6-10
5-8

Chosen move : 
11-15
,------------------------,    ,------------------------,
|    b     b     b     . |    |     0     1     2     3|
| b     b     b     b    |    |  4     5     6     7   |
|    .     b     .     . |    |     8     9    10    11|
| .     .     .     b    |    | 12    13    14    15   |
|    .     w     .     . |    |    16    17    18    19|
| w     .     w     w    |    | 20    21    22    23   |
|    .     w     .     w |    |    24    25    26    27|
| w     w     .     w    |    | 28    29    30    31   |
'------------------------'    '------------------------'

White's turn to play.
Possible moves :
25-21
17-14
17-13
20-16
31-26
29-24
28-24
23-18
23-19
22-18

Chosen move : 
17-14
,------------------------,    ,------------------------,
|    b     b     b     . |    |     0     1     2     3|
| b     b     b     b    |    |  4     5     6     7   |
|    .     b     .     . |    |     8     9    10    11|
| .     .     w     b    |    | 12    13    14    15   |
|    .     .     .     . |    |    16    17    18    19|
| w     .     w     w    |    | 20    21    22    23   |
|    .     w     .     w |    |    24    25    26    27|
| w     w     .     w    |    | 28    29    30    31   |
'------------------------'    '------------------------'

Black's turn to play.
Possible moves :
9x18

Chosen move : 
9x18
,------------------------,    ,------------------------,
|    b     b     b     . |    |     0     1     2     3|
| b     b     b     b    |    |  4     5     6     7   |
|    .     .     .     . |    |     8     9    10    11|
| .     .     .     b    |    | 12    13    14    15   |
|    .     .     b     . |    |    16    17    18    19|
| w     .     w     w    |    | 20    21    22    23   |
|    .     w     .     w |    |    24    25    26    27|
| w     w     .     w    |    | 28    29    30    31   |
'------------------------'    '------------------------'

White's turn to play.
Possible moves :
23x14

Chosen move : 
23x14
,------------------------,    ,------------------------,
|    b     b     b     . |    |     0     1     2     3|
| b     b     b     b    |    |  4     5     6     7   |
|    .     .     .     . |    |     8     9    10    11|
| .     .     w     b    |    | 12    13    14    15   |
|    .     .     .     . |    |    16    17    18    19|
| w     .     w     .    |    | 20    21    22    23   |
|    .     w     .     w |    |    24    25    26    27|
| w     w     .     w    |    | 28    29    30    31   |
'------------------------'    '------------------------'

Black's turn to play.
Possible moves :
15-19
4-8
5-9
5-8
6-10
6-9
15-18
7-10
7-11

Chosen move : 
6-9
,------------------------,    ,------------------------,
|    b     b     b     . |    |     0     1     2     3|
| b     b     .     b    |    |  4     5     6     7   |
|    .     b     .     . |    |     8     9    10    11|
| .     .     w     b    |    | 12    13    14    15   |
|    .     .     .     . |    |    16    17    18    19|
| w     .     w     .    |    | 20    21    22    23   |
|    .     w     .     w |    |    24    25    26    27|
| w     w     .     w    |    | 28    29    30    31   |
'------------------------'    '------------------------'

White's turn to play.
Possible moves :
14-10
20-16
27-23
25-21
31-26
28-24
22-17
29-24
22-18

Chosen move : 
22-18
,------------------------,    ,------------------------,
|    b     b     b     . |    |     0     1     2     3|
| b     b     .     b    |    |  4     5     6     7   |
|    .     b     .     . |    |     8     9    10    11|
| .     .     w     b    |    | 12    13    14    15   |
|    .     .     w     . |    |    16    17    18    19|
| w     .     .     .    |    | 20    21    22    23   |
|    .     w     .     w |    |    24    25    26    27|
| w     w     .     w    |    | 28    29    30    31   |
'------------------------'    '------------------------'

Black's turn to play.
Possible moves :
15x22

Chosen move : 
15x22
,------------------------,    ,------------------------,
|    b     b     b     . |    |     0     1     2     3|
| b     b     .     b    |    |  4     5     6     7   |
|    .     b     .     . |    |     8     9    10    11|
| .     .     w     .    |    | 12    13    14    15   |
|    .     .     .     . |    |    16    17    18    19|
| w     .     b     .    |    | 20    21    22    23   |
|    .     w     .     w |    |    24    25    26    27|
| w     w     .     w    |    | 28    29    30    31   |
'------------------------'    '------------------------'

White's turn to play.
Possible moves :
25x18

Chosen move : 
25x18
,------------------------,    ,------------------------,
|    b     b     b     . |    |     0     1     2     3|
| b     b     .     b    |    |  4     5     6     7   |
|    .     b     .     . |    |     8     9    10    11|
| .     .     w     .    |    | 12    13    14    15   |
|    .     .     w     . |    |    16    17    18    19|
| w     .     .     .    |    | 20    21    22    23   |
|    .     .     .     w |    |    24    25    26    27|
| w     w     .     w    |    | 28    29    30    31   |
'------------------------'    '------------------------'

Black's turn to play.
Possible moves :
7-10
2-6
7-11
4-8
1-6
9-13
5-8

Chosen move : 
1-6
,------------------------,    ,------------------------,
|    b     .     b     . |    |     0     1     2     3|
| b     b     b     b    |    |  4     5     6     7   |
|    .     b     .     . |    |     8     9    10    11|
| .     .     w     .    |    | 12    13    14    15   |
|    .     .     w     . |    |    16    17    18    19|
| w     .     .     .    |    | 20    21    22    23   |
|    .     .     .     w |    |    24    25    26    27|
| w     w     .     w    |    | 28    29    30    31   |
'------------------------'    '------------------------'

White's turn to play.
Possible moves :
20-16
31-26
29-24
14-10
18-15
29-25
27-23
28-24

Chosen move : 
20-16
,------------------------,    ,------------------------,
|    b     .     b     . |    |     0     1     2     3|
| b     b     b     b    |    |  4     5     6     7   |
|    .     b     .     . |    |     8     9    10    11|
| .     .     w     .    |    | 12    13    14    15   |
|    w     .     w     . |    |    16    17    18    19|
| .     .     .     .    |    | 20    21    22    23   |
|    .     .     .     w |    |    24    25    26    27|
| w     w     .     w    |    | 28    29    30    31   |
'------------------------'    '------------------------'

Black's turn to play.
Possible moves :
6-10
7-10
9-13
5-8
4-8
7-11

Chosen move : 
7-11
,------------------------,    ,------------------------,
|    b     .     b     . |    |     0     1     2     3|
| b     b     b     .    |    |  4     5     6     7   |
|    .     b     .     b |    |     8     9    10    11|
| .     .     w     .    |    | 12    13    14    15   |
|    w     .     w     . |    |    16    17    18    19|
| .     .     .     .    |    | 20    21    22    23   |
|    .     .     .     w |    |    24    25    26    27|
| w     w     .     w    |    | 28    29    30    31   |
'------------------------'    '------------------------'

White's turn to play.
Possible moves :
16-12
28-24
14-10
29-25
29-24
27-23
31-26
18-15
16-13

Chosen move : 
16-12
,------------------------,    ,------------------------,
|    b     .     b     . |    |     0     1     2     3|
| b     b     b     .    |    |  4     5     6     7   |
|    .     b     .     b |    |     8     9    10    11|
| w     .     w     .    |    | 12    13    14    15   |
|    .     .     w     . |    |    16    17    18    19|
| .     .     .     .    |    | 20    21    22    23   |
|    .     .     .     w |    |    24    25    26    27|
| w     w     .     w    |    | 28    29    30    31   |
'------------------------'    '------------------------'

Black's turn to play.
Possible moves :
11-15
9-13
6-10
5-8
2-7
4-8

Chosen move : 
6-10
,------------------------,    ,------------------------,
|    b     .     b     . |    |     0     1     2     3|
| b     b     .     .    |    |  4     5     6     7   |
|    .     b     b     b |    |     8     9    10    11|
| w     .     w     .    |    | 12    13    14    15   |
|    .     .     w     . |    |    16    17    18    19|
| .     .     .     .    |    | 20    21    22    23   |
|    .     .     .     w |    |    24    25    26    27|
| w     w     .     w    |    | 28    29    30    31   |
'------------------------'    '------------------------'

White's turn to play.
Possible moves :
14x7

Chosen move : 
14x7
,------------------------,    ,------------------------,
|    b     .     b     . |    |     0     1     2     3|
| b     b     .     w    |    |  4     5     6     7   |
|    .     b     .     b |    |     8     9    10    11|
| w     .     .     .    |    | 12    13    14    15   |
|    .     .     w     . |    |    16    17    18    19|
| .     .     .     .    |    | 20    21    22    23   |
|    .     .     .     w |    |    24    25    26    27|
| w     w     .     w    |    | 28    29    30    31   |
'------------------------'    '------------------------'

Black's turn to play.
Possible moves :
9-14
5-8
2-6
9-13
4-8
11-15

Chosen move : 
9-13
,------------------------,    ,------------------------,
|    b     .     b     . |    |     0     1     2     3|
| b     b     .     w    |    |  4     5     6     7   |
|    .     .     .     b |    |     8     9    10    11|
| w     b     .     .    |    | 12    13    14    15   |
|    .     .     w     . |    |    16    17    18    19|
| .     .     .     .    |    | 20    21    22    23   |
|    .     .     .     w |    |    24    25    26    27|
| w     w     .     w    |    | 28    29    30    31   |
'------------------------'    '------------------------'

White's turn to play.
Possible moves :
27-23
31-26
18-14
12-8
29-25
18-15
29-24
28-24
7-3

Chosen move : 
7-3
,------------------------,    ,------------------------,
|    b     .     b     W |    |     0     1     2     3|
| b     b     .     .    |    |  4     5     6     7   |
|    .     .     .     b |    |     8     9    10    11|
| w     b     .     .    |    | 12    13    14    15   |
|    .     .     w     . |    |    16    17    18    19|
| .     .     .     .    |    | 20    21    22    23   |
|    .     .     .     w |    |    24    25    26    27|
| w     w     .     w    |    | 28    29    30    31   |
'------------------------'    '------------------------'

Black's turn to play.
Possible moves :
2-7
5-8
11-15
4-8
2-6
13-16
13-17
5-9

Chosen move : 
5-8
,------------------------,    ,------------------------,
|    b     .     b     W |    |     0     1     2     3|
| b     .     .     .    |    |  4     5     6     7   |
|    b     .     .     b |    |     8     9    10    11|
| w     b     .     .    |    | 12    13    14    15   |
|    .     .     w     . |    |    16    17    18    19|
| .     .     .     .    |    | 20    21    22    23   |
|    .     .     .     w |    |    24    25    26    27|
| w     w     .     w    |    | 28    29    30    31   |
'------------------------'    '------------------------'

White's turn to play.
Possible moves :
12x5

Chosen move : 
12x5
,------------------------,    ,------------------------,
|    b     .     b     W |    |     0     1     2     3|
| b     w     .     .    |    |  4     5     6     7   |
|    .     .     .     b |    |     8     9    10    11|
| .     b     .     .    |    | 12    13    14    15   |
|    .     .     w     . |    |    16    17    18    19|
| .     .     .     .    |    | 20    21    22    23   |
|    .     .     .     w |    |    24    25    26    27|
| w     w     .     w    |    | 28    29    30    31   |
'------------------------'    '------------------------'

Black's turn to play.
Possible moves :
0x9

Chosen move : 
0x9
,------------------------,    ,------------------------,
|    .     .     b     W |    |     0     1     2     3|
| b     .     .     .    |    |  4     5     6     7   |
|    .     b     .     b |    |     8     9    10    11|
| .     b     .     .    |    | 12    13    14    15   |
|    .     .     w     . |    |    16    17    18    19|
| .     .     .     .    |    | 20    21    22    23   |
|    .     .     .     w |    |    24    25    26    27|
| w     w     .     w    |    | 28    29    30    31   |
'------------------------'    '------------------------'

White's turn to play.
Possible moves :
18-15
28-24
29-25
3-7
31-26
18-14
29-24
27-23

Chosen move : 
29-25
,------------------------,    ,------------------------,
|    .     .     b     W |    |     0     1     2     3|
| b     .     .     .    |    |  4     5     6     7   |
|    .     b     .     b |    |     8     9    10    11|
| .     b     .     .    |    | 12    13    14    15   |
|    .     .     w     . |    |    16    17    18    19|
| .     .     .     .    |    | 20    21    22    23   |
|    .     w     .     w |    |    24    25    26    27|
| w     .     .     w    |    | 28    29    30    31   |
'------------------------'    '------------------------'

Black's turn to play.
Possible moves :
2-6
4-8
9-14
13-16
2-7
13-17
11-15

Chosen move : 
11-15
,------------------------,    ,------------------------,
|    .     .     b     W |    |     0     1     2     3|
| b     .     .     .    |    |  4     5     6     7   |
|    .     b     .     . |    |     8     9    10    11|
| .     b     .     b    |    | 12    13    14    15   |
|    .     .     w     . |    |    16    17    18    19|
| .     .     .     .    |    | 20    21    22    23   |
|    .     w     .     w |    |    24    25    26    27|
| w     .     .     w    |    | 28    29    30    31   |
'------------------------'    '------------------------'

White's turn to play.
Possible moves :
18x11

Chosen move : 
18x11
,------------------------,    ,------------------------,
|    .     .     b     W |    |     0     1     2     3|
| b     .     .     .    |    |  4     5     6     7   |
|    .     b     .     w |    |     8     9    10    11|
| .     b     .     .    |    | 12    13    14    15   |
|    .     .     .     . |    |    16    17    18    19|
| .     .     .     .    |    | 20    21    22    23   |
|    .     w     .     w |    |    24    25    26    27|
| w     .     .     w    |    | 28    29    30    31   |
'------------------------'    '------------------------'

Black's turn to play.
Possible moves :
4-8
2-7
13-17
2-6
9-14
13-16

Chosen move : 
4-8
,------------------------,    ,------------------------,
|    .     .     b     W |    |     0     1     2     3|
| .     .     .     .    |    |  4     5     6     7   |
|    b     b     .     w |    |     8     9    10    11|
| .     b     .     .    |    | 12    13    14    15   |
|    .     .     .     . |    |    16    17    18    19|
| .     .     .     .    |    | 20    21    22    23   |
|    .     w     .     w |    |    24    25    26    27|
| w     .     .     w    |    | 28    29    30    31   |
'------------------------'    '------------------------'

White's turn to play.
Possible moves :
31-26
25-22
25-21
28-24
11-7
27-23
3-7

Chosen move : 
25-22
,------------------------,    ,------------------------,
|    .     .     b     W |    |     0     1     2     3|
| .     .     .     .    |    |  4     5     6     7   |
|    b     b     .     w |    |     8     9    10    11|
| .     b     .     .    |    | 12    13    14    15   |
|    .     .     .     . |    |    16    17    18    19|
| .     .     w     .    |    | 20    21    22    23   |
|    .     .     .     w |    |    24    25    26    27|
| w     .     .     w    |    | 28    29    30    31   |
'------------------------'    '------------------------'

Black's turn to play.
Possible moves :
13-16
9-14
2-6
8-12
13-17
2-7

Chosen move : 
13-16
,------------------------,    ,------------------------,
|    .     .     b     W |    |     0     1     2     3|
| .     .     .     .    |    |  4     5     6     7   |
|    b     b     .     w |    |     8     9    10    11|
| .     .     .     .    |    | 12    13    14    15   |
|    b     .     .     . |    |    16    17    18    19|
| .     .     w     .    |    | 20    21    22    23   |
|    .     .     .     w |    |    24    25    26    27|
| w     .     .     w    |    | 28    29    30    31   |
'------------------------'    '------------------------'

White's turn to play.
Possible moves :
28-24
27-23
3-7
11-7
22-18
31-26
22-17

Chosen move : 
28-24
,------------------------,    ,------------------------,
|    .     .     b     W |    |     0     1     2     3|
| .     .     .     .    |    |  4     5     6     7   |
|    b     b     .     w |    |     8     9    10    11|
| .     .     .     .    |    | 12    13    14    15   |
|    b     .     .     . |    |    16    17    18    19|
| .     .     w     .    |    | 20    21    22    23   |
|    w     .     .     w |    |    24    25    26    27|
| .     .     .     w    |    | 28    29    30    31   |
'------------------------'    '------------------------'

Black's turn to play.
Possible moves :
16-21
8-13
16-20
2-7
9-14
2-6
9-13
8-12

Chosen move : 
8-12
,------------------------,    ,------------------------,
|    .     .     b     W |    |     0     1     2     3|
| .     .     .     .    |    |  4     5     6     7   |
|    .     b     .     w |    |     8     9    10    11|
| b     .     .     .    |    | 12    13    14    15   |
|    b     .     .     . |    |    16    17    18    19|
| .     .     w     .    |    | 20    21    22    23   |
|    w     .     .     w |    |    24    25    26    27|
| .     .     .     w    |    | 28    29    30    31   |
'------------------------'    '------------------------'

White's turn to play.
Possible moves :
27-23
31-26
11-7
3-7
22-17
24-20
24-21
22-18

Chosen move : 
27-23
,------------------------,    ,------------------------,
|    .     .     b     W |    |     0     1     2     3|
| .     .     .     .    |    |  4     5     6     7   |
|    .     b     .     w |    |     8     9    10    11|
| b     .     .     .    |    | 12    13    14    15   |
|    b     .     .     . |    |    16    17    18    19|
| .     .     w     w    |    | 20    21    22    23   |
|    w     .     .     . |    |    24    25    26    27|
| .     .     .     w    |    | 28    29    30    31   |
'------------------------'    '------------------------'

Black's turn to play.
Possible moves :
2-7
16-21
2-6
16-20
9-13
9-14

Chosen move : 
9-13
,------------------------,    ,------------------------,
|    .     .     b     W |    |     0     1     2     3|
| .     .     .     .    |    |  4     5     6     7   |
|    .     .     .     w |    |     8     9    10    11|
| b     b     .     .    |    | 12    13    14    15   |
|    b     .     .     . |    |    16    17    18    19|
| .     .     w     w    |    | 20    21    22    23   |
|    w     .     .     . |    |    24    25    26    27|
| .     .     .     w    |    | 28    29    30    31   |
'------------------------'    '------------------------'

White's turn to play.
Possible moves :
23-18
22-17
31-27
31-26
11-7
3-7
24-21
24-20
23-19
22-18

Chosen move : 
23-18
,------------------------,    ,------------------------,
|    .     .     b     W |    |     0     1     2     3|
| .     .     .     .    |    |  4     5     6     7   |
|    .     .     .     w |    |     8     9    10    11|
| b     b     .     .    |    | 12    13    14    15   |
|    b     .     w     . |    |    16    17    18    19|
| .     .     w     .    |    | 20    21    22    23   |
|    w     .     .     . |    |    24    25    26    27|
| .     .     .     w    |    | 28    29    30    31   |
'------------------------'    '------------------------'

Black's turn to play.
Possible moves :
16-20
2-7
16-21
2-6
13-17

Chosen move : 
13-17
,------------------------,    ,------------------------,
|    .     .     b     W |    |     0     1     2     3|
| .     .     .     .    |    |  4     5     6     7   |
|    .     .     .     w |    |     8     9    10    11|
| b     .     .     .    |    | 12    13    14    15   |
|    b     b     w     . |    |    16    17    18    19|
| .     .     w     .    |    | 20    21    22    23   |
|    w     .     .     . |    |    24    25    26    27|
| .     .     .     w    |    | 28    29    30    31   |
'------------------------'    '------------------------'

White's turn to play.
Possible moves :
22x13x20

Chosen move : 
22x13x20
,------------------------,    ,------------------------,
|    .     .     b     W |    |     0     1     2     3|
| .     .     .     .    |    |  4     5     6     7   |
|    .     .     .     w |    |     8     9    10    11|
| b     .     .     .    |    | 12    13    14    15   |
|    .     .     w     . |    |    16    17    18    19|
| w     .     .     .    |    | 20    21    22    23   |
|    w     .     .     . |    |    24    25    26    27|
| .     .     .     w    |    | 28    29    30    31   |
'------------------------'    '------------------------'

Black's turn to play.
Possible moves :
2-7
2-6
12-16

Chosen move : 
2-6
,------------------------,    ,------------------------,
|    .     .     .     W |    |     0     1     2     3|
| .     .     b     .    |    |  4     5     6     7   |
|    .     .     .     w |    |     8     9    10    11|
| b     .     .     .    |    | 12    13    14    15   |
|    .     .     w     . |    |    16    17    18    19|
| w     .     .     .    |    | 20    21    22    23   |
|    w     .     .     . |    |    24    25    26    27|
| .     .     .     w    |    | 28    29    30    31   |
'------------------------'    '------------------------'

White's turn to play.
Possible moves :
18-14
18-15
3-7
31-26
31-27
24-21
11-7
20-16

Chosen move : 
18-14
,------------------------,    ,------------------------,
|    .     .     .     W |    |     0     1     2     3|
| .     .     b     .    |    |  4     5     6     7   |
|    .     .     .     w |    |     8     9    10    11|
| b     .     w     .    |    | 12    13    14    15   |
|    .     .     .     . |    |    16    17    18    19|
| w     .     .     .    |    | 20    21    22    23   |
|    w     .     .     . |    |    24    25    26    27|
| .     .     .     w    |    | 28    29    30    31   |
'------------------------'    '------------------------'

Black's turn to play.
Possible moves :
12-16
6-9
6-10

Chosen move : 
6-10
,------------------------,    ,------------------------,
|    .     .     .     W |    |     0     1     2     3|
| .     .     .     .    |    |  4     5     6     7   |
|    .     .     b     w |    |     8     9    10    11|
| b     .     w     .    |    | 12    13    14    15   |
|    .     .     .     . |    |    16    17    18    19|
| w     .     .     .    |    | 20    21    22    23   |
|    w     .     .     . |    |    24    25    26    27|
| .     .     .     w    |    | 28    29    30    31   |
'------------------------'    '------------------------'

White's turn to play.
Possible moves :
14x7

Chosen move : 
14x7
,------------------------,    ,------------------------,
|    .     .     .     W |    |     0     1     2     3|
| .     .     .     w    |    |  4     5     6     7   |
|    .     .     .     w |    |     8     9    10    11|
| b     .     .     .    |    | 12    13    14    15   |
|    .     .     .     . |    |    16    17    18    19|
| w     .     .     .    |    | 20    21    22    23   |
|    w     .     .     . |    |    24    25    26    27|
| .     .     .     w    |    | 28    29    30    31   |
'------------------------'    '------------------------'

Black's turn to play.
Possible moves :
12-16

Chosen move : 
12-16
,------------------------,    ,------------------------,
|    .     .     .     W |    |     0     1     2     3|
| .     .     .     w    |    |  4     5     6     7   |
|    .     .     .     w |    |     8     9    10    11|
| .     .     .     .    |    | 12    13    14    15   |
|    b     .     .     . |    |    16    17    18    19|
| w     .     .     .    |    | 20    21    22    23   |
|    w     .     .     . |    |    24    25    26    27|
| .     .     .     w    |    | 28    29    30    31   |
'------------------------'    '------------------------'

White's turn to play.
Possible moves :
20x13

Chosen move : 
20x13
,------------------------,    ,------------------------,
|    .     .     .     W |    |     0     1     2     3|
| .     .     .     w    |    |  4     5     6     7   |
|    .     .     .     w |    |     8     9    10    11|
| .     w     .     .    |    | 12    13    14    15   |
|    .     .     .     . |    |    16    17    18    19|
| .     .     .     .    |    | 20    21    22    23   |
|    w     .     .     . |    |    24    25    26    27|
| .     .     .     w    |    | 28    29    30    31   |
'------------------------'    '------------------------'

Black's turn to play.
End of Game !

#PDN#
[Event "IN104 CS Project"]
[Site "ENSTA ParisTech, Palaiseau, FRA"]
[GameType “21,W,8,8,N2,0”] {Whites begin}
[Date "Fri Apr  1 22:37:59 2016"]
[Round "?"]
[White "Master minmax"]
[WhiteType "Program"]
[Black "Random Guesser"]
[BlackType "Program"]
[Result "1-0"] {White (Master minmax) wins}
[WhiteTime "7.720776796340942"]
[BlackTime "0.02335643768310547"]

1.23-19 10-15 2.19x10 7x14 3.26-23 8-12 4.21-17 14x21 5.25x16 12x21 6.24x17 3-7 7.30-25 11-15 8.17-14 9x18 9.23x14 6-9 10.22-18 15x22 11.25x18 1-6 12.20-16 7-11 13.16-12 6-10 14.14x7 9-13 15.7-3 5-8 16.12x5 0x9 17.29-25 11-15 18.18x11 4-8 19.25-22 13-16 20.28-24 8-12 21.27-23 9-13 22.23-18 13-17 23.22x13x20 2-6 24.18-14 6-10 25.14x7 12-16 26.20x13  1-0 *
