Beginning of the game
,------------------------,    ,------------------------,
|    b     b     b     b |    |     0     1     2     3|
| b     b     b     b    |    |  4     5     6     7   |
|    b     b     b     b |    |     8     9    10    11|
| .     .     .     .    |    | 12    13    14    15   |
|    .     .     .     . |    |    16    17    18    19|
| w     w     w     w    |    | 20    21    22    23   |
|    w     w     w     w |    |    24    25    26    27|
| w     w     w     w    |    | 28    29    30    31   |
'------------------------'    '------------------------'

White's turn to play.
Possible moves :
21-17
20-16
23-19
22-18
22-17
21-16
23-18

Chosen move : 
21-17
,------------------------,    ,------------------------,
|    b     b     b     b |    |     0     1     2     3|
| b     b     b     b    |    |  4     5     6     7   |
|    b     b     b     b |    |     8     9    10    11|
| .     .     .     .    |    | 12    13    14    15   |
|    .     w     .     . |    |    16    17    18    19|
| w     .     w     w    |    | 20    21    22    23   |
|    w     w     w     w |    |    24    25    26    27|
| w     w     w     w    |    | 28    29    30    31   |
'------------------------'    '------------------------'

Black's turn to play.
Possible moves :
10-15
8-13
9-13
9-14
11-15
8-12
10-14

Chosen move : 
11-15
,------------------------,    ,------------------------,
|    b     b     b     b |    |     0     1     2     3|
| b     b     b     b    |    |  4     5     6     7   |
|    b     b     b     . |    |     8     9    10    11|
| .     .     .     b    |    | 12    13    14    15   |
|    .     w     .     . |    |    16    17    18    19|
| w     .     w     w    |    | 20    21    22    23   |
|    w     w     w     w |    |    24    25    26    27|
| w     w     w     w    |    | 28    29    30    31   |
'------------------------'    '------------------------'

White's turn to play.
Possible moves :
23-18
25-21
24-21
23-19
20-16
17-13
22-18
17-14

Chosen move : 
23-18
,------------------------,    ,------------------------,
|    b     b     b     b |    |     0     1     2     3|
| b     b     b     b    |    |  4     5     6     7   |
|    b     b     b     . |    |     8     9    10    11|
| .     .     .     b    |    | 12    13    14    15   |
|    .     w     w     . |    |    16    17    18    19|
| w     .     w     .    |    | 20    21    22    23   |
|    w     w     w     w |    |    24    25    26    27|
| w     w     w     w    |    | 28    29    30    31   |
'------------------------'    '------------------------'

Black's turn to play.
Possible moves :
8-12
10-14
8-13
15-19
9-13
7-11
9-14

Chosen move : 
9-14
,------------------------,    ,------------------------,
|    b     b     b     b |    |     0     1     2     3|
| b     b     b     b    |    |  4     5     6     7   |
|    b     .     b     . |    |     8     9    10    11|
| .     .     b     b    |    | 12    13    14    15   |
|    .     w     w     . |    |    16    17    18    19|
| w     .     w     .    |    | 20    21    22    23   |
|    w     w     w     w |    |    24    25    26    27|
| w     w     w     w    |    | 28    29    30    31   |
'------------------------'    '------------------------'

White's turn to play.
Possible moves :
18x11
18x9

Chosen move : 
18x11
,------------------------,    ,------------------------,
|    b     b     b     b |    |     0     1     2     3|
| b     b     b     b    |    |  4     5     6     7   |
|    b     .     b     w |    |     8     9    10    11|
| .     .     b     .    |    | 12    13    14    15   |
|    .     w     .     . |    |    16    17    18    19|
| w     .     w     .    |    | 20    21    22    23   |
|    w     w     w     w |    |    24    25    26    27|
| w     w     w     w    |    | 28    29    30    31   |
'------------------------'    '------------------------'

Black's turn to play.
Possible moves :
14x21

Chosen move : 
14x21
,------------------------,    ,------------------------,
|    b     b     b     b |    |     0     1     2     3|
| b     b     b     b    |    |  4     5     6     7   |
|    b     .     b     w |    |     8     9    10    11|
| .     .     .     .    |    | 12    13    14    15   |
|    .     .     .     . |    |    16    17    18    19|
| w     b     w     .    |    | 20    21    22    23   |
|    w     w     w     w |    |    24    25    26    27|
| w     w     w     w    |    | 28    29    30    31   |
'------------------------'    '------------------------'

White's turn to play.
Possible moves :
24x17
25x16

Chosen move : 
24x17
,------------------------,    ,------------------------,
|    b     b     b     b |    |     0     1     2     3|
| b     b     b     b    |    |  4     5     6     7   |
|    b     .     b     w |    |     8     9    10    11|
| .     .     .     .    |    | 12    13    14    15   |
|    .     w     .     . |    |    16    17    18    19|
| w     .     w     .    |    | 20    21    22    23   |
|    .     w     w     w |    |    24    25    26    27|
| w     w     w     w    |    | 28    29    30    31   |
'------------------------'    '------------------------'

Black's turn to play.
Possible moves :
5-9
10-14
8-12
6-9
8-13
10-15

Chosen move : 
8-12
,------------------------,    ,------------------------,
|    b     b     b     b |    |     0     1     2     3|
| b     b     b     b    |    |  4     5     6     7   |
|    .     .     b     w |    |     8     9    10    11|
| b     .     .     .    |    | 12    13    14    15   |
|    .     w     .     . |    |    16    17    18    19|
| w     .     w     .    |    | 20    21    22    23   |
|    .     w     w     w |    |    24    25    26    27|
| w     w     w     w    |    | 28    29    30    31   |
'------------------------'    '------------------------'

White's turn to play.
Possible moves :
22-18
25-21
27-23
29-24
26-23
17-14
17-13
28-24
20-16

Chosen move : 
22-18
,------------------------,    ,------------------------,
|    b     b     b     b |    |     0     1     2     3|
| b     b     b     b    |    |  4     5     6     7   |
|    .     .     b     w |    |     8     9    10    11|
| b     .     .     .    |    | 12    13    14    15   |
|    .     w     w     . |    |    16    17    18    19|
| w     .     .     .    |    | 20    21    22    23   |
|    .     w     w     w |    |    24    25    26    27|
| w     w     w     w    |    | 28    29    30    31   |
'------------------------'    '------------------------'

Black's turn to play.
Possible moves :
10-15
5-9
10-14
5-8
12-16
6-9
4-8

Chosen move : 
12-16
,------------------------,    ,------------------------,
|    b     b     b     b |    |     0     1     2     3|
| b     b     b     b    |    |  4     5     6     7   |
|    .     .     b     w |    |     8     9    10    11|
| .     .     .     .    |    | 12    13    14    15   |
|    b     w     w     . |    |    16    17    18    19|
| w     .     .     .    |    | 20    21    22    23   |
|    .     w     w     w |    |    24    25    26    27|
| w     w     w     w    |    | 28    29    30    31   |
'------------------------'    '------------------------'

White's turn to play.
Possible moves :
20x13

Chosen move : 
20x13
,------------------------,    ,------------------------,
|    b     b     b     b |    |     0     1     2     3|
| b     b     b     b    |    |  4     5     6     7   |
|    .     .     b     w |    |     8     9    10    11|
| .     w     .     .    |    | 12    13    14    15   |
|    .     w     w     . |    |    16    17    18    19|
| .     .     .     .    |    | 20    21    22    23   |
|    .     w     w     w |    |    24    25    26    27|
| w     w     w     w    |    | 28    29    30    31   |
'------------------------'    '------------------------'

Black's turn to play.
Possible moves :
10-15
5-8
6-9
4-8
5-9
10-14

Chosen move : 
4-8
,------------------------,    ,------------------------,
|    b     b     b     b |    |     0     1     2     3|
| .     b     b     b    |    |  4     5     6     7   |
|    b     .     b     w |    |     8     9    10    11|
| .     w     .     .    |    | 12    13    14    15   |
|    .     w     w     . |    |    16    17    18    19|
| .     .     .     .    |    | 20    21    22    23   |
|    .     w     w     w |    |    24    25    26    27|
| w     w     w     w    |    | 28    29    30    31   |
'------------------------'    '------------------------'

White's turn to play.
Possible moves :
13x4

Chosen move : 
13x4
,------------------------,    ,------------------------,
|    b     b     b     b |    |     0     1     2     3|
| w     b     b     b    |    |  4     5     6     7   |
|    .     .     b     w |    |     8     9    10    11|
| .     .     .     .    |    | 12    13    14    15   |
|    .     w     w     . |    |    16    17    18    19|
| .     .     .     .    |    | 20    21    22    23   |
|    .     w     w     w |    |    24    25    26    27|
| w     w     w     w    |    | 28    29    30    31   |
'------------------------'    '------------------------'

Black's turn to play.
Possible moves :
5-8
10-14
6-9
10-15
5-9

Chosen move : 
5-9
,------------------------,    ,------------------------,
|    b     b     b     b |    |     0     1     2     3|
| w     .     b     b    |    |  4     5     6     7   |
|    .     b     b     w |    |     8     9    10    11|
| .     .     .     .    |    | 12    13    14    15   |
|    .     w     w     . |    |    16    17    18    19|
| .     .     .     .    |    | 20    21    22    23   |
|    .     w     w     w |    |    24    25    26    27|
| w     w     w     w    |    | 28    29    30    31   |
'------------------------'    '------------------------'

White's turn to play.
Possible moves :
17-13
25-22
26-22
25-21
17-14
27-23
18-15
29-24
18-14
26-23
28-24

Chosen move : 
25-22
,------------------------,    ,------------------------,
|    b     b     b     b |    |     0     1     2     3|
| w     .     b     b    |    |  4     5     6     7   |
|    .     b     b     w |    |     8     9    10    11|
| .     .     .     .    |    | 12    13    14    15   |
|    .     w     w     . |    |    16    17    18    19|
| .     .     w     .    |    | 20    21    22    23   |
|    .     .     w     w |    |    24    25    26    27|
| w     w     w     w    |    | 28    29    30    31   |
'------------------------'    '------------------------'

Black's turn to play.
Possible moves :
1-5
10-14
10-15
9-14
0-5
9-13

Chosen move : 
10-15
,------------------------,    ,------------------------,
|    b     b     b     b |    |     0     1     2     3|
| w     .     b     b    |    |  4     5     6     7   |
|    .     b     .     w |    |     8     9    10    11|
| .     .     .     b    |    | 12    13    14    15   |
|    .     w     w     . |    |    16    17    18    19|
| .     .     w     .    |    | 20    21    22    23   |
|    .     .     w     w |    |    24    25    26    27|
| w     w     w     w    |    | 28    29    30    31   |
'------------------------'    '------------------------'

White's turn to play.
Possible moves :
29-25
28-24
26-23
17-13
29-24
30-25
27-23
17-14
18-14

Chosen move : 
29-25
,------------------------,    ,------------------------,
|    b     b     b     b |    |     0     1     2     3|
| w     .     b     b    |    |  4     5     6     7   |
|    .     b     .     w |    |     8     9    10    11|
| .     .     .     b    |    | 12    13    14    15   |
|    .     w     w     . |    |    16    17    18    19|
| .     .     w     .    |    | 20    21    22    23   |
|    .     w     w     w |    |    24    25    26    27|
| w     .     w     w    |    | 28    29    30    31   |
'------------------------'    '------------------------'

Black's turn to play.
Possible moves :
7-10
1-5
9-14
0-5
6-10
15-19
9-13

Chosen move : 
9-14
,------------------------,    ,------------------------,
|    b     b     b     b |    |     0     1     2     3|
| w     .     b     b    |    |  4     5     6     7   |
|    .     .     .     w |    |     8     9    10    11|
| .     .     b     b    |    | 12    13    14    15   |
|    .     w     w     . |    |    16    17    18    19|
| .     .     w     .    |    | 20    21    22    23   |
|    .     w     w     w |    |    24    25    26    27|
| w     .     w     w    |    | 28    29    30    31   |
'------------------------'    '------------------------'

White's turn to play.
Possible moves :
17x10x19

Chosen move : 
17x10x19
,------------------------,    ,------------------------,
|    b     b     b     b |    |     0     1     2     3|
| w     .     b     b    |    |  4     5     6     7   |
|    .     .     .     w |    |     8     9    10    11|
| .     .     .     .    |    | 12    13    14    15   |
|    .     .     w     w |    |    16    17    18    19|
| .     .     w     .    |    | 20    21    22    23   |
|    .     w     w     w |    |    24    25    26    27|
| w     .     w     w    |    | 28    29    30    31   |
'------------------------'    '------------------------'

Black's turn to play.
Possible moves :
0-5
6-10
6-9
1-5
7-10

Chosen move : 
6-10
,------------------------,    ,------------------------,
|    b     b     b     b |    |     0     1     2     3|
| w     .     .     b    |    |  4     5     6     7   |
|    .     .     b     w |    |     8     9    10    11|
| .     .     .     .    |    | 12    13    14    15   |
|    .     .     w     w |    |    16    17    18    19|
| .     .     w     .    |    | 20    21    22    23   |
|    .     w     w     w |    |    24    25    26    27|
| w     .     w     w    |    | 28    29    30    31   |
'------------------------'    '------------------------'

White's turn to play.
Possible moves :
18-14
18-15
19-15
27-23
28-24
22-17
25-21
26-23

Chosen move : 
18-15
,------------------------,    ,------------------------,
|    b     b     b     b |    |     0     1     2     3|
| w     .     .     b    |    |  4     5     6     7   |
|    .     .     b     w |    |     8     9    10    11|
| .     .     .     w    |    | 12    13    14    15   |
|    .     .     .     w |    |    16    17    18    19|
| .     .     w     .    |    | 20    21    22    23   |
|    .     w     w     w |    |    24    25    26    27|
| w     .     w     w    |    | 28    29    30    31   |
'------------------------'    '------------------------'

Black's turn to play.
Possible moves :
1-6
10-14
0-5
2-6
1-5

Chosen move : 
2-6
,------------------------,    ,------------------------,
|    b     b     .     b |    |     0     1     2     3|
| w     .     b     b    |    |  4     5     6     7   |
|    .     .     b     w |    |     8     9    10    11|
| .     .     .     w    |    | 12    13    14    15   |
|    .     .     .     w |    |    16    17    18    19|
| .     .     w     .    |    | 20    21    22    23   |
|    .     w     w     w |    |    24    25    26    27|
| w     .     w     w    |    | 28    29    30    31   |
'------------------------'    '------------------------'

White's turn to play.
Possible moves :
11x2

Chosen move : 
11x2
,------------------------,    ,------------------------,
|    b     b     W     b |    |     0     1     2     3|
| w     .     b     .    |    |  4     5     6     7   |
|    .     .     b     . |    |     8     9    10    11|
| .     .     .     w    |    | 12    13    14    15   |
|    .     .     .     w |    |    16    17    18    19|
| .     .     w     .    |    | 20    21    22    23   |
|    .     w     w     w |    |    24    25    26    27|
| w     .     w     w    |    | 28    29    30    31   |
'------------------------'    '------------------------'

Black's turn to play.
Possible moves :
10-14
6-9
3-7
1-5
0-5

Chosen move : 
10-14
,------------------------,    ,------------------------,
|    b     b     W     b |    |     0     1     2     3|
| w     .     b     .    |    |  4     5     6     7   |
|    .     .     .     . |    |     8     9    10    11|
| .     .     b     w    |    | 12    13    14    15   |
|    .     .     .     w |    |    16    17    18    19|
| .     .     w     .    |    | 20    21    22    23   |
|    .     w     w     w |    |    24    25    26    27|
| w     .     w     w    |    | 28    29    30    31   |
'------------------------'    '------------------------'

White's turn to play.
Possible moves :
2x9x18

Chosen move : 
2x9x18
,------------------------,    ,------------------------,
|    b     b     .     b |    |     0     1     2     3|
| w     .     .     .    |    |  4     5     6     7   |
|    .     .     .     . |    |     8     9    10    11|
| .     .     .     w    |    | 12    13    14    15   |
|    .     .     W     w |    |    16    17    18    19|
| .     .     w     .    |    | 20    21    22    23   |
|    .     w     w     w |    |    24    25    26    27|
| w     .     w     w    |    | 28    29    30    31   |
'------------------------'    '------------------------'

Black's turn to play.
Possible moves :
0-5
1-5
1-6
3-7

Chosen move : 
1-5
,------------------------,    ,------------------------,
|    b     .     .     b |    |     0     1     2     3|
| w     b     .     .    |    |  4     5     6     7   |
|    .     .     .     . |    |     8     9    10    11|
| .     .     .     w    |    | 12    13    14    15   |
|    .     .     W     w |    |    16    17    18    19|
| .     .     w     .    |    | 20    21    22    23   |
|    .     w     w     w |    |    24    25    26    27|
| w     .     w     w    |    | 28    29    30    31   |
'------------------------'    '------------------------'

White's turn to play.
Possible moves :
26-23
28-24
27-23
18-14
22-17
15-10
25-21
15-11
18-23

Chosen move : 
26-23
,------------------------,    ,------------------------,
|    b     .     .     b |    |     0     1     2     3|
| w     b     .     .    |    |  4     5     6     7   |
|    .     .     .     . |    |     8     9    10    11|
| .     .     .     w    |    | 12    13    14    15   |
|    .     .     W     w |    |    16    17    18    19|
| .     .     w     w    |    | 20    21    22    23   |
|    .     w     .     w |    |    24    25    26    27|
| w     .     w     w    |    | 28    29    30    31   |
'------------------------'    '------------------------'

Black's turn to play.
Possible moves :
5-8
3-7
5-9

Chosen move : 
3-7
,------------------------,    ,------------------------,
|    b     .     .     . |    |     0     1     2     3|
| w     b     .     b    |    |  4     5     6     7   |
|    .     .     .     . |    |     8     9    10    11|
| .     .     .     w    |    | 12    13    14    15   |
|    .     .     W     w |    |    16    17    18    19|
| .     .     w     w    |    | 20    21    22    23   |
|    .     w     .     w |    |    24    25    26    27|
| w     .     w     w    |    | 28    29    30    31   |
'------------------------'    '------------------------'

White's turn to play.
Possible moves :
18-14
15-11
30-26
28-24
25-21
31-26
22-17
15-10

Chosen move : 
18-14
,------------------------,    ,------------------------,
|    b     .     .     . |    |     0     1     2     3|
| w     b     .     b    |    |  4     5     6     7   |
|    .     .     .     . |    |     8     9    10    11|
| .     .     W     w    |    | 12    13    14    15   |
|    .     .     .     w |    |    16    17    18    19|
| .     .     w     w    |    | 20    21    22    23   |
|    .     w     .     w |    |    24    25    26    27|
| w     .     w     w    |    | 28    29    30    31   |
'------------------------'    '------------------------'

Black's turn to play.
Possible moves :
5-9
7-10
5-8
7-11

Chosen move : 
7-11
,------------------------,    ,------------------------,
|    b     .     .     . |    |     0     1     2     3|
| w     b     .     .    |    |  4     5     6     7   |
|    .     .     .     b |    |     8     9    10    11|
| .     .     W     w    |    | 12    13    14    15   |
|    .     .     .     w |    |    16    17    18    19|
| .     .     w     w    |    | 20    21    22    23   |
|    .     w     .     w |    |    24    25    26    27|
| w     .     w     w    |    | 28    29    30    31   |
'------------------------'    '------------------------'

White's turn to play.
Possible moves :
14-9
14-18
31-26
22-17
14-10
30-26
22-18
25-21
14-17
23-18
15-10
28-24

Chosen move : 
14-18
,------------------------,    ,------------------------,
|    b     .     .     . |    |     0     1     2     3|
| w     b     .     .    |    |  4     5     6     7   |
|    .     .     .     b |    |     8     9    10    11|
| .     .     .     w    |    | 12    13    14    15   |
|    .     .     W     w |    |    16    17    18    19|
| .     .     w     w    |    | 20    21    22    23   |
|    .     w     .     w |    |    24    25    26    27|
| w     .     w     w    |    | 28    29    30    31   |
'------------------------'    '------------------------'

Black's turn to play.
Possible moves :
5-8
5-9

Chosen move : 
5-9
,------------------------,    ,------------------------,
|    b     .     .     . |    |     0     1     2     3|
| w     .     .     .    |    |  4     5     6     7   |
|    .     b     .     b |    |     8     9    10    11|
| .     .     .     w    |    | 12    13    14    15   |
|    .     .     W     w |    |    16    17    18    19|
| .     .     w     w    |    | 20    21    22    23   |
|    .     w     .     w |    |    24    25    26    27|
| w     .     w     w    |    | 28    29    30    31   |
'------------------------'    '------------------------'

White's turn to play.
Possible moves :
30-26
28-24
18-14
22-17
25-21
31-26
15-10

Chosen move : 
30-26
,------------------------,    ,------------------------,
|    b     .     .     . |    |     0     1     2     3|
| w     .     .     .    |    |  4     5     6     7   |
|    .     b     .     b |    |     8     9    10    11|
| .     .     .     w    |    | 12    13    14    15   |
|    .     .     W     w |    |    16    17    18    19|
| .     .     w     w    |    | 20    21    22    23   |
|    .     w     w     w |    |    24    25    26    27|
| w     .     .     w    |    | 28    29    30    31   |
'------------------------'    '------------------------'

Black's turn to play.
Possible moves :
0-5
9-14
9-13

Chosen move : 
9-13
,------------------------,    ,------------------------,
|    b     .     .     . |    |     0     1     2     3|
| w     .     .     .    |    |  4     5     6     7   |
|    .     .     .     b |    |     8     9    10    11|
| .     b     .     w    |    | 12    13    14    15   |
|    .     .     W     w |    |    16    17    18    19|
| .     .     w     w    |    | 20    21    22    23   |
|    .     w     w     w |    |    24    25    26    27|
| w     .     .     w    |    | 28    29    30    31   |
'------------------------'    '------------------------'

White's turn to play.
Possible moves :
28-24
15-10
22-17
18-14
25-21

Chosen move : 
28-24
,------------------------,    ,------------------------,
|    b     .     .     . |    |     0     1     2     3|
| w     .     .     .    |    |  4     5     6     7   |
|    .     .     .     b |    |     8     9    10    11|
| .     b     .     w    |    | 12    13    14    15   |
|    .     .     W     w |    |    16    17    18    19|
| .     .     w     w    |    | 20    21    22    23   |
|    w     w     w     w |    |    24    25    26    27|
| .     .     .     w    |    | 28    29    30    31   |
'------------------------'    '------------------------'

Black's turn to play.
Possible moves :
13-17
0-5
13-16

Chosen move : 
13-16
,------------------------,    ,------------------------,
|    b     .     .     . |    |     0     1     2     3|
| w     .     .     .    |    |  4     5     6     7   |
|    .     .     .     b |    |     8     9    10    11|
| .     .     .     w    |    | 12    13    14    15   |
|    b     .     W     w |    |    16    17    18    19|
| .     .     w     w    |    | 20    21    22    23   |
|    w     w     w     w |    |    24    25    26    27|
| .     .     .     w    |    | 28    29    30    31   |
'------------------------'    '------------------------'

White's turn to play.
Possible moves :
15-10
24-21
18-14
24-20
22-17
25-21

Chosen move : 
15-10
,------------------------,    ,------------------------,
|    b     .     .     . |    |     0     1     2     3|
| w     .     .     .    |    |  4     5     6     7   |
|    .     .     w     b |    |     8     9    10    11|
| .     .     .     .    |    | 12    13    14    15   |
|    b     .     W     w |    |    16    17    18    19|
| .     .     w     w    |    | 20    21    22    23   |
|    w     w     w     w |    |    24    25    26    27|
| .     .     .     w    |    | 28    29    30    31   |
'------------------------'    '------------------------'

Black's turn to play.
Possible moves :
0-5
16-20
11-15
16-21

Chosen move : 
11-15
,------------------------,    ,------------------------,
|    b     .     .     . |    |     0     1     2     3|
| w     .     .     .    |    |  4     5     6     7   |
|    .     .     w     . |    |     8     9    10    11|
| .     .     .     b    |    | 12    13    14    15   |
|    b     .     W     w |    |    16    17    18    19|
| .     .     w     w    |    | 20    21    22    23   |
|    w     w     w     w |    |    24    25    26    27|
| .     .     .     w    |    | 28    29    30    31   |
'------------------------'    '------------------------'

White's turn to play.
Possible moves :
18x11

Chosen move : 
18x11
,------------------------,    ,------------------------,
|    b     .     .     . |    |     0     1     2     3|
| w     .     .     .    |    |  4     5     6     7   |
|    .     .     w     W |    |     8     9    10    11|
| .     .     .     .    |    | 12    13    14    15   |
|    b     .     .     w |    |    16    17    18    19|
| .     .     w     w    |    | 20    21    22    23   |
|    w     w     w     w |    |    24    25    26    27|
| .     .     .     w    |    | 28    29    30    31   |
'------------------------'    '------------------------'

Black's turn to play.
Possible moves :
16-20
16-21
0-5

Chosen move : 
0-5
,------------------------,    ,------------------------,
|    .     .     .     . |    |     0     1     2     3|
| w     b     .     .    |    |  4     5     6     7   |
|    .     .     w     W |    |     8     9    10    11|
| .     .     .     .    |    | 12    13    14    15   |
|    b     .     .     w |    |    16    17    18    19|
| .     .     w     w    |    | 20    21    22    23   |
|    w     w     w     w |    |    24    25    26    27|
| .     .     .     w    |    | 28    29    30    31   |
'------------------------'    '------------------------'

White's turn to play.
Possible moves :
19-15
24-21
23-18
10-6
11-15
10-7
22-18
11-7
22-17
24-20
4-0
25-21

Chosen move : 
19-15
,------------------------,    ,------------------------,
|    .     .     .     . |    |     0     1     2     3|
| w     b     .     .    |    |  4     5     6     7   |
|    .     .     w     W |    |     8     9    10    11|
| .     .     .     w    |    | 12    13    14    15   |
|    b     .     .     . |    |    16    17    18    19|
| .     .     w     w    |    | 20    21    22    23   |
|    w     w     w     w |    |    24    25    26    27|
| .     .     .     w    |    | 28    29    30    31   |
'------------------------'    '------------------------'

Black's turn to play.
Possible moves :
16-21
16-20
5-8
5-9

Chosen move : 
16-21
,------------------------,    ,------------------------,
|    .     .     .     . |    |     0     1     2     3|
| w     b     .     .    |    |  4     5     6     7   |
|    .     .     w     W |    |     8     9    10    11|
| .     .     .     w    |    | 12    13    14    15   |
|    .     .     .     . |    |    16    17    18    19|
| .     b     w     w    |    | 20    21    22    23   |
|    w     w     w     w |    |    24    25    26    27|
| .     .     .     w    |    | 28    29    30    31   |
'------------------------'    '------------------------'

White's turn to play.
Possible moves :
24x17
25x16

Chosen move : 
24x17
,------------------------,    ,------------------------,
|    .     .     .     . |    |     0     1     2     3|
| w     b     .     .    |    |  4     5     6     7   |
|    .     .     w     W |    |     8     9    10    11|
| .     .     .     w    |    | 12    13    14    15   |
|    .     w     .     . |    |    16    17    18    19|
| .     .     w     w    |    | 20    21    22    23   |
|    .     w     w     w |    |    24    25    26    27|
| .     .     .     w    |    | 28    29    30    31   |
'------------------------'    '------------------------'

Black's turn to play.
Possible moves :
5-8
5-9

Chosen move : 
5-9
,------------------------,    ,------------------------,
|    .     .     .     . |    |     0     1     2     3|
| w     .     .     .    |    |  4     5     6     7   |
|    .     b     w     W |    |     8     9    10    11|
| .     .     .     w    |    | 12    13    14    15   |
|    .     w     .     . |    |    16    17    18    19|
| .     .     w     w    |    | 20    21    22    23   |
|    .     w     w     w |    |    24    25    26    27|
| .     .     .     w    |    | 28    29    30    31   |
'------------------------'    '------------------------'

White's turn to play.
Possible moves :
23-18
11-7
10-7
17-13
17-14
4-0
10-6
23-19
25-21
22-18

Chosen move : 
23-18
,------------------------,    ,------------------------,
|    .     .     .     . |    |     0     1     2     3|
| w     .     .     .    |    |  4     5     6     7   |
|    .     b     w     W |    |     8     9    10    11|
| .     .     .     w    |    | 12    13    14    15   |
|    .     w     w     . |    |    16    17    18    19|
| .     .     w     .    |    | 20    21    22    23   |
|    .     w     w     w |    |    24    25    26    27|
| .     .     .     w    |    | 28    29    30    31   |
'------------------------'    '------------------------'

Black's turn to play.
Possible moves :
9-13
9-14

Chosen move : 
9-14
,------------------------,    ,------------------------,
|    .     .     .     . |    |     0     1     2     3|
| w     .     .     .    |    |  4     5     6     7   |
|    .     .     w     W |    |     8     9    10    11|
| .     .     b     w    |    | 12    13    14    15   |
|    .     w     w     . |    |    16    17    18    19|
| .     .     w     .    |    | 20    21    22    23   |
|    .     w     w     w |    |    24    25    26    27|
| .     .     .     w    |    | 28    29    30    31   |
'------------------------'    '------------------------'

White's turn to play.
Possible moves :
18x9

Chosen move : 
18x9
,------------------------,    ,------------------------,
|    .     .     .     . |    |     0     1     2     3|
| w     .     .     .    |    |  4     5     6     7   |
|    .     w     w     W |    |     8     9    10    11|
| .     .     .     w    |    | 12    13    14    15   |
|    .     w     .     . |    |    16    17    18    19|
| .     .     w     .    |    | 20    21    22    23   |
|    .     w     w     w |    |    24    25    26    27|
| .     .     .     w    |    | 28    29    30    31   |
'------------------------'    '------------------------'

Black's turn to play.
End of Game !

#PDN#
[Event "IN104 CS Project"]
[Site "ENSTA ParisTech, Palaiseau, FRA"]
[GameType “21,W,8,8,N2,0”] {Whites begin}
[Date "Sat Apr  2 15:35:00 2016"]
[Round "?"]
[White "Master minmax"]
[WhiteType "Program"]
[Black "Random Guesser"]
[BlackType "Program"]
[Result "1-0"] {White (Master minmax) wins}
[WhiteTime "0.9863560199737549"]
[BlackTime "0.0196378231048584"]

1.21-17 11-15 2.23-18 9-14 3.18x11 14x21 4.24x17 8-12 5.22-18 12-16 6.20x13 4-8 7.13x4 5-9 8.25-22 10-15 9.29-25 9-14 10.17x10x19 6-10 11.18-15 2-6 12.11x2 10-14 13.2x9x18 1-5 14.26-23 3-7 15.18-14 7-11 16.14-18 5-9 17.30-26 9-13 18.28-24 13-16 19.15-10 11-15 20.18x11 0-5 21.19-15 16-21 22.24x17 5-9 23.23-18 9-14 24.18x9  1-0 *
