Beginning of the game
,------------------------,    ,------------------------,
|    b     b     b     b |    |     0     1     2     3|
| b     b     b     b    |    |  4     5     6     7   |
|    b     b     b     b |    |     8     9    10    11|
| .     .     .     .    |    | 12    13    14    15   |
|    .     .     .     . |    |    16    17    18    19|
| w     w     w     w    |    | 20    21    22    23   |
|    w     w     w     w |    |    24    25    26    27|
| w     w     w     w    |    | 28    29    30    31   |
'------------------------'    '------------------------'

White's turn to play.
Possible moves :
21-17
21-16
20-16
22-17
22-18
23-19
23-18

Chosen move : 
21-16
,------------------------,    ,------------------------,
|    b     b     b     b |    |     0     1     2     3|
| b     b     b     b    |    |  4     5     6     7   |
|    b     b     b     b |    |     8     9    10    11|
| .     .     .     .    |    | 12    13    14    15   |
|    w     .     .     . |    |    16    17    18    19|
| w     .     w     w    |    | 20    21    22    23   |
|    w     w     w     w |    |    24    25    26    27|
| w     w     w     w    |    | 28    29    30    31   |
'------------------------'    '------------------------'

Black's turn to play.
Possible moves :
8-13
10-15
8-12
9-13
9-14
11-15
10-14

Chosen move : 
9-13
,------------------------,    ,------------------------,
|    b     b     b     b |    |     0     1     2     3|
| b     b     b     b    |    |  4     5     6     7   |
|    b     .     b     b |    |     8     9    10    11|
| .     b     .     .    |    | 12    13    14    15   |
|    w     .     .     . |    |    16    17    18    19|
| w     .     w     w    |    | 20    21    22    23   |
|    w     w     w     w |    |    24    25    26    27|
| w     w     w     w    |    | 28    29    30    31   |
'------------------------'    '------------------------'

White's turn to play.
Possible moves :
16x9

Chosen move : 
16x9
,------------------------,    ,------------------------,
|    b     b     b     b |    |     0     1     2     3|
| b     b     b     b    |    |  4     5     6     7   |
|    b     w     b     b |    |     8     9    10    11|
| .     .     .     .    |    | 12    13    14    15   |
|    .     .     .     . |    |    16    17    18    19|
| w     .     w     w    |    | 20    21    22    23   |
|    w     w     w     w |    |    24    25    26    27|
| w     w     w     w    |    | 28    29    30    31   |
'------------------------'    '------------------------'

Black's turn to play.
Possible moves :
5x14
6x13

Chosen move : 
5x14
,------------------------,    ,------------------------,
|    b     b     b     b |    |     0     1     2     3|
| b     .     b     b    |    |  4     5     6     7   |
|    b     .     b     b |    |     8     9    10    11|
| .     .     b     .    |    | 12    13    14    15   |
|    .     .     .     . |    |    16    17    18    19|
| w     .     w     w    |    | 20    21    22    23   |
|    w     w     w     w |    |    24    25    26    27|
| w     w     w     w    |    | 28    29    30    31   |
'------------------------'    '------------------------'

White's turn to play.
Possible moves :
24-21
22-17
23-19
20-16
23-18
22-18
25-21

Chosen move : 
24-21
,------------------------,    ,------------------------,
|    b     b     b     b |    |     0     1     2     3|
| b     .     b     b    |    |  4     5     6     7   |
|    b     .     b     b |    |     8     9    10    11|
| .     .     b     .    |    | 12    13    14    15   |
|    .     .     .     . |    |    16    17    18    19|
| w     w     w     w    |    | 20    21    22    23   |
|    .     w     w     w |    |    24    25    26    27|
| w     w     w     w    |    | 28    29    30    31   |
'------------------------'    '------------------------'

Black's turn to play.
Possible moves :
8-12
14-18
10-15
8-13
0-5
14-17
1-5
6-9
11-15

Chosen move : 
8-13
,------------------------,    ,------------------------,
|    b     b     b     b |    |     0     1     2     3|
| b     .     b     b    |    |  4     5     6     7   |
|    .     .     b     b |    |     8     9    10    11|
| .     b     b     .    |    | 12    13    14    15   |
|    .     .     .     . |    |    16    17    18    19|
| w     w     w     w    |    | 20    21    22    23   |
|    .     w     w     w |    |    24    25    26    27|
| w     w     w     w    |    | 28    29    30    31   |
'------------------------'    '------------------------'

White's turn to play.
Possible moves :
22-17
21-17
28-24
29-24
21-16
23-18
23-19
20-16
22-18

Chosen move : 
22-17
,------------------------,    ,------------------------,
|    b     b     b     b |    |     0     1     2     3|
| b     .     b     b    |    |  4     5     6     7   |
|    .     .     b     b |    |     8     9    10    11|
| .     b     b     .    |    | 12    13    14    15   |
|    .     w     .     . |    |    16    17    18    19|
| w     w     .     w    |    | 20    21    22    23   |
|    .     w     w     w |    |    24    25    26    27|
| w     w     w     w    |    | 28    29    30    31   |
'------------------------'    '------------------------'

Black's turn to play.
Possible moves :
13x22

Chosen move : 
13x22
,------------------------,    ,------------------------,
|    b     b     b     b |    |     0     1     2     3|
| b     .     b     b    |    |  4     5     6     7   |
|    .     .     b     b |    |     8     9    10    11|
| .     .     b     .    |    | 12    13    14    15   |
|    .     .     .     . |    |    16    17    18    19|
| w     w     b     w    |    | 20    21    22    23   |
|    .     w     w     w |    |    24    25    26    27|
| w     w     w     w    |    | 28    29    30    31   |
'------------------------'    '------------------------'

White's turn to play.
Possible moves :
25x18x9

Chosen move : 
25x18x9
,------------------------,    ,------------------------,
|    b     b     b     b |    |     0     1     2     3|
| b     .     b     b    |    |  4     5     6     7   |
|    .     w     b     b |    |     8     9    10    11|
| .     .     .     .    |    | 12    13    14    15   |
|    .     .     .     . |    |    16    17    18    19|
| w     w     .     w    |    | 20    21    22    23   |
|    .     .     w     w |    |    24    25    26    27|
| w     w     w     w    |    | 28    29    30    31   |
'------------------------'    '------------------------'

Black's turn to play.
Possible moves :
6x13

Chosen move : 
6x13
,------------------------,    ,------------------------,
|    b     b     b     b |    |     0     1     2     3|
| b     .     .     b    |    |  4     5     6     7   |
|    .     .     b     b |    |     8     9    10    11|
| .     b     .     .    |    | 12    13    14    15   |
|    .     .     .     . |    |    16    17    18    19|
| w     w     .     w    |    | 20    21    22    23   |
|    .     .     w     w |    |    24    25    26    27|
| w     w     w     w    |    | 28    29    30    31   |
'------------------------'    '------------------------'

White's turn to play.
Possible moves :
23-19
29-24
23-18
29-25
21-16
21-17
20-16
28-24
30-25
26-22

Chosen move : 
21-17
,------------------------,    ,------------------------,
|    b     b     b     b |    |     0     1     2     3|
| b     .     .     b    |    |  4     5     6     7   |
|    .     .     b     b |    |     8     9    10    11|
| .     b     .     .    |    | 12    13    14    15   |
|    .     w     .     . |    |    16    17    18    19|
| w     .     .     w    |    | 20    21    22    23   |
|    .     .     w     w |    |    24    25    26    27|
| w     w     w     w    |    | 28    29    30    31   |
'------------------------'    '------------------------'

Black's turn to play.
Possible moves :
13x22

Chosen move : 
13x22
,------------------------,    ,------------------------,
|    b     b     b     b |    |     0     1     2     3|
| b     .     .     b    |    |  4     5     6     7   |
|    .     .     b     b |    |     8     9    10    11|
| .     .     .     .    |    | 12    13    14    15   |
|    .     .     .     . |    |    16    17    18    19|
| w     .     b     w    |    | 20    21    22    23   |
|    .     .     w     w |    |    24    25    26    27|
| w     w     w     w    |    | 28    29    30    31   |
'------------------------'    '------------------------'

White's turn to play.
Possible moves :
26x17

Chosen move : 
26x17
,------------------------,    ,------------------------,
|    b     b     b     b |    |     0     1     2     3|
| b     .     .     b    |    |  4     5     6     7   |
|    .     .     b     b |    |     8     9    10    11|
| .     .     .     .    |    | 12    13    14    15   |
|    .     w     .     . |    |    16    17    18    19|
| w     .     .     w    |    | 20    21    22    23   |
|    .     .     .     w |    |    24    25    26    27|
| w     w     w     w    |    | 28    29    30    31   |
'------------------------'    '------------------------'

Black's turn to play.
Possible moves :
10-14
11-15
1-5
1-6
0-5
4-8
2-6
10-15

Chosen move : 
1-5
,------------------------,    ,------------------------,
|    b     .     b     b |    |     0     1     2     3|
| b     b     .     b    |    |  4     5     6     7   |
|    .     .     b     b |    |     8     9    10    11|
| .     .     .     .    |    | 12    13    14    15   |
|    .     w     .     . |    |    16    17    18    19|
| w     .     .     w    |    | 20    21    22    23   |
|    .     .     .     w |    |    24    25    26    27|
| w     w     w     w    |    | 28    29    30    31   |
'------------------------'    '------------------------'

White's turn to play.
Possible moves :
31-26
23-19
23-18
30-25
20-16
30-26
29-24
29-25
17-13
28-24
17-14

Chosen move : 
31-26
,------------------------,    ,------------------------,
|    b     .     b     b |    |     0     1     2     3|
| b     b     .     b    |    |  4     5     6     7   |
|    .     .     b     b |    |     8     9    10    11|
| .     .     .     .    |    | 12    13    14    15   |
|    .     w     .     . |    |    16    17    18    19|
| w     .     .     w    |    | 20    21    22    23   |
|    .     .     w     w |    |    24    25    26    27|
| w     w     w     .    |    | 28    29    30    31   |
'------------------------'    '------------------------'

Black's turn to play.
Possible moves :
5-8
2-6
10-15
5-9
11-15
4-8
10-14

Chosen move : 
5-9
,------------------------,    ,------------------------,
|    b     .     b     b |    |     0     1     2     3|
| b     .     .     b    |    |  4     5     6     7   |
|    .     b     b     b |    |     8     9    10    11|
| .     .     .     .    |    | 12    13    14    15   |
|    .     w     .     . |    |    16    17    18    19|
| w     .     .     w    |    | 20    21    22    23   |
|    .     .     w     w |    |    24    25    26    27|
| w     w     w     .    |    | 28    29    30    31   |
'------------------------'    '------------------------'

White's turn to play.
Possible moves :
20-16
17-13
23-18
30-25
29-25
23-19
29-24
28-24
17-14
26-22

Chosen move : 
17-13
,------------------------,    ,------------------------,
|    b     .     b     b |    |     0     1     2     3|
| b     .     .     b    |    |  4     5     6     7   |
|    .     b     b     b |    |     8     9    10    11|
| .     w     .     .    |    | 12    13    14    15   |
|    .     .     .     . |    |    16    17    18    19|
| w     .     .     w    |    | 20    21    22    23   |
|    .     .     w     w |    |    24    25    26    27|
| w     w     w     .    |    | 28    29    30    31   |
'------------------------'    '------------------------'

Black's turn to play.
Possible moves :
9x16

Chosen move : 
9x16
,------------------------,    ,------------------------,
|    b     .     b     b |    |     0     1     2     3|
| b     .     .     b    |    |  4     5     6     7   |
|    .     .     b     b |    |     8     9    10    11|
| .     .     .     .    |    | 12    13    14    15   |
|    b     .     .     . |    |    16    17    18    19|
| w     .     .     w    |    | 20    21    22    23   |
|    .     .     w     w |    |    24    25    26    27|
| w     w     w     .    |    | 28    29    30    31   |
'------------------------'    '------------------------'

White's turn to play.
Possible moves :
20x13

Chosen move : 
20x13
,------------------------,    ,------------------------,
|    b     .     b     b |    |     0     1     2     3|
| b     .     .     b    |    |  4     5     6     7   |
|    .     .     b     b |    |     8     9    10    11|
| .     w     .     .    |    | 12    13    14    15   |
|    .     .     .     . |    |    16    17    18    19|
| .     .     .     w    |    | 20    21    22    23   |
|    .     .     w     w |    |    24    25    26    27|
| w     w     w     .    |    | 28    29    30    31   |
'------------------------'    '------------------------'

Black's turn to play.
Possible moves :
2-6
4-8
0-5
11-15
10-14
10-15

Chosen move : 
10-15
,------------------------,    ,------------------------,
|    b     .     b     b |    |     0     1     2     3|
| b     .     .     b    |    |  4     5     6     7   |
|    .     .     .     b |    |     8     9    10    11|
| .     w     .     b    |    | 12    13    14    15   |
|    .     .     .     . |    |    16    17    18    19|
| .     .     .     w    |    | 20    21    22    23   |
|    .     .     w     w |    |    24    25    26    27|
| w     w     w     .    |    | 28    29    30    31   |
'------------------------'    '------------------------'

White's turn to play.
Possible moves :
28-24
23-18
29-24
23-19
26-22
13-8
13-9
29-25
30-25

Chosen move : 
28-24
,------------------------,    ,------------------------,
|    b     .     b     b |    |     0     1     2     3|
| b     .     .     b    |    |  4     5     6     7   |
|    .     .     .     b |    |     8     9    10    11|
| .     w     .     b    |    | 12    13    14    15   |
|    .     .     .     . |    |    16    17    18    19|
| .     .     .     w    |    | 20    21    22    23   |
|    w     .     w     w |    |    24    25    26    27|
| .     w     w     .    |    | 28    29    30    31   |
'------------------------'    '------------------------'

Black's turn to play.
Possible moves :
15-18
15-19
2-6
7-10
4-8
0-5

Chosen move : 
15-19
,------------------------,    ,------------------------,
|    b     .     b     b |    |     0     1     2     3|
| b     .     .     b    |    |  4     5     6     7   |
|    .     .     .     b |    |     8     9    10    11|
| .     w     .     .    |    | 12    13    14    15   |
|    .     .     .     b |    |    16    17    18    19|
| .     .     .     w    |    | 20    21    22    23   |
|    w     .     w     w |    |    24    25    26    27|
| .     w     w     .    |    | 28    29    30    31   |
'------------------------'    '------------------------'

White's turn to play.
Possible moves :
23-18
26-22
24-21
29-25
24-20
30-25
13-8
13-9

Chosen move : 
23-18
,------------------------,    ,------------------------,
|    b     .     b     b |    |     0     1     2     3|
| b     .     .     b    |    |  4     5     6     7   |
|    .     .     .     b |    |     8     9    10    11|
| .     w     .     .    |    | 12    13    14    15   |
|    .     .     w     b |    |    16    17    18    19|
| .     .     .     .    |    | 20    21    22    23   |
|    w     .     w     w |    |    24    25    26    27|
| .     w     w     .    |    | 28    29    30    31   |
'------------------------'    '------------------------'

Black's turn to play.
Possible moves :
4-8
19-23
7-10
0-5
2-6
11-15

Chosen move : 
19-23
,------------------------,    ,------------------------,
|    b     .     b     b |    |     0     1     2     3|
| b     .     .     b    |    |  4     5     6     7   |
|    .     .     .     b |    |     8     9    10    11|
| .     w     .     .    |    | 12    13    14    15   |
|    .     .     w     . |    |    16    17    18    19|
| .     .     .     b    |    | 20    21    22    23   |
|    w     .     w     w |    |    24    25    26    27|
| .     w     w     .    |    | 28    29    30    31   |
'------------------------'    '------------------------'

White's turn to play.
Possible moves :
26x19

Chosen move : 
26x19
,------------------------,    ,------------------------,
|    b     .     b     b |    |     0     1     2     3|
| b     .     .     b    |    |  4     5     6     7   |
|    .     .     .     b |    |     8     9    10    11|
| .     w     .     .    |    | 12    13    14    15   |
|    .     .     w     w |    |    16    17    18    19|
| .     .     .     .    |    | 20    21    22    23   |
|    w     .     .     w |    |    24    25    26    27|
| .     w     w     .    |    | 28    29    30    31   |
'------------------------'    '------------------------'

Black's turn to play.
Possible moves :
0-5
11-15
7-10
2-6
4-8

Chosen move : 
11-15
,------------------------,    ,------------------------,
|    b     .     b     b |    |     0     1     2     3|
| b     .     .     b    |    |  4     5     6     7   |
|    .     .     .     . |    |     8     9    10    11|
| .     w     .     b    |    | 12    13    14    15   |
|    .     .     w     w |    |    16    17    18    19|
| .     .     .     .    |    | 20    21    22    23   |
|    w     .     .     w |    |    24    25    26    27|
| .     w     w     .    |    | 28    29    30    31   |
'------------------------'    '------------------------'

White's turn to play.
Possible moves :
19x10
18x11

Chosen move : 
18x11
,------------------------,    ,------------------------,
|    b     .     b     b |    |     0     1     2     3|
| b     .     .     b    |    |  4     5     6     7   |
|    .     .     .     w |    |     8     9    10    11|
| .     w     .     .    |    | 12    13    14    15   |
|    .     .     .     w |    |    16    17    18    19|
| .     .     .     .    |    | 20    21    22    23   |
|    w     .     .     w |    |    24    25    26    27|
| .     w     w     .    |    | 28    29    30    31   |
'------------------------'    '------------------------'

Black's turn to play.
Possible moves :
7-10
0-5
2-6
4-8

Chosen move : 
7-10
,------------------------,    ,------------------------,
|    b     .     b     b |    |     0     1     2     3|
| b     .     .     .    |    |  4     5     6     7   |
|    .     .     b     w |    |     8     9    10    11|
| .     w     .     .    |    | 12    13    14    15   |
|    .     .     .     w |    |    16    17    18    19|
| .     .     .     .    |    | 20    21    22    23   |
|    w     .     .     w |    |    24    25    26    27|
| .     w     w     .    |    | 28    29    30    31   |
'------------------------'    '------------------------'

White's turn to play.
Possible moves :
27-23
13-9
11-7
19-15
13-8
30-25
29-25
24-21
30-26
24-20

Chosen move : 
13-9
,------------------------,    ,------------------------,
|    b     .     b     b |    |     0     1     2     3|
| b     .     .     .    |    |  4     5     6     7   |
|    .     w     b     w |    |     8     9    10    11|
| .     .     .     .    |    | 12    13    14    15   |
|    .     .     .     w |    |    16    17    18    19|
| .     .     .     .    |    | 20    21    22    23   |
|    w     .     .     w |    |    24    25    26    27|
| .     w     w     .    |    | 28    29    30    31   |
'------------------------'    '------------------------'

Black's turn to play.
Possible moves :
10-15
0-5
2-7
2-6
10-14
3-7
4-8

Chosen move : 
3-7
,------------------------,    ,------------------------,
|    b     .     b     . |    |     0     1     2     3|
| b     .     .     b    |    |  4     5     6     7   |
|    .     w     b     w |    |     8     9    10    11|
| .     .     .     .    |    | 12    13    14    15   |
|    .     .     .     w |    |    16    17    18    19|
| .     .     .     .    |    | 20    21    22    23   |
|    w     .     .     w |    |    24    25    26    27|
| .     w     w     .    |    | 28    29    30    31   |
'------------------------'    '------------------------'

White's turn to play.
Possible moves :
29-25
24-21
30-25
9-5
24-20
27-23
19-15
30-26
9-6

Chosen move : 
30-25
,------------------------,    ,------------------------,
|    b     .     b     . |    |     0     1     2     3|
| b     .     .     b    |    |  4     5     6     7   |
|    .     w     b     w |    |     8     9    10    11|
| .     .     .     .    |    | 12    13    14    15   |
|    .     .     .     w |    |    16    17    18    19|
| .     .     .     .    |    | 20    21    22    23   |
|    w     w     .     w |    |    24    25    26    27|
| .     w     .     .    |    | 28    29    30    31   |
'------------------------'    '------------------------'

Black's turn to play.
Possible moves :
10-14
0-5
4-8
2-6
10-15

Chosen move : 
2-6
,------------------------,    ,------------------------,
|    b     .     .     . |    |     0     1     2     3|
| b     .     b     b    |    |  4     5     6     7   |
|    .     w     b     w |    |     8     9    10    11|
| .     .     .     .    |    | 12    13    14    15   |
|    .     .     .     w |    |    16    17    18    19|
| .     .     .     .    |    | 20    21    22    23   |
|    w     w     .     w |    |    24    25    26    27|
| .     w     .     .    |    | 28    29    30    31   |
'------------------------'    '------------------------'

White's turn to play.
Possible moves :
9x2
11x2

Chosen move : 
9x2
,------------------------,    ,------------------------,
|    b     .     W     . |    |     0     1     2     3|
| b     .     .     b    |    |  4     5     6     7   |
|    .     .     b     w |    |     8     9    10    11|
| .     .     .     .    |    | 12    13    14    15   |
|    .     .     .     w |    |    16    17    18    19|
| .     .     .     .    |    | 20    21    22    23   |
|    w     w     .     w |    |    24    25    26    27|
| .     w     .     .    |    | 28    29    30    31   |
'------------------------'    '------------------------'

Black's turn to play.
Possible moves :
10-15
10-14
4-8
0-5

Chosen move : 
4-8
,------------------------,    ,------------------------,
|    b     .     W     . |    |     0     1     2     3|
| .     .     .     b    |    |  4     5     6     7   |
|    b     .     b     w |    |     8     9    10    11|
| .     .     .     .    |    | 12    13    14    15   |
|    .     .     .     w |    |    16    17    18    19|
| .     .     .     .    |    | 20    21    22    23   |
|    w     w     .     w |    |    24    25    26    27|
| .     w     .     .    |    | 28    29    30    31   |
'------------------------'    '------------------------'

White's turn to play.
Possible moves :
24-20
24-21
27-23
25-22
2-6
19-15
25-21

Chosen move : 
24-20
,------------------------,    ,------------------------,
|    b     .     W     . |    |     0     1     2     3|
| .     .     .     b    |    |  4     5     6     7   |
|    b     .     b     w |    |     8     9    10    11|
| .     .     .     .    |    | 12    13    14    15   |
|    .     .     .     w |    |    16    17    18    19|
| w     .     .     .    |    | 20    21    22    23   |
|    .     w     .     w |    |    24    25    26    27|
| .     w     .     .    |    | 28    29    30    31   |
'------------------------'    '------------------------'

Black's turn to play.
Possible moves :
0-4
8-13
0-5
10-14
10-15
8-12

Chosen move : 
8-13
,------------------------,    ,------------------------,
|    b     .     W     . |    |     0     1     2     3|
| .     .     .     b    |    |  4     5     6     7   |
|    .     .     b     w |    |     8     9    10    11|
| .     b     .     .    |    | 12    13    14    15   |
|    .     .     .     w |    |    16    17    18    19|
| w     .     .     .    |    | 20    21    22    23   |
|    .     w     .     w |    |    24    25    26    27|
| .     w     .     .    |    | 28    29    30    31   |
'------------------------'    '------------------------'

White's turn to play.
Possible moves :
29-24
25-21
25-22
2-6
19-15
27-23
20-16

Chosen move : 
25-21
,------------------------,    ,------------------------,
|    b     .     W     . |    |     0     1     2     3|
| .     .     .     b    |    |  4     5     6     7   |
|    .     .     b     w |    |     8     9    10    11|
| .     b     .     .    |    | 12    13    14    15   |
|    .     .     .     w |    |    16    17    18    19|
| w     w     .     .    |    | 20    21    22    23   |
|    .     .     .     w |    |    24    25    26    27|
| .     w     .     .    |    | 28    29    30    31   |
'------------------------'    '------------------------'

Black's turn to play.
Possible moves :
13-17
10-15
10-14
0-5
0-4
13-16

Chosen move : 
10-14
,------------------------,    ,------------------------,
|    b     .     W     . |    |     0     1     2     3|
| .     .     .     b    |    |  4     5     6     7   |
|    .     .     .     w |    |     8     9    10    11|
| .     b     b     .    |    | 12    13    14    15   |
|    .     .     .     w |    |    16    17    18    19|
| w     w     .     .    |    | 20    21    22    23   |
|    .     .     .     w |    |    24    25    26    27|
| .     w     .     .    |    | 28    29    30    31   |
'------------------------'    '------------------------'

White's turn to play.
Possible moves :
2-6
27-23
29-25
19-15
29-24
20-16
21-16
21-17

Chosen move : 
2-6
,------------------------,    ,------------------------,
|    b     .     .     . |    |     0     1     2     3|
| .     .     W     b    |    |  4     5     6     7   |
|    .     .     .     w |    |     8     9    10    11|
| .     b     b     .    |    | 12    13    14    15   |
|    .     .     .     w |    |    16    17    18    19|
| w     w     .     .    |    | 20    21    22    23   |
|    .     .     .     w |    |    24    25    26    27|
| .     w     .     .    |    | 28    29    30    31   |
'------------------------'    '------------------------'

Black's turn to play.
Possible moves :
0-5
14-17
14-18
13-16
13-17
7-10
0-4

Chosen move : 
14-17
,------------------------,    ,------------------------,
|    b     .     .     . |    |     0     1     2     3|
| .     .     W     b    |    |  4     5     6     7   |
|    .     .     .     w |    |     8     9    10    11|
| .     b     .     .    |    | 12    13    14    15   |
|    .     b     .     w |    |    16    17    18    19|
| w     w     .     .    |    | 20    21    22    23   |
|    .     .     .     w |    |    24    25    26    27|
| .     w     .     .    |    | 28    29    30    31   |
'------------------------'    '------------------------'

White's turn to play.
Possible moves :
11x2
21x14

Chosen move : 
11x2
,------------------------,    ,------------------------,
|    b     .     W     . |    |     0     1     2     3|
| .     .     W     .    |    |  4     5     6     7   |
|    .     .     .     . |    |     8     9    10    11|
| .     b     .     .    |    | 12    13    14    15   |
|    .     b     .     w |    |    16    17    18    19|
| w     w     .     .    |    | 20    21    22    23   |
|    .     .     .     w |    |    24    25    26    27|
| .     w     .     .    |    | 28    29    30    31   |
'------------------------'    '------------------------'

Black's turn to play.
Possible moves :
17x24

Chosen move : 
17x24
,------------------------,    ,------------------------,
|    b     .     W     . |    |     0     1     2     3|
| .     .     W     .    |    |  4     5     6     7   |
|    .     .     .     . |    |     8     9    10    11|
| .     b     .     .    |    | 12    13    14    15   |
|    .     .     .     w |    |    16    17    18    19|
| w     .     .     .    |    | 20    21    22    23   |
|    b     .     .     w |    |    24    25    26    27|
| .     w     .     .    |    | 28    29    30    31   |
'------------------------'    '------------------------'

White's turn to play.
Possible moves :
2-7
6-1
29-25
6-9
19-15
6-10
27-23
20-16

Chosen move : 
6-9
,------------------------,    ,------------------------,
|    b     .     W     . |    |     0     1     2     3|
| .     .     .     .    |    |  4     5     6     7   |
|    .     W     .     . |    |     8     9    10    11|
| .     b     .     .    |    | 12    13    14    15   |
|    .     .     .     w |    |    16    17    18    19|
| w     .     .     .    |    | 20    21    22    23   |
|    b     .     .     w |    |    24    25    26    27|
| .     w     .     .    |    | 28    29    30    31   |
'------------------------'    '------------------------'

Black's turn to play.
Possible moves :
13x6

Chosen move : 
13x6
,------------------------,    ,------------------------,
|    b     .     W     . |    |     0     1     2     3|
| .     .     b     .    |    |  4     5     6     7   |
|    .     .     .     . |    |     8     9    10    11|
| .     .     .     .    |    | 12    13    14    15   |
|    .     .     .     w |    |    16    17    18    19|
| w     .     .     .    |    | 20    21    22    23   |
|    b     .     .     w |    |    24    25    26    27|
| .     w     .     .    |    | 28    29    30    31   |
'------------------------'    '------------------------'

White's turn to play.
Possible moves :
2x9

Chosen move : 
2x9
,------------------------,    ,------------------------,
|    b     .     .     . |    |     0     1     2     3|
| .     .     .     .    |    |  4     5     6     7   |
|    .     W     .     . |    |     8     9    10    11|
| .     .     .     .    |    | 12    13    14    15   |
|    .     .     .     w |    |    16    17    18    19|
| w     .     .     .    |    | 20    21    22    23   |
|    b     .     .     w |    |    24    25    26    27|
| .     w     .     .    |    | 28    29    30    31   |
'------------------------'    '------------------------'

Black's turn to play.
Possible moves :
0-5
0-4
24-28

Chosen move : 
24-28
,------------------------,    ,------------------------,
|    b     .     .     . |    |     0     1     2     3|
| .     .     .     .    |    |  4     5     6     7   |
|    .     W     .     . |    |     8     9    10    11|
| .     .     .     .    |    | 12    13    14    15   |
|    .     .     .     w |    |    16    17    18    19|
| w     .     .     .    |    | 20    21    22    23   |
|    .     .     .     w |    |    24    25    26    27|
| B     w     .     .    |    | 28    29    30    31   |
'------------------------'    '------------------------'

White's turn to play.
Possible moves :
29-24
9-14
20-16
29-25
9-5
9-6
27-23
9-13
19-15

Chosen move : 
20-16
,------------------------,    ,------------------------,
|    b     .     .     . |    |     0     1     2     3|
| .     .     .     .    |    |  4     5     6     7   |
|    .     W     .     . |    |     8     9    10    11|
| .     .     .     .    |    | 12    13    14    15   |
|    w     .     .     w |    |    16    17    18    19|
| .     .     .     .    |    | 20    21    22    23   |
|    .     .     .     w |    |    24    25    26    27|
| B     w     .     .    |    | 28    29    30    31   |
'------------------------'    '------------------------'

Black's turn to play.
Possible moves :
0-4
28-24
0-5

Chosen move : 
28-24
,------------------------,    ,------------------------,
|    b     .     .     . |    |     0     1     2     3|
| .     .     .     .    |    |  4     5     6     7   |
|    .     W     .     . |    |     8     9    10    11|
| .     .     .     .    |    | 12    13    14    15   |
|    w     .     .     w |    |    16    17    18    19|
| .     .     .     .    |    | 20    21    22    23   |
|    B     .     .     w |    |    24    25    26    27|
| .     w     .     .    |    | 28    29    30    31   |
'------------------------'    '------------------------'

White's turn to play.
Possible moves :
29x20

Chosen move : 
29x20
,------------------------,    ,------------------------,
|    b     .     .     . |    |     0     1     2     3|
| .     .     .     .    |    |  4     5     6     7   |
|    .     W     .     . |    |     8     9    10    11|
| .     .     .     .    |    | 12    13    14    15   |
|    w     .     .     w |    |    16    17    18    19|
| w     .     .     .    |    | 20    21    22    23   |
|    .     .     .     w |    |    24    25    26    27|
| .     .     .     .    |    | 28    29    30    31   |
'------------------------'    '------------------------'

Black's turn to play.
Possible moves :
0-5
0-4

Chosen move : 
0-4
,------------------------,    ,------------------------,
|    .     .     .     . |    |     0     1     2     3|
| b     .     .     .    |    |  4     5     6     7   |
|    .     W     .     . |    |     8     9    10    11|
| .     .     .     .    |    | 12    13    14    15   |
|    w     .     .     w |    |    16    17    18    19|
| w     .     .     .    |    | 20    21    22    23   |
|    .     .     .     w |    |    24    25    26    27|
| .     .     .     .    |    | 28    29    30    31   |
'------------------------'    '------------------------'

White's turn to play.
Possible moves :
16-12
9-6
16-13
19-15
9-5
9-14
27-23
9-13

Chosen move : 
16-12
,------------------------,    ,------------------------,
|    .     .     .     . |    |     0     1     2     3|
| b     .     .     .    |    |  4     5     6     7   |
|    .     W     .     . |    |     8     9    10    11|
| w     .     .     .    |    | 12    13    14    15   |
|    .     .     .     w |    |    16    17    18    19|
| w     .     .     .    |    | 20    21    22    23   |
|    .     .     .     w |    |    24    25    26    27|
| .     .     .     .    |    | 28    29    30    31   |
'------------------------'    '------------------------'

Black's turn to play.
Possible moves :
4-8

Chosen move : 
4-8
,------------------------,    ,------------------------,
|    .     .     .     . |    |     0     1     2     3|
| .     .     .     .    |    |  4     5     6     7   |
|    b     W     .     . |    |     8     9    10    11|
| w     .     .     .    |    | 12    13    14    15   |
|    .     .     .     w |    |    16    17    18    19|
| w     .     .     .    |    | 20    21    22    23   |
|    .     .     .     w |    |    24    25    26    27|
| .     .     .     .    |    | 28    29    30    31   |
'------------------------'    '------------------------'

White's turn to play.
Possible moves :
12x5

Chosen move : 
12x5
,------------------------,    ,------------------------,
|    .     .     .     . |    |     0     1     2     3|
| .     w     .     .    |    |  4     5     6     7   |
|    .     W     .     . |    |     8     9    10    11|
| .     .     .     .    |    | 12    13    14    15   |
|    .     .     .     w |    |    16    17    18    19|
| w     .     .     .    |    | 20    21    22    23   |
|    .     .     .     w |    |    24    25    26    27|
| .     .     .     .    |    | 28    29    30    31   |
'------------------------'    '------------------------'

Black's turn to play.
End of Game !

#PDN#
[Event "IN104 CS Project"]
[Site "ENSTA ParisTech, Palaiseau, FRA"]
[GameType “21,W,8,8,N2,0”] {Whites begin}
[Date "Tue Mar 29 16:13:50 2016"]
[Round "?"]
[White "Master minmax"]
[WhiteType "Program"]
[Black "Random Guesser"]
[BlackType "Program"]
[Result "1-0"] {White (Master minmax) wins}
[WhiteTime "6.674008369445801"]
[BlackTime "0.020496368408203125"]

1.21-16 9-13 2.16x9 5x14 3.24-21 8-13 4.22-17 13x22 5.25x18x9 6x13 6.21-17 13x22 7.26x17 1-5 8.31-26 5-9 9.17-13 9x16 10.20x13 10-15 11.28-24 15-19 12.23-18 19-23 13.26x19 11-15 14.18x11 7-10 15.13-9 3-7 16.30-25 2-6 17.9x2 4-8 18.24-20 8-13 19.25-21 10-14 20.2-6 14-17 21.11x2 17x24 22.6-9 13x6 23.2x9 24-28 24.20-16 28-24 25.29x20 0-4 26.16-12 4-8 27.12x5  1-0 *
