Beginning of the game
,------------------------,    ,------------------------,
|    b     b     b     b |    |     0     1     2     3|
| b     b     b     b    |    |  4     5     6     7   |
|    b     b     b     b |    |     8     9    10    11|
| .     .     .     .    |    | 12    13    14    15   |
|    .     .     .     . |    |    16    17    18    19|
| w     w     w     w    |    | 20    21    22    23   |
|    w     w     w     w |    |    24    25    26    27|
| w     w     w     w    |    | 28    29    30    31   |
'------------------------'    '------------------------'

White's turn to play.
Possible moves :
21-16
23-18
20-16
22-17
22-18
21-17
23-19

Chosen move : 
21-16
,------------------------,    ,------------------------,
|    b     b     b     b |    |     0     1     2     3|
| b     b     b     b    |    |  4     5     6     7   |
|    b     b     b     b |    |     8     9    10    11|
| .     .     .     .    |    | 12    13    14    15   |
|    w     .     .     . |    |    16    17    18    19|
| w     .     w     w    |    | 20    21    22    23   |
|    w     w     w     w |    |    24    25    26    27|
| w     w     w     w    |    | 28    29    30    31   |
'------------------------'    '------------------------'

Black's turn to play.
Possible moves :
8-12
9-13
9-14
10-15
11-15
10-14
8-13

Chosen move : 
10-15
,------------------------,    ,------------------------,
|    b     b     b     b |    |     0     1     2     3|
| b     b     b     b    |    |  4     5     6     7   |
|    b     b     .     b |    |     8     9    10    11|
| .     .     .     b    |    | 12    13    14    15   |
|    w     .     .     . |    |    16    17    18    19|
| w     .     w     w    |    | 20    21    22    23   |
|    w     w     w     w |    |    24    25    26    27|
| w     w     w     w    |    | 28    29    30    31   |
'------------------------'    '------------------------'

White's turn to play.
Possible moves :
25-21
23-18
22-17
23-19
16-13
22-18
16-12
24-21

Chosen move : 
25-21
,------------------------,    ,------------------------,
|    b     b     b     b |    |     0     1     2     3|
| b     b     b     b    |    |  4     5     6     7   |
|    b     b     .     b |    |     8     9    10    11|
| .     .     .     b    |    | 12    13    14    15   |
|    w     .     .     . |    |    16    17    18    19|
| w     w     w     w    |    | 20    21    22    23   |
|    w     .     w     w |    |    24    25    26    27|
| w     w     w     w    |    | 28    29    30    31   |
'------------------------'    '------------------------'

Black's turn to play.
Possible moves :
8-12
6-10
7-10
9-14
9-13
15-19
15-18
8-13

Chosen move : 
7-10
,------------------------,    ,------------------------,
|    b     b     b     b |    |     0     1     2     3|
| b     b     b     .    |    |  4     5     6     7   |
|    b     b     b     b |    |     8     9    10    11|
| .     .     .     b    |    | 12    13    14    15   |
|    w     .     .     . |    |    16    17    18    19|
| w     w     w     w    |    | 20    21    22    23   |
|    w     .     w     w |    |    24    25    26    27|
| w     w     w     w    |    | 28    29    30    31   |
'------------------------'    '------------------------'

White's turn to play.
Possible moves :
23-18
30-25
29-25
16-13
21-17
23-19
22-17
16-12
22-18

Chosen move : 
23-18
,------------------------,    ,------------------------,
|    b     b     b     b |    |     0     1     2     3|
| b     b     b     .    |    |  4     5     6     7   |
|    b     b     b     b |    |     8     9    10    11|
| .     .     .     b    |    | 12    13    14    15   |
|    w     .     w     . |    |    16    17    18    19|
| w     w     w     .    |    | 20    21    22    23   |
|    w     .     w     w |    |    24    25    26    27|
| w     w     w     w    |    | 28    29    30    31   |
'------------------------'    '------------------------'

Black's turn to play.
Possible moves :
9-14
8-13
2-7
8-12
3-7
9-13
15-19
10-14

Chosen move : 
2-7
,------------------------,    ,------------------------,
|    b     b     .     b |    |     0     1     2     3|
| b     b     b     b    |    |  4     5     6     7   |
|    b     b     b     b |    |     8     9    10    11|
| .     .     .     b    |    | 12    13    14    15   |
|    w     .     w     . |    |    16    17    18    19|
| w     w     w     .    |    | 20    21    22    23   |
|    w     .     w     w |    |    24    25    26    27|
| w     w     w     w    |    | 28    29    30    31   |
'------------------------'    '------------------------'

White's turn to play.
Possible moves :
26-23
30-25
16-13
18-14
22-17
21-17
16-12
27-23
29-25

Chosen move : 
26-23
,------------------------,    ,------------------------,
|    b     b     .     b |    |     0     1     2     3|
| b     b     b     b    |    |  4     5     6     7   |
|    b     b     b     b |    |     8     9    10    11|
| .     .     .     b    |    | 12    13    14    15   |
|    w     .     w     . |    |    16    17    18    19|
| w     w     w     w    |    | 20    21    22    23   |
|    w     .     .     w |    |    24    25    26    27|
| w     w     w     w    |    | 28    29    30    31   |
'------------------------'    '------------------------'

Black's turn to play.
Possible moves :
15-19
10-14
9-14
8-12
8-13
9-13

Chosen move : 
15-19
,------------------------,    ,------------------------,
|    b     b     .     b |    |     0     1     2     3|
| b     b     b     b    |    |  4     5     6     7   |
|    b     b     b     b |    |     8     9    10    11|
| .     .     .     .    |    | 12    13    14    15   |
|    w     .     w     b |    |    16    17    18    19|
| w     w     w     w    |    | 20    21    22    23   |
|    w     .     .     w |    |    24    25    26    27|
| w     w     w     w    |    | 28    29    30    31   |
'------------------------'    '------------------------'

White's turn to play.
Possible moves :
29-25
21-17
16-13
30-25
18-14
22-17
31-26
30-26
18-15
16-12

Chosen move : 
31-26
,------------------------,    ,------------------------,
|    b     b     .     b |    |     0     1     2     3|
| b     b     b     b    |    |  4     5     6     7   |
|    b     b     b     b |    |     8     9    10    11|
| .     .     .     .    |    | 12    13    14    15   |
|    w     .     w     b |    |    16    17    18    19|
| w     w     w     w    |    | 20    21    22    23   |
|    w     .     w     w |    |    24    25    26    27|
| w     w     w     .    |    | 28    29    30    31   |
'------------------------'    '------------------------'

Black's turn to play.
Possible moves :
10-15
10-14
11-15
9-13
8-12
9-14
8-13

Chosen move : 
9-13
,------------------------,    ,------------------------,
|    b     b     .     b |    |     0     1     2     3|
| b     b     b     b    |    |  4     5     6     7   |
|    b     .     b     b |    |     8     9    10    11|
| .     b     .     .    |    | 12    13    14    15   |
|    w     .     w     b |    |    16    17    18    19|
| w     w     w     w    |    | 20    21    22    23   |
|    w     .     w     w |    |    24    25    26    27|
| w     w     w     .    |    | 28    29    30    31   |
'------------------------'    '------------------------'

White's turn to play.
Possible moves :
16x9x2

Chosen move : 
16x9x2
,------------------------,    ,------------------------,
|    b     b     W     b |    |     0     1     2     3|
| b     b     .     b    |    |  4     5     6     7   |
|    b     .     b     b |    |     8     9    10    11|
| .     .     .     .    |    | 12    13    14    15   |
|    .     .     w     b |    |    16    17    18    19|
| w     w     w     w    |    | 20    21    22    23   |
|    w     .     w     w |    |    24    25    26    27|
| w     w     w     .    |    | 28    29    30    31   |
'------------------------'    '------------------------'

Black's turn to play.
Possible moves :
5-9
8-13
1-6
8-12
10-15
10-14
11-15

Chosen move : 
10-14
,------------------------,    ,------------------------,
|    b     b     W     b |    |     0     1     2     3|
| b     b     .     b    |    |  4     5     6     7   |
|    b     .     .     b |    |     8     9    10    11|
| .     .     b     .    |    | 12    13    14    15   |
|    .     .     w     b |    |    16    17    18    19|
| w     w     w     w    |    | 20    21    22    23   |
|    w     .     w     w |    |    24    25    26    27|
| w     w     w     .    |    | 28    29    30    31   |
'------------------------'    '------------------------'

White's turn to play.
Possible moves :
18x9

Chosen move : 
18x9
,------------------------,    ,------------------------,
|    b     b     W     b |    |     0     1     2     3|
| b     b     .     b    |    |  4     5     6     7   |
|    b     w     .     b |    |     8     9    10    11|
| .     .     .     .    |    | 12    13    14    15   |
|    .     .     .     b |    |    16    17    18    19|
| w     w     w     w    |    | 20    21    22    23   |
|    w     .     w     w |    |    24    25    26    27|
| w     w     w     .    |    | 28    29    30    31   |
'------------------------'    '------------------------'

Black's turn to play.
Possible moves :
5x14

Chosen move : 
5x14
,------------------------,    ,------------------------,
|    b     b     W     b |    |     0     1     2     3|
| b     .     .     b    |    |  4     5     6     7   |
|    b     .     .     b |    |     8     9    10    11|
| .     .     b     .    |    | 12    13    14    15   |
|    .     .     .     b |    |    16    17    18    19|
| w     w     w     w    |    | 20    21    22    23   |
|    w     .     w     w |    |    24    25    26    27|
| w     w     w     .    |    | 28    29    30    31   |
'------------------------'    '------------------------'

White's turn to play.
Possible moves :
2-6
29-25
22-17
21-16
30-25
23-18
22-18
20-16
21-17

Chosen move : 
29-25
,------------------------,    ,------------------------,
|    b     b     W     b |    |     0     1     2     3|
| b     .     .     b    |    |  4     5     6     7   |
|    b     .     .     b |    |     8     9    10    11|
| .     .     b     .    |    | 12    13    14    15   |
|    .     .     .     b |    |    16    17    18    19|
| w     w     w     w    |    | 20    21    22    23   |
|    w     w     w     w |    |    24    25    26    27|
| w     .     w     .    |    | 28    29    30    31   |
'------------------------'    '------------------------'

Black's turn to play.
Possible moves :
14-17
8-13
1-5
14-18
1-6
11-15
8-12
7-10
0-5

Chosen move : 
1-6
,------------------------,    ,------------------------,
|    b     .     W     b |    |     0     1     2     3|
| b     .     b     b    |    |  4     5     6     7   |
|    b     .     .     b |    |     8     9    10    11|
| .     .     b     .    |    | 12    13    14    15   |
|    .     .     .     b |    |    16    17    18    19|
| w     w     w     w    |    | 20    21    22    23   |
|    w     w     w     w |    |    24    25    26    27|
| w     .     w     .    |    | 28    29    30    31   |
'------------------------'    '------------------------'

White's turn to play.
Possible moves :
2x9x18

Chosen move : 
2x9x18
,------------------------,    ,------------------------,
|    b     .     .     b |    |     0     1     2     3|
| b     .     .     b    |    |  4     5     6     7   |
|    b     .     .     b |    |     8     9    10    11|
| .     .     .     .    |    | 12    13    14    15   |
|    .     .     W     b |    |    16    17    18    19|
| w     w     w     w    |    | 20    21    22    23   |
|    w     w     w     w |    |    24    25    26    27|
| w     .     w     .    |    | 28    29    30    31   |
'------------------------'    '------------------------'

Black's turn to play.
Possible moves :
11-15
8-12
8-13
0-5
7-10

Chosen move : 
7-10
,------------------------,    ,------------------------,
|    b     .     .     b |    |     0     1     2     3|
| b     .     .     .    |    |  4     5     6     7   |
|    b     .     b     b |    |     8     9    10    11|
| .     .     .     .    |    | 12    13    14    15   |
|    .     .     W     b |    |    16    17    18    19|
| w     w     w     w    |    | 20    21    22    23   |
|    w     w     w     w |    |    24    25    26    27|
| w     .     w     .    |    | 28    29    30    31   |
'------------------------'    '------------------------'

White's turn to play.
Possible moves :
18-14
22-17
21-16
21-17
18-15
20-16

Chosen move : 
22-17
,------------------------,    ,------------------------,
|    b     .     .     b |    |     0     1     2     3|
| b     .     .     .    |    |  4     5     6     7   |
|    b     .     b     b |    |     8     9    10    11|
| .     .     .     .    |    | 12    13    14    15   |
|    .     w     W     b |    |    16    17    18    19|
| w     w     .     w    |    | 20    21    22    23   |
|    w     w     w     w |    |    24    25    26    27|
| w     .     w     .    |    | 28    29    30    31   |
'------------------------'    '------------------------'

Black's turn to play.
Possible moves :
0-5
3-7
8-13
11-15
8-12
10-15
10-14

Chosen move : 
3-7
,------------------------,    ,------------------------,
|    b     .     .     . |    |     0     1     2     3|
| b     .     .     b    |    |  4     5     6     7   |
|    b     .     b     b |    |     8     9    10    11|
| .     .     .     .    |    | 12    13    14    15   |
|    .     w     W     b |    |    16    17    18    19|
| w     w     .     w    |    | 20    21    22    23   |
|    w     w     w     w |    |    24    25    26    27|
| w     .     w     .    |    | 28    29    30    31   |
'------------------------'    '------------------------'

White's turn to play.
Possible moves :
17-13
18-14
26-22
21-16
17-14
25-22
18-22
18-15
20-16

Chosen move : 
18-14
,------------------------,    ,------------------------,
|    b     .     .     . |    |     0     1     2     3|
| b     .     .     b    |    |  4     5     6     7   |
|    b     .     b     b |    |     8     9    10    11|
| .     .     W     .    |    | 12    13    14    15   |
|    .     w     .     b |    |    16    17    18    19|
| w     w     .     w    |    | 20    21    22    23   |
|    w     w     w     w |    |    24    25    26    27|
| w     .     w     .    |    | 28    29    30    31   |
'------------------------'    '------------------------'

Black's turn to play.
Possible moves :
8-13
11-15
8-12
0-5
10-15

Chosen move : 
11-15
,------------------------,    ,------------------------,
|    b     .     .     . |    |     0     1     2     3|
| b     .     .     b    |    |  4     5     6     7   |
|    b     .     b     . |    |     8     9    10    11|
| .     .     W     b    |    | 12    13    14    15   |
|    .     w     .     b |    |    16    17    18    19|
| w     w     .     w    |    | 20    21    22    23   |
|    w     w     w     w |    |    24    25    26    27|
| w     .     w     .    |    | 28    29    30    31   |
'------------------------'    '------------------------'

White's turn to play.
Possible moves :
17-13
14-9
20-16
21-16
14-18
23-18
26-22
25-22

Chosen move : 
14-9
,------------------------,    ,------------------------,
|    b     .     .     . |    |     0     1     2     3|
| b     .     .     b    |    |  4     5     6     7   |
|    b     W     b     . |    |     8     9    10    11|
| .     .     .     b    |    | 12    13    14    15   |
|    .     w     .     b |    |    16    17    18    19|
| w     w     .     w    |    | 20    21    22    23   |
|    w     w     w     w |    |    24    25    26    27|
| w     .     w     .    |    | 28    29    30    31   |
'------------------------'    '------------------------'

Black's turn to play.
Possible moves :
8-12
7-11
15-18
8-13
0-5
10-14

Chosen move : 
15-18
,------------------------,    ,------------------------,
|    b     .     .     . |    |     0     1     2     3|
| b     .     .     b    |    |  4     5     6     7   |
|    b     W     b     . |    |     8     9    10    11|
| .     .     .     .    |    | 12    13    14    15   |
|    .     w     b     b |    |    16    17    18    19|
| w     w     .     w    |    | 20    21    22    23   |
|    w     w     w     w |    |    24    25    26    27|
| w     .     w     .    |    | 28    29    30    31   |
'------------------------'    '------------------------'

White's turn to play.
Possible moves :
23x14

Chosen move : 
23x14
,------------------------,    ,------------------------,
|    b     .     .     . |    |     0     1     2     3|
| b     .     .     b    |    |  4     5     6     7   |
|    b     W     b     . |    |     8     9    10    11|
| .     .     w     .    |    | 12    13    14    15   |
|    .     w     .     b |    |    16    17    18    19|
| w     w     .     .    |    | 20    21    22    23   |
|    w     w     w     w |    |    24    25    26    27|
| w     .     w     .    |    | 28    29    30    31   |
'------------------------'    '------------------------'

Black's turn to play.
Possible moves :
8-12
8-13
10-15
19-23
0-5
7-11

Chosen move : 
8-12
,------------------------,    ,------------------------,
|    b     .     .     . |    |     0     1     2     3|
| b     .     .     b    |    |  4     5     6     7   |
|    .     W     b     . |    |     8     9    10    11|
| b     .     w     .    |    | 12    13    14    15   |
|    .     w     .     b |    |    16    17    18    19|
| w     w     .     .    |    | 20    21    22    23   |
|    w     w     w     w |    |    24    25    26    27|
| w     .     w     .    |    | 28    29    30    31   |
'------------------------'    '------------------------'

White's turn to play.
Possible moves :
17-13
27-23
9-5
20-16
26-22
26-23
9-13
25-22
9-6
21-16

Chosen move : 
27-23
,------------------------,    ,------------------------,
|    b     .     .     . |    |     0     1     2     3|
| b     .     .     b    |    |  4     5     6     7   |
|    .     W     b     . |    |     8     9    10    11|
| b     .     w     .    |    | 12    13    14    15   |
|    .     w     .     b |    |    16    17    18    19|
| w     w     .     w    |    | 20    21    22    23   |
|    w     w     w     . |    |    24    25    26    27|
| w     .     w     .    |    | 28    29    30    31   |
'------------------------'    '------------------------'

Black's turn to play.
Possible moves :
7-11
12-16
10-15
4-8
0-5

Chosen move : 
10-15
,------------------------,    ,------------------------,
|    b     .     .     . |    |     0     1     2     3|
| b     .     .     b    |    |  4     5     6     7   |
|    .     W     .     . |    |     8     9    10    11|
| b     .     w     b    |    | 12    13    14    15   |
|    .     w     .     b |    |    16    17    18    19|
| w     w     .     w    |    | 20    21    22    23   |
|    w     w     w     . |    |    24    25    26    27|
| w     .     w     .    |    | 28    29    30    31   |
'------------------------'    '------------------------'

White's turn to play.
Possible moves :
20-16
21-16
23-18
9-6
17-13
9-13
25-22
26-22
9-5
14-10

Chosen move : 
20-16
,------------------------,    ,------------------------,
|    b     .     .     . |    |     0     1     2     3|
| b     .     .     b    |    |  4     5     6     7   |
|    .     W     .     . |    |     8     9    10    11|
| b     .     w     b    |    | 12    13    14    15   |
|    w     w     .     b |    |    16    17    18    19|
| .     w     .     w    |    | 20    21    22    23   |
|    w     w     w     . |    |    24    25    26    27|
| w     .     w     .    |    | 28    29    30    31   |
'------------------------'    '------------------------'

Black's turn to play.
Possible moves :
4-8
7-11
7-10
0-5
15-18

Chosen move : 
15-18
,------------------------,    ,------------------------,
|    b     .     .     . |    |     0     1     2     3|
| b     .     .     b    |    |  4     5     6     7   |
|    .     W     .     . |    |     8     9    10    11|
| b     .     w     .    |    | 12    13    14    15   |
|    w     w     b     b |    |    16    17    18    19|
| .     w     .     w    |    | 20    21    22    23   |
|    w     w     w     . |    |    24    25    26    27|
| w     .     w     .    |    | 28    29    30    31   |
'------------------------'    '------------------------'

White's turn to play.
Possible moves :
9-13
14-10
25-22
24-20
17-13
9-5
26-22
16-13
9-6

Chosen move : 
9-13
,------------------------,    ,------------------------,
|    b     .     .     . |    |     0     1     2     3|
| b     .     .     b    |    |  4     5     6     7   |
|    .     .     .     . |    |     8     9    10    11|
| b     W     w     .    |    | 12    13    14    15   |
|    w     w     b     b |    |    16    17    18    19|
| .     w     .     w    |    | 20    21    22    23   |
|    w     w     w     . |    |    24    25    26    27|
| w     .     w     .    |    | 28    29    30    31   |
'------------------------'    '------------------------'

Black's turn to play.
Possible moves :
18x9
18x27

Chosen move : 
18x27
,------------------------,    ,------------------------,
|    b     .     .     . |    |     0     1     2     3|
| b     .     .     b    |    |  4     5     6     7   |
|    .     .     .     . |    |     8     9    10    11|
| b     W     w     .    |    | 12    13    14    15   |
|    w     w     .     b |    |    16    17    18    19|
| .     w     .     .    |    | 20    21    22    23   |
|    w     w     w     b |    |    24    25    26    27|
| w     .     w     .    |    | 28    29    30    31   |
'------------------------'    '------------------------'

White's turn to play.
Possible moves :
14-10
24-20
14-9
13-8
13-9
25-22
26-23
26-22

Chosen move : 
24-20
,------------------------,    ,------------------------,
|    b     .     .     . |    |     0     1     2     3|
| b     .     .     b    |    |  4     5     6     7   |
|    .     .     .     . |    |     8     9    10    11|
| b     W     w     .    |    | 12    13    14    15   |
|    w     w     .     b |    |    16    17    18    19|
| w     w     .     .    |    | 20    21    22    23   |
|    .     w     w     b |    |    24    25    26    27|
| w     .     w     .    |    | 28    29    30    31   |
'------------------------'    '------------------------'

Black's turn to play.
Possible moves :
4-8
27-31
7-10
19-23
7-11
0-5

Chosen move : 
27-31
,------------------------,    ,------------------------,
|    b     .     .     . |    |     0     1     2     3|
| b     .     .     b    |    |  4     5     6     7   |
|    .     .     .     . |    |     8     9    10    11|
| b     W     w     .    |    | 12    13    14    15   |
|    w     w     .     b |    |    16    17    18    19|
| w     w     .     .    |    | 20    21    22    23   |
|    .     w     w     . |    |    24    25    26    27|
| w     .     w     B    |    | 28    29    30    31   |
'------------------------'    '------------------------'

White's turn to play.
Possible moves :
28-24
25-22
14-9
13-9
26-22
14-10
13-8
26-23

Chosen move : 
25-22
,------------------------,    ,------------------------,
|    b     .     .     . |    |     0     1     2     3|
| b     .     .     b    |    |  4     5     6     7   |
|    .     .     .     . |    |     8     9    10    11|
| b     W     w     .    |    | 12    13    14    15   |
|    w     w     .     b |    |    16    17    18    19|
| w     w     w     .    |    | 20    21    22    23   |
|    .     .     w     . |    |    24    25    26    27|
| w     .     w     B    |    | 28    29    30    31   |
'------------------------'    '------------------------'

Black's turn to play.
Possible moves :
31-27
7-11
0-5
7-10
4-8
19-23

Chosen move : 
0-5
,------------------------,    ,------------------------,
|    .     .     .     . |    |     0     1     2     3|
| b     b     .     b    |    |  4     5     6     7   |
|    .     .     .     . |    |     8     9    10    11|
| b     W     w     .    |    | 12    13    14    15   |
|    w     w     .     b |    |    16    17    18    19|
| w     w     w     .    |    | 20    21    22    23   |
|    .     .     w     . |    |    24    25    26    27|
| w     .     w     B    |    | 28    29    30    31   |
'------------------------'    '------------------------'

White's turn to play.
Possible moves :
14-9
13-9
30-25
13-8
14-10
22-18
28-24
26-23

Chosen move : 
13-9
,------------------------,    ,------------------------,
|    .     .     .     . |    |     0     1     2     3|
| b     b     .     b    |    |  4     5     6     7   |
|    .     W     .     . |    |     8     9    10    11|
| b     .     w     .    |    | 12    13    14    15   |
|    w     w     .     b |    |    16    17    18    19|
| w     w     w     .    |    | 20    21    22    23   |
|    .     .     w     . |    |    24    25    26    27|
| w     .     w     B    |    | 28    29    30    31   |
'------------------------'    '------------------------'

Black's turn to play.
Possible moves :
31-27
19-23
7-10
4-8
5-8
7-11

Chosen move : 
31-27
,------------------------,    ,------------------------,
|    .     .     .     . |    |     0     1     2     3|
| b     b     .     b    |    |  4     5     6     7   |
|    .     W     .     . |    |     8     9    10    11|
| b     .     w     .    |    | 12    13    14    15   |
|    w     w     .     b |    |    16    17    18    19|
| w     w     w     .    |    | 20    21    22    23   |
|    .     .     w     B |    |    24    25    26    27|
| w     .     w     .    |    | 28    29    30    31   |
'------------------------'    '------------------------'

White's turn to play.
Possible moves :
9x0

Chosen move : 
9x0
,------------------------,    ,------------------------,
|    W     .     .     . |    |     0     1     2     3|
| b     .     .     b    |    |  4     5     6     7   |
|    .     .     .     . |    |     8     9    10    11|
| b     .     w     .    |    | 12    13    14    15   |
|    w     w     .     b |    |    16    17    18    19|
| w     w     w     .    |    | 20    21    22    23   |
|    .     .     w     B |    |    24    25    26    27|
| w     .     w     .    |    | 28    29    30    31   |
'------------------------'    '------------------------'

Black's turn to play.
Possible moves :
27-31
7-11
4-8
27-23
7-10
19-23

Chosen move : 
4-8
,------------------------,    ,------------------------,
|    W     .     .     . |    |     0     1     2     3|
| .     .     .     b    |    |  4     5     6     7   |
|    b     .     .     . |    |     8     9    10    11|
| b     .     w     .    |    | 12    13    14    15   |
|    w     w     .     b |    |    16    17    18    19|
| w     w     w     .    |    | 20    21    22    23   |
|    .     .     w     B |    |    24    25    26    27|
| w     .     w     .    |    | 28    29    30    31   |
'------------------------'    '------------------------'

White's turn to play.
Possible moves :
0-4
16-13
30-25
17-13
22-18
14-10
28-24
26-23
0-5
14-9

Chosen move : 
0-4
,------------------------,    ,------------------------,
|    .     .     .     . |    |     0     1     2     3|
| W     .     .     b    |    |  4     5     6     7   |
|    b     .     .     . |    |     8     9    10    11|
| b     .     w     .    |    | 12    13    14    15   |
|    w     w     .     b |    |    16    17    18    19|
| w     w     w     .    |    | 20    21    22    23   |
|    .     .     w     B |    |    24    25    26    27|
| w     .     w     .    |    | 28    29    30    31   |
'------------------------'    '------------------------'

Black's turn to play.
Possible moves :
27-31
27-23
7-10
19-23
8-13
7-11

Chosen move : 
27-31
,------------------------,    ,------------------------,
|    .     .     .     . |    |     0     1     2     3|
| W     .     .     b    |    |  4     5     6     7   |
|    b     .     .     . |    |     8     9    10    11|
| b     .     w     .    |    | 12    13    14    15   |
|    w     w     .     b |    |    16    17    18    19|
| w     w     w     .    |    | 20    21    22    23   |
|    .     .     w     . |    |    24    25    26    27|
| w     .     w     B    |    | 28    29    30    31   |
'------------------------'    '------------------------'

White's turn to play.
Possible moves :
4x13

Chosen move : 
4x13
,------------------------,    ,------------------------,
|    .     .     .     . |    |     0     1     2     3|
| .     .     .     b    |    |  4     5     6     7   |
|    .     .     .     . |    |     8     9    10    11|
| b     W     w     .    |    | 12    13    14    15   |
|    w     w     .     b |    |    16    17    18    19|
| w     w     w     .    |    | 20    21    22    23   |
|    .     .     w     . |    |    24    25    26    27|
| w     .     w     B    |    | 28    29    30    31   |
'------------------------'    '------------------------'

Black's turn to play.
Possible moves :
19-23
31-27
7-11
7-10

Chosen move : 
7-11
,------------------------,    ,------------------------,
|    .     .     .     . |    |     0     1     2     3|
| .     .     .     .    |    |  4     5     6     7   |
|    .     .     .     b |    |     8     9    10    11|
| b     W     w     .    |    | 12    13    14    15   |
|    w     w     .     b |    |    16    17    18    19|
| w     w     w     .    |    | 20    21    22    23   |
|    .     .     w     . |    |    24    25    26    27|
| w     .     w     B    |    | 28    29    30    31   |
'------------------------'    '------------------------'

White's turn to play.
Possible moves :
22-18
13-9
13-8
30-25
26-23
28-24
14-10
14-9

Chosen move : 
13-9
,------------------------,    ,------------------------,
|    .     .     .     . |    |     0     1     2     3|
| .     .     .     .    |    |  4     5     6     7   |
|    .     W     .     b |    |     8     9    10    11|
| b     .     w     .    |    | 12    13    14    15   |
|    w     w     .     b |    |    16    17    18    19|
| w     w     w     .    |    | 20    21    22    23   |
|    .     .     w     . |    |    24    25    26    27|
| w     .     w     B    |    | 28    29    30    31   |
'------------------------'    '------------------------'

Black's turn to play.
Possible moves :
11-15
19-23
31-27

Chosen move : 
11-15
,------------------------,    ,------------------------,
|    .     .     .     . |    |     0     1     2     3|
| .     .     .     .    |    |  4     5     6     7   |
|    .     W     .     . |    |     8     9    10    11|
| b     .     w     b    |    | 12    13    14    15   |
|    w     w     .     b |    |    16    17    18    19|
| w     w     w     .    |    | 20    21    22    23   |
|    .     .     w     . |    |    24    25    26    27|
| w     .     w     B    |    | 28    29    30    31   |
'------------------------'    '------------------------'

White's turn to play.
Possible moves :
30-25
28-24
14-10
16-13
22-18
9-13
9-6
17-13
26-23
9-5

Chosen move : 
30-25
,------------------------,    ,------------------------,
|    .     .     .     . |    |     0     1     2     3|
| .     .     .     .    |    |  4     5     6     7   |
|    .     W     .     . |    |     8     9    10    11|
| b     .     w     b    |    | 12    13    14    15   |
|    w     w     .     b |    |    16    17    18    19|
| w     w     w     .    |    | 20    21    22    23   |
|    .     w     w     . |    |    24    25    26    27|
| w     .     .     B    |    | 28    29    30    31   |
'------------------------'    '------------------------'

Black's turn to play.
Possible moves :
31-27
19-23
15-18

Chosen move : 
19-23
,------------------------,    ,------------------------,
|    .     .     .     . |    |     0     1     2     3|
| .     .     .     .    |    |  4     5     6     7   |
|    .     W     .     . |    |     8     9    10    11|
| b     .     w     b    |    | 12    13    14    15   |
|    w     w     .     . |    |    16    17    18    19|
| w     w     w     b    |    | 20    21    22    23   |
|    .     w     w     . |    |    24    25    26    27|
| w     .     .     B    |    | 28    29    30    31   |
'------------------------'    '------------------------'

White's turn to play.
Possible moves :
26x19x10

Chosen move : 
26x19x10
,------------------------,    ,------------------------,
|    .     .     .     . |    |     0     1     2     3|
| .     .     .     .    |    |  4     5     6     7   |
|    .     W     w     . |    |     8     9    10    11|
| b     .     w     .    |    | 12    13    14    15   |
|    w     w     .     . |    |    16    17    18    19|
| w     w     w     .    |    | 20    21    22    23   |
|    .     w     .     . |    |    24    25    26    27|
| w     .     .     B    |    | 28    29    30    31   |
'------------------------'    '------------------------'

Black's turn to play.
Possible moves :
31-27
31-26

Chosen move : 
31-26
,------------------------,    ,------------------------,
|    .     .     .     . |    |     0     1     2     3|
| .     .     .     .    |    |  4     5     6     7   |
|    .     W     w     . |    |     8     9    10    11|
| b     .     w     .    |    | 12    13    14    15   |
|    w     w     .     . |    |    16    17    18    19|
| w     w     w     .    |    | 20    21    22    23   |
|    .     w     B     . |    |    24    25    26    27|
| w     .     .     .    |    | 28    29    30    31   |
'------------------------'    '------------------------'

White's turn to play.
Possible moves :
22x31

Chosen move : 
22x31
,------------------------,    ,------------------------,
|    .     .     .     . |    |     0     1     2     3|
| .     .     .     .    |    |  4     5     6     7   |
|    .     W     w     . |    |     8     9    10    11|
| b     .     w     .    |    | 12    13    14    15   |
|    w     w     .     . |    |    16    17    18    19|
| w     w     .     .    |    | 20    21    22    23   |
|    .     w     .     . |    |    24    25    26    27|
| w     .     .     w    |    | 28    29    30    31   |
'------------------------'    '------------------------'

Black's turn to play.
End of Game !

#PDN#
[Event "IN104 CS Project"]
[Site "ENSTA ParisTech, Palaiseau, FRA"]
[GameType “21,W,8,8,N2,0”] {Whites begin}
[Date "Sat Apr  2 15:25:04 2016"]
[Round "?"]
[White "Master minmax"]
[WhiteType "Program"]
[Black "Random Guesser"]
[BlackType "Program"]
[Result "1-0"] {White (Master minmax) wins}
[WhiteTime "1.2544121742248535"]
[BlackTime "0.026512622833251953"]

1.21-16 10-15 2.25-21 7-10 3.23-18 2-7 4.26-23 15-19 5.31-26 9-13 6.16x9x2 10-14 7.18x9 5x14 8.29-25 1-6 9.2x9x18 7-10 10.22-17 3-7 11.18-14 11-15 12.14-9 15-18 13.23x14 8-12 14.27-23 10-15 15.20-16 15-18 16.9-13 18x27 17.24-20 27-31 18.25-22 0-5 19.13-9 31-27 20.9x0 4-8 21.0-4 27-31 22.4x13 7-11 23.13-9 11-15 24.30-25 19-23 25.26x19x10 31-26 26.22x31  1-0 *
