Beginning of the game
,------------------------,    ,------------------------,
|    b     b     b     b |    |     0     1     2     3|
| b     b     b     b    |    |  4     5     6     7   |
|    b     b     b     b |    |     8     9    10    11|
| .     .     .     .    |    | 12    13    14    15   |
|    .     .     .     . |    |    16    17    18    19|
| w     w     w     w    |    | 20    21    22    23   |
|    w     w     w     w |    |    24    25    26    27|
| w     w     w     w    |    | 28    29    30    31   |
'------------------------'    '------------------------'

White's turn to play.
Possible moves :
20-16
21-17
22-18
21-16
22-17
23-18
23-19

Chosen move : 
20-16
,------------------------,    ,------------------------,
|    b     b     b     b |    |     0     1     2     3|
| b     b     b     b    |    |  4     5     6     7   |
|    b     b     b     b |    |     8     9    10    11|
| .     .     .     .    |    | 12    13    14    15   |
|    w     .     .     . |    |    16    17    18    19|
| .     w     w     w    |    | 20    21    22    23   |
|    w     w     w     w |    |    24    25    26    27|
| w     w     w     w    |    | 28    29    30    31   |
'------------------------'    '------------------------'

Black's turn to play.
Possible moves :
9-13
8-12
10-15
8-13
11-15
9-14
10-14

Chosen move : 
10-14
,------------------------,    ,------------------------,
|    b     b     b     b |    |     0     1     2     3|
| b     b     b     b    |    |  4     5     6     7   |
|    b     b     .     b |    |     8     9    10    11|
| .     .     b     .    |    | 12    13    14    15   |
|    w     .     .     . |    |    16    17    18    19|
| .     w     w     w    |    | 20    21    22    23   |
|    w     w     w     w |    |    24    25    26    27|
| w     w     w     w    |    | 28    29    30    31   |
'------------------------'    '------------------------'

White's turn to play.
Possible moves :
23-19
22-17
22-18
16-13
16-12
23-18
21-17
24-20

Chosen move : 
23-19
,------------------------,    ,------------------------,
|    b     b     b     b |    |     0     1     2     3|
| b     b     b     b    |    |  4     5     6     7   |
|    b     b     .     b |    |     8     9    10    11|
| .     .     b     .    |    | 12    13    14    15   |
|    w     .     .     w |    |    16    17    18    19|
| .     w     w     .    |    | 20    21    22    23   |
|    w     w     w     w |    |    24    25    26    27|
| w     w     w     w    |    | 28    29    30    31   |
'------------------------'    '------------------------'

Black's turn to play.
Possible moves :
6-10
11-15
8-12
14-17
7-10
14-18
8-13
9-13

Chosen move : 
8-13
,------------------------,    ,------------------------,
|    b     b     b     b |    |     0     1     2     3|
| b     b     b     b    |    |  4     5     6     7   |
|    .     b     .     b |    |     8     9    10    11|
| .     b     b     .    |    | 12    13    14    15   |
|    w     .     .     w |    |    16    17    18    19|
| .     w     w     .    |    | 20    21    22    23   |
|    w     w     w     w |    |    24    25    26    27|
| w     w     w     w    |    | 28    29    30    31   |
'------------------------'    '------------------------'

White's turn to play.
Possible moves :
22-18
22-17
26-23
21-17
27-23
19-15
24-20
16-12

Chosen move : 
24-20
,------------------------,    ,------------------------,
|    b     b     b     b |    |     0     1     2     3|
| b     b     b     b    |    |  4     5     6     7   |
|    .     b     .     b |    |     8     9    10    11|
| .     b     b     .    |    | 12    13    14    15   |
|    w     .     .     w |    |    16    17    18    19|
| w     w     w     .    |    | 20    21    22    23   |
|    .     w     w     w |    |    24    25    26    27|
| w     w     w     w    |    | 28    29    30    31   |
'------------------------'    '------------------------'

Black's turn to play.
Possible moves :
13-17
7-10
14-18
5-8
6-10
4-8
11-15
14-17

Chosen move : 
14-18
,------------------------,    ,------------------------,
|    b     b     b     b |    |     0     1     2     3|
| b     b     b     b    |    |  4     5     6     7   |
|    .     b     .     b |    |     8     9    10    11|
| .     b     .     .    |    | 12    13    14    15   |
|    w     .     b     w |    |    16    17    18    19|
| w     w     w     .    |    | 20    21    22    23   |
|    .     w     w     w |    |    24    25    26    27|
| w     w     w     w    |    | 28    29    30    31   |
'------------------------'    '------------------------'

White's turn to play.
Possible moves :
22x15

Chosen move : 
22x15
,------------------------,    ,------------------------,
|    b     b     b     b |    |     0     1     2     3|
| b     b     b     b    |    |  4     5     6     7   |
|    .     b     .     b |    |     8     9    10    11|
| .     b     .     w    |    | 12    13    14    15   |
|    w     .     .     w |    |    16    17    18    19|
| w     w     .     .    |    | 20    21    22    23   |
|    .     w     w     w |    |    24    25    26    27|
| w     w     w     w    |    | 28    29    30    31   |
'------------------------'    '------------------------'

Black's turn to play.
Possible moves :
11x18

Chosen move : 
11x18
,------------------------,    ,------------------------,
|    b     b     b     b |    |     0     1     2     3|
| b     b     b     b    |    |  4     5     6     7   |
|    .     b     .     . |    |     8     9    10    11|
| .     b     .     .    |    | 12    13    14    15   |
|    w     .     b     w |    |    16    17    18    19|
| w     w     .     .    |    | 20    21    22    23   |
|    .     w     w     w |    |    24    25    26    27|
| w     w     w     w    |    | 28    29    30    31   |
'------------------------'    '------------------------'

White's turn to play.
Possible moves :
27-23
16-12
29-24
26-23
26-22
19-15
25-22
21-17
28-24

Chosen move : 
16-12
,------------------------,    ,------------------------,
|    b     b     b     b |    |     0     1     2     3|
| b     b     b     b    |    |  4     5     6     7   |
|    .     b     .     . |    |     8     9    10    11|
| w     b     .     .    |    | 12    13    14    15   |
|    .     .     b     w |    |    16    17    18    19|
| w     w     .     .    |    | 20    21    22    23   |
|    .     w     w     w |    |    24    25    26    27|
| w     w     w     w    |    | 28    29    30    31   |
'------------------------'    '------------------------'

Black's turn to play.
Possible moves :
18-23
6-10
18-22
5-8
7-11
13-16
4-8
9-14
13-17
7-10

Chosen move : 
6-10
,------------------------,    ,------------------------,
|    b     b     b     b |    |     0     1     2     3|
| b     b     .     b    |    |  4     5     6     7   |
|    .     b     b     . |    |     8     9    10    11|
| w     b     .     .    |    | 12    13    14    15   |
|    .     .     b     w |    |    16    17    18    19|
| w     w     .     .    |    | 20    21    22    23   |
|    .     w     w     w |    |    24    25    26    27|
| w     w     w     w    |    | 28    29    30    31   |
'------------------------'    '------------------------'

White's turn to play.
Possible moves :
21-16
26-22
12-8
21-17
25-22
20-16
27-23
29-24
26-23
28-24
19-15

Chosen move : 
21-16
,------------------------,    ,------------------------,
|    b     b     b     b |    |     0     1     2     3|
| b     b     .     b    |    |  4     5     6     7   |
|    .     b     b     . |    |     8     9    10    11|
| w     b     .     .    |    | 12    13    14    15   |
|    w     .     b     w |    |    16    17    18    19|
| w     .     .     .    |    | 20    21    22    23   |
|    .     w     w     w |    |    24    25    26    27|
| w     w     w     w    |    | 28    29    30    31   |
'------------------------'    '------------------------'

Black's turn to play.
Possible moves :
7-11
2-6
18-22
4-8
10-14
10-15
1-6
9-14
13-17
5-8
18-23

Chosen move : 
4-8
,------------------------,    ,------------------------,
|    b     b     b     b |    |     0     1     2     3|
| .     b     .     b    |    |  4     5     6     7   |
|    b     b     b     . |    |     8     9    10    11|
| w     b     .     .    |    | 12    13    14    15   |
|    w     .     b     w |    |    16    17    18    19|
| w     .     .     .    |    | 20    21    22    23   |
|    .     w     w     w |    |    24    25    26    27|
| w     w     w     w    |    | 28    29    30    31   |
'------------------------'    '------------------------'

White's turn to play.
Possible moves :
27-23
28-24
25-21
29-24
25-22
19-15
26-23
26-22

Chosen move : 
28-24
,------------------------,    ,------------------------,
|    b     b     b     b |    |     0     1     2     3|
| .     b     .     b    |    |  4     5     6     7   |
|    b     b     b     . |    |     8     9    10    11|
| w     b     .     .    |    | 12    13    14    15   |
|    w     .     b     w |    |    16    17    18    19|
| w     .     .     .    |    | 20    21    22    23   |
|    w     w     w     w |    |    24    25    26    27|
| .     w     w     w    |    | 28    29    30    31   |
'------------------------'    '------------------------'

Black's turn to play.
Possible moves :
0-4
2-6
9-14
7-11
13-17
18-23
10-14
1-6
10-15
18-22

Chosen move : 
18-23
,------------------------,    ,------------------------,
|    b     b     b     b |    |     0     1     2     3|
| .     b     .     b    |    |  4     5     6     7   |
|    b     b     b     . |    |     8     9    10    11|
| w     b     .     .    |    | 12    13    14    15   |
|    w     .     .     w |    |    16    17    18    19|
| w     .     .     b    |    | 20    21    22    23   |
|    w     w     w     w |    |    24    25    26    27|
| .     w     w     w    |    | 28    29    30    31   |
'------------------------'    '------------------------'

White's turn to play.
Possible moves :
27x18

Chosen move : 
27x18
,------------------------,    ,------------------------,
|    b     b     b     b |    |     0     1     2     3|
| .     b     .     b    |    |  4     5     6     7   |
|    b     b     b     . |    |     8     9    10    11|
| w     b     .     .    |    | 12    13    14    15   |
|    w     .     w     w |    |    16    17    18    19|
| w     .     .     .    |    | 20    21    22    23   |
|    w     w     w     . |    |    24    25    26    27|
| .     w     w     w    |    | 28    29    30    31   |
'------------------------'    '------------------------'

Black's turn to play.
Possible moves :
1-6
13-17
10-15
7-11
9-14
2-6
0-4
10-14

Chosen move : 
2-6
,------------------------,    ,------------------------,
|    b     b     .     b |    |     0     1     2     3|
| .     b     b     b    |    |  4     5     6     7   |
|    b     b     b     . |    |     8     9    10    11|
| w     b     .     .    |    | 12    13    14    15   |
|    w     .     w     w |    |    16    17    18    19|
| w     .     .     .    |    | 20    21    22    23   |
|    w     w     w     . |    |    24    25    26    27|
| .     w     w     w    |    | 28    29    30    31   |
'------------------------'    '------------------------'

White's turn to play.
Possible moves :
25-21
19-15
26-23
31-27
24-21
18-14
25-22
18-15
26-22

Chosen move : 
25-21
,------------------------,    ,------------------------,
|    b     b     .     b |    |     0     1     2     3|
| .     b     b     b    |    |  4     5     6     7   |
|    b     b     b     . |    |     8     9    10    11|
| w     b     .     .    |    | 12    13    14    15   |
|    w     .     w     w |    |    16    17    18    19|
| w     w     .     .    |    | 20    21    22    23   |
|    w     .     w     . |    |    24    25    26    27|
| .     w     w     w    |    | 28    29    30    31   |
'------------------------'    '------------------------'

Black's turn to play.
Possible moves :
10-15
9-14
0-4
10-14
13-17
7-11

Chosen move : 
7-11
,------------------------,    ,------------------------,
|    b     b     .     b |    |     0     1     2     3|
| .     b     b     .    |    |  4     5     6     7   |
|    b     b     b     b |    |     8     9    10    11|
| w     b     .     .    |    | 12    13    14    15   |
|    w     .     w     w |    |    16    17    18    19|
| w     w     .     .    |    | 20    21    22    23   |
|    w     .     w     . |    |    24    25    26    27|
| .     w     w     w    |    | 28    29    30    31   |
'------------------------'    '------------------------'

White's turn to play.
Possible moves :
21-17
31-27
30-25
19-15
29-25
26-23
18-15
18-14
26-22

Chosen move : 
31-27
,------------------------,    ,------------------------,
|    b     b     .     b |    |     0     1     2     3|
| .     b     b     .    |    |  4     5     6     7   |
|    b     b     b     b |    |     8     9    10    11|
| w     b     .     .    |    | 12    13    14    15   |
|    w     .     w     w |    |    16    17    18    19|
| w     w     .     .    |    | 20    21    22    23   |
|    w     .     w     w |    |    24    25    26    27|
| .     w     w     .    |    | 28    29    30    31   |
'------------------------'    '------------------------'

Black's turn to play.
Possible moves :
3-7
10-15
0-4
13-17
9-14
11-15
10-14

Chosen move : 
10-14
,------------------------,    ,------------------------,
|    b     b     .     b |    |     0     1     2     3|
| .     b     b     .    |    |  4     5     6     7   |
|    b     b     .     b |    |     8     9    10    11|
| w     b     b     .    |    | 12    13    14    15   |
|    w     .     w     w |    |    16    17    18    19|
| w     w     .     .    |    | 20    21    22    23   |
|    w     .     w     w |    |    24    25    26    27|
| .     w     w     .    |    | 28    29    30    31   |
'------------------------'    '------------------------'

White's turn to play.
Possible moves :
26-22
29-25
21-17
26-23
27-23
18-15
30-25
19-15

Chosen move : 
26-23
,------------------------,    ,------------------------,
|    b     b     .     b |    |     0     1     2     3|
| .     b     b     .    |    |  4     5     6     7   |
|    b     b     .     b |    |     8     9    10    11|
| w     b     b     .    |    | 12    13    14    15   |
|    w     .     w     w |    |    16    17    18    19|
| w     w     .     w    |    | 20    21    22    23   |
|    w     .     .     w |    |    24    25    26    27|
| .     w     w     .    |    | 28    29    30    31   |
'------------------------'    '------------------------'

Black's turn to play.
Possible moves :
11-15
13-17
0-4
6-10
3-7
14-17

Chosen move : 
13-17
,------------------------,    ,------------------------,
|    b     b     .     b |    |     0     1     2     3|
| .     b     b     .    |    |  4     5     6     7   |
|    b     b     .     b |    |     8     9    10    11|
| w     .     b     .    |    | 12    13    14    15   |
|    w     b     w     w |    |    16    17    18    19|
| w     w     .     w    |    | 20    21    22    23   |
|    w     .     .     w |    |    24    25    26    27|
| .     w     w     .    |    | 28    29    30    31   |
'------------------------'    '------------------------'

White's turn to play.
Possible moves :
29-25
30-25
30-26
18-15
16-13
19-15

Chosen move : 
29-25
,------------------------,    ,------------------------,
|    b     b     .     b |    |     0     1     2     3|
| .     b     b     .    |    |  4     5     6     7   |
|    b     b     .     b |    |     8     9    10    11|
| w     .     b     .    |    | 12    13    14    15   |
|    w     b     w     w |    |    16    17    18    19|
| w     w     .     w    |    | 20    21    22    23   |
|    w     w     .     w |    |    24    25    26    27|
| .     .     w     .    |    | 28    29    30    31   |
'------------------------'    '------------------------'

Black's turn to play.
Possible moves :
0-4
11-15
8-13
6-10
17-22
3-7
9-13

Chosen move : 
11-15
,------------------------,    ,------------------------,
|    b     b     .     b |    |     0     1     2     3|
| .     b     b     .    |    |  4     5     6     7   |
|    b     b     .     . |    |     8     9    10    11|
| w     .     b     b    |    | 12    13    14    15   |
|    w     b     w     w |    |    16    17    18    19|
| w     w     .     w    |    | 20    21    22    23   |
|    w     w     .     w |    |    24    25    26    27|
| .     .     w     .    |    | 28    29    30    31   |
'------------------------'    '------------------------'

White's turn to play.
Possible moves :
18x11
19x10

Chosen move : 
18x11
,------------------------,    ,------------------------,
|    b     b     .     b |    |     0     1     2     3|
| .     b     b     .    |    |  4     5     6     7   |
|    b     b     .     w |    |     8     9    10    11|
| w     .     b     .    |    | 12    13    14    15   |
|    w     b     .     w |    |    16    17    18    19|
| w     w     .     w    |    | 20    21    22    23   |
|    w     w     .     w |    |    24    25    26    27|
| .     .     w     .    |    | 28    29    30    31   |
'------------------------'    '------------------------'

Black's turn to play.
Possible moves :
3-7
8-13
14-18
17-22
9-13
6-10
0-4

Chosen move : 
9-13
,------------------------,    ,------------------------,
|    b     b     .     b |    |     0     1     2     3|
| .     b     b     .    |    |  4     5     6     7   |
|    b     .     .     w |    |     8     9    10    11|
| w     b     b     .    |    | 12    13    14    15   |
|    w     b     .     w |    |    16    17    18    19|
| w     w     .     w    |    | 20    21    22    23   |
|    w     w     .     w |    |    24    25    26    27|
| .     .     w     .    |    | 28    29    30    31   |
'------------------------'    '------------------------'

White's turn to play.
Possible moves :
16x9x18
16x9x2

Chosen move : 
16x9x18
,------------------------,    ,------------------------,
|    b     b     .     b |    |     0     1     2     3|
| .     b     b     .    |    |  4     5     6     7   |
|    b     .     .     w |    |     8     9    10    11|
| w     .     .     .    |    | 12    13    14    15   |
|    .     b     w     w |    |    16    17    18    19|
| w     w     .     w    |    | 20    21    22    23   |
|    w     w     .     w |    |    24    25    26    27|
| .     .     w     .    |    | 28    29    30    31   |
'------------------------'    '------------------------'

Black's turn to play.
Possible moves :
8-13
5-9
0-4
6-10
6-9
3-7
17-22

Chosen move : 
5-9
,------------------------,    ,------------------------,
|    b     b     .     b |    |     0     1     2     3|
| .     .     b     .    |    |  4     5     6     7   |
|    b     b     .     w |    |     8     9    10    11|
| w     .     .     .    |    | 12    13    14    15   |
|    .     b     w     w |    |    16    17    18    19|
| w     w     .     w    |    | 20    21    22    23   |
|    w     w     .     w |    |    24    25    26    27|
| .     .     w     .    |    | 28    29    30    31   |
'------------------------'    '------------------------'

White's turn to play.
Possible moves :
21x14x5
12x5x14

Chosen move : 
21x14x5
,------------------------,    ,------------------------,
|    b     b     .     b |    |     0     1     2     3|
| .     w     b     .    |    |  4     5     6     7   |
|    b     .     .     w |    |     8     9    10    11|
| w     .     .     .    |    | 12    13    14    15   |
|    .     .     w     w |    |    16    17    18    19|
| w     .     .     w    |    | 20    21    22    23   |
|    w     w     .     w |    |    24    25    26    27|
| .     .     w     .    |    | 28    29    30    31   |
'------------------------'    '------------------------'

Black's turn to play.
Possible moves :
0x9

Chosen move : 
0x9
,------------------------,    ,------------------------,
|    .     b     .     b |    |     0     1     2     3|
| .     .     b     .    |    |  4     5     6     7   |
|    b     b     .     w |    |     8     9    10    11|
| w     .     .     .    |    | 12    13    14    15   |
|    .     .     w     w |    |    16    17    18    19|
| w     .     .     w    |    | 20    21    22    23   |
|    w     w     .     w |    |    24    25    26    27|
| .     .     w     .    |    | 28    29    30    31   |
'------------------------'    '------------------------'

White's turn to play.
Possible moves :
12x5x14

Chosen move : 
12x5x14
,------------------------,    ,------------------------,
|    .     b     .     b |    |     0     1     2     3|
| .     .     b     .    |    |  4     5     6     7   |
|    .     .     .     w |    |     8     9    10    11|
| .     .     w     .    |    | 12    13    14    15   |
|    .     .     w     w |    |    16    17    18    19|
| w     .     .     w    |    | 20    21    22    23   |
|    w     w     .     w |    |    24    25    26    27|
| .     .     w     .    |    | 28    29    30    31   |
'------------------------'    '------------------------'

Black's turn to play.
Possible moves :
6-9
3-7
6-10
1-5

Chosen move : 
6-10
,------------------------,    ,------------------------,
|    .     b     .     b |    |     0     1     2     3|
| .     .     .     .    |    |  4     5     6     7   |
|    .     .     b     w |    |     8     9    10    11|
| .     .     w     .    |    | 12    13    14    15   |
|    .     .     w     w |    |    16    17    18    19|
| w     .     .     w    |    | 20    21    22    23   |
|    w     w     .     w |    |    24    25    26    27|
| .     .     w     .    |    | 28    29    30    31   |
'------------------------'    '------------------------'

White's turn to play.
Possible moves :
14x7

Chosen move : 
14x7
,------------------------,    ,------------------------,
|    .     b     .     b |    |     0     1     2     3|
| .     .     .     w    |    |  4     5     6     7   |
|    .     .     .     w |    |     8     9    10    11|
| .     .     .     .    |    | 12    13    14    15   |
|    .     .     w     w |    |    16    17    18    19|
| w     .     .     w    |    | 20    21    22    23   |
|    w     w     .     w |    |    24    25    26    27|
| .     .     w     .    |    | 28    29    30    31   |
'------------------------'    '------------------------'

Black's turn to play.
Possible moves :
3x10

Chosen move : 
3x10
,------------------------,    ,------------------------,
|    .     b     .     . |    |     0     1     2     3|
| .     .     .     .    |    |  4     5     6     7   |
|    .     .     b     w |    |     8     9    10    11|
| .     .     .     .    |    | 12    13    14    15   |
|    .     .     w     w |    |    16    17    18    19|
| w     .     .     w    |    | 20    21    22    23   |
|    w     w     .     w |    |    24    25    26    27|
| .     .     w     .    |    | 28    29    30    31   |
'------------------------'    '------------------------'

White's turn to play.
Possible moves :
25-22
18-15
20-16
19-15
24-21
25-21
18-14
30-26
11-7

Chosen move : 
25-22
,------------------------,    ,------------------------,
|    .     b     .     . |    |     0     1     2     3|
| .     .     .     .    |    |  4     5     6     7   |
|    .     .     b     w |    |     8     9    10    11|
| .     .     .     .    |    | 12    13    14    15   |
|    .     .     w     w |    |    16    17    18    19|
| w     .     w     w    |    | 20    21    22    23   |
|    w     .     .     w |    |    24    25    26    27|
| .     .     w     .    |    | 28    29    30    31   |
'------------------------'    '------------------------'

Black's turn to play.
Possible moves :
10-15
10-14
1-5
1-6

Chosen move : 
10-14
,------------------------,    ,------------------------,
|    .     b     .     . |    |     0     1     2     3|
| .     .     .     .    |    |  4     5     6     7   |
|    .     .     .     w |    |     8     9    10    11|
| .     .     b     .    |    | 12    13    14    15   |
|    .     .     w     w |    |    16    17    18    19|
| w     .     w     w    |    | 20    21    22    23   |
|    w     .     .     w |    |    24    25    26    27|
| .     .     w     .    |    | 28    29    30    31   |
'------------------------'    '------------------------'

White's turn to play.
Possible moves :
18x9

Chosen move : 
18x9
,------------------------,    ,------------------------,
|    .     b     .     . |    |     0     1     2     3|
| .     .     .     .    |    |  4     5     6     7   |
|    .     w     .     w |    |     8     9    10    11|
| .     .     .     .    |    | 12    13    14    15   |
|    .     .     .     w |    |    16    17    18    19|
| w     .     w     w    |    | 20    21    22    23   |
|    w     .     .     w |    |    24    25    26    27|
| .     .     w     .    |    | 28    29    30    31   |
'------------------------'    '------------------------'

Black's turn to play.
Possible moves :
1-5
1-6

Chosen move : 
1-6
,------------------------,    ,------------------------,
|    .     .     .     . |    |     0     1     2     3|
| .     .     b     .    |    |  4     5     6     7   |
|    .     w     .     w |    |     8     9    10    11|
| .     .     .     .    |    | 12    13    14    15   |
|    .     .     .     w |    |    16    17    18    19|
| w     .     w     w    |    | 20    21    22    23   |
|    w     .     .     w |    |    24    25    26    27|
| .     .     w     .    |    | 28    29    30    31   |
'------------------------'    '------------------------'

White's turn to play.
Possible moves :
9x2

Chosen move : 
9x2
,------------------------,    ,------------------------,
|    .     .     W     . |    |     0     1     2     3|
| .     .     .     .    |    |  4     5     6     7   |
|    .     .     .     w |    |     8     9    10    11|
| .     .     .     .    |    | 12    13    14    15   |
|    .     .     .     w |    |    16    17    18    19|
| w     .     w     w    |    | 20    21    22    23   |
|    w     .     .     w |    |    24    25    26    27|
| .     .     w     .    |    | 28    29    30    31   |
'------------------------'    '------------------------'

Black's turn to play.
End of Game !

#PDN#
[Event "IN104 CS Project"]
[Site "ENSTA ParisTech, Palaiseau, FRA"]
[GameType “21,W,8,8,N2,0”] {Whites begin}
[Date "Sat Apr  2 15:25:10 2016"]
[Round "?"]
[White "Master minmax"]
[WhiteType "Program"]
[Black "Random Guesser"]
[BlackType "Program"]
[Result "1-0"] {White (Master minmax) wins}
[WhiteTime "0.9030323028564453"]
[BlackTime "0.020867586135864258"]

1.20-16 10-14 2.23-19 8-13 3.24-20 14-18 4.22x15 11x18 5.16-12 6-10 6.21-16 4-8 7.28-24 18-23 8.27x18 2-6 9.25-21 7-11 10.31-27 10-14 11.26-23 13-17 12.29-25 11-15 13.18x11 9-13 14.16x9x18 5-9 15.21x14x5 0x9 16.12x5x14 6-10 17.14x7 3x10 18.25-22 10-14 19.18x9 1-6 20.9x2  1-0 *
