Beginning of the game
,------------------------,    ,------------------------,
|    b     b     b     b |    |     0     1     2     3|
| b     b     b     b    |    |  4     5     6     7   |
|    b     b     b     b |    |     8     9    10    11|
| .     .     .     .    |    | 12    13    14    15   |
|    .     .     .     . |    |    16    17    18    19|
| w     w     w     w    |    | 20    21    22    23   |
|    w     w     w     w |    |    24    25    26    27|
| w     w     w     w    |    | 28    29    30    31   |
'------------------------'    '------------------------'

White's turn to play.
Possible moves :
21-17
22-18
23-19
20-16
21-16
22-17
23-18

Chosen move : 
21-17
,------------------------,    ,------------------------,
|    b     b     b     b |    |     0     1     2     3|
| b     b     b     b    |    |  4     5     6     7   |
|    b     b     b     b |    |     8     9    10    11|
| .     .     .     .    |    | 12    13    14    15   |
|    .     w     .     . |    |    16    17    18    19|
| w     .     w     w    |    | 20    21    22    23   |
|    w     w     w     w |    |    24    25    26    27|
| w     w     w     w    |    | 28    29    30    31   |
'------------------------'    '------------------------'

Black's turn to play.
Possible moves :
10-14
8-12
9-13
11-15
8-13
10-15
9-14

Chosen move : 
10-15
,------------------------,    ,------------------------,
|    b     b     b     b |    |     0     1     2     3|
| b     b     b     b    |    |  4     5     6     7   |
|    b     b     .     b |    |     8     9    10    11|
| .     .     .     b    |    | 12    13    14    15   |
|    .     w     .     . |    |    16    17    18    19|
| w     .     w     w    |    | 20    21    22    23   |
|    w     w     w     w |    |    24    25    26    27|
| w     w     w     w    |    | 28    29    30    31   |
'------------------------'    '------------------------'

White's turn to play.
Possible moves :
23-18
17-13
20-16
22-18
25-21
24-21
23-19
17-14

Chosen move : 
23-18
,------------------------,    ,------------------------,
|    b     b     b     b |    |     0     1     2     3|
| b     b     b     b    |    |  4     5     6     7   |
|    b     b     .     b |    |     8     9    10    11|
| .     .     .     b    |    | 12    13    14    15   |
|    .     w     w     . |    |    16    17    18    19|
| w     .     w     .    |    | 20    21    22    23   |
|    w     w     w     w |    |    24    25    26    27|
| w     w     w     w    |    | 28    29    30    31   |
'------------------------'    '------------------------'

Black's turn to play.
Possible moves :
6-10
9-14
15-19
8-13
9-13
7-10
8-12

Chosen move : 
6-10
,------------------------,    ,------------------------,
|    b     b     b     b |    |     0     1     2     3|
| b     b     .     b    |    |  4     5     6     7   |
|    b     b     b     b |    |     8     9    10    11|
| .     .     .     b    |    | 12    13    14    15   |
|    .     w     w     . |    |    16    17    18    19|
| w     .     w     .    |    | 20    21    22    23   |
|    w     w     w     w |    |    24    25    26    27|
| w     w     w     w    |    | 28    29    30    31   |
'------------------------'    '------------------------'

White's turn to play.
Possible moves :
17-14
18-14
24-21
17-13
26-23
27-23
25-21
20-16

Chosen move : 
24-21
,------------------------,    ,------------------------,
|    b     b     b     b |    |     0     1     2     3|
| b     b     .     b    |    |  4     5     6     7   |
|    b     b     b     b |    |     8     9    10    11|
| .     .     .     b    |    | 12    13    14    15   |
|    .     w     w     . |    |    16    17    18    19|
| w     w     w     .    |    | 20    21    22    23   |
|    .     w     w     w |    |    24    25    26    27|
| w     w     w     w    |    | 28    29    30    31   |
'------------------------'    '------------------------'

Black's turn to play.
Possible moves :
9-14
15-19
8-12
1-6
8-13
9-13
10-14
2-6

Chosen move : 
15-19
,------------------------,    ,------------------------,
|    b     b     b     b |    |     0     1     2     3|
| b     b     .     b    |    |  4     5     6     7   |
|    b     b     b     b |    |     8     9    10    11|
| .     .     .     .    |    | 12    13    14    15   |
|    .     w     w     b |    |    16    17    18    19|
| w     w     w     .    |    | 20    21    22    23   |
|    .     w     w     w |    |    24    25    26    27|
| w     w     w     w    |    | 28    29    30    31   |
'------------------------'    '------------------------'

White's turn to play.
Possible moves :
29-24
20-16
18-14
28-24
17-14
27-23
17-13
21-16
18-15
26-23

Chosen move : 
29-24
,------------------------,    ,------------------------,
|    b     b     b     b |    |     0     1     2     3|
| b     b     .     b    |    |  4     5     6     7   |
|    b     b     b     b |    |     8     9    10    11|
| .     .     .     .    |    | 12    13    14    15   |
|    .     w     w     b |    |    16    17    18    19|
| w     w     w     .    |    | 20    21    22    23   |
|    w     w     w     w |    |    24    25    26    27|
| w     .     w     w    |    | 28    29    30    31   |
'------------------------'    '------------------------'

Black's turn to play.
Possible moves :
2-6
8-12
1-6
19-23
8-13
9-14
10-15
11-15
9-13
10-14

Chosen move : 
8-12
,------------------------,    ,------------------------,
|    b     b     b     b |    |     0     1     2     3|
| b     b     .     b    |    |  4     5     6     7   |
|    .     b     b     b |    |     8     9    10    11|
| b     .     .     .    |    | 12    13    14    15   |
|    .     w     w     b |    |    16    17    18    19|
| w     w     w     .    |    | 20    21    22    23   |
|    w     w     w     w |    |    24    25    26    27|
| w     .     w     w    |    | 28    29    30    31   |
'------------------------'    '------------------------'

White's turn to play.
Possible moves :
17-13
18-14
26-23
20-16
21-16
17-14
27-23
18-15

Chosen move : 
20-16
,------------------------,    ,------------------------,
|    b     b     b     b |    |     0     1     2     3|
| b     b     .     b    |    |  4     5     6     7   |
|    .     b     b     b |    |     8     9    10    11|
| b     .     .     .    |    | 12    13    14    15   |
|    w     w     w     b |    |    16    17    18    19|
| .     w     w     .    |    | 20    21    22    23   |
|    w     w     w     w |    |    24    25    26    27|
| w     .     w     w    |    | 28    29    30    31   |
'------------------------'    '------------------------'

Black's turn to play.
Possible moves :
9-14
19-23
10-15
4-8
2-6
10-14
11-15
5-8
9-13
1-6

Chosen move : 
5-8
,------------------------,    ,------------------------,
|    b     b     b     b |    |     0     1     2     3|
| b     .     .     b    |    |  4     5     6     7   |
|    b     b     b     b |    |     8     9    10    11|
| b     .     .     .    |    | 12    13    14    15   |
|    w     w     w     b |    |    16    17    18    19|
| .     w     w     .    |    | 20    21    22    23   |
|    w     w     w     w |    |    24    25    26    27|
| w     .     w     w    |    | 28    29    30    31   |
'------------------------'    '------------------------'

White's turn to play.
Possible moves :
24-20
16-13
26-23
17-14
27-23
18-15
17-13
18-14

Chosen move : 
24-20
,------------------------,    ,------------------------,
|    b     b     b     b |    |     0     1     2     3|
| b     .     .     b    |    |  4     5     6     7   |
|    b     b     b     b |    |     8     9    10    11|
| b     .     .     .    |    | 12    13    14    15   |
|    w     w     w     b |    |    16    17    18    19|
| w     w     w     .    |    | 20    21    22    23   |
|    .     w     w     w |    |    24    25    26    27|
| w     .     w     w    |    | 28    29    30    31   |
'------------------------'    '------------------------'

Black's turn to play.
Possible moves :
10-15
19-23
1-5
9-14
0-5
11-15
2-6
9-13
10-14
8-13
1-6

Chosen move : 
11-15
,------------------------,    ,------------------------,
|    b     b     b     b |    |     0     1     2     3|
| b     .     .     b    |    |  4     5     6     7   |
|    b     b     b     . |    |     8     9    10    11|
| b     .     .     b    |    | 12    13    14    15   |
|    w     w     w     b |    |    16    17    18    19|
| w     w     w     .    |    | 20    21    22    23   |
|    .     w     w     w |    |    24    25    26    27|
| w     .     w     w    |    | 28    29    30    31   |
'------------------------'    '------------------------'

White's turn to play.
Possible moves :
18x11

Chosen move : 
18x11
,------------------------,    ,------------------------,
|    b     b     b     b |    |     0     1     2     3|
| b     .     .     b    |    |  4     5     6     7   |
|    b     b     b     w |    |     8     9    10    11|
| b     .     .     .    |    | 12    13    14    15   |
|    w     w     .     b |    |    16    17    18    19|
| w     w     w     .    |    | 20    21    22    23   |
|    .     w     w     w |    |    24    25    26    27|
| w     .     w     w    |    | 28    29    30    31   |
'------------------------'    '------------------------'

Black's turn to play.
Possible moves :
19-23
2-6
9-13
1-5
10-15
1-6
0-5
10-14
9-14
8-13

Chosen move : 
0-5
,------------------------,    ,------------------------,
|    .     b     b     b |    |     0     1     2     3|
| b     b     .     b    |    |  4     5     6     7   |
|    b     b     b     w |    |     8     9    10    11|
| b     .     .     .    |    | 12    13    14    15   |
|    w     w     .     b |    |    16    17    18    19|
| w     w     w     .    |    | 20    21    22    23   |
|    .     w     w     w |    |    24    25    26    27|
| w     .     w     w    |    | 28    29    30    31   |
'------------------------'    '------------------------'

White's turn to play.
Possible moves :
22-18
17-14
16-13
28-24
17-13
27-23
26-23

Chosen move : 
22-18
,------------------------,    ,------------------------,
|    .     b     b     b |    |     0     1     2     3|
| b     b     .     b    |    |  4     5     6     7   |
|    b     b     b     w |    |     8     9    10    11|
| b     .     .     .    |    | 12    13    14    15   |
|    w     w     w     b |    |    16    17    18    19|
| w     w     .     .    |    | 20    21    22    23   |
|    .     w     w     w |    |    24    25    26    27|
| w     .     w     w    |    | 28    29    30    31   |
'------------------------'    '------------------------'

Black's turn to play.
Possible moves :
2-6
9-14
19-23
8-13
10-15
10-14
1-6
9-13

Chosen move : 
9-13
,------------------------,    ,------------------------,
|    .     b     b     b |    |     0     1     2     3|
| b     b     .     b    |    |  4     5     6     7   |
|    b     .     b     w |    |     8     9    10    11|
| b     b     .     .    |    | 12    13    14    15   |
|    w     w     w     b |    |    16    17    18    19|
| w     w     .     .    |    | 20    21    22    23   |
|    .     w     w     w |    |    24    25    26    27|
| w     .     w     w    |    | 28    29    30    31   |
'------------------------'    '------------------------'

White's turn to play.
Possible moves :
16x9x0

Chosen move : 
16x9x0
,------------------------,    ,------------------------,
|    W     b     b     b |    |     0     1     2     3|
| b     .     .     b    |    |  4     5     6     7   |
|    b     .     b     w |    |     8     9    10    11|
| b     .     .     .    |    | 12    13    14    15   |
|    .     w     w     b |    |    16    17    18    19|
| w     w     .     .    |    | 20    21    22    23   |
|    .     w     w     w |    |    24    25    26    27|
| w     .     w     w    |    | 28    29    30    31   |
'------------------------'    '------------------------'

Black's turn to play.
Possible moves :
8-13
2-6
10-15
1-5
1-6
12-16
10-14
19-23

Chosen move : 
2-6
,------------------------,    ,------------------------,
|    W     b     .     b |    |     0     1     2     3|
| b     .     b     b    |    |  4     5     6     7   |
|    b     .     b     w |    |     8     9    10    11|
| b     .     .     .    |    | 12    13    14    15   |
|    .     w     w     b |    |    16    17    18    19|
| w     w     .     .    |    | 20    21    22    23   |
|    .     w     w     w |    |    24    25    26    27|
| w     .     w     w    |    | 28    29    30    31   |
'------------------------'    '------------------------'

White's turn to play.
Possible moves :
11x2

Chosen move : 
11x2
,------------------------,    ,------------------------,
|    W     b     W     b |    |     0     1     2     3|
| b     .     b     .    |    |  4     5     6     7   |
|    b     .     b     . |    |     8     9    10    11|
| b     .     .     .    |    | 12    13    14    15   |
|    .     w     w     b |    |    16    17    18    19|
| w     w     .     .    |    | 20    21    22    23   |
|    .     w     w     w |    |    24    25    26    27|
| w     .     w     w    |    | 28    29    30    31   |
'------------------------'    '------------------------'

Black's turn to play.
Possible moves :
6-9
12-16
10-14
10-15
8-13
19-23
3-7
1-5

Chosen move : 
6-9
,------------------------,    ,------------------------,
|    W     b     W     b |    |     0     1     2     3|
| b     .     .     .    |    |  4     5     6     7   |
|    b     b     b     . |    |     8     9    10    11|
| b     .     .     .    |    | 12    13    14    15   |
|    .     w     w     b |    |    16    17    18    19|
| w     w     .     .    |    | 20    21    22    23   |
|    .     w     w     w |    |    24    25    26    27|
| w     .     w     w    |    | 28    29    30    31   |
'------------------------'    '------------------------'

White's turn to play.
Possible moves :
17-13
25-22
28-24
27-23
17-14
2-7
26-23
21-16
2-6
26-22
0-5
18-15
20-16
18-14

Chosen move : 
25-22
,------------------------,    ,------------------------,
|    W     b     W     b |    |     0     1     2     3|
| b     .     .     .    |    |  4     5     6     7   |
|    b     b     b     . |    |     8     9    10    11|
| b     .     .     .    |    | 12    13    14    15   |
|    .     w     w     b |    |    16    17    18    19|
| w     w     w     .    |    | 20    21    22    23   |
|    .     .     w     w |    |    24    25    26    27|
| w     .     w     w    |    | 28    29    30    31   |
'------------------------'    '------------------------'

Black's turn to play.
Possible moves :
8-13
3-7
1-6
12-16
10-15
19-23
1-5
9-14
10-14
9-13

Chosen move : 
1-6
,------------------------,    ,------------------------,
|    W     .     W     b |    |     0     1     2     3|
| b     .     b     .    |    |  4     5     6     7   |
|    b     b     b     . |    |     8     9    10    11|
| b     .     .     .    |    | 12    13    14    15   |
|    .     w     w     b |    |    16    17    18    19|
| w     w     w     .    |    | 20    21    22    23   |
|    .     .     w     w |    |    24    25    26    27|
| w     .     w     w    |    | 28    29    30    31   |
'------------------------'    '------------------------'

White's turn to play.
Possible moves :
18-15
0-5
18-14
2-7
28-24
20-16
27-23
17-14
21-16
17-13
26-23
30-25

Chosen move : 
18-15
,------------------------,    ,------------------------,
|    W     .     W     b |    |     0     1     2     3|
| b     .     b     .    |    |  4     5     6     7   |
|    b     b     b     . |    |     8     9    10    11|
| b     .     .     w    |    | 12    13    14    15   |
|    .     w     .     b |    |    16    17    18    19|
| w     w     w     .    |    | 20    21    22    23   |
|    .     .     w     w |    |    24    25    26    27|
| w     .     w     w    |    | 28    29    30    31   |
'------------------------'    '------------------------'

Black's turn to play.
Possible moves :
12-16
8-13
9-14
3-7
9-13
10-14
19-23

Chosen move : 
9-14
,------------------------,    ,------------------------,
|    W     .     W     b |    |     0     1     2     3|
| b     .     b     .    |    |  4     5     6     7   |
|    b     .     b     . |    |     8     9    10    11|
| b     .     b     w    |    | 12    13    14    15   |
|    .     w     .     b |    |    16    17    18    19|
| w     w     w     .    |    | 20    21    22    23   |
|    .     .     w     w |    |    24    25    26    27|
| w     .     w     w    |    | 28    29    30    31   |
'------------------------'    '------------------------'

White's turn to play.
Possible moves :
2x9x18

Chosen move : 
2x9x18
,------------------------,    ,------------------------,
|    W     .     .     b |    |     0     1     2     3|
| b     .     .     .    |    |  4     5     6     7   |
|    b     .     b     . |    |     8     9    10    11|
| b     .     .     w    |    | 12    13    14    15   |
|    .     w     W     b |    |    16    17    18    19|
| w     w     w     .    |    | 20    21    22    23   |
|    .     .     w     w |    |    24    25    26    27|
| w     .     w     w    |    | 28    29    30    31   |
'------------------------'    '------------------------'

Black's turn to play.
Possible moves :
10-14
8-13
19-23
12-16
3-7

Chosen move : 
3-7
,------------------------,    ,------------------------,
|    W     .     .     . |    |     0     1     2     3|
| b     .     .     b    |    |  4     5     6     7   |
|    b     .     b     . |    |     8     9    10    11|
| b     .     .     w    |    | 12    13    14    15   |
|    .     w     W     b |    |    16    17    18    19|
| w     w     w     .    |    | 20    21    22    23   |
|    .     .     w     w |    |    24    25    26    27|
| w     .     w     w    |    | 28    29    30    31   |
'------------------------'    '------------------------'

White's turn to play.
Possible moves :
15x6

Chosen move : 
15x6
,------------------------,    ,------------------------,
|    W     .     .     . |    |     0     1     2     3|
| b     .     w     b    |    |  4     5     6     7   |
|    b     .     .     . |    |     8     9    10    11|
| b     .     .     .    |    | 12    13    14    15   |
|    .     w     W     b |    |    16    17    18    19|
| w     w     w     .    |    | 20    21    22    23   |
|    .     .     w     w |    |    24    25    26    27|
| w     .     w     w    |    | 28    29    30    31   |
'------------------------'    '------------------------'

Black's turn to play.
Possible moves :
7-10
8-13
12-16
19-23
7-11

Chosen move : 
8-13
,------------------------,    ,------------------------,
|    W     .     .     . |    |     0     1     2     3|
| b     .     w     b    |    |  4     5     6     7   |
|    .     .     .     . |    |     8     9    10    11|
| b     b     .     .    |    | 12    13    14    15   |
|    .     w     W     b |    |    16    17    18    19|
| w     w     w     .    |    | 20    21    22    23   |
|    .     .     w     w |    |    24    25    26    27|
| w     .     w     w    |    | 28    29    30    31   |
'------------------------'    '------------------------'

White's turn to play.
Possible moves :
17x8

Chosen move : 
17x8
,------------------------,    ,------------------------,
|    W     .     .     . |    |     0     1     2     3|
| b     .     w     b    |    |  4     5     6     7   |
|    w     .     .     . |    |     8     9    10    11|
| b     .     .     .    |    | 12    13    14    15   |
|    .     .     W     b |    |    16    17    18    19|
| w     w     w     .    |    | 20    21    22    23   |
|    .     .     w     w |    |    24    25    26    27|
| w     .     w     w    |    | 28    29    30    31   |
'------------------------'    '------------------------'

Black's turn to play.
Possible moves :
12x5
4x13

Chosen move : 
12x5
,------------------------,    ,------------------------,
|    W     .     .     . |    |     0     1     2     3|
| b     b     w     b    |    |  4     5     6     7   |
|    .     .     .     . |    |     8     9    10    11|
| .     .     .     .    |    | 12    13    14    15   |
|    .     .     W     b |    |    16    17    18    19|
| w     w     w     .    |    | 20    21    22    23   |
|    .     .     w     w |    |    24    25    26    27|
| w     .     w     w    |    | 28    29    30    31   |
'------------------------'    '------------------------'

White's turn to play.
Possible moves :
0x9

Chosen move : 
0x9
,------------------------,    ,------------------------,
|    .     .     .     . |    |     0     1     2     3|
| b     .     w     b    |    |  4     5     6     7   |
|    .     W     .     . |    |     8     9    10    11|
| .     .     .     .    |    | 12    13    14    15   |
|    .     .     W     b |    |    16    17    18    19|
| w     w     w     .    |    | 20    21    22    23   |
|    .     .     w     w |    |    24    25    26    27|
| w     .     w     w    |    | 28    29    30    31   |
'------------------------'    '------------------------'

Black's turn to play.
Possible moves :
7-11
4-8
19-23
7-10

Chosen move : 
19-23
,------------------------,    ,------------------------,
|    .     .     .     . |    |     0     1     2     3|
| b     .     w     b    |    |  4     5     6     7   |
|    .     W     .     . |    |     8     9    10    11|
| .     .     .     .    |    | 12    13    14    15   |
|    .     .     W     . |    |    16    17    18    19|
| w     w     w     b    |    | 20    21    22    23   |
|    .     .     w     w |    |    24    25    26    27|
| w     .     w     w    |    | 28    29    30    31   |
'------------------------'    '------------------------'

White's turn to play.
Possible moves :
26x19

Chosen move : 
26x19
,------------------------,    ,------------------------,
|    .     .     .     . |    |     0     1     2     3|
| b     .     w     b    |    |  4     5     6     7   |
|    .     W     .     . |    |     8     9    10    11|
| .     .     .     .    |    | 12    13    14    15   |
|    .     .     W     w |    |    16    17    18    19|
| w     w     w     .    |    | 20    21    22    23   |
|    .     .     .     w |    |    24    25    26    27|
| w     .     w     w    |    | 28    29    30    31   |
'------------------------'    '------------------------'

Black's turn to play.
Possible moves :
7-11
4-8
7-10

Chosen move : 
4-8
,------------------------,    ,------------------------,
|    .     .     .     . |    |     0     1     2     3|
| .     .     w     b    |    |  4     5     6     7   |
|    b     W     .     . |    |     8     9    10    11|
| .     .     .     .    |    | 12    13    14    15   |
|    .     .     W     w |    |    16    17    18    19|
| w     w     w     .    |    | 20    21    22    23   |
|    .     .     .     w |    |    24    25    26    27|
| w     .     w     w    |    | 28    29    30    31   |
'------------------------'    '------------------------'

White's turn to play.
Possible moves :
30-25
31-26
21-17
9-14
18-23
6-2
20-16
22-17
18-14
27-23
18-15
6-1
9-5
21-16
19-15
9-13
28-24
30-26

Chosen move : 
30-25
,------------------------,    ,------------------------,
|    .     .     .     . |    |     0     1     2     3|
| .     .     w     b    |    |  4     5     6     7   |
|    b     W     .     . |    |     8     9    10    11|
| .     .     .     .    |    | 12    13    14    15   |
|    .     .     W     w |    |    16    17    18    19|
| w     w     w     .    |    | 20    21    22    23   |
|    .     w     .     w |    |    24    25    26    27|
| w     .     .     w    |    | 28    29    30    31   |
'------------------------'    '------------------------'

Black's turn to play.
Possible moves :
7-10
8-12
8-13
7-11

Chosen move : 
8-13
,------------------------,    ,------------------------,
|    .     .     .     . |    |     0     1     2     3|
| .     .     w     b    |    |  4     5     6     7   |
|    .     W     .     . |    |     8     9    10    11|
| .     b     .     .    |    | 12    13    14    15   |
|    .     .     W     w |    |    16    17    18    19|
| w     w     w     .    |    | 20    21    22    23   |
|    .     w     .     w |    |    24    25    26    27|
| w     .     .     w    |    | 28    29    30    31   |
'------------------------'    '------------------------'

White's turn to play.
Possible moves :
9x16

Chosen move : 
9x16
,------------------------,    ,------------------------,
|    .     .     .     . |    |     0     1     2     3|
| .     .     w     b    |    |  4     5     6     7   |
|    .     .     .     . |    |     8     9    10    11|
| .     .     .     .    |    | 12    13    14    15   |
|    W     .     W     w |    |    16    17    18    19|
| w     w     w     .    |    | 20    21    22    23   |
|    .     w     .     w |    |    24    25    26    27|
| w     .     .     w    |    | 28    29    30    31   |
'------------------------'    '------------------------'

Black's turn to play.
Possible moves :
7-10
7-11

Chosen move : 
7-10
,------------------------,    ,------------------------,
|    .     .     .     . |    |     0     1     2     3|
| .     .     w     .    |    |  4     5     6     7   |
|    .     .     b     . |    |     8     9    10    11|
| .     .     .     .    |    | 12    13    14    15   |
|    W     .     W     w |    |    16    17    18    19|
| w     w     w     .    |    | 20    21    22    23   |
|    .     w     .     w |    |    24    25    26    27|
| w     .     .     w    |    | 28    29    30    31   |
'------------------------'    '------------------------'

White's turn to play.
Possible moves :
6x15

Chosen move : 
6x15
,------------------------,    ,------------------------,
|    .     .     .     . |    |     0     1     2     3|
| .     .     .     .    |    |  4     5     6     7   |
|    .     .     .     . |    |     8     9    10    11|
| .     .     .     w    |    | 12    13    14    15   |
|    W     .     W     w |    |    16    17    18    19|
| w     w     w     .    |    | 20    21    22    23   |
|    .     w     .     w |    |    24    25    26    27|
| w     .     .     w    |    | 28    29    30    31   |
'------------------------'    '------------------------'

Black's turn to play.
End of Game !

#PDN#
[Event "IN104 CS Project"]
[Site "ENSTA ParisTech, Palaiseau, FRA"]
[GameType “21,W,8,8,N2,0”] {Whites begin}
[Date "Sat Apr  2 15:24:57 2016"]
[Round "?"]
[White "Master minmax"]
[WhiteType "Program"]
[Black "Random Guesser"]
[BlackType "Program"]
[Result "1-0"] {White (Master minmax) wins}
[WhiteTime "0.9620318412780762"]
[BlackTime "0.02107071876525879"]

1.21-17 10-15 2.23-18 6-10 3.24-21 15-19 4.29-24 8-12 5.20-16 5-8 6.24-20 11-15 7.18x11 0-5 8.22-18 9-13 9.16x9x0 2-6 10.11x2 6-9 11.25-22 1-6 12.18-15 9-14 13.2x9x18 3-7 14.15x6 8-13 15.17x8 12x5 16.0x9 19-23 17.26x19 4-8 18.30-25 8-13 19.9x16 7-10 20.6x15  1-0 *
