Beginning of the game
,------------------------,    ,------------------------,
|    b     b     b     b |    |     0     1     2     3|
| b     b     b     b    |    |  4     5     6     7   |
|    b     b     b     b |    |     8     9    10    11|
| .     .     .     .    |    | 12    13    14    15   |
|    .     .     .     . |    |    16    17    18    19|
| w     w     w     w    |    | 20    21    22    23   |
|    w     w     w     w |    |    24    25    26    27|
| w     w     w     w    |    | 28    29    30    31   |
'------------------------'    '------------------------'

White's turn to play.
Possible moves :
21-16
21-17
23-19
20-16
22-17
23-18
22-18

Chosen move : 
23-19
,------------------------,    ,------------------------,
|    b     b     b     b |    |     0     1     2     3|
| b     b     b     b    |    |  4     5     6     7   |
|    b     b     b     b |    |     8     9    10    11|
| .     .     .     .    |    | 12    13    14    15   |
|    .     .     .     w |    |    16    17    18    19|
| w     w     w     .    |    | 20    21    22    23   |
|    w     w     w     w |    |    24    25    26    27|
| w     w     w     w    |    | 28    29    30    31   |
'------------------------'    '------------------------'

Black's turn to play.
Possible moves :
11-15
10-15
9-13
9-14
8-12
10-14
8-13

Chosen move : 
8-12
,------------------------,    ,------------------------,
|    b     b     b     b |    |     0     1     2     3|
| b     b     b     b    |    |  4     5     6     7   |
|    .     b     b     b |    |     8     9    10    11|
| b     .     .     .    |    | 12    13    14    15   |
|    .     .     .     w |    |    16    17    18    19|
| w     w     w     .    |    | 20    21    22    23   |
|    w     w     w     w |    |    24    25    26    27|
| w     w     w     w    |    | 28    29    30    31   |
'------------------------'    '------------------------'

White's turn to play.
Possible moves :
22-18
26-23
22-17
21-16
21-17
27-23
19-15
20-16

Chosen move : 
22-18
,------------------------,    ,------------------------,
|    b     b     b     b |    |     0     1     2     3|
| b     b     b     b    |    |  4     5     6     7   |
|    .     b     b     b |    |     8     9    10    11|
| b     .     .     .    |    | 12    13    14    15   |
|    .     .     w     w |    |    16    17    18    19|
| w     w     .     .    |    | 20    21    22    23   |
|    w     w     w     w |    |    24    25    26    27|
| w     w     w     w    |    | 28    29    30    31   |
'------------------------'    '------------------------'

Black's turn to play.
Possible moves :
5-8
9-14
10-15
11-15
12-16
4-8
10-14
9-13

Chosen move : 
11-15
,------------------------,    ,------------------------,
|    b     b     b     b |    |     0     1     2     3|
| b     b     b     b    |    |  4     5     6     7   |
|    .     b     b     . |    |     8     9    10    11|
| b     .     .     b    |    | 12    13    14    15   |
|    .     .     w     w |    |    16    17    18    19|
| w     w     .     .    |    | 20    21    22    23   |
|    w     w     w     w |    |    24    25    26    27|
| w     w     w     w    |    | 28    29    30    31   |
'------------------------'    '------------------------'

White's turn to play.
Possible moves :
18x11

Chosen move : 
18x11
,------------------------,    ,------------------------,
|    b     b     b     b |    |     0     1     2     3|
| b     b     b     b    |    |  4     5     6     7   |
|    .     b     b     w |    |     8     9    10    11|
| b     .     .     .    |    | 12    13    14    15   |
|    .     .     .     w |    |    16    17    18    19|
| w     w     .     .    |    | 20    21    22    23   |
|    w     w     w     w |    |    24    25    26    27|
| w     w     w     w    |    | 28    29    30    31   |
'------------------------'    '------------------------'

Black's turn to play.
Possible moves :
9-14
10-15
10-14
5-8
4-8
9-13
12-16

Chosen move : 
4-8
,------------------------,    ,------------------------,
|    b     b     b     b |    |     0     1     2     3|
| .     b     b     b    |    |  4     5     6     7   |
|    b     b     b     w |    |     8     9    10    11|
| b     .     .     .    |    | 12    13    14    15   |
|    .     .     .     w |    |    16    17    18    19|
| w     w     .     .    |    | 20    21    22    23   |
|    w     w     w     w |    |    24    25    26    27|
| w     w     w     w    |    | 28    29    30    31   |
'------------------------'    '------------------------'

White's turn to play.
Possible moves :
27-23
21-16
26-22
25-22
20-16
26-23
21-17
19-15

Chosen move : 
21-16
,------------------------,    ,------------------------,
|    b     b     b     b |    |     0     1     2     3|
| .     b     b     b    |    |  4     5     6     7   |
|    b     b     b     w |    |     8     9    10    11|
| b     .     .     .    |    | 12    13    14    15   |
|    w     .     .     w |    |    16    17    18    19|
| w     .     .     .    |    | 20    21    22    23   |
|    w     w     w     w |    |    24    25    26    27|
| w     w     w     w    |    | 28    29    30    31   |
'------------------------'    '------------------------'

Black's turn to play.
Possible moves :
12x21

Chosen move : 
12x21
,------------------------,    ,------------------------,
|    b     b     b     b |    |     0     1     2     3|
| .     b     b     b    |    |  4     5     6     7   |
|    b     b     b     w |    |     8     9    10    11|
| .     .     .     .    |    | 12    13    14    15   |
|    .     .     .     w |    |    16    17    18    19|
| w     b     .     .    |    | 20    21    22    23   |
|    w     w     w     w |    |    24    25    26    27|
| w     w     w     w    |    | 28    29    30    31   |
'------------------------'    '------------------------'

White's turn to play.
Possible moves :
25x16
24x17

Chosen move : 
25x16
,------------------------,    ,------------------------,
|    b     b     b     b |    |     0     1     2     3|
| .     b     b     b    |    |  4     5     6     7   |
|    b     b     b     w |    |     8     9    10    11|
| .     .     .     .    |    | 12    13    14    15   |
|    w     .     .     w |    |    16    17    18    19|
| w     .     .     .    |    | 20    21    22    23   |
|    w     .     w     w |    |    24    25    26    27|
| w     w     w     w    |    | 28    29    30    31   |
'------------------------'    '------------------------'

Black's turn to play.
Possible moves :
9-14
8-12
10-15
8-13
0-4
10-14
9-13

Chosen move : 
9-13
,------------------------,    ,------------------------,
|    b     b     b     b |    |     0     1     2     3|
| .     b     b     b    |    |  4     5     6     7   |
|    b     .     b     w |    |     8     9    10    11|
| .     b     .     .    |    | 12    13    14    15   |
|    w     .     .     w |    |    16    17    18    19|
| w     .     .     .    |    | 20    21    22    23   |
|    w     .     w     w |    |    24    25    26    27|
| w     w     w     w    |    | 28    29    30    31   |
'------------------------'    '------------------------'

White's turn to play.
Possible moves :
16x9

Chosen move : 
16x9
,------------------------,    ,------------------------,
|    b     b     b     b |    |     0     1     2     3|
| .     b     b     b    |    |  4     5     6     7   |
|    b     w     b     w |    |     8     9    10    11|
| .     .     .     .    |    | 12    13    14    15   |
|    .     .     .     w |    |    16    17    18    19|
| w     .     .     .    |    | 20    21    22    23   |
|    w     .     w     w |    |    24    25    26    27|
| w     w     w     w    |    | 28    29    30    31   |
'------------------------'    '------------------------'

Black's turn to play.
Possible moves :
5x14
6x13

Chosen move : 
6x13
,------------------------,    ,------------------------,
|    b     b     b     b |    |     0     1     2     3|
| .     b     .     b    |    |  4     5     6     7   |
|    b     .     b     w |    |     8     9    10    11|
| .     b     .     .    |    | 12    13    14    15   |
|    .     .     .     w |    |    16    17    18    19|
| w     .     .     .    |    | 20    21    22    23   |
|    w     .     w     w |    |    24    25    26    27|
| w     w     w     w    |    | 28    29    30    31   |
'------------------------'    '------------------------'

White's turn to play.
Possible moves :
19-15
29-25
27-23
30-25
26-23
20-16
26-22
24-21

Chosen move : 
30-25
,------------------------,    ,------------------------,
|    b     b     b     b |    |     0     1     2     3|
| .     b     .     b    |    |  4     5     6     7   |
|    b     .     b     w |    |     8     9    10    11|
| .     b     .     .    |    | 12    13    14    15   |
|    .     .     .     w |    |    16    17    18    19|
| w     .     .     .    |    | 20    21    22    23   |
|    w     w     w     w |    |    24    25    26    27|
| w     w     .     w    |    | 28    29    30    31   |
'------------------------'    '------------------------'

Black's turn to play.
Possible moves :
10-14
2-6
8-12
13-16
13-17
10-15
0-4
1-6
5-9

Chosen move : 
13-17
,------------------------,    ,------------------------,
|    b     b     b     b |    |     0     1     2     3|
| .     b     .     b    |    |  4     5     6     7   |
|    b     .     b     w |    |     8     9    10    11|
| .     .     .     .    |    | 12    13    14    15   |
|    .     b     .     w |    |    16    17    18    19|
| w     .     .     .    |    | 20    21    22    23   |
|    w     w     w     w |    |    24    25    26    27|
| w     w     .     w    |    | 28    29    30    31   |
'------------------------'    '------------------------'

White's turn to play.
Possible moves :
25-22
27-23
24-21
19-15
25-21
26-22
20-16
26-23

Chosen move : 
25-22
,------------------------,    ,------------------------,
|    b     b     b     b |    |     0     1     2     3|
| .     b     .     b    |    |  4     5     6     7   |
|    b     .     b     w |    |     8     9    10    11|
| .     .     .     .    |    | 12    13    14    15   |
|    .     b     .     w |    |    16    17    18    19|
| w     .     w     .    |    | 20    21    22    23   |
|    w     .     w     w |    |    24    25    26    27|
| w     w     .     w    |    | 28    29    30    31   |
'------------------------'    '------------------------'

Black's turn to play.
Possible moves :
8-12
17-21
8-13
5-9
0-4
2-6
10-15
10-14
1-6

Chosen move : 
0-4
,------------------------,    ,------------------------,
|    .     b     b     b |    |     0     1     2     3|
| b     b     .     b    |    |  4     5     6     7   |
|    b     .     b     w |    |     8     9    10    11|
| .     .     .     .    |    | 12    13    14    15   |
|    .     b     .     w |    |    16    17    18    19|
| w     .     w     .    |    | 20    21    22    23   |
|    w     .     w     w |    |    24    25    26    27|
| w     w     .     w    |    | 28    29    30    31   |
'------------------------'    '------------------------'

White's turn to play.
Possible moves :
22x13

Chosen move : 
22x13
,------------------------,    ,------------------------,
|    .     b     b     b |    |     0     1     2     3|
| b     b     .     b    |    |  4     5     6     7   |
|    b     .     b     w |    |     8     9    10    11|
| .     w     .     .    |    | 12    13    14    15   |
|    .     .     .     w |    |    16    17    18    19|
| w     .     .     .    |    | 20    21    22    23   |
|    w     .     w     w |    |    24    25    26    27|
| w     w     .     w    |    | 28    29    30    31   |
'------------------------'    '------------------------'

Black's turn to play.
Possible moves :
8x17

Chosen move : 
8x17
,------------------------,    ,------------------------,
|    .     b     b     b |    |     0     1     2     3|
| b     b     .     b    |    |  4     5     6     7   |
|    .     .     b     w |    |     8     9    10    11|
| .     .     .     .    |    | 12    13    14    15   |
|    .     b     .     w |    |    16    17    18    19|
| w     .     .     .    |    | 20    21    22    23   |
|    w     .     w     w |    |    24    25    26    27|
| w     w     .     w    |    | 28    29    30    31   |
'------------------------'    '------------------------'

White's turn to play.
Possible moves :
27-23
26-22
20-16
26-23
29-25
19-15
24-21

Chosen move : 
19-15
,------------------------,    ,------------------------,
|    .     b     b     b |    |     0     1     2     3|
| b     b     .     b    |    |  4     5     6     7   |
|    .     .     b     w |    |     8     9    10    11|
| .     .     .     w    |    | 12    13    14    15   |
|    .     b     .     . |    |    16    17    18    19|
| w     .     .     .    |    | 20    21    22    23   |
|    w     .     w     w |    |    24    25    26    27|
| w     w     .     w    |    | 28    29    30    31   |
'------------------------'    '------------------------'

Black's turn to play.
Possible moves :
10x19

Chosen move : 
10x19
,------------------------,    ,------------------------,
|    .     b     b     b |    |     0     1     2     3|
| b     b     .     b    |    |  4     5     6     7   |
|    .     .     .     w |    |     8     9    10    11|
| .     .     .     .    |    | 12    13    14    15   |
|    .     b     .     b |    |    16    17    18    19|
| w     .     .     .    |    | 20    21    22    23   |
|    w     .     w     w |    |    24    25    26    27|
| w     w     .     w    |    | 28    29    30    31   |
'------------------------'    '------------------------'

White's turn to play.
Possible moves :
26-23
29-25
27-23
26-22
24-21
20-16

Chosen move : 
26-23
,------------------------,    ,------------------------,
|    .     b     b     b |    |     0     1     2     3|
| b     b     .     b    |    |  4     5     6     7   |
|    .     .     .     w |    |     8     9    10    11|
| .     .     .     .    |    | 12    13    14    15   |
|    .     b     .     b |    |    16    17    18    19|
| w     .     .     w    |    | 20    21    22    23   |
|    w     .     .     w |    |    24    25    26    27|
| w     w     .     w    |    | 28    29    30    31   |
'------------------------'    '------------------------'

Black's turn to play.
Possible moves :
19x26

Chosen move : 
19x26
,------------------------,    ,------------------------,
|    .     b     b     b |    |     0     1     2     3|
| b     b     .     b    |    |  4     5     6     7   |
|    .     .     .     w |    |     8     9    10    11|
| .     .     .     .    |    | 12    13    14    15   |
|    .     b     .     . |    |    16    17    18    19|
| w     .     .     .    |    | 20    21    22    23   |
|    w     .     b     w |    |    24    25    26    27|
| w     w     .     w    |    | 28    29    30    31   |
'------------------------'    '------------------------'

White's turn to play.
Possible moves :
31x22x13

Chosen move : 
31x22x13
,------------------------,    ,------------------------,
|    .     b     b     b |    |     0     1     2     3|
| b     b     .     b    |    |  4     5     6     7   |
|    .     .     .     w |    |     8     9    10    11|
| .     w     .     .    |    | 12    13    14    15   |
|    .     .     .     . |    |    16    17    18    19|
| w     .     .     .    |    | 20    21    22    23   |
|    w     .     .     w |    |    24    25    26    27|
| w     w     .     .    |    | 28    29    30    31   |
'------------------------'    '------------------------'

Black's turn to play.
Possible moves :
4-8
1-6
2-6
7-10
5-8
5-9

Chosen move : 
2-6
,------------------------,    ,------------------------,
|    .     b     .     b |    |     0     1     2     3|
| b     b     b     b    |    |  4     5     6     7   |
|    .     .     .     w |    |     8     9    10    11|
| .     w     .     .    |    | 12    13    14    15   |
|    .     .     .     . |    |    16    17    18    19|
| w     .     .     .    |    | 20    21    22    23   |
|    w     .     .     w |    |    24    25    26    27|
| w     w     .     .    |    | 28    29    30    31   |
'------------------------'    '------------------------'

White's turn to play.
Possible moves :
11x2

Chosen move : 
11x2
,------------------------,    ,------------------------,
|    .     b     W     b |    |     0     1     2     3|
| b     b     b     .    |    |  4     5     6     7   |
|    .     .     .     . |    |     8     9    10    11|
| .     w     .     .    |    | 12    13    14    15   |
|    .     .     .     . |    |    16    17    18    19|
| w     .     .     .    |    | 20    21    22    23   |
|    w     .     .     w |    |    24    25    26    27|
| w     w     .     .    |    | 28    29    30    31   |
'------------------------'    '------------------------'

Black's turn to play.
Possible moves :
6-9
3-7
4-8
5-8
5-9
6-10

Chosen move : 
3-7
,------------------------,    ,------------------------,
|    .     b     W     . |    |     0     1     2     3|
| b     b     b     b    |    |  4     5     6     7   |
|    .     .     .     . |    |     8     9    10    11|
| .     w     .     .    |    | 12    13    14    15   |
|    .     .     .     . |    |    16    17    18    19|
| w     .     .     .    |    | 20    21    22    23   |
|    w     .     .     w |    |    24    25    26    27|
| w     w     .     .    |    | 28    29    30    31   |
'------------------------'    '------------------------'

White's turn to play.
Possible moves :
2x9x0

Chosen move : 
2x9x0
,------------------------,    ,------------------------,
|    W     b     .     . |    |     0     1     2     3|
| b     .     .     b    |    |  4     5     6     7   |
|    .     .     .     . |    |     8     9    10    11|
| .     w     .     .    |    | 12    13    14    15   |
|    .     .     .     . |    |    16    17    18    19|
| w     .     .     .    |    | 20    21    22    23   |
|    w     .     .     w |    |    24    25    26    27|
| w     w     .     .    |    | 28    29    30    31   |
'------------------------'    '------------------------'

Black's turn to play.
Possible moves :
7-10
1-6
4-8
1-5
7-11

Chosen move : 
7-10
,------------------------,    ,------------------------,
|    W     b     .     . |    |     0     1     2     3|
| b     .     .     .    |    |  4     5     6     7   |
|    .     .     b     . |    |     8     9    10    11|
| .     w     .     .    |    | 12    13    14    15   |
|    .     .     .     . |    |    16    17    18    19|
| w     .     .     .    |    | 20    21    22    23   |
|    w     .     .     w |    |    24    25    26    27|
| w     w     .     .    |    | 28    29    30    31   |
'------------------------'    '------------------------'

White's turn to play.
Possible moves :
24-21
0-5
29-25
20-16
13-8
13-9
27-23

Chosen move : 
13-9
,------------------------,    ,------------------------,
|    W     b     .     . |    |     0     1     2     3|
| b     .     .     .    |    |  4     5     6     7   |
|    .     w     b     . |    |     8     9    10    11|
| .     .     .     .    |    | 12    13    14    15   |
|    .     .     .     . |    |    16    17    18    19|
| w     .     .     .    |    | 20    21    22    23   |
|    w     .     .     w |    |    24    25    26    27|
| w     w     .     .    |    | 28    29    30    31   |
'------------------------'    '------------------------'

Black's turn to play.
Possible moves :
10-15
1-6
4-8
10-14
1-5

Chosen move : 
4-8
,------------------------,    ,------------------------,
|    W     b     .     . |    |     0     1     2     3|
| .     .     .     .    |    |  4     5     6     7   |
|    b     w     b     . |    |     8     9    10    11|
| .     .     .     .    |    | 12    13    14    15   |
|    .     .     .     . |    |    16    17    18    19|
| w     .     .     .    |    | 20    21    22    23   |
|    w     .     .     w |    |    24    25    26    27|
| w     w     .     .    |    | 28    29    30    31   |
'------------------------'    '------------------------'

White's turn to play.
Possible moves :
9-5
9-6
0-4
29-25
20-16
24-21
27-23
0-5

Chosen move : 
24-21
,------------------------,    ,------------------------,
|    W     b     .     . |    |     0     1     2     3|
| .     .     .     .    |    |  4     5     6     7   |
|    b     w     b     . |    |     8     9    10    11|
| .     .     .     .    |    | 12    13    14    15   |
|    .     .     .     . |    |    16    17    18    19|
| w     w     .     .    |    | 20    21    22    23   |
|    .     .     .     w |    |    24    25    26    27|
| w     w     .     .    |    | 28    29    30    31   |
'------------------------'    '------------------------'

Black's turn to play.
Possible moves :
8-12
1-6
8-13
10-14
10-15
1-5

Chosen move : 
1-5
,------------------------,    ,------------------------,
|    W     .     .     . |    |     0     1     2     3|
| .     b     .     .    |    |  4     5     6     7   |
|    b     w     b     . |    |     8     9    10    11|
| .     .     .     .    |    | 12    13    14    15   |
|    .     .     .     . |    |    16    17    18    19|
| w     w     .     .    |    | 20    21    22    23   |
|    .     .     .     w |    |    24    25    26    27|
| w     w     .     .    |    | 28    29    30    31   |
'------------------------'    '------------------------'

White's turn to play.
Possible moves :
29-25
29-24
0-4
27-23
28-24
9-6
21-17
20-16
21-16

Chosen move : 
9-6
,------------------------,    ,------------------------,
|    W     .     .     . |    |     0     1     2     3|
| .     b     w     .    |    |  4     5     6     7   |
|    b     .     b     . |    |     8     9    10    11|
| .     .     .     .    |    | 12    13    14    15   |
|    .     .     .     . |    |    16    17    18    19|
| w     w     .     .    |    | 20    21    22    23   |
|    .     .     .     w |    |    24    25    26    27|
| w     w     .     .    |    | 28    29    30    31   |
'------------------------'    '------------------------'

Black's turn to play.
Possible moves :
10x1

Chosen move : 
10x1
,------------------------,    ,------------------------,
|    W     b     .     . |    |     0     1     2     3|
| .     b     .     .    |    |  4     5     6     7   |
|    b     .     .     . |    |     8     9    10    11|
| .     .     .     .    |    | 12    13    14    15   |
|    .     .     .     . |    |    16    17    18    19|
| w     w     .     .    |    | 20    21    22    23   |
|    .     .     .     w |    |    24    25    26    27|
| w     w     .     .    |    | 28    29    30    31   |
'------------------------'    '------------------------'

White's turn to play.
Possible moves :
0x9

Chosen move : 
0x9
,------------------------,    ,------------------------,
|    .     b     .     . |    |     0     1     2     3|
| .     .     .     .    |    |  4     5     6     7   |
|    b     W     .     . |    |     8     9    10    11|
| .     .     .     .    |    | 12    13    14    15   |
|    .     .     .     . |    |    16    17    18    19|
| w     w     .     .    |    | 20    21    22    23   |
|    .     .     .     w |    |    24    25    26    27|
| w     w     .     .    |    | 28    29    30    31   |
'------------------------'    '------------------------'

Black's turn to play.
Possible moves :
8-12
1-6
8-13
1-5

Chosen move : 
8-13
,------------------------,    ,------------------------,
|    .     b     .     . |    |     0     1     2     3|
| .     .     .     .    |    |  4     5     6     7   |
|    .     W     .     . |    |     8     9    10    11|
| .     b     .     .    |    | 12    13    14    15   |
|    .     .     .     . |    |    16    17    18    19|
| w     w     .     .    |    | 20    21    22    23   |
|    .     .     .     w |    |    24    25    26    27|
| w     w     .     .    |    | 28    29    30    31   |
'------------------------'    '------------------------'

White's turn to play.
Possible moves :
9x16

Chosen move : 
9x16
,------------------------,    ,------------------------,
|    .     b     .     . |    |     0     1     2     3|
| .     .     .     .    |    |  4     5     6     7   |
|    .     .     .     . |    |     8     9    10    11|
| .     .     .     .    |    | 12    13    14    15   |
|    W     .     .     . |    |    16    17    18    19|
| w     w     .     .    |    | 20    21    22    23   |
|    .     .     .     w |    |    24    25    26    27|
| w     w     .     .    |    | 28    29    30    31   |
'------------------------'    '------------------------'

Black's turn to play.
Possible moves :
1-6
1-5

Chosen move : 
1-5
,------------------------,    ,------------------------,
|    .     .     .     . |    |     0     1     2     3|
| .     b     .     .    |    |  4     5     6     7   |
|    .     .     .     . |    |     8     9    10    11|
| .     .     .     .    |    | 12    13    14    15   |
|    W     .     .     . |    |    16    17    18    19|
| w     w     .     .    |    | 20    21    22    23   |
|    .     .     .     w |    |    24    25    26    27|
| w     w     .     .    |    | 28    29    30    31   |
'------------------------'    '------------------------'

White's turn to play.
Possible moves :
29-25
16-12
29-24
27-23
16-13
21-17
28-24

Chosen move : 
16-13
,------------------------,    ,------------------------,
|    .     .     .     . |    |     0     1     2     3|
| .     b     .     .    |    |  4     5     6     7   |
|    .     .     .     . |    |     8     9    10    11|
| .     W     .     .    |    | 12    13    14    15   |
|    .     .     .     . |    |    16    17    18    19|
| w     w     .     .    |    | 20    21    22    23   |
|    .     .     .     w |    |    24    25    26    27|
| w     w     .     .    |    | 28    29    30    31   |
'------------------------'    '------------------------'

Black's turn to play.
Possible moves :
5-8
5-9

Chosen move : 
5-9
,------------------------,    ,------------------------,
|    .     .     .     . |    |     0     1     2     3|
| .     .     .     .    |    |  4     5     6     7   |
|    .     b     .     . |    |     8     9    10    11|
| .     W     .     .    |    | 12    13    14    15   |
|    .     .     .     . |    |    16    17    18    19|
| w     w     .     .    |    | 20    21    22    23   |
|    .     .     .     w |    |    24    25    26    27|
| w     w     .     .    |    | 28    29    30    31   |
'------------------------'    '------------------------'

White's turn to play.
Possible moves :
13x6

Chosen move : 
13x6
,------------------------,    ,------------------------,
|    .     .     .     . |    |     0     1     2     3|
| .     .     W     .    |    |  4     5     6     7   |
|    .     .     .     . |    |     8     9    10    11|
| .     .     .     .    |    | 12    13    14    15   |
|    .     .     .     . |    |    16    17    18    19|
| w     w     .     .    |    | 20    21    22    23   |
|    .     .     .     w |    |    24    25    26    27|
| w     w     .     .    |    | 28    29    30    31   |
'------------------------'    '------------------------'

Black's turn to play.
End of Game !

#PDN#
[Event "IN104 CS Project"]
[Site "ENSTA ParisTech, Palaiseau, FRA"]
[GameType “21,W,8,8,N2,0”] {Whites begin}
[Date "Fri Apr  1 21:47:23 2016"]
[Round "?"]
[White "Master minmax"]
[WhiteType "Program"]
[Black "Random Guesser"]
[BlackType "Program"]
[Result "1-0"] {White (Master minmax) wins}
[WhiteTime "16.654601097106934"]
[BlackTime "0.01674032211303711"]

1.23-19 8-12 2.22-18 11-15 3.18x11 4-8 4.21-16 12x21 5.25x16 9-13 6.16x9 6x13 7.30-25 13-17 8.25-22 0-4 9.22x13 8x17 10.19-15 10x19 11.26-23 19x26 12.31x22x13 2-6 13.11x2 3-7 14.2x9x0 7-10 15.13-9 4-8 16.24-21 1-5 17.9-6 10x1 18.0x9 8-13 19.9x16 1-5 20.16-13 5-9 21.13x6  1-0 *
