Beginning of the game
,------------------------,    ,------------------------,
|    b     b     b     b |    |     0     1     2     3|
| b     b     b     b    |    |  4     5     6     7   |
|    b     b     b     b |    |     8     9    10    11|
| .     .     .     .    |    | 12    13    14    15   |
|    .     .     .     . |    |    16    17    18    19|
| w     w     w     w    |    | 20    21    22    23   |
|    w     w     w     w |    |    24    25    26    27|
| w     w     w     w    |    | 28    29    30    31   |
'------------------------'    '------------------------'

White's turn to play.
Possible moves :
22-18
23-18
23-19
20-16
21-17
21-16
22-17

Chosen move : 
22-18
,------------------------,    ,------------------------,
|    b     b     b     b |    |     0     1     2     3|
| b     b     b     b    |    |  4     5     6     7   |
|    b     b     b     b |    |     8     9    10    11|
| .     .     .     .    |    | 12    13    14    15   |
|    .     .     w     . |    |    16    17    18    19|
| w     w     .     w    |    | 20    21    22    23   |
|    w     w     w     w |    |    24    25    26    27|
| w     w     w     w    |    | 28    29    30    31   |
'------------------------'    '------------------------'

Black's turn to play.
Possible moves :
10-14
8-13
9-14
8-12
9-13
10-15
11-15

Chosen move : 
10-14
,------------------------,    ,------------------------,
|    b     b     b     b |    |     0     1     2     3|
| b     b     b     b    |    |  4     5     6     7   |
|    b     b     .     b |    |     8     9    10    11|
| .     .     b     .    |    | 12    13    14    15   |
|    .     .     w     . |    |    16    17    18    19|
| w     w     .     w    |    | 20    21    22    23   |
|    w     w     w     w |    |    24    25    26    27|
| w     w     w     w    |    | 28    29    30    31   |
'------------------------'    '------------------------'

White's turn to play.
Possible moves :
18-15
26-22
25-22
20-16
21-17
21-16
23-19

Chosen move : 
26-22
,------------------------,    ,------------------------,
|    b     b     b     b |    |     0     1     2     3|
| b     b     b     b    |    |  4     5     6     7   |
|    b     b     .     b |    |     8     9    10    11|
| .     .     b     .    |    | 12    13    14    15   |
|    .     .     w     . |    |    16    17    18    19|
| w     w     w     w    |    | 20    21    22    23   |
|    w     w     .     w |    |    24    25    26    27|
| w     w     w     w    |    | 28    29    30    31   |
'------------------------'    '------------------------'

Black's turn to play.
Possible moves :
7-10
8-13
6-10
8-12
11-15
14-17
9-13

Chosen move : 
14-17
,------------------------,    ,------------------------,
|    b     b     b     b |    |     0     1     2     3|
| b     b     b     b    |    |  4     5     6     7   |
|    b     b     .     b |    |     8     9    10    11|
| .     .     .     .    |    | 12    13    14    15   |
|    .     b     w     . |    |    16    17    18    19|
| w     w     w     w    |    | 20    21    22    23   |
|    w     w     .     w |    |    24    25    26    27|
| w     w     w     w    |    | 28    29    30    31   |
'------------------------'    '------------------------'

White's turn to play.
Possible moves :
22x13
21x14

Chosen move : 
21x14
,------------------------,    ,------------------------,
|    b     b     b     b |    |     0     1     2     3|
| b     b     b     b    |    |  4     5     6     7   |
|    b     b     .     b |    |     8     9    10    11|
| .     .     w     .    |    | 12    13    14    15   |
|    .     .     w     . |    |    16    17    18    19|
| w     .     w     w    |    | 20    21    22    23   |
|    w     w     .     w |    |    24    25    26    27|
| w     w     w     w    |    | 28    29    30    31   |
'------------------------'    '------------------------'

Black's turn to play.
Possible moves :
6-10
8-12
7-10
8-13
11-15
9-13

Chosen move : 
8-13
,------------------------,    ,------------------------,
|    b     b     b     b |    |     0     1     2     3|
| b     b     b     b    |    |  4     5     6     7   |
|    .     b     .     b |    |     8     9    10    11|
| .     b     w     .    |    | 12    13    14    15   |
|    .     .     w     . |    |    16    17    18    19|
| w     .     w     w    |    | 20    21    22    23   |
|    w     w     .     w |    |    24    25    26    27|
| w     w     w     w    |    | 28    29    30    31   |
'------------------------'    '------------------------'

White's turn to play.
Possible moves :
14-10
23-19
18-15
31-26
20-16
30-26
22-17
25-21
24-21

Chosen move : 
23-19
,------------------------,    ,------------------------,
|    b     b     b     b |    |     0     1     2     3|
| b     b     b     b    |    |  4     5     6     7   |
|    .     b     .     b |    |     8     9    10    11|
| .     b     w     .    |    | 12    13    14    15   |
|    .     .     w     w |    |    16    17    18    19|
| w     .     w     .    |    | 20    21    22    23   |
|    w     w     .     w |    |    24    25    26    27|
| w     w     w     w    |    | 28    29    30    31   |
'------------------------'    '------------------------'

Black's turn to play.
Possible moves :
7-10
11-15
5-8
6-10
13-16
4-8
13-17

Chosen move : 
6-10
,------------------------,    ,------------------------,
|    b     b     b     b |    |     0     1     2     3|
| b     b     .     b    |    |  4     5     6     7   |
|    .     b     b     b |    |     8     9    10    11|
| .     b     w     .    |    | 12    13    14    15   |
|    .     .     w     w |    |    16    17    18    19|
| w     .     w     .    |    | 20    21    22    23   |
|    w     w     .     w |    |    24    25    26    27|
| w     w     w     w    |    | 28    29    30    31   |
'------------------------'    '------------------------'

White's turn to play.
Possible moves :
18-15
20-16
30-26
31-26
22-17
25-21
24-21
27-23
19-15

Chosen move : 
30-26
,------------------------,    ,------------------------,
|    b     b     b     b |    |     0     1     2     3|
| b     b     .     b    |    |  4     5     6     7   |
|    .     b     b     b |    |     8     9    10    11|
| .     b     w     .    |    | 12    13    14    15   |
|    .     .     w     w |    |    16    17    18    19|
| w     .     w     .    |    | 20    21    22    23   |
|    w     w     w     w |    |    24    25    26    27|
| w     w     .     w    |    | 28    29    30    31   |
'------------------------'    '------------------------'

Black's turn to play.
Possible moves :
10x17

Chosen move : 
10x17
,------------------------,    ,------------------------,
|    b     b     b     b |    |     0     1     2     3|
| b     b     .     b    |    |  4     5     6     7   |
|    .     b     .     b |    |     8     9    10    11|
| .     b     .     .    |    | 12    13    14    15   |
|    .     b     w     w |    |    16    17    18    19|
| w     .     w     .    |    | 20    21    22    23   |
|    w     w     w     w |    |    24    25    26    27|
| w     w     .     w    |    | 28    29    30    31   |
'------------------------'    '------------------------'

White's turn to play.
Possible moves :
27-23
25-21
18-15
18-14
20-16
19-15
26-23
24-21

Chosen move : 
27-23
,------------------------,    ,------------------------,
|    b     b     b     b |    |     0     1     2     3|
| b     b     .     b    |    |  4     5     6     7   |
|    .     b     .     b |    |     8     9    10    11|
| .     b     .     .    |    | 12    13    14    15   |
|    .     b     w     w |    |    16    17    18    19|
| w     .     w     w    |    | 20    21    22    23   |
|    w     w     w     . |    |    24    25    26    27|
| w     w     .     w    |    | 28    29    30    31   |
'------------------------'    '------------------------'

Black's turn to play.
Possible moves :
11-15
1-6
2-6
17-21
13-16
7-10
5-8
4-8
9-14

Chosen move : 
11-15
,------------------------,    ,------------------------,
|    b     b     b     b |    |     0     1     2     3|
| b     b     .     b    |    |  4     5     6     7   |
|    .     b     .     . |    |     8     9    10    11|
| .     b     .     b    |    | 12    13    14    15   |
|    .     b     w     w |    |    16    17    18    19|
| w     .     w     w    |    | 20    21    22    23   |
|    w     w     w     . |    |    24    25    26    27|
| w     w     .     w    |    | 28    29    30    31   |
'------------------------'    '------------------------'

White's turn to play.
Possible moves :
19x10
18x11

Chosen move : 
18x11
,------------------------,    ,------------------------,
|    b     b     b     b |    |     0     1     2     3|
| b     b     .     b    |    |  4     5     6     7   |
|    .     b     .     w |    |     8     9    10    11|
| .     b     .     .    |    | 12    13    14    15   |
|    .     b     .     w |    |    16    17    18    19|
| w     .     w     w    |    | 20    21    22    23   |
|    w     w     w     . |    |    24    25    26    27|
| w     w     .     w    |    | 28    29    30    31   |
'------------------------'    '------------------------'

Black's turn to play.
Possible moves :
4-8
7-10
17-21
9-14
2-6
1-6
5-8
13-16

Chosen move : 
1-6
,------------------------,    ,------------------------,
|    b     .     b     b |    |     0     1     2     3|
| b     b     b     b    |    |  4     5     6     7   |
|    .     b     .     w |    |     8     9    10    11|
| .     b     .     .    |    | 12    13    14    15   |
|    .     b     .     w |    |    16    17    18    19|
| w     .     w     w    |    | 20    21    22    23   |
|    w     w     w     . |    |    24    25    26    27|
| w     w     .     w    |    | 28    29    30    31   |
'------------------------'    '------------------------'

White's turn to play.
Possible moves :
20-16
19-15
24-21
31-27
25-21
22-18
23-18

Chosen move : 
19-15
,------------------------,    ,------------------------,
|    b     .     b     b |    |     0     1     2     3|
| b     b     b     b    |    |  4     5     6     7   |
|    .     b     .     w |    |     8     9    10    11|
| .     b     .     w    |    | 12    13    14    15   |
|    .     b     .     . |    |    16    17    18    19|
| w     .     w     w    |    | 20    21    22    23   |
|    w     w     w     . |    |    24    25    26    27|
| w     w     .     w    |    | 28    29    30    31   |
'------------------------'    '------------------------'

Black's turn to play.
Possible moves :
6-10
9-14
7-10
13-16
4-8
5-8
17-21

Chosen move : 
6-10
,------------------------,    ,------------------------,
|    b     .     b     b |    |     0     1     2     3|
| b     b     .     b    |    |  4     5     6     7   |
|    .     b     b     w |    |     8     9    10    11|
| .     b     .     w    |    | 12    13    14    15   |
|    .     b     .     . |    |    16    17    18    19|
| w     .     w     w    |    | 20    21    22    23   |
|    w     w     w     . |    |    24    25    26    27|
| w     w     .     w    |    | 28    29    30    31   |
'------------------------'    '------------------------'

White's turn to play.
Possible moves :
15x6

Chosen move : 
15x6
,------------------------,    ,------------------------,
|    b     .     b     b |    |     0     1     2     3|
| b     b     w     b    |    |  4     5     6     7   |
|    .     b     .     w |    |     8     9    10    11|
| .     b     .     .    |    | 12    13    14    15   |
|    .     b     .     . |    |    16    17    18    19|
| w     .     w     w    |    | 20    21    22    23   |
|    w     w     w     . |    |    24    25    26    27|
| w     w     .     w    |    | 28    29    30    31   |
'------------------------'    '------------------------'

Black's turn to play.
Possible moves :
13-16
5-8
9-14
17-21
7-10
4-8

Chosen move : 
13-16
,------------------------,    ,------------------------,
|    b     .     b     b |    |     0     1     2     3|
| b     b     w     b    |    |  4     5     6     7   |
|    .     b     .     w |    |     8     9    10    11|
| .     .     .     .    |    | 12    13    14    15   |
|    b     b     .     . |    |    16    17    18    19|
| w     .     w     w    |    | 20    21    22    23   |
|    w     w     w     . |    |    24    25    26    27|
| w     w     .     w    |    | 28    29    30    31   |
'------------------------'    '------------------------'

White's turn to play.
Possible moves :
22x13
6x13
20x13

Chosen move : 
22x13
,------------------------,    ,------------------------,
|    b     .     b     b |    |     0     1     2     3|
| b     b     w     b    |    |  4     5     6     7   |
|    .     b     .     w |    |     8     9    10    11|
| .     w     .     .    |    | 12    13    14    15   |
|    b     .     .     . |    |    16    17    18    19|
| w     .     .     w    |    | 20    21    22    23   |
|    w     w     w     . |    |    24    25    26    27|
| w     w     .     w    |    | 28    29    30    31   |
'------------------------'    '------------------------'

Black's turn to play.
Possible moves :
5-8
4-8
7-10
9-14
16-21

Chosen move : 
5-8
,------------------------,    ,------------------------,
|    b     .     b     b |    |     0     1     2     3|
| b     .     w     b    |    |  4     5     6     7   |
|    b     b     .     w |    |     8     9    10    11|
| .     w     .     .    |    | 12    13    14    15   |
|    b     .     .     . |    |    16    17    18    19|
| w     .     .     w    |    | 20    21    22    23   |
|    w     w     w     . |    |    24    25    26    27|
| w     w     .     w    |    | 28    29    30    31   |
'------------------------'    '------------------------'

White's turn to play.
Possible moves :
26-22
25-22
31-27
23-18
25-21
24-21
6-1
23-19

Chosen move : 
25-22
,------------------------,    ,------------------------,
|    b     .     b     b |    |     0     1     2     3|
| b     .     w     b    |    |  4     5     6     7   |
|    b     b     .     w |    |     8     9    10    11|
| .     w     .     .    |    | 12    13    14    15   |
|    b     .     .     . |    |    16    17    18    19|
| w     .     w     w    |    | 20    21    22    23   |
|    w     .     w     . |    |    24    25    26    27|
| w     w     .     w    |    | 28    29    30    31   |
'------------------------'    '------------------------'

Black's turn to play.
Possible moves :
8x17

Chosen move : 
8x17
,------------------------,    ,------------------------,
|    b     .     b     b |    |     0     1     2     3|
| b     .     w     b    |    |  4     5     6     7   |
|    .     b     .     w |    |     8     9    10    11|
| .     .     .     .    |    | 12    13    14    15   |
|    b     b     .     . |    |    16    17    18    19|
| w     .     w     w    |    | 20    21    22    23   |
|    w     .     w     . |    |    24    25    26    27|
| w     w     .     w    |    | 28    29    30    31   |
'------------------------'    '------------------------'

White's turn to play.
Possible moves :
22x13
20x13
6x13

Chosen move : 
22x13
,------------------------,    ,------------------------,
|    b     .     b     b |    |     0     1     2     3|
| b     .     w     b    |    |  4     5     6     7   |
|    .     b     .     w |    |     8     9    10    11|
| .     w     .     .    |    | 12    13    14    15   |
|    b     .     .     . |    |    16    17    18    19|
| w     .     .     w    |    | 20    21    22    23   |
|    w     .     w     . |    |    24    25    26    27|
| w     w     .     w    |    | 28    29    30    31   |
'------------------------'    '------------------------'

Black's turn to play.
Possible moves :
16-21
0-5
9-14
7-10
4-8

Chosen move : 
7-10
,------------------------,    ,------------------------,
|    b     .     b     b |    |     0     1     2     3|
| b     .     w     .    |    |  4     5     6     7   |
|    .     b     b     w |    |     8     9    10    11|
| .     w     .     .    |    | 12    13    14    15   |
|    b     .     .     . |    |    16    17    18    19|
| w     .     .     w    |    | 20    21    22    23   |
|    w     .     w     . |    |    24    25    26    27|
| w     w     .     w    |    | 28    29    30    31   |
'------------------------'    '------------------------'

White's turn to play.
Possible moves :
6x15

Chosen move : 
6x15
,------------------------,    ,------------------------,
|    b     .     b     b |    |     0     1     2     3|
| b     .     .     .    |    |  4     5     6     7   |
|    .     b     .     w |    |     8     9    10    11|
| .     w     .     w    |    | 12    13    14    15   |
|    b     .     .     . |    |    16    17    18    19|
| w     .     .     w    |    | 20    21    22    23   |
|    w     .     w     . |    |    24    25    26    27|
| w     w     .     w    |    | 28    29    30    31   |
'------------------------'    '------------------------'

Black's turn to play.
Possible moves :
16-21
2-7
9-14
2-6
4-8
0-5
3-7

Chosen move : 
2-6
,------------------------,    ,------------------------,
|    b     .     .     b |    |     0     1     2     3|
| b     .     b     .    |    |  4     5     6     7   |
|    .     b     .     w |    |     8     9    10    11|
| .     w     .     w    |    | 12    13    14    15   |
|    b     .     .     . |    |    16    17    18    19|
| w     .     .     w    |    | 20    21    22    23   |
|    w     .     w     . |    |    24    25    26    27|
| w     w     .     w    |    | 28    29    30    31   |
'------------------------'    '------------------------'

White's turn to play.
Possible moves :
15-10
24-21
23-18
11-7
26-22
29-25
31-27
23-19
13-8

Chosen move : 
23-18
,------------------------,    ,------------------------,
|    b     .     .     b |    |     0     1     2     3|
| b     .     b     .    |    |  4     5     6     7   |
|    .     b     .     w |    |     8     9    10    11|
| .     w     .     w    |    | 12    13    14    15   |
|    b     .     w     . |    |    16    17    18    19|
| w     .     .     .    |    | 20    21    22    23   |
|    w     .     w     . |    |    24    25    26    27|
| w     w     .     w    |    | 28    29    30    31   |
'------------------------'    '------------------------'

Black's turn to play.
Possible moves :
4-8
9-14
3-7
0-5
16-21
6-10

Chosen move : 
4-8
,------------------------,    ,------------------------,
|    b     .     .     b |    |     0     1     2     3|
| .     .     b     .    |    |  4     5     6     7   |
|    b     b     .     w |    |     8     9    10    11|
| .     w     .     w    |    | 12    13    14    15   |
|    b     .     w     . |    |    16    17    18    19|
| w     .     .     .    |    | 20    21    22    23   |
|    w     .     w     . |    |    24    25    26    27|
| w     w     .     w    |    | 28    29    30    31   |
'------------------------'    '------------------------'

White's turn to play.
Possible moves :
13x4

Chosen move : 
13x4
,------------------------,    ,------------------------,
|    b     .     .     b |    |     0     1     2     3|
| w     .     b     .    |    |  4     5     6     7   |
|    .     b     .     w |    |     8     9    10    11|
| .     .     .     w    |    | 12    13    14    15   |
|    b     .     w     . |    |    16    17    18    19|
| w     .     .     .    |    | 20    21    22    23   |
|    w     .     w     . |    |    24    25    26    27|
| w     w     .     w    |    | 28    29    30    31   |
'------------------------'    '------------------------'

Black's turn to play.
Possible moves :
16-21
0-5
9-13
3-7
6-10
9-14

Chosen move : 
6-10
,------------------------,    ,------------------------,
|    b     .     .     b |    |     0     1     2     3|
| w     .     .     .    |    |  4     5     6     7   |
|    .     b     b     w |    |     8     9    10    11|
| .     .     .     w    |    | 12    13    14    15   |
|    b     .     w     . |    |    16    17    18    19|
| w     .     .     .    |    | 20    21    22    23   |
|    w     .     w     . |    |    24    25    26    27|
| w     w     .     w    |    | 28    29    30    31   |
'------------------------'    '------------------------'

White's turn to play.
Possible moves :
15x6x13
20x13x6

Chosen move : 
15x6x13
,------------------------,    ,------------------------,
|    b     .     .     b |    |     0     1     2     3|
| w     .     .     .    |    |  4     5     6     7   |
|    .     .     .     w |    |     8     9    10    11|
| .     w     .     .    |    | 12    13    14    15   |
|    b     .     w     . |    |    16    17    18    19|
| w     .     .     .    |    | 20    21    22    23   |
|    w     .     w     . |    |    24    25    26    27|
| w     w     .     w    |    | 28    29    30    31   |
'------------------------'    '------------------------'

Black's turn to play.
Possible moves :
16x9

Chosen move : 
16x9
,------------------------,    ,------------------------,
|    b     .     .     b |    |     0     1     2     3|
| w     .     .     .    |    |  4     5     6     7   |
|    .     b     .     w |    |     8     9    10    11|
| .     .     .     .    |    | 12    13    14    15   |
|    .     .     w     . |    |    16    17    18    19|
| w     .     .     .    |    | 20    21    22    23   |
|    w     .     w     . |    |    24    25    26    27|
| w     w     .     w    |    | 28    29    30    31   |
'------------------------'    '------------------------'

White's turn to play.
Possible moves :
24-21
20-16
26-23
29-25
11-7
18-14
26-22
31-27
18-15

Chosen move : 
24-21
,------------------------,    ,------------------------,
|    b     .     .     b |    |     0     1     2     3|
| w     .     .     .    |    |  4     5     6     7   |
|    .     b     .     w |    |     8     9    10    11|
| .     .     .     .    |    | 12    13    14    15   |
|    .     .     w     . |    |    16    17    18    19|
| w     w     .     .    |    | 20    21    22    23   |
|    .     .     w     . |    |    24    25    26    27|
| w     w     .     w    |    | 28    29    30    31   |
'------------------------'    '------------------------'

Black's turn to play.
Possible moves :
0-5
3-7
9-13
9-14

Chosen move : 
3-7
,------------------------,    ,------------------------,
|    b     .     .     . |    |     0     1     2     3|
| w     .     .     b    |    |  4     5     6     7   |
|    .     b     .     w |    |     8     9    10    11|
| .     .     .     .    |    | 12    13    14    15   |
|    .     .     w     . |    |    16    17    18    19|
| w     w     .     .    |    | 20    21    22    23   |
|    .     .     w     . |    |    24    25    26    27|
| w     w     .     w    |    | 28    29    30    31   |
'------------------------'    '------------------------'

White's turn to play.
Possible moves :
11x2

Chosen move : 
11x2
,------------------------,    ,------------------------,
|    b     .     W     . |    |     0     1     2     3|
| w     .     .     .    |    |  4     5     6     7   |
|    .     b     .     . |    |     8     9    10    11|
| .     .     .     .    |    | 12    13    14    15   |
|    .     .     w     . |    |    16    17    18    19|
| w     w     .     .    |    | 20    21    22    23   |
|    .     .     w     . |    |    24    25    26    27|
| w     w     .     w    |    | 28    29    30    31   |
'------------------------'    '------------------------'

Black's turn to play.
Possible moves :
9-13
0-5
9-14

Chosen move : 
9-13
,------------------------,    ,------------------------,
|    b     .     W     . |    |     0     1     2     3|
| w     .     .     .    |    |  4     5     6     7   |
|    .     .     .     . |    |     8     9    10    11|
| .     b     .     .    |    | 12    13    14    15   |
|    .     .     w     . |    |    16    17    18    19|
| w     w     .     .    |    | 20    21    22    23   |
|    .     .     w     . |    |    24    25    26    27|
| w     w     .     w    |    | 28    29    30    31   |
'------------------------'    '------------------------'

White's turn to play.
Possible moves :
2-7
2-6
29-25
18-15
21-17
28-24
21-16
18-14
29-24
26-23
20-16
31-27
26-22

Chosen move : 
2-7
,------------------------,    ,------------------------,
|    b     .     .     . |    |     0     1     2     3|
| w     .     .     W    |    |  4     5     6     7   |
|    .     .     .     . |    |     8     9    10    11|
| .     b     .     .    |    | 12    13    14    15   |
|    .     .     w     . |    |    16    17    18    19|
| w     w     .     .    |    | 20    21    22    23   |
|    .     .     w     . |    |    24    25    26    27|
| w     w     .     w    |    | 28    29    30    31   |
'------------------------'    '------------------------'

Black's turn to play.
Possible moves :
13-16
13-17
0-5

Chosen move : 
0-5
,------------------------,    ,------------------------,
|    .     .     .     . |    |     0     1     2     3|
| w     b     .     W    |    |  4     5     6     7   |
|    .     .     .     . |    |     8     9    10    11|
| .     b     .     .    |    | 12    13    14    15   |
|    .     .     w     . |    |    16    17    18    19|
| w     w     .     .    |    | 20    21    22    23   |
|    .     .     w     . |    |    24    25    26    27|
| w     w     .     w    |    | 28    29    30    31   |
'------------------------'    '------------------------'

White's turn to play.
Possible moves :
7-11
4-0
28-24
21-17
7-2
26-22
31-27
29-25
7-3
21-16
26-23
7-10
18-14
18-15
29-24
20-16

Chosen move : 
7-11
,------------------------,    ,------------------------,
|    .     .     .     . |    |     0     1     2     3|
| w     b     .     .    |    |  4     5     6     7   |
|    .     .     .     W |    |     8     9    10    11|
| .     b     .     .    |    | 12    13    14    15   |
|    .     .     w     . |    |    16    17    18    19|
| w     w     .     .    |    | 20    21    22    23   |
|    .     .     w     . |    |    24    25    26    27|
| w     w     .     w    |    | 28    29    30    31   |
'------------------------'    '------------------------'

Black's turn to play.
Possible moves :
13-16
13-17
5-8
5-9

Chosen move : 
13-16
,------------------------,    ,------------------------,
|    .     .     .     . |    |     0     1     2     3|
| w     b     .     .    |    |  4     5     6     7   |
|    .     .     .     W |    |     8     9    10    11|
| .     .     .     .    |    | 12    13    14    15   |
|    b     .     w     . |    |    16    17    18    19|
| w     w     .     .    |    | 20    21    22    23   |
|    .     .     w     . |    |    24    25    26    27|
| w     w     .     w    |    | 28    29    30    31   |
'------------------------'    '------------------------'

White's turn to play.
Possible moves :
21x12
20x13

Chosen move : 
21x12
,------------------------,    ,------------------------,
|    .     .     .     . |    |     0     1     2     3|
| w     b     .     .    |    |  4     5     6     7   |
|    .     .     .     W |    |     8     9    10    11|
| w     .     .     .    |    | 12    13    14    15   |
|    .     .     w     . |    |    16    17    18    19|
| w     .     .     .    |    | 20    21    22    23   |
|    .     .     w     . |    |    24    25    26    27|
| w     w     .     w    |    | 28    29    30    31   |
'------------------------'    '------------------------'

Black's turn to play.
Possible moves :
5-8
5-9

Chosen move : 
5-8
,------------------------,    ,------------------------,
|    .     .     .     . |    |     0     1     2     3|
| w     .     .     .    |    |  4     5     6     7   |
|    b     .     .     W |    |     8     9    10    11|
| w     .     .     .    |    | 12    13    14    15   |
|    .     .     w     . |    |    16    17    18    19|
| w     .     .     .    |    | 20    21    22    23   |
|    .     .     w     . |    |    24    25    26    27|
| w     w     .     w    |    | 28    29    30    31   |
'------------------------'    '------------------------'

White's turn to play.
Possible moves :
12x5
4x13

Chosen move : 
12x5
,------------------------,    ,------------------------,
|    .     .     .     . |    |     0     1     2     3|
| w     w     .     .    |    |  4     5     6     7   |
|    .     .     .     W |    |     8     9    10    11|
| .     .     .     .    |    | 12    13    14    15   |
|    .     .     w     . |    |    16    17    18    19|
| w     .     .     .    |    | 20    21    22    23   |
|    .     .     w     . |    |    24    25    26    27|
| w     w     .     w    |    | 28    29    30    31   |
'------------------------'    '------------------------'

Black's turn to play.
End of Game !

#PDN#
[Event "IN104 CS Project"]
[Site "ENSTA ParisTech, Palaiseau, FRA"]
[GameType “21,W,8,8,N2,0”] {Whites begin}
[Date "Sat Apr  2 15:24:55 2016"]
[Round "?"]
[White "Master minmax"]
[WhiteType "Program"]
[Black "Random Guesser"]
[BlackType "Program"]
[Result "1-0"] {White (Master minmax) wins}
[WhiteTime "0.7861313819885254"]
[BlackTime "0.019418001174926758"]

1.22-18 10-14 2.26-22 14-17 3.21x14 8-13 4.23-19 6-10 5.30-26 10x17 6.27-23 11-15 7.18x11 1-6 8.19-15 6-10 9.15x6 13-16 10.22x13 5-8 11.25-22 8x17 12.22x13 7-10 13.6x15 2-6 14.23-18 4-8 15.13x4 6-10 16.15x6x13 16x9 17.24-21 3-7 18.11x2 9-13 19.2-7 0-5 20.7-11 13-16 21.21x12 5-8 22.12x5  1-0 *
