Beginning of the game
,------------------------,    ,------------------------,
|    b     b     b     b |    |     0     1     2     3|
| b     b     b     b    |    |  4     5     6     7   |
|    b     b     b     b |    |     8     9    10    11|
| .     .     .     .    |    | 12    13    14    15   |
|    .     .     .     . |    |    16    17    18    19|
| w     w     w     w    |    | 20    21    22    23   |
|    w     w     w     w |    |    24    25    26    27|
| w     w     w     w    |    | 28    29    30    31   |
'------------------------'    '------------------------'

White's turn to play.
Possible moves :
21-16
21-17
23-19
22-18
23-18
22-17
20-16

Chosen move : 
21-16
,------------------------,    ,------------------------,
|    b     b     b     b |    |     0     1     2     3|
| b     b     b     b    |    |  4     5     6     7   |
|    b     b     b     b |    |     8     9    10    11|
| .     .     .     .    |    | 12    13    14    15   |
|    w     .     .     . |    |    16    17    18    19|
| w     .     w     w    |    | 20    21    22    23   |
|    w     w     w     w |    |    24    25    26    27|
| w     w     w     w    |    | 28    29    30    31   |
'------------------------'    '------------------------'

Black's turn to play.
Possible moves :
8-13
9-14
8-12
10-15
10-14
11-15
9-13

Chosen move : 
10-15
,------------------------,    ,------------------------,
|    b     b     b     b |    |     0     1     2     3|
| b     b     b     b    |    |  4     5     6     7   |
|    b     b     .     b |    |     8     9    10    11|
| .     .     .     b    |    | 12    13    14    15   |
|    w     .     .     . |    |    16    17    18    19|
| w     .     w     w    |    | 20    21    22    23   |
|    w     w     w     w |    |    24    25    26    27|
| w     w     w     w    |    | 28    29    30    31   |
'------------------------'    '------------------------'

White's turn to play.
Possible moves :
16-13
16-12
22-17
23-19
24-21
25-21
22-18
23-18

Chosen move : 
16-12
,------------------------,    ,------------------------,
|    b     b     b     b |    |     0     1     2     3|
| b     b     b     b    |    |  4     5     6     7   |
|    b     b     .     b |    |     8     9    10    11|
| w     .     .     b    |    | 12    13    14    15   |
|    .     .     .     . |    |    16    17    18    19|
| w     .     w     w    |    | 20    21    22    23   |
|    w     w     w     w |    |    24    25    26    27|
| w     w     w     w    |    | 28    29    30    31   |
'------------------------'    '------------------------'

Black's turn to play.
Possible moves :
15-18
9-13
15-19
7-10
9-14
6-10
8-13

Chosen move : 
9-13
,------------------------,    ,------------------------,
|    b     b     b     b |    |     0     1     2     3|
| b     b     b     b    |    |  4     5     6     7   |
|    b     .     .     b |    |     8     9    10    11|
| w     b     .     b    |    | 12    13    14    15   |
|    .     .     .     . |    |    16    17    18    19|
| w     .     w     w    |    | 20    21    22    23   |
|    w     w     w     w |    |    24    25    26    27|
| w     w     w     w    |    | 28    29    30    31   |
'------------------------'    '------------------------'

White's turn to play.
Possible moves :
23-19
22-18
25-21
20-16
23-18
24-21
22-17

Chosen move : 
23-19
,------------------------,    ,------------------------,
|    b     b     b     b |    |     0     1     2     3|
| b     b     b     b    |    |  4     5     6     7   |
|    b     .     .     b |    |     8     9    10    11|
| w     b     .     b    |    | 12    13    14    15   |
|    .     .     .     w |    |    16    17    18    19|
| w     .     w     .    |    | 20    21    22    23   |
|    w     w     w     w |    |    24    25    26    27|
| w     w     w     w    |    | 28    29    30    31   |
'------------------------'    '------------------------'

Black's turn to play.
Possible moves :
5-9
13-16
15-18
7-10
13-17
6-9
6-10

Chosen move : 
7-10
,------------------------,    ,------------------------,
|    b     b     b     b |    |     0     1     2     3|
| b     b     b     .    |    |  4     5     6     7   |
|    b     .     b     b |    |     8     9    10    11|
| w     b     .     b    |    | 12    13    14    15   |
|    .     .     .     w |    |    16    17    18    19|
| w     .     w     .    |    | 20    21    22    23   |
|    w     w     w     w |    |    24    25    26    27|
| w     w     w     w    |    | 28    29    30    31   |
'------------------------'    '------------------------'

White's turn to play.
Possible moves :
22-18
25-21
27-23
20-16
26-23
24-21
22-17

Chosen move : 
25-21
,------------------------,    ,------------------------,
|    b     b     b     b |    |     0     1     2     3|
| b     b     b     .    |    |  4     5     6     7   |
|    b     .     b     b |    |     8     9    10    11|
| w     b     .     b    |    | 12    13    14    15   |
|    .     .     .     w |    |    16    17    18    19|
| w     w     w     .    |    | 20    21    22    23   |
|    w     .     w     w |    |    24    25    26    27|
| w     w     w     w    |    | 28    29    30    31   |
'------------------------'    '------------------------'

Black's turn to play.
Possible moves :
5-9
2-7
6-9
15-18
13-16
13-17
3-7
10-14

Chosen move : 
5-9
,------------------------,    ,------------------------,
|    b     b     b     b |    |     0     1     2     3|
| b     .     b     .    |    |  4     5     6     7   |
|    b     b     b     b |    |     8     9    10    11|
| w     b     .     b    |    | 12    13    14    15   |
|    .     .     .     w |    |    16    17    18    19|
| w     w     w     .    |    | 20    21    22    23   |
|    w     .     w     w |    |    24    25    26    27|
| w     w     w     w    |    | 28    29    30    31   |
'------------------------'    '------------------------'

White's turn to play.
Possible moves :
12x5x14x7

Chosen move : 
12x5x14x7
,------------------------,    ,------------------------,
|    b     b     b     b |    |     0     1     2     3|
| b     .     b     w    |    |  4     5     6     7   |
|    .     .     .     b |    |     8     9    10    11|
| .     b     .     b    |    | 12    13    14    15   |
|    .     .     .     w |    |    16    17    18    19|
| w     w     w     .    |    | 20    21    22    23   |
|    w     .     w     w |    |    24    25    26    27|
| w     w     w     w    |    | 28    29    30    31   |
'------------------------'    '------------------------'

Black's turn to play.
Possible moves :
3x10

Chosen move : 
3x10
,------------------------,    ,------------------------,
|    b     b     b     . |    |     0     1     2     3|
| b     .     b     .    |    |  4     5     6     7   |
|    .     .     b     b |    |     8     9    10    11|
| .     b     .     b    |    | 12    13    14    15   |
|    .     .     .     w |    |    16    17    18    19|
| w     w     w     .    |    | 20    21    22    23   |
|    w     .     w     w |    |    24    25    26    27|
| w     w     w     w    |    | 28    29    30    31   |
'------------------------'    '------------------------'

White's turn to play.
Possible moves :
21-17
26-23
30-25
22-18
29-25
21-16
22-17
20-16
27-23

Chosen move : 
21-17
,------------------------,    ,------------------------,
|    b     b     b     . |    |     0     1     2     3|
| b     .     b     .    |    |  4     5     6     7   |
|    .     .     b     b |    |     8     9    10    11|
| .     b     .     b    |    | 12    13    14    15   |
|    .     w     .     w |    |    16    17    18    19|
| w     .     w     .    |    | 20    21    22    23   |
|    w     .     w     w |    |    24    25    26    27|
| w     w     w     w    |    | 28    29    30    31   |
'------------------------'    '------------------------'

Black's turn to play.
Possible moves :
4-8
0-5
13-16
15-18
2-7
1-5
6-9
10-14

Chosen move : 
10-14
,------------------------,    ,------------------------,
|    b     b     b     . |    |     0     1     2     3|
| b     .     b     .    |    |  4     5     6     7   |
|    .     .     .     b |    |     8     9    10    11|
| .     b     b     b    |    | 12    13    14    15   |
|    .     w     .     w |    |    16    17    18    19|
| w     .     w     .    |    | 20    21    22    23   |
|    w     .     w     w |    |    24    25    26    27|
| w     w     w     w    |    | 28    29    30    31   |
'------------------------'    '------------------------'

White's turn to play.
Possible moves :
17x10
17x8
19x10

Chosen move : 
17x10
,------------------------,    ,------------------------,
|    b     b     b     . |    |     0     1     2     3|
| b     .     b     .    |    |  4     5     6     7   |
|    .     .     w     b |    |     8     9    10    11|
| .     b     .     b    |    | 12    13    14    15   |
|    .     .     .     w |    |    16    17    18    19|
| w     .     w     .    |    | 20    21    22    23   |
|    w     .     w     w |    |    24    25    26    27|
| w     w     w     w    |    | 28    29    30    31   |
'------------------------'    '------------------------'

Black's turn to play.
Possible moves :
2-7
1-5
15-18
13-16
6-9
0-5
4-8
13-17

Chosen move : 
1-5
,------------------------,    ,------------------------,
|    b     .     b     . |    |     0     1     2     3|
| b     b     b     .    |    |  4     5     6     7   |
|    .     .     w     b |    |     8     9    10    11|
| .     b     .     b    |    | 12    13    14    15   |
|    .     .     .     w |    |    16    17    18    19|
| w     .     w     .    |    | 20    21    22    23   |
|    w     .     w     w |    |    24    25    26    27|
| w     w     w     w    |    | 28    29    30    31   |
'------------------------'    '------------------------'

White's turn to play.
Possible moves :
10x1

Chosen move : 
10x1
,------------------------,    ,------------------------,
|    b     W     b     . |    |     0     1     2     3|
| b     b     .     .    |    |  4     5     6     7   |
|    .     .     .     b |    |     8     9    10    11|
| .     b     .     b    |    | 12    13    14    15   |
|    .     .     .     w |    |    16    17    18    19|
| w     .     w     .    |    | 20    21    22    23   |
|    w     .     w     w |    |    24    25    26    27|
| w     w     w     w    |    | 28    29    30    31   |
'------------------------'    '------------------------'

Black's turn to play.
Possible moves :
5-8
15-18
5-9
2-6
13-17
4-8
13-16
2-7

Chosen move : 
5-8
,------------------------,    ,------------------------,
|    b     W     b     . |    |     0     1     2     3|
| b     .     .     .    |    |  4     5     6     7   |
|    b     .     .     b |    |     8     9    10    11|
| .     b     .     b    |    | 12    13    14    15   |
|    .     .     .     w |    |    16    17    18    19|
| w     .     w     .    |    | 20    21    22    23   |
|    w     .     w     w |    |    24    25    26    27|
| w     w     w     w    |    | 28    29    30    31   |
'------------------------'    '------------------------'

White's turn to play.
Possible moves :
19x10

Chosen move : 
19x10
,------------------------,    ,------------------------,
|    b     W     b     . |    |     0     1     2     3|
| b     .     .     .    |    |  4     5     6     7   |
|    b     .     w     b |    |     8     9    10    11|
| .     b     .     .    |    | 12    13    14    15   |
|    .     .     .     . |    |    16    17    18    19|
| w     .     w     .    |    | 20    21    22    23   |
|    w     .     w     w |    |    24    25    26    27|
| w     w     w     w    |    | 28    29    30    31   |
'------------------------'    '------------------------'

Black's turn to play.
Possible moves :
11-15
2-7
8-12
13-17
0-5
2-6
13-16

Chosen move : 
11-15
,------------------------,    ,------------------------,
|    b     W     b     . |    |     0     1     2     3|
| b     .     .     .    |    |  4     5     6     7   |
|    b     .     w     . |    |     8     9    10    11|
| .     b     .     b    |    | 12    13    14    15   |
|    .     .     .     . |    |    16    17    18    19|
| w     .     w     .    |    | 20    21    22    23   |
|    w     .     w     w |    |    24    25    26    27|
| w     w     w     w    |    | 28    29    30    31   |
'------------------------'    '------------------------'

White's turn to play.
Possible moves :
10x19

Chosen move : 
10x19
,------------------------,    ,------------------------,
|    b     W     b     . |    |     0     1     2     3|
| b     .     .     .    |    |  4     5     6     7   |
|    b     .     .     . |    |     8     9    10    11|
| .     b     .     .    |    | 12    13    14    15   |
|    .     .     .     w |    |    16    17    18    19|
| w     .     w     .    |    | 20    21    22    23   |
|    w     .     w     w |    |    24    25    26    27|
| w     w     w     w    |    | 28    29    30    31   |
'------------------------'    '------------------------'

Black's turn to play.
Possible moves :
2-6
0-5
13-16
8-12
13-17
2-7

Chosen move : 
13-17
,------------------------,    ,------------------------,
|    b     W     b     . |    |     0     1     2     3|
| b     .     .     .    |    |  4     5     6     7   |
|    b     .     .     . |    |     8     9    10    11|
| .     .     .     .    |    | 12    13    14    15   |
|    .     b     .     w |    |    16    17    18    19|
| w     .     w     .    |    | 20    21    22    23   |
|    w     .     w     w |    |    24    25    26    27|
| w     w     w     w    |    | 28    29    30    31   |
'------------------------'    '------------------------'

White's turn to play.
Possible moves :
22x13

Chosen move : 
22x13
,------------------------,    ,------------------------,
|    b     W     b     . |    |     0     1     2     3|
| b     .     .     .    |    |  4     5     6     7   |
|    b     .     .     . |    |     8     9    10    11|
| .     w     .     .    |    | 12    13    14    15   |
|    .     .     .     w |    |    16    17    18    19|
| w     .     .     .    |    | 20    21    22    23   |
|    w     .     w     w |    |    24    25    26    27|
| w     w     w     w    |    | 28    29    30    31   |
'------------------------'    '------------------------'

Black's turn to play.
Possible moves :
8x17

Chosen move : 
8x17
,------------------------,    ,------------------------,
|    b     W     b     . |    |     0     1     2     3|
| b     .     .     .    |    |  4     5     6     7   |
|    .     .     .     . |    |     8     9    10    11|
| .     .     .     .    |    | 12    13    14    15   |
|    .     b     .     w |    |    16    17    18    19|
| w     .     .     .    |    | 20    21    22    23   |
|    w     .     w     w |    |    24    25    26    27|
| w     w     w     w    |    | 28    29    30    31   |
'------------------------'    '------------------------'

White's turn to play.
Possible moves :
1-6
19-15
20-16
27-23
1-5
26-23
30-25
24-21
29-25
26-22

Chosen move : 
19-15
,------------------------,    ,------------------------,
|    b     W     b     . |    |     0     1     2     3|
| b     .     .     .    |    |  4     5     6     7   |
|    .     .     .     . |    |     8     9    10    11|
| .     .     .     w    |    | 12    13    14    15   |
|    .     b     .     . |    |    16    17    18    19|
| w     .     .     .    |    | 20    21    22    23   |
|    w     .     w     w |    |    24    25    26    27|
| w     w     w     w    |    | 28    29    30    31   |
'------------------------'    '------------------------'

Black's turn to play.
Possible moves :
4-8
17-21
2-6
0-5
2-7
17-22

Chosen move : 
17-21
,------------------------,    ,------------------------,
|    b     W     b     . |    |     0     1     2     3|
| b     .     .     .    |    |  4     5     6     7   |
|    .     .     .     . |    |     8     9    10    11|
| .     .     .     w    |    | 12    13    14    15   |
|    .     .     .     . |    |    16    17    18    19|
| w     b     .     .    |    | 20    21    22    23   |
|    w     .     w     w |    |    24    25    26    27|
| w     w     w     w    |    | 28    29    30    31   |
'------------------------'    '------------------------'

White's turn to play.
Possible moves :
24x17

Chosen move : 
24x17
,------------------------,    ,------------------------,
|    b     W     b     . |    |     0     1     2     3|
| b     .     .     .    |    |  4     5     6     7   |
|    .     .     .     . |    |     8     9    10    11|
| .     .     .     w    |    | 12    13    14    15   |
|    .     w     .     . |    |    16    17    18    19|
| w     .     .     .    |    | 20    21    22    23   |
|    .     .     w     w |    |    24    25    26    27|
| w     w     w     w    |    | 28    29    30    31   |
'------------------------'    '------------------------'

Black's turn to play.
Possible moves :
2-7
4-8
0-5
2-6

Chosen move : 
2-6
,------------------------,    ,------------------------,
|    b     W     .     . |    |     0     1     2     3|
| b     .     b     .    |    |  4     5     6     7   |
|    .     .     .     . |    |     8     9    10    11|
| .     .     .     w    |    | 12    13    14    15   |
|    .     w     .     . |    |    16    17    18    19|
| w     .     .     .    |    | 20    21    22    23   |
|    .     .     w     w |    |    24    25    26    27|
| w     w     w     w    |    | 28    29    30    31   |
'------------------------'    '------------------------'

White's turn to play.
Possible moves :
1x10

Chosen move : 
1x10
,------------------------,    ,------------------------,
|    b     .     .     . |    |     0     1     2     3|
| b     .     .     .    |    |  4     5     6     7   |
|    .     .     W     . |    |     8     9    10    11|
| .     .     .     w    |    | 12    13    14    15   |
|    .     w     .     . |    |    16    17    18    19|
| w     .     .     .    |    | 20    21    22    23   |
|    .     .     w     w |    |    24    25    26    27|
| w     w     w     w    |    | 28    29    30    31   |
'------------------------'    '------------------------'

Black's turn to play.
Possible moves :
0-5
4-8

Chosen move : 
4-8
,------------------------,    ,------------------------,
|    b     .     .     . |    |     0     1     2     3|
| .     .     .     .    |    |  4     5     6     7   |
|    b     .     W     . |    |     8     9    10    11|
| .     .     .     w    |    | 12    13    14    15   |
|    .     w     .     . |    |    16    17    18    19|
| w     .     .     .    |    | 20    21    22    23   |
|    .     .     w     w |    |    24    25    26    27|
| w     w     w     w    |    | 28    29    30    31   |
'------------------------'    '------------------------'

White's turn to play.
Possible moves :
17-13
29-24
28-24
17-14
30-25
15-11
10-7
20-16
10-14
26-22
26-23
10-6
27-23
29-25

Chosen move : 
29-24
,------------------------,    ,------------------------,
|    b     .     .     . |    |     0     1     2     3|
| .     .     .     .    |    |  4     5     6     7   |
|    b     .     W     . |    |     8     9    10    11|
| .     .     .     w    |    | 12    13    14    15   |
|    .     w     .     . |    |    16    17    18    19|
| w     .     .     .    |    | 20    21    22    23   |
|    w     .     w     w |    |    24    25    26    27|
| w     .     w     w    |    | 28    29    30    31   |
'------------------------'    '------------------------'

Black's turn to play.
Possible moves :
8-12
8-13
0-5
0-4

Chosen move : 
0-5
,------------------------,    ,------------------------,
|    .     .     .     . |    |     0     1     2     3|
| .     b     .     .    |    |  4     5     6     7   |
|    b     .     W     . |    |     8     9    10    11|
| .     .     .     w    |    | 12    13    14    15   |
|    .     w     .     . |    |    16    17    18    19|
| w     .     .     .    |    | 20    21    22    23   |
|    w     .     w     w |    |    24    25    26    27|
| w     .     w     w    |    | 28    29    30    31   |
'------------------------'    '------------------------'

White's turn to play.
Possible moves :
20-16
24-21
10-6
17-13
26-22
10-7
26-23
10-14
17-14
15-11
30-25
27-23

Chosen move : 
20-16
,------------------------,    ,------------------------,
|    .     .     .     . |    |     0     1     2     3|
| .     b     .     .    |    |  4     5     6     7   |
|    b     .     W     . |    |     8     9    10    11|
| .     .     .     w    |    | 12    13    14    15   |
|    w     w     .     . |    |    16    17    18    19|
| .     .     .     .    |    | 20    21    22    23   |
|    w     .     w     w |    |    24    25    26    27|
| w     .     w     w    |    | 28    29    30    31   |
'------------------------'    '------------------------'

Black's turn to play.
Possible moves :
5-9
8-13
8-12

Chosen move : 
8-12
,------------------------,    ,------------------------,
|    .     .     .     . |    |     0     1     2     3|
| .     b     .     .    |    |  4     5     6     7   |
|    .     .     W     . |    |     8     9    10    11|
| b     .     .     w    |    | 12    13    14    15   |
|    w     w     .     . |    |    16    17    18    19|
| .     .     .     .    |    | 20    21    22    23   |
|    w     .     w     w |    |    24    25    26    27|
| w     .     w     w    |    | 28    29    30    31   |
'------------------------'    '------------------------'

White's turn to play.
Possible moves :
24-21
10-14
27-23
17-13
26-23
17-14
24-20
10-6
15-11
16-13
30-25
10-7
26-22

Chosen move : 
24-21
,------------------------,    ,------------------------,
|    .     .     .     . |    |     0     1     2     3|
| .     b     .     .    |    |  4     5     6     7   |
|    .     .     W     . |    |     8     9    10    11|
| b     .     .     w    |    | 12    13    14    15   |
|    w     w     .     . |    |    16    17    18    19|
| .     w     .     .    |    | 20    21    22    23   |
|    .     .     w     w |    |    24    25    26    27|
| w     .     w     w    |    | 28    29    30    31   |
'------------------------'    '------------------------'

Black's turn to play.
Possible moves :
5-9
5-8

Chosen move : 
5-8
,------------------------,    ,------------------------,
|    .     .     .     . |    |     0     1     2     3|
| .     .     .     .    |    |  4     5     6     7   |
|    b     .     W     . |    |     8     9    10    11|
| b     .     .     w    |    | 12    13    14    15   |
|    w     w     .     . |    |    16    17    18    19|
| .     w     .     .    |    | 20    21    22    23   |
|    .     .     w     w |    |    24    25    26    27|
| w     .     w     w    |    | 28    29    30    31   |
'------------------------'    '------------------------'

White's turn to play.
Possible moves :
30-25
27-23
16-13
17-13
17-14
10-7
10-6
28-24
26-22
15-11
10-14
26-23

Chosen move : 
30-25
,------------------------,    ,------------------------,
|    .     .     .     . |    |     0     1     2     3|
| .     .     .     .    |    |  4     5     6     7   |
|    b     .     W     . |    |     8     9    10    11|
| b     .     .     w    |    | 12    13    14    15   |
|    w     w     .     . |    |    16    17    18    19|
| .     w     .     .    |    | 20    21    22    23   |
|    .     w     w     w |    |    24    25    26    27|
| w     .     .     w    |    | 28    29    30    31   |
'------------------------'    '------------------------'

Black's turn to play.
Possible moves :
8-13

Chosen move : 
8-13
,------------------------,    ,------------------------,
|    .     .     .     . |    |     0     1     2     3|
| .     .     .     .    |    |  4     5     6     7   |
|    .     .     W     . |    |     8     9    10    11|
| b     b     .     w    |    | 12    13    14    15   |
|    w     w     .     . |    |    16    17    18    19|
| .     w     .     .    |    | 20    21    22    23   |
|    .     w     w     w |    |    24    25    26    27|
| w     .     .     w    |    | 28    29    30    31   |
'------------------------'    '------------------------'

White's turn to play.
Possible moves :
17x8
16x9

Chosen move : 
16x9
,------------------------,    ,------------------------,
|    .     .     .     . |    |     0     1     2     3|
| .     .     .     .    |    |  4     5     6     7   |
|    .     w     W     . |    |     8     9    10    11|
| b     .     .     w    |    | 12    13    14    15   |
|    .     w     .     . |    |    16    17    18    19|
| .     w     .     .    |    | 20    21    22    23   |
|    .     w     w     w |    |    24    25    26    27|
| w     .     .     w    |    | 28    29    30    31   |
'------------------------'    '------------------------'

Black's turn to play.
Possible moves :
12-16

Chosen move : 
12-16
,------------------------,    ,------------------------,
|    .     .     .     . |    |     0     1     2     3|
| .     .     .     .    |    |  4     5     6     7   |
|    .     w     W     . |    |     8     9    10    11|
| .     .     .     w    |    | 12    13    14    15   |
|    b     w     .     . |    |    16    17    18    19|
| .     w     .     .    |    | 20    21    22    23   |
|    .     w     w     w |    |    24    25    26    27|
| w     .     .     w    |    | 28    29    30    31   |
'------------------------'    '------------------------'

White's turn to play.
Possible moves :
21x12

Chosen move : 
21x12
,------------------------,    ,------------------------,
|    .     .     .     . |    |     0     1     2     3|
| .     .     .     .    |    |  4     5     6     7   |
|    .     w     W     . |    |     8     9    10    11|
| w     .     .     w    |    | 12    13    14    15   |
|    .     w     .     . |    |    16    17    18    19|
| .     .     .     .    |    | 20    21    22    23   |
|    .     w     w     w |    |    24    25    26    27|
| w     .     .     w    |    | 28    29    30    31   |
'------------------------'    '------------------------'

Black's turn to play.
End of Game !

#PDN#
[Event "IN104 CS Project"]
[Site "ENSTA ParisTech, Palaiseau, FRA"]
[GameType “21,W,8,8,N2,0”] {Whites begin}
[Date "Sat Apr  2 15:25:01 2016"]
[Round "?"]
[White "Master minmax"]
[WhiteType "Program"]
[Black "Random Guesser"]
[BlackType "Program"]
[Result "1-0"] {White (Master minmax) wins}
[WhiteTime "0.8484306335449219"]
[BlackTime "0.016881465911865234"]

1.21-16 10-15 2.16-12 9-13 3.23-19 7-10 4.25-21 5-9 5.12x5x14x7 3x10 6.21-17 10-14 7.17x10 1-5 8.10x1 5-8 9.19x10 11-15 10.10x19 13-17 11.22x13 8x17 12.19-15 17-21 13.24x17 2-6 14.1x10 4-8 15.29-24 0-5 16.20-16 8-12 17.24-21 5-8 18.30-25 8-13 19.16x9 12-16 20.21x12  1-0 *
