Beginning of the game
,------------------------,    ,------------------------,
|    b     b     b     b |    |     0     1     2     3|
| b     b     b     b    |    |  4     5     6     7   |
|    b     b     b     b |    |     8     9    10    11|
| .     .     .     .    |    | 12    13    14    15   |
|    .     .     .     . |    |    16    17    18    19|
| w     w     w     w    |    | 20    21    22    23   |
|    w     w     w     w |    |    24    25    26    27|
| w     w     w     w    |    | 28    29    30    31   |
'------------------------'    '------------------------'

White's turn to play.
Possible moves :
21-17
20-16
23-19
23-18
22-17
21-16
22-18

Chosen move : 
21-16
,------------------------,    ,------------------------,
|    b     b     b     b |    |     0     1     2     3|
| b     b     b     b    |    |  4     5     6     7   |
|    b     b     b     b |    |     8     9    10    11|
| .     .     .     .    |    | 12    13    14    15   |
|    w     .     .     . |    |    16    17    18    19|
| w     .     w     w    |    | 20    21    22    23   |
|    w     w     w     w |    |    24    25    26    27|
| w     w     w     w    |    | 28    29    30    31   |
'------------------------'    '------------------------'

Black's turn to play.
Possible moves :
8-12
9-13
9-14
10-15
11-15
8-13
10-14

Chosen move : 
8-12
,------------------------,    ,------------------------,
|    b     b     b     b |    |     0     1     2     3|
| b     b     b     b    |    |  4     5     6     7   |
|    .     b     b     b |    |     8     9    10    11|
| b     .     .     .    |    | 12    13    14    15   |
|    w     .     .     . |    |    16    17    18    19|
| w     .     w     w    |    | 20    21    22    23   |
|    w     w     w     w |    |    24    25    26    27|
| w     w     w     w    |    | 28    29    30    31   |
'------------------------'    '------------------------'

White's turn to play.
Possible moves :
24-21
22-17
16-13
23-19
23-18
22-18
25-21

Chosen move : 
24-21
,------------------------,    ,------------------------,
|    b     b     b     b |    |     0     1     2     3|
| b     b     b     b    |    |  4     5     6     7   |
|    .     b     b     b |    |     8     9    10    11|
| b     .     .     .    |    | 12    13    14    15   |
|    w     .     .     . |    |    16    17    18    19|
| w     w     w     w    |    | 20    21    22    23   |
|    .     w     w     w |    |    24    25    26    27|
| w     w     w     w    |    | 28    29    30    31   |
'------------------------'    '------------------------'

Black's turn to play.
Possible moves :
4-8
10-15
5-8
9-14
10-14
9-13
11-15

Chosen move : 
4-8
,------------------------,    ,------------------------,
|    b     b     b     b |    |     0     1     2     3|
| .     b     b     b    |    |  4     5     6     7   |
|    b     b     b     b |    |     8     9    10    11|
| b     .     .     .    |    | 12    13    14    15   |
|    w     .     .     . |    |    16    17    18    19|
| w     w     w     w    |    | 20    21    22    23   |
|    .     w     w     w |    |    24    25    26    27|
| w     w     w     w    |    | 28    29    30    31   |
'------------------------'    '------------------------'

White's turn to play.
Possible moves :
29-24
22-18
22-17
23-19
28-24
23-18
21-17
16-13

Chosen move : 
23-19
,------------------------,    ,------------------------,
|    b     b     b     b |    |     0     1     2     3|
| .     b     b     b    |    |  4     5     6     7   |
|    b     b     b     b |    |     8     9    10    11|
| b     .     .     .    |    | 12    13    14    15   |
|    w     .     .     w |    |    16    17    18    19|
| w     w     w     .    |    | 20    21    22    23   |
|    .     w     w     w |    |    24    25    26    27|
| w     w     w     w    |    | 28    29    30    31   |
'------------------------'    '------------------------'

Black's turn to play.
Possible moves :
9-13
10-15
0-4
9-14
10-14
8-13
11-15

Chosen move : 
10-14
,------------------------,    ,------------------------,
|    b     b     b     b |    |     0     1     2     3|
| .     b     b     b    |    |  4     5     6     7   |
|    b     b     .     b |    |     8     9    10    11|
| b     .     b     .    |    | 12    13    14    15   |
|    w     .     .     w |    |    16    17    18    19|
| w     w     w     .    |    | 20    21    22    23   |
|    .     w     w     w |    |    24    25    26    27|
| w     w     w     w    |    | 28    29    30    31   |
'------------------------'    '------------------------'

White's turn to play.
Possible moves :
22-17
22-18
19-15
21-17
29-24
16-13
27-23
26-23
28-24

Chosen move : 
22-17
,------------------------,    ,------------------------,
|    b     b     b     b |    |     0     1     2     3|
| .     b     b     b    |    |  4     5     6     7   |
|    b     b     .     b |    |     8     9    10    11|
| b     .     b     .    |    | 12    13    14    15   |
|    w     w     .     w |    |    16    17    18    19|
| w     w     .     .    |    | 20    21    22    23   |
|    .     w     w     w |    |    24    25    26    27|
| w     w     w     w    |    | 28    29    30    31   |
'------------------------'    '------------------------'

Black's turn to play.
Possible moves :
0-4
6-10
7-10
8-13
11-15
9-13
14-18

Chosen move : 
14-18
,------------------------,    ,------------------------,
|    b     b     b     b |    |     0     1     2     3|
| .     b     b     b    |    |  4     5     6     7   |
|    b     b     .     b |    |     8     9    10    11|
| b     .     .     .    |    | 12    13    14    15   |
|    w     w     b     w |    |    16    17    18    19|
| w     w     .     .    |    | 20    21    22    23   |
|    .     w     w     w |    |    24    25    26    27|
| w     w     w     w    |    | 28    29    30    31   |
'------------------------'    '------------------------'

White's turn to play.
Possible moves :
26-23
29-24
26-22
17-13
16-13
28-24
27-23
19-15
17-14
25-22

Chosen move : 
16-13
,------------------------,    ,------------------------,
|    b     b     b     b |    |     0     1     2     3|
| .     b     b     b    |    |  4     5     6     7   |
|    b     b     .     b |    |     8     9    10    11|
| b     w     .     .    |    | 12    13    14    15   |
|    .     w     b     w |    |    16    17    18    19|
| w     w     .     .    |    | 20    21    22    23   |
|    .     w     w     w |    |    24    25    26    27|
| w     w     w     w    |    | 28    29    30    31   |
'------------------------'    '------------------------'

Black's turn to play.
Possible moves :
9x16

Chosen move : 
9x16
,------------------------,    ,------------------------,
|    b     b     b     b |    |     0     1     2     3|
| .     b     b     b    |    |  4     5     6     7   |
|    b     .     .     b |    |     8     9    10    11|
| b     .     .     .    |    | 12    13    14    15   |
|    b     w     b     w |    |    16    17    18    19|
| w     w     .     .    |    | 20    21    22    23   |
|    .     w     w     w |    |    24    25    26    27|
| w     w     w     w    |    | 28    29    30    31   |
'------------------------'    '------------------------'

White's turn to play.
Possible moves :
20x13x4

Chosen move : 
20x13x4
,------------------------,    ,------------------------,
|    b     b     b     b |    |     0     1     2     3|
| w     b     b     b    |    |  4     5     6     7   |
|    .     .     .     b |    |     8     9    10    11|
| b     .     .     .    |    | 12    13    14    15   |
|    .     w     b     w |    |    16    17    18    19|
| .     w     .     .    |    | 20    21    22    23   |
|    .     w     w     w |    |    24    25    26    27|
| w     w     w     w    |    | 28    29    30    31   |
'------------------------'    '------------------------'

Black's turn to play.
Possible moves :
12-16
5-9
18-23
18-22
7-10
11-15
6-10
6-9
5-8

Chosen move : 
11-15
,------------------------,    ,------------------------,
|    b     b     b     b |    |     0     1     2     3|
| w     b     b     b    |    |  4     5     6     7   |
|    .     .     .     . |    |     8     9    10    11|
| b     .     .     b    |    | 12    13    14    15   |
|    .     w     b     w |    |    16    17    18    19|
| .     w     .     .    |    | 20    21    22    23   |
|    .     w     w     w |    |    24    25    26    27|
| w     w     w     w    |    | 28    29    30    31   |
'------------------------'    '------------------------'

White's turn to play.
Possible moves :
19x10

Chosen move : 
19x10
,------------------------,    ,------------------------,
|    b     b     b     b |    |     0     1     2     3|
| w     b     b     b    |    |  4     5     6     7   |
|    .     .     w     . |    |     8     9    10    11|
| b     .     .     .    |    | 12    13    14    15   |
|    .     w     b     . |    |    16    17    18    19|
| .     w     .     .    |    | 20    21    22    23   |
|    .     w     w     w |    |    24    25    26    27|
| w     w     w     w    |    | 28    29    30    31   |
'------------------------'    '------------------------'

Black's turn to play.
Possible moves :
6x15
7x14

Chosen move : 
6x15
,------------------------,    ,------------------------,
|    b     b     b     b |    |     0     1     2     3|
| w     b     .     b    |    |  4     5     6     7   |
|    .     .     .     . |    |     8     9    10    11|
| b     .     .     b    |    | 12    13    14    15   |
|    .     w     b     . |    |    16    17    18    19|
| .     w     .     .    |    | 20    21    22    23   |
|    .     w     w     w |    |    24    25    26    27|
| w     w     w     w    |    | 28    29    30    31   |
'------------------------'    '------------------------'

White's turn to play.
Possible moves :
26-23
17-14
28-24
25-22
27-23
29-24
17-13
21-16
26-22

Chosen move : 
26-23
,------------------------,    ,------------------------,
|    b     b     b     b |    |     0     1     2     3|
| w     b     .     b    |    |  4     5     6     7   |
|    .     .     .     . |    |     8     9    10    11|
| b     .     .     b    |    | 12    13    14    15   |
|    .     w     b     . |    |    16    17    18    19|
| .     w     .     w    |    | 20    21    22    23   |
|    .     w     .     w |    |    24    25    26    27|
| w     w     w     w    |    | 28    29    30    31   |
'------------------------'    '------------------------'

Black's turn to play.
Possible moves :
7-11
5-9
7-10
18-22
12-16
2-6
1-6
15-19
5-8

Chosen move : 
1-6
,------------------------,    ,------------------------,
|    b     .     b     b |    |     0     1     2     3|
| w     b     b     b    |    |  4     5     6     7   |
|    .     .     .     . |    |     8     9    10    11|
| b     .     .     b    |    | 12    13    14    15   |
|    .     w     b     . |    |    16    17    18    19|
| .     w     .     w    |    | 20    21    22    23   |
|    .     w     .     w |    |    24    25    26    27|
| w     w     w     w    |    | 28    29    30    31   |
'------------------------'    '------------------------'

White's turn to play.
Possible moves :
23x14

Chosen move : 
23x14
,------------------------,    ,------------------------,
|    b     .     b     b |    |     0     1     2     3|
| w     b     b     b    |    |  4     5     6     7   |
|    .     .     .     . |    |     8     9    10    11|
| b     .     w     b    |    | 12    13    14    15   |
|    .     w     .     . |    |    16    17    18    19|
| .     w     .     .    |    | 20    21    22    23   |
|    .     w     .     w |    |    24    25    26    27|
| w     w     w     w    |    | 28    29    30    31   |
'------------------------'    '------------------------'

Black's turn to play.
Possible moves :
6-10
7-10
15-18
7-11
5-9
6-9
5-8
15-19
12-16

Chosen move : 
5-9
,------------------------,    ,------------------------,
|    b     .     b     b |    |     0     1     2     3|
| w     .     b     b    |    |  4     5     6     7   |
|    .     b     .     . |    |     8     9    10    11|
| b     .     w     b    |    | 12    13    14    15   |
|    .     w     .     . |    |    16    17    18    19|
| .     w     .     .    |    | 20    21    22    23   |
|    .     w     .     w |    |    24    25    26    27|
| w     w     w     w    |    | 28    29    30    31   |
'------------------------'    '------------------------'

White's turn to play.
Possible moves :
14x5

Chosen move : 
14x5
,------------------------,    ,------------------------,
|    b     .     b     b |    |     0     1     2     3|
| w     w     b     b    |    |  4     5     6     7   |
|    .     .     .     . |    |     8     9    10    11|
| b     .     .     b    |    | 12    13    14    15   |
|    .     w     .     . |    |    16    17    18    19|
| .     w     .     .    |    | 20    21    22    23   |
|    .     w     .     w |    |    24    25    26    27|
| w     w     w     w    |    | 28    29    30    31   |
'------------------------'    '------------------------'

Black's turn to play.
Possible moves :
0x9

Chosen move : 
0x9
,------------------------,    ,------------------------,
|    .     .     b     b |    |     0     1     2     3|
| w     .     b     b    |    |  4     5     6     7   |
|    .     b     .     . |    |     8     9    10    11|
| b     .     .     b    |    | 12    13    14    15   |
|    .     w     .     . |    |    16    17    18    19|
| .     w     .     .    |    | 20    21    22    23   |
|    .     w     .     w |    |    24    25    26    27|
| w     w     w     w    |    | 28    29    30    31   |
'------------------------'    '------------------------'

White's turn to play.
Possible moves :
29-24
25-22
27-23
28-24
17-13
30-26
4-0
17-14
21-16
31-26

Chosen move : 
30-26
,------------------------,    ,------------------------,
|    .     .     b     b |    |     0     1     2     3|
| w     .     b     b    |    |  4     5     6     7   |
|    .     b     .     . |    |     8     9    10    11|
| b     .     .     b    |    | 12    13    14    15   |
|    .     w     .     . |    |    16    17    18    19|
| .     w     .     .    |    | 20    21    22    23   |
|    .     w     w     w |    |    24    25    26    27|
| w     w     .     w    |    | 28    29    30    31   |
'------------------------'    '------------------------'

Black's turn to play.
Possible moves :
6-10
12-16
15-18
15-19
7-10
9-13
7-11
9-14

Chosen move : 
15-19
,------------------------,    ,------------------------,
|    .     .     b     b |    |     0     1     2     3|
| w     .     b     b    |    |  4     5     6     7   |
|    .     b     .     . |    |     8     9    10    11|
| b     .     .     .    |    | 12    13    14    15   |
|    .     w     .     b |    |    16    17    18    19|
| .     w     .     .    |    | 20    21    22    23   |
|    .     w     w     w |    |    24    25    26    27|
| w     w     .     w    |    | 28    29    30    31   |
'------------------------'    '------------------------'

White's turn to play.
Possible moves :
29-24
26-22
21-16
4-0
25-22
28-24
17-13
26-23
27-23
17-14

Chosen move : 
26-23
,------------------------,    ,------------------------,
|    .     .     b     b |    |     0     1     2     3|
| w     .     b     b    |    |  4     5     6     7   |
|    .     b     .     . |    |     8     9    10    11|
| b     .     .     .    |    | 12    13    14    15   |
|    .     w     .     b |    |    16    17    18    19|
| .     w     .     w    |    | 20    21    22    23   |
|    .     w     .     w |    |    24    25    26    27|
| w     w     .     w    |    | 28    29    30    31   |
'------------------------'    '------------------------'

Black's turn to play.
Possible moves :
19x26

Chosen move : 
19x26
,------------------------,    ,------------------------,
|    .     .     b     b |    |     0     1     2     3|
| w     .     b     b    |    |  4     5     6     7   |
|    .     b     .     . |    |     8     9    10    11|
| b     .     .     .    |    | 12    13    14    15   |
|    .     w     .     . |    |    16    17    18    19|
| .     w     .     .    |    | 20    21    22    23   |
|    .     w     b     w |    |    24    25    26    27|
| w     w     .     w    |    | 28    29    30    31   |
'------------------------'    '------------------------'

White's turn to play.
Possible moves :
31x22

Chosen move : 
31x22
,------------------------,    ,------------------------,
|    .     .     b     b |    |     0     1     2     3|
| w     .     b     b    |    |  4     5     6     7   |
|    .     b     .     . |    |     8     9    10    11|
| b     .     .     .    |    | 12    13    14    15   |
|    .     w     .     . |    |    16    17    18    19|
| .     w     w     .    |    | 20    21    22    23   |
|    .     w     .     w |    |    24    25    26    27|
| w     w     .     .    |    | 28    29    30    31   |
'------------------------'    '------------------------'

Black's turn to play.
Possible moves :
6-10
9-13
9-14
12-16
7-11
7-10

Chosen move : 
12-16
,------------------------,    ,------------------------,
|    .     .     b     b |    |     0     1     2     3|
| w     .     b     b    |    |  4     5     6     7   |
|    .     b     .     . |    |     8     9    10    11|
| .     .     .     .    |    | 12    13    14    15   |
|    b     w     .     . |    |    16    17    18    19|
| .     w     w     .    |    | 20    21    22    23   |
|    .     w     .     w |    |    24    25    26    27|
| w     w     .     .    |    | 28    29    30    31   |
'------------------------'    '------------------------'

White's turn to play.
Possible moves :
21x12

Chosen move : 
21x12
,------------------------,    ,------------------------,
|    .     .     b     b |    |     0     1     2     3|
| w     .     b     b    |    |  4     5     6     7   |
|    .     b     .     . |    |     8     9    10    11|
| w     .     .     .    |    | 12    13    14    15   |
|    .     w     .     . |    |    16    17    18    19|
| .     .     w     .    |    | 20    21    22    23   |
|    .     w     .     w |    |    24    25    26    27|
| w     w     .     .    |    | 28    29    30    31   |
'------------------------'    '------------------------'

Black's turn to play.
Possible moves :
9-14
9-13
7-11
7-10
6-10

Chosen move : 
9-13
,------------------------,    ,------------------------,
|    .     .     b     b |    |     0     1     2     3|
| w     .     b     b    |    |  4     5     6     7   |
|    .     .     .     . |    |     8     9    10    11|
| w     b     .     .    |    | 12    13    14    15   |
|    .     w     .     . |    |    16    17    18    19|
| .     .     w     .    |    | 20    21    22    23   |
|    .     w     .     w |    |    24    25    26    27|
| w     w     .     .    |    | 28    29    30    31   |
'------------------------'    '------------------------'

White's turn to play.
Possible moves :
17x8

Chosen move : 
17x8
,------------------------,    ,------------------------,
|    .     .     b     b |    |     0     1     2     3|
| w     .     b     b    |    |  4     5     6     7   |
|    w     .     .     . |    |     8     9    10    11|
| w     .     .     .    |    | 12    13    14    15   |
|    .     .     .     . |    |    16    17    18    19|
| .     .     w     .    |    | 20    21    22    23   |
|    .     w     .     w |    |    24    25    26    27|
| w     w     .     .    |    | 28    29    30    31   |
'------------------------'    '------------------------'

Black's turn to play.
Possible moves :
6-9
7-11
6-10
7-10

Chosen move : 
6-10
,------------------------,    ,------------------------,
|    .     .     b     b |    |     0     1     2     3|
| w     .     .     b    |    |  4     5     6     7   |
|    w     .     b     . |    |     8     9    10    11|
| w     .     .     .    |    | 12    13    14    15   |
|    .     .     .     . |    |    16    17    18    19|
| .     .     w     .    |    | 20    21    22    23   |
|    .     w     .     w |    |    24    25    26    27|
| w     w     .     .    |    | 28    29    30    31   |
'------------------------'    '------------------------'

White's turn to play.
Possible moves :
28-24
4-0
22-17
8-5
22-18
27-23
25-21
29-24

Chosen move : 
4-0
,------------------------,    ,------------------------,
|    W     .     b     b |    |     0     1     2     3|
| .     .     .     b    |    |  4     5     6     7   |
|    w     .     b     . |    |     8     9    10    11|
| w     .     .     .    |    | 12    13    14    15   |
|    .     .     .     . |    |    16    17    18    19|
| .     .     w     .    |    | 20    21    22    23   |
|    .     w     .     w |    |    24    25    26    27|
| w     w     .     .    |    | 28    29    30    31   |
'------------------------'    '------------------------'

Black's turn to play.
Possible moves :
10-15
2-6
10-14
7-11

Chosen move : 
7-11
,------------------------,    ,------------------------,
|    W     .     b     b |    |     0     1     2     3|
| .     .     .     .    |    |  4     5     6     7   |
|    w     .     b     b |    |     8     9    10    11|
| w     .     .     .    |    | 12    13    14    15   |
|    .     .     .     . |    |    16    17    18    19|
| .     .     w     .    |    | 20    21    22    23   |
|    .     w     .     w |    |    24    25    26    27|
| w     w     .     .    |    | 28    29    30    31   |
'------------------------'    '------------------------'

White's turn to play.
Possible moves :
8-4
0-4
22-18
28-24
8-5
0-5
29-24
25-21
22-17
27-23

Chosen move : 
8-4
,------------------------,    ,------------------------,
|    W     .     b     b |    |     0     1     2     3|
| w     .     .     .    |    |  4     5     6     7   |
|    .     .     b     b |    |     8     9    10    11|
| w     .     .     .    |    | 12    13    14    15   |
|    .     .     .     . |    |    16    17    18    19|
| .     .     w     .    |    | 20    21    22    23   |
|    .     w     .     w |    |    24    25    26    27|
| w     w     .     .    |    | 28    29    30    31   |
'------------------------'    '------------------------'

Black's turn to play.
Possible moves :
2-7
3-7
11-15
10-15
10-14
2-6

Chosen move : 
2-6
,------------------------,    ,------------------------,
|    W     .     .     b |    |     0     1     2     3|
| w     .     b     .    |    |  4     5     6     7   |
|    .     .     b     b |    |     8     9    10    11|
| w     .     .     .    |    | 12    13    14    15   |
|    .     .     .     . |    |    16    17    18    19|
| .     .     w     .    |    | 20    21    22    23   |
|    .     w     .     w |    |    24    25    26    27|
| w     w     .     .    |    | 28    29    30    31   |
'------------------------'    '------------------------'

White's turn to play.
Possible moves :
0-5
25-21
27-23
22-18
12-8
22-17
29-24
28-24

Chosen move : 
0-5
,------------------------,    ,------------------------,
|    .     .     .     b |    |     0     1     2     3|
| w     W     b     .    |    |  4     5     6     7   |
|    .     .     b     b |    |     8     9    10    11|
| w     .     .     .    |    | 12    13    14    15   |
|    .     .     .     . |    |    16    17    18    19|
| .     .     w     .    |    | 20    21    22    23   |
|    .     w     .     w |    |    24    25    26    27|
| w     w     .     .    |    | 28    29    30    31   |
'------------------------'    '------------------------'

Black's turn to play.
Possible moves :
6-9
10-15
11-15
3-7
10-14

Chosen move : 
10-15
,------------------------,    ,------------------------,
|    .     .     .     b |    |     0     1     2     3|
| w     W     b     .    |    |  4     5     6     7   |
|    .     .     .     b |    |     8     9    10    11|
| w     .     .     b    |    | 12    13    14    15   |
|    .     .     .     . |    |    16    17    18    19|
| .     .     w     .    |    | 20    21    22    23   |
|    .     w     .     w |    |    24    25    26    27|
| w     w     .     .    |    | 28    29    30    31   |
'------------------------'    '------------------------'

White's turn to play.
Possible moves :
5-1
5-0
27-23
5-9
22-18
12-8
28-24
5-8
25-21
22-17
29-24
4-0

Chosen move : 
5-1
,------------------------,    ,------------------------,
|    .     W     .     b |    |     0     1     2     3|
| w     .     b     .    |    |  4     5     6     7   |
|    .     .     .     b |    |     8     9    10    11|
| w     .     .     b    |    | 12    13    14    15   |
|    .     .     .     . |    |    16    17    18    19|
| .     .     w     .    |    | 20    21    22    23   |
|    .     w     .     w |    |    24    25    26    27|
| w     w     .     .    |    | 28    29    30    31   |
'------------------------'    '------------------------'

Black's turn to play.
Possible moves :
3-7
15-19
15-18
6-10
6-9

Chosen move : 
6-10
,------------------------,    ,------------------------,
|    .     W     .     b |    |     0     1     2     3|
| w     .     .     .    |    |  4     5     6     7   |
|    .     .     b     b |    |     8     9    10    11|
| w     .     .     b    |    | 12    13    14    15   |
|    .     .     .     . |    |    16    17    18    19|
| .     .     w     .    |    | 20    21    22    23   |
|    .     w     .     w |    |    24    25    26    27|
| w     w     .     .    |    | 28    29    30    31   |
'------------------------'    '------------------------'

White's turn to play.
Possible moves :
25-21
1-5
4-0
22-18
28-24
1-6
27-23
22-17
29-24
12-8

Chosen move : 
22-18
,------------------------,    ,------------------------,
|    .     W     .     b |    |     0     1     2     3|
| w     .     .     .    |    |  4     5     6     7   |
|    .     .     b     b |    |     8     9    10    11|
| w     .     .     b    |    | 12    13    14    15   |
|    .     .     w     . |    |    16    17    18    19|
| .     .     .     .    |    | 20    21    22    23   |
|    .     w     .     w |    |    24    25    26    27|
| w     w     .     .    |    | 28    29    30    31   |
'------------------------'    '------------------------'

Black's turn to play.
Possible moves :
15x22

Chosen move : 
15x22
,------------------------,    ,------------------------,
|    .     W     .     b |    |     0     1     2     3|
| w     .     .     .    |    |  4     5     6     7   |
|    .     .     b     b |    |     8     9    10    11|
| w     .     .     .    |    | 12    13    14    15   |
|    .     .     .     . |    |    16    17    18    19|
| .     .     b     .    |    | 20    21    22    23   |
|    .     w     .     w |    |    24    25    26    27|
| w     w     .     .    |    | 28    29    30    31   |
'------------------------'    '------------------------'

White's turn to play.
Possible moves :
25x18

Chosen move : 
25x18
,------------------------,    ,------------------------,
|    .     W     .     b |    |     0     1     2     3|
| w     .     .     .    |    |  4     5     6     7   |
|    .     .     b     b |    |     8     9    10    11|
| w     .     .     .    |    | 12    13    14    15   |
|    .     .     w     . |    |    16    17    18    19|
| .     .     .     .    |    | 20    21    22    23   |
|    .     .     .     w |    |    24    25    26    27|
| w     w     .     .    |    | 28    29    30    31   |
'------------------------'    '------------------------'

Black's turn to play.
Possible moves :
10-15
10-14
11-15
3-7

Chosen move : 
10-15
,------------------------,    ,------------------------,
|    .     W     .     b |    |     0     1     2     3|
| w     .     .     .    |    |  4     5     6     7   |
|    .     .     .     b |    |     8     9    10    11|
| w     .     .     b    |    | 12    13    14    15   |
|    .     .     w     . |    |    16    17    18    19|
| .     .     .     .    |    | 20    21    22    23   |
|    .     .     .     w |    |    24    25    26    27|
| w     w     .     .    |    | 28    29    30    31   |
'------------------------'    '------------------------'

White's turn to play.
Possible moves :
12-8
28-24
27-23
1-5
18-14
1-6
29-25
4-0
29-24

Chosen move : 
18-14
,------------------------,    ,------------------------,
|    .     W     .     b |    |     0     1     2     3|
| w     .     .     .    |    |  4     5     6     7   |
|    .     .     .     b |    |     8     9    10    11|
| w     .     w     b    |    | 12    13    14    15   |
|    .     .     .     . |    |    16    17    18    19|
| .     .     .     .    |    | 20    21    22    23   |
|    .     .     .     w |    |    24    25    26    27|
| w     w     .     .    |    | 28    29    30    31   |
'------------------------'    '------------------------'

Black's turn to play.
Possible moves :
15-18
3-7
15-19

Chosen move : 
15-19
,------------------------,    ,------------------------,
|    .     W     .     b |    |     0     1     2     3|
| w     .     .     .    |    |  4     5     6     7   |
|    .     .     .     b |    |     8     9    10    11|
| w     .     w     .    |    | 12    13    14    15   |
|    .     .     .     b |    |    16    17    18    19|
| .     .     .     .    |    | 20    21    22    23   |
|    .     .     .     w |    |    24    25    26    27|
| w     w     .     .    |    | 28    29    30    31   |
'------------------------'    '------------------------'

White's turn to play.
Possible moves :
12-8
1-6
4-0
27-23
29-24
28-24
14-10
1-5
14-9
29-25

Chosen move : 
12-8
,------------------------,    ,------------------------,
|    .     W     .     b |    |     0     1     2     3|
| w     .     .     .    |    |  4     5     6     7   |
|    w     .     .     b |    |     8     9    10    11|
| .     .     w     .    |    | 12    13    14    15   |
|    .     .     .     b |    |    16    17    18    19|
| .     .     .     .    |    | 20    21    22    23   |
|    .     .     .     w |    |    24    25    26    27|
| w     w     .     .    |    | 28    29    30    31   |
'------------------------'    '------------------------'

Black's turn to play.
Possible moves :
3-7
19-23
11-15

Chosen move : 
11-15
,------------------------,    ,------------------------,
|    .     W     .     b |    |     0     1     2     3|
| w     .     .     .    |    |  4     5     6     7   |
|    w     .     .     . |    |     8     9    10    11|
| .     .     w     b    |    | 12    13    14    15   |
|    .     .     .     b |    |    16    17    18    19|
| .     .     .     .    |    | 20    21    22    23   |
|    .     .     .     w |    |    24    25    26    27|
| w     w     .     .    |    | 28    29    30    31   |
'------------------------'    '------------------------'

White's turn to play.
Possible moves :
1-5
8-5
28-24
1-6
27-23
14-10
29-25
14-9
4-0
29-24

Chosen move : 
14-10
,------------------------,    ,------------------------,
|    .     W     .     b |    |     0     1     2     3|
| w     .     .     .    |    |  4     5     6     7   |
|    w     .     w     . |    |     8     9    10    11|
| .     .     .     b    |    | 12    13    14    15   |
|    .     .     .     b |    |    16    17    18    19|
| .     .     .     .    |    | 20    21    22    23   |
|    .     .     .     w |    |    24    25    26    27|
| w     w     .     .    |    | 28    29    30    31   |
'------------------------'    '------------------------'

Black's turn to play.
Possible moves :
15x6

Chosen move : 
15x6
,------------------------,    ,------------------------,
|    .     W     .     b |    |     0     1     2     3|
| w     .     b     .    |    |  4     5     6     7   |
|    w     .     .     . |    |     8     9    10    11|
| .     .     .     .    |    | 12    13    14    15   |
|    .     .     .     b |    |    16    17    18    19|
| .     .     .     .    |    | 20    21    22    23   |
|    .     .     .     w |    |    24    25    26    27|
| w     w     .     .    |    | 28    29    30    31   |
'------------------------'    '------------------------'

White's turn to play.
Possible moves :
1x10

Chosen move : 
1x10
,------------------------,    ,------------------------,
|    .     .     .     b |    |     0     1     2     3|
| w     .     .     .    |    |  4     5     6     7   |
|    w     .     W     . |    |     8     9    10    11|
| .     .     .     .    |    | 12    13    14    15   |
|    .     .     .     b |    |    16    17    18    19|
| .     .     .     .    |    | 20    21    22    23   |
|    .     .     .     w |    |    24    25    26    27|
| w     w     .     .    |    | 28    29    30    31   |
'------------------------'    '------------------------'

Black's turn to play.
Possible moves :
19-23
3-7

Chosen move : 
19-23
,------------------------,    ,------------------------,
|    .     .     .     b |    |     0     1     2     3|
| w     .     .     .    |    |  4     5     6     7   |
|    w     .     W     . |    |     8     9    10    11|
| .     .     .     .    |    | 12    13    14    15   |
|    .     .     .     . |    |    16    17    18    19|
| .     .     .     b    |    | 20    21    22    23   |
|    .     .     .     w |    |    24    25    26    27|
| w     w     .     .    |    | 28    29    30    31   |
'------------------------'    '------------------------'

White's turn to play.
Possible moves :
27x18

Chosen move : 
27x18
,------------------------,    ,------------------------,
|    .     .     .     b |    |     0     1     2     3|
| w     .     .     .    |    |  4     5     6     7   |
|    w     .     W     . |    |     8     9    10    11|
| .     .     .     .    |    | 12    13    14    15   |
|    .     .     w     . |    |    16    17    18    19|
| .     .     .     .    |    | 20    21    22    23   |
|    .     .     .     . |    |    24    25    26    27|
| w     w     .     .    |    | 28    29    30    31   |
'------------------------'    '------------------------'

Black's turn to play.
Possible moves :
3-7

Chosen move : 
3-7
,------------------------,    ,------------------------,
|    .     .     .     . |    |     0     1     2     3|
| w     .     .     b    |    |  4     5     6     7   |
|    w     .     W     . |    |     8     9    10    11|
| .     .     .     .    |    | 12    13    14    15   |
|    .     .     w     . |    |    16    17    18    19|
| .     .     .     .    |    | 20    21    22    23   |
|    .     .     .     . |    |    24    25    26    27|
| w     w     .     .    |    | 28    29    30    31   |
'------------------------'    '------------------------'

White's turn to play.
Possible moves :
10x3

Chosen move : 
10x3
,------------------------,    ,------------------------,
|    .     .     .     W |    |     0     1     2     3|
| w     .     .     .    |    |  4     5     6     7   |
|    w     .     .     . |    |     8     9    10    11|
| .     .     .     .    |    | 12    13    14    15   |
|    .     .     w     . |    |    16    17    18    19|
| .     .     .     .    |    | 20    21    22    23   |
|    .     .     .     . |    |    24    25    26    27|
| w     w     .     .    |    | 28    29    30    31   |
'------------------------'    '------------------------'

Black's turn to play.
End of Game !

#PDN#
[Event "IN104 CS Project"]
[Site "ENSTA ParisTech, Palaiseau, FRA"]
[GameType “21,W,8,8,N2,0”] {Whites begin}
[Date "Tue Mar 29 16:14:06 2016"]
[Round "?"]
[White "Master minmax"]
[WhiteType "Program"]
[Black "Random Guesser"]
[BlackType "Program"]
[Result "1-0"] {White (Master minmax) wins}
[WhiteTime "6.046761751174927"]
[BlackTime "0.022287607192993164"]

1.21-16 8-12 2.24-21 4-8 3.23-19 10-14 4.22-17 14-18 5.16-13 9x16 6.20x13x4 11-15 7.19x10 6x15 8.26-23 1-6 9.23x14 5-9 10.14x5 0x9 11.30-26 15-19 12.26-23 19x26 13.31x22 12-16 14.21x12 9-13 15.17x8 6-10 16.4-0 7-11 17.8-4 2-6 18.0-5 10-15 19.5-1 6-10 20.22-18 15x22 21.25x18 10-15 22.18-14 15-19 23.12-8 11-15 24.14-10 15x6 25.1x10 19-23 26.27x18 3-7 27.10x3  1-0 *
