Beginning of the game
,------------------------,    ,------------------------,
|    b     b     b     b |    |     0     1     2     3|
| b     b     b     b    |    |  4     5     6     7   |
|    b     b     b     b |    |     8     9    10    11|
| .     .     .     .    |    | 12    13    14    15   |
|    .     .     .     . |    |    16    17    18    19|
| w     w     w     w    |    | 20    21    22    23   |
|    w     w     w     w |    |    24    25    26    27|
| w     w     w     w    |    | 28    29    30    31   |
'------------------------'    '------------------------'

White's turn to play.
Possible moves :
21-16
23-19
20-16
21-17
22-17
23-18
22-18

Chosen move : 
21-16
,------------------------,    ,------------------------,
|    b     b     b     b |    |     0     1     2     3|
| b     b     b     b    |    |  4     5     6     7   |
|    b     b     b     b |    |     8     9    10    11|
| .     .     .     .    |    | 12    13    14    15   |
|    w     .     .     . |    |    16    17    18    19|
| w     .     w     w    |    | 20    21    22    23   |
|    w     w     w     w |    |    24    25    26    27|
| w     w     w     w    |    | 28    29    30    31   |
'------------------------'    '------------------------'

Black's turn to play.
Possible moves :
8-12
8-13
11-15
9-13
10-14
10-15
9-14

Chosen move : 
10-14
,------------------------,    ,------------------------,
|    b     b     b     b |    |     0     1     2     3|
| b     b     b     b    |    |  4     5     6     7   |
|    b     b     .     b |    |     8     9    10    11|
| .     .     b     .    |    | 12    13    14    15   |
|    w     .     .     . |    |    16    17    18    19|
| w     .     w     w    |    | 20    21    22    23   |
|    w     w     w     w |    |    24    25    26    27|
| w     w     w     w    |    | 28    29    30    31   |
'------------------------'    '------------------------'

White's turn to play.
Possible moves :
16-13
23-18
23-19
16-12
25-21
22-17
24-21
22-18

Chosen move : 
23-19
,------------------------,    ,------------------------,
|    b     b     b     b |    |     0     1     2     3|
| b     b     b     b    |    |  4     5     6     7   |
|    b     b     .     b |    |     8     9    10    11|
| .     .     b     .    |    | 12    13    14    15   |
|    w     .     .     w |    |    16    17    18    19|
| w     .     w     .    |    | 20    21    22    23   |
|    w     w     w     w |    |    24    25    26    27|
| w     w     w     w    |    | 28    29    30    31   |
'------------------------'    '------------------------'

Black's turn to play.
Possible moves :
8-12
6-10
7-10
8-13
14-18
14-17
9-13
11-15

Chosen move : 
9-13
,------------------------,    ,------------------------,
|    b     b     b     b |    |     0     1     2     3|
| b     b     b     b    |    |  4     5     6     7   |
|    b     .     .     b |    |     8     9    10    11|
| .     b     b     .    |    | 12    13    14    15   |
|    w     .     .     w |    |    16    17    18    19|
| w     .     w     .    |    | 20    21    22    23   |
|    w     w     w     w |    |    24    25    26    27|
| w     w     w     w    |    | 28    29    30    31   |
'------------------------'    '------------------------'

White's turn to play.
Possible moves :
16x9x18

Chosen move : 
16x9x18
,------------------------,    ,------------------------,
|    b     b     b     b |    |     0     1     2     3|
| b     b     b     b    |    |  4     5     6     7   |
|    b     .     .     b |    |     8     9    10    11|
| .     .     .     .    |    | 12    13    14    15   |
|    .     .     w     w |    |    16    17    18    19|
| w     .     w     .    |    | 20    21    22    23   |
|    w     w     w     w |    |    24    25    26    27|
| w     w     w     w    |    | 28    29    30    31   |
'------------------------'    '------------------------'

Black's turn to play.
Possible moves :
5-9
6-10
11-15
8-13
8-12
6-9
7-10

Chosen move : 
11-15
,------------------------,    ,------------------------,
|    b     b     b     b |    |     0     1     2     3|
| b     b     b     b    |    |  4     5     6     7   |
|    b     .     .     . |    |     8     9    10    11|
| .     .     .     b    |    | 12    13    14    15   |
|    .     .     w     w |    |    16    17    18    19|
| w     .     w     .    |    | 20    21    22    23   |
|    w     w     w     w |    |    24    25    26    27|
| w     w     w     w    |    | 28    29    30    31   |
'------------------------'    '------------------------'

White's turn to play.
Possible moves :
18x11
19x10

Chosen move : 
18x11
,------------------------,    ,------------------------,
|    b     b     b     b |    |     0     1     2     3|
| b     b     b     b    |    |  4     5     6     7   |
|    b     .     .     w |    |     8     9    10    11|
| .     .     .     .    |    | 12    13    14    15   |
|    .     .     .     w |    |    16    17    18    19|
| w     .     w     .    |    | 20    21    22    23   |
|    w     w     w     w |    |    24    25    26    27|
| w     w     w     w    |    | 28    29    30    31   |
'------------------------'    '------------------------'

Black's turn to play.
Possible moves :
6-10
5-9
7-10
8-12
8-13
6-9

Chosen move : 
5-9
,------------------------,    ,------------------------,
|    b     b     b     b |    |     0     1     2     3|
| b     .     b     b    |    |  4     5     6     7   |
|    b     b     .     w |    |     8     9    10    11|
| .     .     .     .    |    | 12    13    14    15   |
|    .     .     .     w |    |    16    17    18    19|
| w     .     w     .    |    | 20    21    22    23   |
|    w     w     w     w |    |    24    25    26    27|
| w     w     w     w    |    | 28    29    30    31   |
'------------------------'    '------------------------'

White's turn to play.
Possible moves :
25-21
22-18
27-23
22-17
20-16
24-21
19-15
26-23

Chosen move : 
25-21
,------------------------,    ,------------------------,
|    b     b     b     b |    |     0     1     2     3|
| b     .     b     b    |    |  4     5     6     7   |
|    b     b     .     w |    |     8     9    10    11|
| .     .     .     .    |    | 12    13    14    15   |
|    .     .     .     w |    |    16    17    18    19|
| w     w     w     .    |    | 20    21    22    23   |
|    w     .     w     w |    |    24    25    26    27|
| w     w     w     w    |    | 28    29    30    31   |
'------------------------'    '------------------------'

Black's turn to play.
Possible moves :
9-13
9-14
0-5
6-10
7-10
8-12
8-13
1-5

Chosen move : 
1-5
,------------------------,    ,------------------------,
|    b     .     b     b |    |     0     1     2     3|
| b     b     b     b    |    |  4     5     6     7   |
|    b     b     .     w |    |     8     9    10    11|
| .     .     .     .    |    | 12    13    14    15   |
|    .     .     .     w |    |    16    17    18    19|
| w     w     w     .    |    | 20    21    22    23   |
|    w     .     w     w |    |    24    25    26    27|
| w     w     w     w    |    | 28    29    30    31   |
'------------------------'    '------------------------'

White's turn to play.
Possible moves :
21-17
26-23
30-25
29-25
21-16
22-17
22-18
27-23
19-15
20-16

Chosen move : 
21-17
,------------------------,    ,------------------------,
|    b     .     b     b |    |     0     1     2     3|
| b     b     b     b    |    |  4     5     6     7   |
|    b     b     .     w |    |     8     9    10    11|
| .     .     .     .    |    | 12    13    14    15   |
|    .     w     .     w |    |    16    17    18    19|
| w     .     w     .    |    | 20    21    22    23   |
|    w     .     w     w |    |    24    25    26    27|
| w     w     w     w    |    | 28    29    30    31   |
'------------------------'    '------------------------'

Black's turn to play.
Possible moves :
8-13
6-10
9-14
7-10
8-12
9-13

Chosen move : 
6-10
,------------------------,    ,------------------------,
|    b     .     b     b |    |     0     1     2     3|
| b     b     .     b    |    |  4     5     6     7   |
|    b     b     b     w |    |     8     9    10    11|
| .     .     .     .    |    | 12    13    14    15   |
|    .     w     .     w |    |    16    17    18    19|
| w     .     w     .    |    | 20    21    22    23   |
|    w     .     w     w |    |    24    25    26    27|
| w     w     w     w    |    | 28    29    30    31   |
'------------------------'    '------------------------'

White's turn to play.
Possible moves :
20-16
17-13
27-23
24-21
22-18
30-25
17-14
29-25
19-15
26-23

Chosen move : 
20-16
,------------------------,    ,------------------------,
|    b     .     b     b |    |     0     1     2     3|
| b     b     .     b    |    |  4     5     6     7   |
|    b     b     b     w |    |     8     9    10    11|
| .     .     .     .    |    | 12    13    14    15   |
|    w     w     .     w |    |    16    17    18    19|
| .     .     w     .    |    | 20    21    22    23   |
|    w     .     w     w |    |    24    25    26    27|
| w     w     w     w    |    | 28    29    30    31   |
'------------------------'    '------------------------'

Black's turn to play.
Possible moves :
9-14
9-13
8-13
10-15
2-6
8-12
10-14

Chosen move : 
2-6
,------------------------,    ,------------------------,
|    b     .     .     b |    |     0     1     2     3|
| b     b     b     b    |    |  4     5     6     7   |
|    b     b     b     w |    |     8     9    10    11|
| .     .     .     .    |    | 12    13    14    15   |
|    w     w     .     w |    |    16    17    18    19|
| .     .     w     .    |    | 20    21    22    23   |
|    w     .     w     w |    |    24    25    26    27|
| w     w     w     w    |    | 28    29    30    31   |
'------------------------'    '------------------------'

White's turn to play.
Possible moves :
11x2

Chosen move : 
11x2
,------------------------,    ,------------------------,
|    b     .     W     b |    |     0     1     2     3|
| b     b     b     .    |    |  4     5     6     7   |
|    b     b     b     . |    |     8     9    10    11|
| .     .     .     .    |    | 12    13    14    15   |
|    w     w     .     w |    |    16    17    18    19|
| .     .     w     .    |    | 20    21    22    23   |
|    w     .     w     w |    |    24    25    26    27|
| w     w     w     w    |    | 28    29    30    31   |
'------------------------'    '------------------------'

Black's turn to play.
Possible moves :
9-14
10-15
9-13
3-7
10-14
8-13
8-12

Chosen move : 
10-14
,------------------------,    ,------------------------,
|    b     .     W     b |    |     0     1     2     3|
| b     b     b     .    |    |  4     5     6     7   |
|    b     b     .     . |    |     8     9    10    11|
| .     .     b     .    |    | 12    13    14    15   |
|    w     w     .     w |    |    16    17    18    19|
| .     .     w     .    |    | 20    21    22    23   |
|    w     .     w     w |    |    24    25    26    27|
| w     w     w     w    |    | 28    29    30    31   |
'------------------------'    '------------------------'

White's turn to play.
Possible moves :
17x10x1

Chosen move : 
17x10x1
,------------------------,    ,------------------------,
|    b     W     W     b |    |     0     1     2     3|
| b     b     .     .    |    |  4     5     6     7   |
|    b     b     .     . |    |     8     9    10    11|
| .     .     .     .    |    | 12    13    14    15   |
|    w     .     .     w |    |    16    17    18    19|
| .     .     w     .    |    | 20    21    22    23   |
|    w     .     w     w |    |    24    25    26    27|
| w     w     w     w    |    | 28    29    30    31   |
'------------------------'    '------------------------'

Black's turn to play.
Possible moves :
9-13
8-13
3-7
9-14
8-12

Chosen move : 
8-12
,------------------------,    ,------------------------,
|    b     W     W     b |    |     0     1     2     3|
| b     b     .     .    |    |  4     5     6     7   |
|    .     b     .     . |    |     8     9    10    11|
| b     .     .     .    |    | 12    13    14    15   |
|    w     .     .     w |    |    16    17    18    19|
| .     .     w     .    |    | 20    21    22    23   |
|    w     .     w     w |    |    24    25    26    27|
| w     w     w     w    |    | 28    29    30    31   |
'------------------------'    '------------------------'

White's turn to play.
Possible moves :
1x8

Chosen move : 
1x8
,------------------------,    ,------------------------,
|    b     .     W     b |    |     0     1     2     3|
| b     .     .     .    |    |  4     5     6     7   |
|    W     b     .     . |    |     8     9    10    11|
| b     .     .     .    |    | 12    13    14    15   |
|    w     .     .     w |    |    16    17    18    19|
| .     .     w     .    |    | 20    21    22    23   |
|    w     .     w     w |    |    24    25    26    27|
| w     w     w     w    |    | 28    29    30    31   |
'------------------------'    '------------------------'

Black's turn to play.
Possible moves :
4x13x20

Chosen move : 
4x13x20
,------------------------,    ,------------------------,
|    b     .     W     b |    |     0     1     2     3|
| .     .     .     .    |    |  4     5     6     7   |
|    .     b     .     . |    |     8     9    10    11|
| b     .     .     .    |    | 12    13    14    15   |
|    .     .     .     w |    |    16    17    18    19|
| b     .     w     .    |    | 20    21    22    23   |
|    w     .     w     w |    |    24    25    26    27|
| w     w     w     w    |    | 28    29    30    31   |
'------------------------'    '------------------------'

White's turn to play.
Possible moves :
30-25
19-15
29-25
24-21
2-6
22-18
2-7
27-23
26-23
22-17

Chosen move : 
30-25
,------------------------,    ,------------------------,
|    b     .     W     b |    |     0     1     2     3|
| .     .     .     .    |    |  4     5     6     7   |
|    .     b     .     . |    |     8     9    10    11|
| b     .     .     .    |    | 12    13    14    15   |
|    .     .     .     w |    |    16    17    18    19|
| b     .     w     .    |    | 20    21    22    23   |
|    w     w     w     w |    |    24    25    26    27|
| w     w     .     w    |    | 28    29    30    31   |
'------------------------'    '------------------------'

Black's turn to play.
Possible moves :
0-5
0-4
9-13
3-7
12-16
9-14

Chosen move : 
0-5
,------------------------,    ,------------------------,
|    .     .     W     b |    |     0     1     2     3|
| .     b     .     .    |    |  4     5     6     7   |
|    .     b     .     . |    |     8     9    10    11|
| b     .     .     .    |    | 12    13    14    15   |
|    .     .     .     w |    |    16    17    18    19|
| b     .     w     .    |    | 20    21    22    23   |
|    w     w     w     w |    |    24    25    26    27|
| w     w     .     w    |    | 28    29    30    31   |
'------------------------'    '------------------------'

White's turn to play.
Possible moves :
27-23
26-23
22-18
25-21
24-21
2-6
22-17
2-7
19-15

Chosen move : 
27-23
,------------------------,    ,------------------------,
|    .     .     W     b |    |     0     1     2     3|
| .     b     .     .    |    |  4     5     6     7   |
|    .     b     .     . |    |     8     9    10    11|
| b     .     .     .    |    | 12    13    14    15   |
|    .     .     .     w |    |    16    17    18    19|
| b     .     w     w    |    | 20    21    22    23   |
|    w     w     w     . |    |    24    25    26    27|
| w     w     .     w    |    | 28    29    30    31   |
'------------------------'    '------------------------'

Black's turn to play.
Possible moves :
9-13
12-16
5-8
9-14
3-7

Chosen move : 
9-13
,------------------------,    ,------------------------,
|    .     .     W     b |    |     0     1     2     3|
| .     b     .     .    |    |  4     5     6     7   |
|    .     .     .     . |    |     8     9    10    11|
| b     b     .     .    |    | 12    13    14    15   |
|    .     .     .     w |    |    16    17    18    19|
| b     .     w     w    |    | 20    21    22    23   |
|    w     w     w     . |    |    24    25    26    27|
| w     w     .     w    |    | 28    29    30    31   |
'------------------------'    '------------------------'

White's turn to play.
Possible moves :
22-17
23-18
22-18
31-27
19-15
2-6
24-21
2-7
25-21

Chosen move : 
23-18
,------------------------,    ,------------------------,
|    .     .     W     b |    |     0     1     2     3|
| .     b     .     .    |    |  4     5     6     7   |
|    .     .     .     . |    |     8     9    10    11|
| b     b     .     .    |    | 12    13    14    15   |
|    .     .     w     w |    |    16    17    18    19|
| b     .     w     .    |    | 20    21    22    23   |
|    w     w     w     . |    |    24    25    26    27|
| w     w     .     w    |    | 28    29    30    31   |
'------------------------'    '------------------------'

Black's turn to play.
Possible moves :
5-8
13-16
3-7
5-9
12-16
13-17

Chosen move : 
13-16
,------------------------,    ,------------------------,
|    .     .     W     b |    |     0     1     2     3|
| .     b     .     .    |    |  4     5     6     7   |
|    .     .     .     . |    |     8     9    10    11|
| b     .     .     .    |    | 12    13    14    15   |
|    b     .     w     w |    |    16    17    18    19|
| b     .     w     .    |    | 20    21    22    23   |
|    w     w     w     . |    |    24    25    26    27|
| w     w     .     w    |    | 28    29    30    31   |
'------------------------'    '------------------------'

White's turn to play.
Possible moves :
24-21
2-6
19-15
2-7
31-27
25-21
18-14
26-23
18-15
22-17

Chosen move : 
24-21
,------------------------,    ,------------------------,
|    .     .     W     b |    |     0     1     2     3|
| .     b     .     .    |    |  4     5     6     7   |
|    .     .     .     . |    |     8     9    10    11|
| b     .     .     .    |    | 12    13    14    15   |
|    b     .     w     w |    |    16    17    18    19|
| b     w     w     .    |    | 20    21    22    23   |
|    .     w     w     . |    |    24    25    26    27|
| w     w     .     w    |    | 28    29    30    31   |
'------------------------'    '------------------------'

Black's turn to play.
Possible moves :
5-9
20-24
5-8
3-7

Chosen move : 
20-24
,------------------------,    ,------------------------,
|    .     .     W     b |    |     0     1     2     3|
| .     b     .     .    |    |  4     5     6     7   |
|    .     .     .     . |    |     8     9    10    11|
| b     .     .     .    |    | 12    13    14    15   |
|    b     .     w     w |    |    16    17    18    19|
| .     w     w     .    |    | 20    21    22    23   |
|    b     w     w     . |    |    24    25    26    27|
| w     w     .     w    |    | 28    29    30    31   |
'------------------------'    '------------------------'

White's turn to play.
Possible moves :
29x20x13

Chosen move : 
29x20x13
,------------------------,    ,------------------------,
|    .     .     W     b |    |     0     1     2     3|
| .     b     .     .    |    |  4     5     6     7   |
|    .     .     .     . |    |     8     9    10    11|
| b     w     .     .    |    | 12    13    14    15   |
|    .     .     w     w |    |    16    17    18    19|
| .     w     w     .    |    | 20    21    22    23   |
|    .     w     w     . |    |    24    25    26    27|
| w     .     .     w    |    | 28    29    30    31   |
'------------------------'    '------------------------'

Black's turn to play.
Possible moves :
12-16
5-8
3-7
5-9

Chosen move : 
3-7
,------------------------,    ,------------------------,
|    .     .     W     . |    |     0     1     2     3|
| .     b     .     b    |    |  4     5     6     7   |
|    .     .     .     . |    |     8     9    10    11|
| b     w     .     .    |    | 12    13    14    15   |
|    .     .     w     w |    |    16    17    18    19|
| .     w     w     .    |    | 20    21    22    23   |
|    .     w     w     . |    |    24    25    26    27|
| w     .     .     w    |    | 28    29    30    31   |
'------------------------'    '------------------------'

White's turn to play.
Possible moves :
2x11

Chosen move : 
2x11
,------------------------,    ,------------------------,
|    .     .     .     . |    |     0     1     2     3|
| .     b     .     .    |    |  4     5     6     7   |
|    .     .     .     W |    |     8     9    10    11|
| b     w     .     .    |    | 12    13    14    15   |
|    .     .     w     w |    |    16    17    18    19|
| .     w     w     .    |    | 20    21    22    23   |
|    .     w     w     . |    |    24    25    26    27|
| w     .     .     w    |    | 28    29    30    31   |
'------------------------'    '------------------------'

Black's turn to play.
Possible moves :
12-16
5-9
5-8

Chosen move : 
5-9
,------------------------,    ,------------------------,
|    .     .     .     . |    |     0     1     2     3|
| .     .     .     .    |    |  4     5     6     7   |
|    .     b     .     W |    |     8     9    10    11|
| b     w     .     .    |    | 12    13    14    15   |
|    .     .     w     w |    |    16    17    18    19|
| .     w     w     .    |    | 20    21    22    23   |
|    .     w     w     . |    |    24    25    26    27|
| w     .     .     w    |    | 28    29    30    31   |
'------------------------'    '------------------------'

White's turn to play.
Possible moves :
13x6

Chosen move : 
13x6
,------------------------,    ,------------------------,
|    .     .     .     . |    |     0     1     2     3|
| .     .     w     .    |    |  4     5     6     7   |
|    .     .     .     W |    |     8     9    10    11|
| b     .     .     .    |    | 12    13    14    15   |
|    .     .     w     w |    |    16    17    18    19|
| .     w     w     .    |    | 20    21    22    23   |
|    .     w     w     . |    |    24    25    26    27|
| w     .     .     w    |    | 28    29    30    31   |
'------------------------'    '------------------------'

Black's turn to play.
Possible moves :
12-16

Chosen move : 
12-16
,------------------------,    ,------------------------,
|    .     .     .     . |    |     0     1     2     3|
| .     .     w     .    |    |  4     5     6     7   |
|    .     .     .     W |    |     8     9    10    11|
| .     .     .     .    |    | 12    13    14    15   |
|    b     .     w     w |    |    16    17    18    19|
| .     w     w     .    |    | 20    21    22    23   |
|    .     w     w     . |    |    24    25    26    27|
| w     .     .     w    |    | 28    29    30    31   |
'------------------------'    '------------------------'

White's turn to play.
Possible moves :
21x12

Chosen move : 
21x12
,------------------------,    ,------------------------,
|    .     .     .     . |    |     0     1     2     3|
| .     .     w     .    |    |  4     5     6     7   |
|    .     .     .     W |    |     8     9    10    11|
| w     .     .     .    |    | 12    13    14    15   |
|    .     .     w     w |    |    16    17    18    19|
| .     .     w     .    |    | 20    21    22    23   |
|    .     w     w     . |    |    24    25    26    27|
| w     .     .     w    |    | 28    29    30    31   |
'------------------------'    '------------------------'

Black's turn to play.
End of Game !

#PDN#
[Event "IN104 CS Project"]
[Site "ENSTA ParisTech, Palaiseau, FRA"]
[GameType “21,W,8,8,N2,0”] {Whites begin}
[Date "Sat Apr  2 15:25:19 2016"]
[Round "?"]
[White "Master minmax"]
[WhiteType "Program"]
[Black "Random Guesser"]
[BlackType "Program"]
[Result "1-0"] {White (Master minmax) wins}
[WhiteTime "0.9835953712463379"]
[BlackTime "0.01644301414489746"]

1.21-16 10-14 2.23-19 9-13 3.16x9x18 11-15 4.18x11 5-9 5.25-21 1-5 6.21-17 6-10 7.20-16 2-6 8.11x2 10-14 9.17x10x1 8-12 10.1x8 4x13x20 11.30-25 0-5 12.27-23 9-13 13.23-18 13-16 14.24-21 20-24 15.29x20x13 3-7 16.2x11 5-9 17.13x6 12-16 18.21x12  1-0 *
